[2022-11-11T00:42:37.875+0000] {processor.py:156} INFO - Started process (PID=13736) to work on /home/airflow/.local/lib/python3.7/site-packages/airflow/example_dags/example_branch_python_dop_operator_3.py
[2022-11-11T00:42:37.879+0000] {processor.py:758} INFO - Processing file /home/airflow/.local/lib/python3.7/site-packages/airflow/example_dags/example_branch_python_dop_operator_3.py for tasks to queue
[2022-11-11T00:42:37.884+0000] {logging_mixin.py:117} INFO - [2022-11-11T00:42:37.884+0000] {dagbag.py:525} INFO - Filling up the DagBag from /home/airflow/.local/lib/python3.7/site-packages/airflow/example_dags/example_branch_python_dop_operator_3.py
[2022-11-11T00:42:38.023+0000] {processor.py:768} INFO - DAG(s) dict_keys(['example_branch_dop_operator_v3']) retrieved from /home/airflow/.local/lib/python3.7/site-packages/airflow/example_dags/example_branch_python_dop_operator_3.py
[2022-11-11T00:42:38.163+0000] {logging_mixin.py:117} INFO - [2022-11-11T00:42:38.163+0000] {dag.py:2573} INFO - Sync 1 DAGs
[2022-11-11T00:42:38.247+0000] {logging_mixin.py:117} INFO - [2022-11-11T00:42:38.247+0000] {dag.py:3328} INFO - Setting next_dagrun for example_branch_dop_operator_v3 to 2022-11-11T00:41:00+00:00, run_after=2022-11-11T00:42:00+00:00
[2022-11-11T00:42:38.285+0000] {processor.py:178} INFO - Processing /home/airflow/.local/lib/python3.7/site-packages/airflow/example_dags/example_branch_python_dop_operator_3.py took 0.422 seconds
[2022-11-11T02:27:47.977+0000] {processor.py:156} INFO - Started process (PID=13791) to work on /home/airflow/.local/lib/python3.7/site-packages/airflow/example_dags/example_branch_python_dop_operator_3.py
[2022-11-11T02:27:47.992+0000] {processor.py:758} INFO - Processing file /home/airflow/.local/lib/python3.7/site-packages/airflow/example_dags/example_branch_python_dop_operator_3.py for tasks to queue
[2022-11-11T02:27:48.001+0000] {logging_mixin.py:117} INFO - [2022-11-11T02:27:48.000+0000] {dagbag.py:525} INFO - Filling up the DagBag from /home/airflow/.local/lib/python3.7/site-packages/airflow/example_dags/example_branch_python_dop_operator_3.py
[2022-11-11T02:27:48.184+0000] {processor.py:768} INFO - DAG(s) dict_keys(['example_branch_dop_operator_v3']) retrieved from /home/airflow/.local/lib/python3.7/site-packages/airflow/example_dags/example_branch_python_dop_operator_3.py
[2022-11-11T02:27:48.389+0000] {logging_mixin.py:117} INFO - [2022-11-11T02:27:48.389+0000] {dag.py:2573} INFO - Sync 1 DAGs
[2022-11-11T02:27:48.442+0000] {logging_mixin.py:117} INFO - [2022-11-11T02:27:48.442+0000] {dag.py:3328} INFO - Setting next_dagrun for example_branch_dop_operator_v3 to 2022-11-11T02:26:00+00:00, run_after=2022-11-11T02:27:00+00:00
[2022-11-11T02:27:48.655+0000] {processor.py:178} INFO - Processing /home/airflow/.local/lib/python3.7/site-packages/airflow/example_dags/example_branch_python_dop_operator_3.py took 0.943 seconds
[2022-11-11T03:50:13.452+0000] {processor.py:156} INFO - Started process (PID=13846) to work on /home/airflow/.local/lib/python3.7/site-packages/airflow/example_dags/example_branch_python_dop_operator_3.py
[2022-11-11T03:50:13.459+0000] {processor.py:758} INFO - Processing file /home/airflow/.local/lib/python3.7/site-packages/airflow/example_dags/example_branch_python_dop_operator_3.py for tasks to queue
[2022-11-11T03:50:13.461+0000] {logging_mixin.py:117} INFO - [2022-11-11T03:50:13.461+0000] {dagbag.py:525} INFO - Filling up the DagBag from /home/airflow/.local/lib/python3.7/site-packages/airflow/example_dags/example_branch_python_dop_operator_3.py
[2022-11-11T03:50:13.541+0000] {processor.py:768} INFO - DAG(s) dict_keys(['example_branch_dop_operator_v3']) retrieved from /home/airflow/.local/lib/python3.7/site-packages/airflow/example_dags/example_branch_python_dop_operator_3.py
[2022-11-11T03:50:13.830+0000] {logging_mixin.py:117} INFO - [2022-11-11T03:50:13.830+0000] {dag.py:2573} INFO - Sync 1 DAGs
[2022-11-11T03:50:13.898+0000] {logging_mixin.py:117} INFO - [2022-11-11T03:50:13.898+0000] {dag.py:3328} INFO - Setting next_dagrun for example_branch_dop_operator_v3 to 2022-11-11T03:49:00+00:00, run_after=2022-11-11T03:50:00+00:00
[2022-11-11T03:50:13.950+0000] {processor.py:178} INFO - Processing /home/airflow/.local/lib/python3.7/site-packages/airflow/example_dags/example_branch_python_dop_operator_3.py took 0.508 seconds
[2022-11-11T05:13:03.089+0000] {processor.py:156} INFO - Started process (PID=13910) to work on /home/airflow/.local/lib/python3.7/site-packages/airflow/example_dags/example_branch_python_dop_operator_3.py
[2022-11-11T05:13:03.095+0000] {processor.py:758} INFO - Processing file /home/airflow/.local/lib/python3.7/site-packages/airflow/example_dags/example_branch_python_dop_operator_3.py for tasks to queue
[2022-11-11T05:13:03.106+0000] {logging_mixin.py:117} INFO - [2022-11-11T05:13:03.105+0000] {dagbag.py:525} INFO - Filling up the DagBag from /home/airflow/.local/lib/python3.7/site-packages/airflow/example_dags/example_branch_python_dop_operator_3.py
[2022-11-11T05:13:03.264+0000] {processor.py:768} INFO - DAG(s) dict_keys(['example_branch_dop_operator_v3']) retrieved from /home/airflow/.local/lib/python3.7/site-packages/airflow/example_dags/example_branch_python_dop_operator_3.py
[2022-11-11T05:13:03.596+0000] {logging_mixin.py:117} INFO - [2022-11-11T05:13:03.594+0000] {dag.py:2573} INFO - Sync 1 DAGs
[2022-11-11T05:13:03.821+0000] {logging_mixin.py:117} INFO - [2022-11-11T05:13:03.821+0000] {dag.py:3328} INFO - Setting next_dagrun for example_branch_dop_operator_v3 to 2022-11-11T05:12:00+00:00, run_after=2022-11-11T05:13:00+00:00
[2022-11-11T05:13:03.927+0000] {processor.py:178} INFO - Processing /home/airflow/.local/lib/python3.7/site-packages/airflow/example_dags/example_branch_python_dop_operator_3.py took 0.862 seconds
[2022-11-11T06:36:22.961+0000] {processor.py:156} INFO - Started process (PID=13965) to work on /home/airflow/.local/lib/python3.7/site-packages/airflow/example_dags/example_branch_python_dop_operator_3.py
[2022-11-11T06:36:22.964+0000] {processor.py:758} INFO - Processing file /home/airflow/.local/lib/python3.7/site-packages/airflow/example_dags/example_branch_python_dop_operator_3.py for tasks to queue
[2022-11-11T06:36:22.966+0000] {logging_mixin.py:117} INFO - [2022-11-11T06:36:22.966+0000] {dagbag.py:525} INFO - Filling up the DagBag from /home/airflow/.local/lib/python3.7/site-packages/airflow/example_dags/example_branch_python_dop_operator_3.py
[2022-11-11T06:36:23.014+0000] {processor.py:768} INFO - DAG(s) dict_keys(['example_branch_dop_operator_v3']) retrieved from /home/airflow/.local/lib/python3.7/site-packages/airflow/example_dags/example_branch_python_dop_operator_3.py
[2022-11-11T06:36:23.079+0000] {logging_mixin.py:117} INFO - [2022-11-11T06:36:23.079+0000] {dag.py:2573} INFO - Sync 1 DAGs
[2022-11-11T06:36:23.111+0000] {logging_mixin.py:117} INFO - [2022-11-11T06:36:23.111+0000] {dag.py:3328} INFO - Setting next_dagrun for example_branch_dop_operator_v3 to 2022-11-11T06:35:00+00:00, run_after=2022-11-11T06:36:00+00:00
[2022-11-11T06:36:23.140+0000] {processor.py:178} INFO - Processing /home/airflow/.local/lib/python3.7/site-packages/airflow/example_dags/example_branch_python_dop_operator_3.py took 0.184 seconds
[2022-11-11T07:56:56.493+0000] {processor.py:156} INFO - Started process (PID=14029) to work on /home/airflow/.local/lib/python3.7/site-packages/airflow/example_dags/example_branch_python_dop_operator_3.py
[2022-11-11T07:56:56.502+0000] {processor.py:758} INFO - Processing file /home/airflow/.local/lib/python3.7/site-packages/airflow/example_dags/example_branch_python_dop_operator_3.py for tasks to queue
[2022-11-11T07:56:56.504+0000] {logging_mixin.py:117} INFO - [2022-11-11T07:56:56.504+0000] {dagbag.py:525} INFO - Filling up the DagBag from /home/airflow/.local/lib/python3.7/site-packages/airflow/example_dags/example_branch_python_dop_operator_3.py
[2022-11-11T07:56:56.588+0000] {processor.py:768} INFO - DAG(s) dict_keys(['example_branch_dop_operator_v3']) retrieved from /home/airflow/.local/lib/python3.7/site-packages/airflow/example_dags/example_branch_python_dop_operator_3.py
[2022-11-11T07:56:56.725+0000] {logging_mixin.py:117} INFO - [2022-11-11T07:56:56.725+0000] {dag.py:2573} INFO - Sync 1 DAGs
[2022-11-11T07:56:56.782+0000] {logging_mixin.py:117} INFO - [2022-11-11T07:56:56.781+0000] {dag.py:3328} INFO - Setting next_dagrun for example_branch_dop_operator_v3 to 2022-11-11T07:55:00+00:00, run_after=2022-11-11T07:56:00+00:00
[2022-11-11T07:56:56.822+0000] {processor.py:178} INFO - Processing /home/airflow/.local/lib/python3.7/site-packages/airflow/example_dags/example_branch_python_dop_operator_3.py took 0.333 seconds
[2022-11-11T09:22:10.827+0000] {processor.py:156} INFO - Started process (PID=14084) to work on /home/airflow/.local/lib/python3.7/site-packages/airflow/example_dags/example_branch_python_dop_operator_3.py
[2022-11-11T09:22:10.864+0000] {processor.py:758} INFO - Processing file /home/airflow/.local/lib/python3.7/site-packages/airflow/example_dags/example_branch_python_dop_operator_3.py for tasks to queue
[2022-11-11T09:22:10.873+0000] {logging_mixin.py:117} INFO - [2022-11-11T09:22:10.872+0000] {dagbag.py:525} INFO - Filling up the DagBag from /home/airflow/.local/lib/python3.7/site-packages/airflow/example_dags/example_branch_python_dop_operator_3.py
[2022-11-11T09:22:11.063+0000] {processor.py:768} INFO - DAG(s) dict_keys(['example_branch_dop_operator_v3']) retrieved from /home/airflow/.local/lib/python3.7/site-packages/airflow/example_dags/example_branch_python_dop_operator_3.py
[2022-11-11T09:22:11.665+0000] {logging_mixin.py:117} INFO - [2022-11-11T09:22:11.665+0000] {dag.py:2573} INFO - Sync 1 DAGs
[2022-11-11T09:22:11.787+0000] {logging_mixin.py:117} INFO - [2022-11-11T09:22:11.787+0000] {dag.py:3328} INFO - Setting next_dagrun for example_branch_dop_operator_v3 to 2022-11-11T09:21:00+00:00, run_after=2022-11-11T09:22:00+00:00
[2022-11-11T09:22:11.893+0000] {processor.py:178} INFO - Processing /home/airflow/.local/lib/python3.7/site-packages/airflow/example_dags/example_branch_python_dop_operator_3.py took 1.078 seconds
[2022-11-11T10:26:38.340+0000] {processor.py:156} INFO - Started process (PID=14146) to work on /home/airflow/.local/lib/python3.7/site-packages/airflow/example_dags/example_branch_python_dop_operator_3.py
[2022-11-11T10:26:38.349+0000] {processor.py:758} INFO - Processing file /home/airflow/.local/lib/python3.7/site-packages/airflow/example_dags/example_branch_python_dop_operator_3.py for tasks to queue
[2022-11-11T10:26:38.354+0000] {logging_mixin.py:117} INFO - [2022-11-11T10:26:38.354+0000] {dagbag.py:525} INFO - Filling up the DagBag from /home/airflow/.local/lib/python3.7/site-packages/airflow/example_dags/example_branch_python_dop_operator_3.py
[2022-11-11T10:26:38.468+0000] {processor.py:768} INFO - DAG(s) dict_keys(['example_branch_dop_operator_v3']) retrieved from /home/airflow/.local/lib/python3.7/site-packages/airflow/example_dags/example_branch_python_dop_operator_3.py
[2022-11-11T10:26:38.948+0000] {logging_mixin.py:117} INFO - [2022-11-11T10:26:38.946+0000] {dag.py:2573} INFO - Sync 1 DAGs
[2022-11-11T10:26:39.301+0000] {logging_mixin.py:117} INFO - [2022-11-11T10:26:39.300+0000] {dag.py:3328} INFO - Setting next_dagrun for example_branch_dop_operator_v3 to 2022-11-11T10:25:00+00:00, run_after=2022-11-11T10:26:00+00:00
[2022-11-11T10:26:39.412+0000] {processor.py:178} INFO - Processing /home/airflow/.local/lib/python3.7/site-packages/airflow/example_dags/example_branch_python_dop_operator_3.py took 1.077 seconds
[2022-11-11T11:52:14.540+0000] {processor.py:156} INFO - Started process (PID=14203) to work on /home/airflow/.local/lib/python3.7/site-packages/airflow/example_dags/example_branch_python_dop_operator_3.py
[2022-11-11T11:52:14.576+0000] {processor.py:758} INFO - Processing file /home/airflow/.local/lib/python3.7/site-packages/airflow/example_dags/example_branch_python_dop_operator_3.py for tasks to queue
[2022-11-11T11:52:14.583+0000] {logging_mixin.py:117} INFO - [2022-11-11T11:52:14.582+0000] {dagbag.py:525} INFO - Filling up the DagBag from /home/airflow/.local/lib/python3.7/site-packages/airflow/example_dags/example_branch_python_dop_operator_3.py
[2022-11-11T11:52:14.744+0000] {processor.py:768} INFO - DAG(s) dict_keys(['example_branch_dop_operator_v3']) retrieved from /home/airflow/.local/lib/python3.7/site-packages/airflow/example_dags/example_branch_python_dop_operator_3.py
[2022-11-11T11:52:14.960+0000] {logging_mixin.py:117} INFO - [2022-11-11T11:52:14.960+0000] {dag.py:2573} INFO - Sync 1 DAGs
[2022-11-11T11:52:15.110+0000] {logging_mixin.py:117} INFO - [2022-11-11T11:52:15.110+0000] {dag.py:3328} INFO - Setting next_dagrun for example_branch_dop_operator_v3 to 2022-11-11T11:51:00+00:00, run_after=2022-11-11T11:52:00+00:00
[2022-11-11T11:52:15.155+0000] {processor.py:178} INFO - Processing /home/airflow/.local/lib/python3.7/site-packages/airflow/example_dags/example_branch_python_dop_operator_3.py took 0.640 seconds
[2022-11-11T13:17:08.127+0000] {processor.py:156} INFO - Started process (PID=14258) to work on /home/airflow/.local/lib/python3.7/site-packages/airflow/example_dags/example_branch_python_dop_operator_3.py
[2022-11-11T13:17:08.132+0000] {processor.py:758} INFO - Processing file /home/airflow/.local/lib/python3.7/site-packages/airflow/example_dags/example_branch_python_dop_operator_3.py for tasks to queue
[2022-11-11T13:17:08.144+0000] {logging_mixin.py:117} INFO - [2022-11-11T13:17:08.144+0000] {dagbag.py:525} INFO - Filling up the DagBag from /home/airflow/.local/lib/python3.7/site-packages/airflow/example_dags/example_branch_python_dop_operator_3.py
[2022-11-11T13:17:08.337+0000] {processor.py:768} INFO - DAG(s) dict_keys(['example_branch_dop_operator_v3']) retrieved from /home/airflow/.local/lib/python3.7/site-packages/airflow/example_dags/example_branch_python_dop_operator_3.py
[2022-11-11T13:17:08.631+0000] {logging_mixin.py:117} INFO - [2022-11-11T13:17:08.628+0000] {dag.py:2573} INFO - Sync 1 DAGs
[2022-11-11T13:17:08.707+0000] {logging_mixin.py:117} INFO - [2022-11-11T13:17:08.707+0000] {dag.py:3328} INFO - Setting next_dagrun for example_branch_dop_operator_v3 to 2022-11-11T13:16:00+00:00, run_after=2022-11-11T13:17:00+00:00
[2022-11-11T13:17:08.773+0000] {processor.py:178} INFO - Processing /home/airflow/.local/lib/python3.7/site-packages/airflow/example_dags/example_branch_python_dop_operator_3.py took 0.662 seconds
[2022-11-11T14:25:07.083+0000] {processor.py:156} INFO - Started process (PID=14319) to work on /home/airflow/.local/lib/python3.7/site-packages/airflow/example_dags/example_branch_python_dop_operator_3.py
[2022-11-11T14:25:07.107+0000] {processor.py:758} INFO - Processing file /home/airflow/.local/lib/python3.7/site-packages/airflow/example_dags/example_branch_python_dop_operator_3.py for tasks to queue
[2022-11-11T14:25:07.118+0000] {logging_mixin.py:117} INFO - [2022-11-11T14:25:07.118+0000] {dagbag.py:525} INFO - Filling up the DagBag from /home/airflow/.local/lib/python3.7/site-packages/airflow/example_dags/example_branch_python_dop_operator_3.py
[2022-11-11T14:25:07.259+0000] {processor.py:768} INFO - DAG(s) dict_keys(['example_branch_dop_operator_v3']) retrieved from /home/airflow/.local/lib/python3.7/site-packages/airflow/example_dags/example_branch_python_dop_operator_3.py
[2022-11-11T14:25:07.712+0000] {logging_mixin.py:117} INFO - [2022-11-11T14:25:07.708+0000] {dag.py:2573} INFO - Sync 1 DAGs
[2022-11-11T14:25:07.956+0000] {logging_mixin.py:117} INFO - [2022-11-11T14:25:07.956+0000] {dag.py:3328} INFO - Setting next_dagrun for example_branch_dop_operator_v3 to 2022-11-11T14:24:00+00:00, run_after=2022-11-11T14:25:00+00:00
[2022-11-11T14:25:08.276+0000] {processor.py:178} INFO - Processing /home/airflow/.local/lib/python3.7/site-packages/airflow/example_dags/example_branch_python_dop_operator_3.py took 1.217 seconds
[2022-11-11T15:45:56.128+0000] {processor.py:156} INFO - Started process (PID=14374) to work on /home/airflow/.local/lib/python3.7/site-packages/airflow/example_dags/example_branch_python_dop_operator_3.py
[2022-11-11T15:45:56.134+0000] {processor.py:758} INFO - Processing file /home/airflow/.local/lib/python3.7/site-packages/airflow/example_dags/example_branch_python_dop_operator_3.py for tasks to queue
[2022-11-11T15:45:56.136+0000] {logging_mixin.py:117} INFO - [2022-11-11T15:45:56.136+0000] {dagbag.py:525} INFO - Filling up the DagBag from /home/airflow/.local/lib/python3.7/site-packages/airflow/example_dags/example_branch_python_dop_operator_3.py
[2022-11-11T15:45:56.176+0000] {processor.py:768} INFO - DAG(s) dict_keys(['example_branch_dop_operator_v3']) retrieved from /home/airflow/.local/lib/python3.7/site-packages/airflow/example_dags/example_branch_python_dop_operator_3.py
[2022-11-11T15:45:56.393+0000] {logging_mixin.py:117} INFO - [2022-11-11T15:45:56.392+0000] {dag.py:2573} INFO - Sync 1 DAGs
[2022-11-11T15:45:56.482+0000] {logging_mixin.py:117} INFO - [2022-11-11T15:45:56.482+0000] {dag.py:3328} INFO - Setting next_dagrun for example_branch_dop_operator_v3 to 2022-11-11T15:44:00+00:00, run_after=2022-11-11T15:45:00+00:00
[2022-11-11T15:45:56.587+0000] {processor.py:178} INFO - Processing /home/airflow/.local/lib/python3.7/site-packages/airflow/example_dags/example_branch_python_dop_operator_3.py took 0.462 seconds
[2022-11-11T17:04:33.304+0000] {processor.py:156} INFO - Started process (PID=14431) to work on /home/airflow/.local/lib/python3.7/site-packages/airflow/example_dags/example_branch_python_dop_operator_3.py
[2022-11-11T17:04:33.305+0000] {processor.py:758} INFO - Processing file /home/airflow/.local/lib/python3.7/site-packages/airflow/example_dags/example_branch_python_dop_operator_3.py for tasks to queue
[2022-11-11T17:04:33.306+0000] {logging_mixin.py:117} INFO - [2022-11-11T17:04:33.306+0000] {dagbag.py:525} INFO - Filling up the DagBag from /home/airflow/.local/lib/python3.7/site-packages/airflow/example_dags/example_branch_python_dop_operator_3.py
[2022-11-11T17:04:33.351+0000] {processor.py:768} INFO - DAG(s) dict_keys(['example_branch_dop_operator_v3']) retrieved from /home/airflow/.local/lib/python3.7/site-packages/airflow/example_dags/example_branch_python_dop_operator_3.py
[2022-11-11T17:04:33.417+0000] {logging_mixin.py:117} INFO - [2022-11-11T17:04:33.417+0000] {dag.py:2573} INFO - Sync 1 DAGs
[2022-11-11T17:04:33.481+0000] {logging_mixin.py:117} INFO - [2022-11-11T17:04:33.481+0000] {dag.py:3328} INFO - Setting next_dagrun for example_branch_dop_operator_v3 to 2022-11-11T17:03:00+00:00, run_after=2022-11-11T17:04:00+00:00
[2022-11-11T17:04:33.522+0000] {processor.py:178} INFO - Processing /home/airflow/.local/lib/python3.7/site-packages/airflow/example_dags/example_branch_python_dop_operator_3.py took 0.220 seconds
[2022-11-11T18:43:51.264+0000] {processor.py:156} INFO - Started process (PID=14486) to work on /home/airflow/.local/lib/python3.7/site-packages/airflow/example_dags/example_branch_python_dop_operator_3.py
[2022-11-11T18:43:51.270+0000] {processor.py:758} INFO - Processing file /home/airflow/.local/lib/python3.7/site-packages/airflow/example_dags/example_branch_python_dop_operator_3.py for tasks to queue
[2022-11-11T18:43:51.276+0000] {logging_mixin.py:117} INFO - [2022-11-11T18:43:51.276+0000] {dagbag.py:525} INFO - Filling up the DagBag from /home/airflow/.local/lib/python3.7/site-packages/airflow/example_dags/example_branch_python_dop_operator_3.py
[2022-11-11T18:43:51.386+0000] {processor.py:768} INFO - DAG(s) dict_keys(['example_branch_dop_operator_v3']) retrieved from /home/airflow/.local/lib/python3.7/site-packages/airflow/example_dags/example_branch_python_dop_operator_3.py
[2022-11-11T18:43:51.464+0000] {logging_mixin.py:117} INFO - [2022-11-11T18:43:51.464+0000] {dag.py:2573} INFO - Sync 1 DAGs
[2022-11-11T18:43:51.531+0000] {logging_mixin.py:117} INFO - [2022-11-11T18:43:51.530+0000] {dag.py:3328} INFO - Setting next_dagrun for example_branch_dop_operator_v3 to 2022-11-11T18:42:00+00:00, run_after=2022-11-11T18:43:00+00:00
[2022-11-11T18:43:51.610+0000] {processor.py:178} INFO - Processing /home/airflow/.local/lib/python3.7/site-packages/airflow/example_dags/example_branch_python_dop_operator_3.py took 0.367 seconds
[2022-11-11T20:08:08.344+0000] {processor.py:156} INFO - Started process (PID=14549) to work on /home/airflow/.local/lib/python3.7/site-packages/airflow/example_dags/example_branch_python_dop_operator_3.py
[2022-11-11T20:08:08.349+0000] {processor.py:758} INFO - Processing file /home/airflow/.local/lib/python3.7/site-packages/airflow/example_dags/example_branch_python_dop_operator_3.py for tasks to queue
[2022-11-11T20:08:08.358+0000] {logging_mixin.py:117} INFO - [2022-11-11T20:08:08.357+0000] {dagbag.py:525} INFO - Filling up the DagBag from /home/airflow/.local/lib/python3.7/site-packages/airflow/example_dags/example_branch_python_dop_operator_3.py
[2022-11-11T20:08:08.421+0000] {processor.py:768} INFO - DAG(s) dict_keys(['example_branch_dop_operator_v3']) retrieved from /home/airflow/.local/lib/python3.7/site-packages/airflow/example_dags/example_branch_python_dop_operator_3.py
[2022-11-11T20:08:08.516+0000] {logging_mixin.py:117} INFO - [2022-11-11T20:08:08.516+0000] {dag.py:2573} INFO - Sync 1 DAGs
[2022-11-11T20:08:08.577+0000] {logging_mixin.py:117} INFO - [2022-11-11T20:08:08.576+0000] {dag.py:3328} INFO - Setting next_dagrun for example_branch_dop_operator_v3 to 2022-11-11T20:07:00+00:00, run_after=2022-11-11T20:08:00+00:00
[2022-11-11T20:08:08.626+0000] {processor.py:178} INFO - Processing /home/airflow/.local/lib/python3.7/site-packages/airflow/example_dags/example_branch_python_dop_operator_3.py took 0.286 seconds
[2022-11-11T21:29:58.199+0000] {processor.py:156} INFO - Started process (PID=14606) to work on /home/airflow/.local/lib/python3.7/site-packages/airflow/example_dags/example_branch_python_dop_operator_3.py
[2022-11-11T21:29:58.200+0000] {processor.py:758} INFO - Processing file /home/airflow/.local/lib/python3.7/site-packages/airflow/example_dags/example_branch_python_dop_operator_3.py for tasks to queue
[2022-11-11T21:29:58.202+0000] {logging_mixin.py:117} INFO - [2022-11-11T21:29:58.202+0000] {dagbag.py:525} INFO - Filling up the DagBag from /home/airflow/.local/lib/python3.7/site-packages/airflow/example_dags/example_branch_python_dop_operator_3.py
[2022-11-11T21:29:58.250+0000] {processor.py:768} INFO - DAG(s) dict_keys(['example_branch_dop_operator_v3']) retrieved from /home/airflow/.local/lib/python3.7/site-packages/airflow/example_dags/example_branch_python_dop_operator_3.py
[2022-11-11T21:29:58.319+0000] {logging_mixin.py:117} INFO - [2022-11-11T21:29:58.318+0000] {dag.py:2573} INFO - Sync 1 DAGs
[2022-11-11T21:29:58.403+0000] {logging_mixin.py:117} INFO - [2022-11-11T21:29:58.403+0000] {dag.py:3328} INFO - Setting next_dagrun for example_branch_dop_operator_v3 to 2022-11-11T21:28:00+00:00, run_after=2022-11-11T21:29:00+00:00
[2022-11-11T21:29:58.475+0000] {processor.py:178} INFO - Processing /home/airflow/.local/lib/python3.7/site-packages/airflow/example_dags/example_branch_python_dop_operator_3.py took 0.278 seconds
[2022-11-11T23:07:53.748+0000] {processor.py:156} INFO - Started process (PID=14660) to work on /home/airflow/.local/lib/python3.7/site-packages/airflow/example_dags/example_branch_python_dop_operator_3.py
[2022-11-11T23:07:53.749+0000] {processor.py:758} INFO - Processing file /home/airflow/.local/lib/python3.7/site-packages/airflow/example_dags/example_branch_python_dop_operator_3.py for tasks to queue
[2022-11-11T23:07:53.752+0000] {logging_mixin.py:117} INFO - [2022-11-11T23:07:53.752+0000] {dagbag.py:525} INFO - Filling up the DagBag from /home/airflow/.local/lib/python3.7/site-packages/airflow/example_dags/example_branch_python_dop_operator_3.py
[2022-11-11T23:07:53.793+0000] {processor.py:768} INFO - DAG(s) dict_keys(['example_branch_dop_operator_v3']) retrieved from /home/airflow/.local/lib/python3.7/site-packages/airflow/example_dags/example_branch_python_dop_operator_3.py
[2022-11-11T23:07:53.854+0000] {logging_mixin.py:117} INFO - [2022-11-11T23:07:53.854+0000] {dag.py:2573} INFO - Sync 1 DAGs
[2022-11-11T23:07:53.878+0000] {logging_mixin.py:117} INFO - [2022-11-11T23:07:53.878+0000] {dag.py:3328} INFO - Setting next_dagrun for example_branch_dop_operator_v3 to 2022-11-11T23:06:00+00:00, run_after=2022-11-11T23:07:00+00:00
[2022-11-11T23:07:53.897+0000] {processor.py:178} INFO - Processing /home/airflow/.local/lib/python3.7/site-packages/airflow/example_dags/example_branch_python_dop_operator_3.py took 0.152 seconds
