[2022-11-11T00:42:45.141+0000] {processor.py:156} INFO - Started process (PID=13772) to work on /home/airflow/.local/lib/python3.7/site-packages/airflow/example_dags/example_local_kubernetes_executor.py
[2022-11-11T00:42:45.145+0000] {processor.py:758} INFO - Processing file /home/airflow/.local/lib/python3.7/site-packages/airflow/example_dags/example_local_kubernetes_executor.py for tasks to queue
[2022-11-11T00:42:45.153+0000] {logging_mixin.py:117} INFO - [2022-11-11T00:42:45.153+0000] {dagbag.py:525} INFO - Filling up the DagBag from /home/airflow/.local/lib/python3.7/site-packages/airflow/example_dags/example_local_kubernetes_executor.py
[2022-11-11T00:42:45.325+0000] {processor.py:768} INFO - DAG(s) dict_keys(['example_local_kubernetes_executor']) retrieved from /home/airflow/.local/lib/python3.7/site-packages/airflow/example_dags/example_local_kubernetes_executor.py
[2022-11-11T00:42:45.708+0000] {logging_mixin.py:117} INFO - [2022-11-11T00:42:45.707+0000] {dag.py:2573} INFO - Sync 1 DAGs
[2022-11-11T00:42:45.851+0000] {logging_mixin.py:117} INFO - [2022-11-11T00:42:45.851+0000] {dag.py:3328} INFO - Setting next_dagrun for example_local_kubernetes_executor to None, run_after=None
[2022-11-11T00:42:46.120+0000] {processor.py:178} INFO - Processing /home/airflow/.local/lib/python3.7/site-packages/airflow/example_dags/example_local_kubernetes_executor.py took 0.988 seconds
[2022-11-11T02:28:02.617+0000] {processor.py:156} INFO - Started process (PID=13827) to work on /home/airflow/.local/lib/python3.7/site-packages/airflow/example_dags/example_local_kubernetes_executor.py
[2022-11-11T02:28:02.619+0000] {processor.py:758} INFO - Processing file /home/airflow/.local/lib/python3.7/site-packages/airflow/example_dags/example_local_kubernetes_executor.py for tasks to queue
[2022-11-11T02:28:02.620+0000] {logging_mixin.py:117} INFO - [2022-11-11T02:28:02.620+0000] {dagbag.py:525} INFO - Filling up the DagBag from /home/airflow/.local/lib/python3.7/site-packages/airflow/example_dags/example_local_kubernetes_executor.py
[2022-11-11T02:28:02.867+0000] {processor.py:768} INFO - DAG(s) dict_keys(['example_local_kubernetes_executor']) retrieved from /home/airflow/.local/lib/python3.7/site-packages/airflow/example_dags/example_local_kubernetes_executor.py
[2022-11-11T02:28:03.080+0000] {logging_mixin.py:117} INFO - [2022-11-11T02:28:03.079+0000] {dag.py:2573} INFO - Sync 1 DAGs
[2022-11-11T02:28:03.106+0000] {logging_mixin.py:117} INFO - [2022-11-11T02:28:03.106+0000] {dag.py:3328} INFO - Setting next_dagrun for example_local_kubernetes_executor to None, run_after=None
[2022-11-11T02:28:03.129+0000] {processor.py:178} INFO - Processing /home/airflow/.local/lib/python3.7/site-packages/airflow/example_dags/example_local_kubernetes_executor.py took 0.520 seconds
[2022-11-11T03:50:24.234+0000] {processor.py:156} INFO - Started process (PID=13882) to work on /home/airflow/.local/lib/python3.7/site-packages/airflow/example_dags/example_local_kubernetes_executor.py
[2022-11-11T03:50:24.262+0000] {processor.py:758} INFO - Processing file /home/airflow/.local/lib/python3.7/site-packages/airflow/example_dags/example_local_kubernetes_executor.py for tasks to queue
[2022-11-11T03:50:24.264+0000] {logging_mixin.py:117} INFO - [2022-11-11T03:50:24.264+0000] {dagbag.py:525} INFO - Filling up the DagBag from /home/airflow/.local/lib/python3.7/site-packages/airflow/example_dags/example_local_kubernetes_executor.py
[2022-11-11T03:50:24.310+0000] {processor.py:768} INFO - DAG(s) dict_keys(['example_local_kubernetes_executor']) retrieved from /home/airflow/.local/lib/python3.7/site-packages/airflow/example_dags/example_local_kubernetes_executor.py
[2022-11-11T03:50:24.373+0000] {logging_mixin.py:117} INFO - [2022-11-11T03:50:24.373+0000] {dag.py:2573} INFO - Sync 1 DAGs
[2022-11-11T03:50:24.418+0000] {logging_mixin.py:117} INFO - [2022-11-11T03:50:24.418+0000] {dag.py:3328} INFO - Setting next_dagrun for example_local_kubernetes_executor to None, run_after=None
[2022-11-11T03:50:24.457+0000] {processor.py:178} INFO - Processing /home/airflow/.local/lib/python3.7/site-packages/airflow/example_dags/example_local_kubernetes_executor.py took 0.237 seconds
[2022-11-11T05:13:15.037+0000] {processor.py:156} INFO - Started process (PID=13946) to work on /home/airflow/.local/lib/python3.7/site-packages/airflow/example_dags/example_local_kubernetes_executor.py
[2022-11-11T05:13:15.047+0000] {processor.py:758} INFO - Processing file /home/airflow/.local/lib/python3.7/site-packages/airflow/example_dags/example_local_kubernetes_executor.py for tasks to queue
[2022-11-11T05:13:15.051+0000] {logging_mixin.py:117} INFO - [2022-11-11T05:13:15.051+0000] {dagbag.py:525} INFO - Filling up the DagBag from /home/airflow/.local/lib/python3.7/site-packages/airflow/example_dags/example_local_kubernetes_executor.py
[2022-11-11T05:13:15.147+0000] {processor.py:768} INFO - DAG(s) dict_keys(['example_local_kubernetes_executor']) retrieved from /home/airflow/.local/lib/python3.7/site-packages/airflow/example_dags/example_local_kubernetes_executor.py
[2022-11-11T05:13:15.423+0000] {logging_mixin.py:117} INFO - [2022-11-11T05:13:15.422+0000] {dag.py:2573} INFO - Sync 1 DAGs
[2022-11-11T05:13:15.463+0000] {logging_mixin.py:117} INFO - [2022-11-11T05:13:15.463+0000] {dag.py:3328} INFO - Setting next_dagrun for example_local_kubernetes_executor to None, run_after=None
[2022-11-11T05:13:15.505+0000] {processor.py:178} INFO - Processing /home/airflow/.local/lib/python3.7/site-packages/airflow/example_dags/example_local_kubernetes_executor.py took 0.485 seconds
[2022-11-11T06:36:33.163+0000] {processor.py:156} INFO - Started process (PID=14001) to work on /home/airflow/.local/lib/python3.7/site-packages/airflow/example_dags/example_local_kubernetes_executor.py
[2022-11-11T06:36:33.169+0000] {processor.py:758} INFO - Processing file /home/airflow/.local/lib/python3.7/site-packages/airflow/example_dags/example_local_kubernetes_executor.py for tasks to queue
[2022-11-11T06:36:33.171+0000] {logging_mixin.py:117} INFO - [2022-11-11T06:36:33.171+0000] {dagbag.py:525} INFO - Filling up the DagBag from /home/airflow/.local/lib/python3.7/site-packages/airflow/example_dags/example_local_kubernetes_executor.py
[2022-11-11T06:36:33.225+0000] {processor.py:768} INFO - DAG(s) dict_keys(['example_local_kubernetes_executor']) retrieved from /home/airflow/.local/lib/python3.7/site-packages/airflow/example_dags/example_local_kubernetes_executor.py
[2022-11-11T06:36:33.261+0000] {logging_mixin.py:117} INFO - [2022-11-11T06:36:33.261+0000] {dag.py:2573} INFO - Sync 1 DAGs
[2022-11-11T06:36:33.299+0000] {logging_mixin.py:117} INFO - [2022-11-11T06:36:33.299+0000] {dag.py:3328} INFO - Setting next_dagrun for example_local_kubernetes_executor to None, run_after=None
[2022-11-11T06:36:33.344+0000] {processor.py:178} INFO - Processing /home/airflow/.local/lib/python3.7/site-packages/airflow/example_dags/example_local_kubernetes_executor.py took 0.185 seconds
[2022-11-11T07:57:05.854+0000] {processor.py:156} INFO - Started process (PID=14065) to work on /home/airflow/.local/lib/python3.7/site-packages/airflow/example_dags/example_local_kubernetes_executor.py
[2022-11-11T07:57:05.883+0000] {processor.py:758} INFO - Processing file /home/airflow/.local/lib/python3.7/site-packages/airflow/example_dags/example_local_kubernetes_executor.py for tasks to queue
[2022-11-11T07:57:05.884+0000] {logging_mixin.py:117} INFO - [2022-11-11T07:57:05.884+0000] {dagbag.py:525} INFO - Filling up the DagBag from /home/airflow/.local/lib/python3.7/site-packages/airflow/example_dags/example_local_kubernetes_executor.py
[2022-11-11T07:57:05.951+0000] {processor.py:768} INFO - DAG(s) dict_keys(['example_local_kubernetes_executor']) retrieved from /home/airflow/.local/lib/python3.7/site-packages/airflow/example_dags/example_local_kubernetes_executor.py
[2022-11-11T07:57:06.129+0000] {logging_mixin.py:117} INFO - [2022-11-11T07:57:06.129+0000] {dag.py:2573} INFO - Sync 1 DAGs
[2022-11-11T07:57:06.156+0000] {logging_mixin.py:117} INFO - [2022-11-11T07:57:06.156+0000] {dag.py:3328} INFO - Setting next_dagrun for example_local_kubernetes_executor to None, run_after=None
[2022-11-11T07:57:06.175+0000] {processor.py:178} INFO - Processing /home/airflow/.local/lib/python3.7/site-packages/airflow/example_dags/example_local_kubernetes_executor.py took 0.329 seconds
[2022-11-11T09:22:29.192+0000] {processor.py:156} INFO - Started process (PID=14130) to work on /home/airflow/.local/lib/python3.7/site-packages/airflow/example_dags/example_local_kubernetes_executor.py
[2022-11-11T09:22:29.200+0000] {processor.py:758} INFO - Processing file /home/airflow/.local/lib/python3.7/site-packages/airflow/example_dags/example_local_kubernetes_executor.py for tasks to queue
[2022-11-11T09:22:29.203+0000] {logging_mixin.py:117} INFO - [2022-11-11T09:22:29.203+0000] {dagbag.py:525} INFO - Filling up the DagBag from /home/airflow/.local/lib/python3.7/site-packages/airflow/example_dags/example_local_kubernetes_executor.py
[2022-11-11T09:22:29.261+0000] {processor.py:768} INFO - DAG(s) dict_keys(['example_local_kubernetes_executor']) retrieved from /home/airflow/.local/lib/python3.7/site-packages/airflow/example_dags/example_local_kubernetes_executor.py
[2022-11-11T09:22:29.327+0000] {logging_mixin.py:117} INFO - [2022-11-11T09:22:29.327+0000] {dag.py:2573} INFO - Sync 1 DAGs
[2022-11-11T09:22:29.386+0000] {logging_mixin.py:117} INFO - [2022-11-11T09:22:29.386+0000] {dag.py:3328} INFO - Setting next_dagrun for example_local_kubernetes_executor to None, run_after=None
[2022-11-11T09:22:29.418+0000] {processor.py:178} INFO - Processing /home/airflow/.local/lib/python3.7/site-packages/airflow/example_dags/example_local_kubernetes_executor.py took 0.231 seconds
[2022-11-11T10:26:50.940+0000] {processor.py:156} INFO - Started process (PID=14175) to work on /home/airflow/.local/lib/python3.7/site-packages/airflow/example_dags/example_local_kubernetes_executor.py
[2022-11-11T10:26:50.944+0000] {processor.py:758} INFO - Processing file /home/airflow/.local/lib/python3.7/site-packages/airflow/example_dags/example_local_kubernetes_executor.py for tasks to queue
[2022-11-11T10:26:50.945+0000] {logging_mixin.py:117} INFO - [2022-11-11T10:26:50.945+0000] {dagbag.py:525} INFO - Filling up the DagBag from /home/airflow/.local/lib/python3.7/site-packages/airflow/example_dags/example_local_kubernetes_executor.py
[2022-11-11T10:26:50.977+0000] {processor.py:768} INFO - DAG(s) dict_keys(['example_local_kubernetes_executor']) retrieved from /home/airflow/.local/lib/python3.7/site-packages/airflow/example_dags/example_local_kubernetes_executor.py
[2022-11-11T10:26:51.048+0000] {logging_mixin.py:117} INFO - [2022-11-11T10:26:51.047+0000] {dag.py:2573} INFO - Sync 1 DAGs
[2022-11-11T10:26:51.067+0000] {logging_mixin.py:117} INFO - [2022-11-11T10:26:51.067+0000] {dag.py:3328} INFO - Setting next_dagrun for example_local_kubernetes_executor to None, run_after=None
[2022-11-11T10:26:51.100+0000] {processor.py:178} INFO - Processing /home/airflow/.local/lib/python3.7/site-packages/airflow/example_dags/example_local_kubernetes_executor.py took 0.167 seconds
[2022-11-11T11:52:24.854+0000] {processor.py:156} INFO - Started process (PID=14239) to work on /home/airflow/.local/lib/python3.7/site-packages/airflow/example_dags/example_local_kubernetes_executor.py
[2022-11-11T11:52:24.867+0000] {processor.py:758} INFO - Processing file /home/airflow/.local/lib/python3.7/site-packages/airflow/example_dags/example_local_kubernetes_executor.py for tasks to queue
[2022-11-11T11:52:24.875+0000] {logging_mixin.py:117} INFO - [2022-11-11T11:52:24.874+0000] {dagbag.py:525} INFO - Filling up the DagBag from /home/airflow/.local/lib/python3.7/site-packages/airflow/example_dags/example_local_kubernetes_executor.py
[2022-11-11T11:52:25.067+0000] {processor.py:768} INFO - DAG(s) dict_keys(['example_local_kubernetes_executor']) retrieved from /home/airflow/.local/lib/python3.7/site-packages/airflow/example_dags/example_local_kubernetes_executor.py
[2022-11-11T11:52:25.327+0000] {logging_mixin.py:117} INFO - [2022-11-11T11:52:25.326+0000] {dag.py:2573} INFO - Sync 1 DAGs
[2022-11-11T11:52:25.419+0000] {logging_mixin.py:117} INFO - [2022-11-11T11:52:25.419+0000] {dag.py:3328} INFO - Setting next_dagrun for example_local_kubernetes_executor to None, run_after=None
[2022-11-11T11:52:25.518+0000] {processor.py:178} INFO - Processing /home/airflow/.local/lib/python3.7/site-packages/airflow/example_dags/example_local_kubernetes_executor.py took 0.684 seconds
[2022-11-11T13:17:17.883+0000] {processor.py:156} INFO - Started process (PID=14294) to work on /home/airflow/.local/lib/python3.7/site-packages/airflow/example_dags/example_local_kubernetes_executor.py
[2022-11-11T13:17:17.892+0000] {processor.py:758} INFO - Processing file /home/airflow/.local/lib/python3.7/site-packages/airflow/example_dags/example_local_kubernetes_executor.py for tasks to queue
[2022-11-11T13:17:17.893+0000] {logging_mixin.py:117} INFO - [2022-11-11T13:17:17.893+0000] {dagbag.py:525} INFO - Filling up the DagBag from /home/airflow/.local/lib/python3.7/site-packages/airflow/example_dags/example_local_kubernetes_executor.py
[2022-11-11T13:17:17.927+0000] {processor.py:768} INFO - DAG(s) dict_keys(['example_local_kubernetes_executor']) retrieved from /home/airflow/.local/lib/python3.7/site-packages/airflow/example_dags/example_local_kubernetes_executor.py
[2022-11-11T13:17:17.996+0000] {logging_mixin.py:117} INFO - [2022-11-11T13:17:17.996+0000] {dag.py:2573} INFO - Sync 1 DAGs
[2022-11-11T13:17:18.032+0000] {logging_mixin.py:117} INFO - [2022-11-11T13:17:18.032+0000] {dag.py:3328} INFO - Setting next_dagrun for example_local_kubernetes_executor to None, run_after=None
[2022-11-11T13:17:18.046+0000] {processor.py:178} INFO - Processing /home/airflow/.local/lib/python3.7/site-packages/airflow/example_dags/example_local_kubernetes_executor.py took 0.165 seconds
[2022-11-11T14:25:16.428+0000] {processor.py:156} INFO - Started process (PID=14349) to work on /home/airflow/.local/lib/python3.7/site-packages/airflow/example_dags/example_local_kubernetes_executor.py
[2022-11-11T14:25:16.434+0000] {processor.py:758} INFO - Processing file /home/airflow/.local/lib/python3.7/site-packages/airflow/example_dags/example_local_kubernetes_executor.py for tasks to queue
[2022-11-11T14:25:16.436+0000] {logging_mixin.py:117} INFO - [2022-11-11T14:25:16.436+0000] {dagbag.py:525} INFO - Filling up the DagBag from /home/airflow/.local/lib/python3.7/site-packages/airflow/example_dags/example_local_kubernetes_executor.py
[2022-11-11T14:25:16.464+0000] {processor.py:768} INFO - DAG(s) dict_keys(['example_local_kubernetes_executor']) retrieved from /home/airflow/.local/lib/python3.7/site-packages/airflow/example_dags/example_local_kubernetes_executor.py
[2022-11-11T14:25:16.522+0000] {logging_mixin.py:117} INFO - [2022-11-11T14:25:16.522+0000] {dag.py:2573} INFO - Sync 1 DAGs
[2022-11-11T14:25:16.556+0000] {logging_mixin.py:117} INFO - [2022-11-11T14:25:16.556+0000] {dag.py:3328} INFO - Setting next_dagrun for example_local_kubernetes_executor to None, run_after=None
[2022-11-11T14:25:16.585+0000] {processor.py:178} INFO - Processing /home/airflow/.local/lib/python3.7/site-packages/airflow/example_dags/example_local_kubernetes_executor.py took 0.159 seconds
[2022-11-11T15:46:05.432+0000] {processor.py:156} INFO - Started process (PID=14403) to work on /home/airflow/.local/lib/python3.7/site-packages/airflow/example_dags/example_local_kubernetes_executor.py
[2022-11-11T15:46:05.447+0000] {processor.py:758} INFO - Processing file /home/airflow/.local/lib/python3.7/site-packages/airflow/example_dags/example_local_kubernetes_executor.py for tasks to queue
[2022-11-11T15:46:05.458+0000] {logging_mixin.py:117} INFO - [2022-11-11T15:46:05.458+0000] {dagbag.py:525} INFO - Filling up the DagBag from /home/airflow/.local/lib/python3.7/site-packages/airflow/example_dags/example_local_kubernetes_executor.py
[2022-11-11T15:46:05.712+0000] {processor.py:768} INFO - DAG(s) dict_keys(['example_local_kubernetes_executor']) retrieved from /home/airflow/.local/lib/python3.7/site-packages/airflow/example_dags/example_local_kubernetes_executor.py
[2022-11-11T15:46:05.890+0000] {logging_mixin.py:117} INFO - [2022-11-11T15:46:05.889+0000] {dag.py:2573} INFO - Sync 1 DAGs
[2022-11-11T15:46:05.929+0000] {logging_mixin.py:117} INFO - [2022-11-11T15:46:05.928+0000] {dag.py:3328} INFO - Setting next_dagrun for example_local_kubernetes_executor to None, run_after=None
[2022-11-11T15:46:05.984+0000] {processor.py:178} INFO - Processing /home/airflow/.local/lib/python3.7/site-packages/airflow/example_dags/example_local_kubernetes_executor.py took 0.674 seconds
[2022-11-11T17:04:44.877+0000] {processor.py:156} INFO - Started process (PID=14467) to work on /home/airflow/.local/lib/python3.7/site-packages/airflow/example_dags/example_local_kubernetes_executor.py
[2022-11-11T17:04:44.894+0000] {processor.py:758} INFO - Processing file /home/airflow/.local/lib/python3.7/site-packages/airflow/example_dags/example_local_kubernetes_executor.py for tasks to queue
[2022-11-11T17:04:44.897+0000] {logging_mixin.py:117} INFO - [2022-11-11T17:04:44.897+0000] {dagbag.py:525} INFO - Filling up the DagBag from /home/airflow/.local/lib/python3.7/site-packages/airflow/example_dags/example_local_kubernetes_executor.py
[2022-11-11T17:04:44.946+0000] {processor.py:768} INFO - DAG(s) dict_keys(['example_local_kubernetes_executor']) retrieved from /home/airflow/.local/lib/python3.7/site-packages/airflow/example_dags/example_local_kubernetes_executor.py
[2022-11-11T17:04:45.285+0000] {logging_mixin.py:117} INFO - [2022-11-11T17:04:45.281+0000] {dag.py:2573} INFO - Sync 1 DAGs
[2022-11-11T17:04:45.433+0000] {logging_mixin.py:117} INFO - [2022-11-11T17:04:45.433+0000] {dag.py:3328} INFO - Setting next_dagrun for example_local_kubernetes_executor to None, run_after=None
[2022-11-11T17:04:45.537+0000] {processor.py:178} INFO - Processing /home/airflow/.local/lib/python3.7/site-packages/airflow/example_dags/example_local_kubernetes_executor.py took 0.669 seconds
[2022-11-11T18:44:01.235+0000] {processor.py:156} INFO - Started process (PID=14522) to work on /home/airflow/.local/lib/python3.7/site-packages/airflow/example_dags/example_local_kubernetes_executor.py
[2022-11-11T18:44:01.239+0000] {processor.py:758} INFO - Processing file /home/airflow/.local/lib/python3.7/site-packages/airflow/example_dags/example_local_kubernetes_executor.py for tasks to queue
[2022-11-11T18:44:01.241+0000] {logging_mixin.py:117} INFO - [2022-11-11T18:44:01.241+0000] {dagbag.py:525} INFO - Filling up the DagBag from /home/airflow/.local/lib/python3.7/site-packages/airflow/example_dags/example_local_kubernetes_executor.py
[2022-11-11T18:44:01.291+0000] {processor.py:768} INFO - DAG(s) dict_keys(['example_local_kubernetes_executor']) retrieved from /home/airflow/.local/lib/python3.7/site-packages/airflow/example_dags/example_local_kubernetes_executor.py
[2022-11-11T18:44:01.351+0000] {logging_mixin.py:117} INFO - [2022-11-11T18:44:01.351+0000] {dag.py:2573} INFO - Sync 1 DAGs
[2022-11-11T18:44:01.385+0000] {logging_mixin.py:117} INFO - [2022-11-11T18:44:01.385+0000] {dag.py:3328} INFO - Setting next_dagrun for example_local_kubernetes_executor to None, run_after=None
[2022-11-11T18:44:01.442+0000] {processor.py:178} INFO - Processing /home/airflow/.local/lib/python3.7/site-packages/airflow/example_dags/example_local_kubernetes_executor.py took 0.222 seconds
[2022-11-11T20:08:17.551+0000] {processor.py:156} INFO - Started process (PID=14578) to work on /home/airflow/.local/lib/python3.7/site-packages/airflow/example_dags/example_local_kubernetes_executor.py
[2022-11-11T20:08:17.554+0000] {processor.py:758} INFO - Processing file /home/airflow/.local/lib/python3.7/site-packages/airflow/example_dags/example_local_kubernetes_executor.py for tasks to queue
[2022-11-11T20:08:17.556+0000] {logging_mixin.py:117} INFO - [2022-11-11T20:08:17.556+0000] {dagbag.py:525} INFO - Filling up the DagBag from /home/airflow/.local/lib/python3.7/site-packages/airflow/example_dags/example_local_kubernetes_executor.py
[2022-11-11T20:08:17.595+0000] {processor.py:768} INFO - DAG(s) dict_keys(['example_local_kubernetes_executor']) retrieved from /home/airflow/.local/lib/python3.7/site-packages/airflow/example_dags/example_local_kubernetes_executor.py
[2022-11-11T20:08:17.655+0000] {logging_mixin.py:117} INFO - [2022-11-11T20:08:17.655+0000] {dag.py:2573} INFO - Sync 1 DAGs
[2022-11-11T20:08:17.678+0000] {logging_mixin.py:117} INFO - [2022-11-11T20:08:17.678+0000] {dag.py:3328} INFO - Setting next_dagrun for example_local_kubernetes_executor to None, run_after=None
[2022-11-11T20:08:17.694+0000] {processor.py:178} INFO - Processing /home/airflow/.local/lib/python3.7/site-packages/airflow/example_dags/example_local_kubernetes_executor.py took 0.145 seconds
[2022-11-11T21:30:09.225+0000] {processor.py:156} INFO - Started process (PID=14641) to work on /home/airflow/.local/lib/python3.7/site-packages/airflow/example_dags/example_local_kubernetes_executor.py
[2022-11-11T21:30:09.229+0000] {processor.py:758} INFO - Processing file /home/airflow/.local/lib/python3.7/site-packages/airflow/example_dags/example_local_kubernetes_executor.py for tasks to queue
[2022-11-11T21:30:09.235+0000] {logging_mixin.py:117} INFO - [2022-11-11T21:30:09.235+0000] {dagbag.py:525} INFO - Filling up the DagBag from /home/airflow/.local/lib/python3.7/site-packages/airflow/example_dags/example_local_kubernetes_executor.py
[2022-11-11T21:30:09.279+0000] {processor.py:768} INFO - DAG(s) dict_keys(['example_local_kubernetes_executor']) retrieved from /home/airflow/.local/lib/python3.7/site-packages/airflow/example_dags/example_local_kubernetes_executor.py
[2022-11-11T21:30:09.325+0000] {logging_mixin.py:117} INFO - [2022-11-11T21:30:09.325+0000] {dag.py:2573} INFO - Sync 1 DAGs
[2022-11-11T21:30:09.359+0000] {logging_mixin.py:117} INFO - [2022-11-11T21:30:09.359+0000] {dag.py:3328} INFO - Setting next_dagrun for example_local_kubernetes_executor to None, run_after=None
[2022-11-11T21:30:09.398+0000] {processor.py:178} INFO - Processing /home/airflow/.local/lib/python3.7/site-packages/airflow/example_dags/example_local_kubernetes_executor.py took 0.177 seconds
[2022-11-11T23:08:03.362+0000] {processor.py:156} INFO - Started process (PID=14695) to work on /home/airflow/.local/lib/python3.7/site-packages/airflow/example_dags/example_local_kubernetes_executor.py
[2022-11-11T23:08:03.366+0000] {processor.py:758} INFO - Processing file /home/airflow/.local/lib/python3.7/site-packages/airflow/example_dags/example_local_kubernetes_executor.py for tasks to queue
[2022-11-11T23:08:03.368+0000] {logging_mixin.py:117} INFO - [2022-11-11T23:08:03.367+0000] {dagbag.py:525} INFO - Filling up the DagBag from /home/airflow/.local/lib/python3.7/site-packages/airflow/example_dags/example_local_kubernetes_executor.py
[2022-11-11T23:08:03.403+0000] {processor.py:768} INFO - DAG(s) dict_keys(['example_local_kubernetes_executor']) retrieved from /home/airflow/.local/lib/python3.7/site-packages/airflow/example_dags/example_local_kubernetes_executor.py
[2022-11-11T23:08:03.450+0000] {logging_mixin.py:117} INFO - [2022-11-11T23:08:03.449+0000] {dag.py:2573} INFO - Sync 1 DAGs
[2022-11-11T23:08:03.494+0000] {logging_mixin.py:117} INFO - [2022-11-11T23:08:03.494+0000] {dag.py:3328} INFO - Setting next_dagrun for example_local_kubernetes_executor to None, run_after=None
[2022-11-11T23:08:03.521+0000] {processor.py:178} INFO - Processing /home/airflow/.local/lib/python3.7/site-packages/airflow/example_dags/example_local_kubernetes_executor.py took 0.162 seconds
