[2022-11-11T00:42:45.322+0000] {processor.py:156} INFO - Started process (PID=13773) to work on /home/airflow/.local/lib/python3.7/site-packages/airflow/example_dags/example_branch_operator_decorator.py
[2022-11-11T00:42:45.327+0000] {processor.py:758} INFO - Processing file /home/airflow/.local/lib/python3.7/site-packages/airflow/example_dags/example_branch_operator_decorator.py for tasks to queue
[2022-11-11T00:42:45.331+0000] {logging_mixin.py:117} INFO - [2022-11-11T00:42:45.330+0000] {dagbag.py:525} INFO - Filling up the DagBag from /home/airflow/.local/lib/python3.7/site-packages/airflow/example_dags/example_branch_operator_decorator.py
[2022-11-11T00:42:45.395+0000] {processor.py:768} INFO - DAG(s) dict_keys(['example_branch_python_operator_decorator']) retrieved from /home/airflow/.local/lib/python3.7/site-packages/airflow/example_dags/example_branch_operator_decorator.py
[2022-11-11T00:42:45.678+0000] {logging_mixin.py:117} INFO - [2022-11-11T00:42:45.677+0000] {dag.py:2573} INFO - Sync 1 DAGs
[2022-11-11T00:42:45.895+0000] {logging_mixin.py:117} INFO - [2022-11-11T00:42:45.895+0000] {dag.py:3328} INFO - Setting next_dagrun for example_branch_python_operator_decorator to 2022-11-10T00:00:00+00:00, run_after=2022-11-11T00:00:00+00:00
[2022-11-11T00:42:46.046+0000] {processor.py:178} INFO - Processing /home/airflow/.local/lib/python3.7/site-packages/airflow/example_dags/example_branch_operator_decorator.py took 0.729 seconds
[2022-11-11T02:28:03.126+0000] {processor.py:156} INFO - Started process (PID=13828) to work on /home/airflow/.local/lib/python3.7/site-packages/airflow/example_dags/example_branch_operator_decorator.py
[2022-11-11T02:28:03.127+0000] {processor.py:758} INFO - Processing file /home/airflow/.local/lib/python3.7/site-packages/airflow/example_dags/example_branch_operator_decorator.py for tasks to queue
[2022-11-11T02:28:03.128+0000] {logging_mixin.py:117} INFO - [2022-11-11T02:28:03.128+0000] {dagbag.py:525} INFO - Filling up the DagBag from /home/airflow/.local/lib/python3.7/site-packages/airflow/example_dags/example_branch_operator_decorator.py
[2022-11-11T02:28:03.170+0000] {processor.py:768} INFO - DAG(s) dict_keys(['example_branch_python_operator_decorator']) retrieved from /home/airflow/.local/lib/python3.7/site-packages/airflow/example_dags/example_branch_operator_decorator.py
[2022-11-11T02:28:03.205+0000] {logging_mixin.py:117} INFO - [2022-11-11T02:28:03.205+0000] {dag.py:2573} INFO - Sync 1 DAGs
[2022-11-11T02:28:03.233+0000] {logging_mixin.py:117} INFO - [2022-11-11T02:28:03.233+0000] {dag.py:3328} INFO - Setting next_dagrun for example_branch_python_operator_decorator to 2022-11-10T00:00:00+00:00, run_after=2022-11-11T00:00:00+00:00
[2022-11-11T02:28:03.254+0000] {processor.py:178} INFO - Processing /home/airflow/.local/lib/python3.7/site-packages/airflow/example_dags/example_branch_operator_decorator.py took 0.132 seconds
[2022-11-11T03:50:24.274+0000] {processor.py:156} INFO - Started process (PID=13883) to work on /home/airflow/.local/lib/python3.7/site-packages/airflow/example_dags/example_branch_operator_decorator.py
[2022-11-11T03:50:24.277+0000] {processor.py:758} INFO - Processing file /home/airflow/.local/lib/python3.7/site-packages/airflow/example_dags/example_branch_operator_decorator.py for tasks to queue
[2022-11-11T03:50:24.280+0000] {logging_mixin.py:117} INFO - [2022-11-11T03:50:24.280+0000] {dagbag.py:525} INFO - Filling up the DagBag from /home/airflow/.local/lib/python3.7/site-packages/airflow/example_dags/example_branch_operator_decorator.py
[2022-11-11T03:50:24.316+0000] {processor.py:768} INFO - DAG(s) dict_keys(['example_branch_python_operator_decorator']) retrieved from /home/airflow/.local/lib/python3.7/site-packages/airflow/example_dags/example_branch_operator_decorator.py
[2022-11-11T03:50:24.373+0000] {logging_mixin.py:117} INFO - [2022-11-11T03:50:24.372+0000] {dag.py:2573} INFO - Sync 1 DAGs
[2022-11-11T03:50:24.422+0000] {logging_mixin.py:117} INFO - [2022-11-11T03:50:24.421+0000] {dag.py:3328} INFO - Setting next_dagrun for example_branch_python_operator_decorator to 2022-11-10T00:00:00+00:00, run_after=2022-11-11T00:00:00+00:00
[2022-11-11T03:50:24.506+0000] {processor.py:178} INFO - Processing /home/airflow/.local/lib/python3.7/site-packages/airflow/example_dags/example_branch_operator_decorator.py took 0.238 seconds
[2022-11-11T05:13:15.102+0000] {processor.py:156} INFO - Started process (PID=13947) to work on /home/airflow/.local/lib/python3.7/site-packages/airflow/example_dags/example_branch_operator_decorator.py
[2022-11-11T05:13:15.106+0000] {processor.py:758} INFO - Processing file /home/airflow/.local/lib/python3.7/site-packages/airflow/example_dags/example_branch_operator_decorator.py for tasks to queue
[2022-11-11T05:13:15.108+0000] {logging_mixin.py:117} INFO - [2022-11-11T05:13:15.108+0000] {dagbag.py:525} INFO - Filling up the DagBag from /home/airflow/.local/lib/python3.7/site-packages/airflow/example_dags/example_branch_operator_decorator.py
[2022-11-11T05:13:15.183+0000] {processor.py:768} INFO - DAG(s) dict_keys(['example_branch_python_operator_decorator']) retrieved from /home/airflow/.local/lib/python3.7/site-packages/airflow/example_dags/example_branch_operator_decorator.py
[2022-11-11T05:13:15.467+0000] {logging_mixin.py:117} INFO - [2022-11-11T05:13:15.467+0000] {dag.py:2573} INFO - Sync 1 DAGs
[2022-11-11T05:13:15.499+0000] {logging_mixin.py:117} INFO - [2022-11-11T05:13:15.499+0000] {dag.py:3328} INFO - Setting next_dagrun for example_branch_python_operator_decorator to 2022-11-10T00:00:00+00:00, run_after=2022-11-11T00:00:00+00:00
[2022-11-11T05:13:15.516+0000] {processor.py:178} INFO - Processing /home/airflow/.local/lib/python3.7/site-packages/airflow/example_dags/example_branch_operator_decorator.py took 0.418 seconds
[2022-11-11T06:36:33.373+0000] {processor.py:156} INFO - Started process (PID=14002) to work on /home/airflow/.local/lib/python3.7/site-packages/airflow/example_dags/example_branch_operator_decorator.py
[2022-11-11T06:36:33.376+0000] {processor.py:758} INFO - Processing file /home/airflow/.local/lib/python3.7/site-packages/airflow/example_dags/example_branch_operator_decorator.py for tasks to queue
[2022-11-11T06:36:33.378+0000] {logging_mixin.py:117} INFO - [2022-11-11T06:36:33.377+0000] {dagbag.py:525} INFO - Filling up the DagBag from /home/airflow/.local/lib/python3.7/site-packages/airflow/example_dags/example_branch_operator_decorator.py
[2022-11-11T06:36:33.434+0000] {processor.py:768} INFO - DAG(s) dict_keys(['example_branch_python_operator_decorator']) retrieved from /home/airflow/.local/lib/python3.7/site-packages/airflow/example_dags/example_branch_operator_decorator.py
[2022-11-11T06:36:33.900+0000] {logging_mixin.py:117} INFO - [2022-11-11T06:36:33.900+0000] {dag.py:2573} INFO - Sync 1 DAGs
[2022-11-11T06:36:33.956+0000] {logging_mixin.py:117} INFO - [2022-11-11T06:36:33.956+0000] {dag.py:3328} INFO - Setting next_dagrun for example_branch_python_operator_decorator to 2022-11-10T00:00:00+00:00, run_after=2022-11-11T00:00:00+00:00
[2022-11-11T06:36:34.012+0000] {processor.py:178} INFO - Processing /home/airflow/.local/lib/python3.7/site-packages/airflow/example_dags/example_branch_operator_decorator.py took 0.642 seconds
[2022-11-11T07:57:06.210+0000] {processor.py:156} INFO - Started process (PID=14066) to work on /home/airflow/.local/lib/python3.7/site-packages/airflow/example_dags/example_branch_operator_decorator.py
[2022-11-11T07:57:06.217+0000] {processor.py:758} INFO - Processing file /home/airflow/.local/lib/python3.7/site-packages/airflow/example_dags/example_branch_operator_decorator.py for tasks to queue
[2022-11-11T07:57:06.218+0000] {logging_mixin.py:117} INFO - [2022-11-11T07:57:06.218+0000] {dagbag.py:525} INFO - Filling up the DagBag from /home/airflow/.local/lib/python3.7/site-packages/airflow/example_dags/example_branch_operator_decorator.py
[2022-11-11T07:57:06.279+0000] {processor.py:768} INFO - DAG(s) dict_keys(['example_branch_python_operator_decorator']) retrieved from /home/airflow/.local/lib/python3.7/site-packages/airflow/example_dags/example_branch_operator_decorator.py
[2022-11-11T07:57:06.374+0000] {logging_mixin.py:117} INFO - [2022-11-11T07:57:06.373+0000] {dag.py:2573} INFO - Sync 1 DAGs
[2022-11-11T07:57:06.456+0000] {logging_mixin.py:117} INFO - [2022-11-11T07:57:06.455+0000] {dag.py:3328} INFO - Setting next_dagrun for example_branch_python_operator_decorator to 2022-11-10T00:00:00+00:00, run_after=2022-11-11T00:00:00+00:00
[2022-11-11T07:57:06.483+0000] {processor.py:178} INFO - Processing /home/airflow/.local/lib/python3.7/site-packages/airflow/example_dags/example_branch_operator_decorator.py took 0.276 seconds
[2022-11-11T09:22:29.332+0000] {processor.py:156} INFO - Started process (PID=14131) to work on /home/airflow/.local/lib/python3.7/site-packages/airflow/example_dags/example_branch_operator_decorator.py
[2022-11-11T09:22:29.334+0000] {processor.py:758} INFO - Processing file /home/airflow/.local/lib/python3.7/site-packages/airflow/example_dags/example_branch_operator_decorator.py for tasks to queue
[2022-11-11T09:22:29.339+0000] {logging_mixin.py:117} INFO - [2022-11-11T09:22:29.339+0000] {dagbag.py:525} INFO - Filling up the DagBag from /home/airflow/.local/lib/python3.7/site-packages/airflow/example_dags/example_branch_operator_decorator.py
[2022-11-11T09:22:29.372+0000] {processor.py:768} INFO - DAG(s) dict_keys(['example_branch_python_operator_decorator']) retrieved from /home/airflow/.local/lib/python3.7/site-packages/airflow/example_dags/example_branch_operator_decorator.py
[2022-11-11T09:22:29.469+0000] {logging_mixin.py:117} INFO - [2022-11-11T09:22:29.469+0000] {dag.py:2573} INFO - Sync 1 DAGs
[2022-11-11T09:22:29.502+0000] {logging_mixin.py:117} INFO - [2022-11-11T09:22:29.502+0000] {dag.py:3328} INFO - Setting next_dagrun for example_branch_python_operator_decorator to 2022-11-10T00:00:00+00:00, run_after=2022-11-11T00:00:00+00:00
[2022-11-11T09:22:29.526+0000] {processor.py:178} INFO - Processing /home/airflow/.local/lib/python3.7/site-packages/airflow/example_dags/example_branch_operator_decorator.py took 0.197 seconds
[2022-11-11T10:26:51.035+0000] {processor.py:156} INFO - Started process (PID=14176) to work on /home/airflow/.local/lib/python3.7/site-packages/airflow/example_dags/example_branch_operator_decorator.py
[2022-11-11T10:26:51.039+0000] {processor.py:758} INFO - Processing file /home/airflow/.local/lib/python3.7/site-packages/airflow/example_dags/example_branch_operator_decorator.py for tasks to queue
[2022-11-11T10:26:51.046+0000] {logging_mixin.py:117} INFO - [2022-11-11T10:26:51.046+0000] {dagbag.py:525} INFO - Filling up the DagBag from /home/airflow/.local/lib/python3.7/site-packages/airflow/example_dags/example_branch_operator_decorator.py
[2022-11-11T10:26:51.075+0000] {processor.py:768} INFO - DAG(s) dict_keys(['example_branch_python_operator_decorator']) retrieved from /home/airflow/.local/lib/python3.7/site-packages/airflow/example_dags/example_branch_operator_decorator.py
[2022-11-11T10:26:51.137+0000] {logging_mixin.py:117} INFO - [2022-11-11T10:26:51.136+0000] {dag.py:2573} INFO - Sync 1 DAGs
[2022-11-11T10:26:51.174+0000] {logging_mixin.py:117} INFO - [2022-11-11T10:26:51.174+0000] {dag.py:3328} INFO - Setting next_dagrun for example_branch_python_operator_decorator to 2022-11-10T00:00:00+00:00, run_after=2022-11-11T00:00:00+00:00
[2022-11-11T10:26:51.205+0000] {processor.py:178} INFO - Processing /home/airflow/.local/lib/python3.7/site-packages/airflow/example_dags/example_branch_operator_decorator.py took 0.172 seconds
[2022-11-11T11:52:24.867+0000] {processor.py:156} INFO - Started process (PID=14240) to work on /home/airflow/.local/lib/python3.7/site-packages/airflow/example_dags/example_branch_operator_decorator.py
[2022-11-11T11:52:24.872+0000] {processor.py:758} INFO - Processing file /home/airflow/.local/lib/python3.7/site-packages/airflow/example_dags/example_branch_operator_decorator.py for tasks to queue
[2022-11-11T11:52:24.874+0000] {logging_mixin.py:117} INFO - [2022-11-11T11:52:24.874+0000] {dagbag.py:525} INFO - Filling up the DagBag from /home/airflow/.local/lib/python3.7/site-packages/airflow/example_dags/example_branch_operator_decorator.py
[2022-11-11T11:52:25.040+0000] {processor.py:768} INFO - DAG(s) dict_keys(['example_branch_python_operator_decorator']) retrieved from /home/airflow/.local/lib/python3.7/site-packages/airflow/example_dags/example_branch_operator_decorator.py
[2022-11-11T11:52:25.331+0000] {logging_mixin.py:117} INFO - [2022-11-11T11:52:25.331+0000] {dag.py:2573} INFO - Sync 1 DAGs
[2022-11-11T11:52:25.444+0000] {logging_mixin.py:117} INFO - [2022-11-11T11:52:25.444+0000] {dag.py:3328} INFO - Setting next_dagrun for example_branch_python_operator_decorator to 2022-11-10T00:00:00+00:00, run_after=2022-11-11T00:00:00+00:00
[2022-11-11T11:52:25.522+0000] {processor.py:178} INFO - Processing /home/airflow/.local/lib/python3.7/site-packages/airflow/example_dags/example_branch_operator_decorator.py took 0.658 seconds
[2022-11-11T13:17:17.872+0000] {processor.py:156} INFO - Started process (PID=14295) to work on /home/airflow/.local/lib/python3.7/site-packages/airflow/example_dags/example_branch_operator_decorator.py
[2022-11-11T13:17:17.873+0000] {processor.py:758} INFO - Processing file /home/airflow/.local/lib/python3.7/site-packages/airflow/example_dags/example_branch_operator_decorator.py for tasks to queue
[2022-11-11T13:17:17.876+0000] {logging_mixin.py:117} INFO - [2022-11-11T13:17:17.876+0000] {dagbag.py:525} INFO - Filling up the DagBag from /home/airflow/.local/lib/python3.7/site-packages/airflow/example_dags/example_branch_operator_decorator.py
[2022-11-11T13:17:17.905+0000] {processor.py:768} INFO - DAG(s) dict_keys(['example_branch_python_operator_decorator']) retrieved from /home/airflow/.local/lib/python3.7/site-packages/airflow/example_dags/example_branch_operator_decorator.py
[2022-11-11T13:17:17.943+0000] {logging_mixin.py:117} INFO - [2022-11-11T13:17:17.943+0000] {dag.py:2573} INFO - Sync 1 DAGs
[2022-11-11T13:17:17.993+0000] {logging_mixin.py:117} INFO - [2022-11-11T13:17:17.992+0000] {dag.py:3328} INFO - Setting next_dagrun for example_branch_python_operator_decorator to 2022-11-10T00:00:00+00:00, run_after=2022-11-11T00:00:00+00:00
[2022-11-11T13:17:18.030+0000] {processor.py:178} INFO - Processing /home/airflow/.local/lib/python3.7/site-packages/airflow/example_dags/example_branch_operator_decorator.py took 0.160 seconds
[2022-11-11T14:25:16.496+0000] {processor.py:156} INFO - Started process (PID=14350) to work on /home/airflow/.local/lib/python3.7/site-packages/airflow/example_dags/example_branch_operator_decorator.py
[2022-11-11T14:25:16.502+0000] {processor.py:758} INFO - Processing file /home/airflow/.local/lib/python3.7/site-packages/airflow/example_dags/example_branch_operator_decorator.py for tasks to queue
[2022-11-11T14:25:16.505+0000] {logging_mixin.py:117} INFO - [2022-11-11T14:25:16.505+0000] {dagbag.py:525} INFO - Filling up the DagBag from /home/airflow/.local/lib/python3.7/site-packages/airflow/example_dags/example_branch_operator_decorator.py
[2022-11-11T14:25:16.581+0000] {processor.py:768} INFO - DAG(s) dict_keys(['example_branch_python_operator_decorator']) retrieved from /home/airflow/.local/lib/python3.7/site-packages/airflow/example_dags/example_branch_operator_decorator.py
[2022-11-11T14:25:16.639+0000] {logging_mixin.py:117} INFO - [2022-11-11T14:25:16.639+0000] {dag.py:2573} INFO - Sync 1 DAGs
[2022-11-11T14:25:16.759+0000] {logging_mixin.py:117} INFO - [2022-11-11T14:25:16.759+0000] {dag.py:3328} INFO - Setting next_dagrun for example_branch_python_operator_decorator to 2022-11-10T00:00:00+00:00, run_after=2022-11-11T00:00:00+00:00
[2022-11-11T14:25:16.797+0000] {processor.py:178} INFO - Processing /home/airflow/.local/lib/python3.7/site-packages/airflow/example_dags/example_branch_operator_decorator.py took 0.307 seconds
[2022-11-11T15:46:05.721+0000] {processor.py:156} INFO - Started process (PID=14404) to work on /home/airflow/.local/lib/python3.7/site-packages/airflow/example_dags/example_branch_operator_decorator.py
[2022-11-11T15:46:05.726+0000] {processor.py:758} INFO - Processing file /home/airflow/.local/lib/python3.7/site-packages/airflow/example_dags/example_branch_operator_decorator.py for tasks to queue
[2022-11-11T15:46:05.728+0000] {logging_mixin.py:117} INFO - [2022-11-11T15:46:05.728+0000] {dagbag.py:525} INFO - Filling up the DagBag from /home/airflow/.local/lib/python3.7/site-packages/airflow/example_dags/example_branch_operator_decorator.py
[2022-11-11T15:46:05.796+0000] {processor.py:768} INFO - DAG(s) dict_keys(['example_branch_python_operator_decorator']) retrieved from /home/airflow/.local/lib/python3.7/site-packages/airflow/example_dags/example_branch_operator_decorator.py
[2022-11-11T15:46:05.884+0000] {logging_mixin.py:117} INFO - [2022-11-11T15:46:05.884+0000] {dag.py:2573} INFO - Sync 1 DAGs
[2022-11-11T15:46:05.928+0000] {logging_mixin.py:117} INFO - [2022-11-11T15:46:05.928+0000] {dag.py:3328} INFO - Setting next_dagrun for example_branch_python_operator_decorator to 2022-11-10T00:00:00+00:00, run_after=2022-11-11T00:00:00+00:00
[2022-11-11T15:46:05.966+0000] {processor.py:178} INFO - Processing /home/airflow/.local/lib/python3.7/site-packages/airflow/example_dags/example_branch_operator_decorator.py took 0.258 seconds
[2022-11-11T17:04:44.988+0000] {processor.py:156} INFO - Started process (PID=14468) to work on /home/airflow/.local/lib/python3.7/site-packages/airflow/example_dags/example_branch_operator_decorator.py
[2022-11-11T17:04:44.996+0000] {processor.py:758} INFO - Processing file /home/airflow/.local/lib/python3.7/site-packages/airflow/example_dags/example_branch_operator_decorator.py for tasks to queue
[2022-11-11T17:04:45.015+0000] {logging_mixin.py:117} INFO - [2022-11-11T17:04:45.015+0000] {dagbag.py:525} INFO - Filling up the DagBag from /home/airflow/.local/lib/python3.7/site-packages/airflow/example_dags/example_branch_operator_decorator.py
[2022-11-11T17:04:45.085+0000] {processor.py:768} INFO - DAG(s) dict_keys(['example_branch_python_operator_decorator']) retrieved from /home/airflow/.local/lib/python3.7/site-packages/airflow/example_dags/example_branch_operator_decorator.py
[2022-11-11T17:04:45.270+0000] {logging_mixin.py:117} INFO - [2022-11-11T17:04:45.270+0000] {dag.py:2573} INFO - Sync 1 DAGs
[2022-11-11T17:04:45.380+0000] {logging_mixin.py:117} INFO - [2022-11-11T17:04:45.379+0000] {dag.py:3328} INFO - Setting next_dagrun for example_branch_python_operator_decorator to 2022-11-10T00:00:00+00:00, run_after=2022-11-11T00:00:00+00:00
[2022-11-11T17:04:45.442+0000] {processor.py:178} INFO - Processing /home/airflow/.local/lib/python3.7/site-packages/airflow/example_dags/example_branch_operator_decorator.py took 0.465 seconds
[2022-11-11T18:44:01.322+0000] {processor.py:156} INFO - Started process (PID=14523) to work on /home/airflow/.local/lib/python3.7/site-packages/airflow/example_dags/example_branch_operator_decorator.py
[2022-11-11T18:44:01.327+0000] {processor.py:758} INFO - Processing file /home/airflow/.local/lib/python3.7/site-packages/airflow/example_dags/example_branch_operator_decorator.py for tasks to queue
[2022-11-11T18:44:01.362+0000] {logging_mixin.py:117} INFO - [2022-11-11T18:44:01.362+0000] {dagbag.py:525} INFO - Filling up the DagBag from /home/airflow/.local/lib/python3.7/site-packages/airflow/example_dags/example_branch_operator_decorator.py
[2022-11-11T18:44:01.390+0000] {processor.py:768} INFO - DAG(s) dict_keys(['example_branch_python_operator_decorator']) retrieved from /home/airflow/.local/lib/python3.7/site-packages/airflow/example_dags/example_branch_operator_decorator.py
[2022-11-11T18:44:01.569+0000] {logging_mixin.py:117} INFO - [2022-11-11T18:44:01.568+0000] {dag.py:2573} INFO - Sync 1 DAGs
[2022-11-11T18:44:01.706+0000] {logging_mixin.py:117} INFO - [2022-11-11T18:44:01.706+0000] {dag.py:3328} INFO - Setting next_dagrun for example_branch_python_operator_decorator to 2022-11-10T00:00:00+00:00, run_after=2022-11-11T00:00:00+00:00
[2022-11-11T18:44:01.753+0000] {processor.py:178} INFO - Processing /home/airflow/.local/lib/python3.7/site-packages/airflow/example_dags/example_branch_operator_decorator.py took 0.436 seconds
[2022-11-11T20:08:17.724+0000] {processor.py:156} INFO - Started process (PID=14579) to work on /home/airflow/.local/lib/python3.7/site-packages/airflow/example_dags/example_branch_operator_decorator.py
[2022-11-11T20:08:17.727+0000] {processor.py:758} INFO - Processing file /home/airflow/.local/lib/python3.7/site-packages/airflow/example_dags/example_branch_operator_decorator.py for tasks to queue
[2022-11-11T20:08:17.728+0000] {logging_mixin.py:117} INFO - [2022-11-11T20:08:17.728+0000] {dagbag.py:525} INFO - Filling up the DagBag from /home/airflow/.local/lib/python3.7/site-packages/airflow/example_dags/example_branch_operator_decorator.py
[2022-11-11T20:08:17.762+0000] {processor.py:768} INFO - DAG(s) dict_keys(['example_branch_python_operator_decorator']) retrieved from /home/airflow/.local/lib/python3.7/site-packages/airflow/example_dags/example_branch_operator_decorator.py
[2022-11-11T20:08:17.843+0000] {logging_mixin.py:117} INFO - [2022-11-11T20:08:17.841+0000] {dag.py:2573} INFO - Sync 1 DAGs
[2022-11-11T20:08:17.902+0000] {logging_mixin.py:117} INFO - [2022-11-11T20:08:17.902+0000] {dag.py:3328} INFO - Setting next_dagrun for example_branch_python_operator_decorator to 2022-11-10T00:00:00+00:00, run_after=2022-11-11T00:00:00+00:00
[2022-11-11T20:08:17.940+0000] {processor.py:178} INFO - Processing /home/airflow/.local/lib/python3.7/site-packages/airflow/example_dags/example_branch_operator_decorator.py took 0.219 seconds
[2022-11-11T21:30:09.429+0000] {processor.py:156} INFO - Started process (PID=14642) to work on /home/airflow/.local/lib/python3.7/site-packages/airflow/example_dags/example_branch_operator_decorator.py
[2022-11-11T21:30:09.435+0000] {processor.py:758} INFO - Processing file /home/airflow/.local/lib/python3.7/site-packages/airflow/example_dags/example_branch_operator_decorator.py for tasks to queue
[2022-11-11T21:30:09.436+0000] {logging_mixin.py:117} INFO - [2022-11-11T21:30:09.436+0000] {dagbag.py:525} INFO - Filling up the DagBag from /home/airflow/.local/lib/python3.7/site-packages/airflow/example_dags/example_branch_operator_decorator.py
[2022-11-11T21:30:09.469+0000] {processor.py:768} INFO - DAG(s) dict_keys(['example_branch_python_operator_decorator']) retrieved from /home/airflow/.local/lib/python3.7/site-packages/airflow/example_dags/example_branch_operator_decorator.py
[2022-11-11T21:30:09.529+0000] {logging_mixin.py:117} INFO - [2022-11-11T21:30:09.529+0000] {dag.py:2573} INFO - Sync 1 DAGs
[2022-11-11T21:30:09.555+0000] {logging_mixin.py:117} INFO - [2022-11-11T21:30:09.555+0000] {dag.py:3328} INFO - Setting next_dagrun for example_branch_python_operator_decorator to 2022-11-10T00:00:00+00:00, run_after=2022-11-11T00:00:00+00:00
[2022-11-11T21:30:09.578+0000] {processor.py:178} INFO - Processing /home/airflow/.local/lib/python3.7/site-packages/airflow/example_dags/example_branch_operator_decorator.py took 0.152 seconds
[2022-11-11T23:08:03.371+0000] {processor.py:156} INFO - Started process (PID=14696) to work on /home/airflow/.local/lib/python3.7/site-packages/airflow/example_dags/example_branch_operator_decorator.py
[2022-11-11T23:08:03.374+0000] {processor.py:758} INFO - Processing file /home/airflow/.local/lib/python3.7/site-packages/airflow/example_dags/example_branch_operator_decorator.py for tasks to queue
[2022-11-11T23:08:03.375+0000] {logging_mixin.py:117} INFO - [2022-11-11T23:08:03.375+0000] {dagbag.py:525} INFO - Filling up the DagBag from /home/airflow/.local/lib/python3.7/site-packages/airflow/example_dags/example_branch_operator_decorator.py
[2022-11-11T23:08:03.404+0000] {processor.py:768} INFO - DAG(s) dict_keys(['example_branch_python_operator_decorator']) retrieved from /home/airflow/.local/lib/python3.7/site-packages/airflow/example_dags/example_branch_operator_decorator.py
[2022-11-11T23:08:03.464+0000] {logging_mixin.py:117} INFO - [2022-11-11T23:08:03.464+0000] {dag.py:2573} INFO - Sync 1 DAGs
[2022-11-11T23:08:03.505+0000] {logging_mixin.py:117} INFO - [2022-11-11T23:08:03.505+0000] {dag.py:3328} INFO - Setting next_dagrun for example_branch_python_operator_decorator to 2022-11-10T00:00:00+00:00, run_after=2022-11-11T00:00:00+00:00
[2022-11-11T23:08:03.526+0000] {processor.py:178} INFO - Processing /home/airflow/.local/lib/python3.7/site-packages/airflow/example_dags/example_branch_operator_decorator.py took 0.160 seconds
