[2022-11-11T00:42:41.159+0000] {processor.py:156} INFO - Started process (PID=13751) to work on /home/airflow/.local/lib/python3.7/site-packages/airflow/example_dags/example_latest_only_with_trigger.py
[2022-11-11T00:42:41.163+0000] {processor.py:758} INFO - Processing file /home/airflow/.local/lib/python3.7/site-packages/airflow/example_dags/example_latest_only_with_trigger.py for tasks to queue
[2022-11-11T00:42:41.166+0000] {logging_mixin.py:117} INFO - [2022-11-11T00:42:41.166+0000] {dagbag.py:525} INFO - Filling up the DagBag from /home/airflow/.local/lib/python3.7/site-packages/airflow/example_dags/example_latest_only_with_trigger.py
[2022-11-11T00:42:41.201+0000] {processor.py:768} INFO - DAG(s) dict_keys(['latest_only_with_trigger']) retrieved from /home/airflow/.local/lib/python3.7/site-packages/airflow/example_dags/example_latest_only_with_trigger.py
[2022-11-11T00:42:41.270+0000] {logging_mixin.py:117} INFO - [2022-11-11T00:42:41.269+0000] {dag.py:2573} INFO - Sync 1 DAGs
[2022-11-11T00:42:41.312+0000] {logging_mixin.py:117} INFO - [2022-11-11T00:42:41.312+0000] {dag.py:3328} INFO - Setting next_dagrun for latest_only_with_trigger to 2022-11-10T20:42:41.312134+00:00, run_after=2022-11-11T00:42:41.312134+00:00
[2022-11-11T00:42:41.348+0000] {processor.py:178} INFO - Processing /home/airflow/.local/lib/python3.7/site-packages/airflow/example_dags/example_latest_only_with_trigger.py took 0.195 seconds
[2022-11-11T02:28:00.361+0000] {processor.py:156} INFO - Started process (PID=13815) to work on /home/airflow/.local/lib/python3.7/site-packages/airflow/example_dags/example_latest_only_with_trigger.py
[2022-11-11T02:28:00.372+0000] {processor.py:758} INFO - Processing file /home/airflow/.local/lib/python3.7/site-packages/airflow/example_dags/example_latest_only_with_trigger.py for tasks to queue
[2022-11-11T02:28:00.374+0000] {logging_mixin.py:117} INFO - [2022-11-11T02:28:00.374+0000] {dagbag.py:525} INFO - Filling up the DagBag from /home/airflow/.local/lib/python3.7/site-packages/airflow/example_dags/example_latest_only_with_trigger.py
[2022-11-11T02:28:00.469+0000] {processor.py:768} INFO - DAG(s) dict_keys(['latest_only_with_trigger']) retrieved from /home/airflow/.local/lib/python3.7/site-packages/airflow/example_dags/example_latest_only_with_trigger.py
[2022-11-11T02:28:00.569+0000] {logging_mixin.py:117} INFO - [2022-11-11T02:28:00.569+0000] {dag.py:2573} INFO - Sync 1 DAGs
[2022-11-11T02:28:00.602+0000] {logging_mixin.py:117} INFO - [2022-11-11T02:28:00.602+0000] {dag.py:3328} INFO - Setting next_dagrun for latest_only_with_trigger to 2022-11-10T22:28:00.601859+00:00, run_after=2022-11-11T02:28:00.601859+00:00
[2022-11-11T02:28:00.659+0000] {processor.py:178} INFO - Processing /home/airflow/.local/lib/python3.7/site-packages/airflow/example_dags/example_latest_only_with_trigger.py took 0.316 seconds
[2022-11-11T03:50:19.225+0000] {processor.py:156} INFO - Started process (PID=13870) to work on /home/airflow/.local/lib/python3.7/site-packages/airflow/example_dags/example_latest_only_with_trigger.py
[2022-11-11T03:50:19.228+0000] {processor.py:758} INFO - Processing file /home/airflow/.local/lib/python3.7/site-packages/airflow/example_dags/example_latest_only_with_trigger.py for tasks to queue
[2022-11-11T03:50:19.233+0000] {logging_mixin.py:117} INFO - [2022-11-11T03:50:19.233+0000] {dagbag.py:525} INFO - Filling up the DagBag from /home/airflow/.local/lib/python3.7/site-packages/airflow/example_dags/example_latest_only_with_trigger.py
[2022-11-11T03:50:19.266+0000] {processor.py:768} INFO - DAG(s) dict_keys(['latest_only_with_trigger']) retrieved from /home/airflow/.local/lib/python3.7/site-packages/airflow/example_dags/example_latest_only_with_trigger.py
[2022-11-11T03:50:19.480+0000] {logging_mixin.py:117} INFO - [2022-11-11T03:50:19.480+0000] {dag.py:2573} INFO - Sync 1 DAGs
[2022-11-11T03:50:19.520+0000] {logging_mixin.py:117} INFO - [2022-11-11T03:50:19.520+0000] {dag.py:3328} INFO - Setting next_dagrun for latest_only_with_trigger to 2022-11-10T23:50:19.519767+00:00, run_after=2022-11-11T03:50:19.519767+00:00
[2022-11-11T03:50:19.606+0000] {processor.py:178} INFO - Processing /home/airflow/.local/lib/python3.7/site-packages/airflow/example_dags/example_latest_only_with_trigger.py took 0.385 seconds
[2022-11-11T05:13:11.607+0000] {processor.py:156} INFO - Started process (PID=13934) to work on /home/airflow/.local/lib/python3.7/site-packages/airflow/example_dags/example_latest_only_with_trigger.py
[2022-11-11T05:13:11.614+0000] {processor.py:758} INFO - Processing file /home/airflow/.local/lib/python3.7/site-packages/airflow/example_dags/example_latest_only_with_trigger.py for tasks to queue
[2022-11-11T05:13:11.617+0000] {logging_mixin.py:117} INFO - [2022-11-11T05:13:11.617+0000] {dagbag.py:525} INFO - Filling up the DagBag from /home/airflow/.local/lib/python3.7/site-packages/airflow/example_dags/example_latest_only_with_trigger.py
[2022-11-11T05:13:11.693+0000] {processor.py:768} INFO - DAG(s) dict_keys(['latest_only_with_trigger']) retrieved from /home/airflow/.local/lib/python3.7/site-packages/airflow/example_dags/example_latest_only_with_trigger.py
[2022-11-11T05:13:11.786+0000] {logging_mixin.py:117} INFO - [2022-11-11T05:13:11.786+0000] {dag.py:2573} INFO - Sync 1 DAGs
[2022-11-11T05:13:11.840+0000] {logging_mixin.py:117} INFO - [2022-11-11T05:13:11.839+0000] {dag.py:3328} INFO - Setting next_dagrun for latest_only_with_trigger to 2022-11-11T01:13:11.839705+00:00, run_after=2022-11-11T05:13:11.839705+00:00
[2022-11-11T05:13:11.880+0000] {processor.py:178} INFO - Processing /home/airflow/.local/lib/python3.7/site-packages/airflow/example_dags/example_latest_only_with_trigger.py took 0.286 seconds
[2022-11-11T06:36:30.291+0000] {processor.py:156} INFO - Started process (PID=13989) to work on /home/airflow/.local/lib/python3.7/site-packages/airflow/example_dags/example_latest_only_with_trigger.py
[2022-11-11T06:36:30.322+0000] {processor.py:758} INFO - Processing file /home/airflow/.local/lib/python3.7/site-packages/airflow/example_dags/example_latest_only_with_trigger.py for tasks to queue
[2022-11-11T06:36:30.329+0000] {logging_mixin.py:117} INFO - [2022-11-11T06:36:30.328+0000] {dagbag.py:525} INFO - Filling up the DagBag from /home/airflow/.local/lib/python3.7/site-packages/airflow/example_dags/example_latest_only_with_trigger.py
[2022-11-11T06:36:30.392+0000] {processor.py:768} INFO - DAG(s) dict_keys(['latest_only_with_trigger']) retrieved from /home/airflow/.local/lib/python3.7/site-packages/airflow/example_dags/example_latest_only_with_trigger.py
[2022-11-11T06:36:30.493+0000] {logging_mixin.py:117} INFO - [2022-11-11T06:36:30.492+0000] {dag.py:2573} INFO - Sync 1 DAGs
[2022-11-11T06:36:30.554+0000] {logging_mixin.py:117} INFO - [2022-11-11T06:36:30.554+0000] {dag.py:3328} INFO - Setting next_dagrun for latest_only_with_trigger to 2022-11-11T02:36:30.554368+00:00, run_after=2022-11-11T06:36:30.554368+00:00
[2022-11-11T06:36:30.592+0000] {processor.py:178} INFO - Processing /home/airflow/.local/lib/python3.7/site-packages/airflow/example_dags/example_latest_only_with_trigger.py took 0.417 seconds
[2022-11-11T07:57:00.400+0000] {processor.py:156} INFO - Started process (PID=14044) to work on /home/airflow/.local/lib/python3.7/site-packages/airflow/example_dags/example_latest_only_with_trigger.py
[2022-11-11T07:57:00.412+0000] {processor.py:758} INFO - Processing file /home/airflow/.local/lib/python3.7/site-packages/airflow/example_dags/example_latest_only_with_trigger.py for tasks to queue
[2022-11-11T07:57:00.436+0000] {logging_mixin.py:117} INFO - [2022-11-11T07:57:00.436+0000] {dagbag.py:525} INFO - Filling up the DagBag from /home/airflow/.local/lib/python3.7/site-packages/airflow/example_dags/example_latest_only_with_trigger.py
[2022-11-11T07:57:00.567+0000] {processor.py:768} INFO - DAG(s) dict_keys(['latest_only_with_trigger']) retrieved from /home/airflow/.local/lib/python3.7/site-packages/airflow/example_dags/example_latest_only_with_trigger.py
[2022-11-11T07:57:00.977+0000] {logging_mixin.py:117} INFO - [2022-11-11T07:57:00.974+0000] {dag.py:2573} INFO - Sync 1 DAGs
[2022-11-11T07:57:01.070+0000] {logging_mixin.py:117} INFO - [2022-11-11T07:57:01.070+0000] {dag.py:3328} INFO - Setting next_dagrun for latest_only_with_trigger to 2022-11-11T03:57:01.070226+00:00, run_after=2022-11-11T07:57:01.070226+00:00
[2022-11-11T07:57:01.153+0000] {processor.py:178} INFO - Processing /home/airflow/.local/lib/python3.7/site-packages/airflow/example_dags/example_latest_only_with_trigger.py took 0.803 seconds
[2022-11-11T09:22:25.125+0000] {processor.py:156} INFO - Started process (PID=14108) to work on /home/airflow/.local/lib/python3.7/site-packages/airflow/example_dags/example_latest_only_with_trigger.py
[2022-11-11T09:22:25.131+0000] {processor.py:758} INFO - Processing file /home/airflow/.local/lib/python3.7/site-packages/airflow/example_dags/example_latest_only_with_trigger.py for tasks to queue
[2022-11-11T09:22:25.140+0000] {logging_mixin.py:117} INFO - [2022-11-11T09:22:25.140+0000] {dagbag.py:525} INFO - Filling up the DagBag from /home/airflow/.local/lib/python3.7/site-packages/airflow/example_dags/example_latest_only_with_trigger.py
[2022-11-11T09:22:25.320+0000] {processor.py:768} INFO - DAG(s) dict_keys(['latest_only_with_trigger']) retrieved from /home/airflow/.local/lib/python3.7/site-packages/airflow/example_dags/example_latest_only_with_trigger.py
[2022-11-11T09:22:25.618+0000] {logging_mixin.py:117} INFO - [2022-11-11T09:22:25.617+0000] {dag.py:2573} INFO - Sync 1 DAGs
[2022-11-11T09:22:25.786+0000] {logging_mixin.py:117} INFO - [2022-11-11T09:22:25.786+0000] {dag.py:3328} INFO - Setting next_dagrun for latest_only_with_trigger to 2022-11-11T05:22:25.785692+00:00, run_after=2022-11-11T09:22:25.785692+00:00
[2022-11-11T09:22:25.913+0000] {processor.py:178} INFO - Processing /home/airflow/.local/lib/python3.7/site-packages/airflow/example_dags/example_latest_only_with_trigger.py took 0.808 seconds
[2022-11-11T10:26:46.574+0000] {processor.py:156} INFO - Started process (PID=14163) to work on /home/airflow/.local/lib/python3.7/site-packages/airflow/example_dags/example_latest_only_with_trigger.py
[2022-11-11T10:26:46.604+0000] {processor.py:758} INFO - Processing file /home/airflow/.local/lib/python3.7/site-packages/airflow/example_dags/example_latest_only_with_trigger.py for tasks to queue
[2022-11-11T10:26:46.613+0000] {logging_mixin.py:117} INFO - [2022-11-11T10:26:46.613+0000] {dagbag.py:525} INFO - Filling up the DagBag from /home/airflow/.local/lib/python3.7/site-packages/airflow/example_dags/example_latest_only_with_trigger.py
[2022-11-11T10:26:46.766+0000] {processor.py:768} INFO - DAG(s) dict_keys(['latest_only_with_trigger']) retrieved from /home/airflow/.local/lib/python3.7/site-packages/airflow/example_dags/example_latest_only_with_trigger.py
[2022-11-11T10:26:47.182+0000] {logging_mixin.py:117} INFO - [2022-11-11T10:26:47.182+0000] {dag.py:2573} INFO - Sync 1 DAGs
[2022-11-11T10:26:47.250+0000] {logging_mixin.py:117} INFO - [2022-11-11T10:26:47.249+0000] {dag.py:3328} INFO - Setting next_dagrun for latest_only_with_trigger to 2022-11-11T06:26:47.247623+00:00, run_after=2022-11-11T10:26:47.247623+00:00
[2022-11-11T10:26:47.335+0000] {processor.py:178} INFO - Processing /home/airflow/.local/lib/python3.7/site-packages/airflow/example_dags/example_latest_only_with_trigger.py took 0.823 seconds
[2022-11-11T11:52:18.118+0000] {processor.py:156} INFO - Started process (PID=14218) to work on /home/airflow/.local/lib/python3.7/site-packages/airflow/example_dags/example_latest_only_with_trigger.py
[2022-11-11T11:52:18.122+0000] {processor.py:758} INFO - Processing file /home/airflow/.local/lib/python3.7/site-packages/airflow/example_dags/example_latest_only_with_trigger.py for tasks to queue
[2022-11-11T11:52:18.126+0000] {logging_mixin.py:117} INFO - [2022-11-11T11:52:18.126+0000] {dagbag.py:525} INFO - Filling up the DagBag from /home/airflow/.local/lib/python3.7/site-packages/airflow/example_dags/example_latest_only_with_trigger.py
[2022-11-11T11:52:18.257+0000] {processor.py:768} INFO - DAG(s) dict_keys(['latest_only_with_trigger']) retrieved from /home/airflow/.local/lib/python3.7/site-packages/airflow/example_dags/example_latest_only_with_trigger.py
[2022-11-11T11:52:18.684+0000] {logging_mixin.py:117} INFO - [2022-11-11T11:52:18.677+0000] {dag.py:2573} INFO - Sync 1 DAGs
[2022-11-11T11:52:18.783+0000] {logging_mixin.py:117} INFO - [2022-11-11T11:52:18.782+0000] {dag.py:3328} INFO - Setting next_dagrun for latest_only_with_trigger to 2022-11-11T07:52:18.781382+00:00, run_after=2022-11-11T11:52:18.781382+00:00
[2022-11-11T11:52:18.830+0000] {processor.py:178} INFO - Processing /home/airflow/.local/lib/python3.7/site-packages/airflow/example_dags/example_latest_only_with_trigger.py took 0.718 seconds
[2022-11-11T13:17:11.698+0000] {processor.py:156} INFO - Started process (PID=14273) to work on /home/airflow/.local/lib/python3.7/site-packages/airflow/example_dags/example_latest_only_with_trigger.py
[2022-11-11T13:17:11.701+0000] {processor.py:758} INFO - Processing file /home/airflow/.local/lib/python3.7/site-packages/airflow/example_dags/example_latest_only_with_trigger.py for tasks to queue
[2022-11-11T13:17:11.703+0000] {logging_mixin.py:117} INFO - [2022-11-11T13:17:11.702+0000] {dagbag.py:525} INFO - Filling up the DagBag from /home/airflow/.local/lib/python3.7/site-packages/airflow/example_dags/example_latest_only_with_trigger.py
[2022-11-11T13:17:11.721+0000] {processor.py:768} INFO - DAG(s) dict_keys(['latest_only_with_trigger']) retrieved from /home/airflow/.local/lib/python3.7/site-packages/airflow/example_dags/example_latest_only_with_trigger.py
[2022-11-11T13:17:11.849+0000] {logging_mixin.py:117} INFO - [2022-11-11T13:17:11.849+0000] {dag.py:2573} INFO - Sync 1 DAGs
[2022-11-11T13:17:12.220+0000] {logging_mixin.py:117} INFO - [2022-11-11T13:17:12.220+0000] {dag.py:3328} INFO - Setting next_dagrun for latest_only_with_trigger to 2022-11-11T09:17:12.215936+00:00, run_after=2022-11-11T13:17:12.215936+00:00
[2022-11-11T13:17:12.363+0000] {processor.py:178} INFO - Processing /home/airflow/.local/lib/python3.7/site-packages/airflow/example_dags/example_latest_only_with_trigger.py took 0.668 seconds
[2022-11-11T14:25:14.951+0000] {processor.py:156} INFO - Started process (PID=14337) to work on /home/airflow/.local/lib/python3.7/site-packages/airflow/example_dags/example_latest_only_with_trigger.py
[2022-11-11T14:25:14.957+0000] {processor.py:758} INFO - Processing file /home/airflow/.local/lib/python3.7/site-packages/airflow/example_dags/example_latest_only_with_trigger.py for tasks to queue
[2022-11-11T14:25:14.958+0000] {logging_mixin.py:117} INFO - [2022-11-11T14:25:14.958+0000] {dagbag.py:525} INFO - Filling up the DagBag from /home/airflow/.local/lib/python3.7/site-packages/airflow/example_dags/example_latest_only_with_trigger.py
[2022-11-11T14:25:15.085+0000] {processor.py:768} INFO - DAG(s) dict_keys(['latest_only_with_trigger']) retrieved from /home/airflow/.local/lib/python3.7/site-packages/airflow/example_dags/example_latest_only_with_trigger.py
[2022-11-11T14:25:15.135+0000] {logging_mixin.py:117} INFO - [2022-11-11T14:25:15.135+0000] {dag.py:2573} INFO - Sync 1 DAGs
[2022-11-11T14:25:15.156+0000] {logging_mixin.py:117} INFO - [2022-11-11T14:25:15.156+0000] {dag.py:3328} INFO - Setting next_dagrun for latest_only_with_trigger to 2022-11-11T10:25:15.156666+00:00, run_after=2022-11-11T14:25:15.156666+00:00
[2022-11-11T14:25:15.171+0000] {processor.py:178} INFO - Processing /home/airflow/.local/lib/python3.7/site-packages/airflow/example_dags/example_latest_only_with_trigger.py took 0.251 seconds
[2022-11-11T15:46:02.462+0000] {processor.py:156} INFO - Started process (PID=14391) to work on /home/airflow/.local/lib/python3.7/site-packages/airflow/example_dags/example_latest_only_with_trigger.py
[2022-11-11T15:46:02.467+0000] {processor.py:758} INFO - Processing file /home/airflow/.local/lib/python3.7/site-packages/airflow/example_dags/example_latest_only_with_trigger.py for tasks to queue
[2022-11-11T15:46:02.473+0000] {logging_mixin.py:117} INFO - [2022-11-11T15:46:02.473+0000] {dagbag.py:525} INFO - Filling up the DagBag from /home/airflow/.local/lib/python3.7/site-packages/airflow/example_dags/example_latest_only_with_trigger.py
[2022-11-11T15:46:02.510+0000] {processor.py:768} INFO - DAG(s) dict_keys(['latest_only_with_trigger']) retrieved from /home/airflow/.local/lib/python3.7/site-packages/airflow/example_dags/example_latest_only_with_trigger.py
[2022-11-11T15:46:02.584+0000] {logging_mixin.py:117} INFO - [2022-11-11T15:46:02.584+0000] {dag.py:2573} INFO - Sync 1 DAGs
[2022-11-11T15:46:02.615+0000] {logging_mixin.py:117} INFO - [2022-11-11T15:46:02.615+0000] {dag.py:3328} INFO - Setting next_dagrun for latest_only_with_trigger to 2022-11-11T11:46:02.615021+00:00, run_after=2022-11-11T15:46:02.615021+00:00
[2022-11-11T15:46:02.634+0000] {processor.py:178} INFO - Processing /home/airflow/.local/lib/python3.7/site-packages/airflow/example_dags/example_latest_only_with_trigger.py took 0.176 seconds
[2022-11-11T17:04:37.658+0000] {processor.py:156} INFO - Started process (PID=14446) to work on /home/airflow/.local/lib/python3.7/site-packages/airflow/example_dags/example_latest_only_with_trigger.py
[2022-11-11T17:04:37.674+0000] {processor.py:758} INFO - Processing file /home/airflow/.local/lib/python3.7/site-packages/airflow/example_dags/example_latest_only_with_trigger.py for tasks to queue
[2022-11-11T17:04:37.683+0000] {logging_mixin.py:117} INFO - [2022-11-11T17:04:37.683+0000] {dagbag.py:525} INFO - Filling up the DagBag from /home/airflow/.local/lib/python3.7/site-packages/airflow/example_dags/example_latest_only_with_trigger.py
[2022-11-11T17:04:37.774+0000] {processor.py:768} INFO - DAG(s) dict_keys(['latest_only_with_trigger']) retrieved from /home/airflow/.local/lib/python3.7/site-packages/airflow/example_dags/example_latest_only_with_trigger.py
[2022-11-11T17:04:38.080+0000] {logging_mixin.py:117} INFO - [2022-11-11T17:04:38.080+0000] {dag.py:2573} INFO - Sync 1 DAGs
[2022-11-11T17:04:38.209+0000] {logging_mixin.py:117} INFO - [2022-11-11T17:04:38.208+0000] {dag.py:3328} INFO - Setting next_dagrun for latest_only_with_trigger to 2022-11-11T13:04:38.203772+00:00, run_after=2022-11-11T17:04:38.203772+00:00
[2022-11-11T17:04:38.339+0000] {processor.py:178} INFO - Processing /home/airflow/.local/lib/python3.7/site-packages/airflow/example_dags/example_latest_only_with_trigger.py took 0.697 seconds
[2022-11-11T18:43:59.197+0000] {processor.py:156} INFO - Started process (PID=14510) to work on /home/airflow/.local/lib/python3.7/site-packages/airflow/example_dags/example_latest_only_with_trigger.py
[2022-11-11T18:43:59.209+0000] {processor.py:758} INFO - Processing file /home/airflow/.local/lib/python3.7/site-packages/airflow/example_dags/example_latest_only_with_trigger.py for tasks to queue
[2022-11-11T18:43:59.212+0000] {logging_mixin.py:117} INFO - [2022-11-11T18:43:59.211+0000] {dagbag.py:525} INFO - Filling up the DagBag from /home/airflow/.local/lib/python3.7/site-packages/airflow/example_dags/example_latest_only_with_trigger.py
[2022-11-11T18:43:59.254+0000] {processor.py:768} INFO - DAG(s) dict_keys(['latest_only_with_trigger']) retrieved from /home/airflow/.local/lib/python3.7/site-packages/airflow/example_dags/example_latest_only_with_trigger.py
[2022-11-11T18:43:59.363+0000] {logging_mixin.py:117} INFO - [2022-11-11T18:43:59.363+0000] {dag.py:2573} INFO - Sync 1 DAGs
[2022-11-11T18:43:59.463+0000] {logging_mixin.py:117} INFO - [2022-11-11T18:43:59.463+0000] {dag.py:3328} INFO - Setting next_dagrun for latest_only_with_trigger to 2022-11-11T14:43:59.463062+00:00, run_after=2022-11-11T18:43:59.463062+00:00
[2022-11-11T18:43:59.505+0000] {processor.py:178} INFO - Processing /home/airflow/.local/lib/python3.7/site-packages/airflow/example_dags/example_latest_only_with_trigger.py took 0.341 seconds
[2022-11-11T20:08:12.357+0000] {processor.py:156} INFO - Started process (PID=14566) to work on /home/airflow/.local/lib/python3.7/site-packages/airflow/example_dags/example_latest_only_with_trigger.py
[2022-11-11T20:08:12.365+0000] {processor.py:758} INFO - Processing file /home/airflow/.local/lib/python3.7/site-packages/airflow/example_dags/example_latest_only_with_trigger.py for tasks to queue
[2022-11-11T20:08:12.367+0000] {logging_mixin.py:117} INFO - [2022-11-11T20:08:12.367+0000] {dagbag.py:525} INFO - Filling up the DagBag from /home/airflow/.local/lib/python3.7/site-packages/airflow/example_dags/example_latest_only_with_trigger.py
[2022-11-11T20:08:12.468+0000] {processor.py:768} INFO - DAG(s) dict_keys(['latest_only_with_trigger']) retrieved from /home/airflow/.local/lib/python3.7/site-packages/airflow/example_dags/example_latest_only_with_trigger.py
[2022-11-11T20:08:12.811+0000] {logging_mixin.py:117} INFO - [2022-11-11T20:08:12.811+0000] {dag.py:2573} INFO - Sync 1 DAGs
[2022-11-11T20:08:12.892+0000] {logging_mixin.py:117} INFO - [2022-11-11T20:08:12.892+0000] {dag.py:3328} INFO - Setting next_dagrun for latest_only_with_trigger to 2022-11-11T16:08:12.891940+00:00, run_after=2022-11-11T20:08:12.891940+00:00
[2022-11-11T20:08:14.010+0000] {processor.py:178} INFO - Processing /home/airflow/.local/lib/python3.7/site-packages/airflow/example_dags/example_latest_only_with_trigger.py took 1.663 seconds
[2022-11-11T21:30:02.208+0000] {processor.py:156} INFO - Started process (PID=14621) to work on /home/airflow/.local/lib/python3.7/site-packages/airflow/example_dags/example_latest_only_with_trigger.py
[2022-11-11T21:30:02.214+0000] {processor.py:758} INFO - Processing file /home/airflow/.local/lib/python3.7/site-packages/airflow/example_dags/example_latest_only_with_trigger.py for tasks to queue
[2022-11-11T21:30:02.219+0000] {logging_mixin.py:117} INFO - [2022-11-11T21:30:02.219+0000] {dagbag.py:525} INFO - Filling up the DagBag from /home/airflow/.local/lib/python3.7/site-packages/airflow/example_dags/example_latest_only_with_trigger.py
[2022-11-11T21:30:02.270+0000] {processor.py:768} INFO - DAG(s) dict_keys(['latest_only_with_trigger']) retrieved from /home/airflow/.local/lib/python3.7/site-packages/airflow/example_dags/example_latest_only_with_trigger.py
[2022-11-11T21:30:02.502+0000] {logging_mixin.py:117} INFO - [2022-11-11T21:30:02.502+0000] {dag.py:2573} INFO - Sync 1 DAGs
[2022-11-11T21:30:02.544+0000] {logging_mixin.py:117} INFO - [2022-11-11T21:30:02.543+0000] {dag.py:3328} INFO - Setting next_dagrun for latest_only_with_trigger to 2022-11-11T17:30:02.543640+00:00, run_after=2022-11-11T21:30:02.543640+00:00
[2022-11-11T21:30:02.593+0000] {processor.py:178} INFO - Processing /home/airflow/.local/lib/python3.7/site-packages/airflow/example_dags/example_latest_only_with_trigger.py took 0.391 seconds
[2022-11-11T23:08:00.923+0000] {processor.py:156} INFO - Started process (PID=14683) to work on /home/airflow/.local/lib/python3.7/site-packages/airflow/example_dags/example_latest_only_with_trigger.py
[2022-11-11T23:08:00.931+0000] {processor.py:758} INFO - Processing file /home/airflow/.local/lib/python3.7/site-packages/airflow/example_dags/example_latest_only_with_trigger.py for tasks to queue
[2022-11-11T23:08:00.935+0000] {logging_mixin.py:117} INFO - [2022-11-11T23:08:00.934+0000] {dagbag.py:525} INFO - Filling up the DagBag from /home/airflow/.local/lib/python3.7/site-packages/airflow/example_dags/example_latest_only_with_trigger.py
[2022-11-11T23:08:01.062+0000] {processor.py:768} INFO - DAG(s) dict_keys(['latest_only_with_trigger']) retrieved from /home/airflow/.local/lib/python3.7/site-packages/airflow/example_dags/example_latest_only_with_trigger.py
[2022-11-11T23:08:01.231+0000] {logging_mixin.py:117} INFO - [2022-11-11T23:08:01.231+0000] {dag.py:2573} INFO - Sync 1 DAGs
[2022-11-11T23:08:01.396+0000] {logging_mixin.py:117} INFO - [2022-11-11T23:08:01.396+0000] {dag.py:3328} INFO - Setting next_dagrun for latest_only_with_trigger to 2022-11-11T19:08:01.396305+00:00, run_after=2022-11-11T23:08:01.396305+00:00
[2022-11-11T23:08:01.443+0000] {processor.py:178} INFO - Processing /home/airflow/.local/lib/python3.7/site-packages/airflow/example_dags/example_latest_only_with_trigger.py took 0.542 seconds
