[2022-11-11T00:42:43.251+0000] {processor.py:156} INFO - Started process (PID=13760) to work on /home/airflow/.local/lib/python3.7/site-packages/airflow/example_dags/example_bash_operator.py
[2022-11-11T00:42:43.257+0000] {processor.py:758} INFO - Processing file /home/airflow/.local/lib/python3.7/site-packages/airflow/example_dags/example_bash_operator.py for tasks to queue
[2022-11-11T00:42:43.263+0000] {logging_mixin.py:117} INFO - [2022-11-11T00:42:43.262+0000] {dagbag.py:525} INFO - Filling up the DagBag from /home/airflow/.local/lib/python3.7/site-packages/airflow/example_dags/example_bash_operator.py
[2022-11-11T00:42:43.400+0000] {processor.py:768} INFO - DAG(s) dict_keys(['example_bash_operator']) retrieved from /home/airflow/.local/lib/python3.7/site-packages/airflow/example_dags/example_bash_operator.py
[2022-11-11T00:42:43.843+0000] {logging_mixin.py:117} INFO - [2022-11-11T00:42:43.843+0000] {dag.py:2573} INFO - Sync 1 DAGs
[2022-11-11T00:42:43.912+0000] {logging_mixin.py:117} INFO - [2022-11-11T00:42:43.912+0000] {dag.py:3328} INFO - Setting next_dagrun for example_bash_operator to 2022-11-10T00:00:00+00:00, run_after=2022-11-11T00:00:00+00:00
[2022-11-11T00:42:44.062+0000] {processor.py:178} INFO - Processing /home/airflow/.local/lib/python3.7/site-packages/airflow/example_dags/example_bash_operator.py took 0.817 seconds
[2022-11-11T02:28:01.699+0000] {processor.py:156} INFO - Started process (PID=13824) to work on /home/airflow/.local/lib/python3.7/site-packages/airflow/example_dags/example_bash_operator.py
[2022-11-11T02:28:01.703+0000] {processor.py:758} INFO - Processing file /home/airflow/.local/lib/python3.7/site-packages/airflow/example_dags/example_bash_operator.py for tasks to queue
[2022-11-11T02:28:01.706+0000] {logging_mixin.py:117} INFO - [2022-11-11T02:28:01.705+0000] {dagbag.py:525} INFO - Filling up the DagBag from /home/airflow/.local/lib/python3.7/site-packages/airflow/example_dags/example_bash_operator.py
[2022-11-11T02:28:01.735+0000] {processor.py:768} INFO - DAG(s) dict_keys(['example_bash_operator']) retrieved from /home/airflow/.local/lib/python3.7/site-packages/airflow/example_dags/example_bash_operator.py
[2022-11-11T02:28:01.841+0000] {logging_mixin.py:117} INFO - [2022-11-11T02:28:01.841+0000] {dag.py:2573} INFO - Sync 1 DAGs
[2022-11-11T02:28:01.955+0000] {logging_mixin.py:117} INFO - [2022-11-11T02:28:01.955+0000] {dag.py:3328} INFO - Setting next_dagrun for example_bash_operator to 2022-11-10T00:00:00+00:00, run_after=2022-11-11T00:00:00+00:00
[2022-11-11T02:28:01.978+0000] {processor.py:178} INFO - Processing /home/airflow/.local/lib/python3.7/site-packages/airflow/example_dags/example_bash_operator.py took 0.290 seconds
[2022-11-11T03:50:23.157+0000] {processor.py:156} INFO - Started process (PID=13879) to work on /home/airflow/.local/lib/python3.7/site-packages/airflow/example_dags/example_bash_operator.py
[2022-11-11T03:50:23.159+0000] {processor.py:758} INFO - Processing file /home/airflow/.local/lib/python3.7/site-packages/airflow/example_dags/example_bash_operator.py for tasks to queue
[2022-11-11T03:50:23.163+0000] {logging_mixin.py:117} INFO - [2022-11-11T03:50:23.163+0000] {dagbag.py:525} INFO - Filling up the DagBag from /home/airflow/.local/lib/python3.7/site-packages/airflow/example_dags/example_bash_operator.py
[2022-11-11T03:50:23.203+0000] {processor.py:768} INFO - DAG(s) dict_keys(['example_bash_operator']) retrieved from /home/airflow/.local/lib/python3.7/site-packages/airflow/example_dags/example_bash_operator.py
[2022-11-11T03:50:23.266+0000] {logging_mixin.py:117} INFO - [2022-11-11T03:50:23.266+0000] {dag.py:2573} INFO - Sync 1 DAGs
[2022-11-11T03:50:23.330+0000] {logging_mixin.py:117} INFO - [2022-11-11T03:50:23.330+0000] {dag.py:3328} INFO - Setting next_dagrun for example_bash_operator to 2022-11-10T00:00:00+00:00, run_after=2022-11-11T00:00:00+00:00
[2022-11-11T03:50:23.370+0000] {processor.py:178} INFO - Processing /home/airflow/.local/lib/python3.7/site-packages/airflow/example_dags/example_bash_operator.py took 0.223 seconds
[2022-11-11T05:13:13.727+0000] {processor.py:156} INFO - Started process (PID=13943) to work on /home/airflow/.local/lib/python3.7/site-packages/airflow/example_dags/example_bash_operator.py
[2022-11-11T05:13:13.731+0000] {processor.py:758} INFO - Processing file /home/airflow/.local/lib/python3.7/site-packages/airflow/example_dags/example_bash_operator.py for tasks to queue
[2022-11-11T05:13:13.733+0000] {logging_mixin.py:117} INFO - [2022-11-11T05:13:13.733+0000] {dagbag.py:525} INFO - Filling up the DagBag from /home/airflow/.local/lib/python3.7/site-packages/airflow/example_dags/example_bash_operator.py
[2022-11-11T05:13:13.914+0000] {processor.py:768} INFO - DAG(s) dict_keys(['example_bash_operator']) retrieved from /home/airflow/.local/lib/python3.7/site-packages/airflow/example_dags/example_bash_operator.py
[2022-11-11T05:13:14.012+0000] {logging_mixin.py:117} INFO - [2022-11-11T05:13:14.012+0000] {dag.py:2573} INFO - Sync 1 DAGs
[2022-11-11T05:13:14.114+0000] {logging_mixin.py:117} INFO - [2022-11-11T05:13:14.114+0000] {dag.py:3328} INFO - Setting next_dagrun for example_bash_operator to 2022-11-10T00:00:00+00:00, run_after=2022-11-11T00:00:00+00:00
[2022-11-11T05:13:14.160+0000] {processor.py:178} INFO - Processing /home/airflow/.local/lib/python3.7/site-packages/airflow/example_dags/example_bash_operator.py took 0.438 seconds
[2022-11-11T06:36:32.832+0000] {processor.py:156} INFO - Started process (PID=13998) to work on /home/airflow/.local/lib/python3.7/site-packages/airflow/example_dags/example_bash_operator.py
[2022-11-11T06:36:32.834+0000] {processor.py:758} INFO - Processing file /home/airflow/.local/lib/python3.7/site-packages/airflow/example_dags/example_bash_operator.py for tasks to queue
[2022-11-11T06:36:32.836+0000] {logging_mixin.py:117} INFO - [2022-11-11T06:36:32.836+0000] {dagbag.py:525} INFO - Filling up the DagBag from /home/airflow/.local/lib/python3.7/site-packages/airflow/example_dags/example_bash_operator.py
[2022-11-11T06:36:32.895+0000] {processor.py:768} INFO - DAG(s) dict_keys(['example_bash_operator']) retrieved from /home/airflow/.local/lib/python3.7/site-packages/airflow/example_dags/example_bash_operator.py
[2022-11-11T06:36:32.976+0000] {logging_mixin.py:117} INFO - [2022-11-11T06:36:32.976+0000] {dag.py:2573} INFO - Sync 1 DAGs
[2022-11-11T06:36:33.032+0000] {logging_mixin.py:117} INFO - [2022-11-11T06:36:33.031+0000] {dag.py:3328} INFO - Setting next_dagrun for example_bash_operator to 2022-11-10T00:00:00+00:00, run_after=2022-11-11T00:00:00+00:00
[2022-11-11T06:36:33.088+0000] {processor.py:178} INFO - Processing /home/airflow/.local/lib/python3.7/site-packages/airflow/example_dags/example_bash_operator.py took 0.259 seconds
[2022-11-11T07:57:03.582+0000] {processor.py:156} INFO - Started process (PID=14053) to work on /home/airflow/.local/lib/python3.7/site-packages/airflow/example_dags/example_bash_operator.py
[2022-11-11T07:57:03.609+0000] {processor.py:758} INFO - Processing file /home/airflow/.local/lib/python3.7/site-packages/airflow/example_dags/example_bash_operator.py for tasks to queue
[2022-11-11T07:57:03.611+0000] {logging_mixin.py:117} INFO - [2022-11-11T07:57:03.611+0000] {dagbag.py:525} INFO - Filling up the DagBag from /home/airflow/.local/lib/python3.7/site-packages/airflow/example_dags/example_bash_operator.py
[2022-11-11T07:57:03.810+0000] {processor.py:768} INFO - DAG(s) dict_keys(['example_bash_operator']) retrieved from /home/airflow/.local/lib/python3.7/site-packages/airflow/example_dags/example_bash_operator.py
[2022-11-11T07:57:04.803+0000] {logging_mixin.py:117} INFO - [2022-11-11T07:57:04.803+0000] {dag.py:2573} INFO - Sync 1 DAGs
[2022-11-11T07:57:04.911+0000] {logging_mixin.py:117} INFO - [2022-11-11T07:57:04.911+0000] {dag.py:3328} INFO - Setting next_dagrun for example_bash_operator to 2022-11-10T00:00:00+00:00, run_after=2022-11-11T00:00:00+00:00
[2022-11-11T07:57:04.967+0000] {processor.py:178} INFO - Processing /home/airflow/.local/lib/python3.7/site-packages/airflow/example_dags/example_bash_operator.py took 1.471 seconds
[2022-11-11T09:22:28.768+0000] {processor.py:156} INFO - Started process (PID=14127) to work on /home/airflow/.local/lib/python3.7/site-packages/airflow/example_dags/example_bash_operator.py
[2022-11-11T09:22:28.771+0000] {processor.py:758} INFO - Processing file /home/airflow/.local/lib/python3.7/site-packages/airflow/example_dags/example_bash_operator.py for tasks to queue
[2022-11-11T09:22:28.773+0000] {logging_mixin.py:117} INFO - [2022-11-11T09:22:28.773+0000] {dagbag.py:525} INFO - Filling up the DagBag from /home/airflow/.local/lib/python3.7/site-packages/airflow/example_dags/example_bash_operator.py
[2022-11-11T09:22:28.818+0000] {processor.py:768} INFO - DAG(s) dict_keys(['example_bash_operator']) retrieved from /home/airflow/.local/lib/python3.7/site-packages/airflow/example_dags/example_bash_operator.py
[2022-11-11T09:22:28.907+0000] {logging_mixin.py:117} INFO - [2022-11-11T09:22:28.907+0000] {dag.py:2573} INFO - Sync 1 DAGs
[2022-11-11T09:22:28.964+0000] {logging_mixin.py:117} INFO - [2022-11-11T09:22:28.964+0000] {dag.py:3328} INFO - Setting next_dagrun for example_bash_operator to 2022-11-10T00:00:00+00:00, run_after=2022-11-11T00:00:00+00:00
[2022-11-11T09:22:28.997+0000] {processor.py:178} INFO - Processing /home/airflow/.local/lib/python3.7/site-packages/airflow/example_dags/example_bash_operator.py took 0.233 seconds
[2022-11-11T10:26:50.513+0000] {processor.py:156} INFO - Started process (PID=14172) to work on /home/airflow/.local/lib/python3.7/site-packages/airflow/example_dags/example_bash_operator.py
[2022-11-11T10:26:50.515+0000] {processor.py:758} INFO - Processing file /home/airflow/.local/lib/python3.7/site-packages/airflow/example_dags/example_bash_operator.py for tasks to queue
[2022-11-11T10:26:50.516+0000] {logging_mixin.py:117} INFO - [2022-11-11T10:26:50.516+0000] {dagbag.py:525} INFO - Filling up the DagBag from /home/airflow/.local/lib/python3.7/site-packages/airflow/example_dags/example_bash_operator.py
[2022-11-11T10:26:50.544+0000] {processor.py:768} INFO - DAG(s) dict_keys(['example_bash_operator']) retrieved from /home/airflow/.local/lib/python3.7/site-packages/airflow/example_dags/example_bash_operator.py
[2022-11-11T10:26:50.623+0000] {logging_mixin.py:117} INFO - [2022-11-11T10:26:50.623+0000] {dag.py:2573} INFO - Sync 1 DAGs
[2022-11-11T10:26:50.661+0000] {logging_mixin.py:117} INFO - [2022-11-11T10:26:50.659+0000] {dag.py:3328} INFO - Setting next_dagrun for example_bash_operator to 2022-11-10T00:00:00+00:00, run_after=2022-11-11T00:00:00+00:00
[2022-11-11T10:26:50.690+0000] {processor.py:178} INFO - Processing /home/airflow/.local/lib/python3.7/site-packages/airflow/example_dags/example_bash_operator.py took 0.180 seconds
[2022-11-11T11:52:23.630+0000] {processor.py:156} INFO - Started process (PID=14234) to work on /home/airflow/.local/lib/python3.7/site-packages/airflow/example_dags/example_bash_operator.py
[2022-11-11T11:52:23.638+0000] {processor.py:758} INFO - Processing file /home/airflow/.local/lib/python3.7/site-packages/airflow/example_dags/example_bash_operator.py for tasks to queue
[2022-11-11T11:52:23.640+0000] {logging_mixin.py:117} INFO - [2022-11-11T11:52:23.640+0000] {dagbag.py:525} INFO - Filling up the DagBag from /home/airflow/.local/lib/python3.7/site-packages/airflow/example_dags/example_bash_operator.py
[2022-11-11T11:52:23.732+0000] {processor.py:768} INFO - DAG(s) dict_keys(['example_bash_operator']) retrieved from /home/airflow/.local/lib/python3.7/site-packages/airflow/example_dags/example_bash_operator.py
[2022-11-11T11:52:23.889+0000] {logging_mixin.py:117} INFO - [2022-11-11T11:52:23.889+0000] {dag.py:2573} INFO - Sync 1 DAGs
[2022-11-11T11:52:23.998+0000] {logging_mixin.py:117} INFO - [2022-11-11T11:52:23.998+0000] {dag.py:3328} INFO - Setting next_dagrun for example_bash_operator to 2022-11-10T00:00:00+00:00, run_after=2022-11-11T00:00:00+00:00
[2022-11-11T11:52:24.072+0000] {processor.py:178} INFO - Processing /home/airflow/.local/lib/python3.7/site-packages/airflow/example_dags/example_bash_operator.py took 0.451 seconds
[2022-11-11T13:17:17.095+0000] {processor.py:156} INFO - Started process (PID=14291) to work on /home/airflow/.local/lib/python3.7/site-packages/airflow/example_dags/example_bash_operator.py
[2022-11-11T13:17:17.100+0000] {processor.py:758} INFO - Processing file /home/airflow/.local/lib/python3.7/site-packages/airflow/example_dags/example_bash_operator.py for tasks to queue
[2022-11-11T13:17:17.103+0000] {logging_mixin.py:117} INFO - [2022-11-11T13:17:17.103+0000] {dagbag.py:525} INFO - Filling up the DagBag from /home/airflow/.local/lib/python3.7/site-packages/airflow/example_dags/example_bash_operator.py
[2022-11-11T13:17:17.191+0000] {processor.py:768} INFO - DAG(s) dict_keys(['example_bash_operator']) retrieved from /home/airflow/.local/lib/python3.7/site-packages/airflow/example_dags/example_bash_operator.py
[2022-11-11T13:17:17.296+0000] {logging_mixin.py:117} INFO - [2022-11-11T13:17:17.296+0000] {dag.py:2573} INFO - Sync 1 DAGs
[2022-11-11T13:17:17.568+0000] {logging_mixin.py:117} INFO - [2022-11-11T13:17:17.567+0000] {dag.py:3328} INFO - Setting next_dagrun for example_bash_operator to 2022-11-10T00:00:00+00:00, run_after=2022-11-11T00:00:00+00:00
[2022-11-11T13:17:17.629+0000] {processor.py:178} INFO - Processing /home/airflow/.local/lib/python3.7/site-packages/airflow/example_dags/example_bash_operator.py took 0.537 seconds
[2022-11-11T14:25:16.052+0000] {processor.py:156} INFO - Started process (PID=14346) to work on /home/airflow/.local/lib/python3.7/site-packages/airflow/example_dags/example_bash_operator.py
[2022-11-11T14:25:16.055+0000] {processor.py:758} INFO - Processing file /home/airflow/.local/lib/python3.7/site-packages/airflow/example_dags/example_bash_operator.py for tasks to queue
[2022-11-11T14:25:16.056+0000] {logging_mixin.py:117} INFO - [2022-11-11T14:25:16.056+0000] {dagbag.py:525} INFO - Filling up the DagBag from /home/airflow/.local/lib/python3.7/site-packages/airflow/example_dags/example_bash_operator.py
[2022-11-11T14:25:16.094+0000] {processor.py:768} INFO - DAG(s) dict_keys(['example_bash_operator']) retrieved from /home/airflow/.local/lib/python3.7/site-packages/airflow/example_dags/example_bash_operator.py
[2022-11-11T14:25:16.159+0000] {logging_mixin.py:117} INFO - [2022-11-11T14:25:16.159+0000] {dag.py:2573} INFO - Sync 1 DAGs
[2022-11-11T14:25:16.182+0000] {logging_mixin.py:117} INFO - [2022-11-11T14:25:16.182+0000] {dag.py:3328} INFO - Setting next_dagrun for example_bash_operator to 2022-11-10T00:00:00+00:00, run_after=2022-11-11T00:00:00+00:00
[2022-11-11T14:25:16.232+0000] {processor.py:178} INFO - Processing /home/airflow/.local/lib/python3.7/site-packages/airflow/example_dags/example_bash_operator.py took 0.185 seconds
[2022-11-11T15:46:04.476+0000] {processor.py:156} INFO - Started process (PID=14400) to work on /home/airflow/.local/lib/python3.7/site-packages/airflow/example_dags/example_bash_operator.py
[2022-11-11T15:46:04.477+0000] {processor.py:758} INFO - Processing file /home/airflow/.local/lib/python3.7/site-packages/airflow/example_dags/example_bash_operator.py for tasks to queue
[2022-11-11T15:46:04.479+0000] {logging_mixin.py:117} INFO - [2022-11-11T15:46:04.479+0000] {dagbag.py:525} INFO - Filling up the DagBag from /home/airflow/.local/lib/python3.7/site-packages/airflow/example_dags/example_bash_operator.py
[2022-11-11T15:46:04.503+0000] {processor.py:768} INFO - DAG(s) dict_keys(['example_bash_operator']) retrieved from /home/airflow/.local/lib/python3.7/site-packages/airflow/example_dags/example_bash_operator.py
[2022-11-11T15:46:04.534+0000] {logging_mixin.py:117} INFO - [2022-11-11T15:46:04.534+0000] {dag.py:2573} INFO - Sync 1 DAGs
[2022-11-11T15:46:04.553+0000] {logging_mixin.py:117} INFO - [2022-11-11T15:46:04.553+0000] {dag.py:3328} INFO - Setting next_dagrun for example_bash_operator to 2022-11-10T00:00:00+00:00, run_after=2022-11-11T00:00:00+00:00
[2022-11-11T15:46:04.566+0000] {processor.py:178} INFO - Processing /home/airflow/.local/lib/python3.7/site-packages/airflow/example_dags/example_bash_operator.py took 0.092 seconds
[2022-11-11T17:04:43.961+0000] {processor.py:156} INFO - Started process (PID=14464) to work on /home/airflow/.local/lib/python3.7/site-packages/airflow/example_dags/example_bash_operator.py
[2022-11-11T17:04:43.985+0000] {processor.py:758} INFO - Processing file /home/airflow/.local/lib/python3.7/site-packages/airflow/example_dags/example_bash_operator.py for tasks to queue
[2022-11-11T17:04:43.987+0000] {logging_mixin.py:117} INFO - [2022-11-11T17:04:43.987+0000] {dagbag.py:525} INFO - Filling up the DagBag from /home/airflow/.local/lib/python3.7/site-packages/airflow/example_dags/example_bash_operator.py
[2022-11-11T17:04:44.150+0000] {processor.py:768} INFO - DAG(s) dict_keys(['example_bash_operator']) retrieved from /home/airflow/.local/lib/python3.7/site-packages/airflow/example_dags/example_bash_operator.py
[2022-11-11T17:04:44.515+0000] {logging_mixin.py:117} INFO - [2022-11-11T17:04:44.515+0000] {dag.py:2573} INFO - Sync 1 DAGs
[2022-11-11T17:04:44.564+0000] {logging_mixin.py:117} INFO - [2022-11-11T17:04:44.563+0000] {dag.py:3328} INFO - Setting next_dagrun for example_bash_operator to 2022-11-10T00:00:00+00:00, run_after=2022-11-11T00:00:00+00:00
[2022-11-11T17:04:44.605+0000] {processor.py:178} INFO - Processing /home/airflow/.local/lib/python3.7/site-packages/airflow/example_dags/example_bash_operator.py took 0.678 seconds
[2022-11-11T18:44:00.535+0000] {processor.py:156} INFO - Started process (PID=14519) to work on /home/airflow/.local/lib/python3.7/site-packages/airflow/example_dags/example_bash_operator.py
[2022-11-11T18:44:00.537+0000] {processor.py:758} INFO - Processing file /home/airflow/.local/lib/python3.7/site-packages/airflow/example_dags/example_bash_operator.py for tasks to queue
[2022-11-11T18:44:00.539+0000] {logging_mixin.py:117} INFO - [2022-11-11T18:44:00.539+0000] {dagbag.py:525} INFO - Filling up the DagBag from /home/airflow/.local/lib/python3.7/site-packages/airflow/example_dags/example_bash_operator.py
[2022-11-11T18:44:00.566+0000] {processor.py:768} INFO - DAG(s) dict_keys(['example_bash_operator']) retrieved from /home/airflow/.local/lib/python3.7/site-packages/airflow/example_dags/example_bash_operator.py
[2022-11-11T18:44:00.612+0000] {logging_mixin.py:117} INFO - [2022-11-11T18:44:00.612+0000] {dag.py:2573} INFO - Sync 1 DAGs
[2022-11-11T18:44:00.648+0000] {logging_mixin.py:117} INFO - [2022-11-11T18:44:00.647+0000] {dag.py:3328} INFO - Setting next_dagrun for example_bash_operator to 2022-11-10T00:00:00+00:00, run_after=2022-11-11T00:00:00+00:00
[2022-11-11T18:44:00.691+0000] {processor.py:178} INFO - Processing /home/airflow/.local/lib/python3.7/site-packages/airflow/example_dags/example_bash_operator.py took 0.160 seconds
[2022-11-11T20:08:17.155+0000] {processor.py:156} INFO - Started process (PID=14575) to work on /home/airflow/.local/lib/python3.7/site-packages/airflow/example_dags/example_bash_operator.py
[2022-11-11T20:08:17.158+0000] {processor.py:758} INFO - Processing file /home/airflow/.local/lib/python3.7/site-packages/airflow/example_dags/example_bash_operator.py for tasks to queue
[2022-11-11T20:08:17.162+0000] {logging_mixin.py:117} INFO - [2022-11-11T20:08:17.162+0000] {dagbag.py:525} INFO - Filling up the DagBag from /home/airflow/.local/lib/python3.7/site-packages/airflow/example_dags/example_bash_operator.py
[2022-11-11T20:08:17.179+0000] {processor.py:768} INFO - DAG(s) dict_keys(['example_bash_operator']) retrieved from /home/airflow/.local/lib/python3.7/site-packages/airflow/example_dags/example_bash_operator.py
[2022-11-11T20:08:17.250+0000] {logging_mixin.py:117} INFO - [2022-11-11T20:08:17.250+0000] {dag.py:2573} INFO - Sync 1 DAGs
[2022-11-11T20:08:17.283+0000] {logging_mixin.py:117} INFO - [2022-11-11T20:08:17.283+0000] {dag.py:3328} INFO - Setting next_dagrun for example_bash_operator to 2022-11-10T00:00:00+00:00, run_after=2022-11-11T00:00:00+00:00
[2022-11-11T20:08:17.318+0000] {processor.py:178} INFO - Processing /home/airflow/.local/lib/python3.7/site-packages/airflow/example_dags/example_bash_operator.py took 0.166 seconds
[2022-11-11T21:30:08.249+0000] {processor.py:156} INFO - Started process (PID=14638) to work on /home/airflow/.local/lib/python3.7/site-packages/airflow/example_dags/example_bash_operator.py
[2022-11-11T21:30:08.293+0000] {processor.py:758} INFO - Processing file /home/airflow/.local/lib/python3.7/site-packages/airflow/example_dags/example_bash_operator.py for tasks to queue
[2022-11-11T21:30:08.307+0000] {logging_mixin.py:117} INFO - [2022-11-11T21:30:08.307+0000] {dagbag.py:525} INFO - Filling up the DagBag from /home/airflow/.local/lib/python3.7/site-packages/airflow/example_dags/example_bash_operator.py
[2022-11-11T21:30:08.408+0000] {processor.py:768} INFO - DAG(s) dict_keys(['example_bash_operator']) retrieved from /home/airflow/.local/lib/python3.7/site-packages/airflow/example_dags/example_bash_operator.py
[2022-11-11T21:30:08.530+0000] {logging_mixin.py:117} INFO - [2022-11-11T21:30:08.529+0000] {dag.py:2573} INFO - Sync 1 DAGs
[2022-11-11T21:30:08.608+0000] {logging_mixin.py:117} INFO - [2022-11-11T21:30:08.608+0000] {dag.py:3328} INFO - Setting next_dagrun for example_bash_operator to 2022-11-10T00:00:00+00:00, run_after=2022-11-11T00:00:00+00:00
[2022-11-11T21:30:08.729+0000] {processor.py:178} INFO - Processing /home/airflow/.local/lib/python3.7/site-packages/airflow/example_dags/example_bash_operator.py took 0.493 seconds
[2022-11-11T23:08:02.901+0000] {processor.py:156} INFO - Started process (PID=14692) to work on /home/airflow/.local/lib/python3.7/site-packages/airflow/example_dags/example_bash_operator.py
[2022-11-11T23:08:02.903+0000] {processor.py:758} INFO - Processing file /home/airflow/.local/lib/python3.7/site-packages/airflow/example_dags/example_bash_operator.py for tasks to queue
[2022-11-11T23:08:02.905+0000] {logging_mixin.py:117} INFO - [2022-11-11T23:08:02.905+0000] {dagbag.py:525} INFO - Filling up the DagBag from /home/airflow/.local/lib/python3.7/site-packages/airflow/example_dags/example_bash_operator.py
[2022-11-11T23:08:02.939+0000] {processor.py:768} INFO - DAG(s) dict_keys(['example_bash_operator']) retrieved from /home/airflow/.local/lib/python3.7/site-packages/airflow/example_dags/example_bash_operator.py
[2022-11-11T23:08:02.994+0000] {logging_mixin.py:117} INFO - [2022-11-11T23:08:02.994+0000] {dag.py:2573} INFO - Sync 1 DAGs
[2022-11-11T23:08:03.036+0000] {logging_mixin.py:117} INFO - [2022-11-11T23:08:03.036+0000] {dag.py:3328} INFO - Setting next_dagrun for example_bash_operator to 2022-11-10T00:00:00+00:00, run_after=2022-11-11T00:00:00+00:00
[2022-11-11T23:08:03.065+0000] {processor.py:178} INFO - Processing /home/airflow/.local/lib/python3.7/site-packages/airflow/example_dags/example_bash_operator.py took 0.172 seconds
