[2022-11-11T00:42:41.648+0000] {processor.py:156} INFO - Started process (PID=13754) to work on /home/airflow/.local/lib/python3.7/site-packages/airflow/example_dags/example_branch_datetime_operator.py
[2022-11-11T00:42:41.653+0000] {processor.py:758} INFO - Processing file /home/airflow/.local/lib/python3.7/site-packages/airflow/example_dags/example_branch_datetime_operator.py for tasks to queue
[2022-11-11T00:42:41.661+0000] {logging_mixin.py:117} INFO - [2022-11-11T00:42:41.661+0000] {dagbag.py:525} INFO - Filling up the DagBag from /home/airflow/.local/lib/python3.7/site-packages/airflow/example_dags/example_branch_datetime_operator.py
[2022-11-11T00:42:41.729+0000] {processor.py:768} INFO - DAG(s) dict_keys(['example_branch_datetime_operator', 'example_branch_datetime_operator_3', 'example_branch_datetime_operator_2']) retrieved from /home/airflow/.local/lib/python3.7/site-packages/airflow/example_dags/example_branch_datetime_operator.py
[2022-11-11T00:42:41.799+0000] {logging_mixin.py:117} INFO - [2022-11-11T00:42:41.799+0000] {dag.py:2573} INFO - Sync 3 DAGs
[2022-11-11T00:42:41.821+0000] {logging_mixin.py:117} INFO - [2022-11-11T00:42:41.821+0000] {dag.py:3328} INFO - Setting next_dagrun for example_branch_datetime_operator to 2022-11-10T00:00:00+00:00, run_after=2022-11-11T00:00:00+00:00
[2022-11-11T00:42:41.835+0000] {logging_mixin.py:117} INFO - [2022-11-11T00:42:41.835+0000] {dag.py:3328} INFO - Setting next_dagrun for example_branch_datetime_operator_2 to 2022-11-10T00:00:00+00:00, run_after=2022-11-11T00:00:00+00:00
[2022-11-11T00:42:41.844+0000] {logging_mixin.py:117} INFO - [2022-11-11T00:42:41.844+0000] {dag.py:3328} INFO - Setting next_dagrun for example_branch_datetime_operator_3 to 2022-11-10T00:00:00+00:00, run_after=2022-11-11T00:00:00+00:00
[2022-11-11T00:42:41.874+0000] {processor.py:178} INFO - Processing /home/airflow/.local/lib/python3.7/site-packages/airflow/example_dags/example_branch_datetime_operator.py took 0.229 seconds
[2022-11-11T02:28:01.083+0000] {processor.py:156} INFO - Started process (PID=13818) to work on /home/airflow/.local/lib/python3.7/site-packages/airflow/example_dags/example_branch_datetime_operator.py
[2022-11-11T02:28:01.087+0000] {processor.py:758} INFO - Processing file /home/airflow/.local/lib/python3.7/site-packages/airflow/example_dags/example_branch_datetime_operator.py for tasks to queue
[2022-11-11T02:28:01.090+0000] {logging_mixin.py:117} INFO - [2022-11-11T02:28:01.090+0000] {dagbag.py:525} INFO - Filling up the DagBag from /home/airflow/.local/lib/python3.7/site-packages/airflow/example_dags/example_branch_datetime_operator.py
[2022-11-11T02:28:01.141+0000] {processor.py:768} INFO - DAG(s) dict_keys(['example_branch_datetime_operator_2', 'example_branch_datetime_operator', 'example_branch_datetime_operator_3']) retrieved from /home/airflow/.local/lib/python3.7/site-packages/airflow/example_dags/example_branch_datetime_operator.py
[2022-11-11T02:28:01.208+0000] {logging_mixin.py:117} INFO - [2022-11-11T02:28:01.207+0000] {dag.py:2573} INFO - Sync 3 DAGs
[2022-11-11T02:28:01.230+0000] {logging_mixin.py:117} INFO - [2022-11-11T02:28:01.230+0000] {dag.py:3328} INFO - Setting next_dagrun for example_branch_datetime_operator to 2022-11-10T00:00:00+00:00, run_after=2022-11-11T00:00:00+00:00
[2022-11-11T02:28:01.237+0000] {logging_mixin.py:117} INFO - [2022-11-11T02:28:01.236+0000] {dag.py:3328} INFO - Setting next_dagrun for example_branch_datetime_operator_2 to 2022-11-10T00:00:00+00:00, run_after=2022-11-11T00:00:00+00:00
[2022-11-11T02:28:01.242+0000] {logging_mixin.py:117} INFO - [2022-11-11T02:28:01.242+0000] {dag.py:3328} INFO - Setting next_dagrun for example_branch_datetime_operator_3 to 2022-11-10T00:00:00+00:00, run_after=2022-11-11T00:00:00+00:00
[2022-11-11T02:28:01.270+0000] {processor.py:178} INFO - Processing /home/airflow/.local/lib/python3.7/site-packages/airflow/example_dags/example_branch_datetime_operator.py took 0.192 seconds
[2022-11-11T03:50:20.333+0000] {processor.py:156} INFO - Started process (PID=13873) to work on /home/airflow/.local/lib/python3.7/site-packages/airflow/example_dags/example_branch_datetime_operator.py
[2022-11-11T03:50:20.345+0000] {processor.py:758} INFO - Processing file /home/airflow/.local/lib/python3.7/site-packages/airflow/example_dags/example_branch_datetime_operator.py for tasks to queue
[2022-11-11T03:50:20.362+0000] {logging_mixin.py:117} INFO - [2022-11-11T03:50:20.362+0000] {dagbag.py:525} INFO - Filling up the DagBag from /home/airflow/.local/lib/python3.7/site-packages/airflow/example_dags/example_branch_datetime_operator.py
[2022-11-11T03:50:20.389+0000] {processor.py:768} INFO - DAG(s) dict_keys(['example_branch_datetime_operator', 'example_branch_datetime_operator_2', 'example_branch_datetime_operator_3']) retrieved from /home/airflow/.local/lib/python3.7/site-packages/airflow/example_dags/example_branch_datetime_operator.py
[2022-11-11T03:50:20.910+0000] {logging_mixin.py:117} INFO - [2022-11-11T03:50:20.910+0000] {dag.py:2573} INFO - Sync 3 DAGs
[2022-11-11T03:50:21.014+0000] {logging_mixin.py:117} INFO - [2022-11-11T03:50:21.014+0000] {dag.py:3328} INFO - Setting next_dagrun for example_branch_datetime_operator to 2022-11-10T00:00:00+00:00, run_after=2022-11-11T00:00:00+00:00
[2022-11-11T03:50:21.026+0000] {logging_mixin.py:117} INFO - [2022-11-11T03:50:21.026+0000] {dag.py:3328} INFO - Setting next_dagrun for example_branch_datetime_operator_2 to 2022-11-10T00:00:00+00:00, run_after=2022-11-11T00:00:00+00:00
[2022-11-11T03:50:21.031+0000] {logging_mixin.py:117} INFO - [2022-11-11T03:50:21.031+0000] {dag.py:3328} INFO - Setting next_dagrun for example_branch_datetime_operator_3 to 2022-11-10T00:00:00+00:00, run_after=2022-11-11T00:00:00+00:00
[2022-11-11T03:50:21.088+0000] {processor.py:178} INFO - Processing /home/airflow/.local/lib/python3.7/site-packages/airflow/example_dags/example_branch_datetime_operator.py took 0.760 seconds
[2022-11-11T05:13:12.885+0000] {processor.py:156} INFO - Started process (PID=13937) to work on /home/airflow/.local/lib/python3.7/site-packages/airflow/example_dags/example_branch_datetime_operator.py
[2022-11-11T05:13:12.889+0000] {processor.py:758} INFO - Processing file /home/airflow/.local/lib/python3.7/site-packages/airflow/example_dags/example_branch_datetime_operator.py for tasks to queue
[2022-11-11T05:13:12.893+0000] {logging_mixin.py:117} INFO - [2022-11-11T05:13:12.893+0000] {dagbag.py:525} INFO - Filling up the DagBag from /home/airflow/.local/lib/python3.7/site-packages/airflow/example_dags/example_branch_datetime_operator.py
[2022-11-11T05:13:12.925+0000] {processor.py:768} INFO - DAG(s) dict_keys(['example_branch_datetime_operator_3', 'example_branch_datetime_operator', 'example_branch_datetime_operator_2']) retrieved from /home/airflow/.local/lib/python3.7/site-packages/airflow/example_dags/example_branch_datetime_operator.py
[2022-11-11T05:13:13.067+0000] {logging_mixin.py:117} INFO - [2022-11-11T05:13:13.067+0000] {dag.py:2573} INFO - Sync 3 DAGs
[2022-11-11T05:13:13.109+0000] {logging_mixin.py:117} INFO - [2022-11-11T05:13:13.109+0000] {dag.py:3328} INFO - Setting next_dagrun for example_branch_datetime_operator to 2022-11-10T00:00:00+00:00, run_after=2022-11-11T00:00:00+00:00
[2022-11-11T05:13:13.114+0000] {logging_mixin.py:117} INFO - [2022-11-11T05:13:13.113+0000] {dag.py:3328} INFO - Setting next_dagrun for example_branch_datetime_operator_2 to 2022-11-10T00:00:00+00:00, run_after=2022-11-11T00:00:00+00:00
[2022-11-11T05:13:13.116+0000] {logging_mixin.py:117} INFO - [2022-11-11T05:13:13.116+0000] {dag.py:3328} INFO - Setting next_dagrun for example_branch_datetime_operator_3 to 2022-11-10T00:00:00+00:00, run_after=2022-11-11T00:00:00+00:00
[2022-11-11T05:13:13.139+0000] {processor.py:178} INFO - Processing /home/airflow/.local/lib/python3.7/site-packages/airflow/example_dags/example_branch_datetime_operator.py took 0.282 seconds
[2022-11-11T06:36:31.058+0000] {processor.py:156} INFO - Started process (PID=13992) to work on /home/airflow/.local/lib/python3.7/site-packages/airflow/example_dags/example_branch_datetime_operator.py
[2022-11-11T06:36:31.083+0000] {processor.py:758} INFO - Processing file /home/airflow/.local/lib/python3.7/site-packages/airflow/example_dags/example_branch_datetime_operator.py for tasks to queue
[2022-11-11T06:36:31.092+0000] {logging_mixin.py:117} INFO - [2022-11-11T06:36:31.092+0000] {dagbag.py:525} INFO - Filling up the DagBag from /home/airflow/.local/lib/python3.7/site-packages/airflow/example_dags/example_branch_datetime_operator.py
[2022-11-11T06:36:31.178+0000] {processor.py:768} INFO - DAG(s) dict_keys(['example_branch_datetime_operator', 'example_branch_datetime_operator_2', 'example_branch_datetime_operator_3']) retrieved from /home/airflow/.local/lib/python3.7/site-packages/airflow/example_dags/example_branch_datetime_operator.py
[2022-11-11T06:36:31.408+0000] {logging_mixin.py:117} INFO - [2022-11-11T06:36:31.408+0000] {dag.py:2573} INFO - Sync 3 DAGs
[2022-11-11T06:36:31.491+0000] {logging_mixin.py:117} INFO - [2022-11-11T06:36:31.491+0000] {dag.py:3328} INFO - Setting next_dagrun for example_branch_datetime_operator to 2022-11-10T00:00:00+00:00, run_after=2022-11-11T00:00:00+00:00
[2022-11-11T06:36:31.502+0000] {logging_mixin.py:117} INFO - [2022-11-11T06:36:31.502+0000] {dag.py:3328} INFO - Setting next_dagrun for example_branch_datetime_operator_2 to 2022-11-10T00:00:00+00:00, run_after=2022-11-11T00:00:00+00:00
[2022-11-11T06:36:31.506+0000] {logging_mixin.py:117} INFO - [2022-11-11T06:36:31.506+0000] {dag.py:3328} INFO - Setting next_dagrun for example_branch_datetime_operator_3 to 2022-11-10T00:00:00+00:00, run_after=2022-11-11T00:00:00+00:00
[2022-11-11T06:36:31.563+0000] {processor.py:178} INFO - Processing /home/airflow/.local/lib/python3.7/site-packages/airflow/example_dags/example_branch_datetime_operator.py took 0.525 seconds
[2022-11-11T07:57:01.597+0000] {processor.py:156} INFO - Started process (PID=14047) to work on /home/airflow/.local/lib/python3.7/site-packages/airflow/example_dags/example_branch_datetime_operator.py
[2022-11-11T07:57:01.608+0000] {processor.py:758} INFO - Processing file /home/airflow/.local/lib/python3.7/site-packages/airflow/example_dags/example_branch_datetime_operator.py for tasks to queue
[2022-11-11T07:57:01.610+0000] {logging_mixin.py:117} INFO - [2022-11-11T07:57:01.609+0000] {dagbag.py:525} INFO - Filling up the DagBag from /home/airflow/.local/lib/python3.7/site-packages/airflow/example_dags/example_branch_datetime_operator.py
[2022-11-11T07:57:01.629+0000] {processor.py:768} INFO - DAG(s) dict_keys(['example_branch_datetime_operator_3', 'example_branch_datetime_operator', 'example_branch_datetime_operator_2']) retrieved from /home/airflow/.local/lib/python3.7/site-packages/airflow/example_dags/example_branch_datetime_operator.py
[2022-11-11T07:57:01.726+0000] {logging_mixin.py:117} INFO - [2022-11-11T07:57:01.726+0000] {dag.py:2573} INFO - Sync 3 DAGs
[2022-11-11T07:57:01.811+0000] {logging_mixin.py:117} INFO - [2022-11-11T07:57:01.811+0000] {dag.py:3328} INFO - Setting next_dagrun for example_branch_datetime_operator to 2022-11-10T00:00:00+00:00, run_after=2022-11-11T00:00:00+00:00
[2022-11-11T07:57:01.824+0000] {logging_mixin.py:117} INFO - [2022-11-11T07:57:01.824+0000] {dag.py:3328} INFO - Setting next_dagrun for example_branch_datetime_operator_2 to 2022-11-10T00:00:00+00:00, run_after=2022-11-11T00:00:00+00:00
[2022-11-11T07:57:01.826+0000] {logging_mixin.py:117} INFO - [2022-11-11T07:57:01.826+0000] {dag.py:3328} INFO - Setting next_dagrun for example_branch_datetime_operator_3 to 2022-11-10T00:00:00+00:00, run_after=2022-11-11T00:00:00+00:00
[2022-11-11T07:57:01.877+0000] {processor.py:178} INFO - Processing /home/airflow/.local/lib/python3.7/site-packages/airflow/example_dags/example_branch_datetime_operator.py took 0.285 seconds
[2022-11-11T09:22:26.291+0000] {processor.py:156} INFO - Started process (PID=14119) to work on /home/airflow/.local/lib/python3.7/site-packages/airflow/example_dags/example_branch_datetime_operator.py
[2022-11-11T09:22:26.312+0000] {processor.py:758} INFO - Processing file /home/airflow/.local/lib/python3.7/site-packages/airflow/example_dags/example_branch_datetime_operator.py for tasks to queue
[2022-11-11T09:22:26.319+0000] {logging_mixin.py:117} INFO - [2022-11-11T09:22:26.319+0000] {dagbag.py:525} INFO - Filling up the DagBag from /home/airflow/.local/lib/python3.7/site-packages/airflow/example_dags/example_branch_datetime_operator.py
[2022-11-11T09:22:26.828+0000] {processor.py:768} INFO - DAG(s) dict_keys(['example_branch_datetime_operator_3', 'example_branch_datetime_operator', 'example_branch_datetime_operator_2']) retrieved from /home/airflow/.local/lib/python3.7/site-packages/airflow/example_dags/example_branch_datetime_operator.py
[2022-11-11T09:22:27.238+0000] {logging_mixin.py:117} INFO - [2022-11-11T09:22:27.238+0000] {dag.py:2573} INFO - Sync 3 DAGs
[2022-11-11T09:22:27.326+0000] {logging_mixin.py:117} INFO - [2022-11-11T09:22:27.325+0000] {dag.py:3328} INFO - Setting next_dagrun for example_branch_datetime_operator to 2022-11-10T00:00:00+00:00, run_after=2022-11-11T00:00:00+00:00
[2022-11-11T09:22:27.362+0000] {logging_mixin.py:117} INFO - [2022-11-11T09:22:27.362+0000] {dag.py:3328} INFO - Setting next_dagrun for example_branch_datetime_operator_2 to 2022-11-10T00:00:00+00:00, run_after=2022-11-11T00:00:00+00:00
[2022-11-11T09:22:27.372+0000] {logging_mixin.py:117} INFO - [2022-11-11T09:22:27.372+0000] {dag.py:3328} INFO - Setting next_dagrun for example_branch_datetime_operator_3 to 2022-11-10T00:00:00+00:00, run_after=2022-11-11T00:00:00+00:00
[2022-11-11T09:22:27.541+0000] {processor.py:178} INFO - Processing /home/airflow/.local/lib/python3.7/site-packages/airflow/example_dags/example_branch_datetime_operator.py took 1.264 seconds
[2022-11-11T10:26:48.604+0000] {processor.py:156} INFO - Started process (PID=14166) to work on /home/airflow/.local/lib/python3.7/site-packages/airflow/example_dags/example_branch_datetime_operator.py
[2022-11-11T10:26:48.612+0000] {processor.py:758} INFO - Processing file /home/airflow/.local/lib/python3.7/site-packages/airflow/example_dags/example_branch_datetime_operator.py for tasks to queue
[2022-11-11T10:26:48.614+0000] {logging_mixin.py:117} INFO - [2022-11-11T10:26:48.613+0000] {dagbag.py:525} INFO - Filling up the DagBag from /home/airflow/.local/lib/python3.7/site-packages/airflow/example_dags/example_branch_datetime_operator.py
[2022-11-11T10:26:48.637+0000] {processor.py:768} INFO - DAG(s) dict_keys(['example_branch_datetime_operator', 'example_branch_datetime_operator_2', 'example_branch_datetime_operator_3']) retrieved from /home/airflow/.local/lib/python3.7/site-packages/airflow/example_dags/example_branch_datetime_operator.py
[2022-11-11T10:26:48.757+0000] {logging_mixin.py:117} INFO - [2022-11-11T10:26:48.756+0000] {dag.py:2573} INFO - Sync 3 DAGs
[2022-11-11T10:26:48.817+0000] {logging_mixin.py:117} INFO - [2022-11-11T10:26:48.817+0000] {dag.py:3328} INFO - Setting next_dagrun for example_branch_datetime_operator to 2022-11-10T00:00:00+00:00, run_after=2022-11-11T00:00:00+00:00
[2022-11-11T10:26:48.830+0000] {logging_mixin.py:117} INFO - [2022-11-11T10:26:48.829+0000] {dag.py:3328} INFO - Setting next_dagrun for example_branch_datetime_operator_2 to 2022-11-10T00:00:00+00:00, run_after=2022-11-11T00:00:00+00:00
[2022-11-11T10:26:48.841+0000] {logging_mixin.py:117} INFO - [2022-11-11T10:26:48.841+0000] {dag.py:3328} INFO - Setting next_dagrun for example_branch_datetime_operator_3 to 2022-11-10T00:00:00+00:00, run_after=2022-11-11T00:00:00+00:00
[2022-11-11T10:26:48.878+0000] {processor.py:178} INFO - Processing /home/airflow/.local/lib/python3.7/site-packages/airflow/example_dags/example_branch_datetime_operator.py took 0.289 seconds
[2022-11-11T11:52:19.599+0000] {processor.py:156} INFO - Started process (PID=14221) to work on /home/airflow/.local/lib/python3.7/site-packages/airflow/example_dags/example_branch_datetime_operator.py
[2022-11-11T11:52:19.607+0000] {processor.py:758} INFO - Processing file /home/airflow/.local/lib/python3.7/site-packages/airflow/example_dags/example_branch_datetime_operator.py for tasks to queue
[2022-11-11T11:52:19.615+0000] {logging_mixin.py:117} INFO - [2022-11-11T11:52:19.615+0000] {dagbag.py:525} INFO - Filling up the DagBag from /home/airflow/.local/lib/python3.7/site-packages/airflow/example_dags/example_branch_datetime_operator.py
[2022-11-11T11:52:19.729+0000] {processor.py:768} INFO - DAG(s) dict_keys(['example_branch_datetime_operator', 'example_branch_datetime_operator_3', 'example_branch_datetime_operator_2']) retrieved from /home/airflow/.local/lib/python3.7/site-packages/airflow/example_dags/example_branch_datetime_operator.py
[2022-11-11T11:52:20.168+0000] {logging_mixin.py:117} INFO - [2022-11-11T11:52:20.167+0000] {dag.py:2573} INFO - Sync 3 DAGs
[2022-11-11T11:52:21.030+0000] {logging_mixin.py:117} INFO - [2022-11-11T11:52:21.030+0000] {dag.py:3328} INFO - Setting next_dagrun for example_branch_datetime_operator to 2022-11-10T00:00:00+00:00, run_after=2022-11-11T00:00:00+00:00
[2022-11-11T11:52:21.041+0000] {logging_mixin.py:117} INFO - [2022-11-11T11:52:21.041+0000] {dag.py:3328} INFO - Setting next_dagrun for example_branch_datetime_operator_2 to 2022-11-10T00:00:00+00:00, run_after=2022-11-11T00:00:00+00:00
[2022-11-11T11:52:21.048+0000] {logging_mixin.py:117} INFO - [2022-11-11T11:52:21.048+0000] {dag.py:3328} INFO - Setting next_dagrun for example_branch_datetime_operator_3 to 2022-11-10T00:00:00+00:00, run_after=2022-11-11T00:00:00+00:00
[2022-11-11T11:52:21.250+0000] {processor.py:178} INFO - Processing /home/airflow/.local/lib/python3.7/site-packages/airflow/example_dags/example_branch_datetime_operator.py took 1.679 seconds
[2022-11-11T13:17:13.501+0000] {processor.py:156} INFO - Started process (PID=14285) to work on /home/airflow/.local/lib/python3.7/site-packages/airflow/example_dags/example_branch_datetime_operator.py
[2022-11-11T13:17:13.505+0000] {processor.py:758} INFO - Processing file /home/airflow/.local/lib/python3.7/site-packages/airflow/example_dags/example_branch_datetime_operator.py for tasks to queue
[2022-11-11T13:17:13.512+0000] {logging_mixin.py:117} INFO - [2022-11-11T13:17:13.512+0000] {dagbag.py:525} INFO - Filling up the DagBag from /home/airflow/.local/lib/python3.7/site-packages/airflow/example_dags/example_branch_datetime_operator.py
[2022-11-11T13:17:13.616+0000] {processor.py:768} INFO - DAG(s) dict_keys(['example_branch_datetime_operator', 'example_branch_datetime_operator_3', 'example_branch_datetime_operator_2']) retrieved from /home/airflow/.local/lib/python3.7/site-packages/airflow/example_dags/example_branch_datetime_operator.py
[2022-11-11T13:17:14.239+0000] {logging_mixin.py:117} INFO - [2022-11-11T13:17:14.239+0000] {dag.py:2573} INFO - Sync 3 DAGs
[2022-11-11T13:17:14.450+0000] {logging_mixin.py:117} INFO - [2022-11-11T13:17:14.450+0000] {dag.py:3328} INFO - Setting next_dagrun for example_branch_datetime_operator to 2022-11-10T00:00:00+00:00, run_after=2022-11-11T00:00:00+00:00
[2022-11-11T13:17:14.498+0000] {logging_mixin.py:117} INFO - [2022-11-11T13:17:14.498+0000] {dag.py:3328} INFO - Setting next_dagrun for example_branch_datetime_operator_2 to 2022-11-10T00:00:00+00:00, run_after=2022-11-11T00:00:00+00:00
[2022-11-11T13:17:14.516+0000] {logging_mixin.py:117} INFO - [2022-11-11T13:17:14.516+0000] {dag.py:3328} INFO - Setting next_dagrun for example_branch_datetime_operator_3 to 2022-11-10T00:00:00+00:00, run_after=2022-11-11T00:00:00+00:00
[2022-11-11T13:17:14.648+0000] {processor.py:178} INFO - Processing /home/airflow/.local/lib/python3.7/site-packages/airflow/example_dags/example_branch_datetime_operator.py took 1.161 seconds
[2022-11-11T14:25:15.408+0000] {processor.py:156} INFO - Started process (PID=14340) to work on /home/airflow/.local/lib/python3.7/site-packages/airflow/example_dags/example_branch_datetime_operator.py
[2022-11-11T14:25:15.412+0000] {processor.py:758} INFO - Processing file /home/airflow/.local/lib/python3.7/site-packages/airflow/example_dags/example_branch_datetime_operator.py for tasks to queue
[2022-11-11T14:25:15.413+0000] {logging_mixin.py:117} INFO - [2022-11-11T14:25:15.413+0000] {dagbag.py:525} INFO - Filling up the DagBag from /home/airflow/.local/lib/python3.7/site-packages/airflow/example_dags/example_branch_datetime_operator.py
[2022-11-11T14:25:15.437+0000] {processor.py:768} INFO - DAG(s) dict_keys(['example_branch_datetime_operator_3', 'example_branch_datetime_operator_2', 'example_branch_datetime_operator']) retrieved from /home/airflow/.local/lib/python3.7/site-packages/airflow/example_dags/example_branch_datetime_operator.py
[2022-11-11T14:25:15.488+0000] {logging_mixin.py:117} INFO - [2022-11-11T14:25:15.488+0000] {dag.py:2573} INFO - Sync 3 DAGs
[2022-11-11T14:25:15.519+0000] {logging_mixin.py:117} INFO - [2022-11-11T14:25:15.519+0000] {dag.py:3328} INFO - Setting next_dagrun for example_branch_datetime_operator to 2022-11-10T00:00:00+00:00, run_after=2022-11-11T00:00:00+00:00
[2022-11-11T14:25:15.536+0000] {logging_mixin.py:117} INFO - [2022-11-11T14:25:15.536+0000] {dag.py:3328} INFO - Setting next_dagrun for example_branch_datetime_operator_2 to 2022-11-10T00:00:00+00:00, run_after=2022-11-11T00:00:00+00:00
[2022-11-11T14:25:15.546+0000] {logging_mixin.py:117} INFO - [2022-11-11T14:25:15.546+0000] {dag.py:3328} INFO - Setting next_dagrun for example_branch_datetime_operator_3 to 2022-11-10T00:00:00+00:00, run_after=2022-11-11T00:00:00+00:00
[2022-11-11T14:25:15.572+0000] {processor.py:178} INFO - Processing /home/airflow/.local/lib/python3.7/site-packages/airflow/example_dags/example_branch_datetime_operator.py took 0.167 seconds
[2022-11-11T15:46:03.211+0000] {processor.py:156} INFO - Started process (PID=14394) to work on /home/airflow/.local/lib/python3.7/site-packages/airflow/example_dags/example_branch_datetime_operator.py
[2022-11-11T15:46:03.215+0000] {processor.py:758} INFO - Processing file /home/airflow/.local/lib/python3.7/site-packages/airflow/example_dags/example_branch_datetime_operator.py for tasks to queue
[2022-11-11T15:46:03.222+0000] {logging_mixin.py:117} INFO - [2022-11-11T15:46:03.222+0000] {dagbag.py:525} INFO - Filling up the DagBag from /home/airflow/.local/lib/python3.7/site-packages/airflow/example_dags/example_branch_datetime_operator.py
[2022-11-11T15:46:03.252+0000] {processor.py:768} INFO - DAG(s) dict_keys(['example_branch_datetime_operator_3', 'example_branch_datetime_operator', 'example_branch_datetime_operator_2']) retrieved from /home/airflow/.local/lib/python3.7/site-packages/airflow/example_dags/example_branch_datetime_operator.py
[2022-11-11T15:46:03.336+0000] {logging_mixin.py:117} INFO - [2022-11-11T15:46:03.336+0000] {dag.py:2573} INFO - Sync 3 DAGs
[2022-11-11T15:46:03.386+0000] {logging_mixin.py:117} INFO - [2022-11-11T15:46:03.385+0000] {dag.py:3328} INFO - Setting next_dagrun for example_branch_datetime_operator to 2022-11-10T00:00:00+00:00, run_after=2022-11-11T00:00:00+00:00
[2022-11-11T15:46:03.395+0000] {logging_mixin.py:117} INFO - [2022-11-11T15:46:03.395+0000] {dag.py:3328} INFO - Setting next_dagrun for example_branch_datetime_operator_2 to 2022-11-10T00:00:00+00:00, run_after=2022-11-11T00:00:00+00:00
[2022-11-11T15:46:03.401+0000] {logging_mixin.py:117} INFO - [2022-11-11T15:46:03.401+0000] {dag.py:3328} INFO - Setting next_dagrun for example_branch_datetime_operator_3 to 2022-11-10T00:00:00+00:00, run_after=2022-11-11T00:00:00+00:00
[2022-11-11T15:46:03.421+0000] {processor.py:178} INFO - Processing /home/airflow/.local/lib/python3.7/site-packages/airflow/example_dags/example_branch_datetime_operator.py took 0.215 seconds
[2022-11-11T17:04:39.642+0000] {processor.py:156} INFO - Started process (PID=14449) to work on /home/airflow/.local/lib/python3.7/site-packages/airflow/example_dags/example_branch_datetime_operator.py
[2022-11-11T17:04:39.653+0000] {processor.py:758} INFO - Processing file /home/airflow/.local/lib/python3.7/site-packages/airflow/example_dags/example_branch_datetime_operator.py for tasks to queue
[2022-11-11T17:04:39.670+0000] {logging_mixin.py:117} INFO - [2022-11-11T17:04:39.670+0000] {dagbag.py:525} INFO - Filling up the DagBag from /home/airflow/.local/lib/python3.7/site-packages/airflow/example_dags/example_branch_datetime_operator.py
[2022-11-11T17:04:39.977+0000] {processor.py:768} INFO - DAG(s) dict_keys(['example_branch_datetime_operator_2', 'example_branch_datetime_operator', 'example_branch_datetime_operator_3']) retrieved from /home/airflow/.local/lib/python3.7/site-packages/airflow/example_dags/example_branch_datetime_operator.py
[2022-11-11T17:04:40.453+0000] {logging_mixin.py:117} INFO - [2022-11-11T17:04:40.443+0000] {dag.py:2573} INFO - Sync 3 DAGs
[2022-11-11T17:04:41.071+0000] {logging_mixin.py:117} INFO - [2022-11-11T17:04:41.067+0000] {dag.py:3328} INFO - Setting next_dagrun for example_branch_datetime_operator to 2022-11-10T00:00:00+00:00, run_after=2022-11-11T00:00:00+00:00
[2022-11-11T17:04:41.224+0000] {logging_mixin.py:117} INFO - [2022-11-11T17:04:41.224+0000] {dag.py:3328} INFO - Setting next_dagrun for example_branch_datetime_operator_2 to 2022-11-10T00:00:00+00:00, run_after=2022-11-11T00:00:00+00:00
[2022-11-11T17:04:41.239+0000] {logging_mixin.py:117} INFO - [2022-11-11T17:04:41.238+0000] {dag.py:3328} INFO - Setting next_dagrun for example_branch_datetime_operator_3 to 2022-11-10T00:00:00+00:00, run_after=2022-11-11T00:00:00+00:00
[2022-11-11T17:04:41.425+0000] {processor.py:178} INFO - Processing /home/airflow/.local/lib/python3.7/site-packages/airflow/example_dags/example_branch_datetime_operator.py took 1.820 seconds
[2022-11-11T18:43:59.794+0000] {processor.py:156} INFO - Started process (PID=14513) to work on /home/airflow/.local/lib/python3.7/site-packages/airflow/example_dags/example_branch_datetime_operator.py
[2022-11-11T18:43:59.796+0000] {processor.py:758} INFO - Processing file /home/airflow/.local/lib/python3.7/site-packages/airflow/example_dags/example_branch_datetime_operator.py for tasks to queue
[2022-11-11T18:43:59.798+0000] {logging_mixin.py:117} INFO - [2022-11-11T18:43:59.798+0000] {dagbag.py:525} INFO - Filling up the DagBag from /home/airflow/.local/lib/python3.7/site-packages/airflow/example_dags/example_branch_datetime_operator.py
[2022-11-11T18:43:59.813+0000] {processor.py:768} INFO - DAG(s) dict_keys(['example_branch_datetime_operator_3', 'example_branch_datetime_operator_2', 'example_branch_datetime_operator']) retrieved from /home/airflow/.local/lib/python3.7/site-packages/airflow/example_dags/example_branch_datetime_operator.py
[2022-11-11T18:43:59.906+0000] {logging_mixin.py:117} INFO - [2022-11-11T18:43:59.906+0000] {dag.py:2573} INFO - Sync 3 DAGs
[2022-11-11T18:43:59.937+0000] {logging_mixin.py:117} INFO - [2022-11-11T18:43:59.937+0000] {dag.py:3328} INFO - Setting next_dagrun for example_branch_datetime_operator to 2022-11-10T00:00:00+00:00, run_after=2022-11-11T00:00:00+00:00
[2022-11-11T18:43:59.942+0000] {logging_mixin.py:117} INFO - [2022-11-11T18:43:59.942+0000] {dag.py:3328} INFO - Setting next_dagrun for example_branch_datetime_operator_2 to 2022-11-10T00:00:00+00:00, run_after=2022-11-11T00:00:00+00:00
[2022-11-11T18:43:59.951+0000] {logging_mixin.py:117} INFO - [2022-11-11T18:43:59.951+0000] {dag.py:3328} INFO - Setting next_dagrun for example_branch_datetime_operator_3 to 2022-11-10T00:00:00+00:00, run_after=2022-11-11T00:00:00+00:00
[2022-11-11T18:43:59.986+0000] {processor.py:178} INFO - Processing /home/airflow/.local/lib/python3.7/site-packages/airflow/example_dags/example_branch_datetime_operator.py took 0.194 seconds
[2022-11-11T20:08:15.474+0000] {processor.py:156} INFO - Started process (PID=14569) to work on /home/airflow/.local/lib/python3.7/site-packages/airflow/example_dags/example_branch_datetime_operator.py
[2022-11-11T20:08:15.480+0000] {processor.py:758} INFO - Processing file /home/airflow/.local/lib/python3.7/site-packages/airflow/example_dags/example_branch_datetime_operator.py for tasks to queue
[2022-11-11T20:08:15.484+0000] {logging_mixin.py:117} INFO - [2022-11-11T20:08:15.484+0000] {dagbag.py:525} INFO - Filling up the DagBag from /home/airflow/.local/lib/python3.7/site-packages/airflow/example_dags/example_branch_datetime_operator.py
[2022-11-11T20:08:15.632+0000] {processor.py:768} INFO - DAG(s) dict_keys(['example_branch_datetime_operator_2', 'example_branch_datetime_operator', 'example_branch_datetime_operator_3']) retrieved from /home/airflow/.local/lib/python3.7/site-packages/airflow/example_dags/example_branch_datetime_operator.py
[2022-11-11T20:08:16.165+0000] {logging_mixin.py:117} INFO - [2022-11-11T20:08:16.165+0000] {dag.py:2573} INFO - Sync 3 DAGs
[2022-11-11T20:08:16.227+0000] {logging_mixin.py:117} INFO - [2022-11-11T20:08:16.227+0000] {dag.py:3328} INFO - Setting next_dagrun for example_branch_datetime_operator to 2022-11-10T00:00:00+00:00, run_after=2022-11-11T00:00:00+00:00
[2022-11-11T20:08:16.243+0000] {logging_mixin.py:117} INFO - [2022-11-11T20:08:16.242+0000] {dag.py:3328} INFO - Setting next_dagrun for example_branch_datetime_operator_2 to 2022-11-10T00:00:00+00:00, run_after=2022-11-11T00:00:00+00:00
[2022-11-11T20:08:16.253+0000] {logging_mixin.py:117} INFO - [2022-11-11T20:08:16.253+0000] {dag.py:3328} INFO - Setting next_dagrun for example_branch_datetime_operator_3 to 2022-11-10T00:00:00+00:00, run_after=2022-11-11T00:00:00+00:00
[2022-11-11T20:08:16.329+0000] {processor.py:178} INFO - Processing /home/airflow/.local/lib/python3.7/site-packages/airflow/example_dags/example_branch_datetime_operator.py took 0.859 seconds
[2022-11-11T21:30:03.802+0000] {processor.py:156} INFO - Started process (PID=14630) to work on /home/airflow/.local/lib/python3.7/site-packages/airflow/example_dags/example_branch_datetime_operator.py
[2022-11-11T21:30:03.818+0000] {processor.py:758} INFO - Processing file /home/airflow/.local/lib/python3.7/site-packages/airflow/example_dags/example_branch_datetime_operator.py for tasks to queue
[2022-11-11T21:30:03.877+0000] {logging_mixin.py:117} INFO - [2022-11-11T21:30:03.838+0000] {dagbag.py:525} INFO - Filling up the DagBag from /home/airflow/.local/lib/python3.7/site-packages/airflow/example_dags/example_branch_datetime_operator.py
[2022-11-11T21:30:04.031+0000] {processor.py:768} INFO - DAG(s) dict_keys(['example_branch_datetime_operator', 'example_branch_datetime_operator_3', 'example_branch_datetime_operator_2']) retrieved from /home/airflow/.local/lib/python3.7/site-packages/airflow/example_dags/example_branch_datetime_operator.py
[2022-11-11T21:30:04.299+0000] {logging_mixin.py:117} INFO - [2022-11-11T21:30:04.299+0000] {dag.py:2573} INFO - Sync 3 DAGs
[2022-11-11T21:30:04.389+0000] {logging_mixin.py:117} INFO - [2022-11-11T21:30:04.389+0000] {dag.py:3328} INFO - Setting next_dagrun for example_branch_datetime_operator to 2022-11-10T00:00:00+00:00, run_after=2022-11-11T00:00:00+00:00
[2022-11-11T21:30:04.415+0000] {logging_mixin.py:117} INFO - [2022-11-11T21:30:04.414+0000] {dag.py:3328} INFO - Setting next_dagrun for example_branch_datetime_operator_2 to 2022-11-10T00:00:00+00:00, run_after=2022-11-11T00:00:00+00:00
[2022-11-11T21:30:04.427+0000] {logging_mixin.py:117} INFO - [2022-11-11T21:30:04.427+0000] {dag.py:3328} INFO - Setting next_dagrun for example_branch_datetime_operator_3 to 2022-11-10T00:00:00+00:00, run_after=2022-11-11T00:00:00+00:00
[2022-11-11T21:30:04.494+0000] {processor.py:178} INFO - Processing /home/airflow/.local/lib/python3.7/site-packages/airflow/example_dags/example_branch_datetime_operator.py took 0.710 seconds
[2022-11-11T23:08:02.098+0000] {processor.py:156} INFO - Started process (PID=14686) to work on /home/airflow/.local/lib/python3.7/site-packages/airflow/example_dags/example_branch_datetime_operator.py
[2022-11-11T23:08:02.102+0000] {processor.py:758} INFO - Processing file /home/airflow/.local/lib/python3.7/site-packages/airflow/example_dags/example_branch_datetime_operator.py for tasks to queue
[2022-11-11T23:08:02.103+0000] {logging_mixin.py:117} INFO - [2022-11-11T23:08:02.103+0000] {dagbag.py:525} INFO - Filling up the DagBag from /home/airflow/.local/lib/python3.7/site-packages/airflow/example_dags/example_branch_datetime_operator.py
[2022-11-11T23:08:02.156+0000] {processor.py:768} INFO - DAG(s) dict_keys(['example_branch_datetime_operator_3', 'example_branch_datetime_operator_2', 'example_branch_datetime_operator']) retrieved from /home/airflow/.local/lib/python3.7/site-packages/airflow/example_dags/example_branch_datetime_operator.py
[2022-11-11T23:08:02.243+0000] {logging_mixin.py:117} INFO - [2022-11-11T23:08:02.243+0000] {dag.py:2573} INFO - Sync 3 DAGs
[2022-11-11T23:08:02.297+0000] {logging_mixin.py:117} INFO - [2022-11-11T23:08:02.296+0000] {dag.py:3328} INFO - Setting next_dagrun for example_branch_datetime_operator to 2022-11-10T00:00:00+00:00, run_after=2022-11-11T00:00:00+00:00
[2022-11-11T23:08:02.308+0000] {logging_mixin.py:117} INFO - [2022-11-11T23:08:02.307+0000] {dag.py:3328} INFO - Setting next_dagrun for example_branch_datetime_operator_2 to 2022-11-10T00:00:00+00:00, run_after=2022-11-11T00:00:00+00:00
[2022-11-11T23:08:02.316+0000] {logging_mixin.py:117} INFO - [2022-11-11T23:08:02.316+0000] {dag.py:3328} INFO - Setting next_dagrun for example_branch_datetime_operator_3 to 2022-11-10T00:00:00+00:00, run_after=2022-11-11T00:00:00+00:00
[2022-11-11T23:08:02.355+0000] {processor.py:178} INFO - Processing /home/airflow/.local/lib/python3.7/site-packages/airflow/example_dags/example_branch_datetime_operator.py took 0.279 seconds
