[2022-11-11T00:42:48.400+0000] {processor.py:156} INFO - Started process (PID=13778) to work on /home/airflow/.local/lib/python3.7/site-packages/airflow/example_dags/example_subdag_operator.py
[2022-11-11T00:42:48.401+0000] {processor.py:758} INFO - Processing file /home/airflow/.local/lib/python3.7/site-packages/airflow/example_dags/example_subdag_operator.py for tasks to queue
[2022-11-11T00:42:48.402+0000] {logging_mixin.py:117} INFO - [2022-11-11T00:42:48.402+0000] {dagbag.py:525} INFO - Filling up the DagBag from /home/airflow/.local/lib/python3.7/site-packages/airflow/example_dags/example_subdag_operator.py
[2022-11-11T00:42:48.428+0000] {processor.py:768} INFO - DAG(s) dict_keys(['example_subdag_operator.section-1', 'example_subdag_operator.section-2', 'example_subdag_operator']) retrieved from /home/airflow/.local/lib/python3.7/site-packages/airflow/example_dags/example_subdag_operator.py
[2022-11-11T00:42:48.593+0000] {logging_mixin.py:117} INFO - [2022-11-11T00:42:48.593+0000] {dag.py:2573} INFO - Sync 3 DAGs
[2022-11-11T00:42:48.608+0000] {logging_mixin.py:117} INFO - [2022-11-11T00:42:48.608+0000] {dag.py:3328} INFO - Setting next_dagrun for example_subdag_operator to 2022-01-01T00:00:00+00:00, run_after=2022-01-01T00:00:00+00:00
[2022-11-11T00:42:48.611+0000] {logging_mixin.py:117} INFO - [2022-11-11T00:42:48.611+0000] {dag.py:3328} INFO - Setting next_dagrun for example_subdag_operator.section-1 to None, run_after=None
[2022-11-11T00:42:48.612+0000] {logging_mixin.py:117} INFO - [2022-11-11T00:42:48.612+0000] {dag.py:3328} INFO - Setting next_dagrun for example_subdag_operator.section-2 to None, run_after=None
[2022-11-11T00:42:48.618+0000] {logging_mixin.py:117} INFO - [2022-11-11T00:42:48.618+0000] {dag.py:2573} INFO - Sync 2 DAGs
[2022-11-11T00:42:48.621+0000] {logging_mixin.py:117} INFO - [2022-11-11T00:42:48.621+0000] {dag.py:3328} INFO - Setting next_dagrun for example_subdag_operator.section-1 to None, run_after=None
[2022-11-11T00:42:48.622+0000] {logging_mixin.py:117} INFO - [2022-11-11T00:42:48.622+0000] {dag.py:3328} INFO - Setting next_dagrun for example_subdag_operator.section-2 to None, run_after=None
[2022-11-11T00:42:48.627+0000] {processor.py:178} INFO - Processing /home/airflow/.local/lib/python3.7/site-packages/airflow/example_dags/example_subdag_operator.py took 0.230 seconds
[2022-11-11T02:28:03.649+0000] {processor.py:156} INFO - Started process (PID=13833) to work on /home/airflow/.local/lib/python3.7/site-packages/airflow/example_dags/example_subdag_operator.py
[2022-11-11T02:28:03.650+0000] {processor.py:758} INFO - Processing file /home/airflow/.local/lib/python3.7/site-packages/airflow/example_dags/example_subdag_operator.py for tasks to queue
[2022-11-11T02:28:03.654+0000] {logging_mixin.py:117} INFO - [2022-11-11T02:28:03.654+0000] {dagbag.py:525} INFO - Filling up the DagBag from /home/airflow/.local/lib/python3.7/site-packages/airflow/example_dags/example_subdag_operator.py
[2022-11-11T02:28:03.679+0000] {processor.py:768} INFO - DAG(s) dict_keys(['example_subdag_operator.section-1', 'example_subdag_operator.section-2', 'example_subdag_operator']) retrieved from /home/airflow/.local/lib/python3.7/site-packages/airflow/example_dags/example_subdag_operator.py
[2022-11-11T02:28:03.819+0000] {logging_mixin.py:117} INFO - [2022-11-11T02:28:03.818+0000] {dag.py:2573} INFO - Sync 3 DAGs
[2022-11-11T02:28:03.840+0000] {logging_mixin.py:117} INFO - [2022-11-11T02:28:03.840+0000] {dag.py:3328} INFO - Setting next_dagrun for example_subdag_operator to 2022-01-01T00:00:00+00:00, run_after=2022-01-01T00:00:00+00:00
[2022-11-11T02:28:03.843+0000] {logging_mixin.py:117} INFO - [2022-11-11T02:28:03.843+0000] {dag.py:3328} INFO - Setting next_dagrun for example_subdag_operator.section-1 to None, run_after=None
[2022-11-11T02:28:03.845+0000] {logging_mixin.py:117} INFO - [2022-11-11T02:28:03.845+0000] {dag.py:3328} INFO - Setting next_dagrun for example_subdag_operator.section-2 to None, run_after=None
[2022-11-11T02:28:03.854+0000] {logging_mixin.py:117} INFO - [2022-11-11T02:28:03.854+0000] {dag.py:2573} INFO - Sync 2 DAGs
[2022-11-11T02:28:03.859+0000] {logging_mixin.py:117} INFO - [2022-11-11T02:28:03.859+0000] {dag.py:3328} INFO - Setting next_dagrun for example_subdag_operator.section-1 to None, run_after=None
[2022-11-11T02:28:03.860+0000] {logging_mixin.py:117} INFO - [2022-11-11T02:28:03.860+0000] {dag.py:3328} INFO - Setting next_dagrun for example_subdag_operator.section-2 to None, run_after=None
[2022-11-11T02:28:03.874+0000] {processor.py:178} INFO - Processing /home/airflow/.local/lib/python3.7/site-packages/airflow/example_dags/example_subdag_operator.py took 0.228 seconds
[2022-11-11T03:50:27.458+0000] {processor.py:156} INFO - Started process (PID=13897) to work on /home/airflow/.local/lib/python3.7/site-packages/airflow/example_dags/example_subdag_operator.py
[2022-11-11T03:50:27.465+0000] {processor.py:758} INFO - Processing file /home/airflow/.local/lib/python3.7/site-packages/airflow/example_dags/example_subdag_operator.py for tasks to queue
[2022-11-11T03:50:27.481+0000] {logging_mixin.py:117} INFO - [2022-11-11T03:50:27.481+0000] {dagbag.py:525} INFO - Filling up the DagBag from /home/airflow/.local/lib/python3.7/site-packages/airflow/example_dags/example_subdag_operator.py
[2022-11-11T03:50:27.825+0000] {processor.py:768} INFO - DAG(s) dict_keys(['example_subdag_operator.section-1', 'example_subdag_operator.section-2', 'example_subdag_operator']) retrieved from /home/airflow/.local/lib/python3.7/site-packages/airflow/example_dags/example_subdag_operator.py
[2022-11-11T03:50:28.809+0000] {logging_mixin.py:117} INFO - [2022-11-11T03:50:28.808+0000] {dag.py:2573} INFO - Sync 3 DAGs
[2022-11-11T03:50:28.843+0000] {logging_mixin.py:117} INFO - [2022-11-11T03:50:28.843+0000] {dag.py:3328} INFO - Setting next_dagrun for example_subdag_operator to 2022-01-01T00:00:00+00:00, run_after=2022-01-01T00:00:00+00:00
[2022-11-11T03:50:28.848+0000] {logging_mixin.py:117} INFO - [2022-11-11T03:50:28.848+0000] {dag.py:3328} INFO - Setting next_dagrun for example_subdag_operator.section-1 to None, run_after=None
[2022-11-11T03:50:28.853+0000] {logging_mixin.py:117} INFO - [2022-11-11T03:50:28.853+0000] {dag.py:3328} INFO - Setting next_dagrun for example_subdag_operator.section-2 to None, run_after=None
[2022-11-11T03:50:28.862+0000] {logging_mixin.py:117} INFO - [2022-11-11T03:50:28.862+0000] {dag.py:2573} INFO - Sync 2 DAGs
[2022-11-11T03:50:28.869+0000] {logging_mixin.py:117} INFO - [2022-11-11T03:50:28.869+0000] {dag.py:3328} INFO - Setting next_dagrun for example_subdag_operator.section-1 to None, run_after=None
[2022-11-11T03:50:28.871+0000] {logging_mixin.py:117} INFO - [2022-11-11T03:50:28.871+0000] {dag.py:3328} INFO - Setting next_dagrun for example_subdag_operator.section-2 to None, run_after=None
[2022-11-11T03:50:28.884+0000] {processor.py:178} INFO - Processing /home/airflow/.local/lib/python3.7/site-packages/airflow/example_dags/example_subdag_operator.py took 1.542 seconds
[2022-11-11T05:13:16.349+0000] {processor.py:156} INFO - Started process (PID=13952) to work on /home/airflow/.local/lib/python3.7/site-packages/airflow/example_dags/example_subdag_operator.py
[2022-11-11T05:13:16.351+0000] {processor.py:758} INFO - Processing file /home/airflow/.local/lib/python3.7/site-packages/airflow/example_dags/example_subdag_operator.py for tasks to queue
[2022-11-11T05:13:16.353+0000] {logging_mixin.py:117} INFO - [2022-11-11T05:13:16.353+0000] {dagbag.py:525} INFO - Filling up the DagBag from /home/airflow/.local/lib/python3.7/site-packages/airflow/example_dags/example_subdag_operator.py
[2022-11-11T05:13:16.380+0000] {processor.py:768} INFO - DAG(s) dict_keys(['example_subdag_operator.section-1', 'example_subdag_operator.section-2', 'example_subdag_operator']) retrieved from /home/airflow/.local/lib/python3.7/site-packages/airflow/example_dags/example_subdag_operator.py
[2022-11-11T05:13:16.485+0000] {logging_mixin.py:117} INFO - [2022-11-11T05:13:16.485+0000] {dag.py:2573} INFO - Sync 3 DAGs
[2022-11-11T05:13:16.509+0000] {logging_mixin.py:117} INFO - [2022-11-11T05:13:16.509+0000] {dag.py:3328} INFO - Setting next_dagrun for example_subdag_operator to 2022-01-01T00:00:00+00:00, run_after=2022-01-01T00:00:00+00:00
[2022-11-11T05:13:16.513+0000] {logging_mixin.py:117} INFO - [2022-11-11T05:13:16.513+0000] {dag.py:3328} INFO - Setting next_dagrun for example_subdag_operator.section-1 to None, run_after=None
[2022-11-11T05:13:16.515+0000] {logging_mixin.py:117} INFO - [2022-11-11T05:13:16.514+0000] {dag.py:3328} INFO - Setting next_dagrun for example_subdag_operator.section-2 to None, run_after=None
[2022-11-11T05:13:16.520+0000] {logging_mixin.py:117} INFO - [2022-11-11T05:13:16.520+0000] {dag.py:2573} INFO - Sync 2 DAGs
[2022-11-11T05:13:16.526+0000] {logging_mixin.py:117} INFO - [2022-11-11T05:13:16.526+0000] {dag.py:3328} INFO - Setting next_dagrun for example_subdag_operator.section-1 to None, run_after=None
[2022-11-11T05:13:16.526+0000] {logging_mixin.py:117} INFO - [2022-11-11T05:13:16.526+0000] {dag.py:3328} INFO - Setting next_dagrun for example_subdag_operator.section-2 to None, run_after=None
[2022-11-11T05:13:16.532+0000] {processor.py:178} INFO - Processing /home/airflow/.local/lib/python3.7/site-packages/airflow/example_dags/example_subdag_operator.py took 0.185 seconds
[2022-11-11T06:36:36.041+0000] {processor.py:156} INFO - Started process (PID=14007) to work on /home/airflow/.local/lib/python3.7/site-packages/airflow/example_dags/example_subdag_operator.py
[2022-11-11T06:36:36.043+0000] {processor.py:758} INFO - Processing file /home/airflow/.local/lib/python3.7/site-packages/airflow/example_dags/example_subdag_operator.py for tasks to queue
[2022-11-11T06:36:36.049+0000] {logging_mixin.py:117} INFO - [2022-11-11T06:36:36.049+0000] {dagbag.py:525} INFO - Filling up the DagBag from /home/airflow/.local/lib/python3.7/site-packages/airflow/example_dags/example_subdag_operator.py
[2022-11-11T06:36:36.291+0000] {processor.py:768} INFO - DAG(s) dict_keys(['example_subdag_operator.section-1', 'example_subdag_operator.section-2', 'example_subdag_operator']) retrieved from /home/airflow/.local/lib/python3.7/site-packages/airflow/example_dags/example_subdag_operator.py
[2022-11-11T06:36:37.056+0000] {logging_mixin.py:117} INFO - [2022-11-11T06:36:37.054+0000] {dag.py:2573} INFO - Sync 3 DAGs
[2022-11-11T06:36:37.114+0000] {logging_mixin.py:117} INFO - [2022-11-11T06:36:37.113+0000] {dag.py:3328} INFO - Setting next_dagrun for example_subdag_operator to 2022-01-01T00:00:00+00:00, run_after=2022-01-01T00:00:00+00:00
[2022-11-11T06:36:37.145+0000] {logging_mixin.py:117} INFO - [2022-11-11T06:36:37.145+0000] {dag.py:3328} INFO - Setting next_dagrun for example_subdag_operator.section-1 to None, run_after=None
[2022-11-11T06:36:37.150+0000] {logging_mixin.py:117} INFO - [2022-11-11T06:36:37.150+0000] {dag.py:3328} INFO - Setting next_dagrun for example_subdag_operator.section-2 to None, run_after=None
[2022-11-11T06:36:37.227+0000] {logging_mixin.py:117} INFO - [2022-11-11T06:36:37.227+0000] {dag.py:2573} INFO - Sync 2 DAGs
[2022-11-11T06:36:37.239+0000] {logging_mixin.py:117} INFO - [2022-11-11T06:36:37.239+0000] {dag.py:3328} INFO - Setting next_dagrun for example_subdag_operator.section-1 to None, run_after=None
[2022-11-11T06:36:37.240+0000] {logging_mixin.py:117} INFO - [2022-11-11T06:36:37.240+0000] {dag.py:3328} INFO - Setting next_dagrun for example_subdag_operator.section-2 to None, run_after=None
[2022-11-11T06:36:37.264+0000] {processor.py:178} INFO - Processing /home/airflow/.local/lib/python3.7/site-packages/airflow/example_dags/example_subdag_operator.py took 1.297 seconds
[2022-11-11T07:57:07.319+0000] {processor.py:156} INFO - Started process (PID=14071) to work on /home/airflow/.local/lib/python3.7/site-packages/airflow/example_dags/example_subdag_operator.py
[2022-11-11T07:57:07.325+0000] {processor.py:758} INFO - Processing file /home/airflow/.local/lib/python3.7/site-packages/airflow/example_dags/example_subdag_operator.py for tasks to queue
[2022-11-11T07:57:07.328+0000] {logging_mixin.py:117} INFO - [2022-11-11T07:57:07.328+0000] {dagbag.py:525} INFO - Filling up the DagBag from /home/airflow/.local/lib/python3.7/site-packages/airflow/example_dags/example_subdag_operator.py
[2022-11-11T07:57:07.420+0000] {processor.py:768} INFO - DAG(s) dict_keys(['example_subdag_operator.section-1', 'example_subdag_operator.section-2', 'example_subdag_operator']) retrieved from /home/airflow/.local/lib/python3.7/site-packages/airflow/example_dags/example_subdag_operator.py
[2022-11-11T07:57:07.746+0000] {logging_mixin.py:117} INFO - [2022-11-11T07:57:07.746+0000] {dag.py:2573} INFO - Sync 3 DAGs
[2022-11-11T07:57:07.864+0000] {logging_mixin.py:117} INFO - [2022-11-11T07:57:07.863+0000] {dag.py:3328} INFO - Setting next_dagrun for example_subdag_operator to 2022-01-01T00:00:00+00:00, run_after=2022-01-01T00:00:00+00:00
[2022-11-11T07:57:07.887+0000] {logging_mixin.py:117} INFO - [2022-11-11T07:57:07.887+0000] {dag.py:3328} INFO - Setting next_dagrun for example_subdag_operator.section-1 to None, run_after=None
[2022-11-11T07:57:07.890+0000] {logging_mixin.py:117} INFO - [2022-11-11T07:57:07.890+0000] {dag.py:3328} INFO - Setting next_dagrun for example_subdag_operator.section-2 to None, run_after=None
[2022-11-11T07:57:07.961+0000] {logging_mixin.py:117} INFO - [2022-11-11T07:57:07.960+0000] {dag.py:2573} INFO - Sync 2 DAGs
[2022-11-11T07:57:07.996+0000] {logging_mixin.py:117} INFO - [2022-11-11T07:57:07.996+0000] {dag.py:3328} INFO - Setting next_dagrun for example_subdag_operator.section-1 to None, run_after=None
[2022-11-11T07:57:08.017+0000] {logging_mixin.py:117} INFO - [2022-11-11T07:57:08.017+0000] {dag.py:3328} INFO - Setting next_dagrun for example_subdag_operator.section-2 to None, run_after=None
[2022-11-11T07:57:08.066+0000] {processor.py:178} INFO - Processing /home/airflow/.local/lib/python3.7/site-packages/airflow/example_dags/example_subdag_operator.py took 0.752 seconds
[2022-11-11T09:22:32.627+0000] {processor.py:156} INFO - Started process (PID=14136) to work on /home/airflow/.local/lib/python3.7/site-packages/airflow/example_dags/example_subdag_operator.py
[2022-11-11T09:22:32.650+0000] {processor.py:758} INFO - Processing file /home/airflow/.local/lib/python3.7/site-packages/airflow/example_dags/example_subdag_operator.py for tasks to queue
[2022-11-11T09:22:32.655+0000] {logging_mixin.py:117} INFO - [2022-11-11T09:22:32.655+0000] {dagbag.py:525} INFO - Filling up the DagBag from /home/airflow/.local/lib/python3.7/site-packages/airflow/example_dags/example_subdag_operator.py
[2022-11-11T09:22:32.831+0000] {processor.py:768} INFO - DAG(s) dict_keys(['example_subdag_operator.section-1', 'example_subdag_operator.section-2', 'example_subdag_operator']) retrieved from /home/airflow/.local/lib/python3.7/site-packages/airflow/example_dags/example_subdag_operator.py
[2022-11-11T09:22:33.126+0000] {logging_mixin.py:117} INFO - [2022-11-11T09:22:33.126+0000] {dag.py:2573} INFO - Sync 3 DAGs
[2022-11-11T09:22:33.152+0000] {logging_mixin.py:117} INFO - [2022-11-11T09:22:33.152+0000] {dag.py:3328} INFO - Setting next_dagrun for example_subdag_operator to 2022-01-01T00:00:00+00:00, run_after=2022-01-01T00:00:00+00:00
[2022-11-11T09:22:33.158+0000] {logging_mixin.py:117} INFO - [2022-11-11T09:22:33.157+0000] {dag.py:3328} INFO - Setting next_dagrun for example_subdag_operator.section-1 to None, run_after=None
[2022-11-11T09:22:33.162+0000] {logging_mixin.py:117} INFO - [2022-11-11T09:22:33.162+0000] {dag.py:3328} INFO - Setting next_dagrun for example_subdag_operator.section-2 to None, run_after=None
[2022-11-11T09:22:33.176+0000] {logging_mixin.py:117} INFO - [2022-11-11T09:22:33.175+0000] {dag.py:2573} INFO - Sync 2 DAGs
[2022-11-11T09:22:33.181+0000] {logging_mixin.py:117} INFO - [2022-11-11T09:22:33.181+0000] {dag.py:3328} INFO - Setting next_dagrun for example_subdag_operator.section-1 to None, run_after=None
[2022-11-11T09:22:33.183+0000] {logging_mixin.py:117} INFO - [2022-11-11T09:22:33.183+0000] {dag.py:3328} INFO - Setting next_dagrun for example_subdag_operator.section-2 to None, run_after=None
[2022-11-11T09:22:33.198+0000] {processor.py:178} INFO - Processing /home/airflow/.local/lib/python3.7/site-packages/airflow/example_dags/example_subdag_operator.py took 0.608 seconds
[2022-11-11T10:26:53.150+0000] {processor.py:156} INFO - Started process (PID=14188) to work on /home/airflow/.local/lib/python3.7/site-packages/airflow/example_dags/example_subdag_operator.py
[2022-11-11T10:26:53.161+0000] {processor.py:758} INFO - Processing file /home/airflow/.local/lib/python3.7/site-packages/airflow/example_dags/example_subdag_operator.py for tasks to queue
[2022-11-11T10:26:53.164+0000] {logging_mixin.py:117} INFO - [2022-11-11T10:26:53.164+0000] {dagbag.py:525} INFO - Filling up the DagBag from /home/airflow/.local/lib/python3.7/site-packages/airflow/example_dags/example_subdag_operator.py
[2022-11-11T10:26:53.422+0000] {processor.py:768} INFO - DAG(s) dict_keys(['example_subdag_operator.section-1', 'example_subdag_operator.section-2', 'example_subdag_operator']) retrieved from /home/airflow/.local/lib/python3.7/site-packages/airflow/example_dags/example_subdag_operator.py
[2022-11-11T10:26:53.864+0000] {logging_mixin.py:117} INFO - [2022-11-11T10:26:53.863+0000] {dag.py:2573} INFO - Sync 3 DAGs
[2022-11-11T10:26:53.974+0000] {logging_mixin.py:117} INFO - [2022-11-11T10:26:53.973+0000] {dag.py:3328} INFO - Setting next_dagrun for example_subdag_operator to 2022-01-01T00:00:00+00:00, run_after=2022-01-01T00:00:00+00:00
[2022-11-11T10:26:54.000+0000] {logging_mixin.py:117} INFO - [2022-11-11T10:26:54.000+0000] {dag.py:3328} INFO - Setting next_dagrun for example_subdag_operator.section-1 to None, run_after=None
[2022-11-11T10:26:54.010+0000] {logging_mixin.py:117} INFO - [2022-11-11T10:26:54.009+0000] {dag.py:3328} INFO - Setting next_dagrun for example_subdag_operator.section-2 to None, run_after=None
[2022-11-11T10:26:54.031+0000] {logging_mixin.py:117} INFO - [2022-11-11T10:26:54.031+0000] {dag.py:2573} INFO - Sync 2 DAGs
[2022-11-11T10:26:54.050+0000] {logging_mixin.py:117} INFO - [2022-11-11T10:26:54.049+0000] {dag.py:3328} INFO - Setting next_dagrun for example_subdag_operator.section-1 to None, run_after=None
[2022-11-11T10:26:54.059+0000] {logging_mixin.py:117} INFO - [2022-11-11T10:26:54.058+0000] {dag.py:3328} INFO - Setting next_dagrun for example_subdag_operator.section-2 to None, run_after=None
[2022-11-11T10:26:54.076+0000] {processor.py:178} INFO - Processing /home/airflow/.local/lib/python3.7/site-packages/airflow/example_dags/example_subdag_operator.py took 0.939 seconds
[2022-11-11T11:52:28.694+0000] {processor.py:156} INFO - Started process (PID=14245) to work on /home/airflow/.local/lib/python3.7/site-packages/airflow/example_dags/example_subdag_operator.py
[2022-11-11T11:52:28.718+0000] {processor.py:758} INFO - Processing file /home/airflow/.local/lib/python3.7/site-packages/airflow/example_dags/example_subdag_operator.py for tasks to queue
[2022-11-11T11:52:28.723+0000] {logging_mixin.py:117} INFO - [2022-11-11T11:52:28.723+0000] {dagbag.py:525} INFO - Filling up the DagBag from /home/airflow/.local/lib/python3.7/site-packages/airflow/example_dags/example_subdag_operator.py
[2022-11-11T11:52:29.051+0000] {processor.py:768} INFO - DAG(s) dict_keys(['example_subdag_operator.section-1', 'example_subdag_operator.section-2', 'example_subdag_operator']) retrieved from /home/airflow/.local/lib/python3.7/site-packages/airflow/example_dags/example_subdag_operator.py
[2022-11-11T11:52:29.727+0000] {logging_mixin.py:117} INFO - [2022-11-11T11:52:29.727+0000] {dag.py:2573} INFO - Sync 3 DAGs
[2022-11-11T11:52:29.797+0000] {logging_mixin.py:117} INFO - [2022-11-11T11:52:29.797+0000] {dag.py:3328} INFO - Setting next_dagrun for example_subdag_operator to 2022-01-01T00:00:00+00:00, run_after=2022-01-01T00:00:00+00:00
[2022-11-11T11:52:29.805+0000] {logging_mixin.py:117} INFO - [2022-11-11T11:52:29.804+0000] {dag.py:3328} INFO - Setting next_dagrun for example_subdag_operator.section-1 to None, run_after=None
[2022-11-11T11:52:29.826+0000] {logging_mixin.py:117} INFO - [2022-11-11T11:52:29.826+0000] {dag.py:3328} INFO - Setting next_dagrun for example_subdag_operator.section-2 to None, run_after=None
[2022-11-11T11:52:29.836+0000] {logging_mixin.py:117} INFO - [2022-11-11T11:52:29.836+0000] {dag.py:2573} INFO - Sync 2 DAGs
[2022-11-11T11:52:29.847+0000] {logging_mixin.py:117} INFO - [2022-11-11T11:52:29.847+0000] {dag.py:3328} INFO - Setting next_dagrun for example_subdag_operator.section-1 to None, run_after=None
[2022-11-11T11:52:29.849+0000] {logging_mixin.py:117} INFO - [2022-11-11T11:52:29.849+0000] {dag.py:3328} INFO - Setting next_dagrun for example_subdag_operator.section-2 to None, run_after=None
[2022-11-11T11:52:29.874+0000] {processor.py:178} INFO - Processing /home/airflow/.local/lib/python3.7/site-packages/airflow/example_dags/example_subdag_operator.py took 1.214 seconds
[2022-11-11T13:17:20.232+0000] {processor.py:156} INFO - Started process (PID=14300) to work on /home/airflow/.local/lib/python3.7/site-packages/airflow/example_dags/example_subdag_operator.py
[2022-11-11T13:17:20.238+0000] {processor.py:758} INFO - Processing file /home/airflow/.local/lib/python3.7/site-packages/airflow/example_dags/example_subdag_operator.py for tasks to queue
[2022-11-11T13:17:20.243+0000] {logging_mixin.py:117} INFO - [2022-11-11T13:17:20.242+0000] {dagbag.py:525} INFO - Filling up the DagBag from /home/airflow/.local/lib/python3.7/site-packages/airflow/example_dags/example_subdag_operator.py
[2022-11-11T13:17:20.345+0000] {processor.py:768} INFO - DAG(s) dict_keys(['example_subdag_operator.section-1', 'example_subdag_operator.section-2', 'example_subdag_operator']) retrieved from /home/airflow/.local/lib/python3.7/site-packages/airflow/example_dags/example_subdag_operator.py
[2022-11-11T13:17:20.469+0000] {logging_mixin.py:117} INFO - [2022-11-11T13:17:20.469+0000] {dag.py:2573} INFO - Sync 3 DAGs
[2022-11-11T13:17:20.487+0000] {logging_mixin.py:117} INFO - [2022-11-11T13:17:20.487+0000] {dag.py:3328} INFO - Setting next_dagrun for example_subdag_operator to 2022-01-01T00:00:00+00:00, run_after=2022-01-01T00:00:00+00:00
[2022-11-11T13:17:20.489+0000] {logging_mixin.py:117} INFO - [2022-11-11T13:17:20.489+0000] {dag.py:3328} INFO - Setting next_dagrun for example_subdag_operator.section-1 to None, run_after=None
[2022-11-11T13:17:20.491+0000] {logging_mixin.py:117} INFO - [2022-11-11T13:17:20.491+0000] {dag.py:3328} INFO - Setting next_dagrun for example_subdag_operator.section-2 to None, run_after=None
[2022-11-11T13:17:20.495+0000] {logging_mixin.py:117} INFO - [2022-11-11T13:17:20.495+0000] {dag.py:2573} INFO - Sync 2 DAGs
[2022-11-11T13:17:20.498+0000] {logging_mixin.py:117} INFO - [2022-11-11T13:17:20.498+0000] {dag.py:3328} INFO - Setting next_dagrun for example_subdag_operator.section-1 to None, run_after=None
[2022-11-11T13:17:20.498+0000] {logging_mixin.py:117} INFO - [2022-11-11T13:17:20.498+0000] {dag.py:3328} INFO - Setting next_dagrun for example_subdag_operator.section-2 to None, run_after=None
[2022-11-11T13:17:20.508+0000] {processor.py:178} INFO - Processing /home/airflow/.local/lib/python3.7/site-packages/airflow/example_dags/example_subdag_operator.py took 0.289 seconds
[2022-11-11T14:25:17.827+0000] {processor.py:156} INFO - Started process (PID=14355) to work on /home/airflow/.local/lib/python3.7/site-packages/airflow/example_dags/example_subdag_operator.py
[2022-11-11T14:25:17.842+0000] {processor.py:758} INFO - Processing file /home/airflow/.local/lib/python3.7/site-packages/airflow/example_dags/example_subdag_operator.py for tasks to queue
[2022-11-11T14:25:17.848+0000] {logging_mixin.py:117} INFO - [2022-11-11T14:25:17.848+0000] {dagbag.py:525} INFO - Filling up the DagBag from /home/airflow/.local/lib/python3.7/site-packages/airflow/example_dags/example_subdag_operator.py
[2022-11-11T14:25:18.153+0000] {processor.py:768} INFO - DAG(s) dict_keys(['example_subdag_operator.section-1', 'example_subdag_operator.section-2', 'example_subdag_operator']) retrieved from /home/airflow/.local/lib/python3.7/site-packages/airflow/example_dags/example_subdag_operator.py
[2022-11-11T14:25:23.645+0000] {logging_mixin.py:117} INFO - [2022-11-11T14:25:23.645+0000] {dag.py:2573} INFO - Sync 3 DAGs
[2022-11-11T14:25:23.701+0000] {logging_mixin.py:117} INFO - [2022-11-11T14:25:23.701+0000] {dag.py:3328} INFO - Setting next_dagrun for example_subdag_operator to 2022-01-01T00:00:00+00:00, run_after=2022-01-01T00:00:00+00:00
[2022-11-11T14:25:23.741+0000] {logging_mixin.py:117} INFO - [2022-11-11T14:25:23.741+0000] {dag.py:3328} INFO - Setting next_dagrun for example_subdag_operator.section-1 to None, run_after=None
[2022-11-11T14:25:23.762+0000] {logging_mixin.py:117} INFO - [2022-11-11T14:25:23.761+0000] {dag.py:3328} INFO - Setting next_dagrun for example_subdag_operator.section-2 to None, run_after=None
[2022-11-11T14:25:23.785+0000] {logging_mixin.py:117} INFO - [2022-11-11T14:25:23.785+0000] {dag.py:2573} INFO - Sync 2 DAGs
[2022-11-11T14:25:23.832+0000] {logging_mixin.py:117} INFO - [2022-11-11T14:25:23.832+0000] {dag.py:3328} INFO - Setting next_dagrun for example_subdag_operator.section-1 to None, run_after=None
[2022-11-11T14:25:23.837+0000] {logging_mixin.py:117} INFO - [2022-11-11T14:25:23.836+0000] {dag.py:3328} INFO - Setting next_dagrun for example_subdag_operator.section-2 to None, run_after=None
[2022-11-11T14:25:23.937+0000] {processor.py:178} INFO - Processing /home/airflow/.local/lib/python3.7/site-packages/airflow/example_dags/example_subdag_operator.py took 6.129 seconds
[2022-11-11T15:46:08.296+0000] {processor.py:156} INFO - Started process (PID=14409) to work on /home/airflow/.local/lib/python3.7/site-packages/airflow/example_dags/example_subdag_operator.py
[2022-11-11T15:46:08.323+0000] {processor.py:758} INFO - Processing file /home/airflow/.local/lib/python3.7/site-packages/airflow/example_dags/example_subdag_operator.py for tasks to queue
[2022-11-11T15:46:08.356+0000] {logging_mixin.py:117} INFO - [2022-11-11T15:46:08.356+0000] {dagbag.py:525} INFO - Filling up the DagBag from /home/airflow/.local/lib/python3.7/site-packages/airflow/example_dags/example_subdag_operator.py
[2022-11-11T15:46:08.712+0000] {processor.py:768} INFO - DAG(s) dict_keys(['example_subdag_operator.section-1', 'example_subdag_operator.section-2', 'example_subdag_operator']) retrieved from /home/airflow/.local/lib/python3.7/site-packages/airflow/example_dags/example_subdag_operator.py
[2022-11-11T15:46:09.129+0000] {logging_mixin.py:117} INFO - [2022-11-11T15:46:09.128+0000] {dag.py:2573} INFO - Sync 3 DAGs
[2022-11-11T15:46:09.229+0000] {logging_mixin.py:117} INFO - [2022-11-11T15:46:09.229+0000] {dag.py:3328} INFO - Setting next_dagrun for example_subdag_operator to 2022-01-01T00:00:00+00:00, run_after=2022-01-01T00:00:00+00:00
[2022-11-11T15:46:09.241+0000] {logging_mixin.py:117} INFO - [2022-11-11T15:46:09.241+0000] {dag.py:3328} INFO - Setting next_dagrun for example_subdag_operator.section-1 to None, run_after=None
[2022-11-11T15:46:09.254+0000] {logging_mixin.py:117} INFO - [2022-11-11T15:46:09.254+0000] {dag.py:3328} INFO - Setting next_dagrun for example_subdag_operator.section-2 to None, run_after=None
[2022-11-11T15:46:09.290+0000] {logging_mixin.py:117} INFO - [2022-11-11T15:46:09.290+0000] {dag.py:2573} INFO - Sync 2 DAGs
[2022-11-11T15:46:09.364+0000] {logging_mixin.py:117} INFO - [2022-11-11T15:46:09.364+0000] {dag.py:3328} INFO - Setting next_dagrun for example_subdag_operator.section-1 to None, run_after=None
[2022-11-11T15:46:09.409+0000] {logging_mixin.py:117} INFO - [2022-11-11T15:46:09.409+0000] {dag.py:3328} INFO - Setting next_dagrun for example_subdag_operator.section-2 to None, run_after=None
[2022-11-11T15:46:09.449+0000] {processor.py:178} INFO - Processing /home/airflow/.local/lib/python3.7/site-packages/airflow/example_dags/example_subdag_operator.py took 1.196 seconds
[2022-11-11T17:04:47.256+0000] {processor.py:156} INFO - Started process (PID=14473) to work on /home/airflow/.local/lib/python3.7/site-packages/airflow/example_dags/example_subdag_operator.py
[2022-11-11T17:04:47.260+0000] {processor.py:758} INFO - Processing file /home/airflow/.local/lib/python3.7/site-packages/airflow/example_dags/example_subdag_operator.py for tasks to queue
[2022-11-11T17:04:47.267+0000] {logging_mixin.py:117} INFO - [2022-11-11T17:04:47.267+0000] {dagbag.py:525} INFO - Filling up the DagBag from /home/airflow/.local/lib/python3.7/site-packages/airflow/example_dags/example_subdag_operator.py
[2022-11-11T17:04:47.434+0000] {processor.py:768} INFO - DAG(s) dict_keys(['example_subdag_operator.section-1', 'example_subdag_operator.section-2', 'example_subdag_operator']) retrieved from /home/airflow/.local/lib/python3.7/site-packages/airflow/example_dags/example_subdag_operator.py
[2022-11-11T17:04:47.799+0000] {logging_mixin.py:117} INFO - [2022-11-11T17:04:47.799+0000] {dag.py:2573} INFO - Sync 3 DAGs
[2022-11-11T17:04:47.824+0000] {logging_mixin.py:117} INFO - [2022-11-11T17:04:47.823+0000] {dag.py:3328} INFO - Setting next_dagrun for example_subdag_operator to 2022-01-01T00:00:00+00:00, run_after=2022-01-01T00:00:00+00:00
[2022-11-11T17:04:47.829+0000] {logging_mixin.py:117} INFO - [2022-11-11T17:04:47.829+0000] {dag.py:3328} INFO - Setting next_dagrun for example_subdag_operator.section-1 to None, run_after=None
[2022-11-11T17:04:47.834+0000] {logging_mixin.py:117} INFO - [2022-11-11T17:04:47.834+0000] {dag.py:3328} INFO - Setting next_dagrun for example_subdag_operator.section-2 to None, run_after=None
[2022-11-11T17:04:47.842+0000] {logging_mixin.py:117} INFO - [2022-11-11T17:04:47.842+0000] {dag.py:2573} INFO - Sync 2 DAGs
[2022-11-11T17:04:47.848+0000] {logging_mixin.py:117} INFO - [2022-11-11T17:04:47.847+0000] {dag.py:3328} INFO - Setting next_dagrun for example_subdag_operator.section-1 to None, run_after=None
[2022-11-11T17:04:47.854+0000] {logging_mixin.py:117} INFO - [2022-11-11T17:04:47.853+0000] {dag.py:3328} INFO - Setting next_dagrun for example_subdag_operator.section-2 to None, run_after=None
[2022-11-11T17:04:47.881+0000] {processor.py:178} INFO - Processing /home/airflow/.local/lib/python3.7/site-packages/airflow/example_dags/example_subdag_operator.py took 0.628 seconds
[2022-11-11T18:44:03.933+0000] {processor.py:156} INFO - Started process (PID=14528) to work on /home/airflow/.local/lib/python3.7/site-packages/airflow/example_dags/example_subdag_operator.py
[2022-11-11T18:44:03.940+0000] {processor.py:758} INFO - Processing file /home/airflow/.local/lib/python3.7/site-packages/airflow/example_dags/example_subdag_operator.py for tasks to queue
[2022-11-11T18:44:03.949+0000] {logging_mixin.py:117} INFO - [2022-11-11T18:44:03.949+0000] {dagbag.py:525} INFO - Filling up the DagBag from /home/airflow/.local/lib/python3.7/site-packages/airflow/example_dags/example_subdag_operator.py
[2022-11-11T18:44:04.425+0000] {processor.py:768} INFO - DAG(s) dict_keys(['example_subdag_operator.section-1', 'example_subdag_operator.section-2', 'example_subdag_operator']) retrieved from /home/airflow/.local/lib/python3.7/site-packages/airflow/example_dags/example_subdag_operator.py
[2022-11-11T18:44:05.017+0000] {logging_mixin.py:117} INFO - [2022-11-11T18:44:05.017+0000] {dag.py:2573} INFO - Sync 3 DAGs
[2022-11-11T18:44:05.328+0000] {logging_mixin.py:117} INFO - [2022-11-11T18:44:05.328+0000] {dag.py:3328} INFO - Setting next_dagrun for example_subdag_operator to 2022-01-01T00:00:00+00:00, run_after=2022-01-01T00:00:00+00:00
[2022-11-11T18:44:05.410+0000] {logging_mixin.py:117} INFO - [2022-11-11T18:44:05.410+0000] {dag.py:3328} INFO - Setting next_dagrun for example_subdag_operator.section-1 to None, run_after=None
[2022-11-11T18:44:05.414+0000] {logging_mixin.py:117} INFO - [2022-11-11T18:44:05.414+0000] {dag.py:3328} INFO - Setting next_dagrun for example_subdag_operator.section-2 to None, run_after=None
[2022-11-11T18:44:05.453+0000] {logging_mixin.py:117} INFO - [2022-11-11T18:44:05.452+0000] {dag.py:2573} INFO - Sync 2 DAGs
[2022-11-11T18:44:05.461+0000] {logging_mixin.py:117} INFO - [2022-11-11T18:44:05.461+0000] {dag.py:3328} INFO - Setting next_dagrun for example_subdag_operator.section-1 to None, run_after=None
[2022-11-11T18:44:05.462+0000] {logging_mixin.py:117} INFO - [2022-11-11T18:44:05.462+0000] {dag.py:3328} INFO - Setting next_dagrun for example_subdag_operator.section-2 to None, run_after=None
[2022-11-11T18:44:05.567+0000] {processor.py:178} INFO - Processing /home/airflow/.local/lib/python3.7/site-packages/airflow/example_dags/example_subdag_operator.py took 1.647 seconds
[2022-11-11T20:08:19.819+0000] {processor.py:156} INFO - Started process (PID=14584) to work on /home/airflow/.local/lib/python3.7/site-packages/airflow/example_dags/example_subdag_operator.py
[2022-11-11T20:08:19.823+0000] {processor.py:758} INFO - Processing file /home/airflow/.local/lib/python3.7/site-packages/airflow/example_dags/example_subdag_operator.py for tasks to queue
[2022-11-11T20:08:19.825+0000] {logging_mixin.py:117} INFO - [2022-11-11T20:08:19.825+0000] {dagbag.py:525} INFO - Filling up the DagBag from /home/airflow/.local/lib/python3.7/site-packages/airflow/example_dags/example_subdag_operator.py
[2022-11-11T20:08:19.900+0000] {processor.py:768} INFO - DAG(s) dict_keys(['example_subdag_operator.section-1', 'example_subdag_operator.section-2', 'example_subdag_operator']) retrieved from /home/airflow/.local/lib/python3.7/site-packages/airflow/example_dags/example_subdag_operator.py
[2022-11-11T20:08:20.215+0000] {logging_mixin.py:117} INFO - [2022-11-11T20:08:20.214+0000] {dag.py:2573} INFO - Sync 3 DAGs
[2022-11-11T20:08:20.350+0000] {logging_mixin.py:117} INFO - [2022-11-11T20:08:20.350+0000] {dag.py:3328} INFO - Setting next_dagrun for example_subdag_operator to 2022-01-01T00:00:00+00:00, run_after=2022-01-01T00:00:00+00:00
[2022-11-11T20:08:20.390+0000] {logging_mixin.py:117} INFO - [2022-11-11T20:08:20.390+0000] {dag.py:3328} INFO - Setting next_dagrun for example_subdag_operator.section-1 to None, run_after=None
[2022-11-11T20:08:20.395+0000] {logging_mixin.py:117} INFO - [2022-11-11T20:08:20.395+0000] {dag.py:3328} INFO - Setting next_dagrun for example_subdag_operator.section-2 to None, run_after=None
[2022-11-11T20:08:20.547+0000] {logging_mixin.py:117} INFO - [2022-11-11T20:08:20.547+0000] {dag.py:2573} INFO - Sync 2 DAGs
[2022-11-11T20:08:20.560+0000] {logging_mixin.py:117} INFO - [2022-11-11T20:08:20.560+0000] {dag.py:3328} INFO - Setting next_dagrun for example_subdag_operator.section-1 to None, run_after=None
[2022-11-11T20:08:20.570+0000] {logging_mixin.py:117} INFO - [2022-11-11T20:08:20.569+0000] {dag.py:3328} INFO - Setting next_dagrun for example_subdag_operator.section-2 to None, run_after=None
[2022-11-11T20:08:20.622+0000] {processor.py:178} INFO - Processing /home/airflow/.local/lib/python3.7/site-packages/airflow/example_dags/example_subdag_operator.py took 0.809 seconds
[2022-11-11T21:30:10.187+0000] {processor.py:156} INFO - Started process (PID=14647) to work on /home/airflow/.local/lib/python3.7/site-packages/airflow/example_dags/example_subdag_operator.py
[2022-11-11T21:30:10.193+0000] {processor.py:758} INFO - Processing file /home/airflow/.local/lib/python3.7/site-packages/airflow/example_dags/example_subdag_operator.py for tasks to queue
[2022-11-11T21:30:10.196+0000] {logging_mixin.py:117} INFO - [2022-11-11T21:30:10.196+0000] {dagbag.py:525} INFO - Filling up the DagBag from /home/airflow/.local/lib/python3.7/site-packages/airflow/example_dags/example_subdag_operator.py
[2022-11-11T21:30:10.291+0000] {processor.py:768} INFO - DAG(s) dict_keys(['example_subdag_operator.section-1', 'example_subdag_operator.section-2', 'example_subdag_operator']) retrieved from /home/airflow/.local/lib/python3.7/site-packages/airflow/example_dags/example_subdag_operator.py
[2022-11-11T21:30:10.532+0000] {logging_mixin.py:117} INFO - [2022-11-11T21:30:10.532+0000] {dag.py:2573} INFO - Sync 3 DAGs
[2022-11-11T21:30:10.572+0000] {logging_mixin.py:117} INFO - [2022-11-11T21:30:10.572+0000] {dag.py:3328} INFO - Setting next_dagrun for example_subdag_operator to 2022-01-01T00:00:00+00:00, run_after=2022-01-01T00:00:00+00:00
[2022-11-11T21:30:10.577+0000] {logging_mixin.py:117} INFO - [2022-11-11T21:30:10.577+0000] {dag.py:3328} INFO - Setting next_dagrun for example_subdag_operator.section-1 to None, run_after=None
[2022-11-11T21:30:10.582+0000] {logging_mixin.py:117} INFO - [2022-11-11T21:30:10.582+0000] {dag.py:3328} INFO - Setting next_dagrun for example_subdag_operator.section-2 to None, run_after=None
[2022-11-11T21:30:10.592+0000] {logging_mixin.py:117} INFO - [2022-11-11T21:30:10.592+0000] {dag.py:2573} INFO - Sync 2 DAGs
[2022-11-11T21:30:10.619+0000] {logging_mixin.py:117} INFO - [2022-11-11T21:30:10.619+0000] {dag.py:3328} INFO - Setting next_dagrun for example_subdag_operator.section-1 to None, run_after=None
[2022-11-11T21:30:10.624+0000] {logging_mixin.py:117} INFO - [2022-11-11T21:30:10.624+0000] {dag.py:3328} INFO - Setting next_dagrun for example_subdag_operator.section-2 to None, run_after=None
[2022-11-11T21:30:10.644+0000] {processor.py:178} INFO - Processing /home/airflow/.local/lib/python3.7/site-packages/airflow/example_dags/example_subdag_operator.py took 0.463 seconds
[2022-11-11T23:08:04.331+0000] {processor.py:156} INFO - Started process (PID=14701) to work on /home/airflow/.local/lib/python3.7/site-packages/airflow/example_dags/example_subdag_operator.py
[2022-11-11T23:08:04.333+0000] {processor.py:758} INFO - Processing file /home/airflow/.local/lib/python3.7/site-packages/airflow/example_dags/example_subdag_operator.py for tasks to queue
[2022-11-11T23:08:04.336+0000] {logging_mixin.py:117} INFO - [2022-11-11T23:08:04.336+0000] {dagbag.py:525} INFO - Filling up the DagBag from /home/airflow/.local/lib/python3.7/site-packages/airflow/example_dags/example_subdag_operator.py
[2022-11-11T23:08:04.419+0000] {processor.py:768} INFO - DAG(s) dict_keys(['example_subdag_operator.section-1', 'example_subdag_operator.section-2', 'example_subdag_operator']) retrieved from /home/airflow/.local/lib/python3.7/site-packages/airflow/example_dags/example_subdag_operator.py
[2022-11-11T23:08:04.689+0000] {logging_mixin.py:117} INFO - [2022-11-11T23:08:04.661+0000] {dag.py:2573} INFO - Sync 3 DAGs
[2022-11-11T23:08:04.746+0000] {logging_mixin.py:117} INFO - [2022-11-11T23:08:04.745+0000] {dag.py:3328} INFO - Setting next_dagrun for example_subdag_operator to 2022-01-01T00:00:00+00:00, run_after=2022-01-01T00:00:00+00:00
[2022-11-11T23:08:04.792+0000] {logging_mixin.py:117} INFO - [2022-11-11T23:08:04.792+0000] {dag.py:3328} INFO - Setting next_dagrun for example_subdag_operator.section-1 to None, run_after=None
[2022-11-11T23:08:04.795+0000] {logging_mixin.py:117} INFO - [2022-11-11T23:08:04.795+0000] {dag.py:3328} INFO - Setting next_dagrun for example_subdag_operator.section-2 to None, run_after=None
[2022-11-11T23:08:04.805+0000] {logging_mixin.py:117} INFO - [2022-11-11T23:08:04.805+0000] {dag.py:2573} INFO - Sync 2 DAGs
[2022-11-11T23:08:04.830+0000] {logging_mixin.py:117} INFO - [2022-11-11T23:08:04.829+0000] {dag.py:3328} INFO - Setting next_dagrun for example_subdag_operator.section-1 to None, run_after=None
[2022-11-11T23:08:04.833+0000] {logging_mixin.py:117} INFO - [2022-11-11T23:08:04.833+0000] {dag.py:3328} INFO - Setting next_dagrun for example_subdag_operator.section-2 to None, run_after=None
[2022-11-11T23:08:04.850+0000] {processor.py:178} INFO - Processing /home/airflow/.local/lib/python3.7/site-packages/airflow/example_dags/example_subdag_operator.py took 0.530 seconds
