[2022-11-11T00:42:41.349+0000] {processor.py:156} INFO - Started process (PID=13752) to work on /home/airflow/.local/lib/python3.7/site-packages/airflow/example_dags/example_skip_dag.py
[2022-11-11T00:42:41.356+0000] {processor.py:758} INFO - Processing file /home/airflow/.local/lib/python3.7/site-packages/airflow/example_dags/example_skip_dag.py for tasks to queue
[2022-11-11T00:42:41.375+0000] {logging_mixin.py:117} INFO - [2022-11-11T00:42:41.375+0000] {dagbag.py:525} INFO - Filling up the DagBag from /home/airflow/.local/lib/python3.7/site-packages/airflow/example_dags/example_skip_dag.py
[2022-11-11T00:42:41.408+0000] {processor.py:768} INFO - DAG(s) dict_keys(['example_skip_dag']) retrieved from /home/airflow/.local/lib/python3.7/site-packages/airflow/example_dags/example_skip_dag.py
[2022-11-11T00:42:41.501+0000] {logging_mixin.py:117} INFO - [2022-11-11T00:42:41.501+0000] {dag.py:2573} INFO - Sync 1 DAGs
[2022-11-11T00:42:41.548+0000] {logging_mixin.py:117} INFO - [2022-11-11T00:42:41.548+0000] {dag.py:3328} INFO - Setting next_dagrun for example_skip_dag to 2022-11-10T00:42:41.548621+00:00, run_after=2022-11-11T00:42:41.548621+00:00
[2022-11-11T00:42:41.578+0000] {processor.py:178} INFO - Processing /home/airflow/.local/lib/python3.7/site-packages/airflow/example_dags/example_skip_dag.py took 0.232 seconds
[2022-11-11T02:28:00.864+0000] {processor.py:156} INFO - Started process (PID=13816) to work on /home/airflow/.local/lib/python3.7/site-packages/airflow/example_dags/example_skip_dag.py
[2022-11-11T02:28:00.865+0000] {processor.py:758} INFO - Processing file /home/airflow/.local/lib/python3.7/site-packages/airflow/example_dags/example_skip_dag.py for tasks to queue
[2022-11-11T02:28:00.867+0000] {logging_mixin.py:117} INFO - [2022-11-11T02:28:00.867+0000] {dagbag.py:525} INFO - Filling up the DagBag from /home/airflow/.local/lib/python3.7/site-packages/airflow/example_dags/example_skip_dag.py
[2022-11-11T02:28:00.882+0000] {processor.py:768} INFO - DAG(s) dict_keys(['example_skip_dag']) retrieved from /home/airflow/.local/lib/python3.7/site-packages/airflow/example_dags/example_skip_dag.py
[2022-11-11T02:28:00.953+0000] {logging_mixin.py:117} INFO - [2022-11-11T02:28:00.953+0000] {dag.py:2573} INFO - Sync 1 DAGs
[2022-11-11T02:28:01.007+0000] {logging_mixin.py:117} INFO - [2022-11-11T02:28:01.007+0000] {dag.py:3328} INFO - Setting next_dagrun for example_skip_dag to 2022-11-10T02:28:01.006663+00:00, run_after=2022-11-11T02:28:01.006663+00:00
[2022-11-11T02:28:01.033+0000] {processor.py:178} INFO - Processing /home/airflow/.local/lib/python3.7/site-packages/airflow/example_dags/example_skip_dag.py took 0.172 seconds
[2022-11-11T03:50:19.744+0000] {processor.py:156} INFO - Started process (PID=13871) to work on /home/airflow/.local/lib/python3.7/site-packages/airflow/example_dags/example_skip_dag.py
[2022-11-11T03:50:19.748+0000] {processor.py:758} INFO - Processing file /home/airflow/.local/lib/python3.7/site-packages/airflow/example_dags/example_skip_dag.py for tasks to queue
[2022-11-11T03:50:19.750+0000] {logging_mixin.py:117} INFO - [2022-11-11T03:50:19.750+0000] {dagbag.py:525} INFO - Filling up the DagBag from /home/airflow/.local/lib/python3.7/site-packages/airflow/example_dags/example_skip_dag.py
[2022-11-11T03:50:19.847+0000] {processor.py:768} INFO - DAG(s) dict_keys(['example_skip_dag']) retrieved from /home/airflow/.local/lib/python3.7/site-packages/airflow/example_dags/example_skip_dag.py
[2022-11-11T03:50:20.062+0000] {logging_mixin.py:117} INFO - [2022-11-11T03:50:20.062+0000] {dag.py:2573} INFO - Sync 1 DAGs
[2022-11-11T03:50:20.114+0000] {logging_mixin.py:117} INFO - [2022-11-11T03:50:20.114+0000] {dag.py:3328} INFO - Setting next_dagrun for example_skip_dag to 2022-11-10T03:50:20.113691+00:00, run_after=2022-11-11T03:50:20.113691+00:00
[2022-11-11T03:50:20.138+0000] {processor.py:178} INFO - Processing /home/airflow/.local/lib/python3.7/site-packages/airflow/example_dags/example_skip_dag.py took 0.407 seconds
[2022-11-11T05:13:12.007+0000] {processor.py:156} INFO - Started process (PID=13935) to work on /home/airflow/.local/lib/python3.7/site-packages/airflow/example_dags/example_skip_dag.py
[2022-11-11T05:13:12.046+0000] {processor.py:758} INFO - Processing file /home/airflow/.local/lib/python3.7/site-packages/airflow/example_dags/example_skip_dag.py for tasks to queue
[2022-11-11T05:13:12.048+0000] {logging_mixin.py:117} INFO - [2022-11-11T05:13:12.048+0000] {dagbag.py:525} INFO - Filling up the DagBag from /home/airflow/.local/lib/python3.7/site-packages/airflow/example_dags/example_skip_dag.py
[2022-11-11T05:13:12.485+0000] {processor.py:768} INFO - DAG(s) dict_keys(['example_skip_dag']) retrieved from /home/airflow/.local/lib/python3.7/site-packages/airflow/example_dags/example_skip_dag.py
[2022-11-11T05:13:12.614+0000] {logging_mixin.py:117} INFO - [2022-11-11T05:13:12.613+0000] {dag.py:2573} INFO - Sync 1 DAGs
[2022-11-11T05:13:12.657+0000] {logging_mixin.py:117} INFO - [2022-11-11T05:13:12.657+0000] {dag.py:3328} INFO - Setting next_dagrun for example_skip_dag to 2022-11-10T05:13:12.657276+00:00, run_after=2022-11-11T05:13:12.657276+00:00
[2022-11-11T05:13:12.698+0000] {processor.py:178} INFO - Processing /home/airflow/.local/lib/python3.7/site-packages/airflow/example_dags/example_skip_dag.py took 0.696 seconds
[2022-11-11T06:36:30.394+0000] {processor.py:156} INFO - Started process (PID=13990) to work on /home/airflow/.local/lib/python3.7/site-packages/airflow/example_dags/example_skip_dag.py
[2022-11-11T06:36:30.399+0000] {processor.py:758} INFO - Processing file /home/airflow/.local/lib/python3.7/site-packages/airflow/example_dags/example_skip_dag.py for tasks to queue
[2022-11-11T06:36:30.403+0000] {logging_mixin.py:117} INFO - [2022-11-11T06:36:30.403+0000] {dagbag.py:525} INFO - Filling up the DagBag from /home/airflow/.local/lib/python3.7/site-packages/airflow/example_dags/example_skip_dag.py
[2022-11-11T06:36:30.426+0000] {processor.py:768} INFO - DAG(s) dict_keys(['example_skip_dag']) retrieved from /home/airflow/.local/lib/python3.7/site-packages/airflow/example_dags/example_skip_dag.py
[2022-11-11T06:36:30.511+0000] {logging_mixin.py:117} INFO - [2022-11-11T06:36:30.511+0000] {dag.py:2573} INFO - Sync 1 DAGs
[2022-11-11T06:36:30.547+0000] {logging_mixin.py:117} INFO - [2022-11-11T06:36:30.546+0000] {dag.py:3328} INFO - Setting next_dagrun for example_skip_dag to 2022-11-10T06:36:30.546586+00:00, run_after=2022-11-11T06:36:30.546586+00:00
[2022-11-11T06:36:30.578+0000] {processor.py:178} INFO - Processing /home/airflow/.local/lib/python3.7/site-packages/airflow/example_dags/example_skip_dag.py took 0.191 seconds
[2022-11-11T07:57:01.081+0000] {processor.py:156} INFO - Started process (PID=14045) to work on /home/airflow/.local/lib/python3.7/site-packages/airflow/example_dags/example_skip_dag.py
[2022-11-11T07:57:01.102+0000] {processor.py:758} INFO - Processing file /home/airflow/.local/lib/python3.7/site-packages/airflow/example_dags/example_skip_dag.py for tasks to queue
[2022-11-11T07:57:01.104+0000] {logging_mixin.py:117} INFO - [2022-11-11T07:57:01.104+0000] {dagbag.py:525} INFO - Filling up the DagBag from /home/airflow/.local/lib/python3.7/site-packages/airflow/example_dags/example_skip_dag.py
[2022-11-11T07:57:01.144+0000] {processor.py:768} INFO - DAG(s) dict_keys(['example_skip_dag']) retrieved from /home/airflow/.local/lib/python3.7/site-packages/airflow/example_dags/example_skip_dag.py
[2022-11-11T07:57:01.354+0000] {logging_mixin.py:117} INFO - [2022-11-11T07:57:01.354+0000] {dag.py:2573} INFO - Sync 1 DAGs
[2022-11-11T07:57:01.446+0000] {logging_mixin.py:117} INFO - [2022-11-11T07:57:01.446+0000] {dag.py:3328} INFO - Setting next_dagrun for example_skip_dag to 2022-11-10T07:57:01.446224+00:00, run_after=2022-11-11T07:57:01.446224+00:00
[2022-11-11T07:57:01.477+0000] {processor.py:178} INFO - Processing /home/airflow/.local/lib/python3.7/site-packages/airflow/example_dags/example_skip_dag.py took 0.403 seconds
[2022-11-11T09:22:25.279+0000] {processor.py:156} INFO - Started process (PID=14109) to work on /home/airflow/.local/lib/python3.7/site-packages/airflow/example_dags/example_skip_dag.py
[2022-11-11T09:22:25.297+0000] {processor.py:758} INFO - Processing file /home/airflow/.local/lib/python3.7/site-packages/airflow/example_dags/example_skip_dag.py for tasks to queue
[2022-11-11T09:22:25.300+0000] {logging_mixin.py:117} INFO - [2022-11-11T09:22:25.299+0000] {dagbag.py:525} INFO - Filling up the DagBag from /home/airflow/.local/lib/python3.7/site-packages/airflow/example_dags/example_skip_dag.py
[2022-11-11T09:22:25.395+0000] {processor.py:768} INFO - DAG(s) dict_keys(['example_skip_dag']) retrieved from /home/airflow/.local/lib/python3.7/site-packages/airflow/example_dags/example_skip_dag.py
[2022-11-11T09:22:25.561+0000] {logging_mixin.py:117} INFO - [2022-11-11T09:22:25.560+0000] {dag.py:2573} INFO - Sync 1 DAGs
[2022-11-11T09:22:25.632+0000] {logging_mixin.py:117} INFO - [2022-11-11T09:22:25.632+0000] {dag.py:3328} INFO - Setting next_dagrun for example_skip_dag to 2022-11-10T09:22:25.632064+00:00, run_after=2022-11-11T09:22:25.632064+00:00
[2022-11-11T09:22:25.698+0000] {processor.py:178} INFO - Processing /home/airflow/.local/lib/python3.7/site-packages/airflow/example_dags/example_skip_dag.py took 0.442 seconds
[2022-11-11T10:26:47.515+0000] {processor.py:156} INFO - Started process (PID=14164) to work on /home/airflow/.local/lib/python3.7/site-packages/airflow/example_dags/example_skip_dag.py
[2022-11-11T10:26:47.532+0000] {processor.py:758} INFO - Processing file /home/airflow/.local/lib/python3.7/site-packages/airflow/example_dags/example_skip_dag.py for tasks to queue
[2022-11-11T10:26:47.538+0000] {logging_mixin.py:117} INFO - [2022-11-11T10:26:47.538+0000] {dagbag.py:525} INFO - Filling up the DagBag from /home/airflow/.local/lib/python3.7/site-packages/airflow/example_dags/example_skip_dag.py
[2022-11-11T10:26:47.765+0000] {processor.py:768} INFO - DAG(s) dict_keys(['example_skip_dag']) retrieved from /home/airflow/.local/lib/python3.7/site-packages/airflow/example_dags/example_skip_dag.py
[2022-11-11T10:26:48.306+0000] {logging_mixin.py:117} INFO - [2022-11-11T10:26:48.298+0000] {dag.py:2573} INFO - Sync 1 DAGs
[2022-11-11T10:26:48.402+0000] {logging_mixin.py:117} INFO - [2022-11-11T10:26:48.402+0000] {dag.py:3328} INFO - Setting next_dagrun for example_skip_dag to 2022-11-10T10:26:48.402184+00:00, run_after=2022-11-11T10:26:48.402184+00:00
[2022-11-11T10:26:48.455+0000] {processor.py:178} INFO - Processing /home/airflow/.local/lib/python3.7/site-packages/airflow/example_dags/example_skip_dag.py took 0.993 seconds
[2022-11-11T11:52:18.118+0000] {processor.py:156} INFO - Started process (PID=14219) to work on /home/airflow/.local/lib/python3.7/site-packages/airflow/example_dags/example_skip_dag.py
[2022-11-11T11:52:18.122+0000] {processor.py:758} INFO - Processing file /home/airflow/.local/lib/python3.7/site-packages/airflow/example_dags/example_skip_dag.py for tasks to queue
[2022-11-11T11:52:18.126+0000] {logging_mixin.py:117} INFO - [2022-11-11T11:52:18.126+0000] {dagbag.py:525} INFO - Filling up the DagBag from /home/airflow/.local/lib/python3.7/site-packages/airflow/example_dags/example_skip_dag.py
[2022-11-11T11:52:18.257+0000] {processor.py:768} INFO - DAG(s) dict_keys(['example_skip_dag']) retrieved from /home/airflow/.local/lib/python3.7/site-packages/airflow/example_dags/example_skip_dag.py
[2022-11-11T11:52:18.676+0000] {logging_mixin.py:117} INFO - [2022-11-11T11:52:18.675+0000] {dag.py:2573} INFO - Sync 1 DAGs
[2022-11-11T11:52:18.783+0000] {logging_mixin.py:117} INFO - [2022-11-11T11:52:18.783+0000] {dag.py:3328} INFO - Setting next_dagrun for example_skip_dag to 2022-11-10T11:52:18.781444+00:00, run_after=2022-11-11T11:52:18.781444+00:00
[2022-11-11T11:52:18.829+0000] {processor.py:178} INFO - Processing /home/airflow/.local/lib/python3.7/site-packages/airflow/example_dags/example_skip_dag.py took 0.718 seconds
[2022-11-11T13:17:12.712+0000] {processor.py:156} INFO - Started process (PID=14275) to work on /home/airflow/.local/lib/python3.7/site-packages/airflow/example_dags/example_skip_dag.py
[2022-11-11T13:17:12.727+0000] {processor.py:758} INFO - Processing file /home/airflow/.local/lib/python3.7/site-packages/airflow/example_dags/example_skip_dag.py for tasks to queue
[2022-11-11T13:17:12.734+0000] {logging_mixin.py:117} INFO - [2022-11-11T13:17:12.733+0000] {dagbag.py:525} INFO - Filling up the DagBag from /home/airflow/.local/lib/python3.7/site-packages/airflow/example_dags/example_skip_dag.py
[2022-11-11T13:17:12.828+0000] {processor.py:768} INFO - DAG(s) dict_keys(['example_skip_dag']) retrieved from /home/airflow/.local/lib/python3.7/site-packages/airflow/example_dags/example_skip_dag.py
[2022-11-11T13:17:13.106+0000] {logging_mixin.py:117} INFO - [2022-11-11T13:17:13.106+0000] {dag.py:2573} INFO - Sync 1 DAGs
[2022-11-11T13:17:13.233+0000] {logging_mixin.py:117} INFO - [2022-11-11T13:17:13.233+0000] {dag.py:3328} INFO - Setting next_dagrun for example_skip_dag to 2022-11-10T13:17:13.233536+00:00, run_after=2022-11-11T13:17:13.233536+00:00
[2022-11-11T13:17:13.321+0000] {processor.py:178} INFO - Processing /home/airflow/.local/lib/python3.7/site-packages/airflow/example_dags/example_skip_dag.py took 0.615 seconds
[2022-11-11T14:25:15.209+0000] {processor.py:156} INFO - Started process (PID=14338) to work on /home/airflow/.local/lib/python3.7/site-packages/airflow/example_dags/example_skip_dag.py
[2022-11-11T14:25:15.211+0000] {processor.py:758} INFO - Processing file /home/airflow/.local/lib/python3.7/site-packages/airflow/example_dags/example_skip_dag.py for tasks to queue
[2022-11-11T14:25:15.216+0000] {logging_mixin.py:117} INFO - [2022-11-11T14:25:15.216+0000] {dagbag.py:525} INFO - Filling up the DagBag from /home/airflow/.local/lib/python3.7/site-packages/airflow/example_dags/example_skip_dag.py
[2022-11-11T14:25:15.233+0000] {processor.py:768} INFO - DAG(s) dict_keys(['example_skip_dag']) retrieved from /home/airflow/.local/lib/python3.7/site-packages/airflow/example_dags/example_skip_dag.py
[2022-11-11T14:25:15.316+0000] {logging_mixin.py:117} INFO - [2022-11-11T14:25:15.316+0000] {dag.py:2573} INFO - Sync 1 DAGs
[2022-11-11T14:25:15.351+0000] {logging_mixin.py:117} INFO - [2022-11-11T14:25:15.351+0000] {dag.py:3328} INFO - Setting next_dagrun for example_skip_dag to 2022-11-10T14:25:15.351218+00:00, run_after=2022-11-11T14:25:15.351218+00:00
[2022-11-11T14:25:15.375+0000] {processor.py:178} INFO - Processing /home/airflow/.local/lib/python3.7/site-packages/airflow/example_dags/example_skip_dag.py took 0.169 seconds
[2022-11-11T15:46:02.728+0000] {processor.py:156} INFO - Started process (PID=14392) to work on /home/airflow/.local/lib/python3.7/site-packages/airflow/example_dags/example_skip_dag.py
[2022-11-11T15:46:02.731+0000] {processor.py:758} INFO - Processing file /home/airflow/.local/lib/python3.7/site-packages/airflow/example_dags/example_skip_dag.py for tasks to queue
[2022-11-11T15:46:02.733+0000] {logging_mixin.py:117} INFO - [2022-11-11T15:46:02.733+0000] {dagbag.py:525} INFO - Filling up the DagBag from /home/airflow/.local/lib/python3.7/site-packages/airflow/example_dags/example_skip_dag.py
[2022-11-11T15:46:02.833+0000] {processor.py:768} INFO - DAG(s) dict_keys(['example_skip_dag']) retrieved from /home/airflow/.local/lib/python3.7/site-packages/airflow/example_dags/example_skip_dag.py
[2022-11-11T15:46:03.015+0000] {logging_mixin.py:117} INFO - [2022-11-11T15:46:03.015+0000] {dag.py:2573} INFO - Sync 1 DAGs
[2022-11-11T15:46:03.041+0000] {logging_mixin.py:117} INFO - [2022-11-11T15:46:03.041+0000] {dag.py:3328} INFO - Setting next_dagrun for example_skip_dag to 2022-11-10T15:46:03.041010+00:00, run_after=2022-11-11T15:46:03.041010+00:00
[2022-11-11T15:46:03.068+0000] {processor.py:178} INFO - Processing /home/airflow/.local/lib/python3.7/site-packages/airflow/example_dags/example_skip_dag.py took 0.349 seconds
[2022-11-11T17:04:37.750+0000] {processor.py:156} INFO - Started process (PID=14447) to work on /home/airflow/.local/lib/python3.7/site-packages/airflow/example_dags/example_skip_dag.py
[2022-11-11T17:04:37.757+0000] {processor.py:758} INFO - Processing file /home/airflow/.local/lib/python3.7/site-packages/airflow/example_dags/example_skip_dag.py for tasks to queue
[2022-11-11T17:04:37.766+0000] {logging_mixin.py:117} INFO - [2022-11-11T17:04:37.766+0000] {dagbag.py:525} INFO - Filling up the DagBag from /home/airflow/.local/lib/python3.7/site-packages/airflow/example_dags/example_skip_dag.py
[2022-11-11T17:04:37.787+0000] {processor.py:768} INFO - DAG(s) dict_keys(['example_skip_dag']) retrieved from /home/airflow/.local/lib/python3.7/site-packages/airflow/example_dags/example_skip_dag.py
[2022-11-11T17:04:38.153+0000] {logging_mixin.py:117} INFO - [2022-11-11T17:04:38.153+0000] {dag.py:2573} INFO - Sync 1 DAGs
[2022-11-11T17:04:38.214+0000] {logging_mixin.py:117} INFO - [2022-11-11T17:04:38.214+0000] {dag.py:3328} INFO - Setting next_dagrun for example_skip_dag to 2022-11-10T17:04:38.214519+00:00, run_after=2022-11-11T17:04:38.214519+00:00
[2022-11-11T17:04:38.274+0000] {processor.py:178} INFO - Processing /home/airflow/.local/lib/python3.7/site-packages/airflow/example_dags/example_skip_dag.py took 0.528 seconds
[2022-11-11T18:43:59.611+0000] {processor.py:156} INFO - Started process (PID=14511) to work on /home/airflow/.local/lib/python3.7/site-packages/airflow/example_dags/example_skip_dag.py
[2022-11-11T18:43:59.614+0000] {processor.py:758} INFO - Processing file /home/airflow/.local/lib/python3.7/site-packages/airflow/example_dags/example_skip_dag.py for tasks to queue
[2022-11-11T18:43:59.615+0000] {logging_mixin.py:117} INFO - [2022-11-11T18:43:59.615+0000] {dagbag.py:525} INFO - Filling up the DagBag from /home/airflow/.local/lib/python3.7/site-packages/airflow/example_dags/example_skip_dag.py
[2022-11-11T18:43:59.626+0000] {processor.py:768} INFO - DAG(s) dict_keys(['example_skip_dag']) retrieved from /home/airflow/.local/lib/python3.7/site-packages/airflow/example_dags/example_skip_dag.py
[2022-11-11T18:43:59.663+0000] {logging_mixin.py:117} INFO - [2022-11-11T18:43:59.663+0000] {dag.py:2573} INFO - Sync 1 DAGs
[2022-11-11T18:43:59.697+0000] {logging_mixin.py:117} INFO - [2022-11-11T18:43:59.697+0000] {dag.py:3328} INFO - Setting next_dagrun for example_skip_dag to 2022-11-10T18:43:59.697162+00:00, run_after=2022-11-11T18:43:59.697162+00:00
[2022-11-11T18:43:59.731+0000] {processor.py:178} INFO - Processing /home/airflow/.local/lib/python3.7/site-packages/airflow/example_dags/example_skip_dag.py took 0.124 seconds
[2022-11-11T20:08:14.439+0000] {processor.py:156} INFO - Started process (PID=14567) to work on /home/airflow/.local/lib/python3.7/site-packages/airflow/example_dags/example_skip_dag.py
[2022-11-11T20:08:14.467+0000] {processor.py:758} INFO - Processing file /home/airflow/.local/lib/python3.7/site-packages/airflow/example_dags/example_skip_dag.py for tasks to queue
[2022-11-11T20:08:14.498+0000] {logging_mixin.py:117} INFO - [2022-11-11T20:08:14.497+0000] {dagbag.py:525} INFO - Filling up the DagBag from /home/airflow/.local/lib/python3.7/site-packages/airflow/example_dags/example_skip_dag.py
[2022-11-11T20:08:14.638+0000] {processor.py:768} INFO - DAG(s) dict_keys(['example_skip_dag']) retrieved from /home/airflow/.local/lib/python3.7/site-packages/airflow/example_dags/example_skip_dag.py
[2022-11-11T20:08:15.089+0000] {logging_mixin.py:117} INFO - [2022-11-11T20:08:15.089+0000] {dag.py:2573} INFO - Sync 1 DAGs
[2022-11-11T20:08:15.246+0000] {logging_mixin.py:117} INFO - [2022-11-11T20:08:15.246+0000] {dag.py:3328} INFO - Setting next_dagrun for example_skip_dag to 2022-11-10T20:08:15.245997+00:00, run_after=2022-11-11T20:08:15.245997+00:00
[2022-11-11T20:08:15.294+0000] {processor.py:178} INFO - Processing /home/airflow/.local/lib/python3.7/site-packages/airflow/example_dags/example_skip_dag.py took 0.867 seconds
[2022-11-11T21:30:02.855+0000] {processor.py:156} INFO - Started process (PID=14622) to work on /home/airflow/.local/lib/python3.7/site-packages/airflow/example_dags/example_skip_dag.py
[2022-11-11T21:30:02.857+0000] {processor.py:758} INFO - Processing file /home/airflow/.local/lib/python3.7/site-packages/airflow/example_dags/example_skip_dag.py for tasks to queue
[2022-11-11T21:30:02.859+0000] {logging_mixin.py:117} INFO - [2022-11-11T21:30:02.859+0000] {dagbag.py:525} INFO - Filling up the DagBag from /home/airflow/.local/lib/python3.7/site-packages/airflow/example_dags/example_skip_dag.py
[2022-11-11T21:30:02.891+0000] {processor.py:768} INFO - DAG(s) dict_keys(['example_skip_dag']) retrieved from /home/airflow/.local/lib/python3.7/site-packages/airflow/example_dags/example_skip_dag.py
[2022-11-11T21:30:03.238+0000] {logging_mixin.py:117} INFO - [2022-11-11T21:30:03.238+0000] {dag.py:2573} INFO - Sync 1 DAGs
[2022-11-11T21:30:03.301+0000] {logging_mixin.py:117} INFO - [2022-11-11T21:30:03.301+0000] {dag.py:3328} INFO - Setting next_dagrun for example_skip_dag to 2022-11-10T21:30:03.300252+00:00, run_after=2022-11-11T21:30:03.300252+00:00
[2022-11-11T21:30:03.385+0000] {processor.py:178} INFO - Processing /home/airflow/.local/lib/python3.7/site-packages/airflow/example_dags/example_skip_dag.py took 0.538 seconds
[2022-11-11T23:08:01.068+0000] {processor.py:156} INFO - Started process (PID=14684) to work on /home/airflow/.local/lib/python3.7/site-packages/airflow/example_dags/example_skip_dag.py
[2022-11-11T23:08:01.072+0000] {processor.py:758} INFO - Processing file /home/airflow/.local/lib/python3.7/site-packages/airflow/example_dags/example_skip_dag.py for tasks to queue
[2022-11-11T23:08:01.075+0000] {logging_mixin.py:117} INFO - [2022-11-11T23:08:01.075+0000] {dagbag.py:525} INFO - Filling up the DagBag from /home/airflow/.local/lib/python3.7/site-packages/airflow/example_dags/example_skip_dag.py
[2022-11-11T23:08:01.103+0000] {processor.py:768} INFO - DAG(s) dict_keys(['example_skip_dag']) retrieved from /home/airflow/.local/lib/python3.7/site-packages/airflow/example_dags/example_skip_dag.py
[2022-11-11T23:08:01.273+0000] {logging_mixin.py:117} INFO - [2022-11-11T23:08:01.272+0000] {dag.py:2573} INFO - Sync 1 DAGs
[2022-11-11T23:08:01.391+0000] {logging_mixin.py:117} INFO - [2022-11-11T23:08:01.390+0000] {dag.py:3328} INFO - Setting next_dagrun for example_skip_dag to 2022-11-10T23:08:01.390299+00:00, run_after=2022-11-11T23:08:01.390299+00:00
[2022-11-11T23:08:01.438+0000] {processor.py:178} INFO - Processing /home/airflow/.local/lib/python3.7/site-packages/airflow/example_dags/example_skip_dag.py took 0.373 seconds
