[2022-11-11T00:42:39.430+0000] {processor.py:156} INFO - Started process (PID=13743) to work on /home/airflow/.local/lib/python3.7/site-packages/airflow/example_dags/example_nested_branch_dag.py
[2022-11-11T00:42:39.433+0000] {processor.py:758} INFO - Processing file /home/airflow/.local/lib/python3.7/site-packages/airflow/example_dags/example_nested_branch_dag.py for tasks to queue
[2022-11-11T00:42:39.435+0000] {logging_mixin.py:117} INFO - [2022-11-11T00:42:39.435+0000] {dagbag.py:525} INFO - Filling up the DagBag from /home/airflow/.local/lib/python3.7/site-packages/airflow/example_dags/example_nested_branch_dag.py
[2022-11-11T00:42:39.477+0000] {processor.py:768} INFO - DAG(s) dict_keys(['example_nested_branch_dag']) retrieved from /home/airflow/.local/lib/python3.7/site-packages/airflow/example_dags/example_nested_branch_dag.py
[2022-11-11T00:42:39.767+0000] {logging_mixin.py:117} INFO - [2022-11-11T00:42:39.760+0000] {dag.py:2573} INFO - Sync 1 DAGs
[2022-11-11T00:42:39.841+0000] {logging_mixin.py:117} INFO - [2022-11-11T00:42:39.841+0000] {dag.py:3328} INFO - Setting next_dagrun for example_nested_branch_dag to 2022-11-10T00:00:00+00:00, run_after=2022-11-11T00:00:00+00:00
[2022-11-11T00:42:39.921+0000] {processor.py:178} INFO - Processing /home/airflow/.local/lib/python3.7/site-packages/airflow/example_dags/example_nested_branch_dag.py took 0.500 seconds
[2022-11-11T02:27:56.940+0000] {processor.py:156} INFO - Started process (PID=13807) to work on /home/airflow/.local/lib/python3.7/site-packages/airflow/example_dags/example_nested_branch_dag.py
[2022-11-11T02:27:56.943+0000] {processor.py:758} INFO - Processing file /home/airflow/.local/lib/python3.7/site-packages/airflow/example_dags/example_nested_branch_dag.py for tasks to queue
[2022-11-11T02:27:56.954+0000] {logging_mixin.py:117} INFO - [2022-11-11T02:27:56.954+0000] {dagbag.py:525} INFO - Filling up the DagBag from /home/airflow/.local/lib/python3.7/site-packages/airflow/example_dags/example_nested_branch_dag.py
[2022-11-11T02:27:57.014+0000] {processor.py:768} INFO - DAG(s) dict_keys(['example_nested_branch_dag']) retrieved from /home/airflow/.local/lib/python3.7/site-packages/airflow/example_dags/example_nested_branch_dag.py
[2022-11-11T02:27:57.143+0000] {logging_mixin.py:117} INFO - [2022-11-11T02:27:57.143+0000] {dag.py:2573} INFO - Sync 1 DAGs
[2022-11-11T02:27:57.182+0000] {logging_mixin.py:117} INFO - [2022-11-11T02:27:57.182+0000] {dag.py:3328} INFO - Setting next_dagrun for example_nested_branch_dag to 2022-11-10T00:00:00+00:00, run_after=2022-11-11T00:00:00+00:00
[2022-11-11T02:27:57.212+0000] {processor.py:178} INFO - Processing /home/airflow/.local/lib/python3.7/site-packages/airflow/example_dags/example_nested_branch_dag.py took 0.320 seconds
[2022-11-11T03:50:15.497+0000] {processor.py:156} INFO - Started process (PID=13862) to work on /home/airflow/.local/lib/python3.7/site-packages/airflow/example_dags/example_nested_branch_dag.py
[2022-11-11T03:50:15.502+0000] {processor.py:758} INFO - Processing file /home/airflow/.local/lib/python3.7/site-packages/airflow/example_dags/example_nested_branch_dag.py for tasks to queue
[2022-11-11T03:50:15.510+0000] {logging_mixin.py:117} INFO - [2022-11-11T03:50:15.510+0000] {dagbag.py:525} INFO - Filling up the DagBag from /home/airflow/.local/lib/python3.7/site-packages/airflow/example_dags/example_nested_branch_dag.py
[2022-11-11T03:50:15.603+0000] {processor.py:768} INFO - DAG(s) dict_keys(['example_nested_branch_dag']) retrieved from /home/airflow/.local/lib/python3.7/site-packages/airflow/example_dags/example_nested_branch_dag.py
[2022-11-11T03:50:15.703+0000] {logging_mixin.py:117} INFO - [2022-11-11T03:50:15.703+0000] {dag.py:2573} INFO - Sync 1 DAGs
[2022-11-11T03:50:15.799+0000] {logging_mixin.py:117} INFO - [2022-11-11T03:50:15.798+0000] {dag.py:3328} INFO - Setting next_dagrun for example_nested_branch_dag to 2022-11-10T00:00:00+00:00, run_after=2022-11-11T00:00:00+00:00
[2022-11-11T03:50:15.841+0000] {processor.py:178} INFO - Processing /home/airflow/.local/lib/python3.7/site-packages/airflow/example_dags/example_nested_branch_dag.py took 0.370 seconds
[2022-11-11T05:13:06.060+0000] {processor.py:156} INFO - Started process (PID=13917) to work on /home/airflow/.local/lib/python3.7/site-packages/airflow/example_dags/example_nested_branch_dag.py
[2022-11-11T05:13:06.062+0000] {processor.py:758} INFO - Processing file /home/airflow/.local/lib/python3.7/site-packages/airflow/example_dags/example_nested_branch_dag.py for tasks to queue
[2022-11-11T05:13:06.064+0000] {logging_mixin.py:117} INFO - [2022-11-11T05:13:06.064+0000] {dagbag.py:525} INFO - Filling up the DagBag from /home/airflow/.local/lib/python3.7/site-packages/airflow/example_dags/example_nested_branch_dag.py
[2022-11-11T05:13:06.199+0000] {processor.py:768} INFO - DAG(s) dict_keys(['example_nested_branch_dag']) retrieved from /home/airflow/.local/lib/python3.7/site-packages/airflow/example_dags/example_nested_branch_dag.py
[2022-11-11T05:13:06.325+0000] {logging_mixin.py:117} INFO - [2022-11-11T05:13:06.325+0000] {dag.py:2573} INFO - Sync 1 DAGs
[2022-11-11T05:13:06.500+0000] {logging_mixin.py:117} INFO - [2022-11-11T05:13:06.500+0000] {dag.py:3328} INFO - Setting next_dagrun for example_nested_branch_dag to 2022-11-10T00:00:00+00:00, run_after=2022-11-11T00:00:00+00:00
[2022-11-11T05:13:06.541+0000] {processor.py:178} INFO - Processing /home/airflow/.local/lib/python3.7/site-packages/airflow/example_dags/example_nested_branch_dag.py took 0.484 seconds
[2022-11-11T06:36:24.606+0000] {processor.py:156} INFO - Started process (PID=13972) to work on /home/airflow/.local/lib/python3.7/site-packages/airflow/example_dags/example_nested_branch_dag.py
[2022-11-11T06:36:24.610+0000] {processor.py:758} INFO - Processing file /home/airflow/.local/lib/python3.7/site-packages/airflow/example_dags/example_nested_branch_dag.py for tasks to queue
[2022-11-11T06:36:24.612+0000] {logging_mixin.py:117} INFO - [2022-11-11T06:36:24.612+0000] {dagbag.py:525} INFO - Filling up the DagBag from /home/airflow/.local/lib/python3.7/site-packages/airflow/example_dags/example_nested_branch_dag.py
[2022-11-11T06:36:24.694+0000] {processor.py:768} INFO - DAG(s) dict_keys(['example_nested_branch_dag']) retrieved from /home/airflow/.local/lib/python3.7/site-packages/airflow/example_dags/example_nested_branch_dag.py
[2022-11-11T06:36:25.295+0000] {logging_mixin.py:117} INFO - [2022-11-11T06:36:25.293+0000] {dag.py:2573} INFO - Sync 1 DAGs
[2022-11-11T06:36:25.875+0000] {logging_mixin.py:117} INFO - [2022-11-11T06:36:25.875+0000] {dag.py:3328} INFO - Setting next_dagrun for example_nested_branch_dag to 2022-11-10T00:00:00+00:00, run_after=2022-11-11T00:00:00+00:00
[2022-11-11T06:36:26.520+0000] {processor.py:178} INFO - Processing /home/airflow/.local/lib/python3.7/site-packages/airflow/example_dags/example_nested_branch_dag.py took 1.917 seconds
[2022-11-11T07:56:57.610+0000] {processor.py:156} INFO - Started process (PID=14036) to work on /home/airflow/.local/lib/python3.7/site-packages/airflow/example_dags/example_nested_branch_dag.py
[2022-11-11T07:56:57.614+0000] {processor.py:758} INFO - Processing file /home/airflow/.local/lib/python3.7/site-packages/airflow/example_dags/example_nested_branch_dag.py for tasks to queue
[2022-11-11T07:56:57.616+0000] {logging_mixin.py:117} INFO - [2022-11-11T07:56:57.616+0000] {dagbag.py:525} INFO - Filling up the DagBag from /home/airflow/.local/lib/python3.7/site-packages/airflow/example_dags/example_nested_branch_dag.py
[2022-11-11T07:56:57.681+0000] {processor.py:768} INFO - DAG(s) dict_keys(['example_nested_branch_dag']) retrieved from /home/airflow/.local/lib/python3.7/site-packages/airflow/example_dags/example_nested_branch_dag.py
[2022-11-11T07:56:57.782+0000] {logging_mixin.py:117} INFO - [2022-11-11T07:56:57.782+0000] {dag.py:2573} INFO - Sync 1 DAGs
[2022-11-11T07:56:57.835+0000] {logging_mixin.py:117} INFO - [2022-11-11T07:56:57.835+0000] {dag.py:3328} INFO - Setting next_dagrun for example_nested_branch_dag to 2022-11-10T00:00:00+00:00, run_after=2022-11-11T00:00:00+00:00
[2022-11-11T07:56:57.883+0000] {processor.py:178} INFO - Processing /home/airflow/.local/lib/python3.7/site-packages/airflow/example_dags/example_nested_branch_dag.py took 0.276 seconds
[2022-11-11T09:22:15.662+0000] {processor.py:156} INFO - Started process (PID=14100) to work on /home/airflow/.local/lib/python3.7/site-packages/airflow/example_dags/example_nested_branch_dag.py
[2022-11-11T09:22:15.670+0000] {processor.py:758} INFO - Processing file /home/airflow/.local/lib/python3.7/site-packages/airflow/example_dags/example_nested_branch_dag.py for tasks to queue
[2022-11-11T09:22:15.677+0000] {logging_mixin.py:117} INFO - [2022-11-11T09:22:15.677+0000] {dagbag.py:525} INFO - Filling up the DagBag from /home/airflow/.local/lib/python3.7/site-packages/airflow/example_dags/example_nested_branch_dag.py
[2022-11-11T09:22:15.764+0000] {processor.py:768} INFO - DAG(s) dict_keys(['example_nested_branch_dag']) retrieved from /home/airflow/.local/lib/python3.7/site-packages/airflow/example_dags/example_nested_branch_dag.py
[2022-11-11T09:22:16.264+0000] {logging_mixin.py:117} INFO - [2022-11-11T09:22:16.263+0000] {dag.py:2573} INFO - Sync 1 DAGs
[2022-11-11T09:22:16.425+0000] {logging_mixin.py:117} INFO - [2022-11-11T09:22:16.424+0000] {dag.py:3328} INFO - Setting next_dagrun for example_nested_branch_dag to 2022-11-10T00:00:00+00:00, run_after=2022-11-11T00:00:00+00:00
[2022-11-11T09:22:16.582+0000] {processor.py:178} INFO - Processing /home/airflow/.local/lib/python3.7/site-packages/airflow/example_dags/example_nested_branch_dag.py took 0.925 seconds
[2022-11-11T10:26:42.693+0000] {processor.py:156} INFO - Started process (PID=14155) to work on /home/airflow/.local/lib/python3.7/site-packages/airflow/example_dags/example_nested_branch_dag.py
[2022-11-11T10:26:42.701+0000] {processor.py:758} INFO - Processing file /home/airflow/.local/lib/python3.7/site-packages/airflow/example_dags/example_nested_branch_dag.py for tasks to queue
[2022-11-11T10:26:42.709+0000] {logging_mixin.py:117} INFO - [2022-11-11T10:26:42.708+0000] {dagbag.py:525} INFO - Filling up the DagBag from /home/airflow/.local/lib/python3.7/site-packages/airflow/example_dags/example_nested_branch_dag.py
[2022-11-11T10:26:42.754+0000] {processor.py:768} INFO - DAG(s) dict_keys(['example_nested_branch_dag']) retrieved from /home/airflow/.local/lib/python3.7/site-packages/airflow/example_dags/example_nested_branch_dag.py
[2022-11-11T10:26:42.823+0000] {logging_mixin.py:117} INFO - [2022-11-11T10:26:42.823+0000] {dag.py:2573} INFO - Sync 1 DAGs
[2022-11-11T10:26:42.860+0000] {logging_mixin.py:117} INFO - [2022-11-11T10:26:42.859+0000] {dag.py:3328} INFO - Setting next_dagrun for example_nested_branch_dag to 2022-11-10T00:00:00+00:00, run_after=2022-11-11T00:00:00+00:00
[2022-11-11T10:26:42.888+0000] {processor.py:178} INFO - Processing /home/airflow/.local/lib/python3.7/site-packages/airflow/example_dags/example_nested_branch_dag.py took 0.205 seconds
[2022-11-11T11:52:16.156+0000] {processor.py:156} INFO - Started process (PID=14210) to work on /home/airflow/.local/lib/python3.7/site-packages/airflow/example_dags/example_nested_branch_dag.py
[2022-11-11T11:52:16.158+0000] {processor.py:758} INFO - Processing file /home/airflow/.local/lib/python3.7/site-packages/airflow/example_dags/example_nested_branch_dag.py for tasks to queue
[2022-11-11T11:52:16.160+0000] {logging_mixin.py:117} INFO - [2022-11-11T11:52:16.160+0000] {dagbag.py:525} INFO - Filling up the DagBag from /home/airflow/.local/lib/python3.7/site-packages/airflow/example_dags/example_nested_branch_dag.py
[2022-11-11T11:52:16.198+0000] {processor.py:768} INFO - DAG(s) dict_keys(['example_nested_branch_dag']) retrieved from /home/airflow/.local/lib/python3.7/site-packages/airflow/example_dags/example_nested_branch_dag.py
[2022-11-11T11:52:16.256+0000] {logging_mixin.py:117} INFO - [2022-11-11T11:52:16.256+0000] {dag.py:2573} INFO - Sync 1 DAGs
[2022-11-11T11:52:16.286+0000] {logging_mixin.py:117} INFO - [2022-11-11T11:52:16.285+0000] {dag.py:3328} INFO - Setting next_dagrun for example_nested_branch_dag to 2022-11-10T00:00:00+00:00, run_after=2022-11-11T00:00:00+00:00
[2022-11-11T11:52:16.332+0000] {processor.py:178} INFO - Processing /home/airflow/.local/lib/python3.7/site-packages/airflow/example_dags/example_nested_branch_dag.py took 0.180 seconds
[2022-11-11T13:17:10.439+0000] {processor.py:156} INFO - Started process (PID=14265) to work on /home/airflow/.local/lib/python3.7/site-packages/airflow/example_dags/example_nested_branch_dag.py
[2022-11-11T13:17:10.452+0000] {processor.py:758} INFO - Processing file /home/airflow/.local/lib/python3.7/site-packages/airflow/example_dags/example_nested_branch_dag.py for tasks to queue
[2022-11-11T13:17:10.455+0000] {logging_mixin.py:117} INFO - [2022-11-11T13:17:10.455+0000] {dagbag.py:525} INFO - Filling up the DagBag from /home/airflow/.local/lib/python3.7/site-packages/airflow/example_dags/example_nested_branch_dag.py
[2022-11-11T13:17:10.523+0000] {processor.py:768} INFO - DAG(s) dict_keys(['example_nested_branch_dag']) retrieved from /home/airflow/.local/lib/python3.7/site-packages/airflow/example_dags/example_nested_branch_dag.py
[2022-11-11T13:17:10.658+0000] {logging_mixin.py:117} INFO - [2022-11-11T13:17:10.657+0000] {dag.py:2573} INFO - Sync 1 DAGs
[2022-11-11T13:17:10.714+0000] {logging_mixin.py:117} INFO - [2022-11-11T13:17:10.714+0000] {dag.py:3328} INFO - Setting next_dagrun for example_nested_branch_dag to 2022-11-10T00:00:00+00:00, run_after=2022-11-11T00:00:00+00:00
[2022-11-11T13:17:10.773+0000] {processor.py:178} INFO - Processing /home/airflow/.local/lib/python3.7/site-packages/airflow/example_dags/example_nested_branch_dag.py took 0.339 seconds
[2022-11-11T14:25:09.998+0000] {processor.py:156} INFO - Started process (PID=14329) to work on /home/airflow/.local/lib/python3.7/site-packages/airflow/example_dags/example_nested_branch_dag.py
[2022-11-11T14:25:10.003+0000] {processor.py:758} INFO - Processing file /home/airflow/.local/lib/python3.7/site-packages/airflow/example_dags/example_nested_branch_dag.py for tasks to queue
[2022-11-11T14:25:10.003+0000] {logging_mixin.py:117} INFO - [2022-11-11T14:25:10.003+0000] {dagbag.py:525} INFO - Filling up the DagBag from /home/airflow/.local/lib/python3.7/site-packages/airflow/example_dags/example_nested_branch_dag.py
[2022-11-11T14:25:10.107+0000] {processor.py:768} INFO - DAG(s) dict_keys(['example_nested_branch_dag']) retrieved from /home/airflow/.local/lib/python3.7/site-packages/airflow/example_dags/example_nested_branch_dag.py
[2022-11-11T14:25:10.264+0000] {logging_mixin.py:117} INFO - [2022-11-11T14:25:10.264+0000] {dag.py:2573} INFO - Sync 1 DAGs
[2022-11-11T14:25:10.340+0000] {logging_mixin.py:117} INFO - [2022-11-11T14:25:10.340+0000] {dag.py:3328} INFO - Setting next_dagrun for example_nested_branch_dag to 2022-11-10T00:00:00+00:00, run_after=2022-11-11T00:00:00+00:00
[2022-11-11T14:25:10.403+0000] {processor.py:178} INFO - Processing /home/airflow/.local/lib/python3.7/site-packages/airflow/example_dags/example_nested_branch_dag.py took 0.409 seconds
[2022-11-11T15:46:00.869+0000] {processor.py:156} INFO - Started process (PID=14383) to work on /home/airflow/.local/lib/python3.7/site-packages/airflow/example_dags/example_nested_branch_dag.py
[2022-11-11T15:46:00.877+0000] {processor.py:758} INFO - Processing file /home/airflow/.local/lib/python3.7/site-packages/airflow/example_dags/example_nested_branch_dag.py for tasks to queue
[2022-11-11T15:46:00.881+0000] {logging_mixin.py:117} INFO - [2022-11-11T15:46:00.881+0000] {dagbag.py:525} INFO - Filling up the DagBag from /home/airflow/.local/lib/python3.7/site-packages/airflow/example_dags/example_nested_branch_dag.py
[2022-11-11T15:46:00.934+0000] {processor.py:768} INFO - DAG(s) dict_keys(['example_nested_branch_dag']) retrieved from /home/airflow/.local/lib/python3.7/site-packages/airflow/example_dags/example_nested_branch_dag.py
[2022-11-11T15:46:01.010+0000] {logging_mixin.py:117} INFO - [2022-11-11T15:46:01.010+0000] {dag.py:2573} INFO - Sync 1 DAGs
[2022-11-11T15:46:01.046+0000] {logging_mixin.py:117} INFO - [2022-11-11T15:46:01.046+0000] {dag.py:3328} INFO - Setting next_dagrun for example_nested_branch_dag to 2022-11-10T00:00:00+00:00, run_after=2022-11-11T00:00:00+00:00
[2022-11-11T15:46:01.075+0000] {processor.py:178} INFO - Processing /home/airflow/.local/lib/python3.7/site-packages/airflow/example_dags/example_nested_branch_dag.py took 0.217 seconds
[2022-11-11T17:04:36.182+0000] {processor.py:156} INFO - Started process (PID=14438) to work on /home/airflow/.local/lib/python3.7/site-packages/airflow/example_dags/example_nested_branch_dag.py
[2022-11-11T17:04:36.188+0000] {processor.py:758} INFO - Processing file /home/airflow/.local/lib/python3.7/site-packages/airflow/example_dags/example_nested_branch_dag.py for tasks to queue
[2022-11-11T17:04:36.190+0000] {logging_mixin.py:117} INFO - [2022-11-11T17:04:36.190+0000] {dagbag.py:525} INFO - Filling up the DagBag from /home/airflow/.local/lib/python3.7/site-packages/airflow/example_dags/example_nested_branch_dag.py
[2022-11-11T17:04:36.227+0000] {processor.py:768} INFO - DAG(s) dict_keys(['example_nested_branch_dag']) retrieved from /home/airflow/.local/lib/python3.7/site-packages/airflow/example_dags/example_nested_branch_dag.py
[2022-11-11T17:04:36.308+0000] {logging_mixin.py:117} INFO - [2022-11-11T17:04:36.308+0000] {dag.py:2573} INFO - Sync 1 DAGs
[2022-11-11T17:04:36.338+0000] {logging_mixin.py:117} INFO - [2022-11-11T17:04:36.338+0000] {dag.py:3328} INFO - Setting next_dagrun for example_nested_branch_dag to 2022-11-10T00:00:00+00:00, run_after=2022-11-11T00:00:00+00:00
[2022-11-11T17:04:36.365+0000] {processor.py:178} INFO - Processing /home/airflow/.local/lib/python3.7/site-packages/airflow/example_dags/example_nested_branch_dag.py took 0.185 seconds
[2022-11-11T18:43:53.232+0000] {processor.py:156} INFO - Started process (PID=14500) to work on /home/airflow/.local/lib/python3.7/site-packages/airflow/example_dags/example_nested_branch_dag.py
[2022-11-11T18:43:53.234+0000] {processor.py:758} INFO - Processing file /home/airflow/.local/lib/python3.7/site-packages/airflow/example_dags/example_nested_branch_dag.py for tasks to queue
[2022-11-11T18:43:53.236+0000] {logging_mixin.py:117} INFO - [2022-11-11T18:43:53.236+0000] {dagbag.py:525} INFO - Filling up the DagBag from /home/airflow/.local/lib/python3.7/site-packages/airflow/example_dags/example_nested_branch_dag.py
[2022-11-11T18:43:53.266+0000] {processor.py:768} INFO - DAG(s) dict_keys(['example_nested_branch_dag']) retrieved from /home/airflow/.local/lib/python3.7/site-packages/airflow/example_dags/example_nested_branch_dag.py
[2022-11-11T18:43:53.342+0000] {logging_mixin.py:117} INFO - [2022-11-11T18:43:53.342+0000] {dag.py:2573} INFO - Sync 1 DAGs
[2022-11-11T18:43:53.389+0000] {logging_mixin.py:117} INFO - [2022-11-11T18:43:53.389+0000] {dag.py:3328} INFO - Setting next_dagrun for example_nested_branch_dag to 2022-11-10T00:00:00+00:00, run_after=2022-11-11T00:00:00+00:00
[2022-11-11T18:43:53.437+0000] {processor.py:178} INFO - Processing /home/airflow/.local/lib/python3.7/site-packages/airflow/example_dags/example_nested_branch_dag.py took 0.208 seconds
[2022-11-11T20:08:11.149+0000] {processor.py:156} INFO - Started process (PID=14558) to work on /home/airflow/.local/lib/python3.7/site-packages/airflow/example_dags/example_nested_branch_dag.py
[2022-11-11T20:08:11.158+0000] {processor.py:758} INFO - Processing file /home/airflow/.local/lib/python3.7/site-packages/airflow/example_dags/example_nested_branch_dag.py for tasks to queue
[2022-11-11T20:08:11.161+0000] {logging_mixin.py:117} INFO - [2022-11-11T20:08:11.161+0000] {dagbag.py:525} INFO - Filling up the DagBag from /home/airflow/.local/lib/python3.7/site-packages/airflow/example_dags/example_nested_branch_dag.py
[2022-11-11T20:08:11.248+0000] {processor.py:768} INFO - DAG(s) dict_keys(['example_nested_branch_dag']) retrieved from /home/airflow/.local/lib/python3.7/site-packages/airflow/example_dags/example_nested_branch_dag.py
[2022-11-11T20:08:11.405+0000] {logging_mixin.py:117} INFO - [2022-11-11T20:08:11.404+0000] {dag.py:2573} INFO - Sync 1 DAGs
[2022-11-11T20:08:11.447+0000] {logging_mixin.py:117} INFO - [2022-11-11T20:08:11.447+0000] {dag.py:3328} INFO - Setting next_dagrun for example_nested_branch_dag to 2022-11-10T00:00:00+00:00, run_after=2022-11-11T00:00:00+00:00
[2022-11-11T20:08:11.485+0000] {processor.py:178} INFO - Processing /home/airflow/.local/lib/python3.7/site-packages/airflow/example_dags/example_nested_branch_dag.py took 0.344 seconds
[2022-11-11T21:30:00.920+0000] {processor.py:156} INFO - Started process (PID=14613) to work on /home/airflow/.local/lib/python3.7/site-packages/airflow/example_dags/example_nested_branch_dag.py
[2022-11-11T21:30:00.964+0000] {processor.py:758} INFO - Processing file /home/airflow/.local/lib/python3.7/site-packages/airflow/example_dags/example_nested_branch_dag.py for tasks to queue
[2022-11-11T21:30:00.970+0000] {logging_mixin.py:117} INFO - [2022-11-11T21:30:00.970+0000] {dagbag.py:525} INFO - Filling up the DagBag from /home/airflow/.local/lib/python3.7/site-packages/airflow/example_dags/example_nested_branch_dag.py
[2022-11-11T21:30:01.046+0000] {processor.py:768} INFO - DAG(s) dict_keys(['example_nested_branch_dag']) retrieved from /home/airflow/.local/lib/python3.7/site-packages/airflow/example_dags/example_nested_branch_dag.py
[2022-11-11T21:30:01.226+0000] {logging_mixin.py:117} INFO - [2022-11-11T21:30:01.225+0000] {dag.py:2573} INFO - Sync 1 DAGs
[2022-11-11T21:30:01.277+0000] {logging_mixin.py:117} INFO - [2022-11-11T21:30:01.277+0000] {dag.py:3328} INFO - Setting next_dagrun for example_nested_branch_dag to 2022-11-10T00:00:00+00:00, run_after=2022-11-11T00:00:00+00:00
[2022-11-11T21:30:01.315+0000] {processor.py:178} INFO - Processing /home/airflow/.local/lib/python3.7/site-packages/airflow/example_dags/example_nested_branch_dag.py took 0.407 seconds
[2022-11-11T23:07:56.552+0000] {processor.py:156} INFO - Started process (PID=14675) to work on /home/airflow/.local/lib/python3.7/site-packages/airflow/example_dags/example_nested_branch_dag.py
[2022-11-11T23:07:56.632+0000] {processor.py:758} INFO - Processing file /home/airflow/.local/lib/python3.7/site-packages/airflow/example_dags/example_nested_branch_dag.py for tasks to queue
[2022-11-11T23:07:56.636+0000] {logging_mixin.py:117} INFO - [2022-11-11T23:07:56.635+0000] {dagbag.py:525} INFO - Filling up the DagBag from /home/airflow/.local/lib/python3.7/site-packages/airflow/example_dags/example_nested_branch_dag.py
[2022-11-11T23:07:56.738+0000] {processor.py:768} INFO - DAG(s) dict_keys(['example_nested_branch_dag']) retrieved from /home/airflow/.local/lib/python3.7/site-packages/airflow/example_dags/example_nested_branch_dag.py
[2022-11-11T23:07:57.086+0000] {logging_mixin.py:117} INFO - [2022-11-11T23:07:57.086+0000] {dag.py:2573} INFO - Sync 1 DAGs
[2022-11-11T23:07:57.136+0000] {logging_mixin.py:117} INFO - [2022-11-11T23:07:57.136+0000] {dag.py:3328} INFO - Setting next_dagrun for example_nested_branch_dag to 2022-11-10T00:00:00+00:00, run_after=2022-11-11T00:00:00+00:00
[2022-11-11T23:07:57.180+0000] {processor.py:178} INFO - Processing /home/airflow/.local/lib/python3.7/site-packages/airflow/example_dags/example_nested_branch_dag.py took 0.641 seconds
