[2022-11-11T00:42:39.519+0000] {processor.py:156} INFO - Started process (PID=13744) to work on /home/airflow/.local/lib/python3.7/site-packages/airflow/example_dags/example_branch_day_of_week_operator.py
[2022-11-11T00:42:39.522+0000] {processor.py:758} INFO - Processing file /home/airflow/.local/lib/python3.7/site-packages/airflow/example_dags/example_branch_day_of_week_operator.py for tasks to queue
[2022-11-11T00:42:39.526+0000] {logging_mixin.py:117} INFO - [2022-11-11T00:42:39.525+0000] {dagbag.py:525} INFO - Filling up the DagBag from /home/airflow/.local/lib/python3.7/site-packages/airflow/example_dags/example_branch_day_of_week_operator.py
[2022-11-11T00:42:39.579+0000] {processor.py:768} INFO - DAG(s) dict_keys(['example_weekday_branch_operator']) retrieved from /home/airflow/.local/lib/python3.7/site-packages/airflow/example_dags/example_branch_day_of_week_operator.py
[2022-11-11T00:42:39.765+0000] {logging_mixin.py:117} INFO - [2022-11-11T00:42:39.763+0000] {dag.py:2573} INFO - Sync 1 DAGs
[2022-11-11T00:42:39.829+0000] {logging_mixin.py:117} INFO - [2022-11-11T00:42:39.829+0000] {dag.py:3328} INFO - Setting next_dagrun for example_weekday_branch_operator to 2022-11-10T00:00:00+00:00, run_after=2022-11-11T00:00:00+00:00
[2022-11-11T00:42:39.892+0000] {processor.py:178} INFO - Processing /home/airflow/.local/lib/python3.7/site-packages/airflow/example_dags/example_branch_day_of_week_operator.py took 0.400 seconds
[2022-11-11T02:27:57.312+0000] {processor.py:156} INFO - Started process (PID=13808) to work on /home/airflow/.local/lib/python3.7/site-packages/airflow/example_dags/example_branch_day_of_week_operator.py
[2022-11-11T02:27:57.315+0000] {processor.py:758} INFO - Processing file /home/airflow/.local/lib/python3.7/site-packages/airflow/example_dags/example_branch_day_of_week_operator.py for tasks to queue
[2022-11-11T02:27:57.320+0000] {logging_mixin.py:117} INFO - [2022-11-11T02:27:57.319+0000] {dagbag.py:525} INFO - Filling up the DagBag from /home/airflow/.local/lib/python3.7/site-packages/airflow/example_dags/example_branch_day_of_week_operator.py
[2022-11-11T02:27:57.363+0000] {processor.py:768} INFO - DAG(s) dict_keys(['example_weekday_branch_operator']) retrieved from /home/airflow/.local/lib/python3.7/site-packages/airflow/example_dags/example_branch_day_of_week_operator.py
[2022-11-11T02:27:57.513+0000] {logging_mixin.py:117} INFO - [2022-11-11T02:27:57.513+0000] {dag.py:2573} INFO - Sync 1 DAGs
[2022-11-11T02:27:57.591+0000] {logging_mixin.py:117} INFO - [2022-11-11T02:27:57.591+0000] {dag.py:3328} INFO - Setting next_dagrun for example_weekday_branch_operator to 2022-11-10T00:00:00+00:00, run_after=2022-11-11T00:00:00+00:00
[2022-11-11T02:27:57.682+0000] {processor.py:178} INFO - Processing /home/airflow/.local/lib/python3.7/site-packages/airflow/example_dags/example_branch_day_of_week_operator.py took 0.374 seconds
[2022-11-11T03:50:15.899+0000] {processor.py:156} INFO - Started process (PID=13863) to work on /home/airflow/.local/lib/python3.7/site-packages/airflow/example_dags/example_branch_day_of_week_operator.py
[2022-11-11T03:50:15.903+0000] {processor.py:758} INFO - Processing file /home/airflow/.local/lib/python3.7/site-packages/airflow/example_dags/example_branch_day_of_week_operator.py for tasks to queue
[2022-11-11T03:50:15.905+0000] {logging_mixin.py:117} INFO - [2022-11-11T03:50:15.905+0000] {dagbag.py:525} INFO - Filling up the DagBag from /home/airflow/.local/lib/python3.7/site-packages/airflow/example_dags/example_branch_day_of_week_operator.py
[2022-11-11T03:50:15.926+0000] {processor.py:768} INFO - DAG(s) dict_keys(['example_weekday_branch_operator']) retrieved from /home/airflow/.local/lib/python3.7/site-packages/airflow/example_dags/example_branch_day_of_week_operator.py
[2022-11-11T03:50:16.009+0000] {logging_mixin.py:117} INFO - [2022-11-11T03:50:16.009+0000] {dag.py:2573} INFO - Sync 1 DAGs
[2022-11-11T03:50:16.062+0000] {logging_mixin.py:117} INFO - [2022-11-11T03:50:16.061+0000] {dag.py:3328} INFO - Setting next_dagrun for example_weekday_branch_operator to 2022-11-10T00:00:00+00:00, run_after=2022-11-11T00:00:00+00:00
[2022-11-11T03:50:16.107+0000] {processor.py:178} INFO - Processing /home/airflow/.local/lib/python3.7/site-packages/airflow/example_dags/example_branch_day_of_week_operator.py took 0.212 seconds
[2022-11-11T05:13:06.210+0000] {processor.py:156} INFO - Started process (PID=13918) to work on /home/airflow/.local/lib/python3.7/site-packages/airflow/example_dags/example_branch_day_of_week_operator.py
[2022-11-11T05:13:06.215+0000] {processor.py:758} INFO - Processing file /home/airflow/.local/lib/python3.7/site-packages/airflow/example_dags/example_branch_day_of_week_operator.py for tasks to queue
[2022-11-11T05:13:06.217+0000] {logging_mixin.py:117} INFO - [2022-11-11T05:13:06.216+0000] {dagbag.py:525} INFO - Filling up the DagBag from /home/airflow/.local/lib/python3.7/site-packages/airflow/example_dags/example_branch_day_of_week_operator.py
[2022-11-11T05:13:06.240+0000] {processor.py:768} INFO - DAG(s) dict_keys(['example_weekday_branch_operator']) retrieved from /home/airflow/.local/lib/python3.7/site-packages/airflow/example_dags/example_branch_day_of_week_operator.py
[2022-11-11T05:13:06.327+0000] {logging_mixin.py:117} INFO - [2022-11-11T05:13:06.327+0000] {dag.py:2573} INFO - Sync 1 DAGs
[2022-11-11T05:13:06.500+0000] {logging_mixin.py:117} INFO - [2022-11-11T05:13:06.500+0000] {dag.py:3328} INFO - Setting next_dagrun for example_weekday_branch_operator to 2022-11-10T00:00:00+00:00, run_after=2022-11-11T00:00:00+00:00
[2022-11-11T05:13:06.553+0000] {processor.py:178} INFO - Processing /home/airflow/.local/lib/python3.7/site-packages/airflow/example_dags/example_branch_day_of_week_operator.py took 0.347 seconds
[2022-11-11T06:36:27.562+0000] {processor.py:156} INFO - Started process (PID=13982) to work on /home/airflow/.local/lib/python3.7/site-packages/airflow/example_dags/example_branch_day_of_week_operator.py
[2022-11-11T06:36:27.567+0000] {processor.py:758} INFO - Processing file /home/airflow/.local/lib/python3.7/site-packages/airflow/example_dags/example_branch_day_of_week_operator.py for tasks to queue
[2022-11-11T06:36:27.573+0000] {logging_mixin.py:117} INFO - [2022-11-11T06:36:27.572+0000] {dagbag.py:525} INFO - Filling up the DagBag from /home/airflow/.local/lib/python3.7/site-packages/airflow/example_dags/example_branch_day_of_week_operator.py
[2022-11-11T06:36:27.732+0000] {processor.py:768} INFO - DAG(s) dict_keys(['example_weekday_branch_operator']) retrieved from /home/airflow/.local/lib/python3.7/site-packages/airflow/example_dags/example_branch_day_of_week_operator.py
[2022-11-11T06:36:28.092+0000] {logging_mixin.py:117} INFO - [2022-11-11T06:36:28.092+0000] {dag.py:2573} INFO - Sync 1 DAGs
[2022-11-11T06:36:28.152+0000] {logging_mixin.py:117} INFO - [2022-11-11T06:36:28.152+0000] {dag.py:3328} INFO - Setting next_dagrun for example_weekday_branch_operator to 2022-11-10T00:00:00+00:00, run_after=2022-11-11T00:00:00+00:00
[2022-11-11T06:36:28.186+0000] {processor.py:178} INFO - Processing /home/airflow/.local/lib/python3.7/site-packages/airflow/example_dags/example_branch_day_of_week_operator.py took 0.702 seconds
[2022-11-11T07:56:57.773+0000] {processor.py:156} INFO - Started process (PID=14037) to work on /home/airflow/.local/lib/python3.7/site-packages/airflow/example_dags/example_branch_day_of_week_operator.py
[2022-11-11T07:56:57.781+0000] {processor.py:758} INFO - Processing file /home/airflow/.local/lib/python3.7/site-packages/airflow/example_dags/example_branch_day_of_week_operator.py for tasks to queue
[2022-11-11T07:56:57.787+0000] {logging_mixin.py:117} INFO - [2022-11-11T07:56:57.787+0000] {dagbag.py:525} INFO - Filling up the DagBag from /home/airflow/.local/lib/python3.7/site-packages/airflow/example_dags/example_branch_day_of_week_operator.py
[2022-11-11T07:56:57.825+0000] {processor.py:768} INFO - DAG(s) dict_keys(['example_weekday_branch_operator']) retrieved from /home/airflow/.local/lib/python3.7/site-packages/airflow/example_dags/example_branch_day_of_week_operator.py
[2022-11-11T07:56:57.970+0000] {logging_mixin.py:117} INFO - [2022-11-11T07:56:57.970+0000] {dag.py:2573} INFO - Sync 1 DAGs
[2022-11-11T07:56:58.040+0000] {logging_mixin.py:117} INFO - [2022-11-11T07:56:58.040+0000] {dag.py:3328} INFO - Setting next_dagrun for example_weekday_branch_operator to 2022-11-10T00:00:00+00:00, run_after=2022-11-11T00:00:00+00:00
[2022-11-11T07:56:58.107+0000] {processor.py:178} INFO - Processing /home/airflow/.local/lib/python3.7/site-packages/airflow/example_dags/example_branch_day_of_week_operator.py took 0.340 seconds
[2022-11-11T09:22:16.271+0000] {processor.py:156} INFO - Started process (PID=14101) to work on /home/airflow/.local/lib/python3.7/site-packages/airflow/example_dags/example_branch_day_of_week_operator.py
[2022-11-11T09:22:16.285+0000] {processor.py:758} INFO - Processing file /home/airflow/.local/lib/python3.7/site-packages/airflow/example_dags/example_branch_day_of_week_operator.py for tasks to queue
[2022-11-11T09:22:16.290+0000] {logging_mixin.py:117} INFO - [2022-11-11T09:22:16.289+0000] {dagbag.py:525} INFO - Filling up the DagBag from /home/airflow/.local/lib/python3.7/site-packages/airflow/example_dags/example_branch_day_of_week_operator.py
[2022-11-11T09:22:16.428+0000] {processor.py:768} INFO - DAG(s) dict_keys(['example_weekday_branch_operator']) retrieved from /home/airflow/.local/lib/python3.7/site-packages/airflow/example_dags/example_branch_day_of_week_operator.py
[2022-11-11T09:22:16.695+0000] {logging_mixin.py:117} INFO - [2022-11-11T09:22:16.694+0000] {dag.py:2573} INFO - Sync 1 DAGs
[2022-11-11T09:22:16.732+0000] {logging_mixin.py:117} INFO - [2022-11-11T09:22:16.732+0000] {dag.py:3328} INFO - Setting next_dagrun for example_weekday_branch_operator to 2022-11-10T00:00:00+00:00, run_after=2022-11-11T00:00:00+00:00
[2022-11-11T09:22:16.842+0000] {processor.py:178} INFO - Processing /home/airflow/.local/lib/python3.7/site-packages/airflow/example_dags/example_branch_day_of_week_operator.py took 0.615 seconds
[2022-11-11T10:26:42.847+0000] {processor.py:156} INFO - Started process (PID=14156) to work on /home/airflow/.local/lib/python3.7/site-packages/airflow/example_dags/example_branch_day_of_week_operator.py
[2022-11-11T10:26:42.854+0000] {processor.py:758} INFO - Processing file /home/airflow/.local/lib/python3.7/site-packages/airflow/example_dags/example_branch_day_of_week_operator.py for tasks to queue
[2022-11-11T10:26:42.860+0000] {logging_mixin.py:117} INFO - [2022-11-11T10:26:42.860+0000] {dagbag.py:525} INFO - Filling up the DagBag from /home/airflow/.local/lib/python3.7/site-packages/airflow/example_dags/example_branch_day_of_week_operator.py
[2022-11-11T10:26:42.898+0000] {processor.py:768} INFO - DAG(s) dict_keys(['example_weekday_branch_operator']) retrieved from /home/airflow/.local/lib/python3.7/site-packages/airflow/example_dags/example_branch_day_of_week_operator.py
[2022-11-11T10:26:42.988+0000] {logging_mixin.py:117} INFO - [2022-11-11T10:26:42.988+0000] {dag.py:2573} INFO - Sync 1 DAGs
[2022-11-11T10:26:43.078+0000] {logging_mixin.py:117} INFO - [2022-11-11T10:26:43.077+0000] {dag.py:3328} INFO - Setting next_dagrun for example_weekday_branch_operator to 2022-11-10T00:00:00+00:00, run_after=2022-11-11T00:00:00+00:00
[2022-11-11T10:26:43.149+0000] {processor.py:178} INFO - Processing /home/airflow/.local/lib/python3.7/site-packages/airflow/example_dags/example_branch_day_of_week_operator.py took 0.309 seconds
[2022-11-11T11:52:16.256+0000] {processor.py:156} INFO - Started process (PID=14211) to work on /home/airflow/.local/lib/python3.7/site-packages/airflow/example_dags/example_branch_day_of_week_operator.py
[2022-11-11T11:52:16.260+0000] {processor.py:758} INFO - Processing file /home/airflow/.local/lib/python3.7/site-packages/airflow/example_dags/example_branch_day_of_week_operator.py for tasks to queue
[2022-11-11T11:52:16.262+0000] {logging_mixin.py:117} INFO - [2022-11-11T11:52:16.261+0000] {dagbag.py:525} INFO - Filling up the DagBag from /home/airflow/.local/lib/python3.7/site-packages/airflow/example_dags/example_branch_day_of_week_operator.py
[2022-11-11T11:52:16.291+0000] {processor.py:768} INFO - DAG(s) dict_keys(['example_weekday_branch_operator']) retrieved from /home/airflow/.local/lib/python3.7/site-packages/airflow/example_dags/example_branch_day_of_week_operator.py
[2022-11-11T11:52:16.382+0000] {logging_mixin.py:117} INFO - [2022-11-11T11:52:16.382+0000] {dag.py:2573} INFO - Sync 1 DAGs
[2022-11-11T11:52:16.415+0000] {logging_mixin.py:117} INFO - [2022-11-11T11:52:16.415+0000] {dag.py:3328} INFO - Setting next_dagrun for example_weekday_branch_operator to 2022-11-10T00:00:00+00:00, run_after=2022-11-11T00:00:00+00:00
[2022-11-11T11:52:16.451+0000] {processor.py:178} INFO - Processing /home/airflow/.local/lib/python3.7/site-packages/airflow/example_dags/example_branch_day_of_week_operator.py took 0.200 seconds
[2022-11-11T13:17:10.734+0000] {processor.py:156} INFO - Started process (PID=14266) to work on /home/airflow/.local/lib/python3.7/site-packages/airflow/example_dags/example_branch_day_of_week_operator.py
[2022-11-11T13:17:10.738+0000] {processor.py:758} INFO - Processing file /home/airflow/.local/lib/python3.7/site-packages/airflow/example_dags/example_branch_day_of_week_operator.py for tasks to queue
[2022-11-11T13:17:10.753+0000] {logging_mixin.py:117} INFO - [2022-11-11T13:17:10.753+0000] {dagbag.py:525} INFO - Filling up the DagBag from /home/airflow/.local/lib/python3.7/site-packages/airflow/example_dags/example_branch_day_of_week_operator.py
[2022-11-11T13:17:10.805+0000] {processor.py:768} INFO - DAG(s) dict_keys(['example_weekday_branch_operator']) retrieved from /home/airflow/.local/lib/python3.7/site-packages/airflow/example_dags/example_branch_day_of_week_operator.py
[2022-11-11T13:17:10.884+0000] {logging_mixin.py:117} INFO - [2022-11-11T13:17:10.884+0000] {dag.py:2573} INFO - Sync 1 DAGs
[2022-11-11T13:17:10.911+0000] {logging_mixin.py:117} INFO - [2022-11-11T13:17:10.911+0000] {dag.py:3328} INFO - Setting next_dagrun for example_weekday_branch_operator to 2022-11-10T00:00:00+00:00, run_after=2022-11-11T00:00:00+00:00
[2022-11-11T13:17:10.953+0000] {processor.py:178} INFO - Processing /home/airflow/.local/lib/python3.7/site-packages/airflow/example_dags/example_branch_day_of_week_operator.py took 0.225 seconds
[2022-11-11T14:25:10.651+0000] {processor.py:156} INFO - Started process (PID=14330) to work on /home/airflow/.local/lib/python3.7/site-packages/airflow/example_dags/example_branch_day_of_week_operator.py
[2022-11-11T14:25:10.658+0000] {processor.py:758} INFO - Processing file /home/airflow/.local/lib/python3.7/site-packages/airflow/example_dags/example_branch_day_of_week_operator.py for tasks to queue
[2022-11-11T14:25:10.662+0000] {logging_mixin.py:117} INFO - [2022-11-11T14:25:10.661+0000] {dagbag.py:525} INFO - Filling up the DagBag from /home/airflow/.local/lib/python3.7/site-packages/airflow/example_dags/example_branch_day_of_week_operator.py
[2022-11-11T14:25:10.819+0000] {processor.py:768} INFO - DAG(s) dict_keys(['example_weekday_branch_operator']) retrieved from /home/airflow/.local/lib/python3.7/site-packages/airflow/example_dags/example_branch_day_of_week_operator.py
[2022-11-11T14:25:10.921+0000] {logging_mixin.py:117} INFO - [2022-11-11T14:25:10.920+0000] {dag.py:2573} INFO - Sync 1 DAGs
[2022-11-11T14:25:11.033+0000] {logging_mixin.py:117} INFO - [2022-11-11T14:25:11.032+0000] {dag.py:3328} INFO - Setting next_dagrun for example_weekday_branch_operator to 2022-11-10T00:00:00+00:00, run_after=2022-11-11T00:00:00+00:00
[2022-11-11T14:25:11.079+0000] {processor.py:178} INFO - Processing /home/airflow/.local/lib/python3.7/site-packages/airflow/example_dags/example_branch_day_of_week_operator.py took 0.453 seconds
[2022-11-11T15:46:01.046+0000] {processor.py:156} INFO - Started process (PID=14384) to work on /home/airflow/.local/lib/python3.7/site-packages/airflow/example_dags/example_branch_day_of_week_operator.py
[2022-11-11T15:46:01.050+0000] {processor.py:758} INFO - Processing file /home/airflow/.local/lib/python3.7/site-packages/airflow/example_dags/example_branch_day_of_week_operator.py for tasks to queue
[2022-11-11T15:46:01.052+0000] {logging_mixin.py:117} INFO - [2022-11-11T15:46:01.052+0000] {dagbag.py:525} INFO - Filling up the DagBag from /home/airflow/.local/lib/python3.7/site-packages/airflow/example_dags/example_branch_day_of_week_operator.py
[2022-11-11T15:46:01.083+0000] {processor.py:768} INFO - DAG(s) dict_keys(['example_weekday_branch_operator']) retrieved from /home/airflow/.local/lib/python3.7/site-packages/airflow/example_dags/example_branch_day_of_week_operator.py
[2022-11-11T15:46:01.141+0000] {logging_mixin.py:117} INFO - [2022-11-11T15:46:01.140+0000] {dag.py:2573} INFO - Sync 1 DAGs
[2022-11-11T15:46:01.165+0000] {logging_mixin.py:117} INFO - [2022-11-11T15:46:01.164+0000] {dag.py:3328} INFO - Setting next_dagrun for example_weekday_branch_operator to 2022-11-10T00:00:00+00:00, run_after=2022-11-11T00:00:00+00:00
[2022-11-11T15:46:01.179+0000] {processor.py:178} INFO - Processing /home/airflow/.local/lib/python3.7/site-packages/airflow/example_dags/example_branch_day_of_week_operator.py took 0.138 seconds
[2022-11-11T17:04:36.306+0000] {processor.py:156} INFO - Started process (PID=14439) to work on /home/airflow/.local/lib/python3.7/site-packages/airflow/example_dags/example_branch_day_of_week_operator.py
[2022-11-11T17:04:36.309+0000] {processor.py:758} INFO - Processing file /home/airflow/.local/lib/python3.7/site-packages/airflow/example_dags/example_branch_day_of_week_operator.py for tasks to queue
[2022-11-11T17:04:36.311+0000] {logging_mixin.py:117} INFO - [2022-11-11T17:04:36.311+0000] {dagbag.py:525} INFO - Filling up the DagBag from /home/airflow/.local/lib/python3.7/site-packages/airflow/example_dags/example_branch_day_of_week_operator.py
[2022-11-11T17:04:36.346+0000] {processor.py:768} INFO - DAG(s) dict_keys(['example_weekday_branch_operator']) retrieved from /home/airflow/.local/lib/python3.7/site-packages/airflow/example_dags/example_branch_day_of_week_operator.py
[2022-11-11T17:04:36.404+0000] {logging_mixin.py:117} INFO - [2022-11-11T17:04:36.403+0000] {dag.py:2573} INFO - Sync 1 DAGs
[2022-11-11T17:04:36.435+0000] {logging_mixin.py:117} INFO - [2022-11-11T17:04:36.435+0000] {dag.py:3328} INFO - Setting next_dagrun for example_weekday_branch_operator to 2022-11-10T00:00:00+00:00, run_after=2022-11-11T00:00:00+00:00
[2022-11-11T17:04:36.468+0000] {processor.py:178} INFO - Processing /home/airflow/.local/lib/python3.7/site-packages/airflow/example_dags/example_branch_day_of_week_operator.py took 0.165 seconds
[2022-11-11T18:43:53.457+0000] {processor.py:156} INFO - Started process (PID=14503) to work on /home/airflow/.local/lib/python3.7/site-packages/airflow/example_dags/example_branch_day_of_week_operator.py
[2022-11-11T18:43:53.462+0000] {processor.py:758} INFO - Processing file /home/airflow/.local/lib/python3.7/site-packages/airflow/example_dags/example_branch_day_of_week_operator.py for tasks to queue
[2022-11-11T18:43:53.463+0000] {logging_mixin.py:117} INFO - [2022-11-11T18:43:53.463+0000] {dagbag.py:525} INFO - Filling up the DagBag from /home/airflow/.local/lib/python3.7/site-packages/airflow/example_dags/example_branch_day_of_week_operator.py
[2022-11-11T18:43:53.495+0000] {processor.py:768} INFO - DAG(s) dict_keys(['example_weekday_branch_operator']) retrieved from /home/airflow/.local/lib/python3.7/site-packages/airflow/example_dags/example_branch_day_of_week_operator.py
[2022-11-11T18:43:53.630+0000] {logging_mixin.py:117} INFO - [2022-11-11T18:43:53.630+0000] {dag.py:2573} INFO - Sync 1 DAGs
[2022-11-11T18:43:53.728+0000] {logging_mixin.py:117} INFO - [2022-11-11T18:43:53.728+0000] {dag.py:3328} INFO - Setting next_dagrun for example_weekday_branch_operator to 2022-11-10T00:00:00+00:00, run_after=2022-11-11T00:00:00+00:00
[2022-11-11T18:43:53.866+0000] {processor.py:178} INFO - Processing /home/airflow/.local/lib/python3.7/site-packages/airflow/example_dags/example_branch_day_of_week_operator.py took 0.417 seconds
[2022-11-11T20:08:11.153+0000] {processor.py:156} INFO - Started process (PID=14559) to work on /home/airflow/.local/lib/python3.7/site-packages/airflow/example_dags/example_branch_day_of_week_operator.py
[2022-11-11T20:08:11.156+0000] {processor.py:758} INFO - Processing file /home/airflow/.local/lib/python3.7/site-packages/airflow/example_dags/example_branch_day_of_week_operator.py for tasks to queue
[2022-11-11T20:08:11.165+0000] {logging_mixin.py:117} INFO - [2022-11-11T20:08:11.164+0000] {dagbag.py:525} INFO - Filling up the DagBag from /home/airflow/.local/lib/python3.7/site-packages/airflow/example_dags/example_branch_day_of_week_operator.py
[2022-11-11T20:08:11.251+0000] {processor.py:768} INFO - DAG(s) dict_keys(['example_weekday_branch_operator']) retrieved from /home/airflow/.local/lib/python3.7/site-packages/airflow/example_dags/example_branch_day_of_week_operator.py
[2022-11-11T20:08:11.410+0000] {logging_mixin.py:117} INFO - [2022-11-11T20:08:11.410+0000] {dag.py:2573} INFO - Sync 1 DAGs
[2022-11-11T20:08:11.464+0000] {logging_mixin.py:117} INFO - [2022-11-11T20:08:11.464+0000] {dag.py:3328} INFO - Setting next_dagrun for example_weekday_branch_operator to 2022-11-10T00:00:00+00:00, run_after=2022-11-11T00:00:00+00:00
[2022-11-11T20:08:11.499+0000] {processor.py:178} INFO - Processing /home/airflow/.local/lib/python3.7/site-packages/airflow/example_dags/example_branch_day_of_week_operator.py took 0.359 seconds
[2022-11-11T21:30:01.166+0000] {processor.py:156} INFO - Started process (PID=14614) to work on /home/airflow/.local/lib/python3.7/site-packages/airflow/example_dags/example_branch_day_of_week_operator.py
[2022-11-11T21:30:01.223+0000] {processor.py:758} INFO - Processing file /home/airflow/.local/lib/python3.7/site-packages/airflow/example_dags/example_branch_day_of_week_operator.py for tasks to queue
[2022-11-11T21:30:01.228+0000] {logging_mixin.py:117} INFO - [2022-11-11T21:30:01.227+0000] {dagbag.py:525} INFO - Filling up the DagBag from /home/airflow/.local/lib/python3.7/site-packages/airflow/example_dags/example_branch_day_of_week_operator.py
[2022-11-11T21:30:01.283+0000] {processor.py:768} INFO - DAG(s) dict_keys(['example_weekday_branch_operator']) retrieved from /home/airflow/.local/lib/python3.7/site-packages/airflow/example_dags/example_branch_day_of_week_operator.py
[2022-11-11T21:30:01.388+0000] {logging_mixin.py:117} INFO - [2022-11-11T21:30:01.388+0000] {dag.py:2573} INFO - Sync 1 DAGs
[2022-11-11T21:30:01.419+0000] {logging_mixin.py:117} INFO - [2022-11-11T21:30:01.419+0000] {dag.py:3328} INFO - Setting next_dagrun for example_weekday_branch_operator to 2022-11-10T00:00:00+00:00, run_after=2022-11-11T00:00:00+00:00
[2022-11-11T21:30:01.433+0000] {processor.py:178} INFO - Processing /home/airflow/.local/lib/python3.7/site-packages/airflow/example_dags/example_branch_day_of_week_operator.py took 0.306 seconds
[2022-11-11T23:07:57.236+0000] {processor.py:156} INFO - Started process (PID=14676) to work on /home/airflow/.local/lib/python3.7/site-packages/airflow/example_dags/example_branch_day_of_week_operator.py
[2022-11-11T23:07:57.241+0000] {processor.py:758} INFO - Processing file /home/airflow/.local/lib/python3.7/site-packages/airflow/example_dags/example_branch_day_of_week_operator.py for tasks to queue
[2022-11-11T23:07:57.248+0000] {logging_mixin.py:117} INFO - [2022-11-11T23:07:57.248+0000] {dagbag.py:525} INFO - Filling up the DagBag from /home/airflow/.local/lib/python3.7/site-packages/airflow/example_dags/example_branch_day_of_week_operator.py
[2022-11-11T23:07:57.276+0000] {processor.py:768} INFO - DAG(s) dict_keys(['example_weekday_branch_operator']) retrieved from /home/airflow/.local/lib/python3.7/site-packages/airflow/example_dags/example_branch_day_of_week_operator.py
[2022-11-11T23:07:57.356+0000] {logging_mixin.py:117} INFO - [2022-11-11T23:07:57.356+0000] {dag.py:2573} INFO - Sync 1 DAGs
[2022-11-11T23:07:57.409+0000] {logging_mixin.py:117} INFO - [2022-11-11T23:07:57.409+0000] {dag.py:3328} INFO - Setting next_dagrun for example_weekday_branch_operator to 2022-11-10T00:00:00+00:00, run_after=2022-11-11T00:00:00+00:00
[2022-11-11T23:07:57.446+0000] {processor.py:178} INFO - Processing /home/airflow/.local/lib/python3.7/site-packages/airflow/example_dags/example_branch_day_of_week_operator.py took 0.212 seconds
