[2022-11-11T00:42:38.598+0000] {processor.py:156} INFO - Started process (PID=13737) to work on /home/airflow/.local/lib/python3.7/site-packages/airflow/example_dags/example_short_circuit_operator.py
[2022-11-11T00:42:38.604+0000] {processor.py:758} INFO - Processing file /home/airflow/.local/lib/python3.7/site-packages/airflow/example_dags/example_short_circuit_operator.py for tasks to queue
[2022-11-11T00:42:38.606+0000] {logging_mixin.py:117} INFO - [2022-11-11T00:42:38.606+0000] {dagbag.py:525} INFO - Filling up the DagBag from /home/airflow/.local/lib/python3.7/site-packages/airflow/example_dags/example_short_circuit_operator.py
[2022-11-11T00:42:38.650+0000] {processor.py:768} INFO - DAG(s) dict_keys(['example_short_circuit_operator']) retrieved from /home/airflow/.local/lib/python3.7/site-packages/airflow/example_dags/example_short_circuit_operator.py
[2022-11-11T00:42:38.798+0000] {logging_mixin.py:117} INFO - [2022-11-11T00:42:38.798+0000] {dag.py:2573} INFO - Sync 1 DAGs
[2022-11-11T00:42:38.831+0000] {logging_mixin.py:117} INFO - [2022-11-11T00:42:38.831+0000] {dag.py:3328} INFO - Setting next_dagrun for example_short_circuit_operator to 2022-11-10T00:42:38.830854+00:00, run_after=2022-11-11T00:42:38.830854+00:00
[2022-11-11T00:42:38.870+0000] {processor.py:178} INFO - Processing /home/airflow/.local/lib/python3.7/site-packages/airflow/example_dags/example_short_circuit_operator.py took 0.332 seconds
[2022-11-11T02:27:55.014+0000] {processor.py:156} INFO - Started process (PID=13801) to work on /home/airflow/.local/lib/python3.7/site-packages/airflow/example_dags/example_short_circuit_operator.py
[2022-11-11T02:27:55.021+0000] {processor.py:758} INFO - Processing file /home/airflow/.local/lib/python3.7/site-packages/airflow/example_dags/example_short_circuit_operator.py for tasks to queue
[2022-11-11T02:27:55.028+0000] {logging_mixin.py:117} INFO - [2022-11-11T02:27:55.028+0000] {dagbag.py:525} INFO - Filling up the DagBag from /home/airflow/.local/lib/python3.7/site-packages/airflow/example_dags/example_short_circuit_operator.py
[2022-11-11T02:27:55.190+0000] {processor.py:768} INFO - DAG(s) dict_keys(['example_short_circuit_operator']) retrieved from /home/airflow/.local/lib/python3.7/site-packages/airflow/example_dags/example_short_circuit_operator.py
[2022-11-11T02:27:55.437+0000] {logging_mixin.py:117} INFO - [2022-11-11T02:27:55.437+0000] {dag.py:2573} INFO - Sync 1 DAGs
[2022-11-11T02:27:55.484+0000] {logging_mixin.py:117} INFO - [2022-11-11T02:27:55.484+0000] {dag.py:3328} INFO - Setting next_dagrun for example_short_circuit_operator to 2022-11-10T02:27:55.484358+00:00, run_after=2022-11-11T02:27:55.484358+00:00
[2022-11-11T02:27:55.604+0000] {processor.py:178} INFO - Processing /home/airflow/.local/lib/python3.7/site-packages/airflow/example_dags/example_short_circuit_operator.py took 0.625 seconds
[2022-11-11T03:50:14.071+0000] {processor.py:156} INFO - Started process (PID=13854) to work on /home/airflow/.local/lib/python3.7/site-packages/airflow/example_dags/example_short_circuit_operator.py
[2022-11-11T03:50:14.078+0000] {processor.py:758} INFO - Processing file /home/airflow/.local/lib/python3.7/site-packages/airflow/example_dags/example_short_circuit_operator.py for tasks to queue
[2022-11-11T03:50:14.082+0000] {logging_mixin.py:117} INFO - [2022-11-11T03:50:14.081+0000] {dagbag.py:525} INFO - Filling up the DagBag from /home/airflow/.local/lib/python3.7/site-packages/airflow/example_dags/example_short_circuit_operator.py
[2022-11-11T03:50:14.171+0000] {processor.py:768} INFO - DAG(s) dict_keys(['example_short_circuit_operator']) retrieved from /home/airflow/.local/lib/python3.7/site-packages/airflow/example_dags/example_short_circuit_operator.py
[2022-11-11T03:50:14.505+0000] {logging_mixin.py:117} INFO - [2022-11-11T03:50:14.505+0000] {dag.py:2573} INFO - Sync 1 DAGs
[2022-11-11T03:50:14.608+0000] {logging_mixin.py:117} INFO - [2022-11-11T03:50:14.608+0000] {dag.py:3328} INFO - Setting next_dagrun for example_short_circuit_operator to 2022-11-10T03:50:14.607837+00:00, run_after=2022-11-11T03:50:14.607837+00:00
[2022-11-11T03:50:14.772+0000] {processor.py:178} INFO - Processing /home/airflow/.local/lib/python3.7/site-packages/airflow/example_dags/example_short_circuit_operator.py took 0.712 seconds
[2022-11-11T05:13:04.068+0000] {processor.py:156} INFO - Started process (PID=13911) to work on /home/airflow/.local/lib/python3.7/site-packages/airflow/example_dags/example_short_circuit_operator.py
[2022-11-11T05:13:04.075+0000] {processor.py:758} INFO - Processing file /home/airflow/.local/lib/python3.7/site-packages/airflow/example_dags/example_short_circuit_operator.py for tasks to queue
[2022-11-11T05:13:04.079+0000] {logging_mixin.py:117} INFO - [2022-11-11T05:13:04.079+0000] {dagbag.py:525} INFO - Filling up the DagBag from /home/airflow/.local/lib/python3.7/site-packages/airflow/example_dags/example_short_circuit_operator.py
[2022-11-11T05:13:04.160+0000] {processor.py:768} INFO - DAG(s) dict_keys(['example_short_circuit_operator']) retrieved from /home/airflow/.local/lib/python3.7/site-packages/airflow/example_dags/example_short_circuit_operator.py
[2022-11-11T05:13:04.576+0000] {logging_mixin.py:117} INFO - [2022-11-11T05:13:04.576+0000] {dag.py:2573} INFO - Sync 1 DAGs
[2022-11-11T05:13:04.652+0000] {logging_mixin.py:117} INFO - [2022-11-11T05:13:04.651+0000] {dag.py:3328} INFO - Setting next_dagrun for example_short_circuit_operator to 2022-11-10T05:13:04.650436+00:00, run_after=2022-11-11T05:13:04.650436+00:00
[2022-11-11T05:13:04.729+0000] {processor.py:178} INFO - Processing /home/airflow/.local/lib/python3.7/site-packages/airflow/example_dags/example_short_circuit_operator.py took 0.668 seconds
[2022-11-11T06:36:23.170+0000] {processor.py:156} INFO - Started process (PID=13966) to work on /home/airflow/.local/lib/python3.7/site-packages/airflow/example_dags/example_short_circuit_operator.py
[2022-11-11T06:36:23.171+0000] {processor.py:758} INFO - Processing file /home/airflow/.local/lib/python3.7/site-packages/airflow/example_dags/example_short_circuit_operator.py for tasks to queue
[2022-11-11T06:36:23.183+0000] {logging_mixin.py:117} INFO - [2022-11-11T06:36:23.183+0000] {dagbag.py:525} INFO - Filling up the DagBag from /home/airflow/.local/lib/python3.7/site-packages/airflow/example_dags/example_short_circuit_operator.py
[2022-11-11T06:36:23.205+0000] {processor.py:768} INFO - DAG(s) dict_keys(['example_short_circuit_operator']) retrieved from /home/airflow/.local/lib/python3.7/site-packages/airflow/example_dags/example_short_circuit_operator.py
[2022-11-11T06:36:23.306+0000] {logging_mixin.py:117} INFO - [2022-11-11T06:36:23.306+0000] {dag.py:2573} INFO - Sync 1 DAGs
[2022-11-11T06:36:23.370+0000] {logging_mixin.py:117} INFO - [2022-11-11T06:36:23.369+0000] {dag.py:3328} INFO - Setting next_dagrun for example_short_circuit_operator to 2022-11-10T06:36:23.369636+00:00, run_after=2022-11-11T06:36:23.369636+00:00
[2022-11-11T06:36:23.417+0000] {processor.py:178} INFO - Processing /home/airflow/.local/lib/python3.7/site-packages/airflow/example_dags/example_short_circuit_operator.py took 0.250 seconds
[2022-11-11T07:56:56.897+0000] {processor.py:156} INFO - Started process (PID=14030) to work on /home/airflow/.local/lib/python3.7/site-packages/airflow/example_dags/example_short_circuit_operator.py
[2022-11-11T07:56:56.901+0000] {processor.py:758} INFO - Processing file /home/airflow/.local/lib/python3.7/site-packages/airflow/example_dags/example_short_circuit_operator.py for tasks to queue
[2022-11-11T07:56:56.902+0000] {logging_mixin.py:117} INFO - [2022-11-11T07:56:56.902+0000] {dagbag.py:525} INFO - Filling up the DagBag from /home/airflow/.local/lib/python3.7/site-packages/airflow/example_dags/example_short_circuit_operator.py
[2022-11-11T07:56:56.922+0000] {processor.py:768} INFO - DAG(s) dict_keys(['example_short_circuit_operator']) retrieved from /home/airflow/.local/lib/python3.7/site-packages/airflow/example_dags/example_short_circuit_operator.py
[2022-11-11T07:56:56.988+0000] {logging_mixin.py:117} INFO - [2022-11-11T07:56:56.988+0000] {dag.py:2573} INFO - Sync 1 DAGs
[2022-11-11T07:56:57.024+0000] {logging_mixin.py:117} INFO - [2022-11-11T07:56:57.024+0000] {dag.py:3328} INFO - Setting next_dagrun for example_short_circuit_operator to 2022-11-10T07:56:57.024029+00:00, run_after=2022-11-11T07:56:57.024029+00:00
[2022-11-11T07:56:57.061+0000] {processor.py:178} INFO - Processing /home/airflow/.local/lib/python3.7/site-packages/airflow/example_dags/example_short_circuit_operator.py took 0.170 seconds
[2022-11-11T09:22:12.132+0000] {processor.py:156} INFO - Started process (PID=14092) to work on /home/airflow/.local/lib/python3.7/site-packages/airflow/example_dags/example_short_circuit_operator.py
[2022-11-11T09:22:12.148+0000] {processor.py:758} INFO - Processing file /home/airflow/.local/lib/python3.7/site-packages/airflow/example_dags/example_short_circuit_operator.py for tasks to queue
[2022-11-11T09:22:12.161+0000] {logging_mixin.py:117} INFO - [2022-11-11T09:22:12.160+0000] {dagbag.py:525} INFO - Filling up the DagBag from /home/airflow/.local/lib/python3.7/site-packages/airflow/example_dags/example_short_circuit_operator.py
[2022-11-11T09:22:12.234+0000] {processor.py:768} INFO - DAG(s) dict_keys(['example_short_circuit_operator']) retrieved from /home/airflow/.local/lib/python3.7/site-packages/airflow/example_dags/example_short_circuit_operator.py
[2022-11-11T09:22:12.528+0000] {logging_mixin.py:117} INFO - [2022-11-11T09:22:12.528+0000] {dag.py:2573} INFO - Sync 1 DAGs
[2022-11-11T09:22:12.651+0000] {logging_mixin.py:117} INFO - [2022-11-11T09:22:12.651+0000] {dag.py:3328} INFO - Setting next_dagrun for example_short_circuit_operator to 2022-11-10T09:22:12.649934+00:00, run_after=2022-11-11T09:22:12.649934+00:00
[2022-11-11T09:22:12.732+0000] {processor.py:178} INFO - Processing /home/airflow/.local/lib/python3.7/site-packages/airflow/example_dags/example_short_circuit_operator.py took 0.609 seconds
[2022-11-11T10:26:39.633+0000] {processor.py:156} INFO - Started process (PID=14149) to work on /home/airflow/.local/lib/python3.7/site-packages/airflow/example_dags/example_short_circuit_operator.py
[2022-11-11T10:26:39.638+0000] {processor.py:758} INFO - Processing file /home/airflow/.local/lib/python3.7/site-packages/airflow/example_dags/example_short_circuit_operator.py for tasks to queue
[2022-11-11T10:26:39.644+0000] {logging_mixin.py:117} INFO - [2022-11-11T10:26:39.643+0000] {dagbag.py:525} INFO - Filling up the DagBag from /home/airflow/.local/lib/python3.7/site-packages/airflow/example_dags/example_short_circuit_operator.py
[2022-11-11T10:26:39.739+0000] {processor.py:768} INFO - DAG(s) dict_keys(['example_short_circuit_operator']) retrieved from /home/airflow/.local/lib/python3.7/site-packages/airflow/example_dags/example_short_circuit_operator.py
[2022-11-11T10:26:40.761+0000] {logging_mixin.py:117} INFO - [2022-11-11T10:26:40.760+0000] {dag.py:2573} INFO - Sync 1 DAGs
[2022-11-11T10:26:40.857+0000] {logging_mixin.py:117} INFO - [2022-11-11T10:26:40.857+0000] {dag.py:3328} INFO - Setting next_dagrun for example_short_circuit_operator to 2022-11-10T10:26:40.856802+00:00, run_after=2022-11-11T10:26:40.856802+00:00
[2022-11-11T10:26:41.095+0000] {processor.py:178} INFO - Processing /home/airflow/.local/lib/python3.7/site-packages/airflow/example_dags/example_short_circuit_operator.py took 1.469 seconds
[2022-11-11T11:52:15.329+0000] {processor.py:156} INFO - Started process (PID=14204) to work on /home/airflow/.local/lib/python3.7/site-packages/airflow/example_dags/example_short_circuit_operator.py
[2022-11-11T11:52:15.332+0000] {processor.py:758} INFO - Processing file /home/airflow/.local/lib/python3.7/site-packages/airflow/example_dags/example_short_circuit_operator.py for tasks to queue
[2022-11-11T11:52:15.336+0000] {logging_mixin.py:117} INFO - [2022-11-11T11:52:15.336+0000] {dagbag.py:525} INFO - Filling up the DagBag from /home/airflow/.local/lib/python3.7/site-packages/airflow/example_dags/example_short_circuit_operator.py
[2022-11-11T11:52:15.358+0000] {processor.py:768} INFO - DAG(s) dict_keys(['example_short_circuit_operator']) retrieved from /home/airflow/.local/lib/python3.7/site-packages/airflow/example_dags/example_short_circuit_operator.py
[2022-11-11T11:52:15.478+0000] {logging_mixin.py:117} INFO - [2022-11-11T11:52:15.478+0000] {dag.py:2573} INFO - Sync 1 DAGs
[2022-11-11T11:52:15.520+0000] {logging_mixin.py:117} INFO - [2022-11-11T11:52:15.519+0000] {dag.py:3328} INFO - Setting next_dagrun for example_short_circuit_operator to 2022-11-10T11:52:15.519453+00:00, run_after=2022-11-11T11:52:15.519453+00:00
[2022-11-11T11:52:15.571+0000] {processor.py:178} INFO - Processing /home/airflow/.local/lib/python3.7/site-packages/airflow/example_dags/example_short_circuit_operator.py took 0.248 seconds
[2022-11-11T13:17:09.066+0000] {processor.py:156} INFO - Started process (PID=14259) to work on /home/airflow/.local/lib/python3.7/site-packages/airflow/example_dags/example_short_circuit_operator.py
[2022-11-11T13:17:09.081+0000] {processor.py:758} INFO - Processing file /home/airflow/.local/lib/python3.7/site-packages/airflow/example_dags/example_short_circuit_operator.py for tasks to queue
[2022-11-11T13:17:09.084+0000] {logging_mixin.py:117} INFO - [2022-11-11T13:17:09.084+0000] {dagbag.py:525} INFO - Filling up the DagBag from /home/airflow/.local/lib/python3.7/site-packages/airflow/example_dags/example_short_circuit_operator.py
[2022-11-11T13:17:09.392+0000] {processor.py:768} INFO - DAG(s) dict_keys(['example_short_circuit_operator']) retrieved from /home/airflow/.local/lib/python3.7/site-packages/airflow/example_dags/example_short_circuit_operator.py
[2022-11-11T13:17:09.490+0000] {logging_mixin.py:117} INFO - [2022-11-11T13:17:09.490+0000] {dag.py:2573} INFO - Sync 1 DAGs
[2022-11-11T13:17:09.559+0000] {logging_mixin.py:117} INFO - [2022-11-11T13:17:09.559+0000] {dag.py:3328} INFO - Setting next_dagrun for example_short_circuit_operator to 2022-11-10T13:17:09.558428+00:00, run_after=2022-11-11T13:17:09.558428+00:00
[2022-11-11T13:17:09.606+0000] {processor.py:178} INFO - Processing /home/airflow/.local/lib/python3.7/site-packages/airflow/example_dags/example_short_circuit_operator.py took 0.547 seconds
[2022-11-11T14:25:08.419+0000] {processor.py:156} INFO - Started process (PID=14323) to work on /home/airflow/.local/lib/python3.7/site-packages/airflow/example_dags/example_short_circuit_operator.py
[2022-11-11T14:25:08.425+0000] {processor.py:758} INFO - Processing file /home/airflow/.local/lib/python3.7/site-packages/airflow/example_dags/example_short_circuit_operator.py for tasks to queue
[2022-11-11T14:25:08.432+0000] {logging_mixin.py:117} INFO - [2022-11-11T14:25:08.432+0000] {dagbag.py:525} INFO - Filling up the DagBag from /home/airflow/.local/lib/python3.7/site-packages/airflow/example_dags/example_short_circuit_operator.py
[2022-11-11T14:25:08.538+0000] {processor.py:768} INFO - DAG(s) dict_keys(['example_short_circuit_operator']) retrieved from /home/airflow/.local/lib/python3.7/site-packages/airflow/example_dags/example_short_circuit_operator.py
[2022-11-11T14:25:08.813+0000] {logging_mixin.py:117} INFO - [2022-11-11T14:25:08.813+0000] {dag.py:2573} INFO - Sync 1 DAGs
[2022-11-11T14:25:08.882+0000] {logging_mixin.py:117} INFO - [2022-11-11T14:25:08.882+0000] {dag.py:3328} INFO - Setting next_dagrun for example_short_circuit_operator to 2022-11-10T14:25:08.882568+00:00, run_after=2022-11-11T14:25:08.882568+00:00
[2022-11-11T14:25:08.908+0000] {processor.py:178} INFO - Processing /home/airflow/.local/lib/python3.7/site-packages/airflow/example_dags/example_short_circuit_operator.py took 0.493 seconds
[2022-11-11T15:45:56.923+0000] {processor.py:156} INFO - Started process (PID=14377) to work on /home/airflow/.local/lib/python3.7/site-packages/airflow/example_dags/example_short_circuit_operator.py
[2022-11-11T15:45:56.948+0000] {processor.py:758} INFO - Processing file /home/airflow/.local/lib/python3.7/site-packages/airflow/example_dags/example_short_circuit_operator.py for tasks to queue
[2022-11-11T15:45:56.960+0000] {logging_mixin.py:117} INFO - [2022-11-11T15:45:56.960+0000] {dagbag.py:525} INFO - Filling up the DagBag from /home/airflow/.local/lib/python3.7/site-packages/airflow/example_dags/example_short_circuit_operator.py
[2022-11-11T15:45:57.241+0000] {processor.py:768} INFO - DAG(s) dict_keys(['example_short_circuit_operator']) retrieved from /home/airflow/.local/lib/python3.7/site-packages/airflow/example_dags/example_short_circuit_operator.py
[2022-11-11T15:45:57.411+0000] {logging_mixin.py:117} INFO - [2022-11-11T15:45:57.411+0000] {dag.py:2573} INFO - Sync 1 DAGs
[2022-11-11T15:45:57.514+0000] {logging_mixin.py:117} INFO - [2022-11-11T15:45:57.514+0000] {dag.py:3328} INFO - Setting next_dagrun for example_short_circuit_operator to 2022-11-10T15:45:57.513396+00:00, run_after=2022-11-11T15:45:57.513396+00:00
[2022-11-11T15:45:57.615+0000] {processor.py:178} INFO - Processing /home/airflow/.local/lib/python3.7/site-packages/airflow/example_dags/example_short_circuit_operator.py took 0.744 seconds
[2022-11-11T17:04:33.653+0000] {processor.py:156} INFO - Started process (PID=14432) to work on /home/airflow/.local/lib/python3.7/site-packages/airflow/example_dags/example_short_circuit_operator.py
[2022-11-11T17:04:33.662+0000] {processor.py:758} INFO - Processing file /home/airflow/.local/lib/python3.7/site-packages/airflow/example_dags/example_short_circuit_operator.py for tasks to queue
[2022-11-11T17:04:33.670+0000] {logging_mixin.py:117} INFO - [2022-11-11T17:04:33.669+0000] {dagbag.py:525} INFO - Filling up the DagBag from /home/airflow/.local/lib/python3.7/site-packages/airflow/example_dags/example_short_circuit_operator.py
[2022-11-11T17:04:33.736+0000] {processor.py:768} INFO - DAG(s) dict_keys(['example_short_circuit_operator']) retrieved from /home/airflow/.local/lib/python3.7/site-packages/airflow/example_dags/example_short_circuit_operator.py
[2022-11-11T17:04:34.262+0000] {logging_mixin.py:117} INFO - [2022-11-11T17:04:34.259+0000] {dag.py:2573} INFO - Sync 1 DAGs
[2022-11-11T17:04:34.581+0000] {logging_mixin.py:117} INFO - [2022-11-11T17:04:34.580+0000] {dag.py:3328} INFO - Setting next_dagrun for example_short_circuit_operator to 2022-11-10T17:04:34.577228+00:00, run_after=2022-11-11T17:04:34.577228+00:00
[2022-11-11T17:04:34.810+0000] {processor.py:178} INFO - Processing /home/airflow/.local/lib/python3.7/site-packages/airflow/example_dags/example_short_circuit_operator.py took 1.161 seconds
[2022-11-11T18:43:51.799+0000] {processor.py:156} INFO - Started process (PID=14487) to work on /home/airflow/.local/lib/python3.7/site-packages/airflow/example_dags/example_short_circuit_operator.py
[2022-11-11T18:43:51.810+0000] {processor.py:758} INFO - Processing file /home/airflow/.local/lib/python3.7/site-packages/airflow/example_dags/example_short_circuit_operator.py for tasks to queue
[2022-11-11T18:43:51.818+0000] {logging_mixin.py:117} INFO - [2022-11-11T18:43:51.817+0000] {dagbag.py:525} INFO - Filling up the DagBag from /home/airflow/.local/lib/python3.7/site-packages/airflow/example_dags/example_short_circuit_operator.py
[2022-11-11T18:43:51.874+0000] {processor.py:768} INFO - DAG(s) dict_keys(['example_short_circuit_operator']) retrieved from /home/airflow/.local/lib/python3.7/site-packages/airflow/example_dags/example_short_circuit_operator.py
[2022-11-11T18:43:52.031+0000] {logging_mixin.py:117} INFO - [2022-11-11T18:43:52.031+0000] {dag.py:2573} INFO - Sync 1 DAGs
[2022-11-11T18:43:52.083+0000] {logging_mixin.py:117} INFO - [2022-11-11T18:43:52.083+0000] {dag.py:3328} INFO - Setting next_dagrun for example_short_circuit_operator to 2022-11-10T18:43:52.082810+00:00, run_after=2022-11-11T18:43:52.082810+00:00
[2022-11-11T18:43:52.156+0000] {processor.py:178} INFO - Processing /home/airflow/.local/lib/python3.7/site-packages/airflow/example_dags/example_short_circuit_operator.py took 0.380 seconds
[2022-11-11T20:08:08.678+0000] {processor.py:156} INFO - Started process (PID=14552) to work on /home/airflow/.local/lib/python3.7/site-packages/airflow/example_dags/example_short_circuit_operator.py
[2022-11-11T20:08:08.680+0000] {processor.py:758} INFO - Processing file /home/airflow/.local/lib/python3.7/site-packages/airflow/example_dags/example_short_circuit_operator.py for tasks to queue
[2022-11-11T20:08:08.682+0000] {logging_mixin.py:117} INFO - [2022-11-11T20:08:08.682+0000] {dagbag.py:525} INFO - Filling up the DagBag from /home/airflow/.local/lib/python3.7/site-packages/airflow/example_dags/example_short_circuit_operator.py
[2022-11-11T20:08:08.694+0000] {processor.py:768} INFO - DAG(s) dict_keys(['example_short_circuit_operator']) retrieved from /home/airflow/.local/lib/python3.7/site-packages/airflow/example_dags/example_short_circuit_operator.py
[2022-11-11T20:08:08.725+0000] {logging_mixin.py:117} INFO - [2022-11-11T20:08:08.725+0000] {dag.py:2573} INFO - Sync 1 DAGs
[2022-11-11T20:08:08.740+0000] {logging_mixin.py:117} INFO - [2022-11-11T20:08:08.740+0000] {dag.py:3328} INFO - Setting next_dagrun for example_short_circuit_operator to 2022-11-10T20:08:08.740721+00:00, run_after=2022-11-11T20:08:08.740721+00:00
[2022-11-11T20:08:08.769+0000] {processor.py:178} INFO - Processing /home/airflow/.local/lib/python3.7/site-packages/airflow/example_dags/example_short_circuit_operator.py took 0.093 seconds
[2022-11-11T21:29:58.553+0000] {processor.py:156} INFO - Started process (PID=14607) to work on /home/airflow/.local/lib/python3.7/site-packages/airflow/example_dags/example_short_circuit_operator.py
[2022-11-11T21:29:58.559+0000] {processor.py:758} INFO - Processing file /home/airflow/.local/lib/python3.7/site-packages/airflow/example_dags/example_short_circuit_operator.py for tasks to queue
[2022-11-11T21:29:58.562+0000] {logging_mixin.py:117} INFO - [2022-11-11T21:29:58.562+0000] {dagbag.py:525} INFO - Filling up the DagBag from /home/airflow/.local/lib/python3.7/site-packages/airflow/example_dags/example_short_circuit_operator.py
[2022-11-11T21:29:58.633+0000] {processor.py:768} INFO - DAG(s) dict_keys(['example_short_circuit_operator']) retrieved from /home/airflow/.local/lib/python3.7/site-packages/airflow/example_dags/example_short_circuit_operator.py
[2022-11-11T21:29:58.744+0000] {logging_mixin.py:117} INFO - [2022-11-11T21:29:58.744+0000] {dag.py:2573} INFO - Sync 1 DAGs
[2022-11-11T21:29:58.821+0000] {logging_mixin.py:117} INFO - [2022-11-11T21:29:58.821+0000] {dag.py:3328} INFO - Setting next_dagrun for example_short_circuit_operator to 2022-11-10T21:29:58.820985+00:00, run_after=2022-11-11T21:29:58.820985+00:00
[2022-11-11T21:29:58.877+0000] {processor.py:178} INFO - Processing /home/airflow/.local/lib/python3.7/site-packages/airflow/example_dags/example_short_circuit_operator.py took 0.331 seconds
[2022-11-11T23:07:53.940+0000] {processor.py:156} INFO - Started process (PID=14661) to work on /home/airflow/.local/lib/python3.7/site-packages/airflow/example_dags/example_short_circuit_operator.py
[2022-11-11T23:07:53.954+0000] {processor.py:758} INFO - Processing file /home/airflow/.local/lib/python3.7/site-packages/airflow/example_dags/example_short_circuit_operator.py for tasks to queue
[2022-11-11T23:07:53.958+0000] {logging_mixin.py:117} INFO - [2022-11-11T23:07:53.958+0000] {dagbag.py:525} INFO - Filling up the DagBag from /home/airflow/.local/lib/python3.7/site-packages/airflow/example_dags/example_short_circuit_operator.py
[2022-11-11T23:07:54.014+0000] {processor.py:768} INFO - DAG(s) dict_keys(['example_short_circuit_operator']) retrieved from /home/airflow/.local/lib/python3.7/site-packages/airflow/example_dags/example_short_circuit_operator.py
[2022-11-11T23:07:54.166+0000] {logging_mixin.py:117} INFO - [2022-11-11T23:07:54.166+0000] {dag.py:2573} INFO - Sync 1 DAGs
[2022-11-11T23:07:54.219+0000] {logging_mixin.py:117} INFO - [2022-11-11T23:07:54.219+0000] {dag.py:3328} INFO - Setting next_dagrun for example_short_circuit_operator to 2022-11-10T23:07:54.218385+00:00, run_after=2022-11-11T23:07:54.218385+00:00
[2022-11-11T23:07:54.262+0000] {processor.py:178} INFO - Processing /home/airflow/.local/lib/python3.7/site-packages/airflow/example_dags/example_short_circuit_operator.py took 0.327 seconds
