[2022-11-11T00:42:40.897+0000] {processor.py:156} INFO - Started process (PID=13749) to work on /home/airflow/.local/lib/python3.7/site-packages/airflow/example_dags/example_branch_operator.py
[2022-11-11T00:42:40.901+0000] {processor.py:758} INFO - Processing file /home/airflow/.local/lib/python3.7/site-packages/airflow/example_dags/example_branch_operator.py for tasks to queue
[2022-11-11T00:42:40.902+0000] {logging_mixin.py:117} INFO - [2022-11-11T00:42:40.902+0000] {dagbag.py:525} INFO - Filling up the DagBag from /home/airflow/.local/lib/python3.7/site-packages/airflow/example_dags/example_branch_operator.py
[2022-11-11T00:42:40.927+0000] {processor.py:768} INFO - DAG(s) dict_keys(['example_branch_operator']) retrieved from /home/airflow/.local/lib/python3.7/site-packages/airflow/example_dags/example_branch_operator.py
[2022-11-11T00:42:40.987+0000] {logging_mixin.py:117} INFO - [2022-11-11T00:42:40.987+0000] {dag.py:2573} INFO - Sync 1 DAGs
[2022-11-11T00:42:41.021+0000] {logging_mixin.py:117} INFO - [2022-11-11T00:42:41.021+0000] {dag.py:3328} INFO - Setting next_dagrun for example_branch_operator to 2022-11-10T00:00:00+00:00, run_after=2022-11-11T00:00:00+00:00
[2022-11-11T00:42:41.057+0000] {processor.py:178} INFO - Processing /home/airflow/.local/lib/python3.7/site-packages/airflow/example_dags/example_branch_operator.py took 0.163 seconds
[2022-11-11T02:27:58.848+0000] {processor.py:156} INFO - Started process (PID=13813) to work on /home/airflow/.local/lib/python3.7/site-packages/airflow/example_dags/example_branch_operator.py
[2022-11-11T02:27:58.852+0000] {processor.py:758} INFO - Processing file /home/airflow/.local/lib/python3.7/site-packages/airflow/example_dags/example_branch_operator.py for tasks to queue
[2022-11-11T02:27:58.854+0000] {logging_mixin.py:117} INFO - [2022-11-11T02:27:58.854+0000] {dagbag.py:525} INFO - Filling up the DagBag from /home/airflow/.local/lib/python3.7/site-packages/airflow/example_dags/example_branch_operator.py
[2022-11-11T02:27:58.893+0000] {processor.py:768} INFO - DAG(s) dict_keys(['example_branch_operator']) retrieved from /home/airflow/.local/lib/python3.7/site-packages/airflow/example_dags/example_branch_operator.py
[2022-11-11T02:27:59.701+0000] {logging_mixin.py:117} INFO - [2022-11-11T02:27:59.697+0000] {dag.py:2573} INFO - Sync 1 DAGs
[2022-11-11T02:27:59.884+0000] {logging_mixin.py:117} INFO - [2022-11-11T02:27:59.883+0000] {dag.py:3328} INFO - Setting next_dagrun for example_branch_operator to 2022-11-10T00:00:00+00:00, run_after=2022-11-11T00:00:00+00:00
[2022-11-11T02:27:59.998+0000] {processor.py:178} INFO - Processing /home/airflow/.local/lib/python3.7/site-packages/airflow/example_dags/example_branch_operator.py took 1.154 seconds
[2022-11-11T03:50:18.568+0000] {processor.py:156} INFO - Started process (PID=13868) to work on /home/airflow/.local/lib/python3.7/site-packages/airflow/example_dags/example_branch_operator.py
[2022-11-11T03:50:18.574+0000] {processor.py:758} INFO - Processing file /home/airflow/.local/lib/python3.7/site-packages/airflow/example_dags/example_branch_operator.py for tasks to queue
[2022-11-11T03:50:18.578+0000] {logging_mixin.py:117} INFO - [2022-11-11T03:50:18.578+0000] {dagbag.py:525} INFO - Filling up the DagBag from /home/airflow/.local/lib/python3.7/site-packages/airflow/example_dags/example_branch_operator.py
[2022-11-11T03:50:18.665+0000] {processor.py:768} INFO - DAG(s) dict_keys(['example_branch_operator']) retrieved from /home/airflow/.local/lib/python3.7/site-packages/airflow/example_dags/example_branch_operator.py
[2022-11-11T03:50:18.860+0000] {logging_mixin.py:117} INFO - [2022-11-11T03:50:18.859+0000] {dag.py:2573} INFO - Sync 1 DAGs
[2022-11-11T03:50:18.914+0000] {logging_mixin.py:117} INFO - [2022-11-11T03:50:18.912+0000] {dag.py:3328} INFO - Setting next_dagrun for example_branch_operator to 2022-11-10T00:00:00+00:00, run_after=2022-11-11T00:00:00+00:00
[2022-11-11T03:50:19.001+0000] {processor.py:178} INFO - Processing /home/airflow/.local/lib/python3.7/site-packages/airflow/example_dags/example_branch_operator.py took 0.487 seconds
[2022-11-11T05:13:10.630+0000] {processor.py:156} INFO - Started process (PID=13930) to work on /home/airflow/.local/lib/python3.7/site-packages/airflow/example_dags/example_branch_operator.py
[2022-11-11T05:13:10.635+0000] {processor.py:758} INFO - Processing file /home/airflow/.local/lib/python3.7/site-packages/airflow/example_dags/example_branch_operator.py for tasks to queue
[2022-11-11T05:13:10.639+0000] {logging_mixin.py:117} INFO - [2022-11-11T05:13:10.638+0000] {dagbag.py:525} INFO - Filling up the DagBag from /home/airflow/.local/lib/python3.7/site-packages/airflow/example_dags/example_branch_operator.py
[2022-11-11T05:13:10.744+0000] {processor.py:768} INFO - DAG(s) dict_keys(['example_branch_operator']) retrieved from /home/airflow/.local/lib/python3.7/site-packages/airflow/example_dags/example_branch_operator.py
[2022-11-11T05:13:10.944+0000] {logging_mixin.py:117} INFO - [2022-11-11T05:13:10.944+0000] {dag.py:2573} INFO - Sync 1 DAGs
[2022-11-11T05:13:11.008+0000] {logging_mixin.py:117} INFO - [2022-11-11T05:13:11.008+0000] {dag.py:3328} INFO - Setting next_dagrun for example_branch_operator to 2022-11-10T00:00:00+00:00, run_after=2022-11-11T00:00:00+00:00
[2022-11-11T05:13:11.069+0000] {processor.py:178} INFO - Processing /home/airflow/.local/lib/python3.7/site-packages/airflow/example_dags/example_branch_operator.py took 0.537 seconds
[2022-11-11T06:36:29.575+0000] {processor.py:156} INFO - Started process (PID=13987) to work on /home/airflow/.local/lib/python3.7/site-packages/airflow/example_dags/example_branch_operator.py
[2022-11-11T06:36:29.580+0000] {processor.py:758} INFO - Processing file /home/airflow/.local/lib/python3.7/site-packages/airflow/example_dags/example_branch_operator.py for tasks to queue
[2022-11-11T06:36:29.582+0000] {logging_mixin.py:117} INFO - [2022-11-11T06:36:29.582+0000] {dagbag.py:525} INFO - Filling up the DagBag from /home/airflow/.local/lib/python3.7/site-packages/airflow/example_dags/example_branch_operator.py
[2022-11-11T06:36:29.633+0000] {processor.py:768} INFO - DAG(s) dict_keys(['example_branch_operator']) retrieved from /home/airflow/.local/lib/python3.7/site-packages/airflow/example_dags/example_branch_operator.py
[2022-11-11T06:36:29.730+0000] {logging_mixin.py:117} INFO - [2022-11-11T06:36:29.730+0000] {dag.py:2573} INFO - Sync 1 DAGs
[2022-11-11T06:36:29.765+0000] {logging_mixin.py:117} INFO - [2022-11-11T06:36:29.764+0000] {dag.py:3328} INFO - Setting next_dagrun for example_branch_operator to 2022-11-10T00:00:00+00:00, run_after=2022-11-11T00:00:00+00:00
[2022-11-11T06:36:29.853+0000] {processor.py:178} INFO - Processing /home/airflow/.local/lib/python3.7/site-packages/airflow/example_dags/example_branch_operator.py took 0.297 seconds
[2022-11-11T07:56:58.743+0000] {processor.py:156} INFO - Started process (PID=14042) to work on /home/airflow/.local/lib/python3.7/site-packages/airflow/example_dags/example_branch_operator.py
[2022-11-11T07:56:58.795+0000] {processor.py:758} INFO - Processing file /home/airflow/.local/lib/python3.7/site-packages/airflow/example_dags/example_branch_operator.py for tasks to queue
[2022-11-11T07:56:58.802+0000] {logging_mixin.py:117} INFO - [2022-11-11T07:56:58.802+0000] {dagbag.py:525} INFO - Filling up the DagBag from /home/airflow/.local/lib/python3.7/site-packages/airflow/example_dags/example_branch_operator.py
[2022-11-11T07:56:59.439+0000] {processor.py:768} INFO - DAG(s) dict_keys(['example_branch_operator']) retrieved from /home/airflow/.local/lib/python3.7/site-packages/airflow/example_dags/example_branch_operator.py
[2022-11-11T07:56:59.646+0000] {logging_mixin.py:117} INFO - [2022-11-11T07:56:59.646+0000] {dag.py:2573} INFO - Sync 1 DAGs
[2022-11-11T07:56:59.721+0000] {logging_mixin.py:117} INFO - [2022-11-11T07:56:59.721+0000] {dag.py:3328} INFO - Setting next_dagrun for example_branch_operator to 2022-11-10T00:00:00+00:00, run_after=2022-11-11T00:00:00+00:00
[2022-11-11T07:56:59.808+0000] {processor.py:178} INFO - Processing /home/airflow/.local/lib/python3.7/site-packages/airflow/example_dags/example_branch_operator.py took 1.068 seconds
[2022-11-11T09:22:17.996+0000] {processor.py:156} INFO - Started process (PID=14106) to work on /home/airflow/.local/lib/python3.7/site-packages/airflow/example_dags/example_branch_operator.py
[2022-11-11T09:22:18.018+0000] {processor.py:758} INFO - Processing file /home/airflow/.local/lib/python3.7/site-packages/airflow/example_dags/example_branch_operator.py for tasks to queue
[2022-11-11T09:22:18.023+0000] {logging_mixin.py:117} INFO - [2022-11-11T09:22:18.023+0000] {dagbag.py:525} INFO - Filling up the DagBag from /home/airflow/.local/lib/python3.7/site-packages/airflow/example_dags/example_branch_operator.py
[2022-11-11T09:22:18.181+0000] {processor.py:768} INFO - DAG(s) dict_keys(['example_branch_operator']) retrieved from /home/airflow/.local/lib/python3.7/site-packages/airflow/example_dags/example_branch_operator.py
[2022-11-11T09:22:18.399+0000] {logging_mixin.py:117} INFO - [2022-11-11T09:22:18.398+0000] {dag.py:2573} INFO - Sync 1 DAGs
[2022-11-11T09:22:18.488+0000] {logging_mixin.py:117} INFO - [2022-11-11T09:22:18.488+0000] {dag.py:3328} INFO - Setting next_dagrun for example_branch_operator to 2022-11-10T00:00:00+00:00, run_after=2022-11-11T00:00:00+00:00
[2022-11-11T09:22:18.689+0000] {processor.py:178} INFO - Processing /home/airflow/.local/lib/python3.7/site-packages/airflow/example_dags/example_branch_operator.py took 0.761 seconds
[2022-11-11T10:26:44.925+0000] {processor.py:156} INFO - Started process (PID=14161) to work on /home/airflow/.local/lib/python3.7/site-packages/airflow/example_dags/example_branch_operator.py
[2022-11-11T10:26:44.930+0000] {processor.py:758} INFO - Processing file /home/airflow/.local/lib/python3.7/site-packages/airflow/example_dags/example_branch_operator.py for tasks to queue
[2022-11-11T10:26:44.932+0000] {logging_mixin.py:117} INFO - [2022-11-11T10:26:44.932+0000] {dagbag.py:525} INFO - Filling up the DagBag from /home/airflow/.local/lib/python3.7/site-packages/airflow/example_dags/example_branch_operator.py
[2022-11-11T10:26:44.996+0000] {processor.py:768} INFO - DAG(s) dict_keys(['example_branch_operator']) retrieved from /home/airflow/.local/lib/python3.7/site-packages/airflow/example_dags/example_branch_operator.py
[2022-11-11T10:26:45.414+0000] {logging_mixin.py:117} INFO - [2022-11-11T10:26:45.414+0000] {dag.py:2573} INFO - Sync 1 DAGs
[2022-11-11T10:26:45.857+0000] {logging_mixin.py:117} INFO - [2022-11-11T10:26:45.856+0000] {dag.py:3328} INFO - Setting next_dagrun for example_branch_operator to 2022-11-10T00:00:00+00:00, run_after=2022-11-11T00:00:00+00:00
[2022-11-11T10:26:45.928+0000] {processor.py:178} INFO - Processing /home/airflow/.local/lib/python3.7/site-packages/airflow/example_dags/example_branch_operator.py took 1.019 seconds
[2022-11-11T11:52:17.243+0000] {processor.py:156} INFO - Started process (PID=14216) to work on /home/airflow/.local/lib/python3.7/site-packages/airflow/example_dags/example_branch_operator.py
[2022-11-11T11:52:17.246+0000] {processor.py:758} INFO - Processing file /home/airflow/.local/lib/python3.7/site-packages/airflow/example_dags/example_branch_operator.py for tasks to queue
[2022-11-11T11:52:17.247+0000] {logging_mixin.py:117} INFO - [2022-11-11T11:52:17.247+0000] {dagbag.py:525} INFO - Filling up the DagBag from /home/airflow/.local/lib/python3.7/site-packages/airflow/example_dags/example_branch_operator.py
[2022-11-11T11:52:17.352+0000] {processor.py:768} INFO - DAG(s) dict_keys(['example_branch_operator']) retrieved from /home/airflow/.local/lib/python3.7/site-packages/airflow/example_dags/example_branch_operator.py
[2022-11-11T11:52:17.691+0000] {logging_mixin.py:117} INFO - [2022-11-11T11:52:17.691+0000] {dag.py:2573} INFO - Sync 1 DAGs
[2022-11-11T11:52:17.762+0000] {logging_mixin.py:117} INFO - [2022-11-11T11:52:17.762+0000] {dag.py:3328} INFO - Setting next_dagrun for example_branch_operator to 2022-11-10T00:00:00+00:00, run_after=2022-11-11T00:00:00+00:00
[2022-11-11T11:52:17.827+0000] {processor.py:178} INFO - Processing /home/airflow/.local/lib/python3.7/site-packages/airflow/example_dags/example_branch_operator.py took 0.589 seconds
[2022-11-11T13:17:11.358+0000] {processor.py:156} INFO - Started process (PID=14271) to work on /home/airflow/.local/lib/python3.7/site-packages/airflow/example_dags/example_branch_operator.py
[2022-11-11T13:17:11.362+0000] {processor.py:758} INFO - Processing file /home/airflow/.local/lib/python3.7/site-packages/airflow/example_dags/example_branch_operator.py for tasks to queue
[2022-11-11T13:17:11.366+0000] {logging_mixin.py:117} INFO - [2022-11-11T13:17:11.365+0000] {dagbag.py:525} INFO - Filling up the DagBag from /home/airflow/.local/lib/python3.7/site-packages/airflow/example_dags/example_branch_operator.py
[2022-11-11T13:17:11.405+0000] {processor.py:768} INFO - DAG(s) dict_keys(['example_branch_operator']) retrieved from /home/airflow/.local/lib/python3.7/site-packages/airflow/example_dags/example_branch_operator.py
[2022-11-11T13:17:11.500+0000] {logging_mixin.py:117} INFO - [2022-11-11T13:17:11.500+0000] {dag.py:2573} INFO - Sync 1 DAGs
[2022-11-11T13:17:11.552+0000] {logging_mixin.py:117} INFO - [2022-11-11T13:17:11.551+0000] {dag.py:3328} INFO - Setting next_dagrun for example_branch_operator to 2022-11-10T00:00:00+00:00, run_after=2022-11-11T00:00:00+00:00
[2022-11-11T13:17:11.578+0000] {processor.py:178} INFO - Processing /home/airflow/.local/lib/python3.7/site-packages/airflow/example_dags/example_branch_operator.py took 0.223 seconds
[2022-11-11T14:25:13.867+0000] {processor.py:156} INFO - Started process (PID=14335) to work on /home/airflow/.local/lib/python3.7/site-packages/airflow/example_dags/example_branch_operator.py
[2022-11-11T14:25:13.885+0000] {processor.py:758} INFO - Processing file /home/airflow/.local/lib/python3.7/site-packages/airflow/example_dags/example_branch_operator.py for tasks to queue
[2022-11-11T14:25:13.891+0000] {logging_mixin.py:117} INFO - [2022-11-11T14:25:13.891+0000] {dagbag.py:525} INFO - Filling up the DagBag from /home/airflow/.local/lib/python3.7/site-packages/airflow/example_dags/example_branch_operator.py
[2022-11-11T14:25:13.991+0000] {processor.py:768} INFO - DAG(s) dict_keys(['example_branch_operator']) retrieved from /home/airflow/.local/lib/python3.7/site-packages/airflow/example_dags/example_branch_operator.py
[2022-11-11T14:25:14.589+0000] {logging_mixin.py:117} INFO - [2022-11-11T14:25:14.587+0000] {dag.py:2573} INFO - Sync 1 DAGs
[2022-11-11T14:25:14.652+0000] {logging_mixin.py:117} INFO - [2022-11-11T14:25:14.652+0000] {dag.py:3328} INFO - Setting next_dagrun for example_branch_operator to 2022-11-10T00:00:00+00:00, run_after=2022-11-11T00:00:00+00:00
[2022-11-11T14:25:14.680+0000] {processor.py:178} INFO - Processing /home/airflow/.local/lib/python3.7/site-packages/airflow/example_dags/example_branch_operator.py took 0.827 seconds
[2022-11-11T15:46:01.644+0000] {processor.py:156} INFO - Started process (PID=14389) to work on /home/airflow/.local/lib/python3.7/site-packages/airflow/example_dags/example_branch_operator.py
[2022-11-11T15:46:01.674+0000] {processor.py:758} INFO - Processing file /home/airflow/.local/lib/python3.7/site-packages/airflow/example_dags/example_branch_operator.py for tasks to queue
[2022-11-11T15:46:01.675+0000] {logging_mixin.py:117} INFO - [2022-11-11T15:46:01.675+0000] {dagbag.py:525} INFO - Filling up the DagBag from /home/airflow/.local/lib/python3.7/site-packages/airflow/example_dags/example_branch_operator.py
[2022-11-11T15:46:01.726+0000] {processor.py:768} INFO - DAG(s) dict_keys(['example_branch_operator']) retrieved from /home/airflow/.local/lib/python3.7/site-packages/airflow/example_dags/example_branch_operator.py
[2022-11-11T15:46:02.101+0000] {logging_mixin.py:117} INFO - [2022-11-11T15:46:02.100+0000] {dag.py:2573} INFO - Sync 1 DAGs
[2022-11-11T15:46:02.156+0000] {logging_mixin.py:117} INFO - [2022-11-11T15:46:02.156+0000] {dag.py:3328} INFO - Setting next_dagrun for example_branch_operator to 2022-11-10T00:00:00+00:00, run_after=2022-11-11T00:00:00+00:00
[2022-11-11T15:46:02.233+0000] {processor.py:178} INFO - Processing /home/airflow/.local/lib/python3.7/site-packages/airflow/example_dags/example_branch_operator.py took 0.596 seconds
[2022-11-11T17:04:36.749+0000] {processor.py:156} INFO - Started process (PID=14444) to work on /home/airflow/.local/lib/python3.7/site-packages/airflow/example_dags/example_branch_operator.py
[2022-11-11T17:04:36.751+0000] {processor.py:758} INFO - Processing file /home/airflow/.local/lib/python3.7/site-packages/airflow/example_dags/example_branch_operator.py for tasks to queue
[2022-11-11T17:04:36.753+0000] {logging_mixin.py:117} INFO - [2022-11-11T17:04:36.753+0000] {dagbag.py:525} INFO - Filling up the DagBag from /home/airflow/.local/lib/python3.7/site-packages/airflow/example_dags/example_branch_operator.py
[2022-11-11T17:04:36.785+0000] {processor.py:768} INFO - DAG(s) dict_keys(['example_branch_operator']) retrieved from /home/airflow/.local/lib/python3.7/site-packages/airflow/example_dags/example_branch_operator.py
[2022-11-11T17:04:36.868+0000] {logging_mixin.py:117} INFO - [2022-11-11T17:04:36.868+0000] {dag.py:2573} INFO - Sync 1 DAGs
[2022-11-11T17:04:36.934+0000] {logging_mixin.py:117} INFO - [2022-11-11T17:04:36.934+0000] {dag.py:3328} INFO - Setting next_dagrun for example_branch_operator to 2022-11-10T00:00:00+00:00, run_after=2022-11-11T00:00:00+00:00
[2022-11-11T17:04:37.015+0000] {processor.py:178} INFO - Processing /home/airflow/.local/lib/python3.7/site-packages/airflow/example_dags/example_branch_operator.py took 0.270 seconds
[2022-11-11T18:43:57.342+0000] {processor.py:156} INFO - Started process (PID=14508) to work on /home/airflow/.local/lib/python3.7/site-packages/airflow/example_dags/example_branch_operator.py
[2022-11-11T18:43:57.348+0000] {processor.py:758} INFO - Processing file /home/airflow/.local/lib/python3.7/site-packages/airflow/example_dags/example_branch_operator.py for tasks to queue
[2022-11-11T18:43:57.349+0000] {logging_mixin.py:117} INFO - [2022-11-11T18:43:57.349+0000] {dagbag.py:525} INFO - Filling up the DagBag from /home/airflow/.local/lib/python3.7/site-packages/airflow/example_dags/example_branch_operator.py
[2022-11-11T18:43:57.403+0000] {processor.py:768} INFO - DAG(s) dict_keys(['example_branch_operator']) retrieved from /home/airflow/.local/lib/python3.7/site-packages/airflow/example_dags/example_branch_operator.py
[2022-11-11T18:43:58.183+0000] {logging_mixin.py:117} INFO - [2022-11-11T18:43:58.181+0000] {dag.py:2573} INFO - Sync 1 DAGs
[2022-11-11T18:43:58.449+0000] {logging_mixin.py:117} INFO - [2022-11-11T18:43:58.448+0000] {dag.py:3328} INFO - Setting next_dagrun for example_branch_operator to 2022-11-10T00:00:00+00:00, run_after=2022-11-11T00:00:00+00:00
[2022-11-11T18:43:58.618+0000] {processor.py:178} INFO - Processing /home/airflow/.local/lib/python3.7/site-packages/airflow/example_dags/example_branch_operator.py took 1.365 seconds
[2022-11-11T20:08:11.982+0000] {processor.py:156} INFO - Started process (PID=14564) to work on /home/airflow/.local/lib/python3.7/site-packages/airflow/example_dags/example_branch_operator.py
[2022-11-11T20:08:11.986+0000] {processor.py:758} INFO - Processing file /home/airflow/.local/lib/python3.7/site-packages/airflow/example_dags/example_branch_operator.py for tasks to queue
[2022-11-11T20:08:11.990+0000] {logging_mixin.py:117} INFO - [2022-11-11T20:08:11.990+0000] {dagbag.py:525} INFO - Filling up the DagBag from /home/airflow/.local/lib/python3.7/site-packages/airflow/example_dags/example_branch_operator.py
[2022-11-11T20:08:12.025+0000] {processor.py:768} INFO - DAG(s) dict_keys(['example_branch_operator']) retrieved from /home/airflow/.local/lib/python3.7/site-packages/airflow/example_dags/example_branch_operator.py
[2022-11-11T20:08:12.093+0000] {logging_mixin.py:117} INFO - [2022-11-11T20:08:12.093+0000] {dag.py:2573} INFO - Sync 1 DAGs
[2022-11-11T20:08:12.153+0000] {logging_mixin.py:117} INFO - [2022-11-11T20:08:12.153+0000] {dag.py:3328} INFO - Setting next_dagrun for example_branch_operator to 2022-11-10T00:00:00+00:00, run_after=2022-11-11T00:00:00+00:00
[2022-11-11T20:08:12.199+0000] {processor.py:178} INFO - Processing /home/airflow/.local/lib/python3.7/site-packages/airflow/example_dags/example_branch_operator.py took 0.221 seconds
[2022-11-11T21:30:01.858+0000] {processor.py:156} INFO - Started process (PID=14619) to work on /home/airflow/.local/lib/python3.7/site-packages/airflow/example_dags/example_branch_operator.py
[2022-11-11T21:30:01.861+0000] {processor.py:758} INFO - Processing file /home/airflow/.local/lib/python3.7/site-packages/airflow/example_dags/example_branch_operator.py for tasks to queue
[2022-11-11T21:30:01.862+0000] {logging_mixin.py:117} INFO - [2022-11-11T21:30:01.862+0000] {dagbag.py:525} INFO - Filling up the DagBag from /home/airflow/.local/lib/python3.7/site-packages/airflow/example_dags/example_branch_operator.py
[2022-11-11T21:30:01.877+0000] {processor.py:768} INFO - DAG(s) dict_keys(['example_branch_operator']) retrieved from /home/airflow/.local/lib/python3.7/site-packages/airflow/example_dags/example_branch_operator.py
[2022-11-11T21:30:01.946+0000] {logging_mixin.py:117} INFO - [2022-11-11T21:30:01.945+0000] {dag.py:2573} INFO - Sync 1 DAGs
[2022-11-11T21:30:02.009+0000] {logging_mixin.py:117} INFO - [2022-11-11T21:30:02.008+0000] {dag.py:3328} INFO - Setting next_dagrun for example_branch_operator to 2022-11-10T00:00:00+00:00, run_after=2022-11-11T00:00:00+00:00
[2022-11-11T21:30:02.072+0000] {processor.py:178} INFO - Processing /home/airflow/.local/lib/python3.7/site-packages/airflow/example_dags/example_branch_operator.py took 0.219 seconds
[2022-11-11T23:08:00.052+0000] {processor.py:156} INFO - Started process (PID=14681) to work on /home/airflow/.local/lib/python3.7/site-packages/airflow/example_dags/example_branch_operator.py
[2022-11-11T23:08:00.068+0000] {processor.py:758} INFO - Processing file /home/airflow/.local/lib/python3.7/site-packages/airflow/example_dags/example_branch_operator.py for tasks to queue
[2022-11-11T23:08:00.074+0000] {logging_mixin.py:117} INFO - [2022-11-11T23:08:00.074+0000] {dagbag.py:525} INFO - Filling up the DagBag from /home/airflow/.local/lib/python3.7/site-packages/airflow/example_dags/example_branch_operator.py
[2022-11-11T23:08:00.171+0000] {processor.py:768} INFO - DAG(s) dict_keys(['example_branch_operator']) retrieved from /home/airflow/.local/lib/python3.7/site-packages/airflow/example_dags/example_branch_operator.py
[2022-11-11T23:08:00.402+0000] {logging_mixin.py:117} INFO - [2022-11-11T23:08:00.402+0000] {dag.py:2573} INFO - Sync 1 DAGs
[2022-11-11T23:08:00.543+0000] {logging_mixin.py:117} INFO - [2022-11-11T23:08:00.543+0000] {dag.py:3328} INFO - Setting next_dagrun for example_branch_operator to 2022-11-10T00:00:00+00:00, run_after=2022-11-11T00:00:00+00:00
[2022-11-11T23:08:00.610+0000] {processor.py:178} INFO - Processing /home/airflow/.local/lib/python3.7/site-packages/airflow/example_dags/example_branch_operator.py took 0.574 seconds
