[2022-11-11T00:42:38.943+0000] {processor.py:156} INFO - Started process (PID=13740) to work on /home/airflow/.local/lib/python3.7/site-packages/airflow/example_dags/example_datasets.py
[2022-11-11T00:42:38.945+0000] {processor.py:758} INFO - Processing file /home/airflow/.local/lib/python3.7/site-packages/airflow/example_dags/example_datasets.py for tasks to queue
[2022-11-11T00:42:38.950+0000] {logging_mixin.py:117} INFO - [2022-11-11T00:42:38.950+0000] {dagbag.py:525} INFO - Filling up the DagBag from /home/airflow/.local/lib/python3.7/site-packages/airflow/example_dags/example_datasets.py
[2022-11-11T00:42:38.993+0000] {processor.py:768} INFO - DAG(s) dict_keys(['dataset_consumes_unknown_never_scheduled', 'dataset_consumes_1', 'dataset_produces_2', 'dataset_consumes_1_and_2', 'dataset_produces_1', 'dataset_consumes_1_never_scheduled']) retrieved from /home/airflow/.local/lib/python3.7/site-packages/airflow/example_dags/example_datasets.py
[2022-11-11T00:42:39.139+0000] {logging_mixin.py:117} INFO - [2022-11-11T00:42:39.139+0000] {dag.py:2573} INFO - Sync 6 DAGs
[2022-11-11T00:42:39.179+0000] {logging_mixin.py:117} INFO - [2022-11-11T00:42:39.179+0000] {dag.py:3328} INFO - Setting next_dagrun for dataset_consumes_1 to None, run_after=None
[2022-11-11T00:42:39.183+0000] {logging_mixin.py:117} INFO - [2022-11-11T00:42:39.183+0000] {dag.py:3328} INFO - Setting next_dagrun for dataset_consumes_1_and_2 to None, run_after=None
[2022-11-11T00:42:39.185+0000] {logging_mixin.py:117} INFO - [2022-11-11T00:42:39.185+0000] {dag.py:3328} INFO - Setting next_dagrun for dataset_consumes_1_never_scheduled to None, run_after=None
[2022-11-11T00:42:39.186+0000] {logging_mixin.py:117} INFO - [2022-11-11T00:42:39.186+0000] {dag.py:3328} INFO - Setting next_dagrun for dataset_consumes_unknown_never_scheduled to None, run_after=None
[2022-11-11T00:42:39.189+0000] {logging_mixin.py:117} INFO - [2022-11-11T00:42:39.189+0000] {dag.py:3328} INFO - Setting next_dagrun for dataset_produces_1 to 2022-11-10T00:00:00+00:00, run_after=2022-11-11T00:00:00+00:00
[2022-11-11T00:42:39.192+0000] {logging_mixin.py:117} INFO - [2022-11-11T00:42:39.192+0000] {dag.py:3328} INFO - Setting next_dagrun for dataset_produces_2 to None, run_after=None
[2022-11-11T00:42:39.234+0000] {processor.py:178} INFO - Processing /home/airflow/.local/lib/python3.7/site-packages/airflow/example_dags/example_datasets.py took 0.294 seconds
[2022-11-11T02:27:55.857+0000] {processor.py:156} INFO - Started process (PID=13804) to work on /home/airflow/.local/lib/python3.7/site-packages/airflow/example_dags/example_datasets.py
[2022-11-11T02:27:55.871+0000] {processor.py:758} INFO - Processing file /home/airflow/.local/lib/python3.7/site-packages/airflow/example_dags/example_datasets.py for tasks to queue
[2022-11-11T02:27:55.875+0000] {logging_mixin.py:117} INFO - [2022-11-11T02:27:55.875+0000] {dagbag.py:525} INFO - Filling up the DagBag from /home/airflow/.local/lib/python3.7/site-packages/airflow/example_dags/example_datasets.py
[2022-11-11T02:27:55.980+0000] {processor.py:768} INFO - DAG(s) dict_keys(['dataset_consumes_1', 'dataset_consumes_1_and_2', 'dataset_produces_2', 'dataset_consumes_1_never_scheduled', 'dataset_produces_1', 'dataset_consumes_unknown_never_scheduled']) retrieved from /home/airflow/.local/lib/python3.7/site-packages/airflow/example_dags/example_datasets.py
[2022-11-11T02:27:56.149+0000] {logging_mixin.py:117} INFO - [2022-11-11T02:27:56.148+0000] {dag.py:2573} INFO - Sync 6 DAGs
[2022-11-11T02:27:56.190+0000] {logging_mixin.py:117} INFO - [2022-11-11T02:27:56.190+0000] {dag.py:3328} INFO - Setting next_dagrun for dataset_consumes_1 to None, run_after=None
[2022-11-11T02:27:56.202+0000] {logging_mixin.py:117} INFO - [2022-11-11T02:27:56.202+0000] {dag.py:3328} INFO - Setting next_dagrun for dataset_consumes_1_and_2 to None, run_after=None
[2022-11-11T02:27:56.205+0000] {logging_mixin.py:117} INFO - [2022-11-11T02:27:56.205+0000] {dag.py:3328} INFO - Setting next_dagrun for dataset_consumes_1_never_scheduled to None, run_after=None
[2022-11-11T02:27:56.208+0000] {logging_mixin.py:117} INFO - [2022-11-11T02:27:56.208+0000] {dag.py:3328} INFO - Setting next_dagrun for dataset_consumes_unknown_never_scheduled to None, run_after=None
[2022-11-11T02:27:56.215+0000] {logging_mixin.py:117} INFO - [2022-11-11T02:27:56.215+0000] {dag.py:3328} INFO - Setting next_dagrun for dataset_produces_1 to 2022-11-10T00:00:00+00:00, run_after=2022-11-11T00:00:00+00:00
[2022-11-11T02:27:56.217+0000] {logging_mixin.py:117} INFO - [2022-11-11T02:27:56.217+0000] {dag.py:3328} INFO - Setting next_dagrun for dataset_produces_2 to None, run_after=None
[2022-11-11T02:27:56.270+0000] {processor.py:178} INFO - Processing /home/airflow/.local/lib/python3.7/site-packages/airflow/example_dags/example_datasets.py took 0.415 seconds
[2022-11-11T03:50:15.005+0000] {processor.py:156} INFO - Started process (PID=13859) to work on /home/airflow/.local/lib/python3.7/site-packages/airflow/example_dags/example_datasets.py
[2022-11-11T03:50:15.017+0000] {processor.py:758} INFO - Processing file /home/airflow/.local/lib/python3.7/site-packages/airflow/example_dags/example_datasets.py for tasks to queue
[2022-11-11T03:50:15.019+0000] {logging_mixin.py:117} INFO - [2022-11-11T03:50:15.019+0000] {dagbag.py:525} INFO - Filling up the DagBag from /home/airflow/.local/lib/python3.7/site-packages/airflow/example_dags/example_datasets.py
[2022-11-11T03:50:15.049+0000] {processor.py:768} INFO - DAG(s) dict_keys(['dataset_consumes_unknown_never_scheduled', 'dataset_consumes_1_and_2', 'dataset_produces_1', 'dataset_consumes_1', 'dataset_produces_2', 'dataset_consumes_1_never_scheduled']) retrieved from /home/airflow/.local/lib/python3.7/site-packages/airflow/example_dags/example_datasets.py
[2022-11-11T03:50:15.125+0000] {logging_mixin.py:117} INFO - [2022-11-11T03:50:15.125+0000] {dag.py:2573} INFO - Sync 6 DAGs
[2022-11-11T03:50:15.175+0000] {logging_mixin.py:117} INFO - [2022-11-11T03:50:15.174+0000] {dag.py:3328} INFO - Setting next_dagrun for dataset_consumes_1 to None, run_after=None
[2022-11-11T03:50:15.182+0000] {logging_mixin.py:117} INFO - [2022-11-11T03:50:15.182+0000] {dag.py:3328} INFO - Setting next_dagrun for dataset_consumes_1_and_2 to None, run_after=None
[2022-11-11T03:50:15.188+0000] {logging_mixin.py:117} INFO - [2022-11-11T03:50:15.188+0000] {dag.py:3328} INFO - Setting next_dagrun for dataset_consumes_1_never_scheduled to None, run_after=None
[2022-11-11T03:50:15.196+0000] {logging_mixin.py:117} INFO - [2022-11-11T03:50:15.195+0000] {dag.py:3328} INFO - Setting next_dagrun for dataset_consumes_unknown_never_scheduled to None, run_after=None
[2022-11-11T03:50:15.201+0000] {logging_mixin.py:117} INFO - [2022-11-11T03:50:15.200+0000] {dag.py:3328} INFO - Setting next_dagrun for dataset_produces_1 to 2022-11-10T00:00:00+00:00, run_after=2022-11-11T00:00:00+00:00
[2022-11-11T03:50:15.203+0000] {logging_mixin.py:117} INFO - [2022-11-11T03:50:15.203+0000] {dag.py:3328} INFO - Setting next_dagrun for dataset_produces_2 to None, run_after=None
[2022-11-11T03:50:15.245+0000] {processor.py:178} INFO - Processing /home/airflow/.local/lib/python3.7/site-packages/airflow/example_dags/example_datasets.py took 0.245 seconds
[2022-11-11T05:13:05.007+0000] {processor.py:156} INFO - Started process (PID=13914) to work on /home/airflow/.local/lib/python3.7/site-packages/airflow/example_dags/example_datasets.py
[2022-11-11T05:13:05.011+0000] {processor.py:758} INFO - Processing file /home/airflow/.local/lib/python3.7/site-packages/airflow/example_dags/example_datasets.py for tasks to queue
[2022-11-11T05:13:05.015+0000] {logging_mixin.py:117} INFO - [2022-11-11T05:13:05.015+0000] {dagbag.py:525} INFO - Filling up the DagBag from /home/airflow/.local/lib/python3.7/site-packages/airflow/example_dags/example_datasets.py
[2022-11-11T05:13:05.064+0000] {processor.py:768} INFO - DAG(s) dict_keys(['dataset_consumes_1', 'dataset_consumes_1_and_2', 'dataset_consumes_unknown_never_scheduled', 'dataset_consumes_1_never_scheduled', 'dataset_produces_2', 'dataset_produces_1']) retrieved from /home/airflow/.local/lib/python3.7/site-packages/airflow/example_dags/example_datasets.py
[2022-11-11T05:13:05.251+0000] {logging_mixin.py:117} INFO - [2022-11-11T05:13:05.251+0000] {dag.py:2573} INFO - Sync 6 DAGs
[2022-11-11T05:13:05.284+0000] {logging_mixin.py:117} INFO - [2022-11-11T05:13:05.284+0000] {dag.py:3328} INFO - Setting next_dagrun for dataset_consumes_1 to None, run_after=None
[2022-11-11T05:13:05.294+0000] {logging_mixin.py:117} INFO - [2022-11-11T05:13:05.294+0000] {dag.py:3328} INFO - Setting next_dagrun for dataset_consumes_1_and_2 to None, run_after=None
[2022-11-11T05:13:05.300+0000] {logging_mixin.py:117} INFO - [2022-11-11T05:13:05.300+0000] {dag.py:3328} INFO - Setting next_dagrun for dataset_consumes_1_never_scheduled to None, run_after=None
[2022-11-11T05:13:05.344+0000] {logging_mixin.py:117} INFO - [2022-11-11T05:13:05.344+0000] {dag.py:3328} INFO - Setting next_dagrun for dataset_consumes_unknown_never_scheduled to None, run_after=None
[2022-11-11T05:13:05.364+0000] {logging_mixin.py:117} INFO - [2022-11-11T05:13:05.364+0000] {dag.py:3328} INFO - Setting next_dagrun for dataset_produces_1 to 2022-11-10T00:00:00+00:00, run_after=2022-11-11T00:00:00+00:00
[2022-11-11T05:13:05.382+0000] {logging_mixin.py:117} INFO - [2022-11-11T05:13:05.382+0000] {dag.py:3328} INFO - Setting next_dagrun for dataset_produces_2 to None, run_after=None
[2022-11-11T05:13:05.640+0000] {processor.py:178} INFO - Processing /home/airflow/.local/lib/python3.7/site-packages/airflow/example_dags/example_datasets.py took 0.666 seconds
[2022-11-11T06:36:23.761+0000] {processor.py:156} INFO - Started process (PID=13969) to work on /home/airflow/.local/lib/python3.7/site-packages/airflow/example_dags/example_datasets.py
[2022-11-11T06:36:23.774+0000] {processor.py:758} INFO - Processing file /home/airflow/.local/lib/python3.7/site-packages/airflow/example_dags/example_datasets.py for tasks to queue
[2022-11-11T06:36:23.782+0000] {logging_mixin.py:117} INFO - [2022-11-11T06:36:23.781+0000] {dagbag.py:525} INFO - Filling up the DagBag from /home/airflow/.local/lib/python3.7/site-packages/airflow/example_dags/example_datasets.py
[2022-11-11T06:36:23.993+0000] {processor.py:768} INFO - DAG(s) dict_keys(['dataset_produces_1', 'dataset_consumes_1_never_scheduled', 'dataset_consumes_1_and_2', 'dataset_consumes_1', 'dataset_consumes_unknown_never_scheduled', 'dataset_produces_2']) retrieved from /home/airflow/.local/lib/python3.7/site-packages/airflow/example_dags/example_datasets.py
[2022-11-11T06:36:24.246+0000] {logging_mixin.py:117} INFO - [2022-11-11T06:36:24.246+0000] {dag.py:2573} INFO - Sync 6 DAGs
[2022-11-11T06:36:24.289+0000] {logging_mixin.py:117} INFO - [2022-11-11T06:36:24.289+0000] {dag.py:3328} INFO - Setting next_dagrun for dataset_consumes_1 to None, run_after=None
[2022-11-11T06:36:24.353+0000] {logging_mixin.py:117} INFO - [2022-11-11T06:36:24.350+0000] {dag.py:3328} INFO - Setting next_dagrun for dataset_consumes_1_and_2 to None, run_after=None
[2022-11-11T06:36:24.370+0000] {logging_mixin.py:117} INFO - [2022-11-11T06:36:24.370+0000] {dag.py:3328} INFO - Setting next_dagrun for dataset_consumes_1_never_scheduled to None, run_after=None
[2022-11-11T06:36:24.374+0000] {logging_mixin.py:117} INFO - [2022-11-11T06:36:24.374+0000] {dag.py:3328} INFO - Setting next_dagrun for dataset_consumes_unknown_never_scheduled to None, run_after=None
[2022-11-11T06:36:24.379+0000] {logging_mixin.py:117} INFO - [2022-11-11T06:36:24.379+0000] {dag.py:3328} INFO - Setting next_dagrun for dataset_produces_1 to 2022-11-10T00:00:00+00:00, run_after=2022-11-11T00:00:00+00:00
[2022-11-11T06:36:24.385+0000] {logging_mixin.py:117} INFO - [2022-11-11T06:36:24.385+0000] {dag.py:3328} INFO - Setting next_dagrun for dataset_produces_2 to None, run_after=None
[2022-11-11T06:36:24.437+0000] {processor.py:178} INFO - Processing /home/airflow/.local/lib/python3.7/site-packages/airflow/example_dags/example_datasets.py took 0.696 seconds
[2022-11-11T07:56:57.289+0000] {processor.py:156} INFO - Started process (PID=14033) to work on /home/airflow/.local/lib/python3.7/site-packages/airflow/example_dags/example_datasets.py
[2022-11-11T07:56:57.293+0000] {processor.py:758} INFO - Processing file /home/airflow/.local/lib/python3.7/site-packages/airflow/example_dags/example_datasets.py for tasks to queue
[2022-11-11T07:56:57.295+0000] {logging_mixin.py:117} INFO - [2022-11-11T07:56:57.295+0000] {dagbag.py:525} INFO - Filling up the DagBag from /home/airflow/.local/lib/python3.7/site-packages/airflow/example_dags/example_datasets.py
[2022-11-11T07:56:57.315+0000] {processor.py:768} INFO - DAG(s) dict_keys(['dataset_consumes_1', 'dataset_consumes_unknown_never_scheduled', 'dataset_consumes_1_never_scheduled', 'dataset_produces_2', 'dataset_produces_1', 'dataset_consumes_1_and_2']) retrieved from /home/airflow/.local/lib/python3.7/site-packages/airflow/example_dags/example_datasets.py
[2022-11-11T07:56:57.386+0000] {logging_mixin.py:117} INFO - [2022-11-11T07:56:57.386+0000] {dag.py:2573} INFO - Sync 6 DAGs
[2022-11-11T07:56:57.416+0000] {logging_mixin.py:117} INFO - [2022-11-11T07:56:57.416+0000] {dag.py:3328} INFO - Setting next_dagrun for dataset_consumes_1 to None, run_after=None
[2022-11-11T07:56:57.423+0000] {logging_mixin.py:117} INFO - [2022-11-11T07:56:57.422+0000] {dag.py:3328} INFO - Setting next_dagrun for dataset_consumes_1_and_2 to None, run_after=None
[2022-11-11T07:56:57.425+0000] {logging_mixin.py:117} INFO - [2022-11-11T07:56:57.425+0000] {dag.py:3328} INFO - Setting next_dagrun for dataset_consumes_1_never_scheduled to None, run_after=None
[2022-11-11T07:56:57.428+0000] {logging_mixin.py:117} INFO - [2022-11-11T07:56:57.428+0000] {dag.py:3328} INFO - Setting next_dagrun for dataset_consumes_unknown_never_scheduled to None, run_after=None
[2022-11-11T07:56:57.431+0000] {logging_mixin.py:117} INFO - [2022-11-11T07:56:57.431+0000] {dag.py:3328} INFO - Setting next_dagrun for dataset_produces_1 to 2022-11-10T00:00:00+00:00, run_after=2022-11-11T00:00:00+00:00
[2022-11-11T07:56:57.433+0000] {logging_mixin.py:117} INFO - [2022-11-11T07:56:57.433+0000] {dag.py:3328} INFO - Setting next_dagrun for dataset_produces_2 to None, run_after=None
[2022-11-11T07:56:57.468+0000] {processor.py:178} INFO - Processing /home/airflow/.local/lib/python3.7/site-packages/airflow/example_dags/example_datasets.py took 0.182 seconds
[2022-11-11T09:22:13.542+0000] {processor.py:156} INFO - Started process (PID=14097) to work on /home/airflow/.local/lib/python3.7/site-packages/airflow/example_dags/example_datasets.py
[2022-11-11T09:22:13.546+0000] {processor.py:758} INFO - Processing file /home/airflow/.local/lib/python3.7/site-packages/airflow/example_dags/example_datasets.py for tasks to queue
[2022-11-11T09:22:13.548+0000] {logging_mixin.py:117} INFO - [2022-11-11T09:22:13.548+0000] {dagbag.py:525} INFO - Filling up the DagBag from /home/airflow/.local/lib/python3.7/site-packages/airflow/example_dags/example_datasets.py
[2022-11-11T09:22:13.574+0000] {processor.py:768} INFO - DAG(s) dict_keys(['dataset_produces_1', 'dataset_consumes_1', 'dataset_produces_2', 'dataset_consumes_1_and_2', 'dataset_consumes_unknown_never_scheduled', 'dataset_consumes_1_never_scheduled']) retrieved from /home/airflow/.local/lib/python3.7/site-packages/airflow/example_dags/example_datasets.py
[2022-11-11T09:22:13.665+0000] {logging_mixin.py:117} INFO - [2022-11-11T09:22:13.665+0000] {dag.py:2573} INFO - Sync 6 DAGs
[2022-11-11T09:22:13.711+0000] {logging_mixin.py:117} INFO - [2022-11-11T09:22:13.711+0000] {dag.py:3328} INFO - Setting next_dagrun for dataset_consumes_1 to None, run_after=None
[2022-11-11T09:22:13.716+0000] {logging_mixin.py:117} INFO - [2022-11-11T09:22:13.716+0000] {dag.py:3328} INFO - Setting next_dagrun for dataset_consumes_1_and_2 to None, run_after=None
[2022-11-11T09:22:13.719+0000] {logging_mixin.py:117} INFO - [2022-11-11T09:22:13.719+0000] {dag.py:3328} INFO - Setting next_dagrun for dataset_consumes_1_never_scheduled to None, run_after=None
[2022-11-11T09:22:13.722+0000] {logging_mixin.py:117} INFO - [2022-11-11T09:22:13.722+0000] {dag.py:3328} INFO - Setting next_dagrun for dataset_consumes_unknown_never_scheduled to None, run_after=None
[2022-11-11T09:22:13.726+0000] {logging_mixin.py:117} INFO - [2022-11-11T09:22:13.726+0000] {dag.py:3328} INFO - Setting next_dagrun for dataset_produces_1 to 2022-11-10T00:00:00+00:00, run_after=2022-11-11T00:00:00+00:00
[2022-11-11T09:22:13.731+0000] {logging_mixin.py:117} INFO - [2022-11-11T09:22:13.731+0000] {dag.py:3328} INFO - Setting next_dagrun for dataset_produces_2 to None, run_after=None
[2022-11-11T09:22:13.779+0000] {processor.py:178} INFO - Processing /home/airflow/.local/lib/python3.7/site-packages/airflow/example_dags/example_datasets.py took 0.241 seconds
[2022-11-11T10:26:42.220+0000] {processor.py:156} INFO - Started process (PID=14152) to work on /home/airflow/.local/lib/python3.7/site-packages/airflow/example_dags/example_datasets.py
[2022-11-11T10:26:42.228+0000] {processor.py:758} INFO - Processing file /home/airflow/.local/lib/python3.7/site-packages/airflow/example_dags/example_datasets.py for tasks to queue
[2022-11-11T10:26:42.235+0000] {logging_mixin.py:117} INFO - [2022-11-11T10:26:42.235+0000] {dagbag.py:525} INFO - Filling up the DagBag from /home/airflow/.local/lib/python3.7/site-packages/airflow/example_dags/example_datasets.py
[2022-11-11T10:26:42.288+0000] {processor.py:768} INFO - DAG(s) dict_keys(['dataset_produces_1', 'dataset_produces_2', 'dataset_consumes_1', 'dataset_consumes_1_never_scheduled', 'dataset_consumes_unknown_never_scheduled', 'dataset_consumes_1_and_2']) retrieved from /home/airflow/.local/lib/python3.7/site-packages/airflow/example_dags/example_datasets.py
[2022-11-11T10:26:42.420+0000] {logging_mixin.py:117} INFO - [2022-11-11T10:26:42.420+0000] {dag.py:2573} INFO - Sync 6 DAGs
[2022-11-11T10:26:42.499+0000] {logging_mixin.py:117} INFO - [2022-11-11T10:26:42.499+0000] {dag.py:3328} INFO - Setting next_dagrun for dataset_consumes_1 to None, run_after=None
[2022-11-11T10:26:42.526+0000] {logging_mixin.py:117} INFO - [2022-11-11T10:26:42.526+0000] {dag.py:3328} INFO - Setting next_dagrun for dataset_consumes_1_and_2 to None, run_after=None
[2022-11-11T10:26:42.531+0000] {logging_mixin.py:117} INFO - [2022-11-11T10:26:42.531+0000] {dag.py:3328} INFO - Setting next_dagrun for dataset_consumes_1_never_scheduled to None, run_after=None
[2022-11-11T10:26:42.540+0000] {logging_mixin.py:117} INFO - [2022-11-11T10:26:42.539+0000] {dag.py:3328} INFO - Setting next_dagrun for dataset_consumes_unknown_never_scheduled to None, run_after=None
[2022-11-11T10:26:42.543+0000] {logging_mixin.py:117} INFO - [2022-11-11T10:26:42.543+0000] {dag.py:3328} INFO - Setting next_dagrun for dataset_produces_1 to 2022-11-10T00:00:00+00:00, run_after=2022-11-11T00:00:00+00:00
[2022-11-11T10:26:42.554+0000] {logging_mixin.py:117} INFO - [2022-11-11T10:26:42.554+0000] {dag.py:3328} INFO - Setting next_dagrun for dataset_produces_2 to None, run_after=None
[2022-11-11T10:26:42.633+0000] {processor.py:178} INFO - Processing /home/airflow/.local/lib/python3.7/site-packages/airflow/example_dags/example_datasets.py took 0.425 seconds
[2022-11-11T11:52:15.811+0000] {processor.py:156} INFO - Started process (PID=14207) to work on /home/airflow/.local/lib/python3.7/site-packages/airflow/example_dags/example_datasets.py
[2022-11-11T11:52:15.829+0000] {processor.py:758} INFO - Processing file /home/airflow/.local/lib/python3.7/site-packages/airflow/example_dags/example_datasets.py for tasks to queue
[2022-11-11T11:52:15.833+0000] {logging_mixin.py:117} INFO - [2022-11-11T11:52:15.832+0000] {dagbag.py:525} INFO - Filling up the DagBag from /home/airflow/.local/lib/python3.7/site-packages/airflow/example_dags/example_datasets.py
[2022-11-11T11:52:15.871+0000] {processor.py:768} INFO - DAG(s) dict_keys(['dataset_produces_1', 'dataset_consumes_1_and_2', 'dataset_consumes_unknown_never_scheduled', 'dataset_consumes_1', 'dataset_consumes_1_never_scheduled', 'dataset_produces_2']) retrieved from /home/airflow/.local/lib/python3.7/site-packages/airflow/example_dags/example_datasets.py
[2022-11-11T11:52:15.934+0000] {logging_mixin.py:117} INFO - [2022-11-11T11:52:15.934+0000] {dag.py:2573} INFO - Sync 6 DAGs
[2022-11-11T11:52:15.964+0000] {logging_mixin.py:117} INFO - [2022-11-11T11:52:15.964+0000] {dag.py:3328} INFO - Setting next_dagrun for dataset_consumes_1 to None, run_after=None
[2022-11-11T11:52:15.967+0000] {logging_mixin.py:117} INFO - [2022-11-11T11:52:15.967+0000] {dag.py:3328} INFO - Setting next_dagrun for dataset_consumes_1_and_2 to None, run_after=None
[2022-11-11T11:52:15.972+0000] {logging_mixin.py:117} INFO - [2022-11-11T11:52:15.972+0000] {dag.py:3328} INFO - Setting next_dagrun for dataset_consumes_1_never_scheduled to None, run_after=None
[2022-11-11T11:52:15.975+0000] {logging_mixin.py:117} INFO - [2022-11-11T11:52:15.975+0000] {dag.py:3328} INFO - Setting next_dagrun for dataset_consumes_unknown_never_scheduled to None, run_after=None
[2022-11-11T11:52:15.983+0000] {logging_mixin.py:117} INFO - [2022-11-11T11:52:15.983+0000] {dag.py:3328} INFO - Setting next_dagrun for dataset_produces_1 to 2022-11-10T00:00:00+00:00, run_after=2022-11-11T00:00:00+00:00
[2022-11-11T11:52:15.985+0000] {logging_mixin.py:117} INFO - [2022-11-11T11:52:15.985+0000] {dag.py:3328} INFO - Setting next_dagrun for dataset_produces_2 to None, run_after=None
[2022-11-11T11:52:16.047+0000] {processor.py:178} INFO - Processing /home/airflow/.local/lib/python3.7/site-packages/airflow/example_dags/example_datasets.py took 0.243 seconds
[2022-11-11T13:17:09.932+0000] {processor.py:156} INFO - Started process (PID=14262) to work on /home/airflow/.local/lib/python3.7/site-packages/airflow/example_dags/example_datasets.py
[2022-11-11T13:17:09.950+0000] {processor.py:758} INFO - Processing file /home/airflow/.local/lib/python3.7/site-packages/airflow/example_dags/example_datasets.py for tasks to queue
[2022-11-11T13:17:09.954+0000] {logging_mixin.py:117} INFO - [2022-11-11T13:17:09.954+0000] {dagbag.py:525} INFO - Filling up the DagBag from /home/airflow/.local/lib/python3.7/site-packages/airflow/example_dags/example_datasets.py
[2022-11-11T13:17:10.039+0000] {processor.py:768} INFO - DAG(s) dict_keys(['dataset_produces_2', 'dataset_consumes_1', 'dataset_consumes_unknown_never_scheduled', 'dataset_consumes_1_never_scheduled', 'dataset_consumes_1_and_2', 'dataset_produces_1']) retrieved from /home/airflow/.local/lib/python3.7/site-packages/airflow/example_dags/example_datasets.py
[2022-11-11T13:17:10.216+0000] {logging_mixin.py:117} INFO - [2022-11-11T13:17:10.216+0000] {dag.py:2573} INFO - Sync 6 DAGs
[2022-11-11T13:17:10.276+0000] {logging_mixin.py:117} INFO - [2022-11-11T13:17:10.275+0000] {dag.py:3328} INFO - Setting next_dagrun for dataset_consumes_1 to None, run_after=None
[2022-11-11T13:17:10.279+0000] {logging_mixin.py:117} INFO - [2022-11-11T13:17:10.279+0000] {dag.py:3328} INFO - Setting next_dagrun for dataset_consumes_1_and_2 to None, run_after=None
[2022-11-11T13:17:10.281+0000] {logging_mixin.py:117} INFO - [2022-11-11T13:17:10.281+0000] {dag.py:3328} INFO - Setting next_dagrun for dataset_consumes_1_never_scheduled to None, run_after=None
[2022-11-11T13:17:10.283+0000] {logging_mixin.py:117} INFO - [2022-11-11T13:17:10.283+0000] {dag.py:3328} INFO - Setting next_dagrun for dataset_consumes_unknown_never_scheduled to None, run_after=None
[2022-11-11T13:17:10.286+0000] {logging_mixin.py:117} INFO - [2022-11-11T13:17:10.286+0000] {dag.py:3328} INFO - Setting next_dagrun for dataset_produces_1 to 2022-11-10T00:00:00+00:00, run_after=2022-11-11T00:00:00+00:00
[2022-11-11T13:17:10.287+0000] {logging_mixin.py:117} INFO - [2022-11-11T13:17:10.287+0000] {dag.py:3328} INFO - Setting next_dagrun for dataset_produces_2 to None, run_after=None
[2022-11-11T13:17:10.330+0000] {processor.py:178} INFO - Processing /home/airflow/.local/lib/python3.7/site-packages/airflow/example_dags/example_datasets.py took 0.407 seconds
[2022-11-11T14:25:09.313+0000] {processor.py:156} INFO - Started process (PID=14326) to work on /home/airflow/.local/lib/python3.7/site-packages/airflow/example_dags/example_datasets.py
[2022-11-11T14:25:09.317+0000] {processor.py:758} INFO - Processing file /home/airflow/.local/lib/python3.7/site-packages/airflow/example_dags/example_datasets.py for tasks to queue
[2022-11-11T14:25:09.321+0000] {logging_mixin.py:117} INFO - [2022-11-11T14:25:09.321+0000] {dagbag.py:525} INFO - Filling up the DagBag from /home/airflow/.local/lib/python3.7/site-packages/airflow/example_dags/example_datasets.py
[2022-11-11T14:25:09.383+0000] {processor.py:768} INFO - DAG(s) dict_keys(['dataset_consumes_1_and_2', 'dataset_produces_1', 'dataset_consumes_unknown_never_scheduled', 'dataset_consumes_1', 'dataset_produces_2', 'dataset_consumes_1_never_scheduled']) retrieved from /home/airflow/.local/lib/python3.7/site-packages/airflow/example_dags/example_datasets.py
[2022-11-11T14:25:09.518+0000] {logging_mixin.py:117} INFO - [2022-11-11T14:25:09.517+0000] {dag.py:2573} INFO - Sync 6 DAGs
[2022-11-11T14:25:09.639+0000] {logging_mixin.py:117} INFO - [2022-11-11T14:25:09.638+0000] {dag.py:3328} INFO - Setting next_dagrun for dataset_consumes_1 to None, run_after=None
[2022-11-11T14:25:09.645+0000] {logging_mixin.py:117} INFO - [2022-11-11T14:25:09.644+0000] {dag.py:3328} INFO - Setting next_dagrun for dataset_consumes_1_and_2 to None, run_after=None
[2022-11-11T14:25:09.649+0000] {logging_mixin.py:117} INFO - [2022-11-11T14:25:09.649+0000] {dag.py:3328} INFO - Setting next_dagrun for dataset_consumes_1_never_scheduled to None, run_after=None
[2022-11-11T14:25:09.657+0000] {logging_mixin.py:117} INFO - [2022-11-11T14:25:09.657+0000] {dag.py:3328} INFO - Setting next_dagrun for dataset_consumes_unknown_never_scheduled to None, run_after=None
[2022-11-11T14:25:09.665+0000] {logging_mixin.py:117} INFO - [2022-11-11T14:25:09.665+0000] {dag.py:3328} INFO - Setting next_dagrun for dataset_produces_1 to 2022-11-10T00:00:00+00:00, run_after=2022-11-11T00:00:00+00:00
[2022-11-11T14:25:09.679+0000] {logging_mixin.py:117} INFO - [2022-11-11T14:25:09.678+0000] {dag.py:3328} INFO - Setting next_dagrun for dataset_produces_2 to None, run_after=None
[2022-11-11T14:25:09.830+0000] {processor.py:178} INFO - Processing /home/airflow/.local/lib/python3.7/site-packages/airflow/example_dags/example_datasets.py took 0.532 seconds
[2022-11-11T15:45:58.178+0000] {processor.py:156} INFO - Started process (PID=14380) to work on /home/airflow/.local/lib/python3.7/site-packages/airflow/example_dags/example_datasets.py
[2022-11-11T15:45:58.197+0000] {processor.py:758} INFO - Processing file /home/airflow/.local/lib/python3.7/site-packages/airflow/example_dags/example_datasets.py for tasks to queue
[2022-11-11T15:45:58.201+0000] {logging_mixin.py:117} INFO - [2022-11-11T15:45:58.200+0000] {dagbag.py:525} INFO - Filling up the DagBag from /home/airflow/.local/lib/python3.7/site-packages/airflow/example_dags/example_datasets.py
[2022-11-11T15:45:58.619+0000] {processor.py:768} INFO - DAG(s) dict_keys(['dataset_produces_2', 'dataset_produces_1', 'dataset_consumes_1', 'dataset_consumes_1_never_scheduled', 'dataset_consumes_unknown_never_scheduled', 'dataset_consumes_1_and_2']) retrieved from /home/airflow/.local/lib/python3.7/site-packages/airflow/example_dags/example_datasets.py
[2022-11-11T15:46:00.274+0000] {logging_mixin.py:117} INFO - [2022-11-11T15:46:00.273+0000] {dag.py:2573} INFO - Sync 6 DAGs
[2022-11-11T15:46:00.474+0000] {logging_mixin.py:117} INFO - [2022-11-11T15:46:00.474+0000] {dag.py:3328} INFO - Setting next_dagrun for dataset_consumes_1 to None, run_after=None
[2022-11-11T15:46:00.483+0000] {logging_mixin.py:117} INFO - [2022-11-11T15:46:00.483+0000] {dag.py:3328} INFO - Setting next_dagrun for dataset_consumes_1_and_2 to None, run_after=None
[2022-11-11T15:46:00.512+0000] {logging_mixin.py:117} INFO - [2022-11-11T15:46:00.511+0000] {dag.py:3328} INFO - Setting next_dagrun for dataset_consumes_1_never_scheduled to None, run_after=None
[2022-11-11T15:46:00.518+0000] {logging_mixin.py:117} INFO - [2022-11-11T15:46:00.518+0000] {dag.py:3328} INFO - Setting next_dagrun for dataset_consumes_unknown_never_scheduled to None, run_after=None
[2022-11-11T15:46:00.523+0000] {logging_mixin.py:117} INFO - [2022-11-11T15:46:00.523+0000] {dag.py:3328} INFO - Setting next_dagrun for dataset_produces_1 to 2022-11-10T00:00:00+00:00, run_after=2022-11-11T00:00:00+00:00
[2022-11-11T15:46:00.527+0000] {logging_mixin.py:117} INFO - [2022-11-11T15:46:00.527+0000] {dag.py:3328} INFO - Setting next_dagrun for dataset_produces_2 to None, run_after=None
[2022-11-11T15:46:00.602+0000] {processor.py:178} INFO - Processing /home/airflow/.local/lib/python3.7/site-packages/airflow/example_dags/example_datasets.py took 2.436 seconds
[2022-11-11T17:04:34.981+0000] {processor.py:156} INFO - Started process (PID=14435) to work on /home/airflow/.local/lib/python3.7/site-packages/airflow/example_dags/example_datasets.py
[2022-11-11T17:04:34.997+0000] {processor.py:758} INFO - Processing file /home/airflow/.local/lib/python3.7/site-packages/airflow/example_dags/example_datasets.py for tasks to queue
[2022-11-11T17:04:35.000+0000] {logging_mixin.py:117} INFO - [2022-11-11T17:04:35.000+0000] {dagbag.py:525} INFO - Filling up the DagBag from /home/airflow/.local/lib/python3.7/site-packages/airflow/example_dags/example_datasets.py
[2022-11-11T17:04:35.057+0000] {processor.py:768} INFO - DAG(s) dict_keys(['dataset_consumes_1', 'dataset_produces_2', 'dataset_produces_1', 'dataset_consumes_1_never_scheduled', 'dataset_consumes_unknown_never_scheduled', 'dataset_consumes_1_and_2']) retrieved from /home/airflow/.local/lib/python3.7/site-packages/airflow/example_dags/example_datasets.py
[2022-11-11T17:04:35.273+0000] {logging_mixin.py:117} INFO - [2022-11-11T17:04:35.273+0000] {dag.py:2573} INFO - Sync 6 DAGs
[2022-11-11T17:04:35.429+0000] {logging_mixin.py:117} INFO - [2022-11-11T17:04:35.429+0000] {dag.py:3328} INFO - Setting next_dagrun for dataset_consumes_1 to None, run_after=None
[2022-11-11T17:04:35.448+0000] {logging_mixin.py:117} INFO - [2022-11-11T17:04:35.448+0000] {dag.py:3328} INFO - Setting next_dagrun for dataset_consumes_1_and_2 to None, run_after=None
[2022-11-11T17:04:35.461+0000] {logging_mixin.py:117} INFO - [2022-11-11T17:04:35.461+0000] {dag.py:3328} INFO - Setting next_dagrun for dataset_consumes_1_never_scheduled to None, run_after=None
[2022-11-11T17:04:35.481+0000] {logging_mixin.py:117} INFO - [2022-11-11T17:04:35.481+0000] {dag.py:3328} INFO - Setting next_dagrun for dataset_consumes_unknown_never_scheduled to None, run_after=None
[2022-11-11T17:04:35.488+0000] {logging_mixin.py:117} INFO - [2022-11-11T17:04:35.488+0000] {dag.py:3328} INFO - Setting next_dagrun for dataset_produces_1 to 2022-11-10T00:00:00+00:00, run_after=2022-11-11T00:00:00+00:00
[2022-11-11T17:04:35.492+0000] {logging_mixin.py:117} INFO - [2022-11-11T17:04:35.492+0000] {dag.py:3328} INFO - Setting next_dagrun for dataset_produces_2 to None, run_after=None
[2022-11-11T17:04:35.640+0000] {processor.py:178} INFO - Processing /home/airflow/.local/lib/python3.7/site-packages/airflow/example_dags/example_datasets.py took 0.664 seconds
[2022-11-11T18:43:52.446+0000] {processor.py:156} INFO - Started process (PID=14490) to work on /home/airflow/.local/lib/python3.7/site-packages/airflow/example_dags/example_datasets.py
[2022-11-11T18:43:52.450+0000] {processor.py:758} INFO - Processing file /home/airflow/.local/lib/python3.7/site-packages/airflow/example_dags/example_datasets.py for tasks to queue
[2022-11-11T18:43:52.452+0000] {logging_mixin.py:117} INFO - [2022-11-11T18:43:52.452+0000] {dagbag.py:525} INFO - Filling up the DagBag from /home/airflow/.local/lib/python3.7/site-packages/airflow/example_dags/example_datasets.py
[2022-11-11T18:43:52.521+0000] {processor.py:768} INFO - DAG(s) dict_keys(['dataset_produces_1', 'dataset_consumes_unknown_never_scheduled', 'dataset_consumes_1_and_2', 'dataset_consumes_1_never_scheduled', 'dataset_consumes_1', 'dataset_produces_2']) retrieved from /home/airflow/.local/lib/python3.7/site-packages/airflow/example_dags/example_datasets.py
[2022-11-11T18:43:52.666+0000] {logging_mixin.py:117} INFO - [2022-11-11T18:43:52.666+0000] {dag.py:2573} INFO - Sync 6 DAGs
[2022-11-11T18:43:52.767+0000] {logging_mixin.py:117} INFO - [2022-11-11T18:43:52.767+0000] {dag.py:3328} INFO - Setting next_dagrun for dataset_consumes_1 to None, run_after=None
[2022-11-11T18:43:52.777+0000] {logging_mixin.py:117} INFO - [2022-11-11T18:43:52.777+0000] {dag.py:3328} INFO - Setting next_dagrun for dataset_consumes_1_and_2 to None, run_after=None
[2022-11-11T18:43:52.780+0000] {logging_mixin.py:117} INFO - [2022-11-11T18:43:52.780+0000] {dag.py:3328} INFO - Setting next_dagrun for dataset_consumes_1_never_scheduled to None, run_after=None
[2022-11-11T18:43:52.783+0000] {logging_mixin.py:117} INFO - [2022-11-11T18:43:52.783+0000] {dag.py:3328} INFO - Setting next_dagrun for dataset_consumes_unknown_never_scheduled to None, run_after=None
[2022-11-11T18:43:52.785+0000] {logging_mixin.py:117} INFO - [2022-11-11T18:43:52.785+0000] {dag.py:3328} INFO - Setting next_dagrun for dataset_produces_1 to 2022-11-10T00:00:00+00:00, run_after=2022-11-11T00:00:00+00:00
[2022-11-11T18:43:52.788+0000] {logging_mixin.py:117} INFO - [2022-11-11T18:43:52.787+0000] {dag.py:3328} INFO - Setting next_dagrun for dataset_produces_2 to None, run_after=None
[2022-11-11T18:43:52.835+0000] {processor.py:178} INFO - Processing /home/airflow/.local/lib/python3.7/site-packages/airflow/example_dags/example_datasets.py took 0.395 seconds
[2022-11-11T20:08:08.958+0000] {processor.py:156} INFO - Started process (PID=14555) to work on /home/airflow/.local/lib/python3.7/site-packages/airflow/example_dags/example_datasets.py
[2022-11-11T20:08:08.964+0000] {processor.py:758} INFO - Processing file /home/airflow/.local/lib/python3.7/site-packages/airflow/example_dags/example_datasets.py for tasks to queue
[2022-11-11T20:08:08.970+0000] {logging_mixin.py:117} INFO - [2022-11-11T20:08:08.969+0000] {dagbag.py:525} INFO - Filling up the DagBag from /home/airflow/.local/lib/python3.7/site-packages/airflow/example_dags/example_datasets.py
[2022-11-11T20:08:09.023+0000] {processor.py:768} INFO - DAG(s) dict_keys(['dataset_consumes_1_and_2', 'dataset_produces_2', 'dataset_produces_1', 'dataset_consumes_unknown_never_scheduled', 'dataset_consumes_1_never_scheduled', 'dataset_consumes_1']) retrieved from /home/airflow/.local/lib/python3.7/site-packages/airflow/example_dags/example_datasets.py
[2022-11-11T20:08:09.331+0000] {logging_mixin.py:117} INFO - [2022-11-11T20:08:09.329+0000] {dag.py:2573} INFO - Sync 6 DAGs
[2022-11-11T20:08:09.489+0000] {logging_mixin.py:117} INFO - [2022-11-11T20:08:09.487+0000] {dag.py:3328} INFO - Setting next_dagrun for dataset_consumes_1 to None, run_after=None
[2022-11-11T20:08:09.503+0000] {logging_mixin.py:117} INFO - [2022-11-11T20:08:09.503+0000] {dag.py:3328} INFO - Setting next_dagrun for dataset_consumes_1_and_2 to None, run_after=None
[2022-11-11T20:08:09.524+0000] {logging_mixin.py:117} INFO - [2022-11-11T20:08:09.524+0000] {dag.py:3328} INFO - Setting next_dagrun for dataset_consumes_1_never_scheduled to None, run_after=None
[2022-11-11T20:08:09.556+0000] {logging_mixin.py:117} INFO - [2022-11-11T20:08:09.556+0000] {dag.py:3328} INFO - Setting next_dagrun for dataset_consumes_unknown_never_scheduled to None, run_after=None
[2022-11-11T20:08:09.573+0000] {logging_mixin.py:117} INFO - [2022-11-11T20:08:09.573+0000] {dag.py:3328} INFO - Setting next_dagrun for dataset_produces_1 to 2022-11-10T00:00:00+00:00, run_after=2022-11-11T00:00:00+00:00
[2022-11-11T20:08:09.588+0000] {logging_mixin.py:117} INFO - [2022-11-11T20:08:09.588+0000] {dag.py:3328} INFO - Setting next_dagrun for dataset_produces_2 to None, run_after=None
[2022-11-11T20:08:09.809+0000] {processor.py:178} INFO - Processing /home/airflow/.local/lib/python3.7/site-packages/airflow/example_dags/example_datasets.py took 0.854 seconds
[2022-11-11T21:29:59.354+0000] {processor.py:156} INFO - Started process (PID=14610) to work on /home/airflow/.local/lib/python3.7/site-packages/airflow/example_dags/example_datasets.py
[2022-11-11T21:29:59.358+0000] {processor.py:758} INFO - Processing file /home/airflow/.local/lib/python3.7/site-packages/airflow/example_dags/example_datasets.py for tasks to queue
[2022-11-11T21:29:59.360+0000] {logging_mixin.py:117} INFO - [2022-11-11T21:29:59.360+0000] {dagbag.py:525} INFO - Filling up the DagBag from /home/airflow/.local/lib/python3.7/site-packages/airflow/example_dags/example_datasets.py
[2022-11-11T21:29:59.420+0000] {processor.py:768} INFO - DAG(s) dict_keys(['dataset_produces_1', 'dataset_produces_2', 'dataset_consumes_1', 'dataset_consumes_unknown_never_scheduled', 'dataset_consumes_1_never_scheduled', 'dataset_consumes_1_and_2']) retrieved from /home/airflow/.local/lib/python3.7/site-packages/airflow/example_dags/example_datasets.py
[2022-11-11T21:29:59.512+0000] {logging_mixin.py:117} INFO - [2022-11-11T21:29:59.511+0000] {dag.py:2573} INFO - Sync 6 DAGs
[2022-11-11T21:29:59.551+0000] {logging_mixin.py:117} INFO - [2022-11-11T21:29:59.550+0000] {dag.py:3328} INFO - Setting next_dagrun for dataset_consumes_1 to None, run_after=None
[2022-11-11T21:29:59.560+0000] {logging_mixin.py:117} INFO - [2022-11-11T21:29:59.560+0000] {dag.py:3328} INFO - Setting next_dagrun for dataset_consumes_1_and_2 to None, run_after=None
[2022-11-11T21:29:59.564+0000] {logging_mixin.py:117} INFO - [2022-11-11T21:29:59.564+0000] {dag.py:3328} INFO - Setting next_dagrun for dataset_consumes_1_never_scheduled to None, run_after=None
[2022-11-11T21:29:59.570+0000] {logging_mixin.py:117} INFO - [2022-11-11T21:29:59.569+0000] {dag.py:3328} INFO - Setting next_dagrun for dataset_consumes_unknown_never_scheduled to None, run_after=None
[2022-11-11T21:29:59.576+0000] {logging_mixin.py:117} INFO - [2022-11-11T21:29:59.576+0000] {dag.py:3328} INFO - Setting next_dagrun for dataset_produces_1 to 2022-11-10T00:00:00+00:00, run_after=2022-11-11T00:00:00+00:00
[2022-11-11T21:29:59.584+0000] {logging_mixin.py:117} INFO - [2022-11-11T21:29:59.584+0000] {dag.py:3328} INFO - Setting next_dagrun for dataset_produces_2 to None, run_after=None
[2022-11-11T21:29:59.667+0000] {processor.py:178} INFO - Processing /home/airflow/.local/lib/python3.7/site-packages/airflow/example_dags/example_datasets.py took 0.320 seconds
[2022-11-11T23:07:55.035+0000] {processor.py:156} INFO - Started process (PID=14670) to work on /home/airflow/.local/lib/python3.7/site-packages/airflow/example_dags/example_datasets.py
[2022-11-11T23:07:55.040+0000] {processor.py:758} INFO - Processing file /home/airflow/.local/lib/python3.7/site-packages/airflow/example_dags/example_datasets.py for tasks to queue
[2022-11-11T23:07:55.044+0000] {logging_mixin.py:117} INFO - [2022-11-11T23:07:55.044+0000] {dagbag.py:525} INFO - Filling up the DagBag from /home/airflow/.local/lib/python3.7/site-packages/airflow/example_dags/example_datasets.py
[2022-11-11T23:07:55.103+0000] {processor.py:768} INFO - DAG(s) dict_keys(['dataset_produces_1', 'dataset_consumes_1_never_scheduled', 'dataset_consumes_1', 'dataset_consumes_unknown_never_scheduled', 'dataset_produces_2', 'dataset_consumes_1_and_2']) retrieved from /home/airflow/.local/lib/python3.7/site-packages/airflow/example_dags/example_datasets.py
[2022-11-11T23:07:55.651+0000] {logging_mixin.py:117} INFO - [2022-11-11T23:07:55.651+0000] {dag.py:2573} INFO - Sync 6 DAGs
[2022-11-11T23:07:55.753+0000] {logging_mixin.py:117} INFO - [2022-11-11T23:07:55.753+0000] {dag.py:3328} INFO - Setting next_dagrun for dataset_consumes_1 to None, run_after=None
[2022-11-11T23:07:55.777+0000] {logging_mixin.py:117} INFO - [2022-11-11T23:07:55.777+0000] {dag.py:3328} INFO - Setting next_dagrun for dataset_consumes_1_and_2 to None, run_after=None
[2022-11-11T23:07:55.783+0000] {logging_mixin.py:117} INFO - [2022-11-11T23:07:55.783+0000] {dag.py:3328} INFO - Setting next_dagrun for dataset_consumes_1_never_scheduled to None, run_after=None
[2022-11-11T23:07:55.789+0000] {logging_mixin.py:117} INFO - [2022-11-11T23:07:55.789+0000] {dag.py:3328} INFO - Setting next_dagrun for dataset_consumes_unknown_never_scheduled to None, run_after=None
[2022-11-11T23:07:55.795+0000] {logging_mixin.py:117} INFO - [2022-11-11T23:07:55.795+0000] {dag.py:3328} INFO - Setting next_dagrun for dataset_produces_1 to 2022-11-10T00:00:00+00:00, run_after=2022-11-11T00:00:00+00:00
[2022-11-11T23:07:55.818+0000] {logging_mixin.py:117} INFO - [2022-11-11T23:07:55.818+0000] {dag.py:3328} INFO - Setting next_dagrun for dataset_produces_2 to None, run_after=None
[2022-11-11T23:07:56.062+0000] {processor.py:178} INFO - Processing /home/airflow/.local/lib/python3.7/site-packages/airflow/example_dags/example_datasets.py took 1.036 seconds
