[2022-11-11T00:42:43.783+0000] {processor.py:156} INFO - Started process (PID=13768) to work on /home/airflow/.local/lib/python3.7/site-packages/airflow/example_dags/example_sla_dag.py
[2022-11-11T00:42:43.794+0000] {processor.py:758} INFO - Processing file /home/airflow/.local/lib/python3.7/site-packages/airflow/example_dags/example_sla_dag.py for tasks to queue
[2022-11-11T00:42:43.797+0000] {logging_mixin.py:117} INFO - [2022-11-11T00:42:43.797+0000] {dagbag.py:525} INFO - Filling up the DagBag from /home/airflow/.local/lib/python3.7/site-packages/airflow/example_dags/example_sla_dag.py
[2022-11-11T00:42:43.852+0000] {processor.py:768} INFO - DAG(s) dict_keys(['example_sla_dag']) retrieved from /home/airflow/.local/lib/python3.7/site-packages/airflow/example_dags/example_sla_dag.py
[2022-11-11T00:42:43.952+0000] {logging_mixin.py:117} INFO - [2022-11-11T00:42:43.952+0000] {dag.py:2573} INFO - Sync 1 DAGs
[2022-11-11T00:42:44.011+0000] {logging_mixin.py:117} INFO - [2022-11-11T00:42:44.011+0000] {dag.py:3328} INFO - Setting next_dagrun for example_sla_dag to 2022-11-11T00:40:00+00:00, run_after=2022-11-11T00:42:00+00:00
[2022-11-11T00:42:44.066+0000] {processor.py:178} INFO - Processing /home/airflow/.local/lib/python3.7/site-packages/airflow/example_dags/example_sla_dag.py took 0.315 seconds
[2022-11-11T02:28:01.984+0000] {processor.py:156} INFO - Started process (PID=13825) to work on /home/airflow/.local/lib/python3.7/site-packages/airflow/example_dags/example_sla_dag.py
[2022-11-11T02:28:01.991+0000] {processor.py:758} INFO - Processing file /home/airflow/.local/lib/python3.7/site-packages/airflow/example_dags/example_sla_dag.py for tasks to queue
[2022-11-11T02:28:01.994+0000] {logging_mixin.py:117} INFO - [2022-11-11T02:28:01.994+0000] {dagbag.py:525} INFO - Filling up the DagBag from /home/airflow/.local/lib/python3.7/site-packages/airflow/example_dags/example_sla_dag.py
[2022-11-11T02:28:02.047+0000] {processor.py:768} INFO - DAG(s) dict_keys(['example_sla_dag']) retrieved from /home/airflow/.local/lib/python3.7/site-packages/airflow/example_dags/example_sla_dag.py
[2022-11-11T02:28:02.180+0000] {logging_mixin.py:117} INFO - [2022-11-11T02:28:02.180+0000] {dag.py:2573} INFO - Sync 1 DAGs
[2022-11-11T02:28:02.266+0000] {logging_mixin.py:117} INFO - [2022-11-11T02:28:02.266+0000] {dag.py:3328} INFO - Setting next_dagrun for example_sla_dag to 2022-11-11T02:26:00+00:00, run_after=2022-11-11T02:28:00+00:00
[2022-11-11T02:28:02.408+0000] {processor.py:178} INFO - Processing /home/airflow/.local/lib/python3.7/site-packages/airflow/example_dags/example_sla_dag.py took 0.428 seconds
[2022-11-11T03:50:23.519+0000] {processor.py:156} INFO - Started process (PID=13880) to work on /home/airflow/.local/lib/python3.7/site-packages/airflow/example_dags/example_sla_dag.py
[2022-11-11T03:50:23.523+0000] {processor.py:758} INFO - Processing file /home/airflow/.local/lib/python3.7/site-packages/airflow/example_dags/example_sla_dag.py for tasks to queue
[2022-11-11T03:50:23.525+0000] {logging_mixin.py:117} INFO - [2022-11-11T03:50:23.524+0000] {dagbag.py:525} INFO - Filling up the DagBag from /home/airflow/.local/lib/python3.7/site-packages/airflow/example_dags/example_sla_dag.py
[2022-11-11T03:50:23.644+0000] {processor.py:768} INFO - DAG(s) dict_keys(['example_sla_dag']) retrieved from /home/airflow/.local/lib/python3.7/site-packages/airflow/example_dags/example_sla_dag.py
[2022-11-11T03:50:24.041+0000] {logging_mixin.py:117} INFO - [2022-11-11T03:50:24.041+0000] {dag.py:2573} INFO - Sync 1 DAGs
[2022-11-11T03:50:24.118+0000] {logging_mixin.py:117} INFO - [2022-11-11T03:50:24.118+0000] {dag.py:3328} INFO - Setting next_dagrun for example_sla_dag to 2022-11-11T03:48:00+00:00, run_after=2022-11-11T03:50:00+00:00
[2022-11-11T03:50:24.181+0000] {processor.py:178} INFO - Processing /home/airflow/.local/lib/python3.7/site-packages/airflow/example_dags/example_sla_dag.py took 0.675 seconds
[2022-11-11T05:13:13.751+0000] {processor.py:156} INFO - Started process (PID=13944) to work on /home/airflow/.local/lib/python3.7/site-packages/airflow/example_dags/example_sla_dag.py
[2022-11-11T05:13:13.756+0000] {processor.py:758} INFO - Processing file /home/airflow/.local/lib/python3.7/site-packages/airflow/example_dags/example_sla_dag.py for tasks to queue
[2022-11-11T05:13:13.762+0000] {logging_mixin.py:117} INFO - [2022-11-11T05:13:13.762+0000] {dagbag.py:525} INFO - Filling up the DagBag from /home/airflow/.local/lib/python3.7/site-packages/airflow/example_dags/example_sla_dag.py
[2022-11-11T05:13:13.913+0000] {processor.py:768} INFO - DAG(s) dict_keys(['example_sla_dag']) retrieved from /home/airflow/.local/lib/python3.7/site-packages/airflow/example_dags/example_sla_dag.py
[2022-11-11T05:13:13.995+0000] {logging_mixin.py:117} INFO - [2022-11-11T05:13:13.995+0000] {dag.py:2573} INFO - Sync 1 DAGs
[2022-11-11T05:13:14.094+0000] {logging_mixin.py:117} INFO - [2022-11-11T05:13:14.093+0000] {dag.py:3328} INFO - Setting next_dagrun for example_sla_dag to 2022-11-11T05:10:00+00:00, run_after=2022-11-11T05:12:00+00:00
[2022-11-11T05:13:14.171+0000] {processor.py:178} INFO - Processing /home/airflow/.local/lib/python3.7/site-packages/airflow/example_dags/example_sla_dag.py took 0.425 seconds
[2022-11-11T06:36:32.848+0000] {processor.py:156} INFO - Started process (PID=13999) to work on /home/airflow/.local/lib/python3.7/site-packages/airflow/example_dags/example_sla_dag.py
[2022-11-11T06:36:32.858+0000] {processor.py:758} INFO - Processing file /home/airflow/.local/lib/python3.7/site-packages/airflow/example_dags/example_sla_dag.py for tasks to queue
[2022-11-11T06:36:32.860+0000] {logging_mixin.py:117} INFO - [2022-11-11T06:36:32.860+0000] {dagbag.py:525} INFO - Filling up the DagBag from /home/airflow/.local/lib/python3.7/site-packages/airflow/example_dags/example_sla_dag.py
[2022-11-11T06:36:32.898+0000] {processor.py:768} INFO - DAG(s) dict_keys(['example_sla_dag']) retrieved from /home/airflow/.local/lib/python3.7/site-packages/airflow/example_dags/example_sla_dag.py
[2022-11-11T06:36:32.969+0000] {logging_mixin.py:117} INFO - [2022-11-11T06:36:32.969+0000] {dag.py:2573} INFO - Sync 1 DAGs
[2022-11-11T06:36:33.017+0000] {logging_mixin.py:117} INFO - [2022-11-11T06:36:33.012+0000] {dag.py:3328} INFO - Setting next_dagrun for example_sla_dag to 2022-11-11T06:34:00+00:00, run_after=2022-11-11T06:36:00+00:00
[2022-11-11T06:36:33.052+0000] {processor.py:178} INFO - Processing /home/airflow/.local/lib/python3.7/site-packages/airflow/example_dags/example_sla_dag.py took 0.209 seconds
[2022-11-11T07:57:03.608+0000] {processor.py:156} INFO - Started process (PID=14054) to work on /home/airflow/.local/lib/python3.7/site-packages/airflow/example_dags/example_sla_dag.py
[2022-11-11T07:57:03.619+0000] {processor.py:758} INFO - Processing file /home/airflow/.local/lib/python3.7/site-packages/airflow/example_dags/example_sla_dag.py for tasks to queue
[2022-11-11T07:57:03.623+0000] {logging_mixin.py:117} INFO - [2022-11-11T07:57:03.622+0000] {dagbag.py:525} INFO - Filling up the DagBag from /home/airflow/.local/lib/python3.7/site-packages/airflow/example_dags/example_sla_dag.py
[2022-11-11T07:57:03.821+0000] {processor.py:768} INFO - DAG(s) dict_keys(['example_sla_dag']) retrieved from /home/airflow/.local/lib/python3.7/site-packages/airflow/example_dags/example_sla_dag.py
[2022-11-11T07:57:04.744+0000] {logging_mixin.py:117} INFO - [2022-11-11T07:57:04.744+0000] {dag.py:2573} INFO - Sync 1 DAGs
[2022-11-11T07:57:04.893+0000] {logging_mixin.py:117} INFO - [2022-11-11T07:57:04.893+0000] {dag.py:3328} INFO - Setting next_dagrun for example_sla_dag to 2022-11-11T07:54:00+00:00, run_after=2022-11-11T07:56:00+00:00
[2022-11-11T07:57:04.951+0000] {processor.py:178} INFO - Processing /home/airflow/.local/lib/python3.7/site-packages/airflow/example_dags/example_sla_dag.py took 1.455 seconds
[2022-11-11T09:22:28.834+0000] {processor.py:156} INFO - Started process (PID=14128) to work on /home/airflow/.local/lib/python3.7/site-packages/airflow/example_dags/example_sla_dag.py
[2022-11-11T09:22:28.836+0000] {processor.py:758} INFO - Processing file /home/airflow/.local/lib/python3.7/site-packages/airflow/example_dags/example_sla_dag.py for tasks to queue
[2022-11-11T09:22:28.841+0000] {logging_mixin.py:117} INFO - [2022-11-11T09:22:28.841+0000] {dagbag.py:525} INFO - Filling up the DagBag from /home/airflow/.local/lib/python3.7/site-packages/airflow/example_dags/example_sla_dag.py
[2022-11-11T09:22:28.880+0000] {processor.py:768} INFO - DAG(s) dict_keys(['example_sla_dag']) retrieved from /home/airflow/.local/lib/python3.7/site-packages/airflow/example_dags/example_sla_dag.py
[2022-11-11T09:22:29.013+0000] {logging_mixin.py:117} INFO - [2022-11-11T09:22:29.013+0000] {dag.py:2573} INFO - Sync 1 DAGs
[2022-11-11T09:22:29.076+0000] {logging_mixin.py:117} INFO - [2022-11-11T09:22:29.076+0000] {dag.py:3328} INFO - Setting next_dagrun for example_sla_dag to 2022-11-11T09:20:00+00:00, run_after=2022-11-11T09:22:00+00:00
[2022-11-11T09:22:29.123+0000] {processor.py:178} INFO - Processing /home/airflow/.local/lib/python3.7/site-packages/airflow/example_dags/example_sla_dag.py took 0.291 seconds
[2022-11-11T10:26:50.618+0000] {processor.py:156} INFO - Started process (PID=14173) to work on /home/airflow/.local/lib/python3.7/site-packages/airflow/example_dags/example_sla_dag.py
[2022-11-11T10:26:50.624+0000] {processor.py:758} INFO - Processing file /home/airflow/.local/lib/python3.7/site-packages/airflow/example_dags/example_sla_dag.py for tasks to queue
[2022-11-11T10:26:50.629+0000] {logging_mixin.py:117} INFO - [2022-11-11T10:26:50.629+0000] {dagbag.py:525} INFO - Filling up the DagBag from /home/airflow/.local/lib/python3.7/site-packages/airflow/example_dags/example_sla_dag.py
[2022-11-11T10:26:50.651+0000] {processor.py:768} INFO - DAG(s) dict_keys(['example_sla_dag']) retrieved from /home/airflow/.local/lib/python3.7/site-packages/airflow/example_dags/example_sla_dag.py
[2022-11-11T10:26:50.722+0000] {logging_mixin.py:117} INFO - [2022-11-11T10:26:50.722+0000] {dag.py:2573} INFO - Sync 1 DAGs
[2022-11-11T10:26:50.798+0000] {logging_mixin.py:117} INFO - [2022-11-11T10:26:50.798+0000] {dag.py:3328} INFO - Setting next_dagrun for example_sla_dag to 2022-11-11T10:24:00+00:00, run_after=2022-11-11T10:26:00+00:00
[2022-11-11T10:26:50.870+0000] {processor.py:178} INFO - Processing /home/airflow/.local/lib/python3.7/site-packages/airflow/example_dags/example_sla_dag.py took 0.255 seconds
[2022-11-11T11:52:23.704+0000] {processor.py:156} INFO - Started process (PID=14235) to work on /home/airflow/.local/lib/python3.7/site-packages/airflow/example_dags/example_sla_dag.py
[2022-11-11T11:52:23.709+0000] {processor.py:758} INFO - Processing file /home/airflow/.local/lib/python3.7/site-packages/airflow/example_dags/example_sla_dag.py for tasks to queue
[2022-11-11T11:52:23.715+0000] {logging_mixin.py:117} INFO - [2022-11-11T11:52:23.713+0000] {dagbag.py:525} INFO - Filling up the DagBag from /home/airflow/.local/lib/python3.7/site-packages/airflow/example_dags/example_sla_dag.py
[2022-11-11T11:52:23.811+0000] {processor.py:768} INFO - DAG(s) dict_keys(['example_sla_dag']) retrieved from /home/airflow/.local/lib/python3.7/site-packages/airflow/example_dags/example_sla_dag.py
[2022-11-11T11:52:23.926+0000] {logging_mixin.py:117} INFO - [2022-11-11T11:52:23.925+0000] {dag.py:2573} INFO - Sync 1 DAGs
[2022-11-11T11:52:23.989+0000] {logging_mixin.py:117} INFO - [2022-11-11T11:52:23.989+0000] {dag.py:3328} INFO - Setting next_dagrun for example_sla_dag to 2022-11-11T11:50:00+00:00, run_after=2022-11-11T11:52:00+00:00
[2022-11-11T11:52:24.061+0000] {processor.py:178} INFO - Processing /home/airflow/.local/lib/python3.7/site-packages/airflow/example_dags/example_sla_dag.py took 0.361 seconds
[2022-11-11T13:17:17.622+0000] {processor.py:156} INFO - Started process (PID=14292) to work on /home/airflow/.local/lib/python3.7/site-packages/airflow/example_dags/example_sla_dag.py
[2022-11-11T13:17:17.634+0000] {processor.py:758} INFO - Processing file /home/airflow/.local/lib/python3.7/site-packages/airflow/example_dags/example_sla_dag.py for tasks to queue
[2022-11-11T13:17:17.637+0000] {logging_mixin.py:117} INFO - [2022-11-11T13:17:17.637+0000] {dagbag.py:525} INFO - Filling up the DagBag from /home/airflow/.local/lib/python3.7/site-packages/airflow/example_dags/example_sla_dag.py
[2022-11-11T13:17:17.689+0000] {processor.py:768} INFO - DAG(s) dict_keys(['example_sla_dag']) retrieved from /home/airflow/.local/lib/python3.7/site-packages/airflow/example_dags/example_sla_dag.py
[2022-11-11T13:17:17.765+0000] {logging_mixin.py:117} INFO - [2022-11-11T13:17:17.765+0000] {dag.py:2573} INFO - Sync 1 DAGs
[2022-11-11T13:17:17.804+0000] {logging_mixin.py:117} INFO - [2022-11-11T13:17:17.804+0000] {dag.py:3328} INFO - Setting next_dagrun for example_sla_dag to 2022-11-11T13:14:00+00:00, run_after=2022-11-11T13:16:00+00:00
[2022-11-11T13:17:17.824+0000] {processor.py:178} INFO - Processing /home/airflow/.local/lib/python3.7/site-packages/airflow/example_dags/example_sla_dag.py took 0.207 seconds
[2022-11-11T14:25:16.188+0000] {processor.py:156} INFO - Started process (PID=14347) to work on /home/airflow/.local/lib/python3.7/site-packages/airflow/example_dags/example_sla_dag.py
[2022-11-11T14:25:16.192+0000] {processor.py:758} INFO - Processing file /home/airflow/.local/lib/python3.7/site-packages/airflow/example_dags/example_sla_dag.py for tasks to queue
[2022-11-11T14:25:16.196+0000] {logging_mixin.py:117} INFO - [2022-11-11T14:25:16.196+0000] {dagbag.py:525} INFO - Filling up the DagBag from /home/airflow/.local/lib/python3.7/site-packages/airflow/example_dags/example_sla_dag.py
[2022-11-11T14:25:16.245+0000] {processor.py:768} INFO - DAG(s) dict_keys(['example_sla_dag']) retrieved from /home/airflow/.local/lib/python3.7/site-packages/airflow/example_dags/example_sla_dag.py
[2022-11-11T14:25:16.317+0000] {logging_mixin.py:117} INFO - [2022-11-11T14:25:16.317+0000] {dag.py:2573} INFO - Sync 1 DAGs
[2022-11-11T14:25:16.343+0000] {logging_mixin.py:117} INFO - [2022-11-11T14:25:16.343+0000] {dag.py:3328} INFO - Setting next_dagrun for example_sla_dag to 2022-11-11T14:22:00+00:00, run_after=2022-11-11T14:24:00+00:00
[2022-11-11T14:25:16.366+0000] {processor.py:178} INFO - Processing /home/airflow/.local/lib/python3.7/site-packages/airflow/example_dags/example_sla_dag.py took 0.181 seconds
[2022-11-11T15:46:04.597+0000] {processor.py:156} INFO - Started process (PID=14401) to work on /home/airflow/.local/lib/python3.7/site-packages/airflow/example_dags/example_sla_dag.py
[2022-11-11T15:46:04.600+0000] {processor.py:758} INFO - Processing file /home/airflow/.local/lib/python3.7/site-packages/airflow/example_dags/example_sla_dag.py for tasks to queue
[2022-11-11T15:46:04.603+0000] {logging_mixin.py:117} INFO - [2022-11-11T15:46:04.603+0000] {dagbag.py:525} INFO - Filling up the DagBag from /home/airflow/.local/lib/python3.7/site-packages/airflow/example_dags/example_sla_dag.py
[2022-11-11T15:46:04.939+0000] {processor.py:768} INFO - DAG(s) dict_keys(['example_sla_dag']) retrieved from /home/airflow/.local/lib/python3.7/site-packages/airflow/example_dags/example_sla_dag.py
[2022-11-11T15:46:05.026+0000] {logging_mixin.py:117} INFO - [2022-11-11T15:46:05.025+0000] {dag.py:2573} INFO - Sync 1 DAGs
[2022-11-11T15:46:05.118+0000] {logging_mixin.py:117} INFO - [2022-11-11T15:46:05.118+0000] {dag.py:3328} INFO - Setting next_dagrun for example_sla_dag to 2022-11-11T15:44:00+00:00, run_after=2022-11-11T15:46:00+00:00
[2022-11-11T15:46:05.212+0000] {processor.py:178} INFO - Processing /home/airflow/.local/lib/python3.7/site-packages/airflow/example_dags/example_sla_dag.py took 0.617 seconds
[2022-11-11T17:04:44.571+0000] {processor.py:156} INFO - Started process (PID=14465) to work on /home/airflow/.local/lib/python3.7/site-packages/airflow/example_dags/example_sla_dag.py
[2022-11-11T17:04:44.581+0000] {processor.py:758} INFO - Processing file /home/airflow/.local/lib/python3.7/site-packages/airflow/example_dags/example_sla_dag.py for tasks to queue
[2022-11-11T17:04:44.587+0000] {logging_mixin.py:117} INFO - [2022-11-11T17:04:44.587+0000] {dagbag.py:525} INFO - Filling up the DagBag from /home/airflow/.local/lib/python3.7/site-packages/airflow/example_dags/example_sla_dag.py
[2022-11-11T17:04:44.652+0000] {processor.py:768} INFO - DAG(s) dict_keys(['example_sla_dag']) retrieved from /home/airflow/.local/lib/python3.7/site-packages/airflow/example_dags/example_sla_dag.py
[2022-11-11T17:04:44.710+0000] {logging_mixin.py:117} INFO - [2022-11-11T17:04:44.709+0000] {dag.py:2573} INFO - Sync 1 DAGs
[2022-11-11T17:04:44.750+0000] {logging_mixin.py:117} INFO - [2022-11-11T17:04:44.750+0000] {dag.py:3328} INFO - Setting next_dagrun for example_sla_dag to 2022-11-11T17:02:00+00:00, run_after=2022-11-11T17:04:00+00:00
[2022-11-11T17:04:44.795+0000] {processor.py:178} INFO - Processing /home/airflow/.local/lib/python3.7/site-packages/airflow/example_dags/example_sla_dag.py took 0.252 seconds
[2022-11-11T18:44:00.664+0000] {processor.py:156} INFO - Started process (PID=14520) to work on /home/airflow/.local/lib/python3.7/site-packages/airflow/example_dags/example_sla_dag.py
[2022-11-11T18:44:00.668+0000] {processor.py:758} INFO - Processing file /home/airflow/.local/lib/python3.7/site-packages/airflow/example_dags/example_sla_dag.py for tasks to queue
[2022-11-11T18:44:00.670+0000] {logging_mixin.py:117} INFO - [2022-11-11T18:44:00.670+0000] {dagbag.py:525} INFO - Filling up the DagBag from /home/airflow/.local/lib/python3.7/site-packages/airflow/example_dags/example_sla_dag.py
[2022-11-11T18:44:00.702+0000] {processor.py:768} INFO - DAG(s) dict_keys(['example_sla_dag']) retrieved from /home/airflow/.local/lib/python3.7/site-packages/airflow/example_dags/example_sla_dag.py
[2022-11-11T18:44:00.983+0000] {logging_mixin.py:117} INFO - [2022-11-11T18:44:00.983+0000] {dag.py:2573} INFO - Sync 1 DAGs
[2022-11-11T18:44:01.084+0000] {logging_mixin.py:117} INFO - [2022-11-11T18:44:01.084+0000] {dag.py:3328} INFO - Setting next_dagrun for example_sla_dag to 2022-11-11T18:42:00+00:00, run_after=2022-11-11T18:44:00+00:00
[2022-11-11T18:44:01.154+0000] {processor.py:178} INFO - Processing /home/airflow/.local/lib/python3.7/site-packages/airflow/example_dags/example_sla_dag.py took 0.493 seconds
[2022-11-11T20:08:17.361+0000] {processor.py:156} INFO - Started process (PID=14576) to work on /home/airflow/.local/lib/python3.7/site-packages/airflow/example_dags/example_sla_dag.py
[2022-11-11T20:08:17.364+0000] {processor.py:758} INFO - Processing file /home/airflow/.local/lib/python3.7/site-packages/airflow/example_dags/example_sla_dag.py for tasks to queue
[2022-11-11T20:08:17.366+0000] {logging_mixin.py:117} INFO - [2022-11-11T20:08:17.366+0000] {dagbag.py:525} INFO - Filling up the DagBag from /home/airflow/.local/lib/python3.7/site-packages/airflow/example_dags/example_sla_dag.py
[2022-11-11T20:08:17.390+0000] {processor.py:768} INFO - DAG(s) dict_keys(['example_sla_dag']) retrieved from /home/airflow/.local/lib/python3.7/site-packages/airflow/example_dags/example_sla_dag.py
[2022-11-11T20:08:17.442+0000] {logging_mixin.py:117} INFO - [2022-11-11T20:08:17.442+0000] {dag.py:2573} INFO - Sync 1 DAGs
[2022-11-11T20:08:17.477+0000] {logging_mixin.py:117} INFO - [2022-11-11T20:08:17.477+0000] {dag.py:3328} INFO - Setting next_dagrun for example_sla_dag to 2022-11-11T20:06:00+00:00, run_after=2022-11-11T20:08:00+00:00
[2022-11-11T20:08:17.493+0000] {processor.py:178} INFO - Processing /home/airflow/.local/lib/python3.7/site-packages/airflow/example_dags/example_sla_dag.py took 0.134 seconds
[2022-11-11T21:30:09.023+0000] {processor.py:156} INFO - Started process (PID=14639) to work on /home/airflow/.local/lib/python3.7/site-packages/airflow/example_dags/example_sla_dag.py
[2022-11-11T21:30:09.025+0000] {processor.py:758} INFO - Processing file /home/airflow/.local/lib/python3.7/site-packages/airflow/example_dags/example_sla_dag.py for tasks to queue
[2022-11-11T21:30:09.030+0000] {logging_mixin.py:117} INFO - [2022-11-11T21:30:09.030+0000] {dagbag.py:525} INFO - Filling up the DagBag from /home/airflow/.local/lib/python3.7/site-packages/airflow/example_dags/example_sla_dag.py
[2022-11-11T21:30:09.067+0000] {processor.py:768} INFO - DAG(s) dict_keys(['example_sla_dag']) retrieved from /home/airflow/.local/lib/python3.7/site-packages/airflow/example_dags/example_sla_dag.py
[2022-11-11T21:30:09.113+0000] {logging_mixin.py:117} INFO - [2022-11-11T21:30:09.112+0000] {dag.py:2573} INFO - Sync 1 DAGs
[2022-11-11T21:30:09.142+0000] {logging_mixin.py:117} INFO - [2022-11-11T21:30:09.142+0000] {dag.py:3328} INFO - Setting next_dagrun for example_sla_dag to 2022-11-11T21:28:00+00:00, run_after=2022-11-11T21:30:00+00:00
[2022-11-11T21:30:09.163+0000] {processor.py:178} INFO - Processing /home/airflow/.local/lib/python3.7/site-packages/airflow/example_dags/example_sla_dag.py took 0.144 seconds
[2022-11-11T23:08:03.089+0000] {processor.py:156} INFO - Started process (PID=14693) to work on /home/airflow/.local/lib/python3.7/site-packages/airflow/example_dags/example_sla_dag.py
[2022-11-11T23:08:03.091+0000] {processor.py:758} INFO - Processing file /home/airflow/.local/lib/python3.7/site-packages/airflow/example_dags/example_sla_dag.py for tasks to queue
[2022-11-11T23:08:03.093+0000] {logging_mixin.py:117} INFO - [2022-11-11T23:08:03.093+0000] {dagbag.py:525} INFO - Filling up the DagBag from /home/airflow/.local/lib/python3.7/site-packages/airflow/example_dags/example_sla_dag.py
[2022-11-11T23:08:03.127+0000] {processor.py:768} INFO - DAG(s) dict_keys(['example_sla_dag']) retrieved from /home/airflow/.local/lib/python3.7/site-packages/airflow/example_dags/example_sla_dag.py
[2022-11-11T23:08:03.181+0000] {logging_mixin.py:117} INFO - [2022-11-11T23:08:03.181+0000] {dag.py:2573} INFO - Sync 1 DAGs
[2022-11-11T23:08:03.215+0000] {logging_mixin.py:117} INFO - [2022-11-11T23:08:03.215+0000] {dag.py:3328} INFO - Setting next_dagrun for example_sla_dag to 2022-11-11T23:06:00+00:00, run_after=2022-11-11T23:08:00+00:00
[2022-11-11T23:08:03.247+0000] {processor.py:178} INFO - Processing /home/airflow/.local/lib/python3.7/site-packages/airflow/example_dags/example_sla_dag.py took 0.161 seconds
