[2022-11-11T00:42:43.025+0000] {processor.py:156} INFO - Started process (PID=13759) to work on /home/airflow/.local/lib/python3.7/site-packages/airflow/example_dags/example_complex.py
[2022-11-11T00:42:43.031+0000] {processor.py:758} INFO - Processing file /home/airflow/.local/lib/python3.7/site-packages/airflow/example_dags/example_complex.py for tasks to queue
[2022-11-11T00:42:43.034+0000] {logging_mixin.py:117} INFO - [2022-11-11T00:42:43.034+0000] {dagbag.py:525} INFO - Filling up the DagBag from /home/airflow/.local/lib/python3.7/site-packages/airflow/example_dags/example_complex.py
[2022-11-11T00:42:43.121+0000] {processor.py:768} INFO - DAG(s) dict_keys(['example_complex']) retrieved from /home/airflow/.local/lib/python3.7/site-packages/airflow/example_dags/example_complex.py
[2022-11-11T00:42:43.286+0000] {logging_mixin.py:117} INFO - [2022-11-11T00:42:43.286+0000] {dag.py:2573} INFO - Sync 1 DAGs
[2022-11-11T00:42:43.411+0000] {logging_mixin.py:117} INFO - [2022-11-11T00:42:43.411+0000] {dag.py:3328} INFO - Setting next_dagrun for example_complex to None, run_after=None
[2022-11-11T00:42:43.566+0000] {processor.py:178} INFO - Processing /home/airflow/.local/lib/python3.7/site-packages/airflow/example_dags/example_complex.py took 0.547 seconds
[2022-11-11T02:28:01.593+0000] {processor.py:156} INFO - Started process (PID=13823) to work on /home/airflow/.local/lib/python3.7/site-packages/airflow/example_dags/example_complex.py
[2022-11-11T02:28:01.598+0000] {processor.py:758} INFO - Processing file /home/airflow/.local/lib/python3.7/site-packages/airflow/example_dags/example_complex.py for tasks to queue
[2022-11-11T02:28:01.600+0000] {logging_mixin.py:117} INFO - [2022-11-11T02:28:01.600+0000] {dagbag.py:525} INFO - Filling up the DagBag from /home/airflow/.local/lib/python3.7/site-packages/airflow/example_dags/example_complex.py
[2022-11-11T02:28:01.646+0000] {processor.py:768} INFO - DAG(s) dict_keys(['example_complex']) retrieved from /home/airflow/.local/lib/python3.7/site-packages/airflow/example_dags/example_complex.py
[2022-11-11T02:28:01.730+0000] {logging_mixin.py:117} INFO - [2022-11-11T02:28:01.730+0000] {dag.py:2573} INFO - Sync 1 DAGs
[2022-11-11T02:28:01.794+0000] {logging_mixin.py:117} INFO - [2022-11-11T02:28:01.794+0000] {dag.py:3328} INFO - Setting next_dagrun for example_complex to None, run_after=None
[2022-11-11T02:28:01.866+0000] {processor.py:178} INFO - Processing /home/airflow/.local/lib/python3.7/site-packages/airflow/example_dags/example_complex.py took 0.277 seconds
[2022-11-11T03:50:22.323+0000] {processor.py:156} INFO - Started process (PID=13878) to work on /home/airflow/.local/lib/python3.7/site-packages/airflow/example_dags/example_complex.py
[2022-11-11T03:50:22.376+0000] {processor.py:758} INFO - Processing file /home/airflow/.local/lib/python3.7/site-packages/airflow/example_dags/example_complex.py for tasks to queue
[2022-11-11T03:50:22.383+0000] {logging_mixin.py:117} INFO - [2022-11-11T03:50:22.382+0000] {dagbag.py:525} INFO - Filling up the DagBag from /home/airflow/.local/lib/python3.7/site-packages/airflow/example_dags/example_complex.py
[2022-11-11T03:50:22.423+0000] {processor.py:768} INFO - DAG(s) dict_keys(['example_complex']) retrieved from /home/airflow/.local/lib/python3.7/site-packages/airflow/example_dags/example_complex.py
[2022-11-11T03:50:22.978+0000] {logging_mixin.py:117} INFO - [2022-11-11T03:50:22.978+0000] {dag.py:2573} INFO - Sync 1 DAGs
[2022-11-11T03:50:23.044+0000] {logging_mixin.py:117} INFO - [2022-11-11T03:50:23.044+0000] {dag.py:3328} INFO - Setting next_dagrun for example_complex to None, run_after=None
[2022-11-11T03:50:23.092+0000] {processor.py:178} INFO - Processing /home/airflow/.local/lib/python3.7/site-packages/airflow/example_dags/example_complex.py took 0.776 seconds
[2022-11-11T05:13:13.478+0000] {processor.py:156} INFO - Started process (PID=13942) to work on /home/airflow/.local/lib/python3.7/site-packages/airflow/example_dags/example_complex.py
[2022-11-11T05:13:13.485+0000] {processor.py:758} INFO - Processing file /home/airflow/.local/lib/python3.7/site-packages/airflow/example_dags/example_complex.py for tasks to queue
[2022-11-11T05:13:13.488+0000] {logging_mixin.py:117} INFO - [2022-11-11T05:13:13.488+0000] {dagbag.py:525} INFO - Filling up the DagBag from /home/airflow/.local/lib/python3.7/site-packages/airflow/example_dags/example_complex.py
[2022-11-11T05:13:13.519+0000] {processor.py:768} INFO - DAG(s) dict_keys(['example_complex']) retrieved from /home/airflow/.local/lib/python3.7/site-packages/airflow/example_dags/example_complex.py
[2022-11-11T05:13:13.584+0000] {logging_mixin.py:117} INFO - [2022-11-11T05:13:13.584+0000] {dag.py:2573} INFO - Sync 1 DAGs
[2022-11-11T05:13:13.663+0000] {logging_mixin.py:117} INFO - [2022-11-11T05:13:13.663+0000] {dag.py:3328} INFO - Setting next_dagrun for example_complex to None, run_after=None
[2022-11-11T05:13:13.682+0000] {processor.py:178} INFO - Processing /home/airflow/.local/lib/python3.7/site-packages/airflow/example_dags/example_complex.py took 0.206 seconds
[2022-11-11T06:36:32.644+0000] {processor.py:156} INFO - Started process (PID=13997) to work on /home/airflow/.local/lib/python3.7/site-packages/airflow/example_dags/example_complex.py
[2022-11-11T06:36:32.647+0000] {processor.py:758} INFO - Processing file /home/airflow/.local/lib/python3.7/site-packages/airflow/example_dags/example_complex.py for tasks to queue
[2022-11-11T06:36:32.651+0000] {logging_mixin.py:117} INFO - [2022-11-11T06:36:32.651+0000] {dagbag.py:525} INFO - Filling up the DagBag from /home/airflow/.local/lib/python3.7/site-packages/airflow/example_dags/example_complex.py
[2022-11-11T06:36:32.678+0000] {processor.py:768} INFO - DAG(s) dict_keys(['example_complex']) retrieved from /home/airflow/.local/lib/python3.7/site-packages/airflow/example_dags/example_complex.py
[2022-11-11T06:36:32.727+0000] {logging_mixin.py:117} INFO - [2022-11-11T06:36:32.727+0000] {dag.py:2573} INFO - Sync 1 DAGs
[2022-11-11T06:36:32.757+0000] {logging_mixin.py:117} INFO - [2022-11-11T06:36:32.757+0000] {dag.py:3328} INFO - Setting next_dagrun for example_complex to None, run_after=None
[2022-11-11T06:36:32.776+0000] {processor.py:178} INFO - Processing /home/airflow/.local/lib/python3.7/site-packages/airflow/example_dags/example_complex.py took 0.135 seconds
[2022-11-11T07:57:03.089+0000] {processor.py:156} INFO - Started process (PID=14052) to work on /home/airflow/.local/lib/python3.7/site-packages/airflow/example_dags/example_complex.py
[2022-11-11T07:57:03.092+0000] {processor.py:758} INFO - Processing file /home/airflow/.local/lib/python3.7/site-packages/airflow/example_dags/example_complex.py for tasks to queue
[2022-11-11T07:57:03.096+0000] {logging_mixin.py:117} INFO - [2022-11-11T07:57:03.096+0000] {dagbag.py:525} INFO - Filling up the DagBag from /home/airflow/.local/lib/python3.7/site-packages/airflow/example_dags/example_complex.py
[2022-11-11T07:57:03.119+0000] {processor.py:768} INFO - DAG(s) dict_keys(['example_complex']) retrieved from /home/airflow/.local/lib/python3.7/site-packages/airflow/example_dags/example_complex.py
[2022-11-11T07:57:03.245+0000] {logging_mixin.py:117} INFO - [2022-11-11T07:57:03.245+0000] {dag.py:2573} INFO - Sync 1 DAGs
[2022-11-11T07:57:03.286+0000] {logging_mixin.py:117} INFO - [2022-11-11T07:57:03.286+0000] {dag.py:3328} INFO - Setting next_dagrun for example_complex to None, run_after=None
[2022-11-11T07:57:03.339+0000] {processor.py:178} INFO - Processing /home/airflow/.local/lib/python3.7/site-packages/airflow/example_dags/example_complex.py took 0.253 seconds
[2022-11-11T09:22:28.393+0000] {processor.py:156} INFO - Started process (PID=14126) to work on /home/airflow/.local/lib/python3.7/site-packages/airflow/example_dags/example_complex.py
[2022-11-11T09:22:28.397+0000] {processor.py:758} INFO - Processing file /home/airflow/.local/lib/python3.7/site-packages/airflow/example_dags/example_complex.py for tasks to queue
[2022-11-11T09:22:28.419+0000] {logging_mixin.py:117} INFO - [2022-11-11T09:22:28.418+0000] {dagbag.py:525} INFO - Filling up the DagBag from /home/airflow/.local/lib/python3.7/site-packages/airflow/example_dags/example_complex.py
[2022-11-11T09:22:28.491+0000] {processor.py:768} INFO - DAG(s) dict_keys(['example_complex']) retrieved from /home/airflow/.local/lib/python3.7/site-packages/airflow/example_dags/example_complex.py
[2022-11-11T09:22:28.647+0000] {logging_mixin.py:117} INFO - [2022-11-11T09:22:28.647+0000] {dag.py:2573} INFO - Sync 1 DAGs
[2022-11-11T09:22:28.736+0000] {logging_mixin.py:117} INFO - [2022-11-11T09:22:28.736+0000] {dag.py:3328} INFO - Setting next_dagrun for example_complex to None, run_after=None
[2022-11-11T09:22:28.781+0000] {processor.py:178} INFO - Processing /home/airflow/.local/lib/python3.7/site-packages/airflow/example_dags/example_complex.py took 0.401 seconds
[2022-11-11T10:26:50.364+0000] {processor.py:156} INFO - Started process (PID=14171) to work on /home/airflow/.local/lib/python3.7/site-packages/airflow/example_dags/example_complex.py
[2022-11-11T10:26:50.374+0000] {processor.py:758} INFO - Processing file /home/airflow/.local/lib/python3.7/site-packages/airflow/example_dags/example_complex.py for tasks to queue
[2022-11-11T10:26:50.379+0000] {logging_mixin.py:117} INFO - [2022-11-11T10:26:50.379+0000] {dagbag.py:525} INFO - Filling up the DagBag from /home/airflow/.local/lib/python3.7/site-packages/airflow/example_dags/example_complex.py
[2022-11-11T10:26:50.433+0000] {processor.py:768} INFO - DAG(s) dict_keys(['example_complex']) retrieved from /home/airflow/.local/lib/python3.7/site-packages/airflow/example_dags/example_complex.py
[2022-11-11T10:26:50.501+0000] {logging_mixin.py:117} INFO - [2022-11-11T10:26:50.501+0000] {dag.py:2573} INFO - Sync 1 DAGs
[2022-11-11T10:26:50.542+0000] {logging_mixin.py:117} INFO - [2022-11-11T10:26:50.542+0000] {dag.py:3328} INFO - Setting next_dagrun for example_complex to None, run_after=None
[2022-11-11T10:26:50.565+0000] {processor.py:178} INFO - Processing /home/airflow/.local/lib/python3.7/site-packages/airflow/example_dags/example_complex.py took 0.207 seconds
[2022-11-11T11:52:23.434+0000] {processor.py:156} INFO - Started process (PID=14233) to work on /home/airflow/.local/lib/python3.7/site-packages/airflow/example_dags/example_complex.py
[2022-11-11T11:52:23.445+0000] {processor.py:758} INFO - Processing file /home/airflow/.local/lib/python3.7/site-packages/airflow/example_dags/example_complex.py for tasks to queue
[2022-11-11T11:52:23.450+0000] {logging_mixin.py:117} INFO - [2022-11-11T11:52:23.450+0000] {dagbag.py:525} INFO - Filling up the DagBag from /home/airflow/.local/lib/python3.7/site-packages/airflow/example_dags/example_complex.py
[2022-11-11T11:52:23.493+0000] {processor.py:768} INFO - DAG(s) dict_keys(['example_complex']) retrieved from /home/airflow/.local/lib/python3.7/site-packages/airflow/example_dags/example_complex.py
[2022-11-11T11:52:23.560+0000] {logging_mixin.py:117} INFO - [2022-11-11T11:52:23.560+0000] {dag.py:2573} INFO - Sync 1 DAGs
[2022-11-11T11:52:23.588+0000] {logging_mixin.py:117} INFO - [2022-11-11T11:52:23.588+0000] {dag.py:3328} INFO - Setting next_dagrun for example_complex to None, run_after=None
[2022-11-11T11:52:23.631+0000] {processor.py:178} INFO - Processing /home/airflow/.local/lib/python3.7/site-packages/airflow/example_dags/example_complex.py took 0.208 seconds
[2022-11-11T13:17:16.991+0000] {processor.py:156} INFO - Started process (PID=14290) to work on /home/airflow/.local/lib/python3.7/site-packages/airflow/example_dags/example_complex.py
[2022-11-11T13:17:16.996+0000] {processor.py:758} INFO - Processing file /home/airflow/.local/lib/python3.7/site-packages/airflow/example_dags/example_complex.py for tasks to queue
[2022-11-11T13:17:16.998+0000] {logging_mixin.py:117} INFO - [2022-11-11T13:17:16.998+0000] {dagbag.py:525} INFO - Filling up the DagBag from /home/airflow/.local/lib/python3.7/site-packages/airflow/example_dags/example_complex.py
[2022-11-11T13:17:17.019+0000] {processor.py:768} INFO - DAG(s) dict_keys(['example_complex']) retrieved from /home/airflow/.local/lib/python3.7/site-packages/airflow/example_dags/example_complex.py
[2022-11-11T13:17:17.078+0000] {logging_mixin.py:117} INFO - [2022-11-11T13:17:17.078+0000] {dag.py:2573} INFO - Sync 1 DAGs
[2022-11-11T13:17:17.185+0000] {logging_mixin.py:117} INFO - [2022-11-11T13:17:17.185+0000] {dag.py:3328} INFO - Setting next_dagrun for example_complex to None, run_after=None
[2022-11-11T13:17:17.249+0000] {processor.py:178} INFO - Processing /home/airflow/.local/lib/python3.7/site-packages/airflow/example_dags/example_complex.py took 0.271 seconds
[2022-11-11T14:25:16.016+0000] {processor.py:156} INFO - Started process (PID=14345) to work on /home/airflow/.local/lib/python3.7/site-packages/airflow/example_dags/example_complex.py
[2022-11-11T14:25:16.020+0000] {processor.py:758} INFO - Processing file /home/airflow/.local/lib/python3.7/site-packages/airflow/example_dags/example_complex.py for tasks to queue
[2022-11-11T14:25:16.023+0000] {logging_mixin.py:117} INFO - [2022-11-11T14:25:16.023+0000] {dagbag.py:525} INFO - Filling up the DagBag from /home/airflow/.local/lib/python3.7/site-packages/airflow/example_dags/example_complex.py
[2022-11-11T14:25:16.049+0000] {processor.py:768} INFO - DAG(s) dict_keys(['example_complex']) retrieved from /home/airflow/.local/lib/python3.7/site-packages/airflow/example_dags/example_complex.py
[2022-11-11T14:25:16.100+0000] {logging_mixin.py:117} INFO - [2022-11-11T14:25:16.100+0000] {dag.py:2573} INFO - Sync 1 DAGs
[2022-11-11T14:25:16.124+0000] {logging_mixin.py:117} INFO - [2022-11-11T14:25:16.124+0000] {dag.py:3328} INFO - Setting next_dagrun for example_complex to None, run_after=None
[2022-11-11T14:25:16.140+0000] {processor.py:178} INFO - Processing /home/airflow/.local/lib/python3.7/site-packages/airflow/example_dags/example_complex.py took 0.126 seconds
[2022-11-11T15:46:04.325+0000] {processor.py:156} INFO - Started process (PID=14399) to work on /home/airflow/.local/lib/python3.7/site-packages/airflow/example_dags/example_complex.py
[2022-11-11T15:46:04.328+0000] {processor.py:758} INFO - Processing file /home/airflow/.local/lib/python3.7/site-packages/airflow/example_dags/example_complex.py for tasks to queue
[2022-11-11T15:46:04.329+0000] {logging_mixin.py:117} INFO - [2022-11-11T15:46:04.329+0000] {dagbag.py:525} INFO - Filling up the DagBag from /home/airflow/.local/lib/python3.7/site-packages/airflow/example_dags/example_complex.py
[2022-11-11T15:46:04.343+0000] {processor.py:768} INFO - DAG(s) dict_keys(['example_complex']) retrieved from /home/airflow/.local/lib/python3.7/site-packages/airflow/example_dags/example_complex.py
[2022-11-11T15:46:04.387+0000] {logging_mixin.py:117} INFO - [2022-11-11T15:46:04.386+0000] {dag.py:2573} INFO - Sync 1 DAGs
[2022-11-11T15:46:04.409+0000] {logging_mixin.py:117} INFO - [2022-11-11T15:46:04.409+0000] {dag.py:3328} INFO - Setting next_dagrun for example_complex to None, run_after=None
[2022-11-11T15:46:04.435+0000] {processor.py:178} INFO - Processing /home/airflow/.local/lib/python3.7/site-packages/airflow/example_dags/example_complex.py took 0.113 seconds
[2022-11-11T17:04:43.441+0000] {processor.py:156} INFO - Started process (PID=14463) to work on /home/airflow/.local/lib/python3.7/site-packages/airflow/example_dags/example_complex.py
[2022-11-11T17:04:43.460+0000] {processor.py:758} INFO - Processing file /home/airflow/.local/lib/python3.7/site-packages/airflow/example_dags/example_complex.py for tasks to queue
[2022-11-11T17:04:43.476+0000] {logging_mixin.py:117} INFO - [2022-11-11T17:04:43.475+0000] {dagbag.py:525} INFO - Filling up the DagBag from /home/airflow/.local/lib/python3.7/site-packages/airflow/example_dags/example_complex.py
[2022-11-11T17:04:43.805+0000] {processor.py:768} INFO - DAG(s) dict_keys(['example_complex']) retrieved from /home/airflow/.local/lib/python3.7/site-packages/airflow/example_dags/example_complex.py
[2022-11-11T17:04:44.159+0000] {logging_mixin.py:117} INFO - [2022-11-11T17:04:44.159+0000] {dag.py:2573} INFO - Sync 1 DAGs
[2022-11-11T17:04:44.275+0000] {logging_mixin.py:117} INFO - [2022-11-11T17:04:44.275+0000] {dag.py:3328} INFO - Setting next_dagrun for example_complex to None, run_after=None
[2022-11-11T17:04:44.331+0000] {processor.py:178} INFO - Processing /home/airflow/.local/lib/python3.7/site-packages/airflow/example_dags/example_complex.py took 0.905 seconds
[2022-11-11T18:44:00.443+0000] {processor.py:156} INFO - Started process (PID=14518) to work on /home/airflow/.local/lib/python3.7/site-packages/airflow/example_dags/example_complex.py
[2022-11-11T18:44:00.446+0000] {processor.py:758} INFO - Processing file /home/airflow/.local/lib/python3.7/site-packages/airflow/example_dags/example_complex.py for tasks to queue
[2022-11-11T18:44:00.449+0000] {logging_mixin.py:117} INFO - [2022-11-11T18:44:00.449+0000] {dagbag.py:525} INFO - Filling up the DagBag from /home/airflow/.local/lib/python3.7/site-packages/airflow/example_dags/example_complex.py
[2022-11-11T18:44:00.496+0000] {processor.py:768} INFO - DAG(s) dict_keys(['example_complex']) retrieved from /home/airflow/.local/lib/python3.7/site-packages/airflow/example_dags/example_complex.py
[2022-11-11T18:44:00.569+0000] {logging_mixin.py:117} INFO - [2022-11-11T18:44:00.569+0000] {dag.py:2573} INFO - Sync 1 DAGs
[2022-11-11T18:44:00.599+0000] {logging_mixin.py:117} INFO - [2022-11-11T18:44:00.599+0000] {dag.py:3328} INFO - Setting next_dagrun for example_complex to None, run_after=None
[2022-11-11T18:44:00.625+0000] {processor.py:178} INFO - Processing /home/airflow/.local/lib/python3.7/site-packages/airflow/example_dags/example_complex.py took 0.186 seconds
[2022-11-11T20:08:17.163+0000] {processor.py:156} INFO - Started process (PID=14574) to work on /home/airflow/.local/lib/python3.7/site-packages/airflow/example_dags/example_complex.py
[2022-11-11T20:08:17.166+0000] {processor.py:758} INFO - Processing file /home/airflow/.local/lib/python3.7/site-packages/airflow/example_dags/example_complex.py for tasks to queue
[2022-11-11T20:08:17.167+0000] {logging_mixin.py:117} INFO - [2022-11-11T20:08:17.167+0000] {dagbag.py:525} INFO - Filling up the DagBag from /home/airflow/.local/lib/python3.7/site-packages/airflow/example_dags/example_complex.py
[2022-11-11T20:08:17.187+0000] {processor.py:768} INFO - DAG(s) dict_keys(['example_complex']) retrieved from /home/airflow/.local/lib/python3.7/site-packages/airflow/example_dags/example_complex.py
[2022-11-11T20:08:17.250+0000] {logging_mixin.py:117} INFO - [2022-11-11T20:08:17.250+0000] {dag.py:2573} INFO - Sync 1 DAGs
[2022-11-11T20:08:17.283+0000] {logging_mixin.py:117} INFO - [2022-11-11T20:08:17.283+0000] {dag.py:3328} INFO - Setting next_dagrun for example_complex to None, run_after=None
[2022-11-11T20:08:17.316+0000] {processor.py:178} INFO - Processing /home/airflow/.local/lib/python3.7/site-packages/airflow/example_dags/example_complex.py took 0.156 seconds
[2022-11-11T21:30:08.206+0000] {processor.py:156} INFO - Started process (PID=14637) to work on /home/airflow/.local/lib/python3.7/site-packages/airflow/example_dags/example_complex.py
[2022-11-11T21:30:08.213+0000] {processor.py:758} INFO - Processing file /home/airflow/.local/lib/python3.7/site-packages/airflow/example_dags/example_complex.py for tasks to queue
[2022-11-11T21:30:08.232+0000] {logging_mixin.py:117} INFO - [2022-11-11T21:30:08.232+0000] {dagbag.py:525} INFO - Filling up the DagBag from /home/airflow/.local/lib/python3.7/site-packages/airflow/example_dags/example_complex.py
[2022-11-11T21:30:08.379+0000] {processor.py:768} INFO - DAG(s) dict_keys(['example_complex']) retrieved from /home/airflow/.local/lib/python3.7/site-packages/airflow/example_dags/example_complex.py
[2022-11-11T21:30:08.522+0000] {logging_mixin.py:117} INFO - [2022-11-11T21:30:08.522+0000] {dag.py:2573} INFO - Sync 1 DAGs
[2022-11-11T21:30:08.590+0000] {logging_mixin.py:117} INFO - [2022-11-11T21:30:08.589+0000] {dag.py:3328} INFO - Setting next_dagrun for example_complex to None, run_after=None
[2022-11-11T21:30:08.722+0000] {processor.py:178} INFO - Processing /home/airflow/.local/lib/python3.7/site-packages/airflow/example_dags/example_complex.py took 0.549 seconds
[2022-11-11T23:08:02.835+0000] {processor.py:156} INFO - Started process (PID=14691) to work on /home/airflow/.local/lib/python3.7/site-packages/airflow/example_dags/example_complex.py
[2022-11-11T23:08:02.843+0000] {processor.py:758} INFO - Processing file /home/airflow/.local/lib/python3.7/site-packages/airflow/example_dags/example_complex.py for tasks to queue
[2022-11-11T23:08:02.849+0000] {logging_mixin.py:117} INFO - [2022-11-11T23:08:02.849+0000] {dagbag.py:525} INFO - Filling up the DagBag from /home/airflow/.local/lib/python3.7/site-packages/airflow/example_dags/example_complex.py
[2022-11-11T23:08:02.897+0000] {processor.py:768} INFO - DAG(s) dict_keys(['example_complex']) retrieved from /home/airflow/.local/lib/python3.7/site-packages/airflow/example_dags/example_complex.py
[2022-11-11T23:08:02.972+0000] {logging_mixin.py:117} INFO - [2022-11-11T23:08:02.972+0000] {dag.py:2573} INFO - Sync 1 DAGs
[2022-11-11T23:08:03.004+0000] {logging_mixin.py:117} INFO - [2022-11-11T23:08:03.004+0000] {dag.py:3328} INFO - Setting next_dagrun for example_complex to None, run_after=None
[2022-11-11T23:08:03.036+0000] {processor.py:178} INFO - Processing /home/airflow/.local/lib/python3.7/site-packages/airflow/example_dags/example_complex.py took 0.205 seconds
