[2022-11-11T00:42:46.402+0000] {processor.py:156} INFO - Started process (PID=13774) to work on /home/airflow/.local/lib/python3.7/site-packages/airflow/example_dags/example_external_task_marker_dag.py
[2022-11-11T00:42:46.407+0000] {processor.py:758} INFO - Processing file /home/airflow/.local/lib/python3.7/site-packages/airflow/example_dags/example_external_task_marker_dag.py for tasks to queue
[2022-11-11T00:42:46.409+0000] {logging_mixin.py:117} INFO - [2022-11-11T00:42:46.408+0000] {dagbag.py:525} INFO - Filling up the DagBag from /home/airflow/.local/lib/python3.7/site-packages/airflow/example_dags/example_external_task_marker_dag.py
[2022-11-11T00:42:46.642+0000] {processor.py:768} INFO - DAG(s) dict_keys(['example_external_task_marker_parent', 'example_external_task_marker_child']) retrieved from /home/airflow/.local/lib/python3.7/site-packages/airflow/example_dags/example_external_task_marker_dag.py
[2022-11-11T00:42:47.861+0000] {logging_mixin.py:117} INFO - [2022-11-11T00:42:47.854+0000] {dag.py:2573} INFO - Sync 2 DAGs
[2022-11-11T00:42:48.035+0000] {logging_mixin.py:117} INFO - [2022-11-11T00:42:48.035+0000] {dag.py:3328} INFO - Setting next_dagrun for example_external_task_marker_child to None, run_after=None
[2022-11-11T00:42:48.040+0000] {logging_mixin.py:117} INFO - [2022-11-11T00:42:48.040+0000] {dag.py:3328} INFO - Setting next_dagrun for example_external_task_marker_parent to None, run_after=None
[2022-11-11T00:42:48.099+0000] {processor.py:178} INFO - Processing /home/airflow/.local/lib/python3.7/site-packages/airflow/example_dags/example_external_task_marker_dag.py took 1.737 seconds
[2022-11-11T02:28:03.166+0000] {processor.py:156} INFO - Started process (PID=13829) to work on /home/airflow/.local/lib/python3.7/site-packages/airflow/example_dags/example_external_task_marker_dag.py
[2022-11-11T02:28:03.175+0000] {processor.py:758} INFO - Processing file /home/airflow/.local/lib/python3.7/site-packages/airflow/example_dags/example_external_task_marker_dag.py for tasks to queue
[2022-11-11T02:28:03.177+0000] {logging_mixin.py:117} INFO - [2022-11-11T02:28:03.177+0000] {dagbag.py:525} INFO - Filling up the DagBag from /home/airflow/.local/lib/python3.7/site-packages/airflow/example_dags/example_external_task_marker_dag.py
[2022-11-11T02:28:03.217+0000] {processor.py:768} INFO - DAG(s) dict_keys(['example_external_task_marker_parent', 'example_external_task_marker_child']) retrieved from /home/airflow/.local/lib/python3.7/site-packages/airflow/example_dags/example_external_task_marker_dag.py
[2022-11-11T02:28:03.484+0000] {logging_mixin.py:117} INFO - [2022-11-11T02:28:03.484+0000] {dag.py:2573} INFO - Sync 2 DAGs
[2022-11-11T02:28:03.506+0000] {logging_mixin.py:117} INFO - [2022-11-11T02:28:03.506+0000] {dag.py:3328} INFO - Setting next_dagrun for example_external_task_marker_child to None, run_after=None
[2022-11-11T02:28:03.513+0000] {logging_mixin.py:117} INFO - [2022-11-11T02:28:03.513+0000] {dag.py:3328} INFO - Setting next_dagrun for example_external_task_marker_parent to None, run_after=None
[2022-11-11T02:28:03.526+0000] {processor.py:178} INFO - Processing /home/airflow/.local/lib/python3.7/site-packages/airflow/example_dags/example_external_task_marker_dag.py took 0.362 seconds
[2022-11-11T03:50:24.698+0000] {processor.py:156} INFO - Started process (PID=13884) to work on /home/airflow/.local/lib/python3.7/site-packages/airflow/example_dags/example_external_task_marker_dag.py
[2022-11-11T03:50:24.702+0000] {processor.py:758} INFO - Processing file /home/airflow/.local/lib/python3.7/site-packages/airflow/example_dags/example_external_task_marker_dag.py for tasks to queue
[2022-11-11T03:50:24.709+0000] {logging_mixin.py:117} INFO - [2022-11-11T03:50:24.709+0000] {dagbag.py:525} INFO - Filling up the DagBag from /home/airflow/.local/lib/python3.7/site-packages/airflow/example_dags/example_external_task_marker_dag.py
[2022-11-11T03:50:24.833+0000] {processor.py:768} INFO - DAG(s) dict_keys(['example_external_task_marker_child', 'example_external_task_marker_parent']) retrieved from /home/airflow/.local/lib/python3.7/site-packages/airflow/example_dags/example_external_task_marker_dag.py
[2022-11-11T03:50:25.250+0000] {logging_mixin.py:117} INFO - [2022-11-11T03:50:25.250+0000] {dag.py:2573} INFO - Sync 2 DAGs
[2022-11-11T03:50:25.339+0000] {logging_mixin.py:117} INFO - [2022-11-11T03:50:25.338+0000] {dag.py:3328} INFO - Setting next_dagrun for example_external_task_marker_child to None, run_after=None
[2022-11-11T03:50:25.359+0000] {logging_mixin.py:117} INFO - [2022-11-11T03:50:25.359+0000] {dag.py:3328} INFO - Setting next_dagrun for example_external_task_marker_parent to None, run_after=None
[2022-11-11T03:50:25.408+0000] {processor.py:178} INFO - Processing /home/airflow/.local/lib/python3.7/site-packages/airflow/example_dags/example_external_task_marker_dag.py took 0.718 seconds
[2022-11-11T05:13:15.819+0000] {processor.py:156} INFO - Started process (PID=13948) to work on /home/airflow/.local/lib/python3.7/site-packages/airflow/example_dags/example_external_task_marker_dag.py
[2022-11-11T05:13:15.825+0000] {processor.py:758} INFO - Processing file /home/airflow/.local/lib/python3.7/site-packages/airflow/example_dags/example_external_task_marker_dag.py for tasks to queue
[2022-11-11T05:13:15.829+0000] {logging_mixin.py:117} INFO - [2022-11-11T05:13:15.829+0000] {dagbag.py:525} INFO - Filling up the DagBag from /home/airflow/.local/lib/python3.7/site-packages/airflow/example_dags/example_external_task_marker_dag.py
[2022-11-11T05:13:15.926+0000] {processor.py:768} INFO - DAG(s) dict_keys(['example_external_task_marker_parent', 'example_external_task_marker_child']) retrieved from /home/airflow/.local/lib/python3.7/site-packages/airflow/example_dags/example_external_task_marker_dag.py
[2022-11-11T05:13:16.162+0000] {logging_mixin.py:117} INFO - [2022-11-11T05:13:16.162+0000] {dag.py:2573} INFO - Sync 2 DAGs
[2022-11-11T05:13:16.180+0000] {logging_mixin.py:117} INFO - [2022-11-11T05:13:16.180+0000] {dag.py:3328} INFO - Setting next_dagrun for example_external_task_marker_child to None, run_after=None
[2022-11-11T05:13:16.198+0000] {logging_mixin.py:117} INFO - [2022-11-11T05:13:16.198+0000] {dag.py:3328} INFO - Setting next_dagrun for example_external_task_marker_parent to None, run_after=None
[2022-11-11T05:13:16.214+0000] {processor.py:178} INFO - Processing /home/airflow/.local/lib/python3.7/site-packages/airflow/example_dags/example_external_task_marker_dag.py took 0.401 seconds
[2022-11-11T06:36:33.411+0000] {processor.py:156} INFO - Started process (PID=14003) to work on /home/airflow/.local/lib/python3.7/site-packages/airflow/example_dags/example_external_task_marker_dag.py
[2022-11-11T06:36:33.413+0000] {processor.py:758} INFO - Processing file /home/airflow/.local/lib/python3.7/site-packages/airflow/example_dags/example_external_task_marker_dag.py for tasks to queue
[2022-11-11T06:36:33.415+0000] {logging_mixin.py:117} INFO - [2022-11-11T06:36:33.415+0000] {dagbag.py:525} INFO - Filling up the DagBag from /home/airflow/.local/lib/python3.7/site-packages/airflow/example_dags/example_external_task_marker_dag.py
[2022-11-11T06:36:33.444+0000] {processor.py:768} INFO - DAG(s) dict_keys(['example_external_task_marker_child', 'example_external_task_marker_parent']) retrieved from /home/airflow/.local/lib/python3.7/site-packages/airflow/example_dags/example_external_task_marker_dag.py
[2022-11-11T06:36:34.000+0000] {logging_mixin.py:117} INFO - [2022-11-11T06:36:34.000+0000] {dag.py:2573} INFO - Sync 2 DAGs
[2022-11-11T06:36:34.035+0000] {logging_mixin.py:117} INFO - [2022-11-11T06:36:34.035+0000] {dag.py:3328} INFO - Setting next_dagrun for example_external_task_marker_child to None, run_after=None
[2022-11-11T06:36:34.039+0000] {logging_mixin.py:117} INFO - [2022-11-11T06:36:34.039+0000] {dag.py:3328} INFO - Setting next_dagrun for example_external_task_marker_parent to None, run_after=None
[2022-11-11T06:36:34.082+0000] {processor.py:178} INFO - Processing /home/airflow/.local/lib/python3.7/site-packages/airflow/example_dags/example_external_task_marker_dag.py took 0.678 seconds
[2022-11-11T07:57:06.237+0000] {processor.py:156} INFO - Started process (PID=14067) to work on /home/airflow/.local/lib/python3.7/site-packages/airflow/example_dags/example_external_task_marker_dag.py
[2022-11-11T07:57:06.247+0000] {processor.py:758} INFO - Processing file /home/airflow/.local/lib/python3.7/site-packages/airflow/example_dags/example_external_task_marker_dag.py for tasks to queue
[2022-11-11T07:57:06.251+0000] {logging_mixin.py:117} INFO - [2022-11-11T07:57:06.251+0000] {dagbag.py:525} INFO - Filling up the DagBag from /home/airflow/.local/lib/python3.7/site-packages/airflow/example_dags/example_external_task_marker_dag.py
[2022-11-11T07:57:06.281+0000] {processor.py:768} INFO - DAG(s) dict_keys(['example_external_task_marker_parent', 'example_external_task_marker_child']) retrieved from /home/airflow/.local/lib/python3.7/site-packages/airflow/example_dags/example_external_task_marker_dag.py
[2022-11-11T07:57:06.582+0000] {logging_mixin.py:117} INFO - [2022-11-11T07:57:06.582+0000] {dag.py:2573} INFO - Sync 2 DAGs
[2022-11-11T07:57:06.610+0000] {logging_mixin.py:117} INFO - [2022-11-11T07:57:06.610+0000] {dag.py:3328} INFO - Setting next_dagrun for example_external_task_marker_child to None, run_after=None
[2022-11-11T07:57:06.620+0000] {logging_mixin.py:117} INFO - [2022-11-11T07:57:06.620+0000] {dag.py:3328} INFO - Setting next_dagrun for example_external_task_marker_parent to None, run_after=None
[2022-11-11T07:57:06.681+0000] {processor.py:178} INFO - Processing /home/airflow/.local/lib/python3.7/site-packages/airflow/example_dags/example_external_task_marker_dag.py took 0.448 seconds
[2022-11-11T09:22:29.484+0000] {processor.py:156} INFO - Started process (PID=14132) to work on /home/airflow/.local/lib/python3.7/site-packages/airflow/example_dags/example_external_task_marker_dag.py
[2022-11-11T09:22:29.492+0000] {processor.py:758} INFO - Processing file /home/airflow/.local/lib/python3.7/site-packages/airflow/example_dags/example_external_task_marker_dag.py for tasks to queue
[2022-11-11T09:22:29.496+0000] {logging_mixin.py:117} INFO - [2022-11-11T09:22:29.496+0000] {dagbag.py:525} INFO - Filling up the DagBag from /home/airflow/.local/lib/python3.7/site-packages/airflow/example_dags/example_external_task_marker_dag.py
[2022-11-11T09:22:29.521+0000] {processor.py:768} INFO - DAG(s) dict_keys(['example_external_task_marker_child', 'example_external_task_marker_parent']) retrieved from /home/airflow/.local/lib/python3.7/site-packages/airflow/example_dags/example_external_task_marker_dag.py
[2022-11-11T09:22:29.847+0000] {logging_mixin.py:117} INFO - [2022-11-11T09:22:29.844+0000] {dag.py:2573} INFO - Sync 2 DAGs
[2022-11-11T09:22:29.920+0000] {logging_mixin.py:117} INFO - [2022-11-11T09:22:29.920+0000] {dag.py:3328} INFO - Setting next_dagrun for example_external_task_marker_child to None, run_after=None
[2022-11-11T09:22:29.931+0000] {logging_mixin.py:117} INFO - [2022-11-11T09:22:29.931+0000] {dag.py:3328} INFO - Setting next_dagrun for example_external_task_marker_parent to None, run_after=None
[2022-11-11T09:22:30.130+0000] {processor.py:178} INFO - Processing /home/airflow/.local/lib/python3.7/site-packages/airflow/example_dags/example_external_task_marker_dag.py took 0.644 seconds
[2022-11-11T10:26:51.154+0000] {processor.py:156} INFO - Started process (PID=14177) to work on /home/airflow/.local/lib/python3.7/site-packages/airflow/example_dags/example_external_task_marker_dag.py
[2022-11-11T10:26:51.161+0000] {processor.py:758} INFO - Processing file /home/airflow/.local/lib/python3.7/site-packages/airflow/example_dags/example_external_task_marker_dag.py for tasks to queue
[2022-11-11T10:26:51.164+0000] {logging_mixin.py:117} INFO - [2022-11-11T10:26:51.163+0000] {dagbag.py:525} INFO - Filling up the DagBag from /home/airflow/.local/lib/python3.7/site-packages/airflow/example_dags/example_external_task_marker_dag.py
[2022-11-11T10:26:51.182+0000] {processor.py:768} INFO - DAG(s) dict_keys(['example_external_task_marker_parent', 'example_external_task_marker_child']) retrieved from /home/airflow/.local/lib/python3.7/site-packages/airflow/example_dags/example_external_task_marker_dag.py
[2022-11-11T10:26:51.760+0000] {logging_mixin.py:117} INFO - [2022-11-11T10:26:51.760+0000] {dag.py:2573} INFO - Sync 2 DAGs
[2022-11-11T10:26:52.016+0000] {logging_mixin.py:117} INFO - [2022-11-11T10:26:52.015+0000] {dag.py:3328} INFO - Setting next_dagrun for example_external_task_marker_child to None, run_after=None
[2022-11-11T10:26:52.046+0000] {logging_mixin.py:117} INFO - [2022-11-11T10:26:52.046+0000] {dag.py:3328} INFO - Setting next_dagrun for example_external_task_marker_parent to None, run_after=None
[2022-11-11T10:26:52.157+0000] {processor.py:178} INFO - Processing /home/airflow/.local/lib/python3.7/site-packages/airflow/example_dags/example_external_task_marker_dag.py took 1.009 seconds
[2022-11-11T11:52:25.744+0000] {processor.py:156} INFO - Started process (PID=14241) to work on /home/airflow/.local/lib/python3.7/site-packages/airflow/example_dags/example_external_task_marker_dag.py
[2022-11-11T11:52:25.759+0000] {processor.py:758} INFO - Processing file /home/airflow/.local/lib/python3.7/site-packages/airflow/example_dags/example_external_task_marker_dag.py for tasks to queue
[2022-11-11T11:52:25.764+0000] {logging_mixin.py:117} INFO - [2022-11-11T11:52:25.764+0000] {dagbag.py:525} INFO - Filling up the DagBag from /home/airflow/.local/lib/python3.7/site-packages/airflow/example_dags/example_external_task_marker_dag.py
[2022-11-11T11:52:26.446+0000] {processor.py:768} INFO - DAG(s) dict_keys(['example_external_task_marker_parent', 'example_external_task_marker_child']) retrieved from /home/airflow/.local/lib/python3.7/site-packages/airflow/example_dags/example_external_task_marker_dag.py
[2022-11-11T11:52:27.319+0000] {logging_mixin.py:117} INFO - [2022-11-11T11:52:27.318+0000] {dag.py:2573} INFO - Sync 2 DAGs
[2022-11-11T11:52:27.358+0000] {logging_mixin.py:117} INFO - [2022-11-11T11:52:27.358+0000] {dag.py:3328} INFO - Setting next_dagrun for example_external_task_marker_child to None, run_after=None
[2022-11-11T11:52:27.371+0000] {logging_mixin.py:117} INFO - [2022-11-11T11:52:27.371+0000] {dag.py:3328} INFO - Setting next_dagrun for example_external_task_marker_parent to None, run_after=None
[2022-11-11T11:52:27.398+0000] {processor.py:178} INFO - Processing /home/airflow/.local/lib/python3.7/site-packages/airflow/example_dags/example_external_task_marker_dag.py took 1.674 seconds
[2022-11-11T13:17:18.124+0000] {processor.py:156} INFO - Started process (PID=14296) to work on /home/airflow/.local/lib/python3.7/site-packages/airflow/example_dags/example_external_task_marker_dag.py
[2022-11-11T13:17:18.135+0000] {processor.py:758} INFO - Processing file /home/airflow/.local/lib/python3.7/site-packages/airflow/example_dags/example_external_task_marker_dag.py for tasks to queue
[2022-11-11T13:17:18.140+0000] {logging_mixin.py:117} INFO - [2022-11-11T13:17:18.140+0000] {dagbag.py:525} INFO - Filling up the DagBag from /home/airflow/.local/lib/python3.7/site-packages/airflow/example_dags/example_external_task_marker_dag.py
[2022-11-11T13:17:18.164+0000] {processor.py:768} INFO - DAG(s) dict_keys(['example_external_task_marker_child', 'example_external_task_marker_parent']) retrieved from /home/airflow/.local/lib/python3.7/site-packages/airflow/example_dags/example_external_task_marker_dag.py
[2022-11-11T13:17:18.601+0000] {logging_mixin.py:117} INFO - [2022-11-11T13:17:18.601+0000] {dag.py:2573} INFO - Sync 2 DAGs
[2022-11-11T13:17:18.662+0000] {logging_mixin.py:117} INFO - [2022-11-11T13:17:18.662+0000] {dag.py:3328} INFO - Setting next_dagrun for example_external_task_marker_child to None, run_after=None
[2022-11-11T13:17:18.668+0000] {logging_mixin.py:117} INFO - [2022-11-11T13:17:18.668+0000] {dag.py:3328} INFO - Setting next_dagrun for example_external_task_marker_parent to None, run_after=None
[2022-11-11T13:17:18.693+0000] {processor.py:178} INFO - Processing /home/airflow/.local/lib/python3.7/site-packages/airflow/example_dags/example_external_task_marker_dag.py took 0.572 seconds
[2022-11-11T14:25:16.788+0000] {processor.py:156} INFO - Started process (PID=14351) to work on /home/airflow/.local/lib/python3.7/site-packages/airflow/example_dags/example_external_task_marker_dag.py
[2022-11-11T14:25:16.800+0000] {processor.py:758} INFO - Processing file /home/airflow/.local/lib/python3.7/site-packages/airflow/example_dags/example_external_task_marker_dag.py for tasks to queue
[2022-11-11T14:25:16.802+0000] {logging_mixin.py:117} INFO - [2022-11-11T14:25:16.802+0000] {dagbag.py:525} INFO - Filling up the DagBag from /home/airflow/.local/lib/python3.7/site-packages/airflow/example_dags/example_external_task_marker_dag.py
[2022-11-11T14:25:16.829+0000] {processor.py:768} INFO - DAG(s) dict_keys(['example_external_task_marker_child', 'example_external_task_marker_parent']) retrieved from /home/airflow/.local/lib/python3.7/site-packages/airflow/example_dags/example_external_task_marker_dag.py
[2022-11-11T14:25:17.277+0000] {logging_mixin.py:117} INFO - [2022-11-11T14:25:17.277+0000] {dag.py:2573} INFO - Sync 2 DAGs
[2022-11-11T14:25:17.322+0000] {logging_mixin.py:117} INFO - [2022-11-11T14:25:17.321+0000] {dag.py:3328} INFO - Setting next_dagrun for example_external_task_marker_child to None, run_after=None
[2022-11-11T14:25:17.335+0000] {logging_mixin.py:117} INFO - [2022-11-11T14:25:17.334+0000] {dag.py:3328} INFO - Setting next_dagrun for example_external_task_marker_parent to None, run_after=None
[2022-11-11T14:25:17.384+0000] {processor.py:178} INFO - Processing /home/airflow/.local/lib/python3.7/site-packages/airflow/example_dags/example_external_task_marker_dag.py took 0.604 seconds
[2022-11-11T15:46:06.050+0000] {processor.py:156} INFO - Started process (PID=14405) to work on /home/airflow/.local/lib/python3.7/site-packages/airflow/example_dags/example_external_task_marker_dag.py
[2022-11-11T15:46:06.061+0000] {processor.py:758} INFO - Processing file /home/airflow/.local/lib/python3.7/site-packages/airflow/example_dags/example_external_task_marker_dag.py for tasks to queue
[2022-11-11T15:46:06.066+0000] {logging_mixin.py:117} INFO - [2022-11-11T15:46:06.065+0000] {dagbag.py:525} INFO - Filling up the DagBag from /home/airflow/.local/lib/python3.7/site-packages/airflow/example_dags/example_external_task_marker_dag.py
[2022-11-11T15:46:06.091+0000] {processor.py:768} INFO - DAG(s) dict_keys(['example_external_task_marker_parent', 'example_external_task_marker_child']) retrieved from /home/airflow/.local/lib/python3.7/site-packages/airflow/example_dags/example_external_task_marker_dag.py
[2022-11-11T15:46:06.668+0000] {logging_mixin.py:117} INFO - [2022-11-11T15:46:06.665+0000] {dag.py:2573} INFO - Sync 2 DAGs
[2022-11-11T15:46:06.712+0000] {logging_mixin.py:117} INFO - [2022-11-11T15:46:06.712+0000] {dag.py:3328} INFO - Setting next_dagrun for example_external_task_marker_child to None, run_after=None
[2022-11-11T15:46:06.747+0000] {logging_mixin.py:117} INFO - [2022-11-11T15:46:06.746+0000] {dag.py:3328} INFO - Setting next_dagrun for example_external_task_marker_parent to None, run_after=None
[2022-11-11T15:46:06.958+0000] {processor.py:178} INFO - Processing /home/airflow/.local/lib/python3.7/site-packages/airflow/example_dags/example_external_task_marker_dag.py took 0.910 seconds
[2022-11-11T17:04:45.712+0000] {processor.py:156} INFO - Started process (PID=14469) to work on /home/airflow/.local/lib/python3.7/site-packages/airflow/example_dags/example_external_task_marker_dag.py
[2022-11-11T17:04:45.726+0000] {processor.py:758} INFO - Processing file /home/airflow/.local/lib/python3.7/site-packages/airflow/example_dags/example_external_task_marker_dag.py for tasks to queue
[2022-11-11T17:04:45.731+0000] {logging_mixin.py:117} INFO - [2022-11-11T17:04:45.731+0000] {dagbag.py:525} INFO - Filling up the DagBag from /home/airflow/.local/lib/python3.7/site-packages/airflow/example_dags/example_external_task_marker_dag.py
[2022-11-11T17:04:45.852+0000] {processor.py:768} INFO - DAG(s) dict_keys(['example_external_task_marker_child', 'example_external_task_marker_parent']) retrieved from /home/airflow/.local/lib/python3.7/site-packages/airflow/example_dags/example_external_task_marker_dag.py
[2022-11-11T17:04:46.479+0000] {logging_mixin.py:117} INFO - [2022-11-11T17:04:46.479+0000] {dag.py:2573} INFO - Sync 2 DAGs
[2022-11-11T17:04:46.517+0000] {logging_mixin.py:117} INFO - [2022-11-11T17:04:46.517+0000] {dag.py:3328} INFO - Setting next_dagrun for example_external_task_marker_child to None, run_after=None
[2022-11-11T17:04:46.537+0000] {logging_mixin.py:117} INFO - [2022-11-11T17:04:46.537+0000] {dag.py:3328} INFO - Setting next_dagrun for example_external_task_marker_parent to None, run_after=None
[2022-11-11T17:04:46.573+0000] {processor.py:178} INFO - Processing /home/airflow/.local/lib/python3.7/site-packages/airflow/example_dags/example_external_task_marker_dag.py took 0.868 seconds
[2022-11-11T18:44:01.746+0000] {processor.py:156} INFO - Started process (PID=14524) to work on /home/airflow/.local/lib/python3.7/site-packages/airflow/example_dags/example_external_task_marker_dag.py
[2022-11-11T18:44:01.753+0000] {processor.py:758} INFO - Processing file /home/airflow/.local/lib/python3.7/site-packages/airflow/example_dags/example_external_task_marker_dag.py for tasks to queue
[2022-11-11T18:44:01.756+0000] {logging_mixin.py:117} INFO - [2022-11-11T18:44:01.756+0000] {dagbag.py:525} INFO - Filling up the DagBag from /home/airflow/.local/lib/python3.7/site-packages/airflow/example_dags/example_external_task_marker_dag.py
[2022-11-11T18:44:01.784+0000] {processor.py:768} INFO - DAG(s) dict_keys(['example_external_task_marker_child', 'example_external_task_marker_parent']) retrieved from /home/airflow/.local/lib/python3.7/site-packages/airflow/example_dags/example_external_task_marker_dag.py
[2022-11-11T18:44:02.145+0000] {logging_mixin.py:117} INFO - [2022-11-11T18:44:02.145+0000] {dag.py:2573} INFO - Sync 2 DAGs
[2022-11-11T18:44:02.193+0000] {logging_mixin.py:117} INFO - [2022-11-11T18:44:02.193+0000] {dag.py:3328} INFO - Setting next_dagrun for example_external_task_marker_child to None, run_after=None
[2022-11-11T18:44:02.206+0000] {logging_mixin.py:117} INFO - [2022-11-11T18:44:02.206+0000] {dag.py:3328} INFO - Setting next_dagrun for example_external_task_marker_parent to None, run_after=None
[2022-11-11T18:44:02.270+0000] {processor.py:178} INFO - Processing /home/airflow/.local/lib/python3.7/site-packages/airflow/example_dags/example_external_task_marker_dag.py took 0.563 seconds
[2022-11-11T20:08:17.753+0000] {processor.py:156} INFO - Started process (PID=14580) to work on /home/airflow/.local/lib/python3.7/site-packages/airflow/example_dags/example_external_task_marker_dag.py
[2022-11-11T20:08:17.760+0000] {processor.py:758} INFO - Processing file /home/airflow/.local/lib/python3.7/site-packages/airflow/example_dags/example_external_task_marker_dag.py for tasks to queue
[2022-11-11T20:08:17.764+0000] {logging_mixin.py:117} INFO - [2022-11-11T20:08:17.764+0000] {dagbag.py:525} INFO - Filling up the DagBag from /home/airflow/.local/lib/python3.7/site-packages/airflow/example_dags/example_external_task_marker_dag.py
[2022-11-11T20:08:17.794+0000] {processor.py:768} INFO - DAG(s) dict_keys(['example_external_task_marker_child', 'example_external_task_marker_parent']) retrieved from /home/airflow/.local/lib/python3.7/site-packages/airflow/example_dags/example_external_task_marker_dag.py
[2022-11-11T20:08:18.137+0000] {logging_mixin.py:117} INFO - [2022-11-11T20:08:18.137+0000] {dag.py:2573} INFO - Sync 2 DAGs
[2022-11-11T20:08:18.184+0000] {logging_mixin.py:117} INFO - [2022-11-11T20:08:18.183+0000] {dag.py:3328} INFO - Setting next_dagrun for example_external_task_marker_child to None, run_after=None
[2022-11-11T20:08:18.194+0000] {logging_mixin.py:117} INFO - [2022-11-11T20:08:18.194+0000] {dag.py:3328} INFO - Setting next_dagrun for example_external_task_marker_parent to None, run_after=None
[2022-11-11T20:08:18.229+0000] {processor.py:178} INFO - Processing /home/airflow/.local/lib/python3.7/site-packages/airflow/example_dags/example_external_task_marker_dag.py took 0.480 seconds
[2022-11-11T21:30:09.626+0000] {processor.py:156} INFO - Started process (PID=14643) to work on /home/airflow/.local/lib/python3.7/site-packages/airflow/example_dags/example_external_task_marker_dag.py
[2022-11-11T21:30:09.634+0000] {processor.py:758} INFO - Processing file /home/airflow/.local/lib/python3.7/site-packages/airflow/example_dags/example_external_task_marker_dag.py for tasks to queue
[2022-11-11T21:30:09.636+0000] {logging_mixin.py:117} INFO - [2022-11-11T21:30:09.636+0000] {dagbag.py:525} INFO - Filling up the DagBag from /home/airflow/.local/lib/python3.7/site-packages/airflow/example_dags/example_external_task_marker_dag.py
[2022-11-11T21:30:09.654+0000] {processor.py:768} INFO - DAG(s) dict_keys(['example_external_task_marker_child', 'example_external_task_marker_parent']) retrieved from /home/airflow/.local/lib/python3.7/site-packages/airflow/example_dags/example_external_task_marker_dag.py
[2022-11-11T21:30:09.909+0000] {logging_mixin.py:117} INFO - [2022-11-11T21:30:09.908+0000] {dag.py:2573} INFO - Sync 2 DAGs
[2022-11-11T21:30:09.967+0000] {logging_mixin.py:117} INFO - [2022-11-11T21:30:09.967+0000] {dag.py:3328} INFO - Setting next_dagrun for example_external_task_marker_child to None, run_after=None
[2022-11-11T21:30:09.972+0000] {logging_mixin.py:117} INFO - [2022-11-11T21:30:09.972+0000] {dag.py:3328} INFO - Setting next_dagrun for example_external_task_marker_parent to None, run_after=None
[2022-11-11T21:30:09.993+0000] {processor.py:178} INFO - Processing /home/airflow/.local/lib/python3.7/site-packages/airflow/example_dags/example_external_task_marker_dag.py took 0.371 seconds
[2022-11-11T23:08:03.586+0000] {processor.py:156} INFO - Started process (PID=14697) to work on /home/airflow/.local/lib/python3.7/site-packages/airflow/example_dags/example_external_task_marker_dag.py
[2022-11-11T23:08:03.597+0000] {processor.py:758} INFO - Processing file /home/airflow/.local/lib/python3.7/site-packages/airflow/example_dags/example_external_task_marker_dag.py for tasks to queue
[2022-11-11T23:08:03.602+0000] {logging_mixin.py:117} INFO - [2022-11-11T23:08:03.602+0000] {dagbag.py:525} INFO - Filling up the DagBag from /home/airflow/.local/lib/python3.7/site-packages/airflow/example_dags/example_external_task_marker_dag.py
[2022-11-11T23:08:03.629+0000] {processor.py:768} INFO - DAG(s) dict_keys(['example_external_task_marker_parent', 'example_external_task_marker_child']) retrieved from /home/airflow/.local/lib/python3.7/site-packages/airflow/example_dags/example_external_task_marker_dag.py
[2022-11-11T23:08:03.886+0000] {logging_mixin.py:117} INFO - [2022-11-11T23:08:03.886+0000] {dag.py:2573} INFO - Sync 2 DAGs
[2022-11-11T23:08:03.956+0000] {logging_mixin.py:117} INFO - [2022-11-11T23:08:03.955+0000] {dag.py:3328} INFO - Setting next_dagrun for example_external_task_marker_child to None, run_after=None
[2022-11-11T23:08:03.968+0000] {logging_mixin.py:117} INFO - [2022-11-11T23:08:03.967+0000] {dag.py:3328} INFO - Setting next_dagrun for example_external_task_marker_parent to None, run_after=None
[2022-11-11T23:08:04.043+0000] {processor.py:178} INFO - Processing /home/airflow/.local/lib/python3.7/site-packages/airflow/example_dags/example_external_task_marker_dag.py took 0.460 seconds
