[2022-11-11T00:42:44.183+0000] {processor.py:156} INFO - Started process (PID=13771) to work on /home/airflow/.local/lib/python3.7/site-packages/airflow/example_dags/example_task_group.py
[2022-11-11T00:42:44.190+0000] {processor.py:758} INFO - Processing file /home/airflow/.local/lib/python3.7/site-packages/airflow/example_dags/example_task_group.py for tasks to queue
[2022-11-11T00:42:44.194+0000] {logging_mixin.py:117} INFO - [2022-11-11T00:42:44.194+0000] {dagbag.py:525} INFO - Filling up the DagBag from /home/airflow/.local/lib/python3.7/site-packages/airflow/example_dags/example_task_group.py
[2022-11-11T00:42:44.277+0000] {processor.py:768} INFO - DAG(s) dict_keys(['example_task_group']) retrieved from /home/airflow/.local/lib/python3.7/site-packages/airflow/example_dags/example_task_group.py
[2022-11-11T00:42:44.766+0000] {logging_mixin.py:117} INFO - [2022-11-11T00:42:44.766+0000] {dag.py:2573} INFO - Sync 1 DAGs
[2022-11-11T00:42:44.893+0000] {logging_mixin.py:117} INFO - [2022-11-11T00:42:44.893+0000] {dag.py:3328} INFO - Setting next_dagrun for example_task_group to 2022-11-10T00:42:44.892233+00:00, run_after=2022-11-11T00:42:44.892233+00:00
[2022-11-11T00:42:45.014+0000] {processor.py:178} INFO - Processing /home/airflow/.local/lib/python3.7/site-packages/airflow/example_dags/example_task_group.py took 0.836 seconds
[2022-11-11T02:28:02.046+0000] {processor.py:156} INFO - Started process (PID=13826) to work on /home/airflow/.local/lib/python3.7/site-packages/airflow/example_dags/example_task_group.py
[2022-11-11T02:28:02.052+0000] {processor.py:758} INFO - Processing file /home/airflow/.local/lib/python3.7/site-packages/airflow/example_dags/example_task_group.py for tasks to queue
[2022-11-11T02:28:02.054+0000] {logging_mixin.py:117} INFO - [2022-11-11T02:28:02.054+0000] {dagbag.py:525} INFO - Filling up the DagBag from /home/airflow/.local/lib/python3.7/site-packages/airflow/example_dags/example_task_group.py
[2022-11-11T02:28:02.079+0000] {processor.py:768} INFO - DAG(s) dict_keys(['example_task_group']) retrieved from /home/airflow/.local/lib/python3.7/site-packages/airflow/example_dags/example_task_group.py
[2022-11-11T02:28:02.201+0000] {logging_mixin.py:117} INFO - [2022-11-11T02:28:02.200+0000] {dag.py:2573} INFO - Sync 1 DAGs
[2022-11-11T02:28:02.299+0000] {logging_mixin.py:117} INFO - [2022-11-11T02:28:02.299+0000] {dag.py:3328} INFO - Setting next_dagrun for example_task_group to 2022-11-10T02:28:02.299221+00:00, run_after=2022-11-11T02:28:02.299221+00:00
[2022-11-11T02:28:02.436+0000] {processor.py:178} INFO - Processing /home/airflow/.local/lib/python3.7/site-packages/airflow/example_dags/example_task_group.py took 0.394 seconds
[2022-11-11T03:50:23.541+0000] {processor.py:156} INFO - Started process (PID=13881) to work on /home/airflow/.local/lib/python3.7/site-packages/airflow/example_dags/example_task_group.py
[2022-11-11T03:50:23.548+0000] {processor.py:758} INFO - Processing file /home/airflow/.local/lib/python3.7/site-packages/airflow/example_dags/example_task_group.py for tasks to queue
[2022-11-11T03:50:23.554+0000] {logging_mixin.py:117} INFO - [2022-11-11T03:50:23.553+0000] {dagbag.py:525} INFO - Filling up the DagBag from /home/airflow/.local/lib/python3.7/site-packages/airflow/example_dags/example_task_group.py
[2022-11-11T03:50:23.636+0000] {processor.py:768} INFO - DAG(s) dict_keys(['example_task_group']) retrieved from /home/airflow/.local/lib/python3.7/site-packages/airflow/example_dags/example_task_group.py
[2022-11-11T03:50:24.028+0000] {logging_mixin.py:117} INFO - [2022-11-11T03:50:24.028+0000] {dag.py:2573} INFO - Sync 1 DAGs
[2022-11-11T03:50:24.098+0000] {logging_mixin.py:117} INFO - [2022-11-11T03:50:24.098+0000] {dag.py:3328} INFO - Setting next_dagrun for example_task_group to 2022-11-10T03:50:24.096678+00:00, run_after=2022-11-11T03:50:24.096678+00:00
[2022-11-11T03:50:24.126+0000] {processor.py:178} INFO - Processing /home/airflow/.local/lib/python3.7/site-packages/airflow/example_dags/example_task_group.py took 0.599 seconds
[2022-11-11T05:13:14.369+0000] {processor.py:156} INFO - Started process (PID=13945) to work on /home/airflow/.local/lib/python3.7/site-packages/airflow/example_dags/example_task_group.py
[2022-11-11T05:13:14.382+0000] {processor.py:758} INFO - Processing file /home/airflow/.local/lib/python3.7/site-packages/airflow/example_dags/example_task_group.py for tasks to queue
[2022-11-11T05:13:14.386+0000] {logging_mixin.py:117} INFO - [2022-11-11T05:13:14.386+0000] {dagbag.py:525} INFO - Filling up the DagBag from /home/airflow/.local/lib/python3.7/site-packages/airflow/example_dags/example_task_group.py
[2022-11-11T05:13:14.553+0000] {processor.py:768} INFO - DAG(s) dict_keys(['example_task_group']) retrieved from /home/airflow/.local/lib/python3.7/site-packages/airflow/example_dags/example_task_group.py
[2022-11-11T05:13:14.747+0000] {logging_mixin.py:117} INFO - [2022-11-11T05:13:14.746+0000] {dag.py:2573} INFO - Sync 1 DAGs
[2022-11-11T05:13:14.878+0000] {logging_mixin.py:117} INFO - [2022-11-11T05:13:14.878+0000] {dag.py:3328} INFO - Setting next_dagrun for example_task_group to 2022-11-10T05:13:14.876917+00:00, run_after=2022-11-11T05:13:14.876917+00:00
[2022-11-11T05:13:14.977+0000] {processor.py:178} INFO - Processing /home/airflow/.local/lib/python3.7/site-packages/airflow/example_dags/example_task_group.py took 0.660 seconds
[2022-11-11T06:36:33.098+0000] {processor.py:156} INFO - Started process (PID=14000) to work on /home/airflow/.local/lib/python3.7/site-packages/airflow/example_dags/example_task_group.py
[2022-11-11T06:36:33.101+0000] {processor.py:758} INFO - Processing file /home/airflow/.local/lib/python3.7/site-packages/airflow/example_dags/example_task_group.py for tasks to queue
[2022-11-11T06:36:33.141+0000] {logging_mixin.py:117} INFO - [2022-11-11T06:36:33.141+0000] {dagbag.py:525} INFO - Filling up the DagBag from /home/airflow/.local/lib/python3.7/site-packages/airflow/example_dags/example_task_group.py
[2022-11-11T06:36:33.193+0000] {processor.py:768} INFO - DAG(s) dict_keys(['example_task_group']) retrieved from /home/airflow/.local/lib/python3.7/site-packages/airflow/example_dags/example_task_group.py
[2022-11-11T06:36:33.255+0000] {logging_mixin.py:117} INFO - [2022-11-11T06:36:33.255+0000] {dag.py:2573} INFO - Sync 1 DAGs
[2022-11-11T06:36:33.282+0000] {logging_mixin.py:117} INFO - [2022-11-11T06:36:33.282+0000] {dag.py:3328} INFO - Setting next_dagrun for example_task_group to 2022-11-10T06:36:33.282081+00:00, run_after=2022-11-11T06:36:33.282081+00:00
[2022-11-11T06:36:33.318+0000] {processor.py:178} INFO - Processing /home/airflow/.local/lib/python3.7/site-packages/airflow/example_dags/example_task_group.py took 0.224 seconds
[2022-11-11T07:57:05.353+0000] {processor.py:156} INFO - Started process (PID=14064) to work on /home/airflow/.local/lib/python3.7/site-packages/airflow/example_dags/example_task_group.py
[2022-11-11T07:57:05.356+0000] {processor.py:758} INFO - Processing file /home/airflow/.local/lib/python3.7/site-packages/airflow/example_dags/example_task_group.py for tasks to queue
[2022-11-11T07:57:05.358+0000] {logging_mixin.py:117} INFO - [2022-11-11T07:57:05.358+0000] {dagbag.py:525} INFO - Filling up the DagBag from /home/airflow/.local/lib/python3.7/site-packages/airflow/example_dags/example_task_group.py
[2022-11-11T07:57:05.601+0000] {processor.py:768} INFO - DAG(s) dict_keys(['example_task_group']) retrieved from /home/airflow/.local/lib/python3.7/site-packages/airflow/example_dags/example_task_group.py
[2022-11-11T07:57:05.899+0000] {logging_mixin.py:117} INFO - [2022-11-11T07:57:05.899+0000] {dag.py:2573} INFO - Sync 1 DAGs
[2022-11-11T07:57:05.995+0000] {logging_mixin.py:117} INFO - [2022-11-11T07:57:05.995+0000] {dag.py:3328} INFO - Setting next_dagrun for example_task_group to 2022-11-10T07:57:05.994923+00:00, run_after=2022-11-11T07:57:05.994923+00:00
[2022-11-11T07:57:06.033+0000] {processor.py:178} INFO - Processing /home/airflow/.local/lib/python3.7/site-packages/airflow/example_dags/example_task_group.py took 0.685 seconds
[2022-11-11T09:22:29.099+0000] {processor.py:156} INFO - Started process (PID=14129) to work on /home/airflow/.local/lib/python3.7/site-packages/airflow/example_dags/example_task_group.py
[2022-11-11T09:22:29.112+0000] {processor.py:758} INFO - Processing file /home/airflow/.local/lib/python3.7/site-packages/airflow/example_dags/example_task_group.py for tasks to queue
[2022-11-11T09:22:29.116+0000] {logging_mixin.py:117} INFO - [2022-11-11T09:22:29.116+0000] {dagbag.py:525} INFO - Filling up the DagBag from /home/airflow/.local/lib/python3.7/site-packages/airflow/example_dags/example_task_group.py
[2022-11-11T09:22:29.165+0000] {processor.py:768} INFO - DAG(s) dict_keys(['example_task_group']) retrieved from /home/airflow/.local/lib/python3.7/site-packages/airflow/example_dags/example_task_group.py
[2022-11-11T09:22:29.237+0000] {logging_mixin.py:117} INFO - [2022-11-11T09:22:29.237+0000] {dag.py:2573} INFO - Sync 1 DAGs
[2022-11-11T09:22:29.272+0000] {logging_mixin.py:117} INFO - [2022-11-11T09:22:29.272+0000] {dag.py:3328} INFO - Setting next_dagrun for example_task_group to 2022-11-10T09:22:29.272484+00:00, run_after=2022-11-11T09:22:29.272484+00:00
[2022-11-11T09:22:29.292+0000] {processor.py:178} INFO - Processing /home/airflow/.local/lib/python3.7/site-packages/airflow/example_dags/example_task_group.py took 0.198 seconds
[2022-11-11T10:26:50.791+0000] {processor.py:156} INFO - Started process (PID=14174) to work on /home/airflow/.local/lib/python3.7/site-packages/airflow/example_dags/example_task_group.py
[2022-11-11T10:26:50.797+0000] {processor.py:758} INFO - Processing file /home/airflow/.local/lib/python3.7/site-packages/airflow/example_dags/example_task_group.py for tasks to queue
[2022-11-11T10:26:50.802+0000] {logging_mixin.py:117} INFO - [2022-11-11T10:26:50.802+0000] {dagbag.py:525} INFO - Filling up the DagBag from /home/airflow/.local/lib/python3.7/site-packages/airflow/example_dags/example_task_group.py
[2022-11-11T10:26:50.831+0000] {processor.py:768} INFO - DAG(s) dict_keys(['example_task_group']) retrieved from /home/airflow/.local/lib/python3.7/site-packages/airflow/example_dags/example_task_group.py
[2022-11-11T10:26:50.900+0000] {logging_mixin.py:117} INFO - [2022-11-11T10:26:50.900+0000] {dag.py:2573} INFO - Sync 1 DAGs
[2022-11-11T10:26:50.937+0000] {logging_mixin.py:117} INFO - [2022-11-11T10:26:50.936+0000] {dag.py:3328} INFO - Setting next_dagrun for example_task_group to 2022-11-10T10:26:50.928749+00:00, run_after=2022-11-11T10:26:50.928749+00:00
[2022-11-11T10:26:50.964+0000] {processor.py:178} INFO - Processing /home/airflow/.local/lib/python3.7/site-packages/airflow/example_dags/example_task_group.py took 0.177 seconds
[2022-11-11T11:52:24.173+0000] {processor.py:156} INFO - Started process (PID=14238) to work on /home/airflow/.local/lib/python3.7/site-packages/airflow/example_dags/example_task_group.py
[2022-11-11T11:52:24.176+0000] {processor.py:758} INFO - Processing file /home/airflow/.local/lib/python3.7/site-packages/airflow/example_dags/example_task_group.py for tasks to queue
[2022-11-11T11:52:24.181+0000] {logging_mixin.py:117} INFO - [2022-11-11T11:52:24.181+0000] {dagbag.py:525} INFO - Filling up the DagBag from /home/airflow/.local/lib/python3.7/site-packages/airflow/example_dags/example_task_group.py
[2022-11-11T11:52:24.272+0000] {processor.py:768} INFO - DAG(s) dict_keys(['example_task_group']) retrieved from /home/airflow/.local/lib/python3.7/site-packages/airflow/example_dags/example_task_group.py
[2022-11-11T11:52:24.396+0000] {logging_mixin.py:117} INFO - [2022-11-11T11:52:24.396+0000] {dag.py:2573} INFO - Sync 1 DAGs
[2022-11-11T11:52:24.446+0000] {logging_mixin.py:117} INFO - [2022-11-11T11:52:24.446+0000] {dag.py:3328} INFO - Setting next_dagrun for example_task_group to 2022-11-10T11:52:24.446041+00:00, run_after=2022-11-11T11:52:24.446041+00:00
[2022-11-11T11:52:24.493+0000] {processor.py:178} INFO - Processing /home/airflow/.local/lib/python3.7/site-packages/airflow/example_dags/example_task_group.py took 0.332 seconds
[2022-11-11T13:17:17.684+0000] {processor.py:156} INFO - Started process (PID=14293) to work on /home/airflow/.local/lib/python3.7/site-packages/airflow/example_dags/example_task_group.py
[2022-11-11T13:17:17.698+0000] {processor.py:758} INFO - Processing file /home/airflow/.local/lib/python3.7/site-packages/airflow/example_dags/example_task_group.py for tasks to queue
[2022-11-11T13:17:17.701+0000] {logging_mixin.py:117} INFO - [2022-11-11T13:17:17.701+0000] {dagbag.py:525} INFO - Filling up the DagBag from /home/airflow/.local/lib/python3.7/site-packages/airflow/example_dags/example_task_group.py
[2022-11-11T13:17:17.732+0000] {processor.py:768} INFO - DAG(s) dict_keys(['example_task_group']) retrieved from /home/airflow/.local/lib/python3.7/site-packages/airflow/example_dags/example_task_group.py
[2022-11-11T13:17:17.781+0000] {logging_mixin.py:117} INFO - [2022-11-11T13:17:17.780+0000] {dag.py:2573} INFO - Sync 1 DAGs
[2022-11-11T13:17:17.811+0000] {logging_mixin.py:117} INFO - [2022-11-11T13:17:17.811+0000] {dag.py:3328} INFO - Setting next_dagrun for example_task_group to 2022-11-10T13:17:17.810768+00:00, run_after=2022-11-11T13:17:17.810768+00:00
[2022-11-11T13:17:17.847+0000] {processor.py:178} INFO - Processing /home/airflow/.local/lib/python3.7/site-packages/airflow/example_dags/example_task_group.py took 0.166 seconds
[2022-11-11T14:25:16.286+0000] {processor.py:156} INFO - Started process (PID=14348) to work on /home/airflow/.local/lib/python3.7/site-packages/airflow/example_dags/example_task_group.py
[2022-11-11T14:25:16.291+0000] {processor.py:758} INFO - Processing file /home/airflow/.local/lib/python3.7/site-packages/airflow/example_dags/example_task_group.py for tasks to queue
[2022-11-11T14:25:16.294+0000] {logging_mixin.py:117} INFO - [2022-11-11T14:25:16.294+0000] {dagbag.py:525} INFO - Filling up the DagBag from /home/airflow/.local/lib/python3.7/site-packages/airflow/example_dags/example_task_group.py
[2022-11-11T14:25:16.323+0000] {processor.py:768} INFO - DAG(s) dict_keys(['example_task_group']) retrieved from /home/airflow/.local/lib/python3.7/site-packages/airflow/example_dags/example_task_group.py
[2022-11-11T14:25:16.378+0000] {logging_mixin.py:117} INFO - [2022-11-11T14:25:16.378+0000] {dag.py:2573} INFO - Sync 1 DAGs
[2022-11-11T14:25:16.409+0000] {logging_mixin.py:117} INFO - [2022-11-11T14:25:16.409+0000] {dag.py:3328} INFO - Setting next_dagrun for example_task_group to 2022-11-10T14:25:16.409222+00:00, run_after=2022-11-11T14:25:16.409222+00:00
[2022-11-11T14:25:16.436+0000] {processor.py:178} INFO - Processing /home/airflow/.local/lib/python3.7/site-packages/airflow/example_dags/example_task_group.py took 0.152 seconds
[2022-11-11T15:46:04.606+0000] {processor.py:156} INFO - Started process (PID=14402) to work on /home/airflow/.local/lib/python3.7/site-packages/airflow/example_dags/example_task_group.py
[2022-11-11T15:46:04.829+0000] {processor.py:758} INFO - Processing file /home/airflow/.local/lib/python3.7/site-packages/airflow/example_dags/example_task_group.py for tasks to queue
[2022-11-11T15:46:04.892+0000] {logging_mixin.py:117} INFO - [2022-11-11T15:46:04.892+0000] {dagbag.py:525} INFO - Filling up the DagBag from /home/airflow/.local/lib/python3.7/site-packages/airflow/example_dags/example_task_group.py
[2022-11-11T15:46:04.927+0000] {processor.py:768} INFO - DAG(s) dict_keys(['example_task_group']) retrieved from /home/airflow/.local/lib/python3.7/site-packages/airflow/example_dags/example_task_group.py
[2022-11-11T15:46:05.010+0000] {logging_mixin.py:117} INFO - [2022-11-11T15:46:05.010+0000] {dag.py:2573} INFO - Sync 1 DAGs
[2022-11-11T15:46:05.117+0000] {logging_mixin.py:117} INFO - [2022-11-11T15:46:05.117+0000] {dag.py:3328} INFO - Setting next_dagrun for example_task_group to 2022-11-10T15:46:05.116832+00:00, run_after=2022-11-11T15:46:05.116832+00:00
[2022-11-11T15:46:05.160+0000] {processor.py:178} INFO - Processing /home/airflow/.local/lib/python3.7/site-packages/airflow/example_dags/example_task_group.py took 0.557 seconds
[2022-11-11T17:04:44.681+0000] {processor.py:156} INFO - Started process (PID=14466) to work on /home/airflow/.local/lib/python3.7/site-packages/airflow/example_dags/example_task_group.py
[2022-11-11T17:04:44.686+0000] {processor.py:758} INFO - Processing file /home/airflow/.local/lib/python3.7/site-packages/airflow/example_dags/example_task_group.py for tasks to queue
[2022-11-11T17:04:44.690+0000] {logging_mixin.py:117} INFO - [2022-11-11T17:04:44.689+0000] {dagbag.py:525} INFO - Filling up the DagBag from /home/airflow/.local/lib/python3.7/site-packages/airflow/example_dags/example_task_group.py
[2022-11-11T17:04:44.731+0000] {processor.py:768} INFO - DAG(s) dict_keys(['example_task_group']) retrieved from /home/airflow/.local/lib/python3.7/site-packages/airflow/example_dags/example_task_group.py
[2022-11-11T17:04:44.831+0000] {logging_mixin.py:117} INFO - [2022-11-11T17:04:44.830+0000] {dag.py:2573} INFO - Sync 1 DAGs
[2022-11-11T17:04:44.862+0000] {logging_mixin.py:117} INFO - [2022-11-11T17:04:44.862+0000] {dag.py:3328} INFO - Setting next_dagrun for example_task_group to 2022-11-10T17:04:44.861838+00:00, run_after=2022-11-11T17:04:44.861838+00:00
[2022-11-11T17:04:44.899+0000] {processor.py:178} INFO - Processing /home/airflow/.local/lib/python3.7/site-packages/airflow/example_dags/example_task_group.py took 0.221 seconds
[2022-11-11T18:44:01.030+0000] {processor.py:156} INFO - Started process (PID=14521) to work on /home/airflow/.local/lib/python3.7/site-packages/airflow/example_dags/example_task_group.py
[2022-11-11T18:44:01.034+0000] {processor.py:758} INFO - Processing file /home/airflow/.local/lib/python3.7/site-packages/airflow/example_dags/example_task_group.py for tasks to queue
[2022-11-11T18:44:01.040+0000] {logging_mixin.py:117} INFO - [2022-11-11T18:44:01.039+0000] {dagbag.py:525} INFO - Filling up the DagBag from /home/airflow/.local/lib/python3.7/site-packages/airflow/example_dags/example_task_group.py
[2022-11-11T18:44:01.073+0000] {processor.py:768} INFO - DAG(s) dict_keys(['example_task_group']) retrieved from /home/airflow/.local/lib/python3.7/site-packages/airflow/example_dags/example_task_group.py
[2022-11-11T18:44:01.120+0000] {logging_mixin.py:117} INFO - [2022-11-11T18:44:01.120+0000] {dag.py:2573} INFO - Sync 1 DAGs
[2022-11-11T18:44:01.198+0000] {logging_mixin.py:117} INFO - [2022-11-11T18:44:01.198+0000] {dag.py:3328} INFO - Setting next_dagrun for example_task_group to 2022-11-10T18:44:01.198450+00:00, run_after=2022-11-11T18:44:01.198450+00:00
[2022-11-11T18:44:01.254+0000] {processor.py:178} INFO - Processing /home/airflow/.local/lib/python3.7/site-packages/airflow/example_dags/example_task_group.py took 0.228 seconds
[2022-11-11T20:08:17.553+0000] {processor.py:156} INFO - Started process (PID=14577) to work on /home/airflow/.local/lib/python3.7/site-packages/airflow/example_dags/example_task_group.py
[2022-11-11T20:08:17.555+0000] {processor.py:758} INFO - Processing file /home/airflow/.local/lib/python3.7/site-packages/airflow/example_dags/example_task_group.py for tasks to queue
[2022-11-11T20:08:17.556+0000] {logging_mixin.py:117} INFO - [2022-11-11T20:08:17.556+0000] {dagbag.py:525} INFO - Filling up the DagBag from /home/airflow/.local/lib/python3.7/site-packages/airflow/example_dags/example_task_group.py
[2022-11-11T20:08:17.570+0000] {processor.py:768} INFO - DAG(s) dict_keys(['example_task_group']) retrieved from /home/airflow/.local/lib/python3.7/site-packages/airflow/example_dags/example_task_group.py
[2022-11-11T20:08:17.620+0000] {logging_mixin.py:117} INFO - [2022-11-11T20:08:17.620+0000] {dag.py:2573} INFO - Sync 1 DAGs
[2022-11-11T20:08:17.651+0000] {logging_mixin.py:117} INFO - [2022-11-11T20:08:17.650+0000] {dag.py:3328} INFO - Setting next_dagrun for example_task_group to 2022-11-10T20:08:17.650250+00:00, run_after=2022-11-11T20:08:17.650250+00:00
[2022-11-11T20:08:17.673+0000] {processor.py:178} INFO - Processing /home/airflow/.local/lib/python3.7/site-packages/airflow/example_dags/example_task_group.py took 0.126 seconds
[2022-11-11T21:30:09.203+0000] {processor.py:156} INFO - Started process (PID=14640) to work on /home/airflow/.local/lib/python3.7/site-packages/airflow/example_dags/example_task_group.py
[2022-11-11T21:30:09.206+0000] {processor.py:758} INFO - Processing file /home/airflow/.local/lib/python3.7/site-packages/airflow/example_dags/example_task_group.py for tasks to queue
[2022-11-11T21:30:09.209+0000] {logging_mixin.py:117} INFO - [2022-11-11T21:30:09.209+0000] {dagbag.py:525} INFO - Filling up the DagBag from /home/airflow/.local/lib/python3.7/site-packages/airflow/example_dags/example_task_group.py
[2022-11-11T21:30:09.255+0000] {processor.py:768} INFO - DAG(s) dict_keys(['example_task_group']) retrieved from /home/airflow/.local/lib/python3.7/site-packages/airflow/example_dags/example_task_group.py
[2022-11-11T21:30:09.303+0000] {logging_mixin.py:117} INFO - [2022-11-11T21:30:09.303+0000] {dag.py:2573} INFO - Sync 1 DAGs
[2022-11-11T21:30:09.337+0000] {logging_mixin.py:117} INFO - [2022-11-11T21:30:09.337+0000] {dag.py:3328} INFO - Setting next_dagrun for example_task_group to 2022-11-10T21:30:09.337417+00:00, run_after=2022-11-11T21:30:09.337417+00:00
[2022-11-11T21:30:09.374+0000] {processor.py:178} INFO - Processing /home/airflow/.local/lib/python3.7/site-packages/airflow/example_dags/example_task_group.py took 0.176 seconds
[2022-11-11T23:08:03.136+0000] {processor.py:156} INFO - Started process (PID=14694) to work on /home/airflow/.local/lib/python3.7/site-packages/airflow/example_dags/example_task_group.py
[2022-11-11T23:08:03.139+0000] {processor.py:758} INFO - Processing file /home/airflow/.local/lib/python3.7/site-packages/airflow/example_dags/example_task_group.py for tasks to queue
[2022-11-11T23:08:03.141+0000] {logging_mixin.py:117} INFO - [2022-11-11T23:08:03.141+0000] {dagbag.py:525} INFO - Filling up the DagBag from /home/airflow/.local/lib/python3.7/site-packages/airflow/example_dags/example_task_group.py
[2022-11-11T23:08:03.180+0000] {processor.py:768} INFO - DAG(s) dict_keys(['example_task_group']) retrieved from /home/airflow/.local/lib/python3.7/site-packages/airflow/example_dags/example_task_group.py
[2022-11-11T23:08:03.240+0000] {logging_mixin.py:117} INFO - [2022-11-11T23:08:03.240+0000] {dag.py:2573} INFO - Sync 1 DAGs
[2022-11-11T23:08:03.284+0000] {logging_mixin.py:117} INFO - [2022-11-11T23:08:03.284+0000] {dag.py:3328} INFO - Setting next_dagrun for example_task_group to 2022-11-10T23:08:03.284173+00:00, run_after=2022-11-11T23:08:03.284173+00:00
[2022-11-11T23:08:03.310+0000] {processor.py:178} INFO - Processing /home/airflow/.local/lib/python3.7/site-packages/airflow/example_dags/example_task_group.py took 0.186 seconds
