[2022-11-11T00:42:48.305+0000] {processor.py:156} INFO - Started process (PID=13777) to work on /home/airflow/.local/lib/python3.7/site-packages/airflow/example_dags/example_time_delta_sensor_async.py
[2022-11-11T00:42:48.307+0000] {processor.py:758} INFO - Processing file /home/airflow/.local/lib/python3.7/site-packages/airflow/example_dags/example_time_delta_sensor_async.py for tasks to queue
[2022-11-11T00:42:48.309+0000] {logging_mixin.py:117} INFO - [2022-11-11T00:42:48.308+0000] {dagbag.py:525} INFO - Filling up the DagBag from /home/airflow/.local/lib/python3.7/site-packages/airflow/example_dags/example_time_delta_sensor_async.py
[2022-11-11T00:42:48.320+0000] {processor.py:768} INFO - DAG(s) dict_keys(['example_time_delta_sensor_async']) retrieved from /home/airflow/.local/lib/python3.7/site-packages/airflow/example_dags/example_time_delta_sensor_async.py
[2022-11-11T00:42:48.439+0000] {logging_mixin.py:117} INFO - [2022-11-11T00:42:48.439+0000] {dag.py:2573} INFO - Sync 1 DAGs
[2022-11-11T00:42:48.454+0000] {logging_mixin.py:117} INFO - [2022-11-11T00:42:48.454+0000] {dag.py:3328} INFO - Setting next_dagrun for example_time_delta_sensor_async to None, run_after=None
[2022-11-11T00:42:48.466+0000] {processor.py:178} INFO - Processing /home/airflow/.local/lib/python3.7/site-packages/airflow/example_dags/example_time_delta_sensor_async.py took 0.164 seconds
[2022-11-11T02:28:03.562+0000] {processor.py:156} INFO - Started process (PID=13832) to work on /home/airflow/.local/lib/python3.7/site-packages/airflow/example_dags/example_time_delta_sensor_async.py
[2022-11-11T02:28:03.566+0000] {processor.py:758} INFO - Processing file /home/airflow/.local/lib/python3.7/site-packages/airflow/example_dags/example_time_delta_sensor_async.py for tasks to queue
[2022-11-11T02:28:03.569+0000] {logging_mixin.py:117} INFO - [2022-11-11T02:28:03.569+0000] {dagbag.py:525} INFO - Filling up the DagBag from /home/airflow/.local/lib/python3.7/site-packages/airflow/example_dags/example_time_delta_sensor_async.py
[2022-11-11T02:28:03.584+0000] {processor.py:768} INFO - DAG(s) dict_keys(['example_time_delta_sensor_async']) retrieved from /home/airflow/.local/lib/python3.7/site-packages/airflow/example_dags/example_time_delta_sensor_async.py
[2022-11-11T02:28:03.705+0000] {logging_mixin.py:117} INFO - [2022-11-11T02:28:03.705+0000] {dag.py:2573} INFO - Sync 1 DAGs
[2022-11-11T02:28:03.722+0000] {logging_mixin.py:117} INFO - [2022-11-11T02:28:03.722+0000] {dag.py:3328} INFO - Setting next_dagrun for example_time_delta_sensor_async to None, run_after=None
[2022-11-11T02:28:03.736+0000] {processor.py:178} INFO - Processing /home/airflow/.local/lib/python3.7/site-packages/airflow/example_dags/example_time_delta_sensor_async.py took 0.177 seconds
[2022-11-11T03:50:26.880+0000] {processor.py:156} INFO - Started process (PID=13894) to work on /home/airflow/.local/lib/python3.7/site-packages/airflow/example_dags/example_time_delta_sensor_async.py
[2022-11-11T03:50:26.900+0000] {processor.py:758} INFO - Processing file /home/airflow/.local/lib/python3.7/site-packages/airflow/example_dags/example_time_delta_sensor_async.py for tasks to queue
[2022-11-11T03:50:26.903+0000] {logging_mixin.py:117} INFO - [2022-11-11T03:50:26.903+0000] {dagbag.py:525} INFO - Filling up the DagBag from /home/airflow/.local/lib/python3.7/site-packages/airflow/example_dags/example_time_delta_sensor_async.py
[2022-11-11T03:50:27.301+0000] {processor.py:768} INFO - DAG(s) dict_keys(['example_time_delta_sensor_async']) retrieved from /home/airflow/.local/lib/python3.7/site-packages/airflow/example_dags/example_time_delta_sensor_async.py
[2022-11-11T03:50:28.036+0000] {logging_mixin.py:117} INFO - [2022-11-11T03:50:28.034+0000] {dag.py:2573} INFO - Sync 1 DAGs
[2022-11-11T03:50:28.219+0000] {logging_mixin.py:117} INFO - [2022-11-11T03:50:28.219+0000] {dag.py:3328} INFO - Setting next_dagrun for example_time_delta_sensor_async to None, run_after=None
[2022-11-11T03:50:28.435+0000] {processor.py:178} INFO - Processing /home/airflow/.local/lib/python3.7/site-packages/airflow/example_dags/example_time_delta_sensor_async.py took 1.575 seconds
[2022-11-11T05:13:16.245+0000] {processor.py:156} INFO - Started process (PID=13951) to work on /home/airflow/.local/lib/python3.7/site-packages/airflow/example_dags/example_time_delta_sensor_async.py
[2022-11-11T05:13:16.247+0000] {processor.py:758} INFO - Processing file /home/airflow/.local/lib/python3.7/site-packages/airflow/example_dags/example_time_delta_sensor_async.py for tasks to queue
[2022-11-11T05:13:16.248+0000] {logging_mixin.py:117} INFO - [2022-11-11T05:13:16.248+0000] {dagbag.py:525} INFO - Filling up the DagBag from /home/airflow/.local/lib/python3.7/site-packages/airflow/example_dags/example_time_delta_sensor_async.py
[2022-11-11T05:13:16.258+0000] {processor.py:768} INFO - DAG(s) dict_keys(['example_time_delta_sensor_async']) retrieved from /home/airflow/.local/lib/python3.7/site-packages/airflow/example_dags/example_time_delta_sensor_async.py
[2022-11-11T05:13:16.380+0000] {logging_mixin.py:117} INFO - [2022-11-11T05:13:16.380+0000] {dag.py:2573} INFO - Sync 1 DAGs
[2022-11-11T05:13:16.397+0000] {logging_mixin.py:117} INFO - [2022-11-11T05:13:16.397+0000] {dag.py:3328} INFO - Setting next_dagrun for example_time_delta_sensor_async to None, run_after=None
[2022-11-11T05:13:16.414+0000] {processor.py:178} INFO - Processing /home/airflow/.local/lib/python3.7/site-packages/airflow/example_dags/example_time_delta_sensor_async.py took 0.172 seconds
[2022-11-11T06:36:34.825+0000] {processor.py:156} INFO - Started process (PID=14006) to work on /home/airflow/.local/lib/python3.7/site-packages/airflow/example_dags/example_time_delta_sensor_async.py
[2022-11-11T06:36:34.829+0000] {processor.py:758} INFO - Processing file /home/airflow/.local/lib/python3.7/site-packages/airflow/example_dags/example_time_delta_sensor_async.py for tasks to queue
[2022-11-11T06:36:34.832+0000] {logging_mixin.py:117} INFO - [2022-11-11T06:36:34.831+0000] {dagbag.py:525} INFO - Filling up the DagBag from /home/airflow/.local/lib/python3.7/site-packages/airflow/example_dags/example_time_delta_sensor_async.py
[2022-11-11T06:36:34.882+0000] {processor.py:768} INFO - DAG(s) dict_keys(['example_time_delta_sensor_async']) retrieved from /home/airflow/.local/lib/python3.7/site-packages/airflow/example_dags/example_time_delta_sensor_async.py
[2022-11-11T06:36:35.422+0000] {logging_mixin.py:117} INFO - [2022-11-11T06:36:35.378+0000] {dag.py:2573} INFO - Sync 1 DAGs
[2022-11-11T06:36:35.653+0000] {logging_mixin.py:117} INFO - [2022-11-11T06:36:35.653+0000] {dag.py:3328} INFO - Setting next_dagrun for example_time_delta_sensor_async to None, run_after=None
[2022-11-11T06:36:35.843+0000] {processor.py:178} INFO - Processing /home/airflow/.local/lib/python3.7/site-packages/airflow/example_dags/example_time_delta_sensor_async.py took 1.030 seconds
[2022-11-11T07:57:07.296+0000] {processor.py:156} INFO - Started process (PID=14070) to work on /home/airflow/.local/lib/python3.7/site-packages/airflow/example_dags/example_time_delta_sensor_async.py
[2022-11-11T07:57:07.302+0000] {processor.py:758} INFO - Processing file /home/airflow/.local/lib/python3.7/site-packages/airflow/example_dags/example_time_delta_sensor_async.py for tasks to queue
[2022-11-11T07:57:07.305+0000] {logging_mixin.py:117} INFO - [2022-11-11T07:57:07.305+0000] {dagbag.py:525} INFO - Filling up the DagBag from /home/airflow/.local/lib/python3.7/site-packages/airflow/example_dags/example_time_delta_sensor_async.py
[2022-11-11T07:57:07.356+0000] {processor.py:768} INFO - DAG(s) dict_keys(['example_time_delta_sensor_async']) retrieved from /home/airflow/.local/lib/python3.7/site-packages/airflow/example_dags/example_time_delta_sensor_async.py
[2022-11-11T07:57:07.753+0000] {logging_mixin.py:117} INFO - [2022-11-11T07:57:07.752+0000] {dag.py:2573} INFO - Sync 1 DAGs
[2022-11-11T07:57:07.924+0000] {logging_mixin.py:117} INFO - [2022-11-11T07:57:07.924+0000] {dag.py:3328} INFO - Setting next_dagrun for example_time_delta_sensor_async to None, run_after=None
[2022-11-11T07:57:08.051+0000] {processor.py:178} INFO - Processing /home/airflow/.local/lib/python3.7/site-packages/airflow/example_dags/example_time_delta_sensor_async.py took 0.774 seconds
[2022-11-11T09:22:31.053+0000] {processor.py:156} INFO - Started process (PID=14135) to work on /home/airflow/.local/lib/python3.7/site-packages/airflow/example_dags/example_time_delta_sensor_async.py
[2022-11-11T09:22:31.060+0000] {processor.py:758} INFO - Processing file /home/airflow/.local/lib/python3.7/site-packages/airflow/example_dags/example_time_delta_sensor_async.py for tasks to queue
[2022-11-11T09:22:31.063+0000] {logging_mixin.py:117} INFO - [2022-11-11T09:22:31.062+0000] {dagbag.py:525} INFO - Filling up the DagBag from /home/airflow/.local/lib/python3.7/site-packages/airflow/example_dags/example_time_delta_sensor_async.py
[2022-11-11T09:22:31.192+0000] {processor.py:768} INFO - DAG(s) dict_keys(['example_time_delta_sensor_async']) retrieved from /home/airflow/.local/lib/python3.7/site-packages/airflow/example_dags/example_time_delta_sensor_async.py
[2022-11-11T09:22:32.254+0000] {logging_mixin.py:117} INFO - [2022-11-11T09:22:32.254+0000] {dag.py:2573} INFO - Sync 1 DAGs
[2022-11-11T09:22:32.403+0000] {logging_mixin.py:117} INFO - [2022-11-11T09:22:32.403+0000] {dag.py:3328} INFO - Setting next_dagrun for example_time_delta_sensor_async to None, run_after=None
[2022-11-11T09:22:32.480+0000] {processor.py:178} INFO - Processing /home/airflow/.local/lib/python3.7/site-packages/airflow/example_dags/example_time_delta_sensor_async.py took 1.493 seconds
[2022-11-11T10:26:53.040+0000] {processor.py:156} INFO - Started process (PID=14187) to work on /home/airflow/.local/lib/python3.7/site-packages/airflow/example_dags/example_time_delta_sensor_async.py
[2022-11-11T10:26:53.055+0000] {processor.py:758} INFO - Processing file /home/airflow/.local/lib/python3.7/site-packages/airflow/example_dags/example_time_delta_sensor_async.py for tasks to queue
[2022-11-11T10:26:53.061+0000] {logging_mixin.py:117} INFO - [2022-11-11T10:26:53.061+0000] {dagbag.py:525} INFO - Filling up the DagBag from /home/airflow/.local/lib/python3.7/site-packages/airflow/example_dags/example_time_delta_sensor_async.py
[2022-11-11T10:26:53.231+0000] {processor.py:768} INFO - DAG(s) dict_keys(['example_time_delta_sensor_async']) retrieved from /home/airflow/.local/lib/python3.7/site-packages/airflow/example_dags/example_time_delta_sensor_async.py
[2022-11-11T10:26:54.012+0000] {logging_mixin.py:117} INFO - [2022-11-11T10:26:54.011+0000] {dag.py:2573} INFO - Sync 1 DAGs
[2022-11-11T10:26:54.049+0000] {logging_mixin.py:117} INFO - [2022-11-11T10:26:54.049+0000] {dag.py:3328} INFO - Setting next_dagrun for example_time_delta_sensor_async to None, run_after=None
[2022-11-11T10:26:54.157+0000] {processor.py:178} INFO - Processing /home/airflow/.local/lib/python3.7/site-packages/airflow/example_dags/example_time_delta_sensor_async.py took 1.127 seconds
[2022-11-11T11:52:27.564+0000] {processor.py:156} INFO - Started process (PID=14244) to work on /home/airflow/.local/lib/python3.7/site-packages/airflow/example_dags/example_time_delta_sensor_async.py
[2022-11-11T11:52:27.570+0000] {processor.py:758} INFO - Processing file /home/airflow/.local/lib/python3.7/site-packages/airflow/example_dags/example_time_delta_sensor_async.py for tasks to queue
[2022-11-11T11:52:27.575+0000] {logging_mixin.py:117} INFO - [2022-11-11T11:52:27.574+0000] {dagbag.py:525} INFO - Filling up the DagBag from /home/airflow/.local/lib/python3.7/site-packages/airflow/example_dags/example_time_delta_sensor_async.py
[2022-11-11T11:52:27.617+0000] {processor.py:768} INFO - DAG(s) dict_keys(['example_time_delta_sensor_async']) retrieved from /home/airflow/.local/lib/python3.7/site-packages/airflow/example_dags/example_time_delta_sensor_async.py
[2022-11-11T11:52:28.440+0000] {logging_mixin.py:117} INFO - [2022-11-11T11:52:28.439+0000] {dag.py:2573} INFO - Sync 1 DAGs
[2022-11-11T11:52:28.589+0000] {logging_mixin.py:117} INFO - [2022-11-11T11:52:28.589+0000] {dag.py:3328} INFO - Setting next_dagrun for example_time_delta_sensor_async to None, run_after=None
[2022-11-11T11:52:28.634+0000] {processor.py:178} INFO - Processing /home/airflow/.local/lib/python3.7/site-packages/airflow/example_dags/example_time_delta_sensor_async.py took 1.081 seconds
[2022-11-11T13:17:19.782+0000] {processor.py:156} INFO - Started process (PID=14299) to work on /home/airflow/.local/lib/python3.7/site-packages/airflow/example_dags/example_time_delta_sensor_async.py
[2022-11-11T13:17:19.790+0000] {processor.py:758} INFO - Processing file /home/airflow/.local/lib/python3.7/site-packages/airflow/example_dags/example_time_delta_sensor_async.py for tasks to queue
[2022-11-11T13:17:19.795+0000] {logging_mixin.py:117} INFO - [2022-11-11T13:17:19.795+0000] {dagbag.py:525} INFO - Filling up the DagBag from /home/airflow/.local/lib/python3.7/site-packages/airflow/example_dags/example_time_delta_sensor_async.py
[2022-11-11T13:17:19.888+0000] {processor.py:768} INFO - DAG(s) dict_keys(['example_time_delta_sensor_async']) retrieved from /home/airflow/.local/lib/python3.7/site-packages/airflow/example_dags/example_time_delta_sensor_async.py
[2022-11-11T13:17:20.378+0000] {logging_mixin.py:117} INFO - [2022-11-11T13:17:20.377+0000] {dag.py:2573} INFO - Sync 1 DAGs
[2022-11-11T13:17:20.426+0000] {logging_mixin.py:117} INFO - [2022-11-11T13:17:20.426+0000] {dag.py:3328} INFO - Setting next_dagrun for example_time_delta_sensor_async to None, run_after=None
[2022-11-11T13:17:20.447+0000] {processor.py:178} INFO - Processing /home/airflow/.local/lib/python3.7/site-packages/airflow/example_dags/example_time_delta_sensor_async.py took 0.675 seconds
[2022-11-11T14:25:17.473+0000] {processor.py:156} INFO - Started process (PID=14354) to work on /home/airflow/.local/lib/python3.7/site-packages/airflow/example_dags/example_time_delta_sensor_async.py
[2022-11-11T14:25:17.476+0000] {processor.py:758} INFO - Processing file /home/airflow/.local/lib/python3.7/site-packages/airflow/example_dags/example_time_delta_sensor_async.py for tasks to queue
[2022-11-11T14:25:17.477+0000] {logging_mixin.py:117} INFO - [2022-11-11T14:25:17.477+0000] {dagbag.py:525} INFO - Filling up the DagBag from /home/airflow/.local/lib/python3.7/site-packages/airflow/example_dags/example_time_delta_sensor_async.py
[2022-11-11T14:25:17.504+0000] {processor.py:768} INFO - DAG(s) dict_keys(['example_time_delta_sensor_async']) retrieved from /home/airflow/.local/lib/python3.7/site-packages/airflow/example_dags/example_time_delta_sensor_async.py
[2022-11-11T14:25:17.724+0000] {logging_mixin.py:117} INFO - [2022-11-11T14:25:17.723+0000] {dag.py:2573} INFO - Sync 1 DAGs
[2022-11-11T14:25:17.751+0000] {logging_mixin.py:117} INFO - [2022-11-11T14:25:17.751+0000] {dag.py:3328} INFO - Setting next_dagrun for example_time_delta_sensor_async to None, run_after=None
[2022-11-11T14:25:17.796+0000] {processor.py:178} INFO - Processing /home/airflow/.local/lib/python3.7/site-packages/airflow/example_dags/example_time_delta_sensor_async.py took 0.331 seconds
[2022-11-11T15:46:07.233+0000] {processor.py:156} INFO - Started process (PID=14408) to work on /home/airflow/.local/lib/python3.7/site-packages/airflow/example_dags/example_time_delta_sensor_async.py
[2022-11-11T15:46:07.248+0000] {processor.py:758} INFO - Processing file /home/airflow/.local/lib/python3.7/site-packages/airflow/example_dags/example_time_delta_sensor_async.py for tasks to queue
[2022-11-11T15:46:07.259+0000] {logging_mixin.py:117} INFO - [2022-11-11T15:46:07.259+0000] {dagbag.py:525} INFO - Filling up the DagBag from /home/airflow/.local/lib/python3.7/site-packages/airflow/example_dags/example_time_delta_sensor_async.py
[2022-11-11T15:46:07.319+0000] {processor.py:768} INFO - DAG(s) dict_keys(['example_time_delta_sensor_async']) retrieved from /home/airflow/.local/lib/python3.7/site-packages/airflow/example_dags/example_time_delta_sensor_async.py
[2022-11-11T15:46:08.011+0000] {logging_mixin.py:117} INFO - [2022-11-11T15:46:08.010+0000] {dag.py:2573} INFO - Sync 1 DAGs
[2022-11-11T15:46:08.146+0000] {logging_mixin.py:117} INFO - [2022-11-11T15:46:08.146+0000] {dag.py:3328} INFO - Setting next_dagrun for example_time_delta_sensor_async to None, run_after=None
[2022-11-11T15:46:08.206+0000] {processor.py:178} INFO - Processing /home/airflow/.local/lib/python3.7/site-packages/airflow/example_dags/example_time_delta_sensor_async.py took 1.026 seconds
[2022-11-11T17:04:46.802+0000] {processor.py:156} INFO - Started process (PID=14472) to work on /home/airflow/.local/lib/python3.7/site-packages/airflow/example_dags/example_time_delta_sensor_async.py
[2022-11-11T17:04:46.805+0000] {processor.py:758} INFO - Processing file /home/airflow/.local/lib/python3.7/site-packages/airflow/example_dags/example_time_delta_sensor_async.py for tasks to queue
[2022-11-11T17:04:46.809+0000] {logging_mixin.py:117} INFO - [2022-11-11T17:04:46.809+0000] {dagbag.py:525} INFO - Filling up the DagBag from /home/airflow/.local/lib/python3.7/site-packages/airflow/example_dags/example_time_delta_sensor_async.py
[2022-11-11T17:04:46.837+0000] {processor.py:768} INFO - DAG(s) dict_keys(['example_time_delta_sensor_async']) retrieved from /home/airflow/.local/lib/python3.7/site-packages/airflow/example_dags/example_time_delta_sensor_async.py
[2022-11-11T17:04:47.175+0000] {logging_mixin.py:117} INFO - [2022-11-11T17:04:47.175+0000] {dag.py:2573} INFO - Sync 1 DAGs
[2022-11-11T17:04:47.230+0000] {logging_mixin.py:117} INFO - [2022-11-11T17:04:47.229+0000] {dag.py:3328} INFO - Setting next_dagrun for example_time_delta_sensor_async to None, run_after=None
[2022-11-11T17:04:47.258+0000] {processor.py:178} INFO - Processing /home/airflow/.local/lib/python3.7/site-packages/airflow/example_dags/example_time_delta_sensor_async.py took 0.462 seconds
[2022-11-11T18:44:03.039+0000] {processor.py:156} INFO - Started process (PID=14527) to work on /home/airflow/.local/lib/python3.7/site-packages/airflow/example_dags/example_time_delta_sensor_async.py
[2022-11-11T18:44:03.047+0000] {processor.py:758} INFO - Processing file /home/airflow/.local/lib/python3.7/site-packages/airflow/example_dags/example_time_delta_sensor_async.py for tasks to queue
[2022-11-11T18:44:03.053+0000] {logging_mixin.py:117} INFO - [2022-11-11T18:44:03.052+0000] {dagbag.py:525} INFO - Filling up the DagBag from /home/airflow/.local/lib/python3.7/site-packages/airflow/example_dags/example_time_delta_sensor_async.py
[2022-11-11T18:44:03.120+0000] {processor.py:768} INFO - DAG(s) dict_keys(['example_time_delta_sensor_async']) retrieved from /home/airflow/.local/lib/python3.7/site-packages/airflow/example_dags/example_time_delta_sensor_async.py
[2022-11-11T18:44:04.085+0000] {logging_mixin.py:117} INFO - [2022-11-11T18:44:04.084+0000] {dag.py:2573} INFO - Sync 1 DAGs
[2022-11-11T18:44:04.160+0000] {logging_mixin.py:117} INFO - [2022-11-11T18:44:04.160+0000] {dag.py:3328} INFO - Setting next_dagrun for example_time_delta_sensor_async to None, run_after=None
[2022-11-11T18:44:04.261+0000] {processor.py:178} INFO - Processing /home/airflow/.local/lib/python3.7/site-packages/airflow/example_dags/example_time_delta_sensor_async.py took 1.231 seconds
[2022-11-11T20:08:18.305+0000] {processor.py:156} INFO - Started process (PID=14583) to work on /home/airflow/.local/lib/python3.7/site-packages/airflow/example_dags/example_time_delta_sensor_async.py
[2022-11-11T20:08:18.314+0000] {processor.py:758} INFO - Processing file /home/airflow/.local/lib/python3.7/site-packages/airflow/example_dags/example_time_delta_sensor_async.py for tasks to queue
[2022-11-11T20:08:18.316+0000] {logging_mixin.py:117} INFO - [2022-11-11T20:08:18.316+0000] {dagbag.py:525} INFO - Filling up the DagBag from /home/airflow/.local/lib/python3.7/site-packages/airflow/example_dags/example_time_delta_sensor_async.py
[2022-11-11T20:08:18.425+0000] {processor.py:768} INFO - DAG(s) dict_keys(['example_time_delta_sensor_async']) retrieved from /home/airflow/.local/lib/python3.7/site-packages/airflow/example_dags/example_time_delta_sensor_async.py
[2022-11-11T20:08:19.717+0000] {logging_mixin.py:117} INFO - [2022-11-11T20:08:19.717+0000] {dag.py:2573} INFO - Sync 1 DAGs
[2022-11-11T20:08:19.777+0000] {logging_mixin.py:117} INFO - [2022-11-11T20:08:19.776+0000] {dag.py:3328} INFO - Setting next_dagrun for example_time_delta_sensor_async to None, run_after=None
[2022-11-11T20:08:19.810+0000] {processor.py:178} INFO - Processing /home/airflow/.local/lib/python3.7/site-packages/airflow/example_dags/example_time_delta_sensor_async.py took 1.511 seconds
[2022-11-11T21:30:10.029+0000] {processor.py:156} INFO - Started process (PID=14646) to work on /home/airflow/.local/lib/python3.7/site-packages/airflow/example_dags/example_time_delta_sensor_async.py
[2022-11-11T21:30:10.030+0000] {processor.py:758} INFO - Processing file /home/airflow/.local/lib/python3.7/site-packages/airflow/example_dags/example_time_delta_sensor_async.py for tasks to queue
[2022-11-11T21:30:10.032+0000] {logging_mixin.py:117} INFO - [2022-11-11T21:30:10.032+0000] {dagbag.py:525} INFO - Filling up the DagBag from /home/airflow/.local/lib/python3.7/site-packages/airflow/example_dags/example_time_delta_sensor_async.py
[2022-11-11T21:30:10.048+0000] {processor.py:768} INFO - DAG(s) dict_keys(['example_time_delta_sensor_async']) retrieved from /home/airflow/.local/lib/python3.7/site-packages/airflow/example_dags/example_time_delta_sensor_async.py
[2022-11-11T21:30:10.348+0000] {logging_mixin.py:117} INFO - [2022-11-11T21:30:10.348+0000] {dag.py:2573} INFO - Sync 1 DAGs
[2022-11-11T21:30:10.382+0000] {logging_mixin.py:117} INFO - [2022-11-11T21:30:10.382+0000] {dag.py:3328} INFO - Setting next_dagrun for example_time_delta_sensor_async to None, run_after=None
[2022-11-11T21:30:10.443+0000] {processor.py:178} INFO - Processing /home/airflow/.local/lib/python3.7/site-packages/airflow/example_dags/example_time_delta_sensor_async.py took 0.416 seconds
[2022-11-11T23:08:04.330+0000] {processor.py:156} INFO - Started process (PID=14700) to work on /home/airflow/.local/lib/python3.7/site-packages/airflow/example_dags/example_time_delta_sensor_async.py
[2022-11-11T23:08:04.332+0000] {processor.py:758} INFO - Processing file /home/airflow/.local/lib/python3.7/site-packages/airflow/example_dags/example_time_delta_sensor_async.py for tasks to queue
[2022-11-11T23:08:04.335+0000] {logging_mixin.py:117} INFO - [2022-11-11T23:08:04.334+0000] {dagbag.py:525} INFO - Filling up the DagBag from /home/airflow/.local/lib/python3.7/site-packages/airflow/example_dags/example_time_delta_sensor_async.py
[2022-11-11T23:08:04.372+0000] {processor.py:768} INFO - DAG(s) dict_keys(['example_time_delta_sensor_async']) retrieved from /home/airflow/.local/lib/python3.7/site-packages/airflow/example_dags/example_time_delta_sensor_async.py
[2022-11-11T23:08:04.576+0000] {logging_mixin.py:117} INFO - [2022-11-11T23:08:04.576+0000] {dag.py:2573} INFO - Sync 1 DAGs
[2022-11-11T23:08:04.689+0000] {logging_mixin.py:117} INFO - [2022-11-11T23:08:04.688+0000] {dag.py:3328} INFO - Setting next_dagrun for example_time_delta_sensor_async to None, run_after=None
[2022-11-11T23:08:04.730+0000] {processor.py:178} INFO - Processing /home/airflow/.local/lib/python3.7/site-packages/airflow/example_dags/example_time_delta_sensor_async.py took 0.402 seconds
