[2022-11-11T00:42:42.716+0000] {processor.py:156} INFO - Started process (PID=13758) to work on /home/airflow/.local/lib/python3.7/site-packages/airflow/example_dags/example_short_circuit_decorator.py
[2022-11-11T00:42:42.722+0000] {processor.py:758} INFO - Processing file /home/airflow/.local/lib/python3.7/site-packages/airflow/example_dags/example_short_circuit_decorator.py for tasks to queue
[2022-11-11T00:42:42.734+0000] {logging_mixin.py:117} INFO - [2022-11-11T00:42:42.730+0000] {dagbag.py:525} INFO - Filling up the DagBag from /home/airflow/.local/lib/python3.7/site-packages/airflow/example_dags/example_short_circuit_decorator.py
[2022-11-11T00:42:42.837+0000] {processor.py:768} INFO - DAG(s) dict_keys(['example_short_circuit_decorator']) retrieved from /home/airflow/.local/lib/python3.7/site-packages/airflow/example_dags/example_short_circuit_decorator.py
[2022-11-11T00:42:42.980+0000] {logging_mixin.py:117} INFO - [2022-11-11T00:42:42.979+0000] {dag.py:2573} INFO - Sync 1 DAGs
[2022-11-11T00:42:43.019+0000] {logging_mixin.py:117} INFO - [2022-11-11T00:42:43.019+0000] {dag.py:3328} INFO - Setting next_dagrun for example_short_circuit_decorator to 2022-11-10T00:42:43.018609+00:00, run_after=2022-11-11T00:42:43.018609+00:00
[2022-11-11T00:42:43.089+0000] {processor.py:178} INFO - Processing /home/airflow/.local/lib/python3.7/site-packages/airflow/example_dags/example_short_circuit_decorator.py took 0.385 seconds
[2022-11-11T02:28:01.495+0000] {processor.py:156} INFO - Started process (PID=13822) to work on /home/airflow/.local/lib/python3.7/site-packages/airflow/example_dags/example_short_circuit_decorator.py
[2022-11-11T02:28:01.497+0000] {processor.py:758} INFO - Processing file /home/airflow/.local/lib/python3.7/site-packages/airflow/example_dags/example_short_circuit_decorator.py for tasks to queue
[2022-11-11T02:28:01.503+0000] {logging_mixin.py:117} INFO - [2022-11-11T02:28:01.503+0000] {dagbag.py:525} INFO - Filling up the DagBag from /home/airflow/.local/lib/python3.7/site-packages/airflow/example_dags/example_short_circuit_decorator.py
[2022-11-11T02:28:01.529+0000] {processor.py:768} INFO - DAG(s) dict_keys(['example_short_circuit_decorator']) retrieved from /home/airflow/.local/lib/python3.7/site-packages/airflow/example_dags/example_short_circuit_decorator.py
[2022-11-11T02:28:01.572+0000] {logging_mixin.py:117} INFO - [2022-11-11T02:28:01.572+0000] {dag.py:2573} INFO - Sync 1 DAGs
[2022-11-11T02:28:01.611+0000] {logging_mixin.py:117} INFO - [2022-11-11T02:28:01.610+0000] {dag.py:3328} INFO - Setting next_dagrun for example_short_circuit_decorator to 2022-11-10T02:28:01.610782+00:00, run_after=2022-11-11T02:28:01.610782+00:00
[2022-11-11T02:28:01.642+0000] {processor.py:178} INFO - Processing /home/airflow/.local/lib/python3.7/site-packages/airflow/example_dags/example_short_circuit_decorator.py took 0.149 seconds
[2022-11-11T03:50:22.317+0000] {processor.py:156} INFO - Started process (PID=13877) to work on /home/airflow/.local/lib/python3.7/site-packages/airflow/example_dags/example_short_circuit_decorator.py
[2022-11-11T03:50:22.378+0000] {processor.py:758} INFO - Processing file /home/airflow/.local/lib/python3.7/site-packages/airflow/example_dags/example_short_circuit_decorator.py for tasks to queue
[2022-11-11T03:50:22.385+0000] {logging_mixin.py:117} INFO - [2022-11-11T03:50:22.385+0000] {dagbag.py:525} INFO - Filling up the DagBag from /home/airflow/.local/lib/python3.7/site-packages/airflow/example_dags/example_short_circuit_decorator.py
[2022-11-11T03:50:22.444+0000] {processor.py:768} INFO - DAG(s) dict_keys(['example_short_circuit_decorator']) retrieved from /home/airflow/.local/lib/python3.7/site-packages/airflow/example_dags/example_short_circuit_decorator.py
[2022-11-11T03:50:22.926+0000] {logging_mixin.py:117} INFO - [2022-11-11T03:50:22.925+0000] {dag.py:2573} INFO - Sync 1 DAGs
[2022-11-11T03:50:23.051+0000] {logging_mixin.py:117} INFO - [2022-11-11T03:50:23.051+0000] {dag.py:3328} INFO - Setting next_dagrun for example_short_circuit_decorator to 2022-11-10T03:50:23.050407+00:00, run_after=2022-11-11T03:50:23.050407+00:00
[2022-11-11T03:50:23.074+0000] {processor.py:178} INFO - Processing /home/airflow/.local/lib/python3.7/site-packages/airflow/example_dags/example_short_circuit_decorator.py took 0.998 seconds
[2022-11-11T05:13:13.442+0000] {processor.py:156} INFO - Started process (PID=13941) to work on /home/airflow/.local/lib/python3.7/site-packages/airflow/example_dags/example_short_circuit_decorator.py
[2022-11-11T05:13:13.445+0000] {processor.py:758} INFO - Processing file /home/airflow/.local/lib/python3.7/site-packages/airflow/example_dags/example_short_circuit_decorator.py for tasks to queue
[2022-11-11T05:13:13.446+0000] {logging_mixin.py:117} INFO - [2022-11-11T05:13:13.446+0000] {dagbag.py:525} INFO - Filling up the DagBag from /home/airflow/.local/lib/python3.7/site-packages/airflow/example_dags/example_short_circuit_decorator.py
[2022-11-11T05:13:13.491+0000] {processor.py:768} INFO - DAG(s) dict_keys(['example_short_circuit_decorator']) retrieved from /home/airflow/.local/lib/python3.7/site-packages/airflow/example_dags/example_short_circuit_decorator.py
[2022-11-11T05:13:13.538+0000] {logging_mixin.py:117} INFO - [2022-11-11T05:13:13.537+0000] {dag.py:2573} INFO - Sync 1 DAGs
[2022-11-11T05:13:13.569+0000] {logging_mixin.py:117} INFO - [2022-11-11T05:13:13.569+0000] {dag.py:3328} INFO - Setting next_dagrun for example_short_circuit_decorator to 2022-11-10T05:13:13.569292+00:00, run_after=2022-11-11T05:13:13.569292+00:00
[2022-11-11T05:13:13.630+0000] {processor.py:178} INFO - Processing /home/airflow/.local/lib/python3.7/site-packages/airflow/example_dags/example_short_circuit_decorator.py took 0.192 seconds
[2022-11-11T06:36:32.634+0000] {processor.py:156} INFO - Started process (PID=13996) to work on /home/airflow/.local/lib/python3.7/site-packages/airflow/example_dags/example_short_circuit_decorator.py
[2022-11-11T06:36:32.637+0000] {processor.py:758} INFO - Processing file /home/airflow/.local/lib/python3.7/site-packages/airflow/example_dags/example_short_circuit_decorator.py for tasks to queue
[2022-11-11T06:36:32.638+0000] {logging_mixin.py:117} INFO - [2022-11-11T06:36:32.638+0000] {dagbag.py:525} INFO - Filling up the DagBag from /home/airflow/.local/lib/python3.7/site-packages/airflow/example_dags/example_short_circuit_decorator.py
[2022-11-11T06:36:32.665+0000] {processor.py:768} INFO - DAG(s) dict_keys(['example_short_circuit_decorator']) retrieved from /home/airflow/.local/lib/python3.7/site-packages/airflow/example_dags/example_short_circuit_decorator.py
[2022-11-11T06:36:32.715+0000] {logging_mixin.py:117} INFO - [2022-11-11T06:36:32.715+0000] {dag.py:2573} INFO - Sync 1 DAGs
[2022-11-11T06:36:32.758+0000] {logging_mixin.py:117} INFO - [2022-11-11T06:36:32.758+0000] {dag.py:3328} INFO - Setting next_dagrun for example_short_circuit_decorator to 2022-11-10T06:36:32.757194+00:00, run_after=2022-11-11T06:36:32.757194+00:00
[2022-11-11T06:36:32.797+0000] {processor.py:178} INFO - Processing /home/airflow/.local/lib/python3.7/site-packages/airflow/example_dags/example_short_circuit_decorator.py took 0.165 seconds
[2022-11-11T07:57:02.808+0000] {processor.py:156} INFO - Started process (PID=14051) to work on /home/airflow/.local/lib/python3.7/site-packages/airflow/example_dags/example_short_circuit_decorator.py
[2022-11-11T07:57:02.843+0000] {processor.py:758} INFO - Processing file /home/airflow/.local/lib/python3.7/site-packages/airflow/example_dags/example_short_circuit_decorator.py for tasks to queue
[2022-11-11T07:57:02.849+0000] {logging_mixin.py:117} INFO - [2022-11-11T07:57:02.849+0000] {dagbag.py:525} INFO - Filling up the DagBag from /home/airflow/.local/lib/python3.7/site-packages/airflow/example_dags/example_short_circuit_decorator.py
[2022-11-11T07:57:02.901+0000] {processor.py:768} INFO - DAG(s) dict_keys(['example_short_circuit_decorator']) retrieved from /home/airflow/.local/lib/python3.7/site-packages/airflow/example_dags/example_short_circuit_decorator.py
[2022-11-11T07:57:03.007+0000] {logging_mixin.py:117} INFO - [2022-11-11T07:57:03.007+0000] {dag.py:2573} INFO - Sync 1 DAGs
[2022-11-11T07:57:03.043+0000] {logging_mixin.py:117} INFO - [2022-11-11T07:57:03.043+0000] {dag.py:3328} INFO - Setting next_dagrun for example_short_circuit_decorator to 2022-11-10T07:57:03.043611+00:00, run_after=2022-11-11T07:57:03.043611+00:00
[2022-11-11T07:57:03.059+0000] {processor.py:178} INFO - Processing /home/airflow/.local/lib/python3.7/site-packages/airflow/example_dags/example_short_circuit_decorator.py took 0.254 seconds
[2022-11-11T09:22:28.315+0000] {processor.py:156} INFO - Started process (PID=14125) to work on /home/airflow/.local/lib/python3.7/site-packages/airflow/example_dags/example_short_circuit_decorator.py
[2022-11-11T09:22:28.320+0000] {processor.py:758} INFO - Processing file /home/airflow/.local/lib/python3.7/site-packages/airflow/example_dags/example_short_circuit_decorator.py for tasks to queue
[2022-11-11T09:22:28.322+0000] {logging_mixin.py:117} INFO - [2022-11-11T09:22:28.321+0000] {dagbag.py:525} INFO - Filling up the DagBag from /home/airflow/.local/lib/python3.7/site-packages/airflow/example_dags/example_short_circuit_decorator.py
[2022-11-11T09:22:28.363+0000] {processor.py:768} INFO - DAG(s) dict_keys(['example_short_circuit_decorator']) retrieved from /home/airflow/.local/lib/python3.7/site-packages/airflow/example_dags/example_short_circuit_decorator.py
[2022-11-11T09:22:28.514+0000] {logging_mixin.py:117} INFO - [2022-11-11T09:22:28.513+0000] {dag.py:2573} INFO - Sync 1 DAGs
[2022-11-11T09:22:28.604+0000] {logging_mixin.py:117} INFO - [2022-11-11T09:22:28.604+0000] {dag.py:3328} INFO - Setting next_dagrun for example_short_circuit_decorator to 2022-11-10T09:22:28.604584+00:00, run_after=2022-11-11T09:22:28.604584+00:00
[2022-11-11T09:22:28.649+0000] {processor.py:178} INFO - Processing /home/airflow/.local/lib/python3.7/site-packages/airflow/example_dags/example_short_circuit_decorator.py took 0.337 seconds
[2022-11-11T10:26:49.533+0000] {processor.py:156} INFO - Started process (PID=14170) to work on /home/airflow/.local/lib/python3.7/site-packages/airflow/example_dags/example_short_circuit_decorator.py
[2022-11-11T10:26:49.539+0000] {processor.py:758} INFO - Processing file /home/airflow/.local/lib/python3.7/site-packages/airflow/example_dags/example_short_circuit_decorator.py for tasks to queue
[2022-11-11T10:26:49.543+0000] {logging_mixin.py:117} INFO - [2022-11-11T10:26:49.543+0000] {dagbag.py:525} INFO - Filling up the DagBag from /home/airflow/.local/lib/python3.7/site-packages/airflow/example_dags/example_short_circuit_decorator.py
[2022-11-11T10:26:49.607+0000] {processor.py:768} INFO - DAG(s) dict_keys(['example_short_circuit_decorator']) retrieved from /home/airflow/.local/lib/python3.7/site-packages/airflow/example_dags/example_short_circuit_decorator.py
[2022-11-11T10:26:50.149+0000] {logging_mixin.py:117} INFO - [2022-11-11T10:26:50.145+0000] {dag.py:2573} INFO - Sync 1 DAGs
[2022-11-11T10:26:50.325+0000] {logging_mixin.py:117} INFO - [2022-11-11T10:26:50.325+0000] {dag.py:3328} INFO - Setting next_dagrun for example_short_circuit_decorator to 2022-11-10T10:26:50.322531+00:00, run_after=2022-11-11T10:26:50.322531+00:00
[2022-11-11T10:26:50.405+0000] {processor.py:178} INFO - Processing /home/airflow/.local/lib/python3.7/site-packages/airflow/example_dags/example_short_circuit_decorator.py took 0.876 seconds
[2022-11-11T11:52:22.900+0000] {processor.py:156} INFO - Started process (PID=14225) to work on /home/airflow/.local/lib/python3.7/site-packages/airflow/example_dags/example_short_circuit_decorator.py
[2022-11-11T11:52:22.908+0000] {processor.py:758} INFO - Processing file /home/airflow/.local/lib/python3.7/site-packages/airflow/example_dags/example_short_circuit_decorator.py for tasks to queue
[2022-11-11T11:52:22.913+0000] {logging_mixin.py:117} INFO - [2022-11-11T11:52:22.913+0000] {dagbag.py:525} INFO - Filling up the DagBag from /home/airflow/.local/lib/python3.7/site-packages/airflow/example_dags/example_short_circuit_decorator.py
[2022-11-11T11:52:23.060+0000] {processor.py:768} INFO - DAG(s) dict_keys(['example_short_circuit_decorator']) retrieved from /home/airflow/.local/lib/python3.7/site-packages/airflow/example_dags/example_short_circuit_decorator.py
[2022-11-11T11:52:23.442+0000] {logging_mixin.py:117} INFO - [2022-11-11T11:52:23.441+0000] {dag.py:2573} INFO - Sync 1 DAGs
[2022-11-11T11:52:23.511+0000] {logging_mixin.py:117} INFO - [2022-11-11T11:52:23.511+0000] {dag.py:3328} INFO - Setting next_dagrun for example_short_circuit_decorator to 2022-11-10T11:52:23.509219+00:00, run_after=2022-11-11T11:52:23.509219+00:00
[2022-11-11T11:52:23.567+0000] {processor.py:178} INFO - Processing /home/airflow/.local/lib/python3.7/site-packages/airflow/example_dags/example_short_circuit_decorator.py took 0.690 seconds
[2022-11-11T13:17:16.089+0000] {processor.py:156} INFO - Started process (PID=14289) to work on /home/airflow/.local/lib/python3.7/site-packages/airflow/example_dags/example_short_circuit_decorator.py
[2022-11-11T13:17:16.091+0000] {processor.py:758} INFO - Processing file /home/airflow/.local/lib/python3.7/site-packages/airflow/example_dags/example_short_circuit_decorator.py for tasks to queue
[2022-11-11T13:17:16.092+0000] {logging_mixin.py:117} INFO - [2022-11-11T13:17:16.092+0000] {dagbag.py:525} INFO - Filling up the DagBag from /home/airflow/.local/lib/python3.7/site-packages/airflow/example_dags/example_short_circuit_decorator.py
[2022-11-11T13:17:16.257+0000] {processor.py:768} INFO - DAG(s) dict_keys(['example_short_circuit_decorator']) retrieved from /home/airflow/.local/lib/python3.7/site-packages/airflow/example_dags/example_short_circuit_decorator.py
[2022-11-11T13:17:16.762+0000] {logging_mixin.py:117} INFO - [2022-11-11T13:17:16.761+0000] {dag.py:2573} INFO - Sync 1 DAGs
[2022-11-11T13:17:16.813+0000] {logging_mixin.py:117} INFO - [2022-11-11T13:17:16.813+0000] {dag.py:3328} INFO - Setting next_dagrun for example_short_circuit_decorator to 2022-11-10T13:17:16.808901+00:00, run_after=2022-11-11T13:17:16.808901+00:00
[2022-11-11T13:17:16.898+0000] {processor.py:178} INFO - Processing /home/airflow/.local/lib/python3.7/site-packages/airflow/example_dags/example_short_circuit_decorator.py took 0.811 seconds
[2022-11-11T14:25:15.815+0000] {processor.py:156} INFO - Started process (PID=14344) to work on /home/airflow/.local/lib/python3.7/site-packages/airflow/example_dags/example_short_circuit_decorator.py
[2022-11-11T14:25:15.820+0000] {processor.py:758} INFO - Processing file /home/airflow/.local/lib/python3.7/site-packages/airflow/example_dags/example_short_circuit_decorator.py for tasks to queue
[2022-11-11T14:25:15.821+0000] {logging_mixin.py:117} INFO - [2022-11-11T14:25:15.821+0000] {dagbag.py:525} INFO - Filling up the DagBag from /home/airflow/.local/lib/python3.7/site-packages/airflow/example_dags/example_short_circuit_decorator.py
[2022-11-11T14:25:15.869+0000] {processor.py:768} INFO - DAG(s) dict_keys(['example_short_circuit_decorator']) retrieved from /home/airflow/.local/lib/python3.7/site-packages/airflow/example_dags/example_short_circuit_decorator.py
[2022-11-11T14:25:15.933+0000] {logging_mixin.py:117} INFO - [2022-11-11T14:25:15.933+0000] {dag.py:2573} INFO - Sync 1 DAGs
[2022-11-11T14:25:15.962+0000] {logging_mixin.py:117} INFO - [2022-11-11T14:25:15.962+0000] {dag.py:3328} INFO - Setting next_dagrun for example_short_circuit_decorator to 2022-11-10T14:25:15.961995+00:00, run_after=2022-11-11T14:25:15.961995+00:00
[2022-11-11T14:25:15.987+0000] {processor.py:178} INFO - Processing /home/airflow/.local/lib/python3.7/site-packages/airflow/example_dags/example_short_circuit_decorator.py took 0.175 seconds
[2022-11-11T15:46:04.325+0000] {processor.py:156} INFO - Started process (PID=14398) to work on /home/airflow/.local/lib/python3.7/site-packages/airflow/example_dags/example_short_circuit_decorator.py
[2022-11-11T15:46:04.328+0000] {processor.py:758} INFO - Processing file /home/airflow/.local/lib/python3.7/site-packages/airflow/example_dags/example_short_circuit_decorator.py for tasks to queue
[2022-11-11T15:46:04.329+0000] {logging_mixin.py:117} INFO - [2022-11-11T15:46:04.329+0000] {dagbag.py:525} INFO - Filling up the DagBag from /home/airflow/.local/lib/python3.7/site-packages/airflow/example_dags/example_short_circuit_decorator.py
[2022-11-11T15:46:04.352+0000] {processor.py:768} INFO - DAG(s) dict_keys(['example_short_circuit_decorator']) retrieved from /home/airflow/.local/lib/python3.7/site-packages/airflow/example_dags/example_short_circuit_decorator.py
[2022-11-11T15:46:04.394+0000] {logging_mixin.py:117} INFO - [2022-11-11T15:46:04.394+0000] {dag.py:2573} INFO - Sync 1 DAGs
[2022-11-11T15:46:04.418+0000] {logging_mixin.py:117} INFO - [2022-11-11T15:46:04.418+0000] {dag.py:3328} INFO - Setting next_dagrun for example_short_circuit_decorator to 2022-11-10T15:46:04.417924+00:00, run_after=2022-11-11T15:46:04.417924+00:00
[2022-11-11T15:46:04.439+0000] {processor.py:178} INFO - Processing /home/airflow/.local/lib/python3.7/site-packages/airflow/example_dags/example_short_circuit_decorator.py took 0.117 seconds
[2022-11-11T17:04:42.924+0000] {processor.py:156} INFO - Started process (PID=14462) to work on /home/airflow/.local/lib/python3.7/site-packages/airflow/example_dags/example_short_circuit_decorator.py
[2022-11-11T17:04:42.936+0000] {processor.py:758} INFO - Processing file /home/airflow/.local/lib/python3.7/site-packages/airflow/example_dags/example_short_circuit_decorator.py for tasks to queue
[2022-11-11T17:04:42.939+0000] {logging_mixin.py:117} INFO - [2022-11-11T17:04:42.939+0000] {dagbag.py:525} INFO - Filling up the DagBag from /home/airflow/.local/lib/python3.7/site-packages/airflow/example_dags/example_short_circuit_decorator.py
[2022-11-11T17:04:43.006+0000] {processor.py:768} INFO - DAG(s) dict_keys(['example_short_circuit_decorator']) retrieved from /home/airflow/.local/lib/python3.7/site-packages/airflow/example_dags/example_short_circuit_decorator.py
[2022-11-11T17:04:43.352+0000] {logging_mixin.py:117} INFO - [2022-11-11T17:04:43.351+0000] {dag.py:2573} INFO - Sync 1 DAGs
[2022-11-11T17:04:43.428+0000] {logging_mixin.py:117} INFO - [2022-11-11T17:04:43.428+0000] {dag.py:3328} INFO - Setting next_dagrun for example_short_circuit_decorator to 2022-11-10T17:04:43.428525+00:00, run_after=2022-11-11T17:04:43.428525+00:00
[2022-11-11T17:04:43.538+0000] {processor.py:178} INFO - Processing /home/airflow/.local/lib/python3.7/site-packages/airflow/example_dags/example_short_circuit_decorator.py took 0.624 seconds
[2022-11-11T18:44:00.218+0000] {processor.py:156} INFO - Started process (PID=14517) to work on /home/airflow/.local/lib/python3.7/site-packages/airflow/example_dags/example_short_circuit_decorator.py
[2022-11-11T18:44:00.220+0000] {processor.py:758} INFO - Processing file /home/airflow/.local/lib/python3.7/site-packages/airflow/example_dags/example_short_circuit_decorator.py for tasks to queue
[2022-11-11T18:44:00.221+0000] {logging_mixin.py:117} INFO - [2022-11-11T18:44:00.221+0000] {dagbag.py:525} INFO - Filling up the DagBag from /home/airflow/.local/lib/python3.7/site-packages/airflow/example_dags/example_short_circuit_decorator.py
[2022-11-11T18:44:00.262+0000] {processor.py:768} INFO - DAG(s) dict_keys(['example_short_circuit_decorator']) retrieved from /home/airflow/.local/lib/python3.7/site-packages/airflow/example_dags/example_short_circuit_decorator.py
[2022-11-11T18:44:00.363+0000] {logging_mixin.py:117} INFO - [2022-11-11T18:44:00.359+0000] {dag.py:2573} INFO - Sync 1 DAGs
[2022-11-11T18:44:00.414+0000] {logging_mixin.py:117} INFO - [2022-11-11T18:44:00.414+0000] {dag.py:3328} INFO - Setting next_dagrun for example_short_circuit_decorator to 2022-11-10T18:44:00.414193+00:00, run_after=2022-11-11T18:44:00.414193+00:00
[2022-11-11T18:44:00.461+0000] {processor.py:178} INFO - Processing /home/airflow/.local/lib/python3.7/site-packages/airflow/example_dags/example_short_circuit_decorator.py took 0.246 seconds
[2022-11-11T20:08:16.999+0000] {processor.py:156} INFO - Started process (PID=14573) to work on /home/airflow/.local/lib/python3.7/site-packages/airflow/example_dags/example_short_circuit_decorator.py
[2022-11-11T20:08:17.001+0000] {processor.py:758} INFO - Processing file /home/airflow/.local/lib/python3.7/site-packages/airflow/example_dags/example_short_circuit_decorator.py for tasks to queue
[2022-11-11T20:08:17.005+0000] {logging_mixin.py:117} INFO - [2022-11-11T20:08:17.005+0000] {dagbag.py:525} INFO - Filling up the DagBag from /home/airflow/.local/lib/python3.7/site-packages/airflow/example_dags/example_short_circuit_decorator.py
[2022-11-11T20:08:17.026+0000] {processor.py:768} INFO - DAG(s) dict_keys(['example_short_circuit_decorator']) retrieved from /home/airflow/.local/lib/python3.7/site-packages/airflow/example_dags/example_short_circuit_decorator.py
[2022-11-11T20:08:17.068+0000] {logging_mixin.py:117} INFO - [2022-11-11T20:08:17.068+0000] {dag.py:2573} INFO - Sync 1 DAGs
[2022-11-11T20:08:17.092+0000] {logging_mixin.py:117} INFO - [2022-11-11T20:08:17.092+0000] {dag.py:3328} INFO - Setting next_dagrun for example_short_circuit_decorator to 2022-11-10T20:08:17.092081+00:00, run_after=2022-11-11T20:08:17.092081+00:00
[2022-11-11T20:08:17.107+0000] {processor.py:178} INFO - Processing /home/airflow/.local/lib/python3.7/site-packages/airflow/example_dags/example_short_circuit_decorator.py took 0.112 seconds
[2022-11-11T21:30:07.293+0000] {processor.py:156} INFO - Started process (PID=14636) to work on /home/airflow/.local/lib/python3.7/site-packages/airflow/example_dags/example_short_circuit_decorator.py
[2022-11-11T21:30:07.295+0000] {processor.py:758} INFO - Processing file /home/airflow/.local/lib/python3.7/site-packages/airflow/example_dags/example_short_circuit_decorator.py for tasks to queue
[2022-11-11T21:30:07.299+0000] {logging_mixin.py:117} INFO - [2022-11-11T21:30:07.299+0000] {dagbag.py:525} INFO - Filling up the DagBag from /home/airflow/.local/lib/python3.7/site-packages/airflow/example_dags/example_short_circuit_decorator.py
[2022-11-11T21:30:07.369+0000] {processor.py:768} INFO - DAG(s) dict_keys(['example_short_circuit_decorator']) retrieved from /home/airflow/.local/lib/python3.7/site-packages/airflow/example_dags/example_short_circuit_decorator.py
[2022-11-11T21:30:07.593+0000] {logging_mixin.py:117} INFO - [2022-11-11T21:30:07.593+0000] {dag.py:2573} INFO - Sync 1 DAGs
[2022-11-11T21:30:07.756+0000] {logging_mixin.py:117} INFO - [2022-11-11T21:30:07.756+0000] {dag.py:3328} INFO - Setting next_dagrun for example_short_circuit_decorator to 2022-11-10T21:30:07.755450+00:00, run_after=2022-11-11T21:30:07.755450+00:00
[2022-11-11T21:30:07.846+0000] {processor.py:178} INFO - Processing /home/airflow/.local/lib/python3.7/site-packages/airflow/example_dags/example_short_circuit_decorator.py took 0.559 seconds
[2022-11-11T23:08:02.647+0000] {processor.py:156} INFO - Started process (PID=14690) to work on /home/airflow/.local/lib/python3.7/site-packages/airflow/example_dags/example_short_circuit_decorator.py
[2022-11-11T23:08:02.650+0000] {processor.py:758} INFO - Processing file /home/airflow/.local/lib/python3.7/site-packages/airflow/example_dags/example_short_circuit_decorator.py for tasks to queue
[2022-11-11T23:08:02.651+0000] {logging_mixin.py:117} INFO - [2022-11-11T23:08:02.651+0000] {dagbag.py:525} INFO - Filling up the DagBag from /home/airflow/.local/lib/python3.7/site-packages/airflow/example_dags/example_short_circuit_decorator.py
[2022-11-11T23:08:02.673+0000] {processor.py:768} INFO - DAG(s) dict_keys(['example_short_circuit_decorator']) retrieved from /home/airflow/.local/lib/python3.7/site-packages/airflow/example_dags/example_short_circuit_decorator.py
[2022-11-11T23:08:02.739+0000] {logging_mixin.py:117} INFO - [2022-11-11T23:08:02.739+0000] {dag.py:2573} INFO - Sync 1 DAGs
[2022-11-11T23:08:02.780+0000] {logging_mixin.py:117} INFO - [2022-11-11T23:08:02.780+0000] {dag.py:3328} INFO - Setting next_dagrun for example_short_circuit_decorator to 2022-11-10T23:08:02.779918+00:00, run_after=2022-11-11T23:08:02.779918+00:00
[2022-11-11T23:08:02.843+0000] {processor.py:178} INFO - Processing /home/airflow/.local/lib/python3.7/site-packages/airflow/example_dags/example_short_circuit_decorator.py took 0.199 seconds
