[2022-11-11T00:42:42.363+0000] {processor.py:156} INFO - Started process (PID=13757) to work on /home/airflow/.local/lib/python3.7/site-packages/airflow/example_dags/example_python_operator.py
[2022-11-11T00:42:42.365+0000] {processor.py:758} INFO - Processing file /home/airflow/.local/lib/python3.7/site-packages/airflow/example_dags/example_python_operator.py for tasks to queue
[2022-11-11T00:42:42.371+0000] {logging_mixin.py:117} INFO - [2022-11-11T00:42:42.370+0000] {dagbag.py:525} INFO - Filling up the DagBag from /home/airflow/.local/lib/python3.7/site-packages/airflow/example_dags/example_python_operator.py
[2022-11-11T00:42:42.431+0000] {processor.py:768} INFO - DAG(s) dict_keys(['example_python_operator']) retrieved from /home/airflow/.local/lib/python3.7/site-packages/airflow/example_dags/example_python_operator.py
[2022-11-11T00:42:42.676+0000] {logging_mixin.py:117} INFO - [2022-11-11T00:42:42.675+0000] {dag.py:2573} INFO - Sync 1 DAGs
[2022-11-11T00:42:42.793+0000] {logging_mixin.py:117} INFO - [2022-11-11T00:42:42.792+0000] {dag.py:3328} INFO - Setting next_dagrun for example_python_operator to None, run_after=None
[2022-11-11T00:42:42.837+0000] {processor.py:178} INFO - Processing /home/airflow/.local/lib/python3.7/site-packages/airflow/example_dags/example_python_operator.py took 0.478 seconds
[2022-11-11T02:28:01.378+0000] {processor.py:156} INFO - Started process (PID=13821) to work on /home/airflow/.local/lib/python3.7/site-packages/airflow/example_dags/example_python_operator.py
[2022-11-11T02:28:01.382+0000] {processor.py:758} INFO - Processing file /home/airflow/.local/lib/python3.7/site-packages/airflow/example_dags/example_python_operator.py for tasks to queue
[2022-11-11T02:28:01.383+0000] {logging_mixin.py:117} INFO - [2022-11-11T02:28:01.383+0000] {dagbag.py:525} INFO - Filling up the DagBag from /home/airflow/.local/lib/python3.7/site-packages/airflow/example_dags/example_python_operator.py
[2022-11-11T02:28:01.419+0000] {processor.py:768} INFO - DAG(s) dict_keys(['example_python_operator']) retrieved from /home/airflow/.local/lib/python3.7/site-packages/airflow/example_dags/example_python_operator.py
[2022-11-11T02:28:01.486+0000] {logging_mixin.py:117} INFO - [2022-11-11T02:28:01.486+0000] {dag.py:2573} INFO - Sync 1 DAGs
[2022-11-11T02:28:01.539+0000] {logging_mixin.py:117} INFO - [2022-11-11T02:28:01.539+0000] {dag.py:3328} INFO - Setting next_dagrun for example_python_operator to None, run_after=None
[2022-11-11T02:28:01.554+0000] {processor.py:178} INFO - Processing /home/airflow/.local/lib/python3.7/site-packages/airflow/example_dags/example_python_operator.py took 0.180 seconds
[2022-11-11T03:50:21.637+0000] {processor.py:156} INFO - Started process (PID=13876) to work on /home/airflow/.local/lib/python3.7/site-packages/airflow/example_dags/example_python_operator.py
[2022-11-11T03:50:21.641+0000] {processor.py:758} INFO - Processing file /home/airflow/.local/lib/python3.7/site-packages/airflow/example_dags/example_python_operator.py for tasks to queue
[2022-11-11T03:50:21.645+0000] {logging_mixin.py:117} INFO - [2022-11-11T03:50:21.645+0000] {dagbag.py:525} INFO - Filling up the DagBag from /home/airflow/.local/lib/python3.7/site-packages/airflow/example_dags/example_python_operator.py
[2022-11-11T03:50:21.711+0000] {processor.py:768} INFO - DAG(s) dict_keys(['example_python_operator']) retrieved from /home/airflow/.local/lib/python3.7/site-packages/airflow/example_dags/example_python_operator.py
[2022-11-11T03:50:21.766+0000] {logging_mixin.py:117} INFO - [2022-11-11T03:50:21.766+0000] {dag.py:2573} INFO - Sync 1 DAGs
[2022-11-11T03:50:21.840+0000] {logging_mixin.py:117} INFO - [2022-11-11T03:50:21.840+0000] {dag.py:3328} INFO - Setting next_dagrun for example_python_operator to None, run_after=None
[2022-11-11T03:50:21.908+0000] {processor.py:178} INFO - Processing /home/airflow/.local/lib/python3.7/site-packages/airflow/example_dags/example_python_operator.py took 0.274 seconds
[2022-11-11T05:13:13.248+0000] {processor.py:156} INFO - Started process (PID=13940) to work on /home/airflow/.local/lib/python3.7/site-packages/airflow/example_dags/example_python_operator.py
[2022-11-11T05:13:13.253+0000] {processor.py:758} INFO - Processing file /home/airflow/.local/lib/python3.7/site-packages/airflow/example_dags/example_python_operator.py for tasks to queue
[2022-11-11T05:13:13.255+0000] {logging_mixin.py:117} INFO - [2022-11-11T05:13:13.255+0000] {dagbag.py:525} INFO - Filling up the DagBag from /home/airflow/.local/lib/python3.7/site-packages/airflow/example_dags/example_python_operator.py
[2022-11-11T05:13:13.294+0000] {processor.py:768} INFO - DAG(s) dict_keys(['example_python_operator']) retrieved from /home/airflow/.local/lib/python3.7/site-packages/airflow/example_dags/example_python_operator.py
[2022-11-11T05:13:13.355+0000] {logging_mixin.py:117} INFO - [2022-11-11T05:13:13.355+0000] {dag.py:2573} INFO - Sync 1 DAGs
[2022-11-11T05:13:13.402+0000] {logging_mixin.py:117} INFO - [2022-11-11T05:13:13.402+0000] {dag.py:3328} INFO - Setting next_dagrun for example_python_operator to None, run_after=None
[2022-11-11T05:13:13.439+0000] {processor.py:178} INFO - Processing /home/airflow/.local/lib/python3.7/site-packages/airflow/example_dags/example_python_operator.py took 0.194 seconds
[2022-11-11T06:36:32.463+0000] {processor.py:156} INFO - Started process (PID=13995) to work on /home/airflow/.local/lib/python3.7/site-packages/airflow/example_dags/example_python_operator.py
[2022-11-11T06:36:32.466+0000] {processor.py:758} INFO - Processing file /home/airflow/.local/lib/python3.7/site-packages/airflow/example_dags/example_python_operator.py for tasks to queue
[2022-11-11T06:36:32.467+0000] {logging_mixin.py:117} INFO - [2022-11-11T06:36:32.467+0000] {dagbag.py:525} INFO - Filling up the DagBag from /home/airflow/.local/lib/python3.7/site-packages/airflow/example_dags/example_python_operator.py
[2022-11-11T06:36:32.492+0000] {processor.py:768} INFO - DAG(s) dict_keys(['example_python_operator']) retrieved from /home/airflow/.local/lib/python3.7/site-packages/airflow/example_dags/example_python_operator.py
[2022-11-11T06:36:32.536+0000] {logging_mixin.py:117} INFO - [2022-11-11T06:36:32.536+0000] {dag.py:2573} INFO - Sync 1 DAGs
[2022-11-11T06:36:32.572+0000] {logging_mixin.py:117} INFO - [2022-11-11T06:36:32.571+0000] {dag.py:3328} INFO - Setting next_dagrun for example_python_operator to None, run_after=None
[2022-11-11T06:36:32.599+0000] {processor.py:178} INFO - Processing /home/airflow/.local/lib/python3.7/site-packages/airflow/example_dags/example_python_operator.py took 0.139 seconds
[2022-11-11T07:57:02.175+0000] {processor.py:156} INFO - Started process (PID=14050) to work on /home/airflow/.local/lib/python3.7/site-packages/airflow/example_dags/example_python_operator.py
[2022-11-11T07:57:02.189+0000] {processor.py:758} INFO - Processing file /home/airflow/.local/lib/python3.7/site-packages/airflow/example_dags/example_python_operator.py for tasks to queue
[2022-11-11T07:57:02.195+0000] {logging_mixin.py:117} INFO - [2022-11-11T07:57:02.195+0000] {dagbag.py:525} INFO - Filling up the DagBag from /home/airflow/.local/lib/python3.7/site-packages/airflow/example_dags/example_python_operator.py
[2022-11-11T07:57:02.326+0000] {processor.py:768} INFO - DAG(s) dict_keys(['example_python_operator']) retrieved from /home/airflow/.local/lib/python3.7/site-packages/airflow/example_dags/example_python_operator.py
[2022-11-11T07:57:02.566+0000] {logging_mixin.py:117} INFO - [2022-11-11T07:57:02.566+0000] {dag.py:2573} INFO - Sync 1 DAGs
[2022-11-11T07:57:02.623+0000] {logging_mixin.py:117} INFO - [2022-11-11T07:57:02.622+0000] {dag.py:3328} INFO - Setting next_dagrun for example_python_operator to None, run_after=None
[2022-11-11T07:57:02.666+0000] {processor.py:178} INFO - Processing /home/airflow/.local/lib/python3.7/site-packages/airflow/example_dags/example_python_operator.py took 0.548 seconds
[2022-11-11T09:22:28.051+0000] {processor.py:156} INFO - Started process (PID=14124) to work on /home/airflow/.local/lib/python3.7/site-packages/airflow/example_dags/example_python_operator.py
[2022-11-11T09:22:28.054+0000] {processor.py:758} INFO - Processing file /home/airflow/.local/lib/python3.7/site-packages/airflow/example_dags/example_python_operator.py for tasks to queue
[2022-11-11T09:22:28.058+0000] {logging_mixin.py:117} INFO - [2022-11-11T09:22:28.057+0000] {dagbag.py:525} INFO - Filling up the DagBag from /home/airflow/.local/lib/python3.7/site-packages/airflow/example_dags/example_python_operator.py
[2022-11-11T09:22:28.089+0000] {processor.py:768} INFO - DAG(s) dict_keys(['example_python_operator']) retrieved from /home/airflow/.local/lib/python3.7/site-packages/airflow/example_dags/example_python_operator.py
[2022-11-11T09:22:28.212+0000] {logging_mixin.py:117} INFO - [2022-11-11T09:22:28.212+0000] {dag.py:2573} INFO - Sync 1 DAGs
[2022-11-11T09:22:28.264+0000] {logging_mixin.py:117} INFO - [2022-11-11T09:22:28.264+0000] {dag.py:3328} INFO - Setting next_dagrun for example_python_operator to None, run_after=None
[2022-11-11T09:22:28.308+0000] {processor.py:178} INFO - Processing /home/airflow/.local/lib/python3.7/site-packages/airflow/example_dags/example_python_operator.py took 0.263 seconds
[2022-11-11T10:26:49.035+0000] {processor.py:156} INFO - Started process (PID=14169) to work on /home/airflow/.local/lib/python3.7/site-packages/airflow/example_dags/example_python_operator.py
[2022-11-11T10:26:49.041+0000] {processor.py:758} INFO - Processing file /home/airflow/.local/lib/python3.7/site-packages/airflow/example_dags/example_python_operator.py for tasks to queue
[2022-11-11T10:26:49.044+0000] {logging_mixin.py:117} INFO - [2022-11-11T10:26:49.044+0000] {dagbag.py:525} INFO - Filling up the DagBag from /home/airflow/.local/lib/python3.7/site-packages/airflow/example_dags/example_python_operator.py
[2022-11-11T10:26:49.089+0000] {processor.py:768} INFO - DAG(s) dict_keys(['example_python_operator']) retrieved from /home/airflow/.local/lib/python3.7/site-packages/airflow/example_dags/example_python_operator.py
[2022-11-11T10:26:49.230+0000] {logging_mixin.py:117} INFO - [2022-11-11T10:26:49.229+0000] {dag.py:2573} INFO - Sync 1 DAGs
[2022-11-11T10:26:49.333+0000] {logging_mixin.py:117} INFO - [2022-11-11T10:26:49.333+0000] {dag.py:3328} INFO - Setting next_dagrun for example_python_operator to None, run_after=None
[2022-11-11T10:26:49.416+0000] {processor.py:178} INFO - Processing /home/airflow/.local/lib/python3.7/site-packages/airflow/example_dags/example_python_operator.py took 0.383 seconds
[2022-11-11T11:52:22.224+0000] {processor.py:156} INFO - Started process (PID=14224) to work on /home/airflow/.local/lib/python3.7/site-packages/airflow/example_dags/example_python_operator.py
[2022-11-11T11:52:22.232+0000] {processor.py:758} INFO - Processing file /home/airflow/.local/lib/python3.7/site-packages/airflow/example_dags/example_python_operator.py for tasks to queue
[2022-11-11T11:52:22.233+0000] {logging_mixin.py:117} INFO - [2022-11-11T11:52:22.233+0000] {dagbag.py:525} INFO - Filling up the DagBag from /home/airflow/.local/lib/python3.7/site-packages/airflow/example_dags/example_python_operator.py
[2022-11-11T11:52:22.337+0000] {processor.py:768} INFO - DAG(s) dict_keys(['example_python_operator']) retrieved from /home/airflow/.local/lib/python3.7/site-packages/airflow/example_dags/example_python_operator.py
[2022-11-11T11:52:22.620+0000] {logging_mixin.py:117} INFO - [2022-11-11T11:52:22.619+0000] {dag.py:2573} INFO - Sync 1 DAGs
[2022-11-11T11:52:22.676+0000] {logging_mixin.py:117} INFO - [2022-11-11T11:52:22.676+0000] {dag.py:3328} INFO - Setting next_dagrun for example_python_operator to None, run_after=None
[2022-11-11T11:52:22.706+0000] {processor.py:178} INFO - Processing /home/airflow/.local/lib/python3.7/site-packages/airflow/example_dags/example_python_operator.py took 0.484 seconds
[2022-11-11T13:17:16.034+0000] {processor.py:156} INFO - Started process (PID=14288) to work on /home/airflow/.local/lib/python3.7/site-packages/airflow/example_dags/example_python_operator.py
[2022-11-11T13:17:16.038+0000] {processor.py:758} INFO - Processing file /home/airflow/.local/lib/python3.7/site-packages/airflow/example_dags/example_python_operator.py for tasks to queue
[2022-11-11T13:17:16.042+0000] {logging_mixin.py:117} INFO - [2022-11-11T13:17:16.042+0000] {dagbag.py:525} INFO - Filling up the DagBag from /home/airflow/.local/lib/python3.7/site-packages/airflow/example_dags/example_python_operator.py
[2022-11-11T13:17:16.257+0000] {processor.py:768} INFO - DAG(s) dict_keys(['example_python_operator']) retrieved from /home/airflow/.local/lib/python3.7/site-packages/airflow/example_dags/example_python_operator.py
[2022-11-11T13:17:16.748+0000] {logging_mixin.py:117} INFO - [2022-11-11T13:17:16.747+0000] {dag.py:2573} INFO - Sync 1 DAGs
[2022-11-11T13:17:16.807+0000] {logging_mixin.py:117} INFO - [2022-11-11T13:17:16.807+0000] {dag.py:3328} INFO - Setting next_dagrun for example_python_operator to None, run_after=None
[2022-11-11T13:17:16.871+0000] {processor.py:178} INFO - Processing /home/airflow/.local/lib/python3.7/site-packages/airflow/example_dags/example_python_operator.py took 0.887 seconds
[2022-11-11T14:25:15.786+0000] {processor.py:156} INFO - Started process (PID=14343) to work on /home/airflow/.local/lib/python3.7/site-packages/airflow/example_dags/example_python_operator.py
[2022-11-11T14:25:15.792+0000] {processor.py:758} INFO - Processing file /home/airflow/.local/lib/python3.7/site-packages/airflow/example_dags/example_python_operator.py for tasks to queue
[2022-11-11T14:25:15.796+0000] {logging_mixin.py:117} INFO - [2022-11-11T14:25:15.796+0000] {dagbag.py:525} INFO - Filling up the DagBag from /home/airflow/.local/lib/python3.7/site-packages/airflow/example_dags/example_python_operator.py
[2022-11-11T14:25:15.840+0000] {processor.py:768} INFO - DAG(s) dict_keys(['example_python_operator']) retrieved from /home/airflow/.local/lib/python3.7/site-packages/airflow/example_dags/example_python_operator.py
[2022-11-11T14:25:15.894+0000] {logging_mixin.py:117} INFO - [2022-11-11T14:25:15.894+0000] {dag.py:2573} INFO - Sync 1 DAGs
[2022-11-11T14:25:15.918+0000] {logging_mixin.py:117} INFO - [2022-11-11T14:25:15.918+0000] {dag.py:3328} INFO - Setting next_dagrun for example_python_operator to None, run_after=None
[2022-11-11T14:25:15.955+0000] {processor.py:178} INFO - Processing /home/airflow/.local/lib/python3.7/site-packages/airflow/example_dags/example_python_operator.py took 0.172 seconds
[2022-11-11T15:46:04.180+0000] {processor.py:156} INFO - Started process (PID=14397) to work on /home/airflow/.local/lib/python3.7/site-packages/airflow/example_dags/example_python_operator.py
[2022-11-11T15:46:04.182+0000] {processor.py:758} INFO - Processing file /home/airflow/.local/lib/python3.7/site-packages/airflow/example_dags/example_python_operator.py for tasks to queue
[2022-11-11T15:46:04.183+0000] {logging_mixin.py:117} INFO - [2022-11-11T15:46:04.183+0000] {dagbag.py:525} INFO - Filling up the DagBag from /home/airflow/.local/lib/python3.7/site-packages/airflow/example_dags/example_python_operator.py
[2022-11-11T15:46:04.200+0000] {processor.py:768} INFO - DAG(s) dict_keys(['example_python_operator']) retrieved from /home/airflow/.local/lib/python3.7/site-packages/airflow/example_dags/example_python_operator.py
[2022-11-11T15:46:04.246+0000] {logging_mixin.py:117} INFO - [2022-11-11T15:46:04.246+0000] {dag.py:2573} INFO - Sync 1 DAGs
[2022-11-11T15:46:04.265+0000] {logging_mixin.py:117} INFO - [2022-11-11T15:46:04.265+0000] {dag.py:3328} INFO - Setting next_dagrun for example_python_operator to None, run_after=None
[2022-11-11T15:46:04.288+0000] {processor.py:178} INFO - Processing /home/airflow/.local/lib/python3.7/site-packages/airflow/example_dags/example_python_operator.py took 0.119 seconds
[2022-11-11T17:04:42.473+0000] {processor.py:156} INFO - Started process (PID=14461) to work on /home/airflow/.local/lib/python3.7/site-packages/airflow/example_dags/example_python_operator.py
[2022-11-11T17:04:42.490+0000] {processor.py:758} INFO - Processing file /home/airflow/.local/lib/python3.7/site-packages/airflow/example_dags/example_python_operator.py for tasks to queue
[2022-11-11T17:04:42.502+0000] {logging_mixin.py:117} INFO - [2022-11-11T17:04:42.502+0000] {dagbag.py:525} INFO - Filling up the DagBag from /home/airflow/.local/lib/python3.7/site-packages/airflow/example_dags/example_python_operator.py
[2022-11-11T17:04:42.727+0000] {processor.py:768} INFO - DAG(s) dict_keys(['example_python_operator']) retrieved from /home/airflow/.local/lib/python3.7/site-packages/airflow/example_dags/example_python_operator.py
[2022-11-11T17:04:42.954+0000] {logging_mixin.py:117} INFO - [2022-11-11T17:04:42.953+0000] {dag.py:2573} INFO - Sync 1 DAGs
[2022-11-11T17:04:43.114+0000] {logging_mixin.py:117} INFO - [2022-11-11T17:04:43.114+0000] {dag.py:3328} INFO - Setting next_dagrun for example_python_operator to None, run_after=None
[2022-11-11T17:04:43.223+0000] {processor.py:178} INFO - Processing /home/airflow/.local/lib/python3.7/site-packages/airflow/example_dags/example_python_operator.py took 0.772 seconds
[2022-11-11T18:44:00.173+0000] {processor.py:156} INFO - Started process (PID=14516) to work on /home/airflow/.local/lib/python3.7/site-packages/airflow/example_dags/example_python_operator.py
[2022-11-11T18:44:00.175+0000] {processor.py:758} INFO - Processing file /home/airflow/.local/lib/python3.7/site-packages/airflow/example_dags/example_python_operator.py for tasks to queue
[2022-11-11T18:44:00.181+0000] {logging_mixin.py:117} INFO - [2022-11-11T18:44:00.180+0000] {dagbag.py:525} INFO - Filling up the DagBag from /home/airflow/.local/lib/python3.7/site-packages/airflow/example_dags/example_python_operator.py
[2022-11-11T18:44:00.201+0000] {processor.py:768} INFO - DAG(s) dict_keys(['example_python_operator']) retrieved from /home/airflow/.local/lib/python3.7/site-packages/airflow/example_dags/example_python_operator.py
[2022-11-11T18:44:00.263+0000] {logging_mixin.py:117} INFO - [2022-11-11T18:44:00.263+0000] {dag.py:2573} INFO - Sync 1 DAGs
[2022-11-11T18:44:00.324+0000] {logging_mixin.py:117} INFO - [2022-11-11T18:44:00.322+0000] {dag.py:3328} INFO - Setting next_dagrun for example_python_operator to None, run_after=None
[2022-11-11T18:44:00.384+0000] {processor.py:178} INFO - Processing /home/airflow/.local/lib/python3.7/site-packages/airflow/example_dags/example_python_operator.py took 0.217 seconds
[2022-11-11T20:08:16.464+0000] {processor.py:156} INFO - Started process (PID=14572) to work on /home/airflow/.local/lib/python3.7/site-packages/airflow/example_dags/example_python_operator.py
[2022-11-11T20:08:16.467+0000] {processor.py:758} INFO - Processing file /home/airflow/.local/lib/python3.7/site-packages/airflow/example_dags/example_python_operator.py for tasks to queue
[2022-11-11T20:08:16.471+0000] {logging_mixin.py:117} INFO - [2022-11-11T20:08:16.470+0000] {dagbag.py:525} INFO - Filling up the DagBag from /home/airflow/.local/lib/python3.7/site-packages/airflow/example_dags/example_python_operator.py
[2022-11-11T20:08:16.708+0000] {processor.py:768} INFO - DAG(s) dict_keys(['example_python_operator']) retrieved from /home/airflow/.local/lib/python3.7/site-packages/airflow/example_dags/example_python_operator.py
[2022-11-11T20:08:16.848+0000] {logging_mixin.py:117} INFO - [2022-11-11T20:08:16.847+0000] {dag.py:2573} INFO - Sync 1 DAGs
[2022-11-11T20:08:16.878+0000] {logging_mixin.py:117} INFO - [2022-11-11T20:08:16.878+0000] {dag.py:3328} INFO - Setting next_dagrun for example_python_operator to None, run_after=None
[2022-11-11T20:08:16.915+0000] {processor.py:178} INFO - Processing /home/airflow/.local/lib/python3.7/site-packages/airflow/example_dags/example_python_operator.py took 0.457 seconds
[2022-11-11T21:30:07.100+0000] {processor.py:156} INFO - Started process (PID=14635) to work on /home/airflow/.local/lib/python3.7/site-packages/airflow/example_dags/example_python_operator.py
[2022-11-11T21:30:07.110+0000] {processor.py:758} INFO - Processing file /home/airflow/.local/lib/python3.7/site-packages/airflow/example_dags/example_python_operator.py for tasks to queue
[2022-11-11T21:30:07.112+0000] {logging_mixin.py:117} INFO - [2022-11-11T21:30:07.112+0000] {dagbag.py:525} INFO - Filling up the DagBag from /home/airflow/.local/lib/python3.7/site-packages/airflow/example_dags/example_python_operator.py
[2022-11-11T21:30:07.269+0000] {processor.py:768} INFO - DAG(s) dict_keys(['example_python_operator']) retrieved from /home/airflow/.local/lib/python3.7/site-packages/airflow/example_dags/example_python_operator.py
[2022-11-11T21:30:07.604+0000] {logging_mixin.py:117} INFO - [2022-11-11T21:30:07.603+0000] {dag.py:2573} INFO - Sync 1 DAGs
[2022-11-11T21:30:07.767+0000] {logging_mixin.py:117} INFO - [2022-11-11T21:30:07.767+0000] {dag.py:3328} INFO - Setting next_dagrun for example_python_operator to None, run_after=None
[2022-11-11T21:30:07.852+0000] {processor.py:178} INFO - Processing /home/airflow/.local/lib/python3.7/site-packages/airflow/example_dags/example_python_operator.py took 0.761 seconds
[2022-11-11T23:08:02.646+0000] {processor.py:156} INFO - Started process (PID=14689) to work on /home/airflow/.local/lib/python3.7/site-packages/airflow/example_dags/example_python_operator.py
[2022-11-11T23:08:02.648+0000] {processor.py:758} INFO - Processing file /home/airflow/.local/lib/python3.7/site-packages/airflow/example_dags/example_python_operator.py for tasks to queue
[2022-11-11T23:08:02.650+0000] {logging_mixin.py:117} INFO - [2022-11-11T23:08:02.650+0000] {dagbag.py:525} INFO - Filling up the DagBag from /home/airflow/.local/lib/python3.7/site-packages/airflow/example_dags/example_python_operator.py
[2022-11-11T23:08:02.672+0000] {processor.py:768} INFO - DAG(s) dict_keys(['example_python_operator']) retrieved from /home/airflow/.local/lib/python3.7/site-packages/airflow/example_dags/example_python_operator.py
[2022-11-11T23:08:02.718+0000] {logging_mixin.py:117} INFO - [2022-11-11T23:08:02.718+0000] {dag.py:2573} INFO - Sync 1 DAGs
[2022-11-11T23:08:02.749+0000] {logging_mixin.py:117} INFO - [2022-11-11T23:08:02.749+0000] {dag.py:3328} INFO - Setting next_dagrun for example_python_operator to None, run_after=None
[2022-11-11T23:08:02.779+0000] {processor.py:178} INFO - Processing /home/airflow/.local/lib/python3.7/site-packages/airflow/example_dags/example_python_operator.py took 0.139 seconds
