[2022-11-11T00:42:40.535+0000] {processor.py:156} INFO - Started process (PID=13746) to work on /home/airflow/.local/lib/python3.7/site-packages/airflow/example_dags/example_trigger_controller_dag.py
[2022-11-11T00:42:40.538+0000] {processor.py:758} INFO - Processing file /home/airflow/.local/lib/python3.7/site-packages/airflow/example_dags/example_trigger_controller_dag.py for tasks to queue
[2022-11-11T00:42:40.551+0000] {logging_mixin.py:117} INFO - [2022-11-11T00:42:40.551+0000] {dagbag.py:525} INFO - Filling up the DagBag from /home/airflow/.local/lib/python3.7/site-packages/airflow/example_dags/example_trigger_controller_dag.py
[2022-11-11T00:42:40.571+0000] {processor.py:768} INFO - DAG(s) dict_keys(['example_trigger_controller_dag']) retrieved from /home/airflow/.local/lib/python3.7/site-packages/airflow/example_dags/example_trigger_controller_dag.py
[2022-11-11T00:42:40.616+0000] {logging_mixin.py:117} INFO - [2022-11-11T00:42:40.616+0000] {dag.py:2573} INFO - Sync 1 DAGs
[2022-11-11T00:42:40.638+0000] {logging_mixin.py:117} INFO - [2022-11-11T00:42:40.638+0000] {dag.py:3328} INFO - Setting next_dagrun for example_trigger_controller_dag to 2021-01-01T00:00:00+00:00, run_after=2021-01-01T00:00:00+00:00
[2022-11-11T00:42:40.664+0000] {processor.py:178} INFO - Processing /home/airflow/.local/lib/python3.7/site-packages/airflow/example_dags/example_trigger_controller_dag.py took 0.132 seconds
[2022-11-11T02:27:58.006+0000] {processor.py:156} INFO - Started process (PID=13810) to work on /home/airflow/.local/lib/python3.7/site-packages/airflow/example_dags/example_trigger_controller_dag.py
[2022-11-11T02:27:58.009+0000] {processor.py:758} INFO - Processing file /home/airflow/.local/lib/python3.7/site-packages/airflow/example_dags/example_trigger_controller_dag.py for tasks to queue
[2022-11-11T02:27:58.011+0000] {logging_mixin.py:117} INFO - [2022-11-11T02:27:58.011+0000] {dagbag.py:525} INFO - Filling up the DagBag from /home/airflow/.local/lib/python3.7/site-packages/airflow/example_dags/example_trigger_controller_dag.py
[2022-11-11T02:27:58.062+0000] {processor.py:768} INFO - DAG(s) dict_keys(['example_trigger_controller_dag']) retrieved from /home/airflow/.local/lib/python3.7/site-packages/airflow/example_dags/example_trigger_controller_dag.py
[2022-11-11T02:27:58.229+0000] {logging_mixin.py:117} INFO - [2022-11-11T02:27:58.229+0000] {dag.py:2573} INFO - Sync 1 DAGs
[2022-11-11T02:27:58.275+0000] {logging_mixin.py:117} INFO - [2022-11-11T02:27:58.275+0000] {dag.py:3328} INFO - Setting next_dagrun for example_trigger_controller_dag to 2021-01-01T00:00:00+00:00, run_after=2021-01-01T00:00:00+00:00
[2022-11-11T02:27:58.297+0000] {processor.py:178} INFO - Processing /home/airflow/.local/lib/python3.7/site-packages/airflow/example_dags/example_trigger_controller_dag.py took 0.308 seconds
[2022-11-11T03:50:16.186+0000] {processor.py:156} INFO - Started process (PID=13865) to work on /home/airflow/.local/lib/python3.7/site-packages/airflow/example_dags/example_trigger_controller_dag.py
[2022-11-11T03:50:16.190+0000] {processor.py:758} INFO - Processing file /home/airflow/.local/lib/python3.7/site-packages/airflow/example_dags/example_trigger_controller_dag.py for tasks to queue
[2022-11-11T03:50:16.193+0000] {logging_mixin.py:117} INFO - [2022-11-11T03:50:16.193+0000] {dagbag.py:525} INFO - Filling up the DagBag from /home/airflow/.local/lib/python3.7/site-packages/airflow/example_dags/example_trigger_controller_dag.py
[2022-11-11T03:50:16.245+0000] {processor.py:768} INFO - DAG(s) dict_keys(['example_trigger_controller_dag']) retrieved from /home/airflow/.local/lib/python3.7/site-packages/airflow/example_dags/example_trigger_controller_dag.py
[2022-11-11T03:50:16.439+0000] {logging_mixin.py:117} INFO - [2022-11-11T03:50:16.438+0000] {dag.py:2573} INFO - Sync 1 DAGs
[2022-11-11T03:50:16.479+0000] {logging_mixin.py:117} INFO - [2022-11-11T03:50:16.479+0000] {dag.py:3328} INFO - Setting next_dagrun for example_trigger_controller_dag to 2021-01-01T00:00:00+00:00, run_after=2021-01-01T00:00:00+00:00
[2022-11-11T03:50:16.527+0000] {processor.py:178} INFO - Processing /home/airflow/.local/lib/python3.7/site-packages/airflow/example_dags/example_trigger_controller_dag.py took 0.355 seconds
[2022-11-11T05:13:08.787+0000] {processor.py:156} INFO - Started process (PID=13920) to work on /home/airflow/.local/lib/python3.7/site-packages/airflow/example_dags/example_trigger_controller_dag.py
[2022-11-11T05:13:08.810+0000] {processor.py:758} INFO - Processing file /home/airflow/.local/lib/python3.7/site-packages/airflow/example_dags/example_trigger_controller_dag.py for tasks to queue
[2022-11-11T05:13:08.813+0000] {logging_mixin.py:117} INFO - [2022-11-11T05:13:08.813+0000] {dagbag.py:525} INFO - Filling up the DagBag from /home/airflow/.local/lib/python3.7/site-packages/airflow/example_dags/example_trigger_controller_dag.py
[2022-11-11T05:13:08.977+0000] {processor.py:768} INFO - DAG(s) dict_keys(['example_trigger_controller_dag']) retrieved from /home/airflow/.local/lib/python3.7/site-packages/airflow/example_dags/example_trigger_controller_dag.py
[2022-11-11T05:13:09.544+0000] {logging_mixin.py:117} INFO - [2022-11-11T05:13:09.541+0000] {dag.py:2573} INFO - Sync 1 DAGs
[2022-11-11T05:13:09.650+0000] {logging_mixin.py:117} INFO - [2022-11-11T05:13:09.650+0000] {dag.py:3328} INFO - Setting next_dagrun for example_trigger_controller_dag to 2021-01-01T00:00:00+00:00, run_after=2021-01-01T00:00:00+00:00
[2022-11-11T05:13:09.796+0000] {processor.py:178} INFO - Processing /home/airflow/.local/lib/python3.7/site-packages/airflow/example_dags/example_trigger_controller_dag.py took 1.025 seconds
[2022-11-11T06:36:28.230+0000] {processor.py:156} INFO - Started process (PID=13984) to work on /home/airflow/.local/lib/python3.7/site-packages/airflow/example_dags/example_trigger_controller_dag.py
[2022-11-11T06:36:28.236+0000] {processor.py:758} INFO - Processing file /home/airflow/.local/lib/python3.7/site-packages/airflow/example_dags/example_trigger_controller_dag.py for tasks to queue
[2022-11-11T06:36:28.239+0000] {logging_mixin.py:117} INFO - [2022-11-11T06:36:28.239+0000] {dagbag.py:525} INFO - Filling up the DagBag from /home/airflow/.local/lib/python3.7/site-packages/airflow/example_dags/example_trigger_controller_dag.py
[2022-11-11T06:36:28.285+0000] {processor.py:768} INFO - DAG(s) dict_keys(['example_trigger_controller_dag']) retrieved from /home/airflow/.local/lib/python3.7/site-packages/airflow/example_dags/example_trigger_controller_dag.py
[2022-11-11T06:36:28.448+0000] {logging_mixin.py:117} INFO - [2022-11-11T06:36:28.447+0000] {dag.py:2573} INFO - Sync 1 DAGs
[2022-11-11T06:36:28.577+0000] {logging_mixin.py:117} INFO - [2022-11-11T06:36:28.576+0000] {dag.py:3328} INFO - Setting next_dagrun for example_trigger_controller_dag to 2021-01-01T00:00:00+00:00, run_after=2021-01-01T00:00:00+00:00
[2022-11-11T06:36:28.684+0000] {processor.py:178} INFO - Processing /home/airflow/.local/lib/python3.7/site-packages/airflow/example_dags/example_trigger_controller_dag.py took 0.457 seconds
[2022-11-11T07:56:58.165+0000] {processor.py:156} INFO - Started process (PID=14039) to work on /home/airflow/.local/lib/python3.7/site-packages/airflow/example_dags/example_trigger_controller_dag.py
[2022-11-11T07:56:58.194+0000] {processor.py:758} INFO - Processing file /home/airflow/.local/lib/python3.7/site-packages/airflow/example_dags/example_trigger_controller_dag.py for tasks to queue
[2022-11-11T07:56:58.198+0000] {logging_mixin.py:117} INFO - [2022-11-11T07:56:58.198+0000] {dagbag.py:525} INFO - Filling up the DagBag from /home/airflow/.local/lib/python3.7/site-packages/airflow/example_dags/example_trigger_controller_dag.py
[2022-11-11T07:56:58.228+0000] {processor.py:768} INFO - DAG(s) dict_keys(['example_trigger_controller_dag']) retrieved from /home/airflow/.local/lib/python3.7/site-packages/airflow/example_dags/example_trigger_controller_dag.py
[2022-11-11T07:56:58.297+0000] {logging_mixin.py:117} INFO - [2022-11-11T07:56:58.297+0000] {dag.py:2573} INFO - Sync 1 DAGs
[2022-11-11T07:56:58.357+0000] {logging_mixin.py:117} INFO - [2022-11-11T07:56:58.356+0000] {dag.py:3328} INFO - Setting next_dagrun for example_trigger_controller_dag to 2021-01-01T00:00:00+00:00, run_after=2021-01-01T00:00:00+00:00
[2022-11-11T07:56:58.422+0000] {processor.py:178} INFO - Processing /home/airflow/.local/lib/python3.7/site-packages/airflow/example_dags/example_trigger_controller_dag.py took 0.259 seconds
[2022-11-11T09:22:16.947+0000] {processor.py:156} INFO - Started process (PID=14103) to work on /home/airflow/.local/lib/python3.7/site-packages/airflow/example_dags/example_trigger_controller_dag.py
[2022-11-11T09:22:16.972+0000] {processor.py:758} INFO - Processing file /home/airflow/.local/lib/python3.7/site-packages/airflow/example_dags/example_trigger_controller_dag.py for tasks to queue
[2022-11-11T09:22:16.978+0000] {logging_mixin.py:117} INFO - [2022-11-11T09:22:16.978+0000] {dagbag.py:525} INFO - Filling up the DagBag from /home/airflow/.local/lib/python3.7/site-packages/airflow/example_dags/example_trigger_controller_dag.py
[2022-11-11T09:22:17.000+0000] {processor.py:768} INFO - DAG(s) dict_keys(['example_trigger_controller_dag']) retrieved from /home/airflow/.local/lib/python3.7/site-packages/airflow/example_dags/example_trigger_controller_dag.py
[2022-11-11T09:22:17.209+0000] {logging_mixin.py:117} INFO - [2022-11-11T09:22:17.209+0000] {dag.py:2573} INFO - Sync 1 DAGs
[2022-11-11T09:22:17.302+0000] {logging_mixin.py:117} INFO - [2022-11-11T09:22:17.302+0000] {dag.py:3328} INFO - Setting next_dagrun for example_trigger_controller_dag to 2021-01-01T00:00:00+00:00, run_after=2021-01-01T00:00:00+00:00
[2022-11-11T09:22:17.359+0000] {processor.py:178} INFO - Processing /home/airflow/.local/lib/python3.7/site-packages/airflow/example_dags/example_trigger_controller_dag.py took 0.415 seconds
[2022-11-11T10:26:43.554+0000] {processor.py:156} INFO - Started process (PID=14158) to work on /home/airflow/.local/lib/python3.7/site-packages/airflow/example_dags/example_trigger_controller_dag.py
[2022-11-11T10:26:43.626+0000] {processor.py:758} INFO - Processing file /home/airflow/.local/lib/python3.7/site-packages/airflow/example_dags/example_trigger_controller_dag.py for tasks to queue
[2022-11-11T10:26:43.630+0000] {logging_mixin.py:117} INFO - [2022-11-11T10:26:43.630+0000] {dagbag.py:525} INFO - Filling up the DagBag from /home/airflow/.local/lib/python3.7/site-packages/airflow/example_dags/example_trigger_controller_dag.py
[2022-11-11T10:26:43.683+0000] {processor.py:768} INFO - DAG(s) dict_keys(['example_trigger_controller_dag']) retrieved from /home/airflow/.local/lib/python3.7/site-packages/airflow/example_dags/example_trigger_controller_dag.py
[2022-11-11T10:26:43.915+0000] {logging_mixin.py:117} INFO - [2022-11-11T10:26:43.915+0000] {dag.py:2573} INFO - Sync 1 DAGs
[2022-11-11T10:26:43.998+0000] {logging_mixin.py:117} INFO - [2022-11-11T10:26:43.998+0000] {dag.py:3328} INFO - Setting next_dagrun for example_trigger_controller_dag to 2021-01-01T00:00:00+00:00, run_after=2021-01-01T00:00:00+00:00
[2022-11-11T10:26:44.145+0000] {processor.py:178} INFO - Processing /home/airflow/.local/lib/python3.7/site-packages/airflow/example_dags/example_trigger_controller_dag.py took 0.614 seconds
[2022-11-11T11:52:16.498+0000] {processor.py:156} INFO - Started process (PID=14213) to work on /home/airflow/.local/lib/python3.7/site-packages/airflow/example_dags/example_trigger_controller_dag.py
[2022-11-11T11:52:16.501+0000] {processor.py:758} INFO - Processing file /home/airflow/.local/lib/python3.7/site-packages/airflow/example_dags/example_trigger_controller_dag.py for tasks to queue
[2022-11-11T11:52:16.503+0000] {logging_mixin.py:117} INFO - [2022-11-11T11:52:16.503+0000] {dagbag.py:525} INFO - Filling up the DagBag from /home/airflow/.local/lib/python3.7/site-packages/airflow/example_dags/example_trigger_controller_dag.py
[2022-11-11T11:52:16.518+0000] {processor.py:768} INFO - DAG(s) dict_keys(['example_trigger_controller_dag']) retrieved from /home/airflow/.local/lib/python3.7/site-packages/airflow/example_dags/example_trigger_controller_dag.py
[2022-11-11T11:52:16.564+0000] {logging_mixin.py:117} INFO - [2022-11-11T11:52:16.564+0000] {dag.py:2573} INFO - Sync 1 DAGs
[2022-11-11T11:52:16.611+0000] {logging_mixin.py:117} INFO - [2022-11-11T11:52:16.611+0000] {dag.py:3328} INFO - Setting next_dagrun for example_trigger_controller_dag to 2021-01-01T00:00:00+00:00, run_after=2021-01-01T00:00:00+00:00
[2022-11-11T11:52:16.665+0000] {processor.py:178} INFO - Processing /home/airflow/.local/lib/python3.7/site-packages/airflow/example_dags/example_trigger_controller_dag.py took 0.170 seconds
[2022-11-11T13:17:11.010+0000] {processor.py:156} INFO - Started process (PID=14268) to work on /home/airflow/.local/lib/python3.7/site-packages/airflow/example_dags/example_trigger_controller_dag.py
[2022-11-11T13:17:11.012+0000] {processor.py:758} INFO - Processing file /home/airflow/.local/lib/python3.7/site-packages/airflow/example_dags/example_trigger_controller_dag.py for tasks to queue
[2022-11-11T13:17:11.014+0000] {logging_mixin.py:117} INFO - [2022-11-11T13:17:11.014+0000] {dagbag.py:525} INFO - Filling up the DagBag from /home/airflow/.local/lib/python3.7/site-packages/airflow/example_dags/example_trigger_controller_dag.py
[2022-11-11T13:17:11.039+0000] {processor.py:768} INFO - DAG(s) dict_keys(['example_trigger_controller_dag']) retrieved from /home/airflow/.local/lib/python3.7/site-packages/airflow/example_dags/example_trigger_controller_dag.py
[2022-11-11T13:17:11.119+0000] {logging_mixin.py:117} INFO - [2022-11-11T13:17:11.119+0000] {dag.py:2573} INFO - Sync 1 DAGs
[2022-11-11T13:17:11.173+0000] {logging_mixin.py:117} INFO - [2022-11-11T13:17:11.173+0000] {dag.py:3328} INFO - Setting next_dagrun for example_trigger_controller_dag to 2021-01-01T00:00:00+00:00, run_after=2021-01-01T00:00:00+00:00
[2022-11-11T13:17:11.222+0000] {processor.py:178} INFO - Processing /home/airflow/.local/lib/python3.7/site-packages/airflow/example_dags/example_trigger_controller_dag.py took 0.216 seconds
[2022-11-11T14:25:11.195+0000] {processor.py:156} INFO - Started process (PID=14332) to work on /home/airflow/.local/lib/python3.7/site-packages/airflow/example_dags/example_trigger_controller_dag.py
[2022-11-11T14:25:11.198+0000] {processor.py:758} INFO - Processing file /home/airflow/.local/lib/python3.7/site-packages/airflow/example_dags/example_trigger_controller_dag.py for tasks to queue
[2022-11-11T14:25:11.207+0000] {logging_mixin.py:117} INFO - [2022-11-11T14:25:11.207+0000] {dagbag.py:525} INFO - Filling up the DagBag from /home/airflow/.local/lib/python3.7/site-packages/airflow/example_dags/example_trigger_controller_dag.py
[2022-11-11T14:25:11.252+0000] {processor.py:768} INFO - DAG(s) dict_keys(['example_trigger_controller_dag']) retrieved from /home/airflow/.local/lib/python3.7/site-packages/airflow/example_dags/example_trigger_controller_dag.py
[2022-11-11T14:25:11.487+0000] {logging_mixin.py:117} INFO - [2022-11-11T14:25:11.487+0000] {dag.py:2573} INFO - Sync 1 DAGs
[2022-11-11T14:25:11.602+0000] {logging_mixin.py:117} INFO - [2022-11-11T14:25:11.599+0000] {dag.py:3328} INFO - Setting next_dagrun for example_trigger_controller_dag to 2021-01-01T00:00:00+00:00, run_after=2021-01-01T00:00:00+00:00
[2022-11-11T14:25:11.718+0000] {processor.py:178} INFO - Processing /home/airflow/.local/lib/python3.7/site-packages/airflow/example_dags/example_trigger_controller_dag.py took 0.532 seconds
[2022-11-11T15:46:01.227+0000] {processor.py:156} INFO - Started process (PID=14386) to work on /home/airflow/.local/lib/python3.7/site-packages/airflow/example_dags/example_trigger_controller_dag.py
[2022-11-11T15:46:01.231+0000] {processor.py:758} INFO - Processing file /home/airflow/.local/lib/python3.7/site-packages/airflow/example_dags/example_trigger_controller_dag.py for tasks to queue
[2022-11-11T15:46:01.234+0000] {logging_mixin.py:117} INFO - [2022-11-11T15:46:01.234+0000] {dagbag.py:525} INFO - Filling up the DagBag from /home/airflow/.local/lib/python3.7/site-packages/airflow/example_dags/example_trigger_controller_dag.py
[2022-11-11T15:46:01.248+0000] {processor.py:768} INFO - DAG(s) dict_keys(['example_trigger_controller_dag']) retrieved from /home/airflow/.local/lib/python3.7/site-packages/airflow/example_dags/example_trigger_controller_dag.py
[2022-11-11T15:46:01.297+0000] {logging_mixin.py:117} INFO - [2022-11-11T15:46:01.297+0000] {dag.py:2573} INFO - Sync 1 DAGs
[2022-11-11T15:46:01.329+0000] {logging_mixin.py:117} INFO - [2022-11-11T15:46:01.328+0000] {dag.py:3328} INFO - Setting next_dagrun for example_trigger_controller_dag to 2021-01-01T00:00:00+00:00, run_after=2021-01-01T00:00:00+00:00
[2022-11-11T15:46:01.371+0000] {processor.py:178} INFO - Processing /home/airflow/.local/lib/python3.7/site-packages/airflow/example_dags/example_trigger_controller_dag.py took 0.147 seconds
[2022-11-11T17:04:36.504+0000] {processor.py:156} INFO - Started process (PID=14441) to work on /home/airflow/.local/lib/python3.7/site-packages/airflow/example_dags/example_trigger_controller_dag.py
[2022-11-11T17:04:36.506+0000] {processor.py:758} INFO - Processing file /home/airflow/.local/lib/python3.7/site-packages/airflow/example_dags/example_trigger_controller_dag.py for tasks to queue
[2022-11-11T17:04:36.510+0000] {logging_mixin.py:117} INFO - [2022-11-11T17:04:36.508+0000] {dagbag.py:525} INFO - Filling up the DagBag from /home/airflow/.local/lib/python3.7/site-packages/airflow/example_dags/example_trigger_controller_dag.py
[2022-11-11T17:04:36.528+0000] {processor.py:768} INFO - DAG(s) dict_keys(['example_trigger_controller_dag']) retrieved from /home/airflow/.local/lib/python3.7/site-packages/airflow/example_dags/example_trigger_controller_dag.py
[2022-11-11T17:04:36.580+0000] {logging_mixin.py:117} INFO - [2022-11-11T17:04:36.580+0000] {dag.py:2573} INFO - Sync 1 DAGs
[2022-11-11T17:04:36.608+0000] {logging_mixin.py:117} INFO - [2022-11-11T17:04:36.607+0000] {dag.py:3328} INFO - Setting next_dagrun for example_trigger_controller_dag to 2021-01-01T00:00:00+00:00, run_after=2021-01-01T00:00:00+00:00
[2022-11-11T17:04:36.627+0000] {processor.py:178} INFO - Processing /home/airflow/.local/lib/python3.7/site-packages/airflow/example_dags/example_trigger_controller_dag.py took 0.125 seconds
[2022-11-11T18:43:54.197+0000] {processor.py:156} INFO - Started process (PID=14505) to work on /home/airflow/.local/lib/python3.7/site-packages/airflow/example_dags/example_trigger_controller_dag.py
[2022-11-11T18:43:54.207+0000] {processor.py:758} INFO - Processing file /home/airflow/.local/lib/python3.7/site-packages/airflow/example_dags/example_trigger_controller_dag.py for tasks to queue
[2022-11-11T18:43:54.221+0000] {logging_mixin.py:117} INFO - [2022-11-11T18:43:54.221+0000] {dagbag.py:525} INFO - Filling up the DagBag from /home/airflow/.local/lib/python3.7/site-packages/airflow/example_dags/example_trigger_controller_dag.py
[2022-11-11T18:43:54.318+0000] {processor.py:768} INFO - DAG(s) dict_keys(['example_trigger_controller_dag']) retrieved from /home/airflow/.local/lib/python3.7/site-packages/airflow/example_dags/example_trigger_controller_dag.py
[2022-11-11T18:43:54.735+0000] {logging_mixin.py:117} INFO - [2022-11-11T18:43:54.734+0000] {dag.py:2573} INFO - Sync 1 DAGs
[2022-11-11T18:43:54.839+0000] {logging_mixin.py:117} INFO - [2022-11-11T18:43:54.839+0000] {dag.py:3328} INFO - Setting next_dagrun for example_trigger_controller_dag to 2021-01-01T00:00:00+00:00, run_after=2021-01-01T00:00:00+00:00
[2022-11-11T18:43:55.203+0000] {processor.py:178} INFO - Processing /home/airflow/.local/lib/python3.7/site-packages/airflow/example_dags/example_trigger_controller_dag.py took 1.024 seconds
[2022-11-11T20:08:11.711+0000] {processor.py:156} INFO - Started process (PID=14561) to work on /home/airflow/.local/lib/python3.7/site-packages/airflow/example_dags/example_trigger_controller_dag.py
[2022-11-11T20:08:11.717+0000] {processor.py:758} INFO - Processing file /home/airflow/.local/lib/python3.7/site-packages/airflow/example_dags/example_trigger_controller_dag.py for tasks to queue
[2022-11-11T20:08:11.718+0000] {logging_mixin.py:117} INFO - [2022-11-11T20:08:11.718+0000] {dagbag.py:525} INFO - Filling up the DagBag from /home/airflow/.local/lib/python3.7/site-packages/airflow/example_dags/example_trigger_controller_dag.py
[2022-11-11T20:08:11.742+0000] {processor.py:768} INFO - DAG(s) dict_keys(['example_trigger_controller_dag']) retrieved from /home/airflow/.local/lib/python3.7/site-packages/airflow/example_dags/example_trigger_controller_dag.py
[2022-11-11T20:08:11.802+0000] {logging_mixin.py:117} INFO - [2022-11-11T20:08:11.802+0000] {dag.py:2573} INFO - Sync 1 DAGs
[2022-11-11T20:08:11.838+0000] {logging_mixin.py:117} INFO - [2022-11-11T20:08:11.838+0000] {dag.py:3328} INFO - Setting next_dagrun for example_trigger_controller_dag to 2021-01-01T00:00:00+00:00, run_after=2021-01-01T00:00:00+00:00
[2022-11-11T20:08:11.891+0000] {processor.py:178} INFO - Processing /home/airflow/.local/lib/python3.7/site-packages/airflow/example_dags/example_trigger_controller_dag.py took 0.184 seconds
[2022-11-11T21:30:01.491+0000] {processor.py:156} INFO - Started process (PID=14616) to work on /home/airflow/.local/lib/python3.7/site-packages/airflow/example_dags/example_trigger_controller_dag.py
[2022-11-11T21:30:01.492+0000] {processor.py:758} INFO - Processing file /home/airflow/.local/lib/python3.7/site-packages/airflow/example_dags/example_trigger_controller_dag.py for tasks to queue
[2022-11-11T21:30:01.494+0000] {logging_mixin.py:117} INFO - [2022-11-11T21:30:01.494+0000] {dagbag.py:525} INFO - Filling up the DagBag from /home/airflow/.local/lib/python3.7/site-packages/airflow/example_dags/example_trigger_controller_dag.py
[2022-11-11T21:30:01.504+0000] {processor.py:768} INFO - DAG(s) dict_keys(['example_trigger_controller_dag']) retrieved from /home/airflow/.local/lib/python3.7/site-packages/airflow/example_dags/example_trigger_controller_dag.py
[2022-11-11T21:30:01.550+0000] {logging_mixin.py:117} INFO - [2022-11-11T21:30:01.550+0000] {dag.py:2573} INFO - Sync 1 DAGs
[2022-11-11T21:30:01.580+0000] {logging_mixin.py:117} INFO - [2022-11-11T21:30:01.580+0000] {dag.py:3328} INFO - Setting next_dagrun for example_trigger_controller_dag to 2021-01-01T00:00:00+00:00, run_after=2021-01-01T00:00:00+00:00
[2022-11-11T21:30:01.625+0000] {processor.py:178} INFO - Processing /home/airflow/.local/lib/python3.7/site-packages/airflow/example_dags/example_trigger_controller_dag.py took 0.137 seconds
[2022-11-11T23:07:57.511+0000] {processor.py:156} INFO - Started process (PID=14678) to work on /home/airflow/.local/lib/python3.7/site-packages/airflow/example_dags/example_trigger_controller_dag.py
[2022-11-11T23:07:57.515+0000] {processor.py:758} INFO - Processing file /home/airflow/.local/lib/python3.7/site-packages/airflow/example_dags/example_trigger_controller_dag.py for tasks to queue
[2022-11-11T23:07:57.527+0000] {logging_mixin.py:117} INFO - [2022-11-11T23:07:57.527+0000] {dagbag.py:525} INFO - Filling up the DagBag from /home/airflow/.local/lib/python3.7/site-packages/airflow/example_dags/example_trigger_controller_dag.py
[2022-11-11T23:07:57.558+0000] {processor.py:768} INFO - DAG(s) dict_keys(['example_trigger_controller_dag']) retrieved from /home/airflow/.local/lib/python3.7/site-packages/airflow/example_dags/example_trigger_controller_dag.py
[2022-11-11T23:07:57.657+0000] {logging_mixin.py:117} INFO - [2022-11-11T23:07:57.657+0000] {dag.py:2573} INFO - Sync 1 DAGs
[2022-11-11T23:07:57.690+0000] {logging_mixin.py:117} INFO - [2022-11-11T23:07:57.689+0000] {dag.py:3328} INFO - Setting next_dagrun for example_trigger_controller_dag to 2021-01-01T00:00:00+00:00, run_after=2021-01-01T00:00:00+00:00
[2022-11-11T23:07:57.729+0000] {processor.py:178} INFO - Processing /home/airflow/.local/lib/python3.7/site-packages/airflow/example_dags/example_trigger_controller_dag.py took 0.228 seconds
