[2022-11-11T00:42:40.619+0000] {processor.py:156} INFO - Started process (PID=13747) to work on /home/airflow/.local/lib/python3.7/site-packages/airflow/example_dags/example_task_group_decorator.py
[2022-11-11T00:42:40.621+0000] {processor.py:758} INFO - Processing file /home/airflow/.local/lib/python3.7/site-packages/airflow/example_dags/example_task_group_decorator.py for tasks to queue
[2022-11-11T00:42:40.623+0000] {logging_mixin.py:117} INFO - [2022-11-11T00:42:40.623+0000] {dagbag.py:525} INFO - Filling up the DagBag from /home/airflow/.local/lib/python3.7/site-packages/airflow/example_dags/example_task_group_decorator.py
[2022-11-11T00:42:40.655+0000] {processor.py:768} INFO - DAG(s) dict_keys(['example_task_group_decorator']) retrieved from /home/airflow/.local/lib/python3.7/site-packages/airflow/example_dags/example_task_group_decorator.py
[2022-11-11T00:42:40.709+0000] {logging_mixin.py:117} INFO - [2022-11-11T00:42:40.709+0000] {dag.py:2573} INFO - Sync 1 DAGs
[2022-11-11T00:42:40.775+0000] {logging_mixin.py:117} INFO - [2022-11-11T00:42:40.775+0000] {dag.py:3328} INFO - Setting next_dagrun for example_task_group_decorator to 2022-11-10T00:42:40.774662+00:00, run_after=2022-11-11T00:42:40.774662+00:00
[2022-11-11T00:42:40.831+0000] {processor.py:178} INFO - Processing /home/airflow/.local/lib/python3.7/site-packages/airflow/example_dags/example_task_group_decorator.py took 0.215 seconds
[2022-11-11T02:27:58.378+0000] {processor.py:156} INFO - Started process (PID=13811) to work on /home/airflow/.local/lib/python3.7/site-packages/airflow/example_dags/example_task_group_decorator.py
[2022-11-11T02:27:58.381+0000] {processor.py:758} INFO - Processing file /home/airflow/.local/lib/python3.7/site-packages/airflow/example_dags/example_task_group_decorator.py for tasks to queue
[2022-11-11T02:27:58.385+0000] {logging_mixin.py:117} INFO - [2022-11-11T02:27:58.385+0000] {dagbag.py:525} INFO - Filling up the DagBag from /home/airflow/.local/lib/python3.7/site-packages/airflow/example_dags/example_task_group_decorator.py
[2022-11-11T02:27:58.438+0000] {processor.py:768} INFO - DAG(s) dict_keys(['example_task_group_decorator']) retrieved from /home/airflow/.local/lib/python3.7/site-packages/airflow/example_dags/example_task_group_decorator.py
[2022-11-11T02:27:58.595+0000] {logging_mixin.py:117} INFO - [2022-11-11T02:27:58.594+0000] {dag.py:2573} INFO - Sync 1 DAGs
[2022-11-11T02:27:58.660+0000] {logging_mixin.py:117} INFO - [2022-11-11T02:27:58.660+0000] {dag.py:3328} INFO - Setting next_dagrun for example_task_group_decorator to 2022-11-10T02:27:58.660027+00:00, run_after=2022-11-11T02:27:58.660027+00:00
[2022-11-11T02:27:58.700+0000] {processor.py:178} INFO - Processing /home/airflow/.local/lib/python3.7/site-packages/airflow/example_dags/example_task_group_decorator.py took 0.327 seconds
[2022-11-11T03:50:16.677+0000] {processor.py:156} INFO - Started process (PID=13866) to work on /home/airflow/.local/lib/python3.7/site-packages/airflow/example_dags/example_task_group_decorator.py
[2022-11-11T03:50:16.699+0000] {processor.py:758} INFO - Processing file /home/airflow/.local/lib/python3.7/site-packages/airflow/example_dags/example_task_group_decorator.py for tasks to queue
[2022-11-11T03:50:16.703+0000] {logging_mixin.py:117} INFO - [2022-11-11T03:50:16.703+0000] {dagbag.py:525} INFO - Filling up the DagBag from /home/airflow/.local/lib/python3.7/site-packages/airflow/example_dags/example_task_group_decorator.py
[2022-11-11T03:50:17.225+0000] {processor.py:768} INFO - DAG(s) dict_keys(['example_task_group_decorator']) retrieved from /home/airflow/.local/lib/python3.7/site-packages/airflow/example_dags/example_task_group_decorator.py
[2022-11-11T03:50:17.472+0000] {logging_mixin.py:117} INFO - [2022-11-11T03:50:17.461+0000] {dag.py:2573} INFO - Sync 1 DAGs
[2022-11-11T03:50:17.742+0000] {logging_mixin.py:117} INFO - [2022-11-11T03:50:17.734+0000] {dag.py:3328} INFO - Setting next_dagrun for example_task_group_decorator to 2022-11-10T03:50:17.731452+00:00, run_after=2022-11-11T03:50:17.731452+00:00
[2022-11-11T03:50:17.810+0000] {processor.py:178} INFO - Processing /home/airflow/.local/lib/python3.7/site-packages/airflow/example_dags/example_task_group_decorator.py took 1.141 seconds
[2022-11-11T05:13:09.162+0000] {processor.py:156} INFO - Started process (PID=13921) to work on /home/airflow/.local/lib/python3.7/site-packages/airflow/example_dags/example_task_group_decorator.py
[2022-11-11T05:13:09.269+0000] {processor.py:758} INFO - Processing file /home/airflow/.local/lib/python3.7/site-packages/airflow/example_dags/example_task_group_decorator.py for tasks to queue
[2022-11-11T05:13:09.281+0000] {logging_mixin.py:117} INFO - [2022-11-11T05:13:09.280+0000] {dagbag.py:525} INFO - Filling up the DagBag from /home/airflow/.local/lib/python3.7/site-packages/airflow/example_dags/example_task_group_decorator.py
[2022-11-11T05:13:09.515+0000] {processor.py:768} INFO - DAG(s) dict_keys(['example_task_group_decorator']) retrieved from /home/airflow/.local/lib/python3.7/site-packages/airflow/example_dags/example_task_group_decorator.py
[2022-11-11T05:13:09.866+0000] {logging_mixin.py:117} INFO - [2022-11-11T05:13:09.865+0000] {dag.py:2573} INFO - Sync 1 DAGs
[2022-11-11T05:13:09.917+0000] {logging_mixin.py:117} INFO - [2022-11-11T05:13:09.917+0000] {dag.py:3328} INFO - Setting next_dagrun for example_task_group_decorator to 2022-11-10T05:13:09.916570+00:00, run_after=2022-11-11T05:13:09.916570+00:00
[2022-11-11T05:13:09.963+0000] {processor.py:178} INFO - Processing /home/airflow/.local/lib/python3.7/site-packages/airflow/example_dags/example_task_group_decorator.py took 0.890 seconds
[2022-11-11T06:36:28.290+0000] {processor.py:156} INFO - Started process (PID=13985) to work on /home/airflow/.local/lib/python3.7/site-packages/airflow/example_dags/example_task_group_decorator.py
[2022-11-11T06:36:28.292+0000] {processor.py:758} INFO - Processing file /home/airflow/.local/lib/python3.7/site-packages/airflow/example_dags/example_task_group_decorator.py for tasks to queue
[2022-11-11T06:36:28.293+0000] {logging_mixin.py:117} INFO - [2022-11-11T06:36:28.293+0000] {dagbag.py:525} INFO - Filling up the DagBag from /home/airflow/.local/lib/python3.7/site-packages/airflow/example_dags/example_task_group_decorator.py
[2022-11-11T06:36:28.349+0000] {processor.py:768} INFO - DAG(s) dict_keys(['example_task_group_decorator']) retrieved from /home/airflow/.local/lib/python3.7/site-packages/airflow/example_dags/example_task_group_decorator.py
[2022-11-11T06:36:28.461+0000] {logging_mixin.py:117} INFO - [2022-11-11T06:36:28.460+0000] {dag.py:2573} INFO - Sync 1 DAGs
[2022-11-11T06:36:28.484+0000] {logging_mixin.py:117} INFO - [2022-11-11T06:36:28.484+0000] {dag.py:3328} INFO - Setting next_dagrun for example_task_group_decorator to 2022-11-10T06:36:28.484278+00:00, run_after=2022-11-11T06:36:28.484278+00:00
[2022-11-11T06:36:28.591+0000] {processor.py:178} INFO - Processing /home/airflow/.local/lib/python3.7/site-packages/airflow/example_dags/example_task_group_decorator.py took 0.303 seconds
[2022-11-11T07:56:58.283+0000] {processor.py:156} INFO - Started process (PID=14040) to work on /home/airflow/.local/lib/python3.7/site-packages/airflow/example_dags/example_task_group_decorator.py
[2022-11-11T07:56:58.287+0000] {processor.py:758} INFO - Processing file /home/airflow/.local/lib/python3.7/site-packages/airflow/example_dags/example_task_group_decorator.py for tasks to queue
[2022-11-11T07:56:58.308+0000] {logging_mixin.py:117} INFO - [2022-11-11T07:56:58.308+0000] {dagbag.py:525} INFO - Filling up the DagBag from /home/airflow/.local/lib/python3.7/site-packages/airflow/example_dags/example_task_group_decorator.py
[2022-11-11T07:56:58.390+0000] {processor.py:768} INFO - DAG(s) dict_keys(['example_task_group_decorator']) retrieved from /home/airflow/.local/lib/python3.7/site-packages/airflow/example_dags/example_task_group_decorator.py
[2022-11-11T07:56:58.506+0000] {logging_mixin.py:117} INFO - [2022-11-11T07:56:58.506+0000] {dag.py:2573} INFO - Sync 1 DAGs
[2022-11-11T07:56:58.551+0000] {logging_mixin.py:117} INFO - [2022-11-11T07:56:58.550+0000] {dag.py:3328} INFO - Setting next_dagrun for example_task_group_decorator to 2022-11-10T07:56:58.550635+00:00, run_after=2022-11-11T07:56:58.550635+00:00
[2022-11-11T07:56:58.605+0000] {processor.py:178} INFO - Processing /home/airflow/.local/lib/python3.7/site-packages/airflow/example_dags/example_task_group_decorator.py took 0.329 seconds
[2022-11-11T09:22:17.550+0000] {processor.py:156} INFO - Started process (PID=14104) to work on /home/airflow/.local/lib/python3.7/site-packages/airflow/example_dags/example_task_group_decorator.py
[2022-11-11T09:22:17.555+0000] {processor.py:758} INFO - Processing file /home/airflow/.local/lib/python3.7/site-packages/airflow/example_dags/example_task_group_decorator.py for tasks to queue
[2022-11-11T09:22:17.561+0000] {logging_mixin.py:117} INFO - [2022-11-11T09:22:17.561+0000] {dagbag.py:525} INFO - Filling up the DagBag from /home/airflow/.local/lib/python3.7/site-packages/airflow/example_dags/example_task_group_decorator.py
[2022-11-11T09:22:17.602+0000] {processor.py:768} INFO - DAG(s) dict_keys(['example_task_group_decorator']) retrieved from /home/airflow/.local/lib/python3.7/site-packages/airflow/example_dags/example_task_group_decorator.py
[2022-11-11T09:22:17.710+0000] {logging_mixin.py:117} INFO - [2022-11-11T09:22:17.710+0000] {dag.py:2573} INFO - Sync 1 DAGs
[2022-11-11T09:22:17.790+0000] {logging_mixin.py:117} INFO - [2022-11-11T09:22:17.790+0000] {dag.py:3328} INFO - Setting next_dagrun for example_task_group_decorator to 2022-11-10T09:22:17.790558+00:00, run_after=2022-11-11T09:22:17.790558+00:00
[2022-11-11T09:22:17.836+0000] {processor.py:178} INFO - Processing /home/airflow/.local/lib/python3.7/site-packages/airflow/example_dags/example_task_group_decorator.py took 0.292 seconds
[2022-11-11T10:26:43.948+0000] {processor.py:156} INFO - Started process (PID=14159) to work on /home/airflow/.local/lib/python3.7/site-packages/airflow/example_dags/example_task_group_decorator.py
[2022-11-11T10:26:43.957+0000] {processor.py:758} INFO - Processing file /home/airflow/.local/lib/python3.7/site-packages/airflow/example_dags/example_task_group_decorator.py for tasks to queue
[2022-11-11T10:26:43.962+0000] {logging_mixin.py:117} INFO - [2022-11-11T10:26:43.962+0000] {dagbag.py:525} INFO - Filling up the DagBag from /home/airflow/.local/lib/python3.7/site-packages/airflow/example_dags/example_task_group_decorator.py
[2022-11-11T10:26:44.143+0000] {processor.py:768} INFO - DAG(s) dict_keys(['example_task_group_decorator']) retrieved from /home/airflow/.local/lib/python3.7/site-packages/airflow/example_dags/example_task_group_decorator.py
[2022-11-11T10:26:44.299+0000] {logging_mixin.py:117} INFO - [2022-11-11T10:26:44.298+0000] {dag.py:2573} INFO - Sync 1 DAGs
[2022-11-11T10:26:44.399+0000] {logging_mixin.py:117} INFO - [2022-11-11T10:26:44.399+0000] {dag.py:3328} INFO - Setting next_dagrun for example_task_group_decorator to 2022-11-10T10:26:44.398519+00:00, run_after=2022-11-11T10:26:44.398519+00:00
[2022-11-11T10:26:44.647+0000] {processor.py:178} INFO - Processing /home/airflow/.local/lib/python3.7/site-packages/airflow/example_dags/example_task_group_decorator.py took 0.706 seconds
[2022-11-11T11:52:16.594+0000] {processor.py:156} INFO - Started process (PID=14214) to work on /home/airflow/.local/lib/python3.7/site-packages/airflow/example_dags/example_task_group_decorator.py
[2022-11-11T11:52:16.599+0000] {processor.py:758} INFO - Processing file /home/airflow/.local/lib/python3.7/site-packages/airflow/example_dags/example_task_group_decorator.py for tasks to queue
[2022-11-11T11:52:16.608+0000] {logging_mixin.py:117} INFO - [2022-11-11T11:52:16.608+0000] {dagbag.py:525} INFO - Filling up the DagBag from /home/airflow/.local/lib/python3.7/site-packages/airflow/example_dags/example_task_group_decorator.py
[2022-11-11T11:52:16.697+0000] {processor.py:768} INFO - DAG(s) dict_keys(['example_task_group_decorator']) retrieved from /home/airflow/.local/lib/python3.7/site-packages/airflow/example_dags/example_task_group_decorator.py
[2022-11-11T11:52:16.792+0000] {logging_mixin.py:117} INFO - [2022-11-11T11:52:16.792+0000] {dag.py:2573} INFO - Sync 1 DAGs
[2022-11-11T11:52:16.850+0000] {logging_mixin.py:117} INFO - [2022-11-11T11:52:16.850+0000] {dag.py:3328} INFO - Setting next_dagrun for example_task_group_decorator to 2022-11-10T11:52:16.849583+00:00, run_after=2022-11-11T11:52:16.849583+00:00
[2022-11-11T11:52:16.925+0000] {processor.py:178} INFO - Processing /home/airflow/.local/lib/python3.7/site-packages/airflow/example_dags/example_task_group_decorator.py took 0.339 seconds
[2022-11-11T13:17:11.099+0000] {processor.py:156} INFO - Started process (PID=14269) to work on /home/airflow/.local/lib/python3.7/site-packages/airflow/example_dags/example_task_group_decorator.py
[2022-11-11T13:17:11.102+0000] {processor.py:758} INFO - Processing file /home/airflow/.local/lib/python3.7/site-packages/airflow/example_dags/example_task_group_decorator.py for tasks to queue
[2022-11-11T13:17:11.103+0000] {logging_mixin.py:117} INFO - [2022-11-11T13:17:11.103+0000] {dagbag.py:525} INFO - Filling up the DagBag from /home/airflow/.local/lib/python3.7/site-packages/airflow/example_dags/example_task_group_decorator.py
[2022-11-11T13:17:11.152+0000] {processor.py:768} INFO - DAG(s) dict_keys(['example_task_group_decorator']) retrieved from /home/airflow/.local/lib/python3.7/site-packages/airflow/example_dags/example_task_group_decorator.py
[2022-11-11T13:17:11.221+0000] {logging_mixin.py:117} INFO - [2022-11-11T13:17:11.220+0000] {dag.py:2573} INFO - Sync 1 DAGs
[2022-11-11T13:17:11.256+0000] {logging_mixin.py:117} INFO - [2022-11-11T13:17:11.255+0000] {dag.py:3328} INFO - Setting next_dagrun for example_task_group_decorator to 2022-11-10T13:17:11.255683+00:00, run_after=2022-11-11T13:17:11.255683+00:00
[2022-11-11T13:17:11.275+0000] {processor.py:178} INFO - Processing /home/airflow/.local/lib/python3.7/site-packages/airflow/example_dags/example_task_group_decorator.py took 0.179 seconds
[2022-11-11T14:25:11.880+0000] {processor.py:156} INFO - Started process (PID=14333) to work on /home/airflow/.local/lib/python3.7/site-packages/airflow/example_dags/example_task_group_decorator.py
[2022-11-11T14:25:11.889+0000] {processor.py:758} INFO - Processing file /home/airflow/.local/lib/python3.7/site-packages/airflow/example_dags/example_task_group_decorator.py for tasks to queue
[2022-11-11T14:25:11.895+0000] {logging_mixin.py:117} INFO - [2022-11-11T14:25:11.895+0000] {dagbag.py:525} INFO - Filling up the DagBag from /home/airflow/.local/lib/python3.7/site-packages/airflow/example_dags/example_task_group_decorator.py
[2022-11-11T14:25:13.000+0000] {processor.py:768} INFO - DAG(s) dict_keys(['example_task_group_decorator']) retrieved from /home/airflow/.local/lib/python3.7/site-packages/airflow/example_dags/example_task_group_decorator.py
[2022-11-11T14:25:13.383+0000] {logging_mixin.py:117} INFO - [2022-11-11T14:25:13.383+0000] {dag.py:2573} INFO - Sync 1 DAGs
[2022-11-11T14:25:13.475+0000] {logging_mixin.py:117} INFO - [2022-11-11T14:25:13.475+0000] {dag.py:3328} INFO - Setting next_dagrun for example_task_group_decorator to 2022-11-10T14:25:13.474703+00:00, run_after=2022-11-11T14:25:13.474703+00:00
[2022-11-11T14:25:13.661+0000] {processor.py:178} INFO - Processing /home/airflow/.local/lib/python3.7/site-packages/airflow/example_dags/example_task_group_decorator.py took 1.788 seconds
[2022-11-11T15:46:01.366+0000] {processor.py:156} INFO - Started process (PID=14387) to work on /home/airflow/.local/lib/python3.7/site-packages/airflow/example_dags/example_task_group_decorator.py
[2022-11-11T15:46:01.371+0000] {processor.py:758} INFO - Processing file /home/airflow/.local/lib/python3.7/site-packages/airflow/example_dags/example_task_group_decorator.py for tasks to queue
[2022-11-11T15:46:01.374+0000] {logging_mixin.py:117} INFO - [2022-11-11T15:46:01.373+0000] {dagbag.py:525} INFO - Filling up the DagBag from /home/airflow/.local/lib/python3.7/site-packages/airflow/example_dags/example_task_group_decorator.py
[2022-11-11T15:46:01.424+0000] {processor.py:768} INFO - DAG(s) dict_keys(['example_task_group_decorator']) retrieved from /home/airflow/.local/lib/python3.7/site-packages/airflow/example_dags/example_task_group_decorator.py
[2022-11-11T15:46:01.504+0000] {logging_mixin.py:117} INFO - [2022-11-11T15:46:01.504+0000] {dag.py:2573} INFO - Sync 1 DAGs
[2022-11-11T15:46:01.548+0000] {logging_mixin.py:117} INFO - [2022-11-11T15:46:01.548+0000] {dag.py:3328} INFO - Setting next_dagrun for example_task_group_decorator to 2022-11-10T15:46:01.548444+00:00, run_after=2022-11-11T15:46:01.548444+00:00
[2022-11-11T15:46:01.574+0000] {processor.py:178} INFO - Processing /home/airflow/.local/lib/python3.7/site-packages/airflow/example_dags/example_task_group_decorator.py took 0.215 seconds
[2022-11-11T17:04:36.572+0000] {processor.py:156} INFO - Started process (PID=14442) to work on /home/airflow/.local/lib/python3.7/site-packages/airflow/example_dags/example_task_group_decorator.py
[2022-11-11T17:04:36.574+0000] {processor.py:758} INFO - Processing file /home/airflow/.local/lib/python3.7/site-packages/airflow/example_dags/example_task_group_decorator.py for tasks to queue
[2022-11-11T17:04:36.575+0000] {logging_mixin.py:117} INFO - [2022-11-11T17:04:36.575+0000] {dagbag.py:525} INFO - Filling up the DagBag from /home/airflow/.local/lib/python3.7/site-packages/airflow/example_dags/example_task_group_decorator.py
[2022-11-11T17:04:36.613+0000] {processor.py:768} INFO - DAG(s) dict_keys(['example_task_group_decorator']) retrieved from /home/airflow/.local/lib/python3.7/site-packages/airflow/example_dags/example_task_group_decorator.py
[2022-11-11T17:04:36.647+0000] {logging_mixin.py:117} INFO - [2022-11-11T17:04:36.647+0000] {dag.py:2573} INFO - Sync 1 DAGs
[2022-11-11T17:04:36.676+0000] {logging_mixin.py:117} INFO - [2022-11-11T17:04:36.675+0000] {dag.py:3328} INFO - Setting next_dagrun for example_task_group_decorator to 2022-11-10T17:04:36.675749+00:00, run_after=2022-11-11T17:04:36.675749+00:00
[2022-11-11T17:04:36.702+0000] {processor.py:178} INFO - Processing /home/airflow/.local/lib/python3.7/site-packages/airflow/example_dags/example_task_group_decorator.py took 0.135 seconds
[2022-11-11T18:43:54.598+0000] {processor.py:156} INFO - Started process (PID=14506) to work on /home/airflow/.local/lib/python3.7/site-packages/airflow/example_dags/example_task_group_decorator.py
[2022-11-11T18:43:54.604+0000] {processor.py:758} INFO - Processing file /home/airflow/.local/lib/python3.7/site-packages/airflow/example_dags/example_task_group_decorator.py for tasks to queue
[2022-11-11T18:43:54.609+0000] {logging_mixin.py:117} INFO - [2022-11-11T18:43:54.609+0000] {dagbag.py:525} INFO - Filling up the DagBag from /home/airflow/.local/lib/python3.7/site-packages/airflow/example_dags/example_task_group_decorator.py
[2022-11-11T18:43:54.778+0000] {processor.py:768} INFO - DAG(s) dict_keys(['example_task_group_decorator']) retrieved from /home/airflow/.local/lib/python3.7/site-packages/airflow/example_dags/example_task_group_decorator.py
[2022-11-11T18:43:56.280+0000] {logging_mixin.py:117} INFO - [2022-11-11T18:43:56.280+0000] {dag.py:2573} INFO - Sync 1 DAGs
[2022-11-11T18:43:56.626+0000] {logging_mixin.py:117} INFO - [2022-11-11T18:43:56.626+0000] {dag.py:3328} INFO - Setting next_dagrun for example_task_group_decorator to 2022-11-10T18:43:56.620202+00:00, run_after=2022-11-11T18:43:56.620202+00:00
[2022-11-11T18:43:56.789+0000] {processor.py:178} INFO - Processing /home/airflow/.local/lib/python3.7/site-packages/airflow/example_dags/example_task_group_decorator.py took 2.195 seconds
[2022-11-11T20:08:11.718+0000] {processor.py:156} INFO - Started process (PID=14562) to work on /home/airflow/.local/lib/python3.7/site-packages/airflow/example_dags/example_task_group_decorator.py
[2022-11-11T20:08:11.720+0000] {processor.py:758} INFO - Processing file /home/airflow/.local/lib/python3.7/site-packages/airflow/example_dags/example_task_group_decorator.py for tasks to queue
[2022-11-11T20:08:11.722+0000] {logging_mixin.py:117} INFO - [2022-11-11T20:08:11.722+0000] {dagbag.py:525} INFO - Filling up the DagBag from /home/airflow/.local/lib/python3.7/site-packages/airflow/example_dags/example_task_group_decorator.py
[2022-11-11T20:08:11.760+0000] {processor.py:768} INFO - DAG(s) dict_keys(['example_task_group_decorator']) retrieved from /home/airflow/.local/lib/python3.7/site-packages/airflow/example_dags/example_task_group_decorator.py
[2022-11-11T20:08:11.860+0000] {logging_mixin.py:117} INFO - [2022-11-11T20:08:11.860+0000] {dag.py:2573} INFO - Sync 1 DAGs
[2022-11-11T20:08:11.902+0000] {logging_mixin.py:117} INFO - [2022-11-11T20:08:11.902+0000] {dag.py:3328} INFO - Setting next_dagrun for example_task_group_decorator to 2022-11-10T20:08:11.901839+00:00, run_after=2022-11-11T20:08:11.901839+00:00
[2022-11-11T20:08:11.930+0000] {processor.py:178} INFO - Processing /home/airflow/.local/lib/python3.7/site-packages/airflow/example_dags/example_task_group_decorator.py took 0.214 seconds
[2022-11-11T21:30:01.671+0000] {processor.py:156} INFO - Started process (PID=14617) to work on /home/airflow/.local/lib/python3.7/site-packages/airflow/example_dags/example_task_group_decorator.py
[2022-11-11T21:30:01.674+0000] {processor.py:758} INFO - Processing file /home/airflow/.local/lib/python3.7/site-packages/airflow/example_dags/example_task_group_decorator.py for tasks to queue
[2022-11-11T21:30:01.676+0000] {logging_mixin.py:117} INFO - [2022-11-11T21:30:01.676+0000] {dagbag.py:525} INFO - Filling up the DagBag from /home/airflow/.local/lib/python3.7/site-packages/airflow/example_dags/example_task_group_decorator.py
[2022-11-11T21:30:01.700+0000] {processor.py:768} INFO - DAG(s) dict_keys(['example_task_group_decorator']) retrieved from /home/airflow/.local/lib/python3.7/site-packages/airflow/example_dags/example_task_group_decorator.py
[2022-11-11T21:30:01.751+0000] {logging_mixin.py:117} INFO - [2022-11-11T21:30:01.751+0000] {dag.py:2573} INFO - Sync 1 DAGs
[2022-11-11T21:30:01.781+0000] {logging_mixin.py:117} INFO - [2022-11-11T21:30:01.781+0000] {dag.py:3328} INFO - Setting next_dagrun for example_task_group_decorator to 2022-11-10T21:30:01.781449+00:00, run_after=2022-11-11T21:30:01.781449+00:00
[2022-11-11T21:30:01.800+0000] {processor.py:178} INFO - Processing /home/airflow/.local/lib/python3.7/site-packages/airflow/example_dags/example_task_group_decorator.py took 0.131 seconds
[2022-11-11T23:07:57.781+0000] {processor.py:156} INFO - Started process (PID=14679) to work on /home/airflow/.local/lib/python3.7/site-packages/airflow/example_dags/example_task_group_decorator.py
[2022-11-11T23:07:57.784+0000] {processor.py:758} INFO - Processing file /home/airflow/.local/lib/python3.7/site-packages/airflow/example_dags/example_task_group_decorator.py for tasks to queue
[2022-11-11T23:07:57.786+0000] {logging_mixin.py:117} INFO - [2022-11-11T23:07:57.786+0000] {dagbag.py:525} INFO - Filling up the DagBag from /home/airflow/.local/lib/python3.7/site-packages/airflow/example_dags/example_task_group_decorator.py
[2022-11-11T23:07:57.886+0000] {processor.py:768} INFO - DAG(s) dict_keys(['example_task_group_decorator']) retrieved from /home/airflow/.local/lib/python3.7/site-packages/airflow/example_dags/example_task_group_decorator.py
[2022-11-11T23:07:58.927+0000] {logging_mixin.py:117} INFO - [2022-11-11T23:07:58.920+0000] {dag.py:2573} INFO - Sync 1 DAGs
[2022-11-11T23:07:59.470+0000] {logging_mixin.py:117} INFO - [2022-11-11T23:07:59.466+0000] {dag.py:3328} INFO - Setting next_dagrun for example_task_group_decorator to 2022-11-10T23:07:59.462077+00:00, run_after=2022-11-11T23:07:59.462077+00:00
[2022-11-11T23:07:59.632+0000] {processor.py:178} INFO - Processing /home/airflow/.local/lib/python3.7/site-packages/airflow/example_dags/example_task_group_decorator.py took 1.855 seconds
