[2022-11-11T00:42:41.753+0000] {processor.py:156} INFO - Started process (PID=13755) to work on /home/airflow/.local/lib/python3.7/site-packages/airflow/example_dags/example_trigger_target_dag.py
[2022-11-11T00:42:41.764+0000] {processor.py:758} INFO - Processing file /home/airflow/.local/lib/python3.7/site-packages/airflow/example_dags/example_trigger_target_dag.py for tasks to queue
[2022-11-11T00:42:41.783+0000] {logging_mixin.py:117} INFO - [2022-11-11T00:42:41.782+0000] {dagbag.py:525} INFO - Filling up the DagBag from /home/airflow/.local/lib/python3.7/site-packages/airflow/example_dags/example_trigger_target_dag.py
[2022-11-11T00:42:41.824+0000] {processor.py:768} INFO - DAG(s) dict_keys(['example_trigger_target_dag']) retrieved from /home/airflow/.local/lib/python3.7/site-packages/airflow/example_dags/example_trigger_target_dag.py
[2022-11-11T00:42:41.879+0000] {logging_mixin.py:117} INFO - [2022-11-11T00:42:41.878+0000] {dag.py:2573} INFO - Sync 1 DAGs
[2022-11-11T00:42:41.917+0000] {logging_mixin.py:117} INFO - [2022-11-11T00:42:41.917+0000] {dag.py:3328} INFO - Setting next_dagrun for example_trigger_target_dag to None, run_after=None
[2022-11-11T00:42:41.958+0000] {processor.py:178} INFO - Processing /home/airflow/.local/lib/python3.7/site-packages/airflow/example_dags/example_trigger_target_dag.py took 0.212 seconds
[2022-11-11T02:28:01.185+0000] {processor.py:156} INFO - Started process (PID=13819) to work on /home/airflow/.local/lib/python3.7/site-packages/airflow/example_dags/example_trigger_target_dag.py
[2022-11-11T02:28:01.191+0000] {processor.py:758} INFO - Processing file /home/airflow/.local/lib/python3.7/site-packages/airflow/example_dags/example_trigger_target_dag.py for tasks to queue
[2022-11-11T02:28:01.196+0000] {logging_mixin.py:117} INFO - [2022-11-11T02:28:01.195+0000] {dagbag.py:525} INFO - Filling up the DagBag from /home/airflow/.local/lib/python3.7/site-packages/airflow/example_dags/example_trigger_target_dag.py
[2022-11-11T02:28:01.214+0000] {processor.py:768} INFO - DAG(s) dict_keys(['example_trigger_target_dag']) retrieved from /home/airflow/.local/lib/python3.7/site-packages/airflow/example_dags/example_trigger_target_dag.py
[2022-11-11T02:28:01.257+0000] {logging_mixin.py:117} INFO - [2022-11-11T02:28:01.257+0000] {dag.py:2573} INFO - Sync 1 DAGs
[2022-11-11T02:28:01.294+0000] {logging_mixin.py:117} INFO - [2022-11-11T02:28:01.294+0000] {dag.py:3328} INFO - Setting next_dagrun for example_trigger_target_dag to None, run_after=None
[2022-11-11T02:28:01.304+0000] {processor.py:178} INFO - Processing /home/airflow/.local/lib/python3.7/site-packages/airflow/example_dags/example_trigger_target_dag.py took 0.130 seconds
[2022-11-11T03:50:21.289+0000] {processor.py:156} INFO - Started process (PID=13874) to work on /home/airflow/.local/lib/python3.7/site-packages/airflow/example_dags/example_trigger_target_dag.py
[2022-11-11T03:50:21.292+0000] {processor.py:758} INFO - Processing file /home/airflow/.local/lib/python3.7/site-packages/airflow/example_dags/example_trigger_target_dag.py for tasks to queue
[2022-11-11T03:50:21.293+0000] {logging_mixin.py:117} INFO - [2022-11-11T03:50:21.293+0000] {dagbag.py:525} INFO - Filling up the DagBag from /home/airflow/.local/lib/python3.7/site-packages/airflow/example_dags/example_trigger_target_dag.py
[2022-11-11T03:50:21.329+0000] {processor.py:768} INFO - DAG(s) dict_keys(['example_trigger_target_dag']) retrieved from /home/airflow/.local/lib/python3.7/site-packages/airflow/example_dags/example_trigger_target_dag.py
[2022-11-11T03:50:21.522+0000] {logging_mixin.py:117} INFO - [2022-11-11T03:50:21.522+0000] {dag.py:2573} INFO - Sync 1 DAGs
[2022-11-11T03:50:21.557+0000] {logging_mixin.py:117} INFO - [2022-11-11T03:50:21.557+0000] {dag.py:3328} INFO - Setting next_dagrun for example_trigger_target_dag to None, run_after=None
[2022-11-11T03:50:21.574+0000] {processor.py:178} INFO - Processing /home/airflow/.local/lib/python3.7/site-packages/airflow/example_dags/example_trigger_target_dag.py took 0.289 seconds
[2022-11-11T05:13:12.955+0000] {processor.py:156} INFO - Started process (PID=13938) to work on /home/airflow/.local/lib/python3.7/site-packages/airflow/example_dags/example_trigger_target_dag.py
[2022-11-11T05:13:12.976+0000] {processor.py:758} INFO - Processing file /home/airflow/.local/lib/python3.7/site-packages/airflow/example_dags/example_trigger_target_dag.py for tasks to queue
[2022-11-11T05:13:12.978+0000] {logging_mixin.py:117} INFO - [2022-11-11T05:13:12.978+0000] {dagbag.py:525} INFO - Filling up the DagBag from /home/airflow/.local/lib/python3.7/site-packages/airflow/example_dags/example_trigger_target_dag.py
[2022-11-11T05:13:13.013+0000] {processor.py:768} INFO - DAG(s) dict_keys(['example_trigger_target_dag']) retrieved from /home/airflow/.local/lib/python3.7/site-packages/airflow/example_dags/example_trigger_target_dag.py
[2022-11-11T05:13:13.122+0000] {logging_mixin.py:117} INFO - [2022-11-11T05:13:13.121+0000] {dag.py:2573} INFO - Sync 1 DAGs
[2022-11-11T05:13:13.147+0000] {logging_mixin.py:117} INFO - [2022-11-11T05:13:13.147+0000] {dag.py:3328} INFO - Setting next_dagrun for example_trigger_target_dag to None, run_after=None
[2022-11-11T05:13:13.185+0000] {processor.py:178} INFO - Processing /home/airflow/.local/lib/python3.7/site-packages/airflow/example_dags/example_trigger_target_dag.py took 0.234 seconds
[2022-11-11T06:36:31.934+0000] {processor.py:156} INFO - Started process (PID=13993) to work on /home/airflow/.local/lib/python3.7/site-packages/airflow/example_dags/example_trigger_target_dag.py
[2022-11-11T06:36:31.940+0000] {processor.py:758} INFO - Processing file /home/airflow/.local/lib/python3.7/site-packages/airflow/example_dags/example_trigger_target_dag.py for tasks to queue
[2022-11-11T06:36:31.945+0000] {logging_mixin.py:117} INFO - [2022-11-11T06:36:31.944+0000] {dagbag.py:525} INFO - Filling up the DagBag from /home/airflow/.local/lib/python3.7/site-packages/airflow/example_dags/example_trigger_target_dag.py
[2022-11-11T06:36:32.133+0000] {processor.py:768} INFO - DAG(s) dict_keys(['example_trigger_target_dag']) retrieved from /home/airflow/.local/lib/python3.7/site-packages/airflow/example_dags/example_trigger_target_dag.py
[2022-11-11T06:36:32.328+0000] {logging_mixin.py:117} INFO - [2022-11-11T06:36:32.328+0000] {dag.py:2573} INFO - Sync 1 DAGs
[2022-11-11T06:36:32.357+0000] {logging_mixin.py:117} INFO - [2022-11-11T06:36:32.357+0000] {dag.py:3328} INFO - Setting next_dagrun for example_trigger_target_dag to None, run_after=None
[2022-11-11T06:36:32.389+0000] {processor.py:178} INFO - Processing /home/airflow/.local/lib/python3.7/site-packages/airflow/example_dags/example_trigger_target_dag.py took 0.484 seconds
[2022-11-11T07:57:01.688+0000] {processor.py:156} INFO - Started process (PID=14048) to work on /home/airflow/.local/lib/python3.7/site-packages/airflow/example_dags/example_trigger_target_dag.py
[2022-11-11T07:57:01.696+0000] {processor.py:758} INFO - Processing file /home/airflow/.local/lib/python3.7/site-packages/airflow/example_dags/example_trigger_target_dag.py for tasks to queue
[2022-11-11T07:57:01.698+0000] {logging_mixin.py:117} INFO - [2022-11-11T07:57:01.698+0000] {dagbag.py:525} INFO - Filling up the DagBag from /home/airflow/.local/lib/python3.7/site-packages/airflow/example_dags/example_trigger_target_dag.py
[2022-11-11T07:57:01.730+0000] {processor.py:768} INFO - DAG(s) dict_keys(['example_trigger_target_dag']) retrieved from /home/airflow/.local/lib/python3.7/site-packages/airflow/example_dags/example_trigger_target_dag.py
[2022-11-11T07:57:01.861+0000] {logging_mixin.py:117} INFO - [2022-11-11T07:57:01.861+0000] {dag.py:2573} INFO - Sync 1 DAGs
[2022-11-11T07:57:01.933+0000] {logging_mixin.py:117} INFO - [2022-11-11T07:57:01.933+0000] {dag.py:3328} INFO - Setting next_dagrun for example_trigger_target_dag to None, run_after=None
[2022-11-11T07:57:01.994+0000] {processor.py:178} INFO - Processing /home/airflow/.local/lib/python3.7/site-packages/airflow/example_dags/example_trigger_target_dag.py took 0.313 seconds
[2022-11-11T09:22:27.733+0000] {processor.py:156} INFO - Started process (PID=14122) to work on /home/airflow/.local/lib/python3.7/site-packages/airflow/example_dags/example_trigger_target_dag.py
[2022-11-11T09:22:27.818+0000] {processor.py:758} INFO - Processing file /home/airflow/.local/lib/python3.7/site-packages/airflow/example_dags/example_trigger_target_dag.py for tasks to queue
[2022-11-11T09:22:27.821+0000] {logging_mixin.py:117} INFO - [2022-11-11T09:22:27.821+0000] {dagbag.py:525} INFO - Filling up the DagBag from /home/airflow/.local/lib/python3.7/site-packages/airflow/example_dags/example_trigger_target_dag.py
[2022-11-11T09:22:27.868+0000] {processor.py:768} INFO - DAG(s) dict_keys(['example_trigger_target_dag']) retrieved from /home/airflow/.local/lib/python3.7/site-packages/airflow/example_dags/example_trigger_target_dag.py
[2022-11-11T09:22:27.926+0000] {logging_mixin.py:117} INFO - [2022-11-11T09:22:27.926+0000] {dag.py:2573} INFO - Sync 1 DAGs
[2022-11-11T09:22:27.957+0000] {logging_mixin.py:117} INFO - [2022-11-11T09:22:27.957+0000] {dag.py:3328} INFO - Setting next_dagrun for example_trigger_target_dag to None, run_after=None
[2022-11-11T09:22:27.979+0000] {processor.py:178} INFO - Processing /home/airflow/.local/lib/python3.7/site-packages/airflow/example_dags/example_trigger_target_dag.py took 0.282 seconds
[2022-11-11T10:26:48.679+0000] {processor.py:156} INFO - Started process (PID=14167) to work on /home/airflow/.local/lib/python3.7/site-packages/airflow/example_dags/example_trigger_target_dag.py
[2022-11-11T10:26:48.682+0000] {processor.py:758} INFO - Processing file /home/airflow/.local/lib/python3.7/site-packages/airflow/example_dags/example_trigger_target_dag.py for tasks to queue
[2022-11-11T10:26:48.683+0000] {logging_mixin.py:117} INFO - [2022-11-11T10:26:48.683+0000] {dagbag.py:525} INFO - Filling up the DagBag from /home/airflow/.local/lib/python3.7/site-packages/airflow/example_dags/example_trigger_target_dag.py
[2022-11-11T10:26:48.756+0000] {processor.py:768} INFO - DAG(s) dict_keys(['example_trigger_target_dag']) retrieved from /home/airflow/.local/lib/python3.7/site-packages/airflow/example_dags/example_trigger_target_dag.py
[2022-11-11T10:26:48.831+0000] {logging_mixin.py:117} INFO - [2022-11-11T10:26:48.831+0000] {dag.py:2573} INFO - Sync 1 DAGs
[2022-11-11T10:26:48.871+0000] {logging_mixin.py:117} INFO - [2022-11-11T10:26:48.871+0000] {dag.py:3328} INFO - Setting next_dagrun for example_trigger_target_dag to None, run_after=None
[2022-11-11T10:26:48.937+0000] {processor.py:178} INFO - Processing /home/airflow/.local/lib/python3.7/site-packages/airflow/example_dags/example_trigger_target_dag.py took 0.261 seconds
[2022-11-11T11:52:21.473+0000] {processor.py:156} INFO - Started process (PID=14222) to work on /home/airflow/.local/lib/python3.7/site-packages/airflow/example_dags/example_trigger_target_dag.py
[2022-11-11T11:52:21.494+0000] {processor.py:758} INFO - Processing file /home/airflow/.local/lib/python3.7/site-packages/airflow/example_dags/example_trigger_target_dag.py for tasks to queue
[2022-11-11T11:52:21.503+0000] {logging_mixin.py:117} INFO - [2022-11-11T11:52:21.502+0000] {dagbag.py:525} INFO - Filling up the DagBag from /home/airflow/.local/lib/python3.7/site-packages/airflow/example_dags/example_trigger_target_dag.py
[2022-11-11T11:52:21.609+0000] {processor.py:768} INFO - DAG(s) dict_keys(['example_trigger_target_dag']) retrieved from /home/airflow/.local/lib/python3.7/site-packages/airflow/example_dags/example_trigger_target_dag.py
[2022-11-11T11:52:21.829+0000] {logging_mixin.py:117} INFO - [2022-11-11T11:52:21.828+0000] {dag.py:2573} INFO - Sync 1 DAGs
[2022-11-11T11:52:21.961+0000] {logging_mixin.py:117} INFO - [2022-11-11T11:52:21.961+0000] {dag.py:3328} INFO - Setting next_dagrun for example_trigger_target_dag to None, run_after=None
[2022-11-11T11:52:22.019+0000] {processor.py:178} INFO - Processing /home/airflow/.local/lib/python3.7/site-packages/airflow/example_dags/example_trigger_target_dag.py took 0.589 seconds
[2022-11-11T13:17:13.895+0000] {processor.py:156} INFO - Started process (PID=14286) to work on /home/airflow/.local/lib/python3.7/site-packages/airflow/example_dags/example_trigger_target_dag.py
[2022-11-11T13:17:13.902+0000] {processor.py:758} INFO - Processing file /home/airflow/.local/lib/python3.7/site-packages/airflow/example_dags/example_trigger_target_dag.py for tasks to queue
[2022-11-11T13:17:13.925+0000] {logging_mixin.py:117} INFO - [2022-11-11T13:17:13.925+0000] {dagbag.py:525} INFO - Filling up the DagBag from /home/airflow/.local/lib/python3.7/site-packages/airflow/example_dags/example_trigger_target_dag.py
[2022-11-11T13:17:14.038+0000] {processor.py:768} INFO - DAG(s) dict_keys(['example_trigger_target_dag']) retrieved from /home/airflow/.local/lib/python3.7/site-packages/airflow/example_dags/example_trigger_target_dag.py
[2022-11-11T13:17:14.220+0000] {logging_mixin.py:117} INFO - [2022-11-11T13:17:14.220+0000] {dag.py:2573} INFO - Sync 1 DAGs
[2022-11-11T13:17:14.418+0000] {logging_mixin.py:117} INFO - [2022-11-11T13:17:14.418+0000] {dag.py:3328} INFO - Setting next_dagrun for example_trigger_target_dag to None, run_after=None
[2022-11-11T13:17:14.551+0000] {processor.py:178} INFO - Processing /home/airflow/.local/lib/python3.7/site-packages/airflow/example_dags/example_trigger_target_dag.py took 0.660 seconds
[2022-11-11T14:25:15.553+0000] {processor.py:156} INFO - Started process (PID=14341) to work on /home/airflow/.local/lib/python3.7/site-packages/airflow/example_dags/example_trigger_target_dag.py
[2022-11-11T14:25:15.559+0000] {processor.py:758} INFO - Processing file /home/airflow/.local/lib/python3.7/site-packages/airflow/example_dags/example_trigger_target_dag.py for tasks to queue
[2022-11-11T14:25:15.562+0000] {logging_mixin.py:117} INFO - [2022-11-11T14:25:15.561+0000] {dagbag.py:525} INFO - Filling up the DagBag from /home/airflow/.local/lib/python3.7/site-packages/airflow/example_dags/example_trigger_target_dag.py
[2022-11-11T14:25:15.584+0000] {processor.py:768} INFO - DAG(s) dict_keys(['example_trigger_target_dag']) retrieved from /home/airflow/.local/lib/python3.7/site-packages/airflow/example_dags/example_trigger_target_dag.py
[2022-11-11T14:25:15.625+0000] {logging_mixin.py:117} INFO - [2022-11-11T14:25:15.625+0000] {dag.py:2573} INFO - Sync 1 DAGs
[2022-11-11T14:25:15.667+0000] {logging_mixin.py:117} INFO - [2022-11-11T14:25:15.667+0000] {dag.py:3328} INFO - Setting next_dagrun for example_trigger_target_dag to None, run_after=None
[2022-11-11T14:25:15.709+0000] {processor.py:178} INFO - Processing /home/airflow/.local/lib/python3.7/site-packages/airflow/example_dags/example_trigger_target_dag.py took 0.160 seconds
[2022-11-11T15:46:03.594+0000] {processor.py:156} INFO - Started process (PID=14395) to work on /home/airflow/.local/lib/python3.7/site-packages/airflow/example_dags/example_trigger_target_dag.py
[2022-11-11T15:46:03.613+0000] {processor.py:758} INFO - Processing file /home/airflow/.local/lib/python3.7/site-packages/airflow/example_dags/example_trigger_target_dag.py for tasks to queue
[2022-11-11T15:46:03.625+0000] {logging_mixin.py:117} INFO - [2022-11-11T15:46:03.625+0000] {dagbag.py:525} INFO - Filling up the DagBag from /home/airflow/.local/lib/python3.7/site-packages/airflow/example_dags/example_trigger_target_dag.py
[2022-11-11T15:46:03.858+0000] {processor.py:768} INFO - DAG(s) dict_keys(['example_trigger_target_dag']) retrieved from /home/airflow/.local/lib/python3.7/site-packages/airflow/example_dags/example_trigger_target_dag.py
[2022-11-11T15:46:04.031+0000] {logging_mixin.py:117} INFO - [2022-11-11T15:46:04.031+0000] {dag.py:2573} INFO - Sync 1 DAGs
[2022-11-11T15:46:04.059+0000] {logging_mixin.py:117} INFO - [2022-11-11T15:46:04.059+0000] {dag.py:3328} INFO - Setting next_dagrun for example_trigger_target_dag to None, run_after=None
[2022-11-11T15:46:04.107+0000] {processor.py:178} INFO - Processing /home/airflow/.local/lib/python3.7/site-packages/airflow/example_dags/example_trigger_target_dag.py took 0.556 seconds
[2022-11-11T17:04:39.746+0000] {processor.py:156} INFO - Started process (PID=14450) to work on /home/airflow/.local/lib/python3.7/site-packages/airflow/example_dags/example_trigger_target_dag.py
[2022-11-11T17:04:39.754+0000] {processor.py:758} INFO - Processing file /home/airflow/.local/lib/python3.7/site-packages/airflow/example_dags/example_trigger_target_dag.py for tasks to queue
[2022-11-11T17:04:39.760+0000] {logging_mixin.py:117} INFO - [2022-11-11T17:04:39.760+0000] {dagbag.py:525} INFO - Filling up the DagBag from /home/airflow/.local/lib/python3.7/site-packages/airflow/example_dags/example_trigger_target_dag.py
[2022-11-11T17:04:39.973+0000] {processor.py:768} INFO - DAG(s) dict_keys(['example_trigger_target_dag']) retrieved from /home/airflow/.local/lib/python3.7/site-packages/airflow/example_dags/example_trigger_target_dag.py
[2022-11-11T17:04:40.408+0000] {logging_mixin.py:117} INFO - [2022-11-11T17:04:40.405+0000] {dag.py:2573} INFO - Sync 1 DAGs
[2022-11-11T17:04:41.076+0000] {logging_mixin.py:117} INFO - [2022-11-11T17:04:41.076+0000] {dag.py:3328} INFO - Setting next_dagrun for example_trigger_target_dag to None, run_after=None
[2022-11-11T17:04:41.469+0000] {processor.py:178} INFO - Processing /home/airflow/.local/lib/python3.7/site-packages/airflow/example_dags/example_trigger_target_dag.py took 1.726 seconds
[2022-11-11T18:43:59.986+0000] {processor.py:156} INFO - Started process (PID=14514) to work on /home/airflow/.local/lib/python3.7/site-packages/airflow/example_dags/example_trigger_target_dag.py
[2022-11-11T18:43:59.989+0000] {processor.py:758} INFO - Processing file /home/airflow/.local/lib/python3.7/site-packages/airflow/example_dags/example_trigger_target_dag.py for tasks to queue
[2022-11-11T18:43:59.992+0000] {logging_mixin.py:117} INFO - [2022-11-11T18:43:59.992+0000] {dagbag.py:525} INFO - Filling up the DagBag from /home/airflow/.local/lib/python3.7/site-packages/airflow/example_dags/example_trigger_target_dag.py
[2022-11-11T18:44:00.030+0000] {processor.py:768} INFO - DAG(s) dict_keys(['example_trigger_target_dag']) retrieved from /home/airflow/.local/lib/python3.7/site-packages/airflow/example_dags/example_trigger_target_dag.py
[2022-11-11T18:44:00.078+0000] {logging_mixin.py:117} INFO - [2022-11-11T18:44:00.078+0000] {dag.py:2573} INFO - Sync 1 DAGs
[2022-11-11T18:44:00.120+0000] {logging_mixin.py:117} INFO - [2022-11-11T18:44:00.120+0000] {dag.py:3328} INFO - Setting next_dagrun for example_trigger_target_dag to None, run_after=None
[2022-11-11T18:44:00.135+0000] {processor.py:178} INFO - Processing /home/airflow/.local/lib/python3.7/site-packages/airflow/example_dags/example_trigger_target_dag.py took 0.152 seconds
[2022-11-11T20:08:15.480+0000] {processor.py:156} INFO - Started process (PID=14570) to work on /home/airflow/.local/lib/python3.7/site-packages/airflow/example_dags/example_trigger_target_dag.py
[2022-11-11T20:08:15.484+0000] {processor.py:758} INFO - Processing file /home/airflow/.local/lib/python3.7/site-packages/airflow/example_dags/example_trigger_target_dag.py for tasks to queue
[2022-11-11T20:08:15.491+0000] {logging_mixin.py:117} INFO - [2022-11-11T20:08:15.491+0000] {dagbag.py:525} INFO - Filling up the DagBag from /home/airflow/.local/lib/python3.7/site-packages/airflow/example_dags/example_trigger_target_dag.py
[2022-11-11T20:08:15.611+0000] {processor.py:768} INFO - DAG(s) dict_keys(['example_trigger_target_dag']) retrieved from /home/airflow/.local/lib/python3.7/site-packages/airflow/example_dags/example_trigger_target_dag.py
[2022-11-11T20:08:16.122+0000] {logging_mixin.py:117} INFO - [2022-11-11T20:08:16.122+0000] {dag.py:2573} INFO - Sync 1 DAGs
[2022-11-11T20:08:16.164+0000] {logging_mixin.py:117} INFO - [2022-11-11T20:08:16.164+0000] {dag.py:3328} INFO - Setting next_dagrun for example_trigger_target_dag to None, run_after=None
[2022-11-11T20:08:16.218+0000] {processor.py:178} INFO - Processing /home/airflow/.local/lib/python3.7/site-packages/airflow/example_dags/example_trigger_target_dag.py took 0.749 seconds
[2022-11-11T21:30:04.854+0000] {processor.py:156} INFO - Started process (PID=14633) to work on /home/airflow/.local/lib/python3.7/site-packages/airflow/example_dags/example_trigger_target_dag.py
[2022-11-11T21:30:04.896+0000] {processor.py:758} INFO - Processing file /home/airflow/.local/lib/python3.7/site-packages/airflow/example_dags/example_trigger_target_dag.py for tasks to queue
[2022-11-11T21:30:04.909+0000] {logging_mixin.py:117} INFO - [2022-11-11T21:30:04.909+0000] {dagbag.py:525} INFO - Filling up the DagBag from /home/airflow/.local/lib/python3.7/site-packages/airflow/example_dags/example_trigger_target_dag.py
[2022-11-11T21:30:05.089+0000] {processor.py:768} INFO - DAG(s) dict_keys(['example_trigger_target_dag']) retrieved from /home/airflow/.local/lib/python3.7/site-packages/airflow/example_dags/example_trigger_target_dag.py
[2022-11-11T21:30:05.420+0000] {logging_mixin.py:117} INFO - [2022-11-11T21:30:05.420+0000] {dag.py:2573} INFO - Sync 1 DAGs
[2022-11-11T21:30:06.440+0000] {logging_mixin.py:117} INFO - [2022-11-11T21:30:06.420+0000] {dag.py:3328} INFO - Setting next_dagrun for example_trigger_target_dag to None, run_after=None
[2022-11-11T21:30:06.650+0000] {processor.py:178} INFO - Processing /home/airflow/.local/lib/python3.7/site-packages/airflow/example_dags/example_trigger_target_dag.py took 1.831 seconds
[2022-11-11T23:08:02.321+0000] {processor.py:156} INFO - Started process (PID=14687) to work on /home/airflow/.local/lib/python3.7/site-packages/airflow/example_dags/example_trigger_target_dag.py
[2022-11-11T23:08:02.326+0000] {processor.py:758} INFO - Processing file /home/airflow/.local/lib/python3.7/site-packages/airflow/example_dags/example_trigger_target_dag.py for tasks to queue
[2022-11-11T23:08:02.332+0000] {logging_mixin.py:117} INFO - [2022-11-11T23:08:02.331+0000] {dagbag.py:525} INFO - Filling up the DagBag from /home/airflow/.local/lib/python3.7/site-packages/airflow/example_dags/example_trigger_target_dag.py
[2022-11-11T23:08:02.396+0000] {processor.py:768} INFO - DAG(s) dict_keys(['example_trigger_target_dag']) retrieved from /home/airflow/.local/lib/python3.7/site-packages/airflow/example_dags/example_trigger_target_dag.py
[2022-11-11T23:08:02.478+0000] {logging_mixin.py:117} INFO - [2022-11-11T23:08:02.477+0000] {dag.py:2573} INFO - Sync 1 DAGs
[2022-11-11T23:08:02.509+0000] {logging_mixin.py:117} INFO - [2022-11-11T23:08:02.508+0000] {dag.py:3328} INFO - Setting next_dagrun for example_trigger_target_dag to None, run_after=None
[2022-11-11T23:08:02.554+0000] {processor.py:178} INFO - Processing /home/airflow/.local/lib/python3.7/site-packages/airflow/example_dags/example_trigger_target_dag.py took 0.236 seconds
