[2022-11-11T00:42:39.214+0000] {processor.py:156} INFO - Started process (PID=13741) to work on /home/airflow/.local/lib/python3.7/site-packages/airflow/example_dags/tutorial_taskflow_api.py
[2022-11-11T00:42:39.216+0000] {processor.py:758} INFO - Processing file /home/airflow/.local/lib/python3.7/site-packages/airflow/example_dags/tutorial_taskflow_api.py for tasks to queue
[2022-11-11T00:42:39.217+0000] {logging_mixin.py:117} INFO - [2022-11-11T00:42:39.217+0000] {dagbag.py:525} INFO - Filling up the DagBag from /home/airflow/.local/lib/python3.7/site-packages/airflow/example_dags/tutorial_taskflow_api.py
[2022-11-11T00:42:39.258+0000] {processor.py:768} INFO - DAG(s) dict_keys(['tutorial_taskflow_api']) retrieved from /home/airflow/.local/lib/python3.7/site-packages/airflow/example_dags/tutorial_taskflow_api.py
[2022-11-11T00:42:39.318+0000] {logging_mixin.py:117} INFO - [2022-11-11T00:42:39.317+0000] {dag.py:2573} INFO - Sync 1 DAGs
[2022-11-11T00:42:39.343+0000] {logging_mixin.py:117} INFO - [2022-11-11T00:42:39.343+0000] {dag.py:3328} INFO - Setting next_dagrun for tutorial_taskflow_api to None, run_after=None
[2022-11-11T00:42:39.377+0000] {processor.py:178} INFO - Processing /home/airflow/.local/lib/python3.7/site-packages/airflow/example_dags/tutorial_taskflow_api.py took 0.166 seconds
[2022-11-11T02:27:56.373+0000] {processor.py:156} INFO - Started process (PID=13805) to work on /home/airflow/.local/lib/python3.7/site-packages/airflow/example_dags/tutorial_taskflow_api.py
[2022-11-11T02:27:56.383+0000] {processor.py:758} INFO - Processing file /home/airflow/.local/lib/python3.7/site-packages/airflow/example_dags/tutorial_taskflow_api.py for tasks to queue
[2022-11-11T02:27:56.387+0000] {logging_mixin.py:117} INFO - [2022-11-11T02:27:56.387+0000] {dagbag.py:525} INFO - Filling up the DagBag from /home/airflow/.local/lib/python3.7/site-packages/airflow/example_dags/tutorial_taskflow_api.py
[2022-11-11T02:27:56.453+0000] {processor.py:768} INFO - DAG(s) dict_keys(['tutorial_taskflow_api']) retrieved from /home/airflow/.local/lib/python3.7/site-packages/airflow/example_dags/tutorial_taskflow_api.py
[2022-11-11T02:27:56.623+0000] {logging_mixin.py:117} INFO - [2022-11-11T02:27:56.622+0000] {dag.py:2573} INFO - Sync 1 DAGs
[2022-11-11T02:27:56.676+0000] {logging_mixin.py:117} INFO - [2022-11-11T02:27:56.675+0000] {dag.py:3328} INFO - Setting next_dagrun for tutorial_taskflow_api to None, run_after=None
[2022-11-11T02:27:56.803+0000] {processor.py:178} INFO - Processing /home/airflow/.local/lib/python3.7/site-packages/airflow/example_dags/tutorial_taskflow_api.py took 0.434 seconds
[2022-11-11T03:50:15.133+0000] {processor.py:156} INFO - Started process (PID=13860) to work on /home/airflow/.local/lib/python3.7/site-packages/airflow/example_dags/tutorial_taskflow_api.py
[2022-11-11T03:50:15.135+0000] {processor.py:758} INFO - Processing file /home/airflow/.local/lib/python3.7/site-packages/airflow/example_dags/tutorial_taskflow_api.py for tasks to queue
[2022-11-11T03:50:15.137+0000] {logging_mixin.py:117} INFO - [2022-11-11T03:50:15.137+0000] {dagbag.py:525} INFO - Filling up the DagBag from /home/airflow/.local/lib/python3.7/site-packages/airflow/example_dags/tutorial_taskflow_api.py
[2022-11-11T03:50:15.162+0000] {processor.py:768} INFO - DAG(s) dict_keys(['tutorial_taskflow_api']) retrieved from /home/airflow/.local/lib/python3.7/site-packages/airflow/example_dags/tutorial_taskflow_api.py
[2022-11-11T03:50:15.273+0000] {logging_mixin.py:117} INFO - [2022-11-11T03:50:15.272+0000] {dag.py:2573} INFO - Sync 1 DAGs
[2022-11-11T03:50:15.320+0000] {logging_mixin.py:117} INFO - [2022-11-11T03:50:15.320+0000] {dag.py:3328} INFO - Setting next_dagrun for tutorial_taskflow_api to None, run_after=None
[2022-11-11T03:50:15.385+0000] {processor.py:178} INFO - Processing /home/airflow/.local/lib/python3.7/site-packages/airflow/example_dags/tutorial_taskflow_api.py took 0.256 seconds
[2022-11-11T05:13:05.016+0000] {processor.py:156} INFO - Started process (PID=13915) to work on /home/airflow/.local/lib/python3.7/site-packages/airflow/example_dags/tutorial_taskflow_api.py
[2022-11-11T05:13:05.023+0000] {processor.py:758} INFO - Processing file /home/airflow/.local/lib/python3.7/site-packages/airflow/example_dags/tutorial_taskflow_api.py for tasks to queue
[2022-11-11T05:13:05.038+0000] {logging_mixin.py:117} INFO - [2022-11-11T05:13:05.038+0000] {dagbag.py:525} INFO - Filling up the DagBag from /home/airflow/.local/lib/python3.7/site-packages/airflow/example_dags/tutorial_taskflow_api.py
[2022-11-11T05:13:05.073+0000] {processor.py:768} INFO - DAG(s) dict_keys(['tutorial_taskflow_api']) retrieved from /home/airflow/.local/lib/python3.7/site-packages/airflow/example_dags/tutorial_taskflow_api.py
[2022-11-11T05:13:05.206+0000] {logging_mixin.py:117} INFO - [2022-11-11T05:13:05.206+0000] {dag.py:2573} INFO - Sync 1 DAGs
[2022-11-11T05:13:05.238+0000] {logging_mixin.py:117} INFO - [2022-11-11T05:13:05.238+0000] {dag.py:3328} INFO - Setting next_dagrun for tutorial_taskflow_api to None, run_after=None
[2022-11-11T05:13:05.293+0000] {processor.py:178} INFO - Processing /home/airflow/.local/lib/python3.7/site-packages/airflow/example_dags/tutorial_taskflow_api.py took 0.281 seconds
[2022-11-11T06:36:24.165+0000] {processor.py:156} INFO - Started process (PID=13970) to work on /home/airflow/.local/lib/python3.7/site-packages/airflow/example_dags/tutorial_taskflow_api.py
[2022-11-11T06:36:24.169+0000] {processor.py:758} INFO - Processing file /home/airflow/.local/lib/python3.7/site-packages/airflow/example_dags/tutorial_taskflow_api.py for tasks to queue
[2022-11-11T06:36:24.171+0000] {logging_mixin.py:117} INFO - [2022-11-11T06:36:24.171+0000] {dagbag.py:525} INFO - Filling up the DagBag from /home/airflow/.local/lib/python3.7/site-packages/airflow/example_dags/tutorial_taskflow_api.py
[2022-11-11T06:36:24.265+0000] {processor.py:768} INFO - DAG(s) dict_keys(['tutorial_taskflow_api']) retrieved from /home/airflow/.local/lib/python3.7/site-packages/airflow/example_dags/tutorial_taskflow_api.py
[2022-11-11T06:36:24.404+0000] {logging_mixin.py:117} INFO - [2022-11-11T06:36:24.403+0000] {dag.py:2573} INFO - Sync 1 DAGs
[2022-11-11T06:36:24.449+0000] {logging_mixin.py:117} INFO - [2022-11-11T06:36:24.449+0000] {dag.py:3328} INFO - Setting next_dagrun for tutorial_taskflow_api to None, run_after=None
[2022-11-11T06:36:24.482+0000] {processor.py:178} INFO - Processing /home/airflow/.local/lib/python3.7/site-packages/airflow/example_dags/tutorial_taskflow_api.py took 0.322 seconds
[2022-11-11T07:56:57.315+0000] {processor.py:156} INFO - Started process (PID=14034) to work on /home/airflow/.local/lib/python3.7/site-packages/airflow/example_dags/tutorial_taskflow_api.py
[2022-11-11T07:56:57.318+0000] {processor.py:758} INFO - Processing file /home/airflow/.local/lib/python3.7/site-packages/airflow/example_dags/tutorial_taskflow_api.py for tasks to queue
[2022-11-11T07:56:57.319+0000] {logging_mixin.py:117} INFO - [2022-11-11T07:56:57.319+0000] {dagbag.py:525} INFO - Filling up the DagBag from /home/airflow/.local/lib/python3.7/site-packages/airflow/example_dags/tutorial_taskflow_api.py
[2022-11-11T07:56:57.346+0000] {processor.py:768} INFO - DAG(s) dict_keys(['tutorial_taskflow_api']) retrieved from /home/airflow/.local/lib/python3.7/site-packages/airflow/example_dags/tutorial_taskflow_api.py
[2022-11-11T07:56:57.418+0000] {logging_mixin.py:117} INFO - [2022-11-11T07:56:57.418+0000] {dag.py:2573} INFO - Sync 1 DAGs
[2022-11-11T07:56:57.445+0000] {logging_mixin.py:117} INFO - [2022-11-11T07:56:57.445+0000] {dag.py:3328} INFO - Setting next_dagrun for tutorial_taskflow_api to None, run_after=None
[2022-11-11T07:56:57.518+0000] {processor.py:178} INFO - Processing /home/airflow/.local/lib/python3.7/site-packages/airflow/example_dags/tutorial_taskflow_api.py took 0.207 seconds
[2022-11-11T09:22:14.140+0000] {processor.py:156} INFO - Started process (PID=14098) to work on /home/airflow/.local/lib/python3.7/site-packages/airflow/example_dags/tutorial_taskflow_api.py
[2022-11-11T09:22:14.150+0000] {processor.py:758} INFO - Processing file /home/airflow/.local/lib/python3.7/site-packages/airflow/example_dags/tutorial_taskflow_api.py for tasks to queue
[2022-11-11T09:22:14.162+0000] {logging_mixin.py:117} INFO - [2022-11-11T09:22:14.162+0000] {dagbag.py:525} INFO - Filling up the DagBag from /home/airflow/.local/lib/python3.7/site-packages/airflow/example_dags/tutorial_taskflow_api.py
[2022-11-11T09:22:14.301+0000] {processor.py:768} INFO - DAG(s) dict_keys(['tutorial_taskflow_api']) retrieved from /home/airflow/.local/lib/python3.7/site-packages/airflow/example_dags/tutorial_taskflow_api.py
[2022-11-11T09:22:15.221+0000] {logging_mixin.py:117} INFO - [2022-11-11T09:22:15.220+0000] {dag.py:2573} INFO - Sync 1 DAGs
[2022-11-11T09:22:15.276+0000] {logging_mixin.py:117} INFO - [2022-11-11T09:22:15.276+0000] {dag.py:3328} INFO - Setting next_dagrun for tutorial_taskflow_api to None, run_after=None
[2022-11-11T09:22:15.348+0000] {processor.py:178} INFO - Processing /home/airflow/.local/lib/python3.7/site-packages/airflow/example_dags/tutorial_taskflow_api.py took 1.219 seconds
[2022-11-11T10:26:42.235+0000] {processor.py:156} INFO - Started process (PID=14153) to work on /home/airflow/.local/lib/python3.7/site-packages/airflow/example_dags/tutorial_taskflow_api.py
[2022-11-11T10:26:42.241+0000] {processor.py:758} INFO - Processing file /home/airflow/.local/lib/python3.7/site-packages/airflow/example_dags/tutorial_taskflow_api.py for tasks to queue
[2022-11-11T10:26:42.243+0000] {logging_mixin.py:117} INFO - [2022-11-11T10:26:42.243+0000] {dagbag.py:525} INFO - Filling up the DagBag from /home/airflow/.local/lib/python3.7/site-packages/airflow/example_dags/tutorial_taskflow_api.py
[2022-11-11T10:26:42.279+0000] {processor.py:768} INFO - DAG(s) dict_keys(['tutorial_taskflow_api']) retrieved from /home/airflow/.local/lib/python3.7/site-packages/airflow/example_dags/tutorial_taskflow_api.py
[2022-11-11T10:26:42.388+0000] {logging_mixin.py:117} INFO - [2022-11-11T10:26:42.387+0000] {dag.py:2573} INFO - Sync 1 DAGs
[2022-11-11T10:26:42.435+0000] {logging_mixin.py:117} INFO - [2022-11-11T10:26:42.435+0000] {dag.py:3328} INFO - Setting next_dagrun for tutorial_taskflow_api to None, run_after=None
[2022-11-11T10:26:42.497+0000] {processor.py:178} INFO - Processing /home/airflow/.local/lib/python3.7/site-packages/airflow/example_dags/tutorial_taskflow_api.py took 0.267 seconds
[2022-11-11T11:52:15.886+0000] {processor.py:156} INFO - Started process (PID=14208) to work on /home/airflow/.local/lib/python3.7/site-packages/airflow/example_dags/tutorial_taskflow_api.py
[2022-11-11T11:52:15.888+0000] {processor.py:758} INFO - Processing file /home/airflow/.local/lib/python3.7/site-packages/airflow/example_dags/tutorial_taskflow_api.py for tasks to queue
[2022-11-11T11:52:15.890+0000] {logging_mixin.py:117} INFO - [2022-11-11T11:52:15.889+0000] {dagbag.py:525} INFO - Filling up the DagBag from /home/airflow/.local/lib/python3.7/site-packages/airflow/example_dags/tutorial_taskflow_api.py
[2022-11-11T11:52:15.928+0000] {processor.py:768} INFO - DAG(s) dict_keys(['tutorial_taskflow_api']) retrieved from /home/airflow/.local/lib/python3.7/site-packages/airflow/example_dags/tutorial_taskflow_api.py
[2022-11-11T11:52:16.038+0000] {logging_mixin.py:117} INFO - [2022-11-11T11:52:16.038+0000] {dag.py:2573} INFO - Sync 1 DAGs
[2022-11-11T11:52:16.066+0000] {logging_mixin.py:117} INFO - [2022-11-11T11:52:16.066+0000] {dag.py:3328} INFO - Setting next_dagrun for tutorial_taskflow_api to None, run_after=None
[2022-11-11T11:52:16.108+0000] {processor.py:178} INFO - Processing /home/airflow/.local/lib/python3.7/site-packages/airflow/example_dags/tutorial_taskflow_api.py took 0.226 seconds
[2022-11-11T13:17:09.949+0000] {processor.py:156} INFO - Started process (PID=14263) to work on /home/airflow/.local/lib/python3.7/site-packages/airflow/example_dags/tutorial_taskflow_api.py
[2022-11-11T13:17:09.961+0000] {processor.py:758} INFO - Processing file /home/airflow/.local/lib/python3.7/site-packages/airflow/example_dags/tutorial_taskflow_api.py for tasks to queue
[2022-11-11T13:17:09.968+0000] {logging_mixin.py:117} INFO - [2022-11-11T13:17:09.968+0000] {dagbag.py:525} INFO - Filling up the DagBag from /home/airflow/.local/lib/python3.7/site-packages/airflow/example_dags/tutorial_taskflow_api.py
[2022-11-11T13:17:10.019+0000] {processor.py:768} INFO - DAG(s) dict_keys(['tutorial_taskflow_api']) retrieved from /home/airflow/.local/lib/python3.7/site-packages/airflow/example_dags/tutorial_taskflow_api.py
[2022-11-11T13:17:10.122+0000] {logging_mixin.py:117} INFO - [2022-11-11T13:17:10.121+0000] {dag.py:2573} INFO - Sync 1 DAGs
[2022-11-11T13:17:10.213+0000] {logging_mixin.py:117} INFO - [2022-11-11T13:17:10.213+0000] {dag.py:3328} INFO - Setting next_dagrun for tutorial_taskflow_api to None, run_after=None
[2022-11-11T13:17:10.350+0000] {processor.py:178} INFO - Processing /home/airflow/.local/lib/python3.7/site-packages/airflow/example_dags/tutorial_taskflow_api.py took 0.406 seconds
[2022-11-11T14:25:09.322+0000] {processor.py:156} INFO - Started process (PID=14327) to work on /home/airflow/.local/lib/python3.7/site-packages/airflow/example_dags/tutorial_taskflow_api.py
[2022-11-11T14:25:09.335+0000] {processor.py:758} INFO - Processing file /home/airflow/.local/lib/python3.7/site-packages/airflow/example_dags/tutorial_taskflow_api.py for tasks to queue
[2022-11-11T14:25:09.338+0000] {logging_mixin.py:117} INFO - [2022-11-11T14:25:09.338+0000] {dagbag.py:525} INFO - Filling up the DagBag from /home/airflow/.local/lib/python3.7/site-packages/airflow/example_dags/tutorial_taskflow_api.py
[2022-11-11T14:25:09.419+0000] {processor.py:768} INFO - DAG(s) dict_keys(['tutorial_taskflow_api']) retrieved from /home/airflow/.local/lib/python3.7/site-packages/airflow/example_dags/tutorial_taskflow_api.py
[2022-11-11T14:25:09.529+0000] {logging_mixin.py:117} INFO - [2022-11-11T14:25:09.529+0000] {dag.py:2573} INFO - Sync 1 DAGs
[2022-11-11T14:25:09.626+0000] {logging_mixin.py:117} INFO - [2022-11-11T14:25:09.626+0000] {dag.py:3328} INFO - Setting next_dagrun for tutorial_taskflow_api to None, run_after=None
[2022-11-11T14:25:09.692+0000] {processor.py:178} INFO - Processing /home/airflow/.local/lib/python3.7/site-packages/airflow/example_dags/tutorial_taskflow_api.py took 0.389 seconds
[2022-11-11T15:45:58.732+0000] {processor.py:156} INFO - Started process (PID=14381) to work on /home/airflow/.local/lib/python3.7/site-packages/airflow/example_dags/tutorial_taskflow_api.py
[2022-11-11T15:45:58.758+0000] {processor.py:758} INFO - Processing file /home/airflow/.local/lib/python3.7/site-packages/airflow/example_dags/tutorial_taskflow_api.py for tasks to queue
[2022-11-11T15:45:58.783+0000] {logging_mixin.py:117} INFO - [2022-11-11T15:45:58.783+0000] {dagbag.py:525} INFO - Filling up the DagBag from /home/airflow/.local/lib/python3.7/site-packages/airflow/example_dags/tutorial_taskflow_api.py
[2022-11-11T15:45:58.939+0000] {processor.py:768} INFO - DAG(s) dict_keys(['tutorial_taskflow_api']) retrieved from /home/airflow/.local/lib/python3.7/site-packages/airflow/example_dags/tutorial_taskflow_api.py
[2022-11-11T15:46:00.405+0000] {logging_mixin.py:117} INFO - [2022-11-11T15:46:00.399+0000] {dag.py:2573} INFO - Sync 1 DAGs
[2022-11-11T15:46:00.472+0000] {logging_mixin.py:117} INFO - [2022-11-11T15:46:00.472+0000] {dag.py:3328} INFO - Setting next_dagrun for tutorial_taskflow_api to None, run_after=None
[2022-11-11T15:46:00.539+0000] {processor.py:178} INFO - Processing /home/airflow/.local/lib/python3.7/site-packages/airflow/example_dags/tutorial_taskflow_api.py took 1.842 seconds
[2022-11-11T17:04:35.719+0000] {processor.py:156} INFO - Started process (PID=14436) to work on /home/airflow/.local/lib/python3.7/site-packages/airflow/example_dags/tutorial_taskflow_api.py
[2022-11-11T17:04:35.724+0000] {processor.py:758} INFO - Processing file /home/airflow/.local/lib/python3.7/site-packages/airflow/example_dags/tutorial_taskflow_api.py for tasks to queue
[2022-11-11T17:04:35.731+0000] {logging_mixin.py:117} INFO - [2022-11-11T17:04:35.730+0000] {dagbag.py:525} INFO - Filling up the DagBag from /home/airflow/.local/lib/python3.7/site-packages/airflow/example_dags/tutorial_taskflow_api.py
[2022-11-11T17:04:35.819+0000] {processor.py:768} INFO - DAG(s) dict_keys(['tutorial_taskflow_api']) retrieved from /home/airflow/.local/lib/python3.7/site-packages/airflow/example_dags/tutorial_taskflow_api.py
[2022-11-11T17:04:35.985+0000] {logging_mixin.py:117} INFO - [2022-11-11T17:04:35.985+0000] {dag.py:2573} INFO - Sync 1 DAGs
[2022-11-11T17:04:36.044+0000] {logging_mixin.py:117} INFO - [2022-11-11T17:04:36.044+0000] {dag.py:3328} INFO - Setting next_dagrun for tutorial_taskflow_api to None, run_after=None
[2022-11-11T17:04:36.093+0000] {processor.py:178} INFO - Processing /home/airflow/.local/lib/python3.7/site-packages/airflow/example_dags/tutorial_taskflow_api.py took 0.384 seconds
[2022-11-11T18:43:52.902+0000] {processor.py:156} INFO - Started process (PID=14491) to work on /home/airflow/.local/lib/python3.7/site-packages/airflow/example_dags/tutorial_taskflow_api.py
[2022-11-11T18:43:52.910+0000] {processor.py:758} INFO - Processing file /home/airflow/.local/lib/python3.7/site-packages/airflow/example_dags/tutorial_taskflow_api.py for tasks to queue
[2022-11-11T18:43:52.911+0000] {logging_mixin.py:117} INFO - [2022-11-11T18:43:52.911+0000] {dagbag.py:525} INFO - Filling up the DagBag from /home/airflow/.local/lib/python3.7/site-packages/airflow/example_dags/tutorial_taskflow_api.py
[2022-11-11T18:43:52.945+0000] {processor.py:768} INFO - DAG(s) dict_keys(['tutorial_taskflow_api']) retrieved from /home/airflow/.local/lib/python3.7/site-packages/airflow/example_dags/tutorial_taskflow_api.py
[2022-11-11T18:43:53.004+0000] {logging_mixin.py:117} INFO - [2022-11-11T18:43:53.004+0000] {dag.py:2573} INFO - Sync 1 DAGs
[2022-11-11T18:43:53.055+0000] {logging_mixin.py:117} INFO - [2022-11-11T18:43:53.054+0000] {dag.py:3328} INFO - Setting next_dagrun for tutorial_taskflow_api to None, run_after=None
[2022-11-11T18:43:53.090+0000] {processor.py:178} INFO - Processing /home/airflow/.local/lib/python3.7/site-packages/airflow/example_dags/tutorial_taskflow_api.py took 0.199 seconds
[2022-11-11T20:08:08.986+0000] {processor.py:156} INFO - Started process (PID=14556) to work on /home/airflow/.local/lib/python3.7/site-packages/airflow/example_dags/tutorial_taskflow_api.py
[2022-11-11T20:08:08.989+0000] {processor.py:758} INFO - Processing file /home/airflow/.local/lib/python3.7/site-packages/airflow/example_dags/tutorial_taskflow_api.py for tasks to queue
[2022-11-11T20:08:08.993+0000] {logging_mixin.py:117} INFO - [2022-11-11T20:08:08.992+0000] {dagbag.py:525} INFO - Filling up the DagBag from /home/airflow/.local/lib/python3.7/site-packages/airflow/example_dags/tutorial_taskflow_api.py
[2022-11-11T20:08:09.068+0000] {processor.py:768} INFO - DAG(s) dict_keys(['tutorial_taskflow_api']) retrieved from /home/airflow/.local/lib/python3.7/site-packages/airflow/example_dags/tutorial_taskflow_api.py
[2022-11-11T20:08:09.233+0000] {logging_mixin.py:117} INFO - [2022-11-11T20:08:09.231+0000] {dag.py:2573} INFO - Sync 1 DAGs
[2022-11-11T20:08:09.427+0000] {logging_mixin.py:117} INFO - [2022-11-11T20:08:09.427+0000] {dag.py:3328} INFO - Setting next_dagrun for tutorial_taskflow_api to None, run_after=None
[2022-11-11T20:08:09.663+0000] {processor.py:178} INFO - Processing /home/airflow/.local/lib/python3.7/site-packages/airflow/example_dags/tutorial_taskflow_api.py took 0.677 seconds
[2022-11-11T21:29:59.696+0000] {processor.py:156} INFO - Started process (PID=14611) to work on /home/airflow/.local/lib/python3.7/site-packages/airflow/example_dags/tutorial_taskflow_api.py
[2022-11-11T21:29:59.706+0000] {processor.py:758} INFO - Processing file /home/airflow/.local/lib/python3.7/site-packages/airflow/example_dags/tutorial_taskflow_api.py for tasks to queue
[2022-11-11T21:29:59.708+0000] {logging_mixin.py:117} INFO - [2022-11-11T21:29:59.708+0000] {dagbag.py:525} INFO - Filling up the DagBag from /home/airflow/.local/lib/python3.7/site-packages/airflow/example_dags/tutorial_taskflow_api.py
[2022-11-11T21:29:59.819+0000] {processor.py:768} INFO - DAG(s) dict_keys(['tutorial_taskflow_api']) retrieved from /home/airflow/.local/lib/python3.7/site-packages/airflow/example_dags/tutorial_taskflow_api.py
[2022-11-11T21:29:59.990+0000] {logging_mixin.py:117} INFO - [2022-11-11T21:29:59.990+0000] {dag.py:2573} INFO - Sync 1 DAGs
[2022-11-11T21:30:00.043+0000] {logging_mixin.py:117} INFO - [2022-11-11T21:30:00.043+0000] {dag.py:3328} INFO - Setting next_dagrun for tutorial_taskflow_api to None, run_after=None
[2022-11-11T21:30:00.384+0000] {processor.py:178} INFO - Processing /home/airflow/.local/lib/python3.7/site-packages/airflow/example_dags/tutorial_taskflow_api.py took 0.691 seconds
[2022-11-11T23:07:55.468+0000] {processor.py:156} INFO - Started process (PID=14673) to work on /home/airflow/.local/lib/python3.7/site-packages/airflow/example_dags/tutorial_taskflow_api.py
[2022-11-11T23:07:55.479+0000] {processor.py:758} INFO - Processing file /home/airflow/.local/lib/python3.7/site-packages/airflow/example_dags/tutorial_taskflow_api.py for tasks to queue
[2022-11-11T23:07:55.483+0000] {logging_mixin.py:117} INFO - [2022-11-11T23:07:55.483+0000] {dagbag.py:525} INFO - Filling up the DagBag from /home/airflow/.local/lib/python3.7/site-packages/airflow/example_dags/tutorial_taskflow_api.py
[2022-11-11T23:07:55.635+0000] {processor.py:768} INFO - DAG(s) dict_keys(['tutorial_taskflow_api']) retrieved from /home/airflow/.local/lib/python3.7/site-packages/airflow/example_dags/tutorial_taskflow_api.py
[2022-11-11T23:07:56.107+0000] {logging_mixin.py:117} INFO - [2022-11-11T23:07:56.106+0000] {dag.py:2573} INFO - Sync 1 DAGs
[2022-11-11T23:07:56.215+0000] {logging_mixin.py:117} INFO - [2022-11-11T23:07:56.215+0000] {dag.py:3328} INFO - Setting next_dagrun for tutorial_taskflow_api to None, run_after=None
[2022-11-11T23:07:56.347+0000] {processor.py:178} INFO - Processing /home/airflow/.local/lib/python3.7/site-packages/airflow/example_dags/tutorial_taskflow_api.py took 0.904 seconds
