[2022-11-11T00:42:47.367+0000] {processor.py:156} INFO - Started process (PID=13775) to work on /home/airflow/.local/lib/python3.7/site-packages/airflow/example_dags/tutorial_dag.py
[2022-11-11T00:42:47.372+0000] {processor.py:758} INFO - Processing file /home/airflow/.local/lib/python3.7/site-packages/airflow/example_dags/tutorial_dag.py for tasks to queue
[2022-11-11T00:42:47.380+0000] {logging_mixin.py:117} INFO - [2022-11-11T00:42:47.380+0000] {dagbag.py:525} INFO - Filling up the DagBag from /home/airflow/.local/lib/python3.7/site-packages/airflow/example_dags/tutorial_dag.py
[2022-11-11T00:42:47.872+0000] {processor.py:768} INFO - DAG(s) dict_keys(['tutorial_dag']) retrieved from /home/airflow/.local/lib/python3.7/site-packages/airflow/example_dags/tutorial_dag.py
[2022-11-11T00:42:48.207+0000] {logging_mixin.py:117} INFO - [2022-11-11T00:42:48.207+0000] {dag.py:2573} INFO - Sync 1 DAGs
[2022-11-11T00:42:48.251+0000] {logging_mixin.py:117} INFO - [2022-11-11T00:42:48.250+0000] {dag.py:3328} INFO - Setting next_dagrun for tutorial_dag to None, run_after=None
[2022-11-11T00:42:48.272+0000] {processor.py:178} INFO - Processing /home/airflow/.local/lib/python3.7/site-packages/airflow/example_dags/tutorial_dag.py took 0.943 seconds
[2022-11-11T02:28:03.289+0000] {processor.py:156} INFO - Started process (PID=13830) to work on /home/airflow/.local/lib/python3.7/site-packages/airflow/example_dags/tutorial_dag.py
[2022-11-11T02:28:03.296+0000] {processor.py:758} INFO - Processing file /home/airflow/.local/lib/python3.7/site-packages/airflow/example_dags/tutorial_dag.py for tasks to queue
[2022-11-11T02:28:03.327+0000] {logging_mixin.py:117} INFO - [2022-11-11T02:28:03.325+0000] {dagbag.py:525} INFO - Filling up the DagBag from /home/airflow/.local/lib/python3.7/site-packages/airflow/example_dags/tutorial_dag.py
[2022-11-11T02:28:03.381+0000] {processor.py:768} INFO - DAG(s) dict_keys(['tutorial_dag']) retrieved from /home/airflow/.local/lib/python3.7/site-packages/airflow/example_dags/tutorial_dag.py
[2022-11-11T02:28:03.433+0000] {logging_mixin.py:117} INFO - [2022-11-11T02:28:03.433+0000] {dag.py:2573} INFO - Sync 1 DAGs
[2022-11-11T02:28:03.455+0000] {logging_mixin.py:117} INFO - [2022-11-11T02:28:03.455+0000] {dag.py:3328} INFO - Setting next_dagrun for tutorial_dag to None, run_after=None
[2022-11-11T02:28:03.475+0000] {processor.py:178} INFO - Processing /home/airflow/.local/lib/python3.7/site-packages/airflow/example_dags/tutorial_dag.py took 0.192 seconds
[2022-11-11T03:50:25.474+0000] {processor.py:156} INFO - Started process (PID=13885) to work on /home/airflow/.local/lib/python3.7/site-packages/airflow/example_dags/tutorial_dag.py
[2022-11-11T03:50:25.494+0000] {processor.py:758} INFO - Processing file /home/airflow/.local/lib/python3.7/site-packages/airflow/example_dags/tutorial_dag.py for tasks to queue
[2022-11-11T03:50:25.500+0000] {logging_mixin.py:117} INFO - [2022-11-11T03:50:25.500+0000] {dagbag.py:525} INFO - Filling up the DagBag from /home/airflow/.local/lib/python3.7/site-packages/airflow/example_dags/tutorial_dag.py
[2022-11-11T03:50:25.689+0000] {processor.py:768} INFO - DAG(s) dict_keys(['tutorial_dag']) retrieved from /home/airflow/.local/lib/python3.7/site-packages/airflow/example_dags/tutorial_dag.py
[2022-11-11T03:50:26.130+0000] {logging_mixin.py:117} INFO - [2022-11-11T03:50:26.129+0000] {dag.py:2573} INFO - Sync 1 DAGs
[2022-11-11T03:50:26.282+0000] {logging_mixin.py:117} INFO - [2022-11-11T03:50:26.282+0000] {dag.py:3328} INFO - Setting next_dagrun for tutorial_dag to None, run_after=None
[2022-11-11T03:50:26.386+0000] {processor.py:178} INFO - Processing /home/airflow/.local/lib/python3.7/site-packages/airflow/example_dags/tutorial_dag.py took 0.927 seconds
[2022-11-11T05:13:16.101+0000] {processor.py:156} INFO - Started process (PID=13949) to work on /home/airflow/.local/lib/python3.7/site-packages/airflow/example_dags/tutorial_dag.py
[2022-11-11T05:13:16.102+0000] {processor.py:758} INFO - Processing file /home/airflow/.local/lib/python3.7/site-packages/airflow/example_dags/tutorial_dag.py for tasks to queue
[2022-11-11T05:13:16.103+0000] {logging_mixin.py:117} INFO - [2022-11-11T05:13:16.103+0000] {dagbag.py:525} INFO - Filling up the DagBag from /home/airflow/.local/lib/python3.7/site-packages/airflow/example_dags/tutorial_dag.py
[2022-11-11T05:13:16.114+0000] {processor.py:768} INFO - DAG(s) dict_keys(['tutorial_dag']) retrieved from /home/airflow/.local/lib/python3.7/site-packages/airflow/example_dags/tutorial_dag.py
[2022-11-11T05:13:16.151+0000] {logging_mixin.py:117} INFO - [2022-11-11T05:13:16.151+0000] {dag.py:2573} INFO - Sync 1 DAGs
[2022-11-11T05:13:16.173+0000] {logging_mixin.py:117} INFO - [2022-11-11T05:13:16.173+0000] {dag.py:3328} INFO - Setting next_dagrun for tutorial_dag to None, run_after=None
[2022-11-11T05:13:16.190+0000] {processor.py:178} INFO - Processing /home/airflow/.local/lib/python3.7/site-packages/airflow/example_dags/tutorial_dag.py took 0.092 seconds
[2022-11-11T06:36:34.119+0000] {processor.py:156} INFO - Started process (PID=14004) to work on /home/airflow/.local/lib/python3.7/site-packages/airflow/example_dags/tutorial_dag.py
[2022-11-11T06:36:34.125+0000] {processor.py:758} INFO - Processing file /home/airflow/.local/lib/python3.7/site-packages/airflow/example_dags/tutorial_dag.py for tasks to queue
[2022-11-11T06:36:34.126+0000] {logging_mixin.py:117} INFO - [2022-11-11T06:36:34.126+0000] {dagbag.py:525} INFO - Filling up the DagBag from /home/airflow/.local/lib/python3.7/site-packages/airflow/example_dags/tutorial_dag.py
[2022-11-11T06:36:34.172+0000] {processor.py:768} INFO - DAG(s) dict_keys(['tutorial_dag']) retrieved from /home/airflow/.local/lib/python3.7/site-packages/airflow/example_dags/tutorial_dag.py
[2022-11-11T06:36:34.424+0000] {logging_mixin.py:117} INFO - [2022-11-11T06:36:34.424+0000] {dag.py:2573} INFO - Sync 1 DAGs
[2022-11-11T06:36:34.477+0000] {logging_mixin.py:117} INFO - [2022-11-11T06:36:34.477+0000] {dag.py:3328} INFO - Setting next_dagrun for tutorial_dag to None, run_after=None
[2022-11-11T06:36:34.554+0000] {processor.py:178} INFO - Processing /home/airflow/.local/lib/python3.7/site-packages/airflow/example_dags/tutorial_dag.py took 0.440 seconds
[2022-11-11T07:57:06.605+0000] {processor.py:156} INFO - Started process (PID=14068) to work on /home/airflow/.local/lib/python3.7/site-packages/airflow/example_dags/tutorial_dag.py
[2022-11-11T07:57:06.607+0000] {processor.py:758} INFO - Processing file /home/airflow/.local/lib/python3.7/site-packages/airflow/example_dags/tutorial_dag.py for tasks to queue
[2022-11-11T07:57:06.609+0000] {logging_mixin.py:117} INFO - [2022-11-11T07:57:06.608+0000] {dagbag.py:525} INFO - Filling up the DagBag from /home/airflow/.local/lib/python3.7/site-packages/airflow/example_dags/tutorial_dag.py
[2022-11-11T07:57:06.663+0000] {processor.py:768} INFO - DAG(s) dict_keys(['tutorial_dag']) retrieved from /home/airflow/.local/lib/python3.7/site-packages/airflow/example_dags/tutorial_dag.py
[2022-11-11T07:57:06.894+0000] {logging_mixin.py:117} INFO - [2022-11-11T07:57:06.893+0000] {dag.py:2573} INFO - Sync 1 DAGs
[2022-11-11T07:57:06.997+0000] {logging_mixin.py:117} INFO - [2022-11-11T07:57:06.997+0000] {dag.py:3328} INFO - Setting next_dagrun for tutorial_dag to None, run_after=None
[2022-11-11T07:57:07.043+0000] {processor.py:178} INFO - Processing /home/airflow/.local/lib/python3.7/site-packages/airflow/example_dags/tutorial_dag.py took 0.461 seconds
[2022-11-11T09:22:29.570+0000] {processor.py:156} INFO - Started process (PID=14133) to work on /home/airflow/.local/lib/python3.7/site-packages/airflow/example_dags/tutorial_dag.py
[2022-11-11T09:22:29.576+0000] {processor.py:758} INFO - Processing file /home/airflow/.local/lib/python3.7/site-packages/airflow/example_dags/tutorial_dag.py for tasks to queue
[2022-11-11T09:22:29.577+0000] {logging_mixin.py:117} INFO - [2022-11-11T09:22:29.577+0000] {dagbag.py:525} INFO - Filling up the DagBag from /home/airflow/.local/lib/python3.7/site-packages/airflow/example_dags/tutorial_dag.py
[2022-11-11T09:22:29.598+0000] {processor.py:768} INFO - DAG(s) dict_keys(['tutorial_dag']) retrieved from /home/airflow/.local/lib/python3.7/site-packages/airflow/example_dags/tutorial_dag.py
[2022-11-11T09:22:29.719+0000] {logging_mixin.py:117} INFO - [2022-11-11T09:22:29.719+0000] {dag.py:2573} INFO - Sync 1 DAGs
[2022-11-11T09:22:29.793+0000] {logging_mixin.py:117} INFO - [2022-11-11T09:22:29.792+0000] {dag.py:3328} INFO - Setting next_dagrun for tutorial_dag to None, run_after=None
[2022-11-11T09:22:29.881+0000] {processor.py:178} INFO - Processing /home/airflow/.local/lib/python3.7/site-packages/airflow/example_dags/tutorial_dag.py took 0.314 seconds
[2022-11-11T10:26:51.249+0000] {processor.py:156} INFO - Started process (PID=14178) to work on /home/airflow/.local/lib/python3.7/site-packages/airflow/example_dags/tutorial_dag.py
[2022-11-11T10:26:51.251+0000] {processor.py:758} INFO - Processing file /home/airflow/.local/lib/python3.7/site-packages/airflow/example_dags/tutorial_dag.py for tasks to queue
[2022-11-11T10:26:51.253+0000] {logging_mixin.py:117} INFO - [2022-11-11T10:26:51.253+0000] {dagbag.py:525} INFO - Filling up the DagBag from /home/airflow/.local/lib/python3.7/site-packages/airflow/example_dags/tutorial_dag.py
[2022-11-11T10:26:51.282+0000] {processor.py:768} INFO - DAG(s) dict_keys(['tutorial_dag']) retrieved from /home/airflow/.local/lib/python3.7/site-packages/airflow/example_dags/tutorial_dag.py
[2022-11-11T10:26:51.349+0000] {logging_mixin.py:117} INFO - [2022-11-11T10:26:51.348+0000] {dag.py:2573} INFO - Sync 1 DAGs
[2022-11-11T10:26:51.384+0000] {logging_mixin.py:117} INFO - [2022-11-11T10:26:51.383+0000] {dag.py:3328} INFO - Setting next_dagrun for tutorial_dag to None, run_after=None
[2022-11-11T10:26:51.422+0000] {processor.py:178} INFO - Processing /home/airflow/.local/lib/python3.7/site-packages/airflow/example_dags/tutorial_dag.py took 0.175 seconds
[2022-11-11T11:52:26.898+0000] {processor.py:156} INFO - Started process (PID=14242) to work on /home/airflow/.local/lib/python3.7/site-packages/airflow/example_dags/tutorial_dag.py
[2022-11-11T11:52:26.907+0000] {processor.py:758} INFO - Processing file /home/airflow/.local/lib/python3.7/site-packages/airflow/example_dags/tutorial_dag.py for tasks to queue
[2022-11-11T11:52:26.935+0000] {logging_mixin.py:117} INFO - [2022-11-11T11:52:26.934+0000] {dagbag.py:525} INFO - Filling up the DagBag from /home/airflow/.local/lib/python3.7/site-packages/airflow/example_dags/tutorial_dag.py
[2022-11-11T11:52:27.001+0000] {processor.py:768} INFO - DAG(s) dict_keys(['tutorial_dag']) retrieved from /home/airflow/.local/lib/python3.7/site-packages/airflow/example_dags/tutorial_dag.py
[2022-11-11T11:52:27.174+0000] {logging_mixin.py:117} INFO - [2022-11-11T11:52:27.174+0000] {dag.py:2573} INFO - Sync 1 DAGs
[2022-11-11T11:52:27.254+0000] {logging_mixin.py:117} INFO - [2022-11-11T11:52:27.254+0000] {dag.py:3328} INFO - Setting next_dagrun for tutorial_dag to None, run_after=None
[2022-11-11T11:52:27.296+0000] {processor.py:178} INFO - Processing /home/airflow/.local/lib/python3.7/site-packages/airflow/example_dags/tutorial_dag.py took 0.534 seconds
[2022-11-11T13:17:18.840+0000] {processor.py:156} INFO - Started process (PID=14297) to work on /home/airflow/.local/lib/python3.7/site-packages/airflow/example_dags/tutorial_dag.py
[2022-11-11T13:17:18.872+0000] {processor.py:758} INFO - Processing file /home/airflow/.local/lib/python3.7/site-packages/airflow/example_dags/tutorial_dag.py for tasks to queue
[2022-11-11T13:17:18.882+0000] {logging_mixin.py:117} INFO - [2022-11-11T13:17:18.882+0000] {dagbag.py:525} INFO - Filling up the DagBag from /home/airflow/.local/lib/python3.7/site-packages/airflow/example_dags/tutorial_dag.py
[2022-11-11T13:17:18.915+0000] {processor.py:768} INFO - DAG(s) dict_keys(['tutorial_dag']) retrieved from /home/airflow/.local/lib/python3.7/site-packages/airflow/example_dags/tutorial_dag.py
[2022-11-11T13:17:19.213+0000] {logging_mixin.py:117} INFO - [2022-11-11T13:17:19.212+0000] {dag.py:2573} INFO - Sync 1 DAGs
[2022-11-11T13:17:19.316+0000] {logging_mixin.py:117} INFO - [2022-11-11T13:17:19.316+0000] {dag.py:3328} INFO - Setting next_dagrun for tutorial_dag to None, run_after=None
[2022-11-11T13:17:19.535+0000] {processor.py:178} INFO - Processing /home/airflow/.local/lib/python3.7/site-packages/airflow/example_dags/tutorial_dag.py took 0.700 seconds
[2022-11-11T14:25:16.905+0000] {processor.py:156} INFO - Started process (PID=14352) to work on /home/airflow/.local/lib/python3.7/site-packages/airflow/example_dags/tutorial_dag.py
[2022-11-11T14:25:16.909+0000] {processor.py:758} INFO - Processing file /home/airflow/.local/lib/python3.7/site-packages/airflow/example_dags/tutorial_dag.py for tasks to queue
[2022-11-11T14:25:16.914+0000] {logging_mixin.py:117} INFO - [2022-11-11T14:25:16.914+0000] {dagbag.py:525} INFO - Filling up the DagBag from /home/airflow/.local/lib/python3.7/site-packages/airflow/example_dags/tutorial_dag.py
[2022-11-11T14:25:16.954+0000] {processor.py:768} INFO - DAG(s) dict_keys(['tutorial_dag']) retrieved from /home/airflow/.local/lib/python3.7/site-packages/airflow/example_dags/tutorial_dag.py
[2022-11-11T14:25:17.080+0000] {logging_mixin.py:117} INFO - [2022-11-11T14:25:17.080+0000] {dag.py:2573} INFO - Sync 1 DAGs
[2022-11-11T14:25:17.193+0000] {logging_mixin.py:117} INFO - [2022-11-11T14:25:17.193+0000] {dag.py:3328} INFO - Setting next_dagrun for tutorial_dag to None, run_after=None
[2022-11-11T14:25:17.248+0000] {processor.py:178} INFO - Processing /home/airflow/.local/lib/python3.7/site-packages/airflow/example_dags/tutorial_dag.py took 0.347 seconds
[2022-11-11T15:46:06.098+0000] {processor.py:156} INFO - Started process (PID=14406) to work on /home/airflow/.local/lib/python3.7/site-packages/airflow/example_dags/tutorial_dag.py
[2022-11-11T15:46:06.105+0000] {processor.py:758} INFO - Processing file /home/airflow/.local/lib/python3.7/site-packages/airflow/example_dags/tutorial_dag.py for tasks to queue
[2022-11-11T15:46:06.108+0000] {logging_mixin.py:117} INFO - [2022-11-11T15:46:06.107+0000] {dagbag.py:525} INFO - Filling up the DagBag from /home/airflow/.local/lib/python3.7/site-packages/airflow/example_dags/tutorial_dag.py
[2022-11-11T15:46:06.144+0000] {processor.py:768} INFO - DAG(s) dict_keys(['tutorial_dag']) retrieved from /home/airflow/.local/lib/python3.7/site-packages/airflow/example_dags/tutorial_dag.py
[2022-11-11T15:46:06.413+0000] {logging_mixin.py:117} INFO - [2022-11-11T15:46:06.413+0000] {dag.py:2573} INFO - Sync 1 DAGs
[2022-11-11T15:46:06.507+0000] {logging_mixin.py:117} INFO - [2022-11-11T15:46:06.507+0000] {dag.py:3328} INFO - Setting next_dagrun for tutorial_dag to None, run_after=None
[2022-11-11T15:46:06.649+0000] {processor.py:178} INFO - Processing /home/airflow/.local/lib/python3.7/site-packages/airflow/example_dags/tutorial_dag.py took 0.556 seconds
[2022-11-11T17:04:45.717+0000] {processor.py:156} INFO - Started process (PID=14470) to work on /home/airflow/.local/lib/python3.7/site-packages/airflow/example_dags/tutorial_dag.py
[2022-11-11T17:04:45.733+0000] {processor.py:758} INFO - Processing file /home/airflow/.local/lib/python3.7/site-packages/airflow/example_dags/tutorial_dag.py for tasks to queue
[2022-11-11T17:04:45.736+0000] {logging_mixin.py:117} INFO - [2022-11-11T17:04:45.736+0000] {dagbag.py:525} INFO - Filling up the DagBag from /home/airflow/.local/lib/python3.7/site-packages/airflow/example_dags/tutorial_dag.py
[2022-11-11T17:04:45.820+0000] {processor.py:768} INFO - DAG(s) dict_keys(['tutorial_dag']) retrieved from /home/airflow/.local/lib/python3.7/site-packages/airflow/example_dags/tutorial_dag.py
[2022-11-11T17:04:45.959+0000] {logging_mixin.py:117} INFO - [2022-11-11T17:04:45.959+0000] {dag.py:2573} INFO - Sync 1 DAGs
[2022-11-11T17:04:46.324+0000] {logging_mixin.py:117} INFO - [2022-11-11T17:04:46.324+0000] {dag.py:3328} INFO - Setting next_dagrun for tutorial_dag to None, run_after=None
[2022-11-11T17:04:46.353+0000] {processor.py:178} INFO - Processing /home/airflow/.local/lib/python3.7/site-packages/airflow/example_dags/tutorial_dag.py took 0.648 seconds
[2022-11-11T18:44:01.854+0000] {processor.py:156} INFO - Started process (PID=14525) to work on /home/airflow/.local/lib/python3.7/site-packages/airflow/example_dags/tutorial_dag.py
[2022-11-11T18:44:01.859+0000] {processor.py:758} INFO - Processing file /home/airflow/.local/lib/python3.7/site-packages/airflow/example_dags/tutorial_dag.py for tasks to queue
[2022-11-11T18:44:01.860+0000] {logging_mixin.py:117} INFO - [2022-11-11T18:44:01.860+0000] {dagbag.py:525} INFO - Filling up the DagBag from /home/airflow/.local/lib/python3.7/site-packages/airflow/example_dags/tutorial_dag.py
[2022-11-11T18:44:01.885+0000] {processor.py:768} INFO - DAG(s) dict_keys(['tutorial_dag']) retrieved from /home/airflow/.local/lib/python3.7/site-packages/airflow/example_dags/tutorial_dag.py
[2022-11-11T18:44:02.097+0000] {logging_mixin.py:117} INFO - [2022-11-11T18:44:02.097+0000] {dag.py:2573} INFO - Sync 1 DAGs
[2022-11-11T18:44:02.195+0000] {logging_mixin.py:117} INFO - [2022-11-11T18:44:02.194+0000] {dag.py:3328} INFO - Setting next_dagrun for tutorial_dag to None, run_after=None
[2022-11-11T18:44:02.273+0000] {processor.py:178} INFO - Processing /home/airflow/.local/lib/python3.7/site-packages/airflow/example_dags/tutorial_dag.py took 0.422 seconds
[2022-11-11T20:08:18.023+0000] {processor.py:156} INFO - Started process (PID=14581) to work on /home/airflow/.local/lib/python3.7/site-packages/airflow/example_dags/tutorial_dag.py
[2022-11-11T20:08:18.026+0000] {processor.py:758} INFO - Processing file /home/airflow/.local/lib/python3.7/site-packages/airflow/example_dags/tutorial_dag.py for tasks to queue
[2022-11-11T20:08:18.028+0000] {logging_mixin.py:117} INFO - [2022-11-11T20:08:18.028+0000] {dagbag.py:525} INFO - Filling up the DagBag from /home/airflow/.local/lib/python3.7/site-packages/airflow/example_dags/tutorial_dag.py
[2022-11-11T20:08:18.070+0000] {processor.py:768} INFO - DAG(s) dict_keys(['tutorial_dag']) retrieved from /home/airflow/.local/lib/python3.7/site-packages/airflow/example_dags/tutorial_dag.py
[2022-11-11T20:08:18.161+0000] {logging_mixin.py:117} INFO - [2022-11-11T20:08:18.161+0000] {dag.py:2573} INFO - Sync 1 DAGs
[2022-11-11T20:08:18.208+0000] {logging_mixin.py:117} INFO - [2022-11-11T20:08:18.208+0000] {dag.py:3328} INFO - Setting next_dagrun for tutorial_dag to None, run_after=None
[2022-11-11T20:08:18.233+0000] {processor.py:178} INFO - Processing /home/airflow/.local/lib/python3.7/site-packages/airflow/example_dags/tutorial_dag.py took 0.214 seconds
[2022-11-11T21:30:09.632+0000] {processor.py:156} INFO - Started process (PID=14644) to work on /home/airflow/.local/lib/python3.7/site-packages/airflow/example_dags/tutorial_dag.py
[2022-11-11T21:30:09.636+0000] {processor.py:758} INFO - Processing file /home/airflow/.local/lib/python3.7/site-packages/airflow/example_dags/tutorial_dag.py for tasks to queue
[2022-11-11T21:30:09.637+0000] {logging_mixin.py:117} INFO - [2022-11-11T21:30:09.637+0000] {dagbag.py:525} INFO - Filling up the DagBag from /home/airflow/.local/lib/python3.7/site-packages/airflow/example_dags/tutorial_dag.py
[2022-11-11T21:30:09.656+0000] {processor.py:768} INFO - DAG(s) dict_keys(['tutorial_dag']) retrieved from /home/airflow/.local/lib/python3.7/site-packages/airflow/example_dags/tutorial_dag.py
[2022-11-11T21:30:09.733+0000] {logging_mixin.py:117} INFO - [2022-11-11T21:30:09.732+0000] {dag.py:2573} INFO - Sync 1 DAGs
[2022-11-11T21:30:09.766+0000] {logging_mixin.py:117} INFO - [2022-11-11T21:30:09.765+0000] {dag.py:3328} INFO - Setting next_dagrun for tutorial_dag to None, run_after=None
[2022-11-11T21:30:09.787+0000] {processor.py:178} INFO - Processing /home/airflow/.local/lib/python3.7/site-packages/airflow/example_dags/tutorial_dag.py took 0.160 seconds
[2022-11-11T23:08:03.586+0000] {processor.py:156} INFO - Started process (PID=14698) to work on /home/airflow/.local/lib/python3.7/site-packages/airflow/example_dags/tutorial_dag.py
[2022-11-11T23:08:03.588+0000] {processor.py:758} INFO - Processing file /home/airflow/.local/lib/python3.7/site-packages/airflow/example_dags/tutorial_dag.py for tasks to queue
[2022-11-11T23:08:03.589+0000] {logging_mixin.py:117} INFO - [2022-11-11T23:08:03.589+0000] {dagbag.py:525} INFO - Filling up the DagBag from /home/airflow/.local/lib/python3.7/site-packages/airflow/example_dags/tutorial_dag.py
[2022-11-11T23:08:03.608+0000] {processor.py:768} INFO - DAG(s) dict_keys(['tutorial_dag']) retrieved from /home/airflow/.local/lib/python3.7/site-packages/airflow/example_dags/tutorial_dag.py
[2022-11-11T23:08:03.673+0000] {logging_mixin.py:117} INFO - [2022-11-11T23:08:03.673+0000] {dag.py:2573} INFO - Sync 1 DAGs
[2022-11-11T23:08:03.705+0000] {logging_mixin.py:117} INFO - [2022-11-11T23:08:03.705+0000] {dag.py:3328} INFO - Setting next_dagrun for tutorial_dag to None, run_after=None
[2022-11-11T23:08:03.724+0000] {processor.py:178} INFO - Processing /home/airflow/.local/lib/python3.7/site-packages/airflow/example_dags/tutorial_dag.py took 0.142 seconds
