[2022-11-10T00:02:15.632+0000] {processor.py:156} INFO - Started process (PID=12545) to work on /home/airflow/.local/lib/python3.7/site-packages/airflow/example_dags/example_subdag_operator.py
[2022-11-10T00:02:15.636+0000] {processor.py:758} INFO - Processing file /home/airflow/.local/lib/python3.7/site-packages/airflow/example_dags/example_subdag_operator.py for tasks to queue
[2022-11-10T00:02:15.637+0000] {logging_mixin.py:117} INFO - [2022-11-10T00:02:15.637+0000] {dagbag.py:525} INFO - Filling up the DagBag from /home/airflow/.local/lib/python3.7/site-packages/airflow/example_dags/example_subdag_operator.py
[2022-11-10T00:02:15.684+0000] {processor.py:768} INFO - DAG(s) dict_keys(['example_subdag_operator.section-1', 'example_subdag_operator.section-2', 'example_subdag_operator']) retrieved from /home/airflow/.local/lib/python3.7/site-packages/airflow/example_dags/example_subdag_operator.py
[2022-11-10T00:02:15.844+0000] {logging_mixin.py:117} INFO - [2022-11-10T00:02:15.844+0000] {dag.py:2573} INFO - Sync 3 DAGs
[2022-11-10T00:02:15.884+0000] {logging_mixin.py:117} INFO - [2022-11-10T00:02:15.884+0000] {dag.py:3328} INFO - Setting next_dagrun for example_subdag_operator to 2022-01-01T00:00:00+00:00, run_after=2022-01-01T00:00:00+00:00
[2022-11-10T00:02:15.890+0000] {logging_mixin.py:117} INFO - [2022-11-10T00:02:15.890+0000] {dag.py:3328} INFO - Setting next_dagrun for example_subdag_operator.section-1 to None, run_after=None
[2022-11-10T00:02:15.893+0000] {logging_mixin.py:117} INFO - [2022-11-10T00:02:15.893+0000] {dag.py:3328} INFO - Setting next_dagrun for example_subdag_operator.section-2 to None, run_after=None
[2022-11-10T00:02:15.904+0000] {logging_mixin.py:117} INFO - [2022-11-10T00:02:15.904+0000] {dag.py:2573} INFO - Sync 2 DAGs
[2022-11-10T00:02:15.914+0000] {logging_mixin.py:117} INFO - [2022-11-10T00:02:15.914+0000] {dag.py:3328} INFO - Setting next_dagrun for example_subdag_operator.section-1 to None, run_after=None
[2022-11-10T00:02:15.916+0000] {logging_mixin.py:117} INFO - [2022-11-10T00:02:15.916+0000] {dag.py:3328} INFO - Setting next_dagrun for example_subdag_operator.section-2 to None, run_after=None
[2022-11-10T00:02:15.931+0000] {processor.py:178} INFO - Processing /home/airflow/.local/lib/python3.7/site-packages/airflow/example_dags/example_subdag_operator.py took 0.301 seconds
[2022-11-10T01:24:34.251+0000] {processor.py:156} INFO - Started process (PID=12609) to work on /home/airflow/.local/lib/python3.7/site-packages/airflow/example_dags/example_subdag_operator.py
[2022-11-10T01:24:34.252+0000] {processor.py:758} INFO - Processing file /home/airflow/.local/lib/python3.7/site-packages/airflow/example_dags/example_subdag_operator.py for tasks to queue
[2022-11-10T01:24:34.253+0000] {logging_mixin.py:117} INFO - [2022-11-10T01:24:34.253+0000] {dagbag.py:525} INFO - Filling up the DagBag from /home/airflow/.local/lib/python3.7/site-packages/airflow/example_dags/example_subdag_operator.py
[2022-11-10T01:24:34.281+0000] {processor.py:768} INFO - DAG(s) dict_keys(['example_subdag_operator.section-1', 'example_subdag_operator.section-2', 'example_subdag_operator']) retrieved from /home/airflow/.local/lib/python3.7/site-packages/airflow/example_dags/example_subdag_operator.py
[2022-11-10T01:24:34.379+0000] {logging_mixin.py:117} INFO - [2022-11-10T01:24:34.379+0000] {dag.py:2573} INFO - Sync 3 DAGs
[2022-11-10T01:24:34.398+0000] {logging_mixin.py:117} INFO - [2022-11-10T01:24:34.398+0000] {dag.py:3328} INFO - Setting next_dagrun for example_subdag_operator to 2022-01-01T00:00:00+00:00, run_after=2022-01-01T00:00:00+00:00
[2022-11-10T01:24:34.402+0000] {logging_mixin.py:117} INFO - [2022-11-10T01:24:34.402+0000] {dag.py:3328} INFO - Setting next_dagrun for example_subdag_operator.section-1 to None, run_after=None
[2022-11-10T01:24:34.404+0000] {logging_mixin.py:117} INFO - [2022-11-10T01:24:34.404+0000] {dag.py:3328} INFO - Setting next_dagrun for example_subdag_operator.section-2 to None, run_after=None
[2022-11-10T01:24:34.410+0000] {logging_mixin.py:117} INFO - [2022-11-10T01:24:34.409+0000] {dag.py:2573} INFO - Sync 2 DAGs
[2022-11-10T01:24:34.415+0000] {logging_mixin.py:117} INFO - [2022-11-10T01:24:34.415+0000] {dag.py:3328} INFO - Setting next_dagrun for example_subdag_operator.section-1 to None, run_after=None
[2022-11-10T01:24:34.416+0000] {logging_mixin.py:117} INFO - [2022-11-10T01:24:34.416+0000] {dag.py:3328} INFO - Setting next_dagrun for example_subdag_operator.section-2 to None, run_after=None
[2022-11-10T01:24:34.428+0000] {processor.py:178} INFO - Processing /home/airflow/.local/lib/python3.7/site-packages/airflow/example_dags/example_subdag_operator.py took 0.179 seconds
[2022-11-10T02:29:09.409+0000] {processor.py:156} INFO - Started process (PID=12672) to work on /home/airflow/.local/lib/python3.7/site-packages/airflow/example_dags/example_subdag_operator.py
[2022-11-10T02:29:09.412+0000] {processor.py:758} INFO - Processing file /home/airflow/.local/lib/python3.7/site-packages/airflow/example_dags/example_subdag_operator.py for tasks to queue
[2022-11-10T02:29:09.416+0000] {logging_mixin.py:117} INFO - [2022-11-10T02:29:09.416+0000] {dagbag.py:525} INFO - Filling up the DagBag from /home/airflow/.local/lib/python3.7/site-packages/airflow/example_dags/example_subdag_operator.py
[2022-11-10T02:29:09.480+0000] {processor.py:768} INFO - DAG(s) dict_keys(['example_subdag_operator.section-1', 'example_subdag_operator.section-2', 'example_subdag_operator']) retrieved from /home/airflow/.local/lib/python3.7/site-packages/airflow/example_dags/example_subdag_operator.py
[2022-11-10T02:29:09.817+0000] {logging_mixin.py:117} INFO - [2022-11-10T02:29:09.817+0000] {dag.py:2573} INFO - Sync 3 DAGs
[2022-11-10T02:29:09.859+0000] {logging_mixin.py:117} INFO - [2022-11-10T02:29:09.859+0000] {dag.py:3328} INFO - Setting next_dagrun for example_subdag_operator to 2022-01-01T00:00:00+00:00, run_after=2022-01-01T00:00:00+00:00
[2022-11-10T02:29:09.879+0000] {logging_mixin.py:117} INFO - [2022-11-10T02:29:09.879+0000] {dag.py:3328} INFO - Setting next_dagrun for example_subdag_operator.section-1 to None, run_after=None
[2022-11-10T02:29:09.910+0000] {logging_mixin.py:117} INFO - [2022-11-10T02:29:09.910+0000] {dag.py:3328} INFO - Setting next_dagrun for example_subdag_operator.section-2 to None, run_after=None
[2022-11-10T02:29:09.924+0000] {logging_mixin.py:117} INFO - [2022-11-10T02:29:09.923+0000] {dag.py:2573} INFO - Sync 2 DAGs
[2022-11-10T02:29:09.946+0000] {logging_mixin.py:117} INFO - [2022-11-10T02:29:09.946+0000] {dag.py:3328} INFO - Setting next_dagrun for example_subdag_operator.section-1 to None, run_after=None
[2022-11-10T02:29:09.950+0000] {logging_mixin.py:117} INFO - [2022-11-10T02:29:09.950+0000] {dag.py:3328} INFO - Setting next_dagrun for example_subdag_operator.section-2 to None, run_after=None
[2022-11-10T02:29:09.977+0000] {processor.py:178} INFO - Processing /home/airflow/.local/lib/python3.7/site-packages/airflow/example_dags/example_subdag_operator.py took 0.570 seconds
[2022-11-10T03:35:48.303+0000] {processor.py:156} INFO - Started process (PID=12727) to work on /home/airflow/.local/lib/python3.7/site-packages/airflow/example_dags/example_subdag_operator.py
[2022-11-10T03:35:48.305+0000] {processor.py:758} INFO - Processing file /home/airflow/.local/lib/python3.7/site-packages/airflow/example_dags/example_subdag_operator.py for tasks to queue
[2022-11-10T03:35:48.306+0000] {logging_mixin.py:117} INFO - [2022-11-10T03:35:48.306+0000] {dagbag.py:525} INFO - Filling up the DagBag from /home/airflow/.local/lib/python3.7/site-packages/airflow/example_dags/example_subdag_operator.py
[2022-11-10T03:35:48.332+0000] {processor.py:768} INFO - DAG(s) dict_keys(['example_subdag_operator.section-1', 'example_subdag_operator.section-2', 'example_subdag_operator']) retrieved from /home/airflow/.local/lib/python3.7/site-packages/airflow/example_dags/example_subdag_operator.py
[2022-11-10T03:35:48.775+0000] {logging_mixin.py:117} INFO - [2022-11-10T03:35:48.775+0000] {dag.py:2573} INFO - Sync 3 DAGs
[2022-11-10T03:35:48.798+0000] {logging_mixin.py:117} INFO - [2022-11-10T03:35:48.798+0000] {dag.py:3328} INFO - Setting next_dagrun for example_subdag_operator to 2022-01-01T00:00:00+00:00, run_after=2022-01-01T00:00:00+00:00
[2022-11-10T03:35:48.802+0000] {logging_mixin.py:117} INFO - [2022-11-10T03:35:48.802+0000] {dag.py:3328} INFO - Setting next_dagrun for example_subdag_operator.section-1 to None, run_after=None
[2022-11-10T03:35:48.805+0000] {logging_mixin.py:117} INFO - [2022-11-10T03:35:48.805+0000] {dag.py:3328} INFO - Setting next_dagrun for example_subdag_operator.section-2 to None, run_after=None
[2022-11-10T03:35:48.810+0000] {logging_mixin.py:117} INFO - [2022-11-10T03:35:48.809+0000] {dag.py:2573} INFO - Sync 2 DAGs
[2022-11-10T03:35:48.814+0000] {logging_mixin.py:117} INFO - [2022-11-10T03:35:48.814+0000] {dag.py:3328} INFO - Setting next_dagrun for example_subdag_operator.section-1 to None, run_after=None
[2022-11-10T03:35:48.815+0000] {logging_mixin.py:117} INFO - [2022-11-10T03:35:48.815+0000] {dag.py:3328} INFO - Setting next_dagrun for example_subdag_operator.section-2 to None, run_after=None
[2022-11-10T03:35:48.822+0000] {processor.py:178} INFO - Processing /home/airflow/.local/lib/python3.7/site-packages/airflow/example_dags/example_subdag_operator.py took 0.521 seconds
[2022-11-10T04:59:31.999+0000] {processor.py:156} INFO - Started process (PID=12791) to work on /home/airflow/.local/lib/python3.7/site-packages/airflow/example_dags/example_subdag_operator.py
[2022-11-10T04:59:32.001+0000] {processor.py:758} INFO - Processing file /home/airflow/.local/lib/python3.7/site-packages/airflow/example_dags/example_subdag_operator.py for tasks to queue
[2022-11-10T04:59:32.002+0000] {logging_mixin.py:117} INFO - [2022-11-10T04:59:32.002+0000] {dagbag.py:525} INFO - Filling up the DagBag from /home/airflow/.local/lib/python3.7/site-packages/airflow/example_dags/example_subdag_operator.py
[2022-11-10T04:59:32.121+0000] {processor.py:768} INFO - DAG(s) dict_keys(['example_subdag_operator.section-1', 'example_subdag_operator.section-2', 'example_subdag_operator']) retrieved from /home/airflow/.local/lib/python3.7/site-packages/airflow/example_dags/example_subdag_operator.py
[2022-11-10T04:59:32.347+0000] {logging_mixin.py:117} INFO - [2022-11-10T04:59:32.347+0000] {dag.py:2573} INFO - Sync 3 DAGs
[2022-11-10T04:59:32.374+0000] {logging_mixin.py:117} INFO - [2022-11-10T04:59:32.374+0000] {dag.py:3328} INFO - Setting next_dagrun for example_subdag_operator to 2022-01-01T00:00:00+00:00, run_after=2022-01-01T00:00:00+00:00
[2022-11-10T04:59:32.396+0000] {logging_mixin.py:117} INFO - [2022-11-10T04:59:32.396+0000] {dag.py:3328} INFO - Setting next_dagrun for example_subdag_operator.section-1 to None, run_after=None
[2022-11-10T04:59:32.401+0000] {logging_mixin.py:117} INFO - [2022-11-10T04:59:32.401+0000] {dag.py:3328} INFO - Setting next_dagrun for example_subdag_operator.section-2 to None, run_after=None
[2022-11-10T04:59:32.411+0000] {logging_mixin.py:117} INFO - [2022-11-10T04:59:32.411+0000] {dag.py:2573} INFO - Sync 2 DAGs
[2022-11-10T04:59:32.420+0000] {logging_mixin.py:117} INFO - [2022-11-10T04:59:32.420+0000] {dag.py:3328} INFO - Setting next_dagrun for example_subdag_operator.section-1 to None, run_after=None
[2022-11-10T04:59:32.422+0000] {logging_mixin.py:117} INFO - [2022-11-10T04:59:32.422+0000] {dag.py:3328} INFO - Setting next_dagrun for example_subdag_operator.section-2 to None, run_after=None
[2022-11-10T04:59:32.435+0000] {processor.py:178} INFO - Processing /home/airflow/.local/lib/python3.7/site-packages/airflow/example_dags/example_subdag_operator.py took 0.440 seconds
[2022-11-10T06:22:38.024+0000] {processor.py:156} INFO - Started process (PID=12854) to work on /home/airflow/.local/lib/python3.7/site-packages/airflow/example_dags/example_subdag_operator.py
[2022-11-10T06:22:38.028+0000] {processor.py:758} INFO - Processing file /home/airflow/.local/lib/python3.7/site-packages/airflow/example_dags/example_subdag_operator.py for tasks to queue
[2022-11-10T06:22:38.033+0000] {logging_mixin.py:117} INFO - [2022-11-10T06:22:38.033+0000] {dagbag.py:525} INFO - Filling up the DagBag from /home/airflow/.local/lib/python3.7/site-packages/airflow/example_dags/example_subdag_operator.py
[2022-11-10T06:22:38.580+0000] {processor.py:768} INFO - DAG(s) dict_keys(['example_subdag_operator.section-1', 'example_subdag_operator.section-2', 'example_subdag_operator']) retrieved from /home/airflow/.local/lib/python3.7/site-packages/airflow/example_dags/example_subdag_operator.py
[2022-11-10T06:22:39.122+0000] {logging_mixin.py:117} INFO - [2022-11-10T06:22:39.120+0000] {dag.py:2573} INFO - Sync 3 DAGs
[2022-11-10T06:22:39.217+0000] {logging_mixin.py:117} INFO - [2022-11-10T06:22:39.217+0000] {dag.py:3328} INFO - Setting next_dagrun for example_subdag_operator to 2022-01-01T00:00:00+00:00, run_after=2022-01-01T00:00:00+00:00
[2022-11-10T06:22:39.237+0000] {logging_mixin.py:117} INFO - [2022-11-10T06:22:39.236+0000] {dag.py:3328} INFO - Setting next_dagrun for example_subdag_operator.section-1 to None, run_after=None
[2022-11-10T06:22:39.246+0000] {logging_mixin.py:117} INFO - [2022-11-10T06:22:39.246+0000] {dag.py:3328} INFO - Setting next_dagrun for example_subdag_operator.section-2 to None, run_after=None
[2022-11-10T06:22:39.300+0000] {logging_mixin.py:117} INFO - [2022-11-10T06:22:39.300+0000] {dag.py:2573} INFO - Sync 2 DAGs
[2022-11-10T06:22:39.314+0000] {logging_mixin.py:117} INFO - [2022-11-10T06:22:39.314+0000] {dag.py:3328} INFO - Setting next_dagrun for example_subdag_operator.section-1 to None, run_after=None
[2022-11-10T06:22:39.317+0000] {logging_mixin.py:117} INFO - [2022-11-10T06:22:39.317+0000] {dag.py:3328} INFO - Setting next_dagrun for example_subdag_operator.section-2 to None, run_after=None
[2022-11-10T06:22:39.362+0000] {processor.py:178} INFO - Processing /home/airflow/.local/lib/python3.7/site-packages/airflow/example_dags/example_subdag_operator.py took 1.350 seconds
[2022-11-10T08:00:59.215+0000] {processor.py:156} INFO - Started process (PID=12909) to work on /home/airflow/.local/lib/python3.7/site-packages/airflow/example_dags/example_subdag_operator.py
[2022-11-10T08:00:59.303+0000] {processor.py:758} INFO - Processing file /home/airflow/.local/lib/python3.7/site-packages/airflow/example_dags/example_subdag_operator.py for tasks to queue
[2022-11-10T08:00:59.338+0000] {logging_mixin.py:117} INFO - [2022-11-10T08:00:59.338+0000] {dagbag.py:525} INFO - Filling up the DagBag from /home/airflow/.local/lib/python3.7/site-packages/airflow/example_dags/example_subdag_operator.py
[2022-11-10T08:00:59.892+0000] {processor.py:768} INFO - DAG(s) dict_keys(['example_subdag_operator.section-1', 'example_subdag_operator.section-2', 'example_subdag_operator']) retrieved from /home/airflow/.local/lib/python3.7/site-packages/airflow/example_dags/example_subdag_operator.py
[2022-11-10T08:01:00.502+0000] {logging_mixin.py:117} INFO - [2022-11-10T08:01:00.442+0000] {dag.py:2573} INFO - Sync 3 DAGs
[2022-11-10T08:01:00.845+0000] {logging_mixin.py:117} INFO - [2022-11-10T08:01:00.811+0000] {dag.py:3328} INFO - Setting next_dagrun for example_subdag_operator to 2022-01-01T00:00:00+00:00, run_after=2022-01-01T00:00:00+00:00
[2022-11-10T08:01:00.897+0000] {logging_mixin.py:117} INFO - [2022-11-10T08:01:00.896+0000] {dag.py:3328} INFO - Setting next_dagrun for example_subdag_operator.section-1 to None, run_after=None
[2022-11-10T08:01:00.915+0000] {logging_mixin.py:117} INFO - [2022-11-10T08:01:00.915+0000] {dag.py:3328} INFO - Setting next_dagrun for example_subdag_operator.section-2 to None, run_after=None
[2022-11-10T08:01:00.967+0000] {logging_mixin.py:117} INFO - [2022-11-10T08:01:00.966+0000] {dag.py:2573} INFO - Sync 2 DAGs
[2022-11-10T08:01:00.984+0000] {logging_mixin.py:117} INFO - [2022-11-10T08:01:00.984+0000] {dag.py:3328} INFO - Setting next_dagrun for example_subdag_operator.section-1 to None, run_after=None
[2022-11-10T08:01:01.017+0000] {logging_mixin.py:117} INFO - [2022-11-10T08:01:01.016+0000] {dag.py:3328} INFO - Setting next_dagrun for example_subdag_operator.section-2 to None, run_after=None
[2022-11-10T08:01:01.116+0000] {processor.py:178} INFO - Processing /home/airflow/.local/lib/python3.7/site-packages/airflow/example_dags/example_subdag_operator.py took 2.297 seconds
[2022-11-10T09:23:14.320+0000] {processor.py:156} INFO - Started process (PID=12962) to work on /home/airflow/.local/lib/python3.7/site-packages/airflow/example_dags/example_subdag_operator.py
[2022-11-10T09:23:14.326+0000] {processor.py:758} INFO - Processing file /home/airflow/.local/lib/python3.7/site-packages/airflow/example_dags/example_subdag_operator.py for tasks to queue
[2022-11-10T09:23:14.331+0000] {logging_mixin.py:117} INFO - [2022-11-10T09:23:14.331+0000] {dagbag.py:525} INFO - Filling up the DagBag from /home/airflow/.local/lib/python3.7/site-packages/airflow/example_dags/example_subdag_operator.py
[2022-11-10T09:23:14.376+0000] {processor.py:768} INFO - DAG(s) dict_keys(['example_subdag_operator.section-1', 'example_subdag_operator.section-2', 'example_subdag_operator']) retrieved from /home/airflow/.local/lib/python3.7/site-packages/airflow/example_dags/example_subdag_operator.py
[2022-11-10T09:23:14.691+0000] {logging_mixin.py:117} INFO - [2022-11-10T09:23:14.691+0000] {dag.py:2573} INFO - Sync 3 DAGs
[2022-11-10T09:23:14.730+0000] {logging_mixin.py:117} INFO - [2022-11-10T09:23:14.730+0000] {dag.py:3328} INFO - Setting next_dagrun for example_subdag_operator to 2022-01-01T00:00:00+00:00, run_after=2022-01-01T00:00:00+00:00
[2022-11-10T09:23:14.771+0000] {logging_mixin.py:117} INFO - [2022-11-10T09:23:14.770+0000] {dag.py:3328} INFO - Setting next_dagrun for example_subdag_operator.section-1 to None, run_after=None
[2022-11-10T09:23:14.781+0000] {logging_mixin.py:117} INFO - [2022-11-10T09:23:14.781+0000] {dag.py:3328} INFO - Setting next_dagrun for example_subdag_operator.section-2 to None, run_after=None
[2022-11-10T09:23:14.805+0000] {logging_mixin.py:117} INFO - [2022-11-10T09:23:14.805+0000] {dag.py:2573} INFO - Sync 2 DAGs
[2022-11-10T09:23:14.819+0000] {logging_mixin.py:117} INFO - [2022-11-10T09:23:14.819+0000] {dag.py:3328} INFO - Setting next_dagrun for example_subdag_operator.section-1 to None, run_after=None
[2022-11-10T09:23:14.822+0000] {logging_mixin.py:117} INFO - [2022-11-10T09:23:14.821+0000] {dag.py:3328} INFO - Setting next_dagrun for example_subdag_operator.section-2 to None, run_after=None
[2022-11-10T09:23:14.855+0000] {processor.py:178} INFO - Processing /home/airflow/.local/lib/python3.7/site-packages/airflow/example_dags/example_subdag_operator.py took 0.540 seconds
[2022-11-10T10:48:51.634+0000] {processor.py:156} INFO - Started process (PID=13024) to work on /home/airflow/.local/lib/python3.7/site-packages/airflow/example_dags/example_subdag_operator.py
[2022-11-10T10:48:51.649+0000] {processor.py:758} INFO - Processing file /home/airflow/.local/lib/python3.7/site-packages/airflow/example_dags/example_subdag_operator.py for tasks to queue
[2022-11-10T10:48:51.656+0000] {logging_mixin.py:117} INFO - [2022-11-10T10:48:51.652+0000] {dagbag.py:525} INFO - Filling up the DagBag from /home/airflow/.local/lib/python3.7/site-packages/airflow/example_dags/example_subdag_operator.py
[2022-11-10T10:48:52.226+0000] {processor.py:768} INFO - DAG(s) dict_keys(['example_subdag_operator.section-1', 'example_subdag_operator.section-2', 'example_subdag_operator']) retrieved from /home/airflow/.local/lib/python3.7/site-packages/airflow/example_dags/example_subdag_operator.py
[2022-11-10T10:48:53.581+0000] {logging_mixin.py:117} INFO - [2022-11-10T10:48:53.580+0000] {dag.py:2573} INFO - Sync 3 DAGs
[2022-11-10T10:48:53.824+0000] {logging_mixin.py:117} INFO - [2022-11-10T10:48:53.824+0000] {dag.py:3328} INFO - Setting next_dagrun for example_subdag_operator to 2022-01-01T00:00:00+00:00, run_after=2022-01-01T00:00:00+00:00
[2022-11-10T10:48:53.841+0000] {logging_mixin.py:117} INFO - [2022-11-10T10:48:53.840+0000] {dag.py:3328} INFO - Setting next_dagrun for example_subdag_operator.section-1 to None, run_after=None
[2022-11-10T10:48:53.852+0000] {logging_mixin.py:117} INFO - [2022-11-10T10:48:53.852+0000] {dag.py:3328} INFO - Setting next_dagrun for example_subdag_operator.section-2 to None, run_after=None
[2022-11-10T10:48:53.888+0000] {logging_mixin.py:117} INFO - [2022-11-10T10:48:53.887+0000] {dag.py:2573} INFO - Sync 2 DAGs
[2022-11-10T10:48:53.960+0000] {logging_mixin.py:117} INFO - [2022-11-10T10:48:53.960+0000] {dag.py:3328} INFO - Setting next_dagrun for example_subdag_operator.section-1 to None, run_after=None
[2022-11-10T10:48:53.965+0000] {logging_mixin.py:117} INFO - [2022-11-10T10:48:53.965+0000] {dag.py:3328} INFO - Setting next_dagrun for example_subdag_operator.section-2 to None, run_after=None
[2022-11-10T10:48:54.048+0000] {processor.py:178} INFO - Processing /home/airflow/.local/lib/python3.7/site-packages/airflow/example_dags/example_subdag_operator.py took 2.440 seconds
[2022-11-10T12:11:09.988+0000] {processor.py:156} INFO - Started process (PID=13081) to work on /home/airflow/.local/lib/python3.7/site-packages/airflow/example_dags/example_subdag_operator.py
[2022-11-10T12:11:09.995+0000] {processor.py:758} INFO - Processing file /home/airflow/.local/lib/python3.7/site-packages/airflow/example_dags/example_subdag_operator.py for tasks to queue
[2022-11-10T12:11:09.998+0000] {logging_mixin.py:117} INFO - [2022-11-10T12:11:09.998+0000] {dagbag.py:525} INFO - Filling up the DagBag from /home/airflow/.local/lib/python3.7/site-packages/airflow/example_dags/example_subdag_operator.py
[2022-11-10T12:11:10.249+0000] {processor.py:768} INFO - DAG(s) dict_keys(['example_subdag_operator.section-1', 'example_subdag_operator.section-2', 'example_subdag_operator']) retrieved from /home/airflow/.local/lib/python3.7/site-packages/airflow/example_dags/example_subdag_operator.py
[2022-11-10T12:11:10.401+0000] {logging_mixin.py:117} INFO - [2022-11-10T12:11:10.401+0000] {dag.py:2573} INFO - Sync 3 DAGs
[2022-11-10T12:11:10.414+0000] {logging_mixin.py:117} INFO - [2022-11-10T12:11:10.414+0000] {dag.py:3328} INFO - Setting next_dagrun for example_subdag_operator to 2022-01-01T00:00:00+00:00, run_after=2022-01-01T00:00:00+00:00
[2022-11-10T12:11:10.418+0000] {logging_mixin.py:117} INFO - [2022-11-10T12:11:10.418+0000] {dag.py:3328} INFO - Setting next_dagrun for example_subdag_operator.section-1 to None, run_after=None
[2022-11-10T12:11:10.420+0000] {logging_mixin.py:117} INFO - [2022-11-10T12:11:10.420+0000] {dag.py:3328} INFO - Setting next_dagrun for example_subdag_operator.section-2 to None, run_after=None
[2022-11-10T12:11:10.424+0000] {logging_mixin.py:117} INFO - [2022-11-10T12:11:10.424+0000] {dag.py:2573} INFO - Sync 2 DAGs
[2022-11-10T12:11:10.428+0000] {logging_mixin.py:117} INFO - [2022-11-10T12:11:10.427+0000] {dag.py:3328} INFO - Setting next_dagrun for example_subdag_operator.section-1 to None, run_after=None
[2022-11-10T12:11:10.430+0000] {logging_mixin.py:117} INFO - [2022-11-10T12:11:10.430+0000] {dag.py:3328} INFO - Setting next_dagrun for example_subdag_operator.section-2 to None, run_after=None
[2022-11-10T12:11:10.440+0000] {processor.py:178} INFO - Processing /home/airflow/.local/lib/python3.7/site-packages/airflow/example_dags/example_subdag_operator.py took 0.454 seconds
[2022-11-10T13:33:31.140+0000] {processor.py:156} INFO - Started process (PID=13128) to work on /home/airflow/.local/lib/python3.7/site-packages/airflow/example_dags/example_subdag_operator.py
[2022-11-10T13:33:31.145+0000] {processor.py:758} INFO - Processing file /home/airflow/.local/lib/python3.7/site-packages/airflow/example_dags/example_subdag_operator.py for tasks to queue
[2022-11-10T13:33:31.151+0000] {logging_mixin.py:117} INFO - [2022-11-10T13:33:31.151+0000] {dagbag.py:525} INFO - Filling up the DagBag from /home/airflow/.local/lib/python3.7/site-packages/airflow/example_dags/example_subdag_operator.py
[2022-11-10T13:33:31.215+0000] {processor.py:768} INFO - DAG(s) dict_keys(['example_subdag_operator.section-1', 'example_subdag_operator.section-2', 'example_subdag_operator']) retrieved from /home/airflow/.local/lib/python3.7/site-packages/airflow/example_dags/example_subdag_operator.py
[2022-11-10T13:33:31.383+0000] {logging_mixin.py:117} INFO - [2022-11-10T13:33:31.383+0000] {dag.py:2573} INFO - Sync 3 DAGs
[2022-11-10T13:33:31.408+0000] {logging_mixin.py:117} INFO - [2022-11-10T13:33:31.408+0000] {dag.py:3328} INFO - Setting next_dagrun for example_subdag_operator to 2022-01-01T00:00:00+00:00, run_after=2022-01-01T00:00:00+00:00
[2022-11-10T13:33:31.420+0000] {logging_mixin.py:117} INFO - [2022-11-10T13:33:31.419+0000] {dag.py:3328} INFO - Setting next_dagrun for example_subdag_operator.section-1 to None, run_after=None
[2022-11-10T13:33:31.427+0000] {logging_mixin.py:117} INFO - [2022-11-10T13:33:31.426+0000] {dag.py:3328} INFO - Setting next_dagrun for example_subdag_operator.section-2 to None, run_after=None
[2022-11-10T13:33:31.442+0000] {logging_mixin.py:117} INFO - [2022-11-10T13:33:31.442+0000] {dag.py:2573} INFO - Sync 2 DAGs
[2022-11-10T13:33:31.448+0000] {logging_mixin.py:117} INFO - [2022-11-10T13:33:31.448+0000] {dag.py:3328} INFO - Setting next_dagrun for example_subdag_operator.section-1 to None, run_after=None
[2022-11-10T13:33:31.475+0000] {logging_mixin.py:117} INFO - [2022-11-10T13:33:31.475+0000] {dag.py:3328} INFO - Setting next_dagrun for example_subdag_operator.section-2 to None, run_after=None
[2022-11-10T13:33:31.519+0000] {processor.py:178} INFO - Processing /home/airflow/.local/lib/python3.7/site-packages/airflow/example_dags/example_subdag_operator.py took 0.381 seconds
[2022-11-10T14:37:25.897+0000] {processor.py:156} INFO - Started process (PID=13189) to work on /home/airflow/.local/lib/python3.7/site-packages/airflow/example_dags/example_subdag_operator.py
[2022-11-10T14:37:25.899+0000] {processor.py:758} INFO - Processing file /home/airflow/.local/lib/python3.7/site-packages/airflow/example_dags/example_subdag_operator.py for tasks to queue
[2022-11-10T14:37:25.904+0000] {logging_mixin.py:117} INFO - [2022-11-10T14:37:25.903+0000] {dagbag.py:525} INFO - Filling up the DagBag from /home/airflow/.local/lib/python3.7/site-packages/airflow/example_dags/example_subdag_operator.py
[2022-11-10T14:37:25.967+0000] {processor.py:768} INFO - DAG(s) dict_keys(['example_subdag_operator.section-1', 'example_subdag_operator.section-2', 'example_subdag_operator']) retrieved from /home/airflow/.local/lib/python3.7/site-packages/airflow/example_dags/example_subdag_operator.py
[2022-11-10T14:37:26.481+0000] {logging_mixin.py:117} INFO - [2022-11-10T14:37:26.474+0000] {dag.py:2573} INFO - Sync 3 DAGs
[2022-11-10T14:37:26.612+0000] {logging_mixin.py:117} INFO - [2022-11-10T14:37:26.611+0000] {dag.py:3328} INFO - Setting next_dagrun for example_subdag_operator to 2022-01-01T00:00:00+00:00, run_after=2022-01-01T00:00:00+00:00
[2022-11-10T14:37:26.625+0000] {logging_mixin.py:117} INFO - [2022-11-10T14:37:26.625+0000] {dag.py:3328} INFO - Setting next_dagrun for example_subdag_operator.section-1 to None, run_after=None
[2022-11-10T14:37:26.629+0000] {logging_mixin.py:117} INFO - [2022-11-10T14:37:26.629+0000] {dag.py:3328} INFO - Setting next_dagrun for example_subdag_operator.section-2 to None, run_after=None
[2022-11-10T14:37:26.682+0000] {logging_mixin.py:117} INFO - [2022-11-10T14:37:26.682+0000] {dag.py:2573} INFO - Sync 2 DAGs
[2022-11-10T14:37:26.699+0000] {logging_mixin.py:117} INFO - [2022-11-10T14:37:26.699+0000] {dag.py:3328} INFO - Setting next_dagrun for example_subdag_operator.section-1 to None, run_after=None
[2022-11-10T14:37:26.700+0000] {logging_mixin.py:117} INFO - [2022-11-10T14:37:26.700+0000] {dag.py:3328} INFO - Setting next_dagrun for example_subdag_operator.section-2 to None, run_after=None
[2022-11-10T14:37:26.753+0000] {processor.py:178} INFO - Processing /home/airflow/.local/lib/python3.7/site-packages/airflow/example_dags/example_subdag_operator.py took 0.865 seconds
[2022-11-10T14:45:51.201+0000] {processor.py:156} INFO - Started process (PID=13246) to work on /home/airflow/.local/lib/python3.7/site-packages/airflow/example_dags/example_subdag_operator.py
[2022-11-10T14:45:51.203+0000] {processor.py:758} INFO - Processing file /home/airflow/.local/lib/python3.7/site-packages/airflow/example_dags/example_subdag_operator.py for tasks to queue
[2022-11-10T14:45:51.206+0000] {logging_mixin.py:117} INFO - [2022-11-10T14:45:51.206+0000] {dagbag.py:525} INFO - Filling up the DagBag from /home/airflow/.local/lib/python3.7/site-packages/airflow/example_dags/example_subdag_operator.py
[2022-11-10T14:45:51.245+0000] {processor.py:768} INFO - DAG(s) dict_keys(['example_subdag_operator.section-1', 'example_subdag_operator.section-2', 'example_subdag_operator']) retrieved from /home/airflow/.local/lib/python3.7/site-packages/airflow/example_dags/example_subdag_operator.py
[2022-11-10T14:45:51.405+0000] {logging_mixin.py:117} INFO - [2022-11-10T14:45:51.405+0000] {dag.py:2573} INFO - Sync 3 DAGs
[2022-11-10T14:45:51.420+0000] {logging_mixin.py:117} INFO - [2022-11-10T14:45:51.420+0000] {dag.py:3328} INFO - Setting next_dagrun for example_subdag_operator to 2022-01-01T00:00:00+00:00, run_after=2022-01-01T00:00:00+00:00
[2022-11-10T14:45:51.423+0000] {logging_mixin.py:117} INFO - [2022-11-10T14:45:51.423+0000] {dag.py:3328} INFO - Setting next_dagrun for example_subdag_operator.section-1 to None, run_after=None
[2022-11-10T14:45:51.429+0000] {logging_mixin.py:117} INFO - [2022-11-10T14:45:51.429+0000] {dag.py:3328} INFO - Setting next_dagrun for example_subdag_operator.section-2 to None, run_after=None
[2022-11-10T14:45:51.433+0000] {logging_mixin.py:117} INFO - [2022-11-10T14:45:51.433+0000] {dag.py:2573} INFO - Sync 2 DAGs
[2022-11-10T14:45:51.437+0000] {logging_mixin.py:117} INFO - [2022-11-10T14:45:51.437+0000] {dag.py:3328} INFO - Setting next_dagrun for example_subdag_operator.section-1 to None, run_after=None
[2022-11-10T14:45:51.438+0000] {logging_mixin.py:117} INFO - [2022-11-10T14:45:51.438+0000] {dag.py:3328} INFO - Setting next_dagrun for example_subdag_operator.section-2 to None, run_after=None
[2022-11-10T14:45:51.443+0000] {processor.py:178} INFO - Processing /home/airflow/.local/lib/python3.7/site-packages/airflow/example_dags/example_subdag_operator.py took 0.245 seconds
[2022-11-10T15:05:03.030+0000] {processor.py:156} INFO - Started process (PID=13310) to work on /home/airflow/.local/lib/python3.7/site-packages/airflow/example_dags/example_subdag_operator.py
[2022-11-10T15:05:03.033+0000] {processor.py:758} INFO - Processing file /home/airflow/.local/lib/python3.7/site-packages/airflow/example_dags/example_subdag_operator.py for tasks to queue
[2022-11-10T15:05:03.036+0000] {logging_mixin.py:117} INFO - [2022-11-10T15:05:03.036+0000] {dagbag.py:525} INFO - Filling up the DagBag from /home/airflow/.local/lib/python3.7/site-packages/airflow/example_dags/example_subdag_operator.py
[2022-11-10T15:05:03.059+0000] {processor.py:768} INFO - DAG(s) dict_keys(['example_subdag_operator.section-1', 'example_subdag_operator.section-2', 'example_subdag_operator']) retrieved from /home/airflow/.local/lib/python3.7/site-packages/airflow/example_dags/example_subdag_operator.py
[2022-11-10T15:05:03.156+0000] {logging_mixin.py:117} INFO - [2022-11-10T15:05:03.156+0000] {dag.py:2573} INFO - Sync 3 DAGs
[2022-11-10T15:05:03.174+0000] {logging_mixin.py:117} INFO - [2022-11-10T15:05:03.174+0000] {dag.py:3328} INFO - Setting next_dagrun for example_subdag_operator to 2022-01-01T00:00:00+00:00, run_after=2022-01-01T00:00:00+00:00
[2022-11-10T15:05:03.176+0000] {logging_mixin.py:117} INFO - [2022-11-10T15:05:03.176+0000] {dag.py:3328} INFO - Setting next_dagrun for example_subdag_operator.section-1 to None, run_after=None
[2022-11-10T15:05:03.178+0000] {logging_mixin.py:117} INFO - [2022-11-10T15:05:03.178+0000] {dag.py:3328} INFO - Setting next_dagrun for example_subdag_operator.section-2 to None, run_after=None
[2022-11-10T15:05:03.184+0000] {logging_mixin.py:117} INFO - [2022-11-10T15:05:03.184+0000] {dag.py:2573} INFO - Sync 2 DAGs
[2022-11-10T15:05:03.189+0000] {logging_mixin.py:117} INFO - [2022-11-10T15:05:03.189+0000] {dag.py:3328} INFO - Setting next_dagrun for example_subdag_operator.section-1 to None, run_after=None
[2022-11-10T15:05:03.191+0000] {logging_mixin.py:117} INFO - [2022-11-10T15:05:03.191+0000] {dag.py:3328} INFO - Setting next_dagrun for example_subdag_operator.section-2 to None, run_after=None
[2022-11-10T15:05:03.202+0000] {processor.py:178} INFO - Processing /home/airflow/.local/lib/python3.7/site-packages/airflow/example_dags/example_subdag_operator.py took 0.176 seconds
[2022-11-10T16:10:42.248+0000] {processor.py:156} INFO - Started process (PID=13356) to work on /home/airflow/.local/lib/python3.7/site-packages/airflow/example_dags/example_subdag_operator.py
[2022-11-10T16:10:42.254+0000] {processor.py:758} INFO - Processing file /home/airflow/.local/lib/python3.7/site-packages/airflow/example_dags/example_subdag_operator.py for tasks to queue
[2022-11-10T16:10:42.262+0000] {logging_mixin.py:117} INFO - [2022-11-10T16:10:42.261+0000] {dagbag.py:525} INFO - Filling up the DagBag from /home/airflow/.local/lib/python3.7/site-packages/airflow/example_dags/example_subdag_operator.py
[2022-11-10T16:10:42.820+0000] {processor.py:768} INFO - DAG(s) dict_keys(['example_subdag_operator.section-1', 'example_subdag_operator.section-2', 'example_subdag_operator']) retrieved from /home/airflow/.local/lib/python3.7/site-packages/airflow/example_dags/example_subdag_operator.py
[2022-11-10T16:10:43.858+0000] {logging_mixin.py:117} INFO - [2022-11-10T16:10:43.856+0000] {dag.py:2573} INFO - Sync 3 DAGs
[2022-11-10T16:10:43.942+0000] {logging_mixin.py:117} INFO - [2022-11-10T16:10:43.942+0000] {dag.py:3328} INFO - Setting next_dagrun for example_subdag_operator to 2022-01-01T00:00:00+00:00, run_after=2022-01-01T00:00:00+00:00
[2022-11-10T16:10:43.973+0000] {logging_mixin.py:117} INFO - [2022-11-10T16:10:43.973+0000] {dag.py:3328} INFO - Setting next_dagrun for example_subdag_operator.section-1 to None, run_after=None
[2022-11-10T16:10:44.003+0000] {logging_mixin.py:117} INFO - [2022-11-10T16:10:44.003+0000] {dag.py:3328} INFO - Setting next_dagrun for example_subdag_operator.section-2 to None, run_after=None
[2022-11-10T16:10:44.038+0000] {logging_mixin.py:117} INFO - [2022-11-10T16:10:44.037+0000] {dag.py:2573} INFO - Sync 2 DAGs
[2022-11-10T16:10:44.066+0000] {logging_mixin.py:117} INFO - [2022-11-10T16:10:44.066+0000] {dag.py:3328} INFO - Setting next_dagrun for example_subdag_operator.section-1 to None, run_after=None
[2022-11-10T16:10:44.072+0000] {logging_mixin.py:117} INFO - [2022-11-10T16:10:44.072+0000] {dag.py:3328} INFO - Setting next_dagrun for example_subdag_operator.section-2 to None, run_after=None
[2022-11-10T16:10:44.094+0000] {processor.py:178} INFO - Processing /home/airflow/.local/lib/python3.7/site-packages/airflow/example_dags/example_subdag_operator.py took 1.875 seconds
[2022-11-10T17:34:46.005+0000] {processor.py:156} INFO - Started process (PID=13418) to work on /home/airflow/.local/lib/python3.7/site-packages/airflow/example_dags/example_subdag_operator.py
[2022-11-10T17:34:46.007+0000] {processor.py:758} INFO - Processing file /home/airflow/.local/lib/python3.7/site-packages/airflow/example_dags/example_subdag_operator.py for tasks to queue
[2022-11-10T17:34:46.008+0000] {logging_mixin.py:117} INFO - [2022-11-10T17:34:46.008+0000] {dagbag.py:525} INFO - Filling up the DagBag from /home/airflow/.local/lib/python3.7/site-packages/airflow/example_dags/example_subdag_operator.py
[2022-11-10T17:34:46.035+0000] {processor.py:768} INFO - DAG(s) dict_keys(['example_subdag_operator.section-1', 'example_subdag_operator.section-2', 'example_subdag_operator']) retrieved from /home/airflow/.local/lib/python3.7/site-packages/airflow/example_dags/example_subdag_operator.py
[2022-11-10T17:34:46.147+0000] {logging_mixin.py:117} INFO - [2022-11-10T17:34:46.147+0000] {dag.py:2573} INFO - Sync 3 DAGs
[2022-11-10T17:34:46.169+0000] {logging_mixin.py:117} INFO - [2022-11-10T17:34:46.169+0000] {dag.py:3328} INFO - Setting next_dagrun for example_subdag_operator to 2022-01-01T00:00:00+00:00, run_after=2022-01-01T00:00:00+00:00
[2022-11-10T17:34:46.172+0000] {logging_mixin.py:117} INFO - [2022-11-10T17:34:46.172+0000] {dag.py:3328} INFO - Setting next_dagrun for example_subdag_operator.section-1 to None, run_after=None
[2022-11-10T17:34:46.173+0000] {logging_mixin.py:117} INFO - [2022-11-10T17:34:46.173+0000] {dag.py:3328} INFO - Setting next_dagrun for example_subdag_operator.section-2 to None, run_after=None
[2022-11-10T17:34:46.178+0000] {logging_mixin.py:117} INFO - [2022-11-10T17:34:46.178+0000] {dag.py:2573} INFO - Sync 2 DAGs
[2022-11-10T17:34:46.186+0000] {logging_mixin.py:117} INFO - [2022-11-10T17:34:46.186+0000] {dag.py:3328} INFO - Setting next_dagrun for example_subdag_operator.section-1 to None, run_after=None
[2022-11-10T17:34:46.189+0000] {logging_mixin.py:117} INFO - [2022-11-10T17:34:46.189+0000] {dag.py:3328} INFO - Setting next_dagrun for example_subdag_operator.section-2 to None, run_after=None
[2022-11-10T17:34:46.196+0000] {processor.py:178} INFO - Processing /home/airflow/.local/lib/python3.7/site-packages/airflow/example_dags/example_subdag_operator.py took 0.193 seconds
[2022-11-10T18:57:20.678+0000] {processor.py:156} INFO - Started process (PID=13474) to work on /home/airflow/.local/lib/python3.7/site-packages/airflow/example_dags/example_subdag_operator.py
[2022-11-10T18:57:20.681+0000] {processor.py:758} INFO - Processing file /home/airflow/.local/lib/python3.7/site-packages/airflow/example_dags/example_subdag_operator.py for tasks to queue
[2022-11-10T18:57:20.683+0000] {logging_mixin.py:117} INFO - [2022-11-10T18:57:20.682+0000] {dagbag.py:525} INFO - Filling up the DagBag from /home/airflow/.local/lib/python3.7/site-packages/airflow/example_dags/example_subdag_operator.py
[2022-11-10T18:57:20.714+0000] {processor.py:768} INFO - DAG(s) dict_keys(['example_subdag_operator.section-1', 'example_subdag_operator.section-2', 'example_subdag_operator']) retrieved from /home/airflow/.local/lib/python3.7/site-packages/airflow/example_dags/example_subdag_operator.py
[2022-11-10T18:57:20.827+0000] {logging_mixin.py:117} INFO - [2022-11-10T18:57:20.827+0000] {dag.py:2573} INFO - Sync 3 DAGs
[2022-11-10T18:57:20.848+0000] {logging_mixin.py:117} INFO - [2022-11-10T18:57:20.848+0000] {dag.py:3328} INFO - Setting next_dagrun for example_subdag_operator to 2022-01-01T00:00:00+00:00, run_after=2022-01-01T00:00:00+00:00
[2022-11-10T18:57:20.854+0000] {logging_mixin.py:117} INFO - [2022-11-10T18:57:20.854+0000] {dag.py:3328} INFO - Setting next_dagrun for example_subdag_operator.section-1 to None, run_after=None
[2022-11-10T18:57:20.856+0000] {logging_mixin.py:117} INFO - [2022-11-10T18:57:20.856+0000] {dag.py:3328} INFO - Setting next_dagrun for example_subdag_operator.section-2 to None, run_after=None
[2022-11-10T18:57:20.861+0000] {logging_mixin.py:117} INFO - [2022-11-10T18:57:20.861+0000] {dag.py:2573} INFO - Sync 2 DAGs
[2022-11-10T18:57:20.866+0000] {logging_mixin.py:117} INFO - [2022-11-10T18:57:20.866+0000] {dag.py:3328} INFO - Setting next_dagrun for example_subdag_operator.section-1 to None, run_after=None
[2022-11-10T18:57:20.866+0000] {logging_mixin.py:117} INFO - [2022-11-10T18:57:20.866+0000] {dag.py:3328} INFO - Setting next_dagrun for example_subdag_operator.section-2 to None, run_after=None
[2022-11-10T18:57:20.874+0000] {processor.py:178} INFO - Processing /home/airflow/.local/lib/python3.7/site-packages/airflow/example_dags/example_subdag_operator.py took 0.199 seconds
[2022-11-10T19:05:35.592+0000] {processor.py:156} INFO - Started process (PID=13530) to work on /home/airflow/.local/lib/python3.7/site-packages/airflow/example_dags/example_subdag_operator.py
[2022-11-10T19:05:35.596+0000] {processor.py:758} INFO - Processing file /home/airflow/.local/lib/python3.7/site-packages/airflow/example_dags/example_subdag_operator.py for tasks to queue
[2022-11-10T19:05:35.597+0000] {logging_mixin.py:117} INFO - [2022-11-10T19:05:35.597+0000] {dagbag.py:525} INFO - Filling up the DagBag from /home/airflow/.local/lib/python3.7/site-packages/airflow/example_dags/example_subdag_operator.py
[2022-11-10T19:05:35.652+0000] {processor.py:768} INFO - DAG(s) dict_keys(['example_subdag_operator.section-1', 'example_subdag_operator.section-2', 'example_subdag_operator']) retrieved from /home/airflow/.local/lib/python3.7/site-packages/airflow/example_dags/example_subdag_operator.py
[2022-11-10T19:05:35.788+0000] {logging_mixin.py:117} INFO - [2022-11-10T19:05:35.788+0000] {dag.py:2573} INFO - Sync 3 DAGs
[2022-11-10T19:05:35.804+0000] {logging_mixin.py:117} INFO - [2022-11-10T19:05:35.804+0000] {dag.py:3328} INFO - Setting next_dagrun for example_subdag_operator to 2022-01-01T00:00:00+00:00, run_after=2022-01-01T00:00:00+00:00
[2022-11-10T19:05:35.808+0000] {logging_mixin.py:117} INFO - [2022-11-10T19:05:35.808+0000] {dag.py:3328} INFO - Setting next_dagrun for example_subdag_operator.section-1 to None, run_after=None
[2022-11-10T19:05:35.812+0000] {logging_mixin.py:117} INFO - [2022-11-10T19:05:35.812+0000] {dag.py:3328} INFO - Setting next_dagrun for example_subdag_operator.section-2 to None, run_after=None
[2022-11-10T19:05:35.820+0000] {logging_mixin.py:117} INFO - [2022-11-10T19:05:35.820+0000] {dag.py:2573} INFO - Sync 2 DAGs
[2022-11-10T19:05:35.825+0000] {logging_mixin.py:117} INFO - [2022-11-10T19:05:35.825+0000] {dag.py:3328} INFO - Setting next_dagrun for example_subdag_operator.section-1 to None, run_after=None
[2022-11-10T19:05:35.826+0000] {logging_mixin.py:117} INFO - [2022-11-10T19:05:35.826+0000] {dag.py:3328} INFO - Setting next_dagrun for example_subdag_operator.section-2 to None, run_after=None
[2022-11-10T19:05:35.834+0000] {processor.py:178} INFO - Processing /home/airflow/.local/lib/python3.7/site-packages/airflow/example_dags/example_subdag_operator.py took 0.245 seconds
[2022-11-10T20:13:46.745+0000] {processor.py:156} INFO - Started process (PID=13594) to work on /home/airflow/.local/lib/python3.7/site-packages/airflow/example_dags/example_subdag_operator.py
[2022-11-10T20:13:46.757+0000] {processor.py:758} INFO - Processing file /home/airflow/.local/lib/python3.7/site-packages/airflow/example_dags/example_subdag_operator.py for tasks to queue
[2022-11-10T20:13:46.768+0000] {logging_mixin.py:117} INFO - [2022-11-10T20:13:46.768+0000] {dagbag.py:525} INFO - Filling up the DagBag from /home/airflow/.local/lib/python3.7/site-packages/airflow/example_dags/example_subdag_operator.py
[2022-11-10T20:13:46.854+0000] {processor.py:768} INFO - DAG(s) dict_keys(['example_subdag_operator.section-1', 'example_subdag_operator.section-2', 'example_subdag_operator']) retrieved from /home/airflow/.local/lib/python3.7/site-packages/airflow/example_dags/example_subdag_operator.py
[2022-11-10T20:13:47.119+0000] {logging_mixin.py:117} INFO - [2022-11-10T20:13:47.118+0000] {dag.py:2573} INFO - Sync 3 DAGs
[2022-11-10T20:13:47.152+0000] {logging_mixin.py:117} INFO - [2022-11-10T20:13:47.152+0000] {dag.py:3328} INFO - Setting next_dagrun for example_subdag_operator to 2022-01-01T00:00:00+00:00, run_after=2022-01-01T00:00:00+00:00
[2022-11-10T20:13:47.156+0000] {logging_mixin.py:117} INFO - [2022-11-10T20:13:47.156+0000] {dag.py:3328} INFO - Setting next_dagrun for example_subdag_operator.section-1 to None, run_after=None
[2022-11-10T20:13:47.159+0000] {logging_mixin.py:117} INFO - [2022-11-10T20:13:47.159+0000] {dag.py:3328} INFO - Setting next_dagrun for example_subdag_operator.section-2 to None, run_after=None
[2022-11-10T20:13:47.166+0000] {logging_mixin.py:117} INFO - [2022-11-10T20:13:47.166+0000] {dag.py:2573} INFO - Sync 2 DAGs
[2022-11-10T20:13:47.171+0000] {logging_mixin.py:117} INFO - [2022-11-10T20:13:47.171+0000] {dag.py:3328} INFO - Setting next_dagrun for example_subdag_operator.section-1 to None, run_after=None
[2022-11-10T20:13:47.171+0000] {logging_mixin.py:117} INFO - [2022-11-10T20:13:47.171+0000] {dag.py:3328} INFO - Setting next_dagrun for example_subdag_operator.section-2 to None, run_after=None
[2022-11-10T20:13:47.182+0000] {processor.py:178} INFO - Processing /home/airflow/.local/lib/python3.7/site-packages/airflow/example_dags/example_subdag_operator.py took 0.462 seconds
[2022-11-10T21:37:18.907+0000] {processor.py:156} INFO - Started process (PID=13657) to work on /home/airflow/.local/lib/python3.7/site-packages/airflow/example_dags/example_subdag_operator.py
[2022-11-10T21:37:18.909+0000] {processor.py:758} INFO - Processing file /home/airflow/.local/lib/python3.7/site-packages/airflow/example_dags/example_subdag_operator.py for tasks to queue
[2022-11-10T21:37:18.911+0000] {logging_mixin.py:117} INFO - [2022-11-10T21:37:18.911+0000] {dagbag.py:525} INFO - Filling up the DagBag from /home/airflow/.local/lib/python3.7/site-packages/airflow/example_dags/example_subdag_operator.py
[2022-11-10T21:37:18.949+0000] {processor.py:768} INFO - DAG(s) dict_keys(['example_subdag_operator.section-1', 'example_subdag_operator.section-2', 'example_subdag_operator']) retrieved from /home/airflow/.local/lib/python3.7/site-packages/airflow/example_dags/example_subdag_operator.py
[2022-11-10T21:37:19.128+0000] {logging_mixin.py:117} INFO - [2022-11-10T21:37:19.128+0000] {dag.py:2573} INFO - Sync 3 DAGs
[2022-11-10T21:37:19.155+0000] {logging_mixin.py:117} INFO - [2022-11-10T21:37:19.155+0000] {dag.py:3328} INFO - Setting next_dagrun for example_subdag_operator to 2022-01-01T00:00:00+00:00, run_after=2022-01-01T00:00:00+00:00
[2022-11-10T21:37:19.158+0000] {logging_mixin.py:117} INFO - [2022-11-10T21:37:19.158+0000] {dag.py:3328} INFO - Setting next_dagrun for example_subdag_operator.section-1 to None, run_after=None
[2022-11-10T21:37:19.167+0000] {logging_mixin.py:117} INFO - [2022-11-10T21:37:19.167+0000] {dag.py:3328} INFO - Setting next_dagrun for example_subdag_operator.section-2 to None, run_after=None
[2022-11-10T21:37:19.184+0000] {logging_mixin.py:117} INFO - [2022-11-10T21:37:19.184+0000] {dag.py:2573} INFO - Sync 2 DAGs
[2022-11-10T21:37:19.194+0000] {logging_mixin.py:117} INFO - [2022-11-10T21:37:19.194+0000] {dag.py:3328} INFO - Setting next_dagrun for example_subdag_operator.section-1 to None, run_after=None
[2022-11-10T21:37:19.196+0000] {logging_mixin.py:117} INFO - [2022-11-10T21:37:19.196+0000] {dag.py:3328} INFO - Setting next_dagrun for example_subdag_operator.section-2 to None, run_after=None
[2022-11-10T21:37:19.211+0000] {processor.py:178} INFO - Processing /home/airflow/.local/lib/python3.7/site-packages/airflow/example_dags/example_subdag_operator.py took 0.307 seconds
[2022-11-10T23:18:26.707+0000] {processor.py:156} INFO - Started process (PID=13722) to work on /home/airflow/.local/lib/python3.7/site-packages/airflow/example_dags/example_subdag_operator.py
[2022-11-10T23:18:26.744+0000] {processor.py:758} INFO - Processing file /home/airflow/.local/lib/python3.7/site-packages/airflow/example_dags/example_subdag_operator.py for tasks to queue
[2022-11-10T23:18:26.748+0000] {logging_mixin.py:117} INFO - [2022-11-10T23:18:26.747+0000] {dagbag.py:525} INFO - Filling up the DagBag from /home/airflow/.local/lib/python3.7/site-packages/airflow/example_dags/example_subdag_operator.py
[2022-11-10T23:18:26.914+0000] {processor.py:768} INFO - DAG(s) dict_keys(['example_subdag_operator.section-1', 'example_subdag_operator.section-2', 'example_subdag_operator']) retrieved from /home/airflow/.local/lib/python3.7/site-packages/airflow/example_dags/example_subdag_operator.py
[2022-11-10T23:18:27.378+0000] {logging_mixin.py:117} INFO - [2022-11-10T23:18:27.378+0000] {dag.py:2573} INFO - Sync 3 DAGs
[2022-11-10T23:18:27.442+0000] {logging_mixin.py:117} INFO - [2022-11-10T23:18:27.441+0000] {dag.py:3328} INFO - Setting next_dagrun for example_subdag_operator to 2022-01-01T00:00:00+00:00, run_after=2022-01-01T00:00:00+00:00
[2022-11-10T23:18:27.445+0000] {logging_mixin.py:117} INFO - [2022-11-10T23:18:27.445+0000] {dag.py:3328} INFO - Setting next_dagrun for example_subdag_operator.section-1 to None, run_after=None
[2022-11-10T23:18:27.446+0000] {logging_mixin.py:117} INFO - [2022-11-10T23:18:27.446+0000] {dag.py:3328} INFO - Setting next_dagrun for example_subdag_operator.section-2 to None, run_after=None
[2022-11-10T23:18:27.455+0000] {logging_mixin.py:117} INFO - [2022-11-10T23:18:27.455+0000] {dag.py:2573} INFO - Sync 2 DAGs
[2022-11-10T23:18:27.462+0000] {logging_mixin.py:117} INFO - [2022-11-10T23:18:27.462+0000] {dag.py:3328} INFO - Setting next_dagrun for example_subdag_operator.section-1 to None, run_after=None
[2022-11-10T23:18:27.464+0000] {logging_mixin.py:117} INFO - [2022-11-10T23:18:27.464+0000] {dag.py:3328} INFO - Setting next_dagrun for example_subdag_operator.section-2 to None, run_after=None
[2022-11-10T23:18:27.476+0000] {processor.py:178} INFO - Processing /home/airflow/.local/lib/python3.7/site-packages/airflow/example_dags/example_subdag_operator.py took 0.779 seconds
