[2022-11-10T00:02:14.931+0000] {processor.py:156} INFO - Started process (PID=12539) to work on /home/airflow/.local/lib/python3.7/site-packages/airflow/example_dags/example_local_kubernetes_executor.py
[2022-11-10T00:02:14.936+0000] {processor.py:758} INFO - Processing file /home/airflow/.local/lib/python3.7/site-packages/airflow/example_dags/example_local_kubernetes_executor.py for tasks to queue
[2022-11-10T00:02:14.947+0000] {logging_mixin.py:117} INFO - [2022-11-10T00:02:14.947+0000] {dagbag.py:525} INFO - Filling up the DagBag from /home/airflow/.local/lib/python3.7/site-packages/airflow/example_dags/example_local_kubernetes_executor.py
[2022-11-10T00:02:14.976+0000] {processor.py:768} INFO - DAG(s) dict_keys(['example_local_kubernetes_executor']) retrieved from /home/airflow/.local/lib/python3.7/site-packages/airflow/example_dags/example_local_kubernetes_executor.py
[2022-11-10T00:02:15.030+0000] {logging_mixin.py:117} INFO - [2022-11-10T00:02:15.030+0000] {dag.py:2573} INFO - Sync 1 DAGs
[2022-11-10T00:02:15.100+0000] {logging_mixin.py:117} INFO - [2022-11-10T00:02:15.099+0000] {dag.py:3328} INFO - Setting next_dagrun for example_local_kubernetes_executor to None, run_after=None
[2022-11-10T00:02:15.133+0000] {processor.py:178} INFO - Processing /home/airflow/.local/lib/python3.7/site-packages/airflow/example_dags/example_local_kubernetes_executor.py took 0.207 seconds
[2022-11-10T01:24:33.851+0000] {processor.py:156} INFO - Started process (PID=12603) to work on /home/airflow/.local/lib/python3.7/site-packages/airflow/example_dags/example_local_kubernetes_executor.py
[2022-11-10T01:24:33.853+0000] {processor.py:758} INFO - Processing file /home/airflow/.local/lib/python3.7/site-packages/airflow/example_dags/example_local_kubernetes_executor.py for tasks to queue
[2022-11-10T01:24:33.856+0000] {logging_mixin.py:117} INFO - [2022-11-10T01:24:33.856+0000] {dagbag.py:525} INFO - Filling up the DagBag from /home/airflow/.local/lib/python3.7/site-packages/airflow/example_dags/example_local_kubernetes_executor.py
[2022-11-10T01:24:33.882+0000] {processor.py:768} INFO - DAG(s) dict_keys(['example_local_kubernetes_executor']) retrieved from /home/airflow/.local/lib/python3.7/site-packages/airflow/example_dags/example_local_kubernetes_executor.py
[2022-11-10T01:24:33.914+0000] {logging_mixin.py:117} INFO - [2022-11-10T01:24:33.914+0000] {dag.py:2573} INFO - Sync 1 DAGs
[2022-11-10T01:24:33.928+0000] {logging_mixin.py:117} INFO - [2022-11-10T01:24:33.928+0000] {dag.py:3328} INFO - Setting next_dagrun for example_local_kubernetes_executor to None, run_after=None
[2022-11-10T01:24:33.939+0000] {processor.py:178} INFO - Processing /home/airflow/.local/lib/python3.7/site-packages/airflow/example_dags/example_local_kubernetes_executor.py took 0.090 seconds
[2022-11-10T02:29:08.357+0000] {processor.py:156} INFO - Started process (PID=12666) to work on /home/airflow/.local/lib/python3.7/site-packages/airflow/example_dags/example_local_kubernetes_executor.py
[2022-11-10T02:29:08.360+0000] {processor.py:758} INFO - Processing file /home/airflow/.local/lib/python3.7/site-packages/airflow/example_dags/example_local_kubernetes_executor.py for tasks to queue
[2022-11-10T02:29:08.362+0000] {logging_mixin.py:117} INFO - [2022-11-10T02:29:08.362+0000] {dagbag.py:525} INFO - Filling up the DagBag from /home/airflow/.local/lib/python3.7/site-packages/airflow/example_dags/example_local_kubernetes_executor.py
[2022-11-10T02:29:08.419+0000] {processor.py:768} INFO - DAG(s) dict_keys(['example_local_kubernetes_executor']) retrieved from /home/airflow/.local/lib/python3.7/site-packages/airflow/example_dags/example_local_kubernetes_executor.py
[2022-11-10T02:29:08.517+0000] {logging_mixin.py:117} INFO - [2022-11-10T02:29:08.517+0000] {dag.py:2573} INFO - Sync 1 DAGs
[2022-11-10T02:29:08.579+0000] {logging_mixin.py:117} INFO - [2022-11-10T02:29:08.578+0000] {dag.py:3328} INFO - Setting next_dagrun for example_local_kubernetes_executor to None, run_after=None
[2022-11-10T02:29:08.599+0000] {processor.py:178} INFO - Processing /home/airflow/.local/lib/python3.7/site-packages/airflow/example_dags/example_local_kubernetes_executor.py took 0.245 seconds
[2022-11-10T03:35:47.864+0000] {processor.py:156} INFO - Started process (PID=12721) to work on /home/airflow/.local/lib/python3.7/site-packages/airflow/example_dags/example_local_kubernetes_executor.py
[2022-11-10T03:35:47.865+0000] {processor.py:758} INFO - Processing file /home/airflow/.local/lib/python3.7/site-packages/airflow/example_dags/example_local_kubernetes_executor.py for tasks to queue
[2022-11-10T03:35:47.866+0000] {logging_mixin.py:117} INFO - [2022-11-10T03:35:47.866+0000] {dagbag.py:525} INFO - Filling up the DagBag from /home/airflow/.local/lib/python3.7/site-packages/airflow/example_dags/example_local_kubernetes_executor.py
[2022-11-10T03:35:47.890+0000] {processor.py:768} INFO - DAG(s) dict_keys(['example_local_kubernetes_executor']) retrieved from /home/airflow/.local/lib/python3.7/site-packages/airflow/example_dags/example_local_kubernetes_executor.py
[2022-11-10T03:35:47.924+0000] {logging_mixin.py:117} INFO - [2022-11-10T03:35:47.923+0000] {dag.py:2573} INFO - Sync 1 DAGs
[2022-11-10T03:35:47.943+0000] {logging_mixin.py:117} INFO - [2022-11-10T03:35:47.943+0000] {dag.py:3328} INFO - Setting next_dagrun for example_local_kubernetes_executor to None, run_after=None
[2022-11-10T03:35:47.963+0000] {processor.py:178} INFO - Processing /home/airflow/.local/lib/python3.7/site-packages/airflow/example_dags/example_local_kubernetes_executor.py took 0.101 seconds
[2022-11-10T04:59:30.896+0000] {processor.py:156} INFO - Started process (PID=12785) to work on /home/airflow/.local/lib/python3.7/site-packages/airflow/example_dags/example_local_kubernetes_executor.py
[2022-11-10T04:59:30.898+0000] {processor.py:758} INFO - Processing file /home/airflow/.local/lib/python3.7/site-packages/airflow/example_dags/example_local_kubernetes_executor.py for tasks to queue
[2022-11-10T04:59:30.899+0000] {logging_mixin.py:117} INFO - [2022-11-10T04:59:30.899+0000] {dagbag.py:525} INFO - Filling up the DagBag from /home/airflow/.local/lib/python3.7/site-packages/airflow/example_dags/example_local_kubernetes_executor.py
[2022-11-10T04:59:30.958+0000] {processor.py:768} INFO - DAG(s) dict_keys(['example_local_kubernetes_executor']) retrieved from /home/airflow/.local/lib/python3.7/site-packages/airflow/example_dags/example_local_kubernetes_executor.py
[2022-11-10T04:59:31.049+0000] {logging_mixin.py:117} INFO - [2022-11-10T04:59:31.049+0000] {dag.py:2573} INFO - Sync 1 DAGs
[2022-11-10T04:59:31.077+0000] {logging_mixin.py:117} INFO - [2022-11-10T04:59:31.077+0000] {dag.py:3328} INFO - Setting next_dagrun for example_local_kubernetes_executor to None, run_after=None
[2022-11-10T04:59:31.099+0000] {processor.py:178} INFO - Processing /home/airflow/.local/lib/python3.7/site-packages/airflow/example_dags/example_local_kubernetes_executor.py took 0.206 seconds
[2022-11-10T06:22:35.356+0000] {processor.py:156} INFO - Started process (PID=12840) to work on /home/airflow/.local/lib/python3.7/site-packages/airflow/example_dags/example_local_kubernetes_executor.py
[2022-11-10T06:22:35.370+0000] {processor.py:758} INFO - Processing file /home/airflow/.local/lib/python3.7/site-packages/airflow/example_dags/example_local_kubernetes_executor.py for tasks to queue
[2022-11-10T06:22:35.379+0000] {logging_mixin.py:117} INFO - [2022-11-10T06:22:35.379+0000] {dagbag.py:525} INFO - Filling up the DagBag from /home/airflow/.local/lib/python3.7/site-packages/airflow/example_dags/example_local_kubernetes_executor.py
[2022-11-10T06:22:35.815+0000] {processor.py:768} INFO - DAG(s) dict_keys(['example_local_kubernetes_executor']) retrieved from /home/airflow/.local/lib/python3.7/site-packages/airflow/example_dags/example_local_kubernetes_executor.py
[2022-11-10T06:22:36.491+0000] {logging_mixin.py:117} INFO - [2022-11-10T06:22:36.491+0000] {dag.py:2573} INFO - Sync 1 DAGs
[2022-11-10T06:22:36.556+0000] {logging_mixin.py:117} INFO - [2022-11-10T06:22:36.556+0000] {dag.py:3328} INFO - Setting next_dagrun for example_local_kubernetes_executor to None, run_after=None
[2022-11-10T06:22:36.607+0000] {processor.py:178} INFO - Processing /home/airflow/.local/lib/python3.7/site-packages/airflow/example_dags/example_local_kubernetes_executor.py took 1.344 seconds
[2022-11-10T08:00:56.997+0000] {processor.py:156} INFO - Started process (PID=12903) to work on /home/airflow/.local/lib/python3.7/site-packages/airflow/example_dags/example_local_kubernetes_executor.py
[2022-11-10T08:00:57.002+0000] {processor.py:758} INFO - Processing file /home/airflow/.local/lib/python3.7/site-packages/airflow/example_dags/example_local_kubernetes_executor.py for tasks to queue
[2022-11-10T08:00:57.006+0000] {logging_mixin.py:117} INFO - [2022-11-10T08:00:57.006+0000] {dagbag.py:525} INFO - Filling up the DagBag from /home/airflow/.local/lib/python3.7/site-packages/airflow/example_dags/example_local_kubernetes_executor.py
[2022-11-10T08:00:57.044+0000] {processor.py:768} INFO - DAG(s) dict_keys(['example_local_kubernetes_executor']) retrieved from /home/airflow/.local/lib/python3.7/site-packages/airflow/example_dags/example_local_kubernetes_executor.py
[2022-11-10T08:00:57.118+0000] {logging_mixin.py:117} INFO - [2022-11-10T08:00:57.118+0000] {dag.py:2573} INFO - Sync 1 DAGs
[2022-11-10T08:00:57.172+0000] {logging_mixin.py:117} INFO - [2022-11-10T08:00:57.172+0000] {dag.py:3328} INFO - Setting next_dagrun for example_local_kubernetes_executor to None, run_after=None
[2022-11-10T08:00:57.230+0000] {processor.py:178} INFO - Processing /home/airflow/.local/lib/python3.7/site-packages/airflow/example_dags/example_local_kubernetes_executor.py took 0.236 seconds
[2022-11-10T09:23:11.017+0000] {processor.py:156} INFO - Started process (PID=12956) to work on /home/airflow/.local/lib/python3.7/site-packages/airflow/example_dags/example_local_kubernetes_executor.py
[2022-11-10T09:23:11.047+0000] {processor.py:758} INFO - Processing file /home/airflow/.local/lib/python3.7/site-packages/airflow/example_dags/example_local_kubernetes_executor.py for tasks to queue
[2022-11-10T09:23:11.065+0000] {logging_mixin.py:117} INFO - [2022-11-10T09:23:11.065+0000] {dagbag.py:525} INFO - Filling up the DagBag from /home/airflow/.local/lib/python3.7/site-packages/airflow/example_dags/example_local_kubernetes_executor.py
[2022-11-10T09:23:11.234+0000] {processor.py:768} INFO - DAG(s) dict_keys(['example_local_kubernetes_executor']) retrieved from /home/airflow/.local/lib/python3.7/site-packages/airflow/example_dags/example_local_kubernetes_executor.py
[2022-11-10T09:23:11.673+0000] {logging_mixin.py:117} INFO - [2022-11-10T09:23:11.673+0000] {dag.py:2573} INFO - Sync 1 DAGs
[2022-11-10T09:23:11.901+0000] {logging_mixin.py:117} INFO - [2022-11-10T09:23:11.900+0000] {dag.py:3328} INFO - Setting next_dagrun for example_local_kubernetes_executor to None, run_after=None
[2022-11-10T09:23:11.999+0000] {processor.py:178} INFO - Processing /home/airflow/.local/lib/python3.7/site-packages/airflow/example_dags/example_local_kubernetes_executor.py took 0.996 seconds
[2022-11-10T10:48:48.138+0000] {processor.py:156} INFO - Started process (PID=13010) to work on /home/airflow/.local/lib/python3.7/site-packages/airflow/example_dags/example_local_kubernetes_executor.py
[2022-11-10T10:48:48.143+0000] {processor.py:758} INFO - Processing file /home/airflow/.local/lib/python3.7/site-packages/airflow/example_dags/example_local_kubernetes_executor.py for tasks to queue
[2022-11-10T10:48:48.157+0000] {logging_mixin.py:117} INFO - [2022-11-10T10:48:48.157+0000] {dagbag.py:525} INFO - Filling up the DagBag from /home/airflow/.local/lib/python3.7/site-packages/airflow/example_dags/example_local_kubernetes_executor.py
[2022-11-10T10:48:48.205+0000] {processor.py:768} INFO - DAG(s) dict_keys(['example_local_kubernetes_executor']) retrieved from /home/airflow/.local/lib/python3.7/site-packages/airflow/example_dags/example_local_kubernetes_executor.py
[2022-11-10T10:48:48.297+0000] {logging_mixin.py:117} INFO - [2022-11-10T10:48:48.296+0000] {dag.py:2573} INFO - Sync 1 DAGs
[2022-11-10T10:48:48.324+0000] {logging_mixin.py:117} INFO - [2022-11-10T10:48:48.324+0000] {dag.py:3328} INFO - Setting next_dagrun for example_local_kubernetes_executor to None, run_after=None
[2022-11-10T10:48:48.379+0000] {processor.py:178} INFO - Processing /home/airflow/.local/lib/python3.7/site-packages/airflow/example_dags/example_local_kubernetes_executor.py took 0.245 seconds
[2022-11-10T12:11:09.086+0000] {processor.py:156} INFO - Started process (PID=13075) to work on /home/airflow/.local/lib/python3.7/site-packages/airflow/example_dags/example_local_kubernetes_executor.py
[2022-11-10T12:11:09.118+0000] {processor.py:758} INFO - Processing file /home/airflow/.local/lib/python3.7/site-packages/airflow/example_dags/example_local_kubernetes_executor.py for tasks to queue
[2022-11-10T12:11:09.144+0000] {logging_mixin.py:117} INFO - [2022-11-10T12:11:09.144+0000] {dagbag.py:525} INFO - Filling up the DagBag from /home/airflow/.local/lib/python3.7/site-packages/airflow/example_dags/example_local_kubernetes_executor.py
[2022-11-10T12:11:09.252+0000] {processor.py:768} INFO - DAG(s) dict_keys(['example_local_kubernetes_executor']) retrieved from /home/airflow/.local/lib/python3.7/site-packages/airflow/example_dags/example_local_kubernetes_executor.py
[2022-11-10T12:11:09.350+0000] {logging_mixin.py:117} INFO - [2022-11-10T12:11:09.350+0000] {dag.py:2573} INFO - Sync 1 DAGs
[2022-11-10T12:11:09.367+0000] {logging_mixin.py:117} INFO - [2022-11-10T12:11:09.367+0000] {dag.py:3328} INFO - Setting next_dagrun for example_local_kubernetes_executor to None, run_after=None
[2022-11-10T12:11:09.381+0000] {processor.py:178} INFO - Processing /home/airflow/.local/lib/python3.7/site-packages/airflow/example_dags/example_local_kubernetes_executor.py took 0.303 seconds
[2022-11-10T13:33:30.332+0000] {processor.py:156} INFO - Started process (PID=13122) to work on /home/airflow/.local/lib/python3.7/site-packages/airflow/example_dags/example_local_kubernetes_executor.py
[2022-11-10T13:33:30.333+0000] {processor.py:758} INFO - Processing file /home/airflow/.local/lib/python3.7/site-packages/airflow/example_dags/example_local_kubernetes_executor.py for tasks to queue
[2022-11-10T13:33:30.335+0000] {logging_mixin.py:117} INFO - [2022-11-10T13:33:30.334+0000] {dagbag.py:525} INFO - Filling up the DagBag from /home/airflow/.local/lib/python3.7/site-packages/airflow/example_dags/example_local_kubernetes_executor.py
[2022-11-10T13:33:30.359+0000] {processor.py:768} INFO - DAG(s) dict_keys(['example_local_kubernetes_executor']) retrieved from /home/airflow/.local/lib/python3.7/site-packages/airflow/example_dags/example_local_kubernetes_executor.py
[2022-11-10T13:33:30.399+0000] {logging_mixin.py:117} INFO - [2022-11-10T13:33:30.399+0000] {dag.py:2573} INFO - Sync 1 DAGs
[2022-11-10T13:33:30.430+0000] {logging_mixin.py:117} INFO - [2022-11-10T13:33:30.430+0000] {dag.py:3328} INFO - Setting next_dagrun for example_local_kubernetes_executor to None, run_after=None
[2022-11-10T13:33:30.446+0000] {processor.py:178} INFO - Processing /home/airflow/.local/lib/python3.7/site-packages/airflow/example_dags/example_local_kubernetes_executor.py took 0.117 seconds
[2022-11-10T14:37:24.949+0000] {processor.py:156} INFO - Started process (PID=13176) to work on /home/airflow/.local/lib/python3.7/site-packages/airflow/example_dags/example_local_kubernetes_executor.py
[2022-11-10T14:37:24.951+0000] {processor.py:758} INFO - Processing file /home/airflow/.local/lib/python3.7/site-packages/airflow/example_dags/example_local_kubernetes_executor.py for tasks to queue
[2022-11-10T14:37:24.952+0000] {logging_mixin.py:117} INFO - [2022-11-10T14:37:24.952+0000] {dagbag.py:525} INFO - Filling up the DagBag from /home/airflow/.local/lib/python3.7/site-packages/airflow/example_dags/example_local_kubernetes_executor.py
[2022-11-10T14:37:24.984+0000] {processor.py:768} INFO - DAG(s) dict_keys(['example_local_kubernetes_executor']) retrieved from /home/airflow/.local/lib/python3.7/site-packages/airflow/example_dags/example_local_kubernetes_executor.py
[2022-11-10T14:37:25.058+0000] {logging_mixin.py:117} INFO - [2022-11-10T14:37:25.058+0000] {dag.py:2573} INFO - Sync 1 DAGs
[2022-11-10T14:37:25.107+0000] {logging_mixin.py:117} INFO - [2022-11-10T14:37:25.107+0000] {dag.py:3328} INFO - Setting next_dagrun for example_local_kubernetes_executor to None, run_after=None
[2022-11-10T14:37:25.127+0000] {processor.py:178} INFO - Processing /home/airflow/.local/lib/python3.7/site-packages/airflow/example_dags/example_local_kubernetes_executor.py took 0.181 seconds
[2022-11-10T14:45:47.618+0000] {processor.py:156} INFO - Started process (PID=13240) to work on /home/airflow/.local/lib/python3.7/site-packages/airflow/example_dags/example_local_kubernetes_executor.py
[2022-11-10T14:45:47.623+0000] {processor.py:758} INFO - Processing file /home/airflow/.local/lib/python3.7/site-packages/airflow/example_dags/example_local_kubernetes_executor.py for tasks to queue
[2022-11-10T14:45:47.624+0000] {logging_mixin.py:117} INFO - [2022-11-10T14:45:47.624+0000] {dagbag.py:525} INFO - Filling up the DagBag from /home/airflow/.local/lib/python3.7/site-packages/airflow/example_dags/example_local_kubernetes_executor.py
[2022-11-10T14:45:47.683+0000] {processor.py:768} INFO - DAG(s) dict_keys(['example_local_kubernetes_executor']) retrieved from /home/airflow/.local/lib/python3.7/site-packages/airflow/example_dags/example_local_kubernetes_executor.py
[2022-11-10T14:45:47.826+0000] {logging_mixin.py:117} INFO - [2022-11-10T14:45:47.825+0000] {dag.py:2573} INFO - Sync 1 DAGs
[2022-11-10T14:45:47.874+0000] {logging_mixin.py:117} INFO - [2022-11-10T14:45:47.874+0000] {dag.py:3328} INFO - Setting next_dagrun for example_local_kubernetes_executor to None, run_after=None
[2022-11-10T14:45:47.962+0000] {processor.py:178} INFO - Processing /home/airflow/.local/lib/python3.7/site-packages/airflow/example_dags/example_local_kubernetes_executor.py took 0.347 seconds
[2022-11-10T15:05:02.571+0000] {processor.py:156} INFO - Started process (PID=13304) to work on /home/airflow/.local/lib/python3.7/site-packages/airflow/example_dags/example_local_kubernetes_executor.py
[2022-11-10T15:05:02.573+0000] {processor.py:758} INFO - Processing file /home/airflow/.local/lib/python3.7/site-packages/airflow/example_dags/example_local_kubernetes_executor.py for tasks to queue
[2022-11-10T15:05:02.575+0000] {logging_mixin.py:117} INFO - [2022-11-10T15:05:02.575+0000] {dagbag.py:525} INFO - Filling up the DagBag from /home/airflow/.local/lib/python3.7/site-packages/airflow/example_dags/example_local_kubernetes_executor.py
[2022-11-10T15:05:02.591+0000] {processor.py:768} INFO - DAG(s) dict_keys(['example_local_kubernetes_executor']) retrieved from /home/airflow/.local/lib/python3.7/site-packages/airflow/example_dags/example_local_kubernetes_executor.py
[2022-11-10T15:05:02.632+0000] {logging_mixin.py:117} INFO - [2022-11-10T15:05:02.632+0000] {dag.py:2573} INFO - Sync 1 DAGs
[2022-11-10T15:05:02.652+0000] {logging_mixin.py:117} INFO - [2022-11-10T15:05:02.652+0000] {dag.py:3328} INFO - Setting next_dagrun for example_local_kubernetes_executor to None, run_after=None
[2022-11-10T15:05:02.665+0000] {processor.py:178} INFO - Processing /home/airflow/.local/lib/python3.7/site-packages/airflow/example_dags/example_local_kubernetes_executor.py took 0.096 seconds
[2022-11-10T16:10:40.866+0000] {processor.py:156} INFO - Started process (PID=13350) to work on /home/airflow/.local/lib/python3.7/site-packages/airflow/example_dags/example_local_kubernetes_executor.py
[2022-11-10T16:10:40.868+0000] {processor.py:758} INFO - Processing file /home/airflow/.local/lib/python3.7/site-packages/airflow/example_dags/example_local_kubernetes_executor.py for tasks to queue
[2022-11-10T16:10:40.870+0000] {logging_mixin.py:117} INFO - [2022-11-10T16:10:40.870+0000] {dagbag.py:525} INFO - Filling up the DagBag from /home/airflow/.local/lib/python3.7/site-packages/airflow/example_dags/example_local_kubernetes_executor.py
[2022-11-10T16:10:40.943+0000] {processor.py:768} INFO - DAG(s) dict_keys(['example_local_kubernetes_executor']) retrieved from /home/airflow/.local/lib/python3.7/site-packages/airflow/example_dags/example_local_kubernetes_executor.py
[2022-11-10T16:10:41.036+0000] {logging_mixin.py:117} INFO - [2022-11-10T16:10:41.036+0000] {dag.py:2573} INFO - Sync 1 DAGs
[2022-11-10T16:10:41.085+0000] {logging_mixin.py:117} INFO - [2022-11-10T16:10:41.085+0000] {dag.py:3328} INFO - Setting next_dagrun for example_local_kubernetes_executor to None, run_after=None
[2022-11-10T16:10:41.112+0000] {processor.py:178} INFO - Processing /home/airflow/.local/lib/python3.7/site-packages/airflow/example_dags/example_local_kubernetes_executor.py took 0.249 seconds
[2022-11-10T17:34:45.302+0000] {processor.py:156} INFO - Started process (PID=13412) to work on /home/airflow/.local/lib/python3.7/site-packages/airflow/example_dags/example_local_kubernetes_executor.py
[2022-11-10T17:34:45.309+0000] {processor.py:758} INFO - Processing file /home/airflow/.local/lib/python3.7/site-packages/airflow/example_dags/example_local_kubernetes_executor.py for tasks to queue
[2022-11-10T17:34:45.314+0000] {logging_mixin.py:117} INFO - [2022-11-10T17:34:45.314+0000] {dagbag.py:525} INFO - Filling up the DagBag from /home/airflow/.local/lib/python3.7/site-packages/airflow/example_dags/example_local_kubernetes_executor.py
[2022-11-10T17:34:45.372+0000] {processor.py:768} INFO - DAG(s) dict_keys(['example_local_kubernetes_executor']) retrieved from /home/airflow/.local/lib/python3.7/site-packages/airflow/example_dags/example_local_kubernetes_executor.py
[2022-11-10T17:34:45.484+0000] {logging_mixin.py:117} INFO - [2022-11-10T17:34:45.483+0000] {dag.py:2573} INFO - Sync 1 DAGs
[2022-11-10T17:34:45.517+0000] {logging_mixin.py:117} INFO - [2022-11-10T17:34:45.517+0000] {dag.py:3328} INFO - Setting next_dagrun for example_local_kubernetes_executor to None, run_after=None
[2022-11-10T17:34:45.544+0000] {processor.py:178} INFO - Processing /home/airflow/.local/lib/python3.7/site-packages/airflow/example_dags/example_local_kubernetes_executor.py took 0.250 seconds
[2022-11-10T18:57:18.133+0000] {processor.py:156} INFO - Started process (PID=13468) to work on /home/airflow/.local/lib/python3.7/site-packages/airflow/example_dags/example_local_kubernetes_executor.py
[2022-11-10T18:57:18.208+0000] {processor.py:758} INFO - Processing file /home/airflow/.local/lib/python3.7/site-packages/airflow/example_dags/example_local_kubernetes_executor.py for tasks to queue
[2022-11-10T18:57:18.214+0000] {logging_mixin.py:117} INFO - [2022-11-10T18:57:18.214+0000] {dagbag.py:525} INFO - Filling up the DagBag from /home/airflow/.local/lib/python3.7/site-packages/airflow/example_dags/example_local_kubernetes_executor.py
[2022-11-10T18:57:18.360+0000] {processor.py:768} INFO - DAG(s) dict_keys(['example_local_kubernetes_executor']) retrieved from /home/airflow/.local/lib/python3.7/site-packages/airflow/example_dags/example_local_kubernetes_executor.py
[2022-11-10T18:57:18.624+0000] {logging_mixin.py:117} INFO - [2022-11-10T18:57:18.623+0000] {dag.py:2573} INFO - Sync 1 DAGs
[2022-11-10T18:57:18.700+0000] {logging_mixin.py:117} INFO - [2022-11-10T18:57:18.699+0000] {dag.py:3328} INFO - Setting next_dagrun for example_local_kubernetes_executor to None, run_after=None
[2022-11-10T18:57:18.734+0000] {processor.py:178} INFO - Processing /home/airflow/.local/lib/python3.7/site-packages/airflow/example_dags/example_local_kubernetes_executor.py took 0.609 seconds
[2022-11-10T19:05:33.756+0000] {processor.py:156} INFO - Started process (PID=13524) to work on /home/airflow/.local/lib/python3.7/site-packages/airflow/example_dags/example_local_kubernetes_executor.py
[2022-11-10T19:05:33.758+0000] {processor.py:758} INFO - Processing file /home/airflow/.local/lib/python3.7/site-packages/airflow/example_dags/example_local_kubernetes_executor.py for tasks to queue
[2022-11-10T19:05:33.761+0000] {logging_mixin.py:117} INFO - [2022-11-10T19:05:33.761+0000] {dagbag.py:525} INFO - Filling up the DagBag from /home/airflow/.local/lib/python3.7/site-packages/airflow/example_dags/example_local_kubernetes_executor.py
[2022-11-10T19:05:33.793+0000] {processor.py:768} INFO - DAG(s) dict_keys(['example_local_kubernetes_executor']) retrieved from /home/airflow/.local/lib/python3.7/site-packages/airflow/example_dags/example_local_kubernetes_executor.py
[2022-11-10T19:05:33.840+0000] {logging_mixin.py:117} INFO - [2022-11-10T19:05:33.840+0000] {dag.py:2573} INFO - Sync 1 DAGs
[2022-11-10T19:05:33.865+0000] {logging_mixin.py:117} INFO - [2022-11-10T19:05:33.865+0000] {dag.py:3328} INFO - Setting next_dagrun for example_local_kubernetes_executor to None, run_after=None
[2022-11-10T19:05:33.891+0000] {processor.py:178} INFO - Processing /home/airflow/.local/lib/python3.7/site-packages/airflow/example_dags/example_local_kubernetes_executor.py took 0.138 seconds
[2022-11-10T20:13:45.508+0000] {processor.py:156} INFO - Started process (PID=13588) to work on /home/airflow/.local/lib/python3.7/site-packages/airflow/example_dags/example_local_kubernetes_executor.py
[2022-11-10T20:13:45.536+0000] {processor.py:758} INFO - Processing file /home/airflow/.local/lib/python3.7/site-packages/airflow/example_dags/example_local_kubernetes_executor.py for tasks to queue
[2022-11-10T20:13:45.539+0000] {logging_mixin.py:117} INFO - [2022-11-10T20:13:45.539+0000] {dagbag.py:525} INFO - Filling up the DagBag from /home/airflow/.local/lib/python3.7/site-packages/airflow/example_dags/example_local_kubernetes_executor.py
[2022-11-10T20:13:45.619+0000] {processor.py:768} INFO - DAG(s) dict_keys(['example_local_kubernetes_executor']) retrieved from /home/airflow/.local/lib/python3.7/site-packages/airflow/example_dags/example_local_kubernetes_executor.py
[2022-11-10T20:13:45.697+0000] {logging_mixin.py:117} INFO - [2022-11-10T20:13:45.697+0000] {dag.py:2573} INFO - Sync 1 DAGs
[2022-11-10T20:13:45.724+0000] {logging_mixin.py:117} INFO - [2022-11-10T20:13:45.724+0000] {dag.py:3328} INFO - Setting next_dagrun for example_local_kubernetes_executor to None, run_after=None
[2022-11-10T20:13:45.754+0000] {processor.py:178} INFO - Processing /home/airflow/.local/lib/python3.7/site-packages/airflow/example_dags/example_local_kubernetes_executor.py took 0.252 seconds
[2022-11-10T21:37:18.059+0000] {processor.py:156} INFO - Started process (PID=13651) to work on /home/airflow/.local/lib/python3.7/site-packages/airflow/example_dags/example_local_kubernetes_executor.py
[2022-11-10T21:37:18.062+0000] {processor.py:758} INFO - Processing file /home/airflow/.local/lib/python3.7/site-packages/airflow/example_dags/example_local_kubernetes_executor.py for tasks to queue
[2022-11-10T21:37:18.066+0000] {logging_mixin.py:117} INFO - [2022-11-10T21:37:18.066+0000] {dagbag.py:525} INFO - Filling up the DagBag from /home/airflow/.local/lib/python3.7/site-packages/airflow/example_dags/example_local_kubernetes_executor.py
[2022-11-10T21:37:18.103+0000] {processor.py:768} INFO - DAG(s) dict_keys(['example_local_kubernetes_executor']) retrieved from /home/airflow/.local/lib/python3.7/site-packages/airflow/example_dags/example_local_kubernetes_executor.py
[2022-11-10T21:37:18.145+0000] {logging_mixin.py:117} INFO - [2022-11-10T21:37:18.145+0000] {dag.py:2573} INFO - Sync 1 DAGs
[2022-11-10T21:37:18.162+0000] {logging_mixin.py:117} INFO - [2022-11-10T21:37:18.162+0000] {dag.py:3328} INFO - Setting next_dagrun for example_local_kubernetes_executor to None, run_after=None
[2022-11-10T21:37:18.192+0000] {processor.py:178} INFO - Processing /home/airflow/.local/lib/python3.7/site-packages/airflow/example_dags/example_local_kubernetes_executor.py took 0.137 seconds
[2022-11-10T23:18:22.527+0000] {processor.py:156} INFO - Started process (PID=13707) to work on /home/airflow/.local/lib/python3.7/site-packages/airflow/example_dags/example_local_kubernetes_executor.py
[2022-11-10T23:18:22.529+0000] {processor.py:758} INFO - Processing file /home/airflow/.local/lib/python3.7/site-packages/airflow/example_dags/example_local_kubernetes_executor.py for tasks to queue
[2022-11-10T23:18:22.532+0000] {logging_mixin.py:117} INFO - [2022-11-10T23:18:22.532+0000] {dagbag.py:525} INFO - Filling up the DagBag from /home/airflow/.local/lib/python3.7/site-packages/airflow/example_dags/example_local_kubernetes_executor.py
[2022-11-10T23:18:22.586+0000] {processor.py:768} INFO - DAG(s) dict_keys(['example_local_kubernetes_executor']) retrieved from /home/airflow/.local/lib/python3.7/site-packages/airflow/example_dags/example_local_kubernetes_executor.py
[2022-11-10T23:18:22.650+0000] {logging_mixin.py:117} INFO - [2022-11-10T23:18:22.650+0000] {dag.py:2573} INFO - Sync 1 DAGs
[2022-11-10T23:18:22.685+0000] {logging_mixin.py:117} INFO - [2022-11-10T23:18:22.685+0000] {dag.py:3328} INFO - Setting next_dagrun for example_local_kubernetes_executor to None, run_after=None
[2022-11-10T23:18:22.703+0000] {processor.py:178} INFO - Processing /home/airflow/.local/lib/python3.7/site-packages/airflow/example_dags/example_local_kubernetes_executor.py took 0.178 seconds
