[2022-11-10T00:02:11.353+0000] {processor.py:156} INFO - Started process (PID=12523) to work on /home/airflow/.local/lib/python3.7/site-packages/airflow/example_dags/example_task_group_decorator.py
[2022-11-10T00:02:11.355+0000] {processor.py:758} INFO - Processing file /home/airflow/.local/lib/python3.7/site-packages/airflow/example_dags/example_task_group_decorator.py for tasks to queue
[2022-11-10T00:02:11.358+0000] {logging_mixin.py:117} INFO - [2022-11-10T00:02:11.358+0000] {dagbag.py:525} INFO - Filling up the DagBag from /home/airflow/.local/lib/python3.7/site-packages/airflow/example_dags/example_task_group_decorator.py
[2022-11-10T00:02:11.477+0000] {processor.py:768} INFO - DAG(s) dict_keys(['example_task_group_decorator']) retrieved from /home/airflow/.local/lib/python3.7/site-packages/airflow/example_dags/example_task_group_decorator.py
[2022-11-10T00:02:11.583+0000] {logging_mixin.py:117} INFO - [2022-11-10T00:02:11.582+0000] {dag.py:2573} INFO - Sync 1 DAGs
[2022-11-10T00:02:11.652+0000] {logging_mixin.py:117} INFO - [2022-11-10T00:02:11.651+0000] {dag.py:3328} INFO - Setting next_dagrun for example_task_group_decorator to 2022-11-09T00:02:11.651556+00:00, run_after=2022-11-10T00:02:11.651556+00:00
[2022-11-10T00:02:11.707+0000] {processor.py:178} INFO - Processing /home/airflow/.local/lib/python3.7/site-packages/airflow/example_dags/example_task_group_decorator.py took 0.358 seconds
[2022-11-10T01:24:32.112+0000] {processor.py:156} INFO - Started process (PID=12587) to work on /home/airflow/.local/lib/python3.7/site-packages/airflow/example_dags/example_task_group_decorator.py
[2022-11-10T01:24:32.117+0000] {processor.py:758} INFO - Processing file /home/airflow/.local/lib/python3.7/site-packages/airflow/example_dags/example_task_group_decorator.py for tasks to queue
[2022-11-10T01:24:32.119+0000] {logging_mixin.py:117} INFO - [2022-11-10T01:24:32.119+0000] {dagbag.py:525} INFO - Filling up the DagBag from /home/airflow/.local/lib/python3.7/site-packages/airflow/example_dags/example_task_group_decorator.py
[2022-11-10T01:24:32.166+0000] {processor.py:768} INFO - DAG(s) dict_keys(['example_task_group_decorator']) retrieved from /home/airflow/.local/lib/python3.7/site-packages/airflow/example_dags/example_task_group_decorator.py
[2022-11-10T01:24:32.252+0000] {logging_mixin.py:117} INFO - [2022-11-10T01:24:32.252+0000] {dag.py:2573} INFO - Sync 1 DAGs
[2022-11-10T01:24:32.291+0000] {logging_mixin.py:117} INFO - [2022-11-10T01:24:32.291+0000] {dag.py:3328} INFO - Setting next_dagrun for example_task_group_decorator to 2022-11-09T01:24:32.290906+00:00, run_after=2022-11-10T01:24:32.290906+00:00
[2022-11-10T01:24:32.325+0000] {processor.py:178} INFO - Processing /home/airflow/.local/lib/python3.7/site-packages/airflow/example_dags/example_task_group_decorator.py took 0.231 seconds
[2022-11-10T02:29:04.903+0000] {processor.py:156} INFO - Started process (PID=12642) to work on /home/airflow/.local/lib/python3.7/site-packages/airflow/example_dags/example_task_group_decorator.py
[2022-11-10T02:29:04.910+0000] {processor.py:758} INFO - Processing file /home/airflow/.local/lib/python3.7/site-packages/airflow/example_dags/example_task_group_decorator.py for tasks to queue
[2022-11-10T02:29:04.917+0000] {logging_mixin.py:117} INFO - [2022-11-10T02:29:04.915+0000] {dagbag.py:525} INFO - Filling up the DagBag from /home/airflow/.local/lib/python3.7/site-packages/airflow/example_dags/example_task_group_decorator.py
[2022-11-10T02:29:04.992+0000] {processor.py:768} INFO - DAG(s) dict_keys(['example_task_group_decorator']) retrieved from /home/airflow/.local/lib/python3.7/site-packages/airflow/example_dags/example_task_group_decorator.py
[2022-11-10T02:29:05.073+0000] {logging_mixin.py:117} INFO - [2022-11-10T02:29:05.073+0000] {dag.py:2573} INFO - Sync 1 DAGs
[2022-11-10T02:29:05.103+0000] {logging_mixin.py:117} INFO - [2022-11-10T02:29:05.103+0000] {dag.py:3328} INFO - Setting next_dagrun for example_task_group_decorator to 2022-11-09T02:29:05.103254+00:00, run_after=2022-11-10T02:29:05.103254+00:00
[2022-11-10T02:29:05.133+0000] {processor.py:178} INFO - Processing /home/airflow/.local/lib/python3.7/site-packages/airflow/example_dags/example_task_group_decorator.py took 0.241 seconds
[2022-11-10T03:35:46.365+0000] {processor.py:156} INFO - Started process (PID=12705) to work on /home/airflow/.local/lib/python3.7/site-packages/airflow/example_dags/example_task_group_decorator.py
[2022-11-10T03:35:46.366+0000] {processor.py:758} INFO - Processing file /home/airflow/.local/lib/python3.7/site-packages/airflow/example_dags/example_task_group_decorator.py for tasks to queue
[2022-11-10T03:35:46.367+0000] {logging_mixin.py:117} INFO - [2022-11-10T03:35:46.367+0000] {dagbag.py:525} INFO - Filling up the DagBag from /home/airflow/.local/lib/python3.7/site-packages/airflow/example_dags/example_task_group_decorator.py
[2022-11-10T03:35:46.394+0000] {processor.py:768} INFO - DAG(s) dict_keys(['example_task_group_decorator']) retrieved from /home/airflow/.local/lib/python3.7/site-packages/airflow/example_dags/example_task_group_decorator.py
[2022-11-10T03:35:46.423+0000] {logging_mixin.py:117} INFO - [2022-11-10T03:35:46.423+0000] {dag.py:2573} INFO - Sync 1 DAGs
[2022-11-10T03:35:46.442+0000] {logging_mixin.py:117} INFO - [2022-11-10T03:35:46.442+0000] {dag.py:3328} INFO - Setting next_dagrun for example_task_group_decorator to 2022-11-09T03:35:46.442082+00:00, run_after=2022-11-10T03:35:46.442082+00:00
[2022-11-10T03:35:46.460+0000] {processor.py:178} INFO - Processing /home/airflow/.local/lib/python3.7/site-packages/airflow/example_dags/example_task_group_decorator.py took 0.098 seconds
[2022-11-10T04:59:23.072+0000] {processor.py:156} INFO - Started process (PID=12760) to work on /home/airflow/.local/lib/python3.7/site-packages/airflow/example_dags/example_task_group_decorator.py
[2022-11-10T04:59:23.074+0000] {processor.py:758} INFO - Processing file /home/airflow/.local/lib/python3.7/site-packages/airflow/example_dags/example_task_group_decorator.py for tasks to queue
[2022-11-10T04:59:23.077+0000] {logging_mixin.py:117} INFO - [2022-11-10T04:59:23.077+0000] {dagbag.py:525} INFO - Filling up the DagBag from /home/airflow/.local/lib/python3.7/site-packages/airflow/example_dags/example_task_group_decorator.py
[2022-11-10T04:59:23.100+0000] {processor.py:768} INFO - DAG(s) dict_keys(['example_task_group_decorator']) retrieved from /home/airflow/.local/lib/python3.7/site-packages/airflow/example_dags/example_task_group_decorator.py
[2022-11-10T04:59:23.148+0000] {logging_mixin.py:117} INFO - [2022-11-10T04:59:23.147+0000] {dag.py:2573} INFO - Sync 1 DAGs
[2022-11-10T04:59:23.166+0000] {logging_mixin.py:117} INFO - [2022-11-10T04:59:23.166+0000] {dag.py:3328} INFO - Setting next_dagrun for example_task_group_decorator to 2022-11-09T04:59:23.165896+00:00, run_after=2022-11-10T04:59:23.165896+00:00
[2022-11-10T04:59:23.192+0000] {processor.py:178} INFO - Processing /home/airflow/.local/lib/python3.7/site-packages/airflow/example_dags/example_task_group_decorator.py took 0.122 seconds
[2022-11-10T06:22:28.431+0000] {processor.py:156} INFO - Started process (PID=12824) to work on /home/airflow/.local/lib/python3.7/site-packages/airflow/example_dags/example_task_group_decorator.py
[2022-11-10T06:22:28.433+0000] {processor.py:758} INFO - Processing file /home/airflow/.local/lib/python3.7/site-packages/airflow/example_dags/example_task_group_decorator.py for tasks to queue
[2022-11-10T06:22:28.435+0000] {logging_mixin.py:117} INFO - [2022-11-10T06:22:28.435+0000] {dagbag.py:525} INFO - Filling up the DagBag from /home/airflow/.local/lib/python3.7/site-packages/airflow/example_dags/example_task_group_decorator.py
[2022-11-10T06:22:28.483+0000] {processor.py:768} INFO - DAG(s) dict_keys(['example_task_group_decorator']) retrieved from /home/airflow/.local/lib/python3.7/site-packages/airflow/example_dags/example_task_group_decorator.py
[2022-11-10T06:22:28.554+0000] {logging_mixin.py:117} INFO - [2022-11-10T06:22:28.554+0000] {dag.py:2573} INFO - Sync 1 DAGs
[2022-11-10T06:22:28.630+0000] {logging_mixin.py:117} INFO - [2022-11-10T06:22:28.630+0000] {dag.py:3328} INFO - Setting next_dagrun for example_task_group_decorator to 2022-11-09T06:22:28.629873+00:00, run_after=2022-11-10T06:22:28.629873+00:00
[2022-11-10T06:22:28.691+0000] {processor.py:178} INFO - Processing /home/airflow/.local/lib/python3.7/site-packages/airflow/example_dags/example_task_group_decorator.py took 0.263 seconds
[2022-11-10T08:00:49.368+0000] {processor.py:156} INFO - Started process (PID=12878) to work on /home/airflow/.local/lib/python3.7/site-packages/airflow/example_dags/example_task_group_decorator.py
[2022-11-10T08:00:49.374+0000] {processor.py:758} INFO - Processing file /home/airflow/.local/lib/python3.7/site-packages/airflow/example_dags/example_task_group_decorator.py for tasks to queue
[2022-11-10T08:00:49.377+0000] {logging_mixin.py:117} INFO - [2022-11-10T08:00:49.377+0000] {dagbag.py:525} INFO - Filling up the DagBag from /home/airflow/.local/lib/python3.7/site-packages/airflow/example_dags/example_task_group_decorator.py
[2022-11-10T08:00:49.581+0000] {processor.py:768} INFO - DAG(s) dict_keys(['example_task_group_decorator']) retrieved from /home/airflow/.local/lib/python3.7/site-packages/airflow/example_dags/example_task_group_decorator.py
[2022-11-10T08:00:49.897+0000] {logging_mixin.py:117} INFO - [2022-11-10T08:00:49.897+0000] {dag.py:2573} INFO - Sync 1 DAGs
[2022-11-10T08:00:49.949+0000] {logging_mixin.py:117} INFO - [2022-11-10T08:00:49.949+0000] {dag.py:3328} INFO - Setting next_dagrun for example_task_group_decorator to 2022-11-09T08:00:49.945242+00:00, run_after=2022-11-10T08:00:49.945242+00:00
[2022-11-10T08:00:50.033+0000] {processor.py:178} INFO - Processing /home/airflow/.local/lib/python3.7/site-packages/airflow/example_dags/example_task_group_decorator.py took 0.668 seconds
[2022-11-10T09:23:05.215+0000] {processor.py:156} INFO - Started process (PID=12940) to work on /home/airflow/.local/lib/python3.7/site-packages/airflow/example_dags/example_task_group_decorator.py
[2022-11-10T09:23:05.229+0000] {processor.py:758} INFO - Processing file /home/airflow/.local/lib/python3.7/site-packages/airflow/example_dags/example_task_group_decorator.py for tasks to queue
[2022-11-10T09:23:05.237+0000] {logging_mixin.py:117} INFO - [2022-11-10T09:23:05.236+0000] {dagbag.py:525} INFO - Filling up the DagBag from /home/airflow/.local/lib/python3.7/site-packages/airflow/example_dags/example_task_group_decorator.py
[2022-11-10T09:23:05.388+0000] {processor.py:768} INFO - DAG(s) dict_keys(['example_task_group_decorator']) retrieved from /home/airflow/.local/lib/python3.7/site-packages/airflow/example_dags/example_task_group_decorator.py
[2022-11-10T09:23:05.628+0000] {logging_mixin.py:117} INFO - [2022-11-10T09:23:05.628+0000] {dag.py:2573} INFO - Sync 1 DAGs
[2022-11-10T09:23:05.718+0000] {logging_mixin.py:117} INFO - [2022-11-10T09:23:05.718+0000] {dag.py:3328} INFO - Setting next_dagrun for example_task_group_decorator to 2022-11-09T09:23:05.717982+00:00, run_after=2022-11-10T09:23:05.717982+00:00
[2022-11-10T09:23:05.753+0000] {processor.py:178} INFO - Processing /home/airflow/.local/lib/python3.7/site-packages/airflow/example_dags/example_task_group_decorator.py took 0.551 seconds
[2022-11-10T10:48:43.827+0000] {processor.py:156} INFO - Started process (PID=12994) to work on /home/airflow/.local/lib/python3.7/site-packages/airflow/example_dags/example_task_group_decorator.py
[2022-11-10T10:48:43.847+0000] {processor.py:758} INFO - Processing file /home/airflow/.local/lib/python3.7/site-packages/airflow/example_dags/example_task_group_decorator.py for tasks to queue
[2022-11-10T10:48:43.860+0000] {logging_mixin.py:117} INFO - [2022-11-10T10:48:43.859+0000] {dagbag.py:525} INFO - Filling up the DagBag from /home/airflow/.local/lib/python3.7/site-packages/airflow/example_dags/example_task_group_decorator.py
[2022-11-10T10:48:44.817+0000] {processor.py:768} INFO - DAG(s) dict_keys(['example_task_group_decorator']) retrieved from /home/airflow/.local/lib/python3.7/site-packages/airflow/example_dags/example_task_group_decorator.py
[2022-11-10T10:48:45.344+0000] {logging_mixin.py:117} INFO - [2022-11-10T10:48:45.343+0000] {dag.py:2573} INFO - Sync 1 DAGs
[2022-11-10T10:48:45.486+0000] {logging_mixin.py:117} INFO - [2022-11-10T10:48:45.486+0000] {dag.py:3328} INFO - Setting next_dagrun for example_task_group_decorator to 2022-11-09T10:48:45.486242+00:00, run_after=2022-11-10T10:48:45.486242+00:00
[2022-11-10T10:48:45.578+0000] {processor.py:178} INFO - Processing /home/airflow/.local/lib/python3.7/site-packages/airflow/example_dags/example_task_group_decorator.py took 1.776 seconds
[2022-11-10T12:10:58.804+0000] {processor.py:156} INFO - Started process (PID=13050) to work on /home/airflow/.local/lib/python3.7/site-packages/airflow/example_dags/example_task_group_decorator.py
[2022-11-10T12:10:58.807+0000] {processor.py:758} INFO - Processing file /home/airflow/.local/lib/python3.7/site-packages/airflow/example_dags/example_task_group_decorator.py for tasks to queue
[2022-11-10T12:10:58.808+0000] {logging_mixin.py:117} INFO - [2022-11-10T12:10:58.808+0000] {dagbag.py:525} INFO - Filling up the DagBag from /home/airflow/.local/lib/python3.7/site-packages/airflow/example_dags/example_task_group_decorator.py
[2022-11-10T12:10:58.843+0000] {processor.py:768} INFO - DAG(s) dict_keys(['example_task_group_decorator']) retrieved from /home/airflow/.local/lib/python3.7/site-packages/airflow/example_dags/example_task_group_decorator.py
[2022-11-10T12:10:58.900+0000] {logging_mixin.py:117} INFO - [2022-11-10T12:10:58.899+0000] {dag.py:2573} INFO - Sync 1 DAGs
[2022-11-10T12:10:58.925+0000] {logging_mixin.py:117} INFO - [2022-11-10T12:10:58.924+0000] {dag.py:3328} INFO - Setting next_dagrun for example_task_group_decorator to 2022-11-09T12:10:58.924814+00:00, run_after=2022-11-10T12:10:58.924814+00:00
[2022-11-10T12:10:58.971+0000] {processor.py:178} INFO - Processing /home/airflow/.local/lib/python3.7/site-packages/airflow/example_dags/example_task_group_decorator.py took 0.170 seconds
[2022-11-10T13:33:26.169+0000] {processor.py:156} INFO - Started process (PID=13106) to work on /home/airflow/.local/lib/python3.7/site-packages/airflow/example_dags/example_task_group_decorator.py
[2022-11-10T13:33:26.176+0000] {processor.py:758} INFO - Processing file /home/airflow/.local/lib/python3.7/site-packages/airflow/example_dags/example_task_group_decorator.py for tasks to queue
[2022-11-10T13:33:26.189+0000] {logging_mixin.py:117} INFO - [2022-11-10T13:33:26.189+0000] {dagbag.py:525} INFO - Filling up the DagBag from /home/airflow/.local/lib/python3.7/site-packages/airflow/example_dags/example_task_group_decorator.py
[2022-11-10T13:33:26.346+0000] {processor.py:768} INFO - DAG(s) dict_keys(['example_task_group_decorator']) retrieved from /home/airflow/.local/lib/python3.7/site-packages/airflow/example_dags/example_task_group_decorator.py
[2022-11-10T13:33:26.647+0000] {logging_mixin.py:117} INFO - [2022-11-10T13:33:26.647+0000] {dag.py:2573} INFO - Sync 1 DAGs
[2022-11-10T13:33:26.830+0000] {logging_mixin.py:117} INFO - [2022-11-10T13:33:26.830+0000] {dag.py:3328} INFO - Setting next_dagrun for example_task_group_decorator to 2022-11-09T13:33:26.830277+00:00, run_after=2022-11-10T13:33:26.830277+00:00
[2022-11-10T13:33:26.917+0000] {processor.py:178} INFO - Processing /home/airflow/.local/lib/python3.7/site-packages/airflow/example_dags/example_task_group_decorator.py took 0.756 seconds
[2022-11-10T14:37:16.659+0000] {processor.py:156} INFO - Started process (PID=13160) to work on /home/airflow/.local/lib/python3.7/site-packages/airflow/example_dags/example_task_group_decorator.py
[2022-11-10T14:37:16.662+0000] {processor.py:758} INFO - Processing file /home/airflow/.local/lib/python3.7/site-packages/airflow/example_dags/example_task_group_decorator.py for tasks to queue
[2022-11-10T14:37:16.669+0000] {logging_mixin.py:117} INFO - [2022-11-10T14:37:16.668+0000] {dagbag.py:525} INFO - Filling up the DagBag from /home/airflow/.local/lib/python3.7/site-packages/airflow/example_dags/example_task_group_decorator.py
[2022-11-10T14:37:16.726+0000] {processor.py:768} INFO - DAG(s) dict_keys(['example_task_group_decorator']) retrieved from /home/airflow/.local/lib/python3.7/site-packages/airflow/example_dags/example_task_group_decorator.py
[2022-11-10T14:37:16.848+0000] {logging_mixin.py:117} INFO - [2022-11-10T14:37:16.848+0000] {dag.py:2573} INFO - Sync 1 DAGs
[2022-11-10T14:37:16.922+0000] {logging_mixin.py:117} INFO - [2022-11-10T14:37:16.922+0000] {dag.py:3328} INFO - Setting next_dagrun for example_task_group_decorator to 2022-11-09T14:37:16.922390+00:00, run_after=2022-11-10T14:37:16.922390+00:00
[2022-11-10T14:37:16.952+0000] {processor.py:178} INFO - Processing /home/airflow/.local/lib/python3.7/site-packages/airflow/example_dags/example_task_group_decorator.py took 0.296 seconds
[2022-11-10T14:45:42.078+0000] {processor.py:156} INFO - Started process (PID=13215) to work on /home/airflow/.local/lib/python3.7/site-packages/airflow/example_dags/example_task_group_decorator.py
[2022-11-10T14:45:42.109+0000] {processor.py:758} INFO - Processing file /home/airflow/.local/lib/python3.7/site-packages/airflow/example_dags/example_task_group_decorator.py for tasks to queue
[2022-11-10T14:45:42.115+0000] {logging_mixin.py:117} INFO - [2022-11-10T14:45:42.115+0000] {dagbag.py:525} INFO - Filling up the DagBag from /home/airflow/.local/lib/python3.7/site-packages/airflow/example_dags/example_task_group_decorator.py
[2022-11-10T14:45:42.241+0000] {processor.py:768} INFO - DAG(s) dict_keys(['example_task_group_decorator']) retrieved from /home/airflow/.local/lib/python3.7/site-packages/airflow/example_dags/example_task_group_decorator.py
[2022-11-10T14:45:42.626+0000] {logging_mixin.py:117} INFO - [2022-11-10T14:45:42.625+0000] {dag.py:2573} INFO - Sync 1 DAGs
[2022-11-10T14:45:42.668+0000] {logging_mixin.py:117} INFO - [2022-11-10T14:45:42.668+0000] {dag.py:3328} INFO - Setting next_dagrun for example_task_group_decorator to 2022-11-09T14:45:42.667354+00:00, run_after=2022-11-10T14:45:42.667354+00:00
[2022-11-10T14:45:42.731+0000] {processor.py:178} INFO - Processing /home/airflow/.local/lib/python3.7/site-packages/airflow/example_dags/example_task_group_decorator.py took 0.670 seconds
[2022-11-10T15:04:45.438+0000] {processor.py:156} INFO - Started process (PID=13279) to work on /home/airflow/.local/lib/python3.7/site-packages/airflow/example_dags/example_task_group_decorator.py
[2022-11-10T15:04:45.461+0000] {processor.py:758} INFO - Processing file /home/airflow/.local/lib/python3.7/site-packages/airflow/example_dags/example_task_group_decorator.py for tasks to queue
[2022-11-10T15:04:45.593+0000] {logging_mixin.py:117} INFO - [2022-11-10T15:04:45.523+0000] {dagbag.py:525} INFO - Filling up the DagBag from /home/airflow/.local/lib/python3.7/site-packages/airflow/example_dags/example_task_group_decorator.py
[2022-11-10T15:04:45.958+0000] {processor.py:768} INFO - DAG(s) dict_keys(['example_task_group_decorator']) retrieved from /home/airflow/.local/lib/python3.7/site-packages/airflow/example_dags/example_task_group_decorator.py
[2022-11-10T15:04:46.528+0000] {logging_mixin.py:117} INFO - [2022-11-10T15:04:46.524+0000] {dag.py:2573} INFO - Sync 1 DAGs
[2022-11-10T15:04:46.745+0000] {logging_mixin.py:117} INFO - [2022-11-10T15:04:46.745+0000] {dag.py:3328} INFO - Setting next_dagrun for example_task_group_decorator to 2022-11-09T15:04:46.744687+00:00, run_after=2022-11-10T15:04:46.744687+00:00
[2022-11-10T15:04:46.996+0000] {processor.py:178} INFO - Processing /home/airflow/.local/lib/python3.7/site-packages/airflow/example_dags/example_task_group_decorator.py took 1.629 seconds
[2022-11-10T16:10:38.035+0000] {processor.py:156} INFO - Started process (PID=13334) to work on /home/airflow/.local/lib/python3.7/site-packages/airflow/example_dags/example_task_group_decorator.py
[2022-11-10T16:10:38.041+0000] {processor.py:758} INFO - Processing file /home/airflow/.local/lib/python3.7/site-packages/airflow/example_dags/example_task_group_decorator.py for tasks to queue
[2022-11-10T16:10:38.043+0000] {logging_mixin.py:117} INFO - [2022-11-10T16:10:38.043+0000] {dagbag.py:525} INFO - Filling up the DagBag from /home/airflow/.local/lib/python3.7/site-packages/airflow/example_dags/example_task_group_decorator.py
[2022-11-10T16:10:38.251+0000] {processor.py:768} INFO - DAG(s) dict_keys(['example_task_group_decorator']) retrieved from /home/airflow/.local/lib/python3.7/site-packages/airflow/example_dags/example_task_group_decorator.py
[2022-11-10T16:10:38.753+0000] {logging_mixin.py:117} INFO - [2022-11-10T16:10:38.753+0000] {dag.py:2573} INFO - Sync 1 DAGs
[2022-11-10T16:10:38.834+0000] {logging_mixin.py:117} INFO - [2022-11-10T16:10:38.834+0000] {dag.py:3328} INFO - Setting next_dagrun for example_task_group_decorator to 2022-11-09T16:10:38.834361+00:00, run_after=2022-11-10T16:10:38.834361+00:00
[2022-11-10T16:10:38.896+0000] {processor.py:178} INFO - Processing /home/airflow/.local/lib/python3.7/site-packages/airflow/example_dags/example_task_group_decorator.py took 0.889 seconds
[2022-11-10T17:34:38.489+0000] {processor.py:156} INFO - Started process (PID=13388) to work on /home/airflow/.local/lib/python3.7/site-packages/airflow/example_dags/example_task_group_decorator.py
[2022-11-10T17:34:38.491+0000] {processor.py:758} INFO - Processing file /home/airflow/.local/lib/python3.7/site-packages/airflow/example_dags/example_task_group_decorator.py for tasks to queue
[2022-11-10T17:34:38.494+0000] {logging_mixin.py:117} INFO - [2022-11-10T17:34:38.494+0000] {dagbag.py:525} INFO - Filling up the DagBag from /home/airflow/.local/lib/python3.7/site-packages/airflow/example_dags/example_task_group_decorator.py
[2022-11-10T17:34:38.577+0000] {processor.py:768} INFO - DAG(s) dict_keys(['example_task_group_decorator']) retrieved from /home/airflow/.local/lib/python3.7/site-packages/airflow/example_dags/example_task_group_decorator.py
[2022-11-10T17:34:38.910+0000] {logging_mixin.py:117} INFO - [2022-11-10T17:34:38.909+0000] {dag.py:2573} INFO - Sync 1 DAGs
[2022-11-10T17:34:38.972+0000] {logging_mixin.py:117} INFO - [2022-11-10T17:34:38.971+0000] {dag.py:3328} INFO - Setting next_dagrun for example_task_group_decorator to 2022-11-09T17:34:38.971626+00:00, run_after=2022-11-10T17:34:38.971626+00:00
[2022-11-10T17:34:39.141+0000] {processor.py:178} INFO - Processing /home/airflow/.local/lib/python3.7/site-packages/airflow/example_dags/example_task_group_decorator.py took 0.659 seconds
[2022-11-10T18:57:12.021+0000] {processor.py:156} INFO - Started process (PID=13452) to work on /home/airflow/.local/lib/python3.7/site-packages/airflow/example_dags/example_task_group_decorator.py
[2022-11-10T18:57:12.034+0000] {processor.py:758} INFO - Processing file /home/airflow/.local/lib/python3.7/site-packages/airflow/example_dags/example_task_group_decorator.py for tasks to queue
[2022-11-10T18:57:12.051+0000] {logging_mixin.py:117} INFO - [2022-11-10T18:57:12.051+0000] {dagbag.py:525} INFO - Filling up the DagBag from /home/airflow/.local/lib/python3.7/site-packages/airflow/example_dags/example_task_group_decorator.py
[2022-11-10T18:57:12.326+0000] {processor.py:768} INFO - DAG(s) dict_keys(['example_task_group_decorator']) retrieved from /home/airflow/.local/lib/python3.7/site-packages/airflow/example_dags/example_task_group_decorator.py
[2022-11-10T18:57:13.026+0000] {logging_mixin.py:117} INFO - [2022-11-10T18:57:13.026+0000] {dag.py:2573} INFO - Sync 1 DAGs
[2022-11-10T18:57:13.220+0000] {logging_mixin.py:117} INFO - [2022-11-10T18:57:13.220+0000] {dag.py:3328} INFO - Setting next_dagrun for example_task_group_decorator to 2022-11-09T18:57:13.219172+00:00, run_after=2022-11-10T18:57:13.219172+00:00
[2022-11-10T18:57:13.382+0000] {processor.py:178} INFO - Processing /home/airflow/.local/lib/python3.7/site-packages/airflow/example_dags/example_task_group_decorator.py took 1.399 seconds
[2022-11-10T19:05:31.321+0000] {processor.py:156} INFO - Started process (PID=13508) to work on /home/airflow/.local/lib/python3.7/site-packages/airflow/example_dags/example_task_group_decorator.py
[2022-11-10T19:05:31.327+0000] {processor.py:758} INFO - Processing file /home/airflow/.local/lib/python3.7/site-packages/airflow/example_dags/example_task_group_decorator.py for tasks to queue
[2022-11-10T19:05:31.331+0000] {logging_mixin.py:117} INFO - [2022-11-10T19:05:31.331+0000] {dagbag.py:525} INFO - Filling up the DagBag from /home/airflow/.local/lib/python3.7/site-packages/airflow/example_dags/example_task_group_decorator.py
[2022-11-10T19:05:31.405+0000] {processor.py:768} INFO - DAG(s) dict_keys(['example_task_group_decorator']) retrieved from /home/airflow/.local/lib/python3.7/site-packages/airflow/example_dags/example_task_group_decorator.py
[2022-11-10T19:05:31.503+0000] {logging_mixin.py:117} INFO - [2022-11-10T19:05:31.502+0000] {dag.py:2573} INFO - Sync 1 DAGs
[2022-11-10T19:05:31.574+0000] {logging_mixin.py:117} INFO - [2022-11-10T19:05:31.574+0000] {dag.py:3328} INFO - Setting next_dagrun for example_task_group_decorator to 2022-11-09T19:05:31.573379+00:00, run_after=2022-11-10T19:05:31.573379+00:00
[2022-11-10T19:05:31.626+0000] {processor.py:178} INFO - Processing /home/airflow/.local/lib/python3.7/site-packages/airflow/example_dags/example_task_group_decorator.py took 0.314 seconds
[2022-11-10T20:13:40.571+0000] {processor.py:156} INFO - Started process (PID=13572) to work on /home/airflow/.local/lib/python3.7/site-packages/airflow/example_dags/example_task_group_decorator.py
[2022-11-10T20:13:40.573+0000] {processor.py:758} INFO - Processing file /home/airflow/.local/lib/python3.7/site-packages/airflow/example_dags/example_task_group_decorator.py for tasks to queue
[2022-11-10T20:13:40.638+0000] {logging_mixin.py:117} INFO - [2022-11-10T20:13:40.638+0000] {dagbag.py:525} INFO - Filling up the DagBag from /home/airflow/.local/lib/python3.7/site-packages/airflow/example_dags/example_task_group_decorator.py
[2022-11-10T20:13:40.849+0000] {processor.py:768} INFO - DAG(s) dict_keys(['example_task_group_decorator']) retrieved from /home/airflow/.local/lib/python3.7/site-packages/airflow/example_dags/example_task_group_decorator.py
[2022-11-10T20:13:41.020+0000] {logging_mixin.py:117} INFO - [2022-11-10T20:13:41.020+0000] {dag.py:2573} INFO - Sync 1 DAGs
[2022-11-10T20:13:41.055+0000] {logging_mixin.py:117} INFO - [2022-11-10T20:13:41.055+0000] {dag.py:3328} INFO - Setting next_dagrun for example_task_group_decorator to 2022-11-09T20:13:41.053896+00:00, run_after=2022-11-10T20:13:41.053896+00:00
[2022-11-10T20:13:41.118+0000] {processor.py:178} INFO - Processing /home/airflow/.local/lib/python3.7/site-packages/airflow/example_dags/example_task_group_decorator.py took 0.549 seconds
[2022-11-10T21:37:12.431+0000] {processor.py:156} INFO - Started process (PID=13626) to work on /home/airflow/.local/lib/python3.7/site-packages/airflow/example_dags/example_task_group_decorator.py
[2022-11-10T21:37:12.438+0000] {processor.py:758} INFO - Processing file /home/airflow/.local/lib/python3.7/site-packages/airflow/example_dags/example_task_group_decorator.py for tasks to queue
[2022-11-10T21:37:12.440+0000] {logging_mixin.py:117} INFO - [2022-11-10T21:37:12.440+0000] {dagbag.py:525} INFO - Filling up the DagBag from /home/airflow/.local/lib/python3.7/site-packages/airflow/example_dags/example_task_group_decorator.py
[2022-11-10T21:37:12.532+0000] {processor.py:768} INFO - DAG(s) dict_keys(['example_task_group_decorator']) retrieved from /home/airflow/.local/lib/python3.7/site-packages/airflow/example_dags/example_task_group_decorator.py
[2022-11-10T21:37:12.699+0000] {logging_mixin.py:117} INFO - [2022-11-10T21:37:12.699+0000] {dag.py:2573} INFO - Sync 1 DAGs
[2022-11-10T21:37:12.784+0000] {logging_mixin.py:117} INFO - [2022-11-10T21:37:12.784+0000] {dag.py:3328} INFO - Setting next_dagrun for example_task_group_decorator to 2022-11-09T21:37:12.781142+00:00, run_after=2022-11-10T21:37:12.781142+00:00
[2022-11-10T21:37:12.836+0000] {processor.py:178} INFO - Processing /home/airflow/.local/lib/python3.7/site-packages/airflow/example_dags/example_task_group_decorator.py took 0.417 seconds
[2022-11-10T23:18:16.658+0000] {processor.py:156} INFO - Started process (PID=13691) to work on /home/airflow/.local/lib/python3.7/site-packages/airflow/example_dags/example_task_group_decorator.py
[2022-11-10T23:18:16.675+0000] {processor.py:758} INFO - Processing file /home/airflow/.local/lib/python3.7/site-packages/airflow/example_dags/example_task_group_decorator.py for tasks to queue
[2022-11-10T23:18:16.711+0000] {logging_mixin.py:117} INFO - [2022-11-10T23:18:16.710+0000] {dagbag.py:525} INFO - Filling up the DagBag from /home/airflow/.local/lib/python3.7/site-packages/airflow/example_dags/example_task_group_decorator.py
[2022-11-10T23:18:16.865+0000] {processor.py:768} INFO - DAG(s) dict_keys(['example_task_group_decorator']) retrieved from /home/airflow/.local/lib/python3.7/site-packages/airflow/example_dags/example_task_group_decorator.py
[2022-11-10T23:18:16.980+0000] {logging_mixin.py:117} INFO - [2022-11-10T23:18:16.980+0000] {dag.py:2573} INFO - Sync 1 DAGs
[2022-11-10T23:18:17.070+0000] {logging_mixin.py:117} INFO - [2022-11-10T23:18:17.069+0000] {dag.py:3328} INFO - Setting next_dagrun for example_task_group_decorator to 2022-11-09T23:18:17.067776+00:00, run_after=2022-11-10T23:18:17.067776+00:00
[2022-11-10T23:18:17.159+0000] {processor.py:178} INFO - Processing /home/airflow/.local/lib/python3.7/site-packages/airflow/example_dags/example_task_group_decorator.py took 0.526 seconds
