[2022-11-10T00:02:13.329+0000] {processor.py:156} INFO - Started process (PID=12532) to work on /home/airflow/.local/lib/python3.7/site-packages/airflow/example_dags/example_xcom.py
[2022-11-10T00:02:13.334+0000] {processor.py:758} INFO - Processing file /home/airflow/.local/lib/python3.7/site-packages/airflow/example_dags/example_xcom.py for tasks to queue
[2022-11-10T00:02:13.342+0000] {logging_mixin.py:117} INFO - [2022-11-10T00:02:13.342+0000] {dagbag.py:525} INFO - Filling up the DagBag from /home/airflow/.local/lib/python3.7/site-packages/airflow/example_dags/example_xcom.py
[2022-11-10T00:02:13.395+0000] {processor.py:768} INFO - DAG(s) dict_keys(['example_xcom']) retrieved from /home/airflow/.local/lib/python3.7/site-packages/airflow/example_dags/example_xcom.py
[2022-11-10T00:02:13.699+0000] {logging_mixin.py:117} INFO - [2022-11-10T00:02:13.698+0000] {dag.py:2573} INFO - Sync 1 DAGs
[2022-11-10T00:02:13.779+0000] {logging_mixin.py:117} INFO - [2022-11-10T00:02:13.778+0000] {dag.py:3328} INFO - Setting next_dagrun for example_xcom to 2021-01-01T00:00:00+00:00, run_after=2021-01-01T00:00:00+00:00
[2022-11-10T00:02:13.825+0000] {processor.py:178} INFO - Processing /home/airflow/.local/lib/python3.7/site-packages/airflow/example_dags/example_xcom.py took 0.502 seconds
[2022-11-10T01:24:33.418+0000] {processor.py:156} INFO - Started process (PID=12596) to work on /home/airflow/.local/lib/python3.7/site-packages/airflow/example_dags/example_xcom.py
[2022-11-10T01:24:33.445+0000] {processor.py:758} INFO - Processing file /home/airflow/.local/lib/python3.7/site-packages/airflow/example_dags/example_xcom.py for tasks to queue
[2022-11-10T01:24:33.447+0000] {logging_mixin.py:117} INFO - [2022-11-10T01:24:33.447+0000] {dagbag.py:525} INFO - Filling up the DagBag from /home/airflow/.local/lib/python3.7/site-packages/airflow/example_dags/example_xcom.py
[2022-11-10T01:24:33.462+0000] {processor.py:768} INFO - DAG(s) dict_keys(['example_xcom']) retrieved from /home/airflow/.local/lib/python3.7/site-packages/airflow/example_dags/example_xcom.py
[2022-11-10T01:24:33.495+0000] {logging_mixin.py:117} INFO - [2022-11-10T01:24:33.495+0000] {dag.py:2573} INFO - Sync 1 DAGs
[2022-11-10T01:24:33.512+0000] {logging_mixin.py:117} INFO - [2022-11-10T01:24:33.512+0000] {dag.py:3328} INFO - Setting next_dagrun for example_xcom to 2021-01-01T00:00:00+00:00, run_after=2021-01-01T00:00:00+00:00
[2022-11-10T01:24:33.524+0000] {processor.py:178} INFO - Processing /home/airflow/.local/lib/python3.7/site-packages/airflow/example_dags/example_xcom.py took 0.111 seconds
[2022-11-10T02:29:07.085+0000] {processor.py:156} INFO - Started process (PID=12657) to work on /home/airflow/.local/lib/python3.7/site-packages/airflow/example_dags/example_xcom.py
[2022-11-10T02:29:07.095+0000] {processor.py:758} INFO - Processing file /home/airflow/.local/lib/python3.7/site-packages/airflow/example_dags/example_xcom.py for tasks to queue
[2022-11-10T02:29:07.097+0000] {logging_mixin.py:117} INFO - [2022-11-10T02:29:07.096+0000] {dagbag.py:525} INFO - Filling up the DagBag from /home/airflow/.local/lib/python3.7/site-packages/airflow/example_dags/example_xcom.py
[2022-11-10T02:29:07.145+0000] {processor.py:768} INFO - DAG(s) dict_keys(['example_xcom']) retrieved from /home/airflow/.local/lib/python3.7/site-packages/airflow/example_dags/example_xcom.py
[2022-11-10T02:29:07.233+0000] {logging_mixin.py:117} INFO - [2022-11-10T02:29:07.233+0000] {dag.py:2573} INFO - Sync 1 DAGs
[2022-11-10T02:29:07.281+0000] {logging_mixin.py:117} INFO - [2022-11-10T02:29:07.281+0000] {dag.py:3328} INFO - Setting next_dagrun for example_xcom to 2021-01-01T00:00:00+00:00, run_after=2021-01-01T00:00:00+00:00
[2022-11-10T02:29:07.335+0000] {processor.py:178} INFO - Processing /home/airflow/.local/lib/python3.7/site-packages/airflow/example_dags/example_xcom.py took 0.272 seconds
[2022-11-10T03:35:47.193+0000] {processor.py:156} INFO - Started process (PID=12714) to work on /home/airflow/.local/lib/python3.7/site-packages/airflow/example_dags/example_xcom.py
[2022-11-10T03:35:47.195+0000] {processor.py:758} INFO - Processing file /home/airflow/.local/lib/python3.7/site-packages/airflow/example_dags/example_xcom.py for tasks to queue
[2022-11-10T03:35:47.198+0000] {logging_mixin.py:117} INFO - [2022-11-10T03:35:47.197+0000] {dagbag.py:525} INFO - Filling up the DagBag from /home/airflow/.local/lib/python3.7/site-packages/airflow/example_dags/example_xcom.py
[2022-11-10T03:35:47.217+0000] {processor.py:768} INFO - DAG(s) dict_keys(['example_xcom']) retrieved from /home/airflow/.local/lib/python3.7/site-packages/airflow/example_dags/example_xcom.py
[2022-11-10T03:35:47.247+0000] {logging_mixin.py:117} INFO - [2022-11-10T03:35:47.247+0000] {dag.py:2573} INFO - Sync 1 DAGs
[2022-11-10T03:35:47.263+0000] {logging_mixin.py:117} INFO - [2022-11-10T03:35:47.263+0000] {dag.py:3328} INFO - Setting next_dagrun for example_xcom to 2021-01-01T00:00:00+00:00, run_after=2021-01-01T00:00:00+00:00
[2022-11-10T03:35:47.280+0000] {processor.py:178} INFO - Processing /home/airflow/.local/lib/python3.7/site-packages/airflow/example_dags/example_xcom.py took 0.089 seconds
[2022-11-10T04:59:28.228+0000] {processor.py:156} INFO - Started process (PID=12778) to work on /home/airflow/.local/lib/python3.7/site-packages/airflow/example_dags/example_xcom.py
[2022-11-10T04:59:28.233+0000] {processor.py:758} INFO - Processing file /home/airflow/.local/lib/python3.7/site-packages/airflow/example_dags/example_xcom.py for tasks to queue
[2022-11-10T04:59:28.238+0000] {logging_mixin.py:117} INFO - [2022-11-10T04:59:28.238+0000] {dagbag.py:525} INFO - Filling up the DagBag from /home/airflow/.local/lib/python3.7/site-packages/airflow/example_dags/example_xcom.py
[2022-11-10T04:59:28.317+0000] {processor.py:768} INFO - DAG(s) dict_keys(['example_xcom']) retrieved from /home/airflow/.local/lib/python3.7/site-packages/airflow/example_dags/example_xcom.py
[2022-11-10T04:59:28.459+0000] {logging_mixin.py:117} INFO - [2022-11-10T04:59:28.459+0000] {dag.py:2573} INFO - Sync 1 DAGs
[2022-11-10T04:59:28.512+0000] {logging_mixin.py:117} INFO - [2022-11-10T04:59:28.511+0000] {dag.py:3328} INFO - Setting next_dagrun for example_xcom to 2021-01-01T00:00:00+00:00, run_after=2021-01-01T00:00:00+00:00
[2022-11-10T04:59:28.611+0000] {processor.py:178} INFO - Processing /home/airflow/.local/lib/python3.7/site-packages/airflow/example_dags/example_xcom.py took 0.393 seconds
[2022-11-10T06:22:32.712+0000] {processor.py:156} INFO - Started process (PID=12833) to work on /home/airflow/.local/lib/python3.7/site-packages/airflow/example_dags/example_xcom.py
[2022-11-10T06:22:32.727+0000] {processor.py:758} INFO - Processing file /home/airflow/.local/lib/python3.7/site-packages/airflow/example_dags/example_xcom.py for tasks to queue
[2022-11-10T06:22:32.736+0000] {logging_mixin.py:117} INFO - [2022-11-10T06:22:32.736+0000] {dagbag.py:525} INFO - Filling up the DagBag from /home/airflow/.local/lib/python3.7/site-packages/airflow/example_dags/example_xcom.py
[2022-11-10T06:22:32.942+0000] {processor.py:768} INFO - DAG(s) dict_keys(['example_xcom']) retrieved from /home/airflow/.local/lib/python3.7/site-packages/airflow/example_dags/example_xcom.py
[2022-11-10T06:22:33.248+0000] {logging_mixin.py:117} INFO - [2022-11-10T06:22:33.248+0000] {dag.py:2573} INFO - Sync 1 DAGs
[2022-11-10T06:22:33.299+0000] {logging_mixin.py:117} INFO - [2022-11-10T06:22:33.299+0000] {dag.py:3328} INFO - Setting next_dagrun for example_xcom to 2021-01-01T00:00:00+00:00, run_after=2021-01-01T00:00:00+00:00
[2022-11-10T06:22:33.336+0000] {processor.py:178} INFO - Processing /home/airflow/.local/lib/python3.7/site-packages/airflow/example_dags/example_xcom.py took 0.727 seconds
[2022-11-10T08:00:55.946+0000] {processor.py:156} INFO - Started process (PID=12896) to work on /home/airflow/.local/lib/python3.7/site-packages/airflow/example_dags/example_xcom.py
[2022-11-10T08:00:55.953+0000] {processor.py:758} INFO - Processing file /home/airflow/.local/lib/python3.7/site-packages/airflow/example_dags/example_xcom.py for tasks to queue
[2022-11-10T08:00:55.956+0000] {logging_mixin.py:117} INFO - [2022-11-10T08:00:55.956+0000] {dagbag.py:525} INFO - Filling up the DagBag from /home/airflow/.local/lib/python3.7/site-packages/airflow/example_dags/example_xcom.py
[2022-11-10T08:00:56.011+0000] {processor.py:768} INFO - DAG(s) dict_keys(['example_xcom']) retrieved from /home/airflow/.local/lib/python3.7/site-packages/airflow/example_dags/example_xcom.py
[2022-11-10T08:00:56.108+0000] {logging_mixin.py:117} INFO - [2022-11-10T08:00:56.108+0000] {dag.py:2573} INFO - Sync 1 DAGs
[2022-11-10T08:00:56.164+0000] {logging_mixin.py:117} INFO - [2022-11-10T08:00:56.163+0000] {dag.py:3328} INFO - Setting next_dagrun for example_xcom to 2021-01-01T00:00:00+00:00, run_after=2021-01-01T00:00:00+00:00
[2022-11-10T08:00:56.203+0000] {processor.py:178} INFO - Processing /home/airflow/.local/lib/python3.7/site-packages/airflow/example_dags/example_xcom.py took 0.260 seconds
[2022-11-10T09:23:07.827+0000] {processor.py:156} INFO - Started process (PID=12949) to work on /home/airflow/.local/lib/python3.7/site-packages/airflow/example_dags/example_xcom.py
[2022-11-10T09:23:07.834+0000] {processor.py:758} INFO - Processing file /home/airflow/.local/lib/python3.7/site-packages/airflow/example_dags/example_xcom.py for tasks to queue
[2022-11-10T09:23:07.841+0000] {logging_mixin.py:117} INFO - [2022-11-10T09:23:07.841+0000] {dagbag.py:525} INFO - Filling up the DagBag from /home/airflow/.local/lib/python3.7/site-packages/airflow/example_dags/example_xcom.py
[2022-11-10T09:23:07.942+0000] {processor.py:768} INFO - DAG(s) dict_keys(['example_xcom']) retrieved from /home/airflow/.local/lib/python3.7/site-packages/airflow/example_dags/example_xcom.py
[2022-11-10T09:23:08.119+0000] {logging_mixin.py:117} INFO - [2022-11-10T09:23:08.119+0000] {dag.py:2573} INFO - Sync 1 DAGs
[2022-11-10T09:23:08.256+0000] {logging_mixin.py:117} INFO - [2022-11-10T09:23:08.256+0000] {dag.py:3328} INFO - Setting next_dagrun for example_xcom to 2021-01-01T00:00:00+00:00, run_after=2021-01-01T00:00:00+00:00
[2022-11-10T09:23:08.346+0000] {processor.py:178} INFO - Processing /home/airflow/.local/lib/python3.7/site-packages/airflow/example_dags/example_xcom.py took 0.523 seconds
[2022-11-10T10:48:47.198+0000] {processor.py:156} INFO - Started process (PID=13003) to work on /home/airflow/.local/lib/python3.7/site-packages/airflow/example_dags/example_xcom.py
[2022-11-10T10:48:47.207+0000] {processor.py:758} INFO - Processing file /home/airflow/.local/lib/python3.7/site-packages/airflow/example_dags/example_xcom.py for tasks to queue
[2022-11-10T10:48:47.217+0000] {logging_mixin.py:117} INFO - [2022-11-10T10:48:47.217+0000] {dagbag.py:525} INFO - Filling up the DagBag from /home/airflow/.local/lib/python3.7/site-packages/airflow/example_dags/example_xcom.py
[2022-11-10T10:48:47.250+0000] {processor.py:768} INFO - DAG(s) dict_keys(['example_xcom']) retrieved from /home/airflow/.local/lib/python3.7/site-packages/airflow/example_dags/example_xcom.py
[2022-11-10T10:48:47.368+0000] {logging_mixin.py:117} INFO - [2022-11-10T10:48:47.368+0000] {dag.py:2573} INFO - Sync 1 DAGs
[2022-11-10T10:48:47.415+0000] {logging_mixin.py:117} INFO - [2022-11-10T10:48:47.414+0000] {dag.py:3328} INFO - Setting next_dagrun for example_xcom to 2021-01-01T00:00:00+00:00, run_after=2021-01-01T00:00:00+00:00
[2022-11-10T10:48:47.455+0000] {processor.py:178} INFO - Processing /home/airflow/.local/lib/python3.7/site-packages/airflow/example_dags/example_xcom.py took 0.260 seconds
[2022-11-10T12:11:03.542+0000] {processor.py:156} INFO - Started process (PID=13059) to work on /home/airflow/.local/lib/python3.7/site-packages/airflow/example_dags/example_xcom.py
[2022-11-10T12:11:03.557+0000] {processor.py:758} INFO - Processing file /home/airflow/.local/lib/python3.7/site-packages/airflow/example_dags/example_xcom.py for tasks to queue
[2022-11-10T12:11:03.588+0000] {logging_mixin.py:117} INFO - [2022-11-10T12:11:03.588+0000] {dagbag.py:525} INFO - Filling up the DagBag from /home/airflow/.local/lib/python3.7/site-packages/airflow/example_dags/example_xcom.py
[2022-11-10T12:11:03.832+0000] {processor.py:768} INFO - DAG(s) dict_keys(['example_xcom']) retrieved from /home/airflow/.local/lib/python3.7/site-packages/airflow/example_dags/example_xcom.py
[2022-11-10T12:11:04.389+0000] {logging_mixin.py:117} INFO - [2022-11-10T12:11:04.388+0000] {dag.py:2573} INFO - Sync 1 DAGs
[2022-11-10T12:11:04.529+0000] {logging_mixin.py:117} INFO - [2022-11-10T12:11:04.529+0000] {dag.py:3328} INFO - Setting next_dagrun for example_xcom to 2021-01-01T00:00:00+00:00, run_after=2021-01-01T00:00:00+00:00
[2022-11-10T12:11:05.277+0000] {processor.py:178} INFO - Processing /home/airflow/.local/lib/python3.7/site-packages/airflow/example_dags/example_xcom.py took 1.793 seconds
[2022-11-10T13:33:29.452+0000] {processor.py:156} INFO - Started process (PID=13115) to work on /home/airflow/.local/lib/python3.7/site-packages/airflow/example_dags/example_xcom.py
[2022-11-10T13:33:29.464+0000] {processor.py:758} INFO - Processing file /home/airflow/.local/lib/python3.7/site-packages/airflow/example_dags/example_xcom.py for tasks to queue
[2022-11-10T13:33:29.466+0000] {logging_mixin.py:117} INFO - [2022-11-10T13:33:29.466+0000] {dagbag.py:525} INFO - Filling up the DagBag from /home/airflow/.local/lib/python3.7/site-packages/airflow/example_dags/example_xcom.py
[2022-11-10T13:33:29.554+0000] {processor.py:768} INFO - DAG(s) dict_keys(['example_xcom']) retrieved from /home/airflow/.local/lib/python3.7/site-packages/airflow/example_dags/example_xcom.py
[2022-11-10T13:33:29.609+0000] {logging_mixin.py:117} INFO - [2022-11-10T13:33:29.609+0000] {dag.py:2573} INFO - Sync 1 DAGs
[2022-11-10T13:33:29.688+0000] {logging_mixin.py:117} INFO - [2022-11-10T13:33:29.687+0000] {dag.py:3328} INFO - Setting next_dagrun for example_xcom to 2021-01-01T00:00:00+00:00, run_after=2021-01-01T00:00:00+00:00
[2022-11-10T13:33:29.708+0000] {processor.py:178} INFO - Processing /home/airflow/.local/lib/python3.7/site-packages/airflow/example_dags/example_xcom.py took 0.260 seconds
[2022-11-10T14:37:23.484+0000] {processor.py:156} INFO - Started process (PID=13169) to work on /home/airflow/.local/lib/python3.7/site-packages/airflow/example_dags/example_xcom.py
[2022-11-10T14:37:23.505+0000] {processor.py:758} INFO - Processing file /home/airflow/.local/lib/python3.7/site-packages/airflow/example_dags/example_xcom.py for tasks to queue
[2022-11-10T14:37:23.509+0000] {logging_mixin.py:117} INFO - [2022-11-10T14:37:23.509+0000] {dagbag.py:525} INFO - Filling up the DagBag from /home/airflow/.local/lib/python3.7/site-packages/airflow/example_dags/example_xcom.py
[2022-11-10T14:37:23.707+0000] {processor.py:768} INFO - DAG(s) dict_keys(['example_xcom']) retrieved from /home/airflow/.local/lib/python3.7/site-packages/airflow/example_dags/example_xcom.py
[2022-11-10T14:37:23.829+0000] {logging_mixin.py:117} INFO - [2022-11-10T14:37:23.829+0000] {dag.py:2573} INFO - Sync 1 DAGs
[2022-11-10T14:37:23.852+0000] {logging_mixin.py:117} INFO - [2022-11-10T14:37:23.851+0000] {dag.py:3328} INFO - Setting next_dagrun for example_xcom to 2021-01-01T00:00:00+00:00, run_after=2021-01-01T00:00:00+00:00
[2022-11-10T14:37:23.867+0000] {processor.py:178} INFO - Processing /home/airflow/.local/lib/python3.7/site-packages/airflow/example_dags/example_xcom.py took 0.393 seconds
[2022-11-10T14:45:46.292+0000] {processor.py:156} INFO - Started process (PID=13233) to work on /home/airflow/.local/lib/python3.7/site-packages/airflow/example_dags/example_xcom.py
[2022-11-10T14:45:46.294+0000] {processor.py:758} INFO - Processing file /home/airflow/.local/lib/python3.7/site-packages/airflow/example_dags/example_xcom.py for tasks to queue
[2022-11-10T14:45:46.296+0000] {logging_mixin.py:117} INFO - [2022-11-10T14:45:46.296+0000] {dagbag.py:525} INFO - Filling up the DagBag from /home/airflow/.local/lib/python3.7/site-packages/airflow/example_dags/example_xcom.py
[2022-11-10T14:45:46.391+0000] {processor.py:768} INFO - DAG(s) dict_keys(['example_xcom']) retrieved from /home/airflow/.local/lib/python3.7/site-packages/airflow/example_dags/example_xcom.py
[2022-11-10T14:45:46.441+0000] {logging_mixin.py:117} INFO - [2022-11-10T14:45:46.441+0000] {dag.py:2573} INFO - Sync 1 DAGs
[2022-11-10T14:45:46.500+0000] {logging_mixin.py:117} INFO - [2022-11-10T14:45:46.500+0000] {dag.py:3328} INFO - Setting next_dagrun for example_xcom to 2021-01-01T00:00:00+00:00, run_after=2021-01-01T00:00:00+00:00
[2022-11-10T14:45:46.529+0000] {processor.py:178} INFO - Processing /home/airflow/.local/lib/python3.7/site-packages/airflow/example_dags/example_xcom.py took 0.239 seconds
[2022-11-10T15:04:55.755+0000] {processor.py:156} INFO - Started process (PID=13297) to work on /home/airflow/.local/lib/python3.7/site-packages/airflow/example_dags/example_xcom.py
[2022-11-10T15:04:55.760+0000] {processor.py:758} INFO - Processing file /home/airflow/.local/lib/python3.7/site-packages/airflow/example_dags/example_xcom.py for tasks to queue
[2022-11-10T15:04:55.763+0000] {logging_mixin.py:117} INFO - [2022-11-10T15:04:55.763+0000] {dagbag.py:525} INFO - Filling up the DagBag from /home/airflow/.local/lib/python3.7/site-packages/airflow/example_dags/example_xcom.py
[2022-11-10T15:04:55.893+0000] {processor.py:768} INFO - DAG(s) dict_keys(['example_xcom']) retrieved from /home/airflow/.local/lib/python3.7/site-packages/airflow/example_dags/example_xcom.py
[2022-11-10T15:04:56.048+0000] {logging_mixin.py:117} INFO - [2022-11-10T15:04:56.048+0000] {dag.py:2573} INFO - Sync 1 DAGs
[2022-11-10T15:04:56.157+0000] {logging_mixin.py:117} INFO - [2022-11-10T15:04:56.157+0000] {dag.py:3328} INFO - Setting next_dagrun for example_xcom to 2021-01-01T00:00:00+00:00, run_after=2021-01-01T00:00:00+00:00
[2022-11-10T15:04:56.220+0000] {processor.py:178} INFO - Processing /home/airflow/.local/lib/python3.7/site-packages/airflow/example_dags/example_xcom.py took 0.471 seconds
[2022-11-10T16:10:40.048+0000] {processor.py:156} INFO - Started process (PID=13343) to work on /home/airflow/.local/lib/python3.7/site-packages/airflow/example_dags/example_xcom.py
[2022-11-10T16:10:40.051+0000] {processor.py:758} INFO - Processing file /home/airflow/.local/lib/python3.7/site-packages/airflow/example_dags/example_xcom.py for tasks to queue
[2022-11-10T16:10:40.054+0000] {logging_mixin.py:117} INFO - [2022-11-10T16:10:40.054+0000] {dagbag.py:525} INFO - Filling up the DagBag from /home/airflow/.local/lib/python3.7/site-packages/airflow/example_dags/example_xcom.py
[2022-11-10T16:10:40.082+0000] {processor.py:768} INFO - DAG(s) dict_keys(['example_xcom']) retrieved from /home/airflow/.local/lib/python3.7/site-packages/airflow/example_dags/example_xcom.py
[2022-11-10T16:10:40.182+0000] {logging_mixin.py:117} INFO - [2022-11-10T16:10:40.181+0000] {dag.py:2573} INFO - Sync 1 DAGs
[2022-11-10T16:10:40.228+0000] {logging_mixin.py:117} INFO - [2022-11-10T16:10:40.228+0000] {dag.py:3328} INFO - Setting next_dagrun for example_xcom to 2021-01-01T00:00:00+00:00, run_after=2021-01-01T00:00:00+00:00
[2022-11-10T16:10:40.267+0000] {processor.py:178} INFO - Processing /home/airflow/.local/lib/python3.7/site-packages/airflow/example_dags/example_xcom.py took 0.227 seconds
[2022-11-10T17:34:41.691+0000] {processor.py:156} INFO - Started process (PID=13397) to work on /home/airflow/.local/lib/python3.7/site-packages/airflow/example_dags/example_xcom.py
[2022-11-10T17:34:41.741+0000] {processor.py:758} INFO - Processing file /home/airflow/.local/lib/python3.7/site-packages/airflow/example_dags/example_xcom.py for tasks to queue
[2022-11-10T17:34:41.757+0000] {logging_mixin.py:117} INFO - [2022-11-10T17:34:41.757+0000] {dagbag.py:525} INFO - Filling up the DagBag from /home/airflow/.local/lib/python3.7/site-packages/airflow/example_dags/example_xcom.py
[2022-11-10T17:34:41.886+0000] {processor.py:768} INFO - DAG(s) dict_keys(['example_xcom']) retrieved from /home/airflow/.local/lib/python3.7/site-packages/airflow/example_dags/example_xcom.py
[2022-11-10T17:34:42.349+0000] {logging_mixin.py:117} INFO - [2022-11-10T17:34:42.348+0000] {dag.py:2573} INFO - Sync 1 DAGs
[2022-11-10T17:34:42.498+0000] {logging_mixin.py:117} INFO - [2022-11-10T17:34:42.498+0000] {dag.py:3328} INFO - Setting next_dagrun for example_xcom to 2021-01-01T00:00:00+00:00, run_after=2021-01-01T00:00:00+00:00
[2022-11-10T17:34:42.694+0000] {processor.py:178} INFO - Processing /home/airflow/.local/lib/python3.7/site-packages/airflow/example_dags/example_xcom.py took 1.052 seconds
[2022-11-10T18:57:16.478+0000] {processor.py:156} INFO - Started process (PID=13461) to work on /home/airflow/.local/lib/python3.7/site-packages/airflow/example_dags/example_xcom.py
[2022-11-10T18:57:16.479+0000] {processor.py:758} INFO - Processing file /home/airflow/.local/lib/python3.7/site-packages/airflow/example_dags/example_xcom.py for tasks to queue
[2022-11-10T18:57:16.481+0000] {logging_mixin.py:117} INFO - [2022-11-10T18:57:16.481+0000] {dagbag.py:525} INFO - Filling up the DagBag from /home/airflow/.local/lib/python3.7/site-packages/airflow/example_dags/example_xcom.py
[2022-11-10T18:57:16.503+0000] {processor.py:768} INFO - DAG(s) dict_keys(['example_xcom']) retrieved from /home/airflow/.local/lib/python3.7/site-packages/airflow/example_dags/example_xcom.py
[2022-11-10T18:57:16.550+0000] {logging_mixin.py:117} INFO - [2022-11-10T18:57:16.550+0000] {dag.py:2573} INFO - Sync 1 DAGs
[2022-11-10T18:57:16.588+0000] {logging_mixin.py:117} INFO - [2022-11-10T18:57:16.588+0000] {dag.py:3328} INFO - Setting next_dagrun for example_xcom to 2021-01-01T00:00:00+00:00, run_after=2021-01-01T00:00:00+00:00
[2022-11-10T18:57:16.615+0000] {processor.py:178} INFO - Processing /home/airflow/.local/lib/python3.7/site-packages/airflow/example_dags/example_xcom.py took 0.140 seconds
[2022-11-10T19:05:32.776+0000] {processor.py:156} INFO - Started process (PID=13517) to work on /home/airflow/.local/lib/python3.7/site-packages/airflow/example_dags/example_xcom.py
[2022-11-10T19:05:32.779+0000] {processor.py:758} INFO - Processing file /home/airflow/.local/lib/python3.7/site-packages/airflow/example_dags/example_xcom.py for tasks to queue
[2022-11-10T19:05:32.781+0000] {logging_mixin.py:117} INFO - [2022-11-10T19:05:32.780+0000] {dagbag.py:525} INFO - Filling up the DagBag from /home/airflow/.local/lib/python3.7/site-packages/airflow/example_dags/example_xcom.py
[2022-11-10T19:05:32.823+0000] {processor.py:768} INFO - DAG(s) dict_keys(['example_xcom']) retrieved from /home/airflow/.local/lib/python3.7/site-packages/airflow/example_dags/example_xcom.py
[2022-11-10T19:05:32.893+0000] {logging_mixin.py:117} INFO - [2022-11-10T19:05:32.893+0000] {dag.py:2573} INFO - Sync 1 DAGs
[2022-11-10T19:05:32.930+0000] {logging_mixin.py:117} INFO - [2022-11-10T19:05:32.930+0000] {dag.py:3328} INFO - Setting next_dagrun for example_xcom to 2021-01-01T00:00:00+00:00, run_after=2021-01-01T00:00:00+00:00
[2022-11-10T19:05:32.987+0000] {processor.py:178} INFO - Processing /home/airflow/.local/lib/python3.7/site-packages/airflow/example_dags/example_xcom.py took 0.216 seconds
[2022-11-10T20:13:42.893+0000] {processor.py:156} INFO - Started process (PID=13581) to work on /home/airflow/.local/lib/python3.7/site-packages/airflow/example_dags/example_xcom.py
[2022-11-10T20:13:42.897+0000] {processor.py:758} INFO - Processing file /home/airflow/.local/lib/python3.7/site-packages/airflow/example_dags/example_xcom.py for tasks to queue
[2022-11-10T20:13:42.900+0000] {logging_mixin.py:117} INFO - [2022-11-10T20:13:42.900+0000] {dagbag.py:525} INFO - Filling up the DagBag from /home/airflow/.local/lib/python3.7/site-packages/airflow/example_dags/example_xcom.py
[2022-11-10T20:13:43.419+0000] {processor.py:768} INFO - DAG(s) dict_keys(['example_xcom']) retrieved from /home/airflow/.local/lib/python3.7/site-packages/airflow/example_dags/example_xcom.py
[2022-11-10T20:13:43.630+0000] {logging_mixin.py:117} INFO - [2022-11-10T20:13:43.630+0000] {dag.py:2573} INFO - Sync 1 DAGs
[2022-11-10T20:13:43.678+0000] {logging_mixin.py:117} INFO - [2022-11-10T20:13:43.677+0000] {dag.py:3328} INFO - Setting next_dagrun for example_xcom to 2021-01-01T00:00:00+00:00, run_after=2021-01-01T00:00:00+00:00
[2022-11-10T20:13:43.748+0000] {processor.py:178} INFO - Processing /home/airflow/.local/lib/python3.7/site-packages/airflow/example_dags/example_xcom.py took 0.862 seconds
[2022-11-10T21:37:17.309+0000] {processor.py:156} INFO - Started process (PID=13644) to work on /home/airflow/.local/lib/python3.7/site-packages/airflow/example_dags/example_xcom.py
[2022-11-10T21:37:17.312+0000] {processor.py:758} INFO - Processing file /home/airflow/.local/lib/python3.7/site-packages/airflow/example_dags/example_xcom.py for tasks to queue
[2022-11-10T21:37:17.318+0000] {logging_mixin.py:117} INFO - [2022-11-10T21:37:17.318+0000] {dagbag.py:525} INFO - Filling up the DagBag from /home/airflow/.local/lib/python3.7/site-packages/airflow/example_dags/example_xcom.py
[2022-11-10T21:37:17.357+0000] {processor.py:768} INFO - DAG(s) dict_keys(['example_xcom']) retrieved from /home/airflow/.local/lib/python3.7/site-packages/airflow/example_dags/example_xcom.py
[2022-11-10T21:37:17.425+0000] {logging_mixin.py:117} INFO - [2022-11-10T21:37:17.424+0000] {dag.py:2573} INFO - Sync 1 DAGs
[2022-11-10T21:37:17.466+0000] {logging_mixin.py:117} INFO - [2022-11-10T21:37:17.466+0000] {dag.py:3328} INFO - Setting next_dagrun for example_xcom to 2021-01-01T00:00:00+00:00, run_after=2021-01-01T00:00:00+00:00
[2022-11-10T21:37:17.497+0000] {processor.py:178} INFO - Processing /home/airflow/.local/lib/python3.7/site-packages/airflow/example_dags/example_xcom.py took 0.191 seconds
[2022-11-10T23:18:21.482+0000] {processor.py:156} INFO - Started process (PID=13700) to work on /home/airflow/.local/lib/python3.7/site-packages/airflow/example_dags/example_xcom.py
[2022-11-10T23:18:21.484+0000] {processor.py:758} INFO - Processing file /home/airflow/.local/lib/python3.7/site-packages/airflow/example_dags/example_xcom.py for tasks to queue
[2022-11-10T23:18:21.485+0000] {logging_mixin.py:117} INFO - [2022-11-10T23:18:21.485+0000] {dagbag.py:525} INFO - Filling up the DagBag from /home/airflow/.local/lib/python3.7/site-packages/airflow/example_dags/example_xcom.py
[2022-11-10T23:18:21.510+0000] {processor.py:768} INFO - DAG(s) dict_keys(['example_xcom']) retrieved from /home/airflow/.local/lib/python3.7/site-packages/airflow/example_dags/example_xcom.py
[2022-11-10T23:18:21.562+0000] {logging_mixin.py:117} INFO - [2022-11-10T23:18:21.562+0000] {dag.py:2573} INFO - Sync 1 DAGs
[2022-11-10T23:18:21.606+0000] {logging_mixin.py:117} INFO - [2022-11-10T23:18:21.606+0000] {dag.py:3328} INFO - Setting next_dagrun for example_xcom to 2021-01-01T00:00:00+00:00, run_after=2021-01-01T00:00:00+00:00
[2022-11-10T23:18:21.636+0000] {processor.py:178} INFO - Processing /home/airflow/.local/lib/python3.7/site-packages/airflow/example_dags/example_xcom.py took 0.157 seconds
