[2022-11-10T00:02:14.573+0000] {processor.py:156} INFO - Started process (PID=12537) to work on /home/airflow/.local/lib/python3.7/site-packages/airflow/example_dags/example_sla_dag.py
[2022-11-10T00:02:14.586+0000] {processor.py:758} INFO - Processing file /home/airflow/.local/lib/python3.7/site-packages/airflow/example_dags/example_sla_dag.py for tasks to queue
[2022-11-10T00:02:14.590+0000] {logging_mixin.py:117} INFO - [2022-11-10T00:02:14.590+0000] {dagbag.py:525} INFO - Filling up the DagBag from /home/airflow/.local/lib/python3.7/site-packages/airflow/example_dags/example_sla_dag.py
[2022-11-10T00:02:14.620+0000] {processor.py:768} INFO - DAG(s) dict_keys(['example_sla_dag']) retrieved from /home/airflow/.local/lib/python3.7/site-packages/airflow/example_dags/example_sla_dag.py
[2022-11-10T00:02:14.713+0000] {logging_mixin.py:117} INFO - [2022-11-10T00:02:14.713+0000] {dag.py:2573} INFO - Sync 1 DAGs
[2022-11-10T00:02:14.746+0000] {logging_mixin.py:117} INFO - [2022-11-10T00:02:14.746+0000] {dag.py:3328} INFO - Setting next_dagrun for example_sla_dag to 2022-11-10T00:00:00+00:00, run_after=2022-11-10T00:02:00+00:00
[2022-11-10T00:02:14.776+0000] {processor.py:178} INFO - Processing /home/airflow/.local/lib/python3.7/site-packages/airflow/example_dags/example_sla_dag.py took 0.212 seconds
[2022-11-10T01:24:33.724+0000] {processor.py:156} INFO - Started process (PID=12601) to work on /home/airflow/.local/lib/python3.7/site-packages/airflow/example_dags/example_sla_dag.py
[2022-11-10T01:24:33.725+0000] {processor.py:758} INFO - Processing file /home/airflow/.local/lib/python3.7/site-packages/airflow/example_dags/example_sla_dag.py for tasks to queue
[2022-11-10T01:24:33.726+0000] {logging_mixin.py:117} INFO - [2022-11-10T01:24:33.726+0000] {dagbag.py:525} INFO - Filling up the DagBag from /home/airflow/.local/lib/python3.7/site-packages/airflow/example_dags/example_sla_dag.py
[2022-11-10T01:24:33.744+0000] {processor.py:768} INFO - DAG(s) dict_keys(['example_sla_dag']) retrieved from /home/airflow/.local/lib/python3.7/site-packages/airflow/example_dags/example_sla_dag.py
[2022-11-10T01:24:33.778+0000] {logging_mixin.py:117} INFO - [2022-11-10T01:24:33.778+0000] {dag.py:2573} INFO - Sync 1 DAGs
[2022-11-10T01:24:33.797+0000] {logging_mixin.py:117} INFO - [2022-11-10T01:24:33.797+0000] {dag.py:3328} INFO - Setting next_dagrun for example_sla_dag to 2022-11-10T01:22:00+00:00, run_after=2022-11-10T01:24:00+00:00
[2022-11-10T01:24:33.817+0000] {processor.py:178} INFO - Processing /home/airflow/.local/lib/python3.7/site-packages/airflow/example_dags/example_sla_dag.py took 0.095 seconds
[2022-11-10T02:29:07.967+0000] {processor.py:156} INFO - Started process (PID=12664) to work on /home/airflow/.local/lib/python3.7/site-packages/airflow/example_dags/example_sla_dag.py
[2022-11-10T02:29:07.971+0000] {processor.py:758} INFO - Processing file /home/airflow/.local/lib/python3.7/site-packages/airflow/example_dags/example_sla_dag.py for tasks to queue
[2022-11-10T02:29:07.975+0000] {logging_mixin.py:117} INFO - [2022-11-10T02:29:07.974+0000] {dagbag.py:525} INFO - Filling up the DagBag from /home/airflow/.local/lib/python3.7/site-packages/airflow/example_dags/example_sla_dag.py
[2022-11-10T02:29:08.021+0000] {processor.py:768} INFO - DAG(s) dict_keys(['example_sla_dag']) retrieved from /home/airflow/.local/lib/python3.7/site-packages/airflow/example_dags/example_sla_dag.py
[2022-11-10T02:29:08.132+0000] {logging_mixin.py:117} INFO - [2022-11-10T02:29:08.132+0000] {dag.py:2573} INFO - Sync 1 DAGs
[2022-11-10T02:29:08.207+0000] {logging_mixin.py:117} INFO - [2022-11-10T02:29:08.207+0000] {dag.py:3328} INFO - Setting next_dagrun for example_sla_dag to 2022-11-10T02:26:00+00:00, run_after=2022-11-10T02:28:00+00:00
[2022-11-10T02:29:08.238+0000] {processor.py:178} INFO - Processing /home/airflow/.local/lib/python3.7/site-packages/airflow/example_dags/example_sla_dag.py took 0.274 seconds
[2022-11-10T03:35:47.693+0000] {processor.py:156} INFO - Started process (PID=12719) to work on /home/airflow/.local/lib/python3.7/site-packages/airflow/example_dags/example_sla_dag.py
[2022-11-10T03:35:47.704+0000] {processor.py:758} INFO - Processing file /home/airflow/.local/lib/python3.7/site-packages/airflow/example_dags/example_sla_dag.py for tasks to queue
[2022-11-10T03:35:47.705+0000] {logging_mixin.py:117} INFO - [2022-11-10T03:35:47.705+0000] {dagbag.py:525} INFO - Filling up the DagBag from /home/airflow/.local/lib/python3.7/site-packages/airflow/example_dags/example_sla_dag.py
[2022-11-10T03:35:47.730+0000] {processor.py:768} INFO - DAG(s) dict_keys(['example_sla_dag']) retrieved from /home/airflow/.local/lib/python3.7/site-packages/airflow/example_dags/example_sla_dag.py
[2022-11-10T03:35:47.796+0000] {logging_mixin.py:117} INFO - [2022-11-10T03:35:47.796+0000] {dag.py:2573} INFO - Sync 1 DAGs
[2022-11-10T03:35:47.819+0000] {logging_mixin.py:117} INFO - [2022-11-10T03:35:47.819+0000] {dag.py:3328} INFO - Setting next_dagrun for example_sla_dag to 2022-11-10T03:32:00+00:00, run_after=2022-11-10T03:34:00+00:00
[2022-11-10T03:35:47.836+0000] {processor.py:178} INFO - Processing /home/airflow/.local/lib/python3.7/site-packages/airflow/example_dags/example_sla_dag.py took 0.148 seconds
[2022-11-10T04:59:30.678+0000] {processor.py:156} INFO - Started process (PID=12783) to work on /home/airflow/.local/lib/python3.7/site-packages/airflow/example_dags/example_sla_dag.py
[2022-11-10T04:59:30.680+0000] {processor.py:758} INFO - Processing file /home/airflow/.local/lib/python3.7/site-packages/airflow/example_dags/example_sla_dag.py for tasks to queue
[2022-11-10T04:59:30.683+0000] {logging_mixin.py:117} INFO - [2022-11-10T04:59:30.683+0000] {dagbag.py:525} INFO - Filling up the DagBag from /home/airflow/.local/lib/python3.7/site-packages/airflow/example_dags/example_sla_dag.py
[2022-11-10T04:59:30.719+0000] {processor.py:768} INFO - DAG(s) dict_keys(['example_sla_dag']) retrieved from /home/airflow/.local/lib/python3.7/site-packages/airflow/example_dags/example_sla_dag.py
[2022-11-10T04:59:30.782+0000] {logging_mixin.py:117} INFO - [2022-11-10T04:59:30.781+0000] {dag.py:2573} INFO - Sync 1 DAGs
[2022-11-10T04:59:30.806+0000] {logging_mixin.py:117} INFO - [2022-11-10T04:59:30.806+0000] {dag.py:3328} INFO - Setting next_dagrun for example_sla_dag to 2022-11-10T04:56:00+00:00, run_after=2022-11-10T04:58:00+00:00
[2022-11-10T04:59:30.822+0000] {processor.py:178} INFO - Processing /home/airflow/.local/lib/python3.7/site-packages/airflow/example_dags/example_sla_dag.py took 0.153 seconds
[2022-11-10T06:22:34.860+0000] {processor.py:156} INFO - Started process (PID=12838) to work on /home/airflow/.local/lib/python3.7/site-packages/airflow/example_dags/example_sla_dag.py
[2022-11-10T06:22:34.876+0000] {processor.py:758} INFO - Processing file /home/airflow/.local/lib/python3.7/site-packages/airflow/example_dags/example_sla_dag.py for tasks to queue
[2022-11-10T06:22:34.887+0000] {logging_mixin.py:117} INFO - [2022-11-10T06:22:34.886+0000] {dagbag.py:525} INFO - Filling up the DagBag from /home/airflow/.local/lib/python3.7/site-packages/airflow/example_dags/example_sla_dag.py
[2022-11-10T06:22:35.017+0000] {processor.py:768} INFO - DAG(s) dict_keys(['example_sla_dag']) retrieved from /home/airflow/.local/lib/python3.7/site-packages/airflow/example_dags/example_sla_dag.py
[2022-11-10T06:22:35.136+0000] {logging_mixin.py:117} INFO - [2022-11-10T06:22:35.136+0000] {dag.py:2573} INFO - Sync 1 DAGs
[2022-11-10T06:22:35.232+0000] {logging_mixin.py:117} INFO - [2022-11-10T06:22:35.231+0000] {dag.py:3328} INFO - Setting next_dagrun for example_sla_dag to 2022-11-10T06:20:00+00:00, run_after=2022-11-10T06:22:00+00:00
[2022-11-10T06:22:35.361+0000] {processor.py:178} INFO - Processing /home/airflow/.local/lib/python3.7/site-packages/airflow/example_dags/example_sla_dag.py took 0.532 seconds
[2022-11-10T08:00:56.612+0000] {processor.py:156} INFO - Started process (PID=12901) to work on /home/airflow/.local/lib/python3.7/site-packages/airflow/example_dags/example_sla_dag.py
[2022-11-10T08:00:56.616+0000] {processor.py:758} INFO - Processing file /home/airflow/.local/lib/python3.7/site-packages/airflow/example_dags/example_sla_dag.py for tasks to queue
[2022-11-10T08:00:56.621+0000] {logging_mixin.py:117} INFO - [2022-11-10T08:00:56.621+0000] {dagbag.py:525} INFO - Filling up the DagBag from /home/airflow/.local/lib/python3.7/site-packages/airflow/example_dags/example_sla_dag.py
[2022-11-10T08:00:56.647+0000] {processor.py:768} INFO - DAG(s) dict_keys(['example_sla_dag']) retrieved from /home/airflow/.local/lib/python3.7/site-packages/airflow/example_dags/example_sla_dag.py
[2022-11-10T08:00:56.705+0000] {logging_mixin.py:117} INFO - [2022-11-10T08:00:56.705+0000] {dag.py:2573} INFO - Sync 1 DAGs
[2022-11-10T08:00:56.734+0000] {logging_mixin.py:117} INFO - [2022-11-10T08:00:56.734+0000] {dag.py:3328} INFO - Setting next_dagrun for example_sla_dag to 2022-11-10T07:58:00+00:00, run_after=2022-11-10T08:00:00+00:00
[2022-11-10T08:00:56.754+0000] {processor.py:178} INFO - Processing /home/airflow/.local/lib/python3.7/site-packages/airflow/example_dags/example_sla_dag.py took 0.146 seconds
[2022-11-10T09:23:10.076+0000] {processor.py:156} INFO - Started process (PID=12954) to work on /home/airflow/.local/lib/python3.7/site-packages/airflow/example_dags/example_sla_dag.py
[2022-11-10T09:23:10.081+0000] {processor.py:758} INFO - Processing file /home/airflow/.local/lib/python3.7/site-packages/airflow/example_dags/example_sla_dag.py for tasks to queue
[2022-11-10T09:23:10.087+0000] {logging_mixin.py:117} INFO - [2022-11-10T09:23:10.087+0000] {dagbag.py:525} INFO - Filling up the DagBag from /home/airflow/.local/lib/python3.7/site-packages/airflow/example_dags/example_sla_dag.py
[2022-11-10T09:23:10.158+0000] {processor.py:768} INFO - DAG(s) dict_keys(['example_sla_dag']) retrieved from /home/airflow/.local/lib/python3.7/site-packages/airflow/example_dags/example_sla_dag.py
[2022-11-10T09:23:10.392+0000] {logging_mixin.py:117} INFO - [2022-11-10T09:23:10.392+0000] {dag.py:2573} INFO - Sync 1 DAGs
[2022-11-10T09:23:10.617+0000] {logging_mixin.py:117} INFO - [2022-11-10T09:23:10.616+0000] {dag.py:3328} INFO - Setting next_dagrun for example_sla_dag to 2022-11-10T09:20:00+00:00, run_after=2022-11-10T09:22:00+00:00
[2022-11-10T09:23:10.725+0000] {processor.py:178} INFO - Processing /home/airflow/.local/lib/python3.7/site-packages/airflow/example_dags/example_sla_dag.py took 0.660 seconds
[2022-11-10T10:48:47.875+0000] {processor.py:156} INFO - Started process (PID=13008) to work on /home/airflow/.local/lib/python3.7/site-packages/airflow/example_dags/example_sla_dag.py
[2022-11-10T10:48:47.889+0000] {processor.py:758} INFO - Processing file /home/airflow/.local/lib/python3.7/site-packages/airflow/example_dags/example_sla_dag.py for tasks to queue
[2022-11-10T10:48:47.892+0000] {logging_mixin.py:117} INFO - [2022-11-10T10:48:47.892+0000] {dagbag.py:525} INFO - Filling up the DagBag from /home/airflow/.local/lib/python3.7/site-packages/airflow/example_dags/example_sla_dag.py
[2022-11-10T10:48:47.917+0000] {processor.py:768} INFO - DAG(s) dict_keys(['example_sla_dag']) retrieved from /home/airflow/.local/lib/python3.7/site-packages/airflow/example_dags/example_sla_dag.py
[2022-11-10T10:48:47.961+0000] {logging_mixin.py:117} INFO - [2022-11-10T10:48:47.959+0000] {dag.py:2573} INFO - Sync 1 DAGs
[2022-11-10T10:48:48.038+0000] {logging_mixin.py:117} INFO - [2022-11-10T10:48:48.038+0000] {dag.py:3328} INFO - Setting next_dagrun for example_sla_dag to 2022-11-10T10:46:00+00:00, run_after=2022-11-10T10:48:00+00:00
[2022-11-10T10:48:48.063+0000] {processor.py:178} INFO - Processing /home/airflow/.local/lib/python3.7/site-packages/airflow/example_dags/example_sla_dag.py took 0.190 seconds
[2022-11-10T12:11:07.875+0000] {processor.py:156} INFO - Started process (PID=13073) to work on /home/airflow/.local/lib/python3.7/site-packages/airflow/example_dags/example_sla_dag.py
[2022-11-10T12:11:07.898+0000] {processor.py:758} INFO - Processing file /home/airflow/.local/lib/python3.7/site-packages/airflow/example_dags/example_sla_dag.py for tasks to queue
[2022-11-10T12:11:07.916+0000] {logging_mixin.py:117} INFO - [2022-11-10T12:11:07.915+0000] {dagbag.py:525} INFO - Filling up the DagBag from /home/airflow/.local/lib/python3.7/site-packages/airflow/example_dags/example_sla_dag.py
[2022-11-10T12:11:08.058+0000] {processor.py:768} INFO - DAG(s) dict_keys(['example_sla_dag']) retrieved from /home/airflow/.local/lib/python3.7/site-packages/airflow/example_dags/example_sla_dag.py
[2022-11-10T12:11:08.306+0000] {logging_mixin.py:117} INFO - [2022-11-10T12:11:08.306+0000] {dag.py:2573} INFO - Sync 1 DAGs
[2022-11-10T12:11:08.380+0000] {logging_mixin.py:117} INFO - [2022-11-10T12:11:08.380+0000] {dag.py:3328} INFO - Setting next_dagrun for example_sla_dag to 2022-11-10T12:08:00+00:00, run_after=2022-11-10T12:10:00+00:00
[2022-11-10T12:11:08.492+0000] {processor.py:178} INFO - Processing /home/airflow/.local/lib/python3.7/site-packages/airflow/example_dags/example_sla_dag.py took 0.638 seconds
[2022-11-10T13:33:30.114+0000] {processor.py:156} INFO - Started process (PID=13120) to work on /home/airflow/.local/lib/python3.7/site-packages/airflow/example_dags/example_sla_dag.py
[2022-11-10T13:33:30.116+0000] {processor.py:758} INFO - Processing file /home/airflow/.local/lib/python3.7/site-packages/airflow/example_dags/example_sla_dag.py for tasks to queue
[2022-11-10T13:33:30.119+0000] {logging_mixin.py:117} INFO - [2022-11-10T13:33:30.119+0000] {dagbag.py:525} INFO - Filling up the DagBag from /home/airflow/.local/lib/python3.7/site-packages/airflow/example_dags/example_sla_dag.py
[2022-11-10T13:33:30.155+0000] {processor.py:768} INFO - DAG(s) dict_keys(['example_sla_dag']) retrieved from /home/airflow/.local/lib/python3.7/site-packages/airflow/example_dags/example_sla_dag.py
[2022-11-10T13:33:30.257+0000] {logging_mixin.py:117} INFO - [2022-11-10T13:33:30.257+0000] {dag.py:2573} INFO - Sync 1 DAGs
[2022-11-10T13:33:30.282+0000] {logging_mixin.py:117} INFO - [2022-11-10T13:33:30.282+0000] {dag.py:3328} INFO - Setting next_dagrun for example_sla_dag to 2022-11-10T13:30:00+00:00, run_after=2022-11-10T13:32:00+00:00
[2022-11-10T13:33:30.295+0000] {processor.py:178} INFO - Processing /home/airflow/.local/lib/python3.7/site-packages/airflow/example_dags/example_sla_dag.py took 0.185 seconds
[2022-11-10T14:37:24.675+0000] {processor.py:156} INFO - Started process (PID=13174) to work on /home/airflow/.local/lib/python3.7/site-packages/airflow/example_dags/example_sla_dag.py
[2022-11-10T14:37:24.678+0000] {processor.py:758} INFO - Processing file /home/airflow/.local/lib/python3.7/site-packages/airflow/example_dags/example_sla_dag.py for tasks to queue
[2022-11-10T14:37:24.679+0000] {logging_mixin.py:117} INFO - [2022-11-10T14:37:24.679+0000] {dagbag.py:525} INFO - Filling up the DagBag from /home/airflow/.local/lib/python3.7/site-packages/airflow/example_dags/example_sla_dag.py
[2022-11-10T14:37:24.711+0000] {processor.py:768} INFO - DAG(s) dict_keys(['example_sla_dag']) retrieved from /home/airflow/.local/lib/python3.7/site-packages/airflow/example_dags/example_sla_dag.py
[2022-11-10T14:37:24.783+0000] {logging_mixin.py:117} INFO - [2022-11-10T14:37:24.782+0000] {dag.py:2573} INFO - Sync 1 DAGs
[2022-11-10T14:37:24.845+0000] {logging_mixin.py:117} INFO - [2022-11-10T14:37:24.845+0000] {dag.py:3328} INFO - Setting next_dagrun for example_sla_dag to 2022-11-10T14:34:00+00:00, run_after=2022-11-10T14:36:00+00:00
[2022-11-10T14:37:24.893+0000] {processor.py:178} INFO - Processing /home/airflow/.local/lib/python3.7/site-packages/airflow/example_dags/example_sla_dag.py took 0.221 seconds
[2022-11-10T14:45:47.412+0000] {processor.py:156} INFO - Started process (PID=13238) to work on /home/airflow/.local/lib/python3.7/site-packages/airflow/example_dags/example_sla_dag.py
[2022-11-10T14:45:47.417+0000] {processor.py:758} INFO - Processing file /home/airflow/.local/lib/python3.7/site-packages/airflow/example_dags/example_sla_dag.py for tasks to queue
[2022-11-10T14:45:47.422+0000] {logging_mixin.py:117} INFO - [2022-11-10T14:45:47.422+0000] {dagbag.py:525} INFO - Filling up the DagBag from /home/airflow/.local/lib/python3.7/site-packages/airflow/example_dags/example_sla_dag.py
[2022-11-10T14:45:47.488+0000] {processor.py:768} INFO - DAG(s) dict_keys(['example_sla_dag']) retrieved from /home/airflow/.local/lib/python3.7/site-packages/airflow/example_dags/example_sla_dag.py
[2022-11-10T14:45:47.541+0000] {logging_mixin.py:117} INFO - [2022-11-10T14:45:47.541+0000] {dag.py:2573} INFO - Sync 1 DAGs
[2022-11-10T14:45:47.572+0000] {logging_mixin.py:117} INFO - [2022-11-10T14:45:47.572+0000] {dag.py:3328} INFO - Setting next_dagrun for example_sla_dag to 2022-11-10T14:42:00+00:00, run_after=2022-11-10T14:44:00+00:00
[2022-11-10T14:45:47.603+0000] {processor.py:178} INFO - Processing /home/airflow/.local/lib/python3.7/site-packages/airflow/example_dags/example_sla_dag.py took 0.195 seconds
[2022-11-10T15:05:02.383+0000] {processor.py:156} INFO - Started process (PID=13302) to work on /home/airflow/.local/lib/python3.7/site-packages/airflow/example_dags/example_sla_dag.py
[2022-11-10T15:05:02.385+0000] {processor.py:758} INFO - Processing file /home/airflow/.local/lib/python3.7/site-packages/airflow/example_dags/example_sla_dag.py for tasks to queue
[2022-11-10T15:05:02.386+0000] {logging_mixin.py:117} INFO - [2022-11-10T15:05:02.386+0000] {dagbag.py:525} INFO - Filling up the DagBag from /home/airflow/.local/lib/python3.7/site-packages/airflow/example_dags/example_sla_dag.py
[2022-11-10T15:05:02.401+0000] {processor.py:768} INFO - DAG(s) dict_keys(['example_sla_dag']) retrieved from /home/airflow/.local/lib/python3.7/site-packages/airflow/example_dags/example_sla_dag.py
[2022-11-10T15:05:02.451+0000] {logging_mixin.py:117} INFO - [2022-11-10T15:05:02.451+0000] {dag.py:2573} INFO - Sync 1 DAGs
[2022-11-10T15:05:02.473+0000] {logging_mixin.py:117} INFO - [2022-11-10T15:05:02.473+0000] {dag.py:3328} INFO - Setting next_dagrun for example_sla_dag to 2022-11-10T15:02:00+00:00, run_after=2022-11-10T15:04:00+00:00
[2022-11-10T15:05:02.489+0000] {processor.py:178} INFO - Processing /home/airflow/.local/lib/python3.7/site-packages/airflow/example_dags/example_sla_dag.py took 0.109 seconds
[2022-11-10T16:10:40.603+0000] {processor.py:156} INFO - Started process (PID=13348) to work on /home/airflow/.local/lib/python3.7/site-packages/airflow/example_dags/example_sla_dag.py
[2022-11-10T16:10:40.605+0000] {processor.py:758} INFO - Processing file /home/airflow/.local/lib/python3.7/site-packages/airflow/example_dags/example_sla_dag.py for tasks to queue
[2022-11-10T16:10:40.607+0000] {logging_mixin.py:117} INFO - [2022-11-10T16:10:40.607+0000] {dagbag.py:525} INFO - Filling up the DagBag from /home/airflow/.local/lib/python3.7/site-packages/airflow/example_dags/example_sla_dag.py
[2022-11-10T16:10:40.635+0000] {processor.py:768} INFO - DAG(s) dict_keys(['example_sla_dag']) retrieved from /home/airflow/.local/lib/python3.7/site-packages/airflow/example_dags/example_sla_dag.py
[2022-11-10T16:10:40.708+0000] {logging_mixin.py:117} INFO - [2022-11-10T16:10:40.707+0000] {dag.py:2573} INFO - Sync 1 DAGs
[2022-11-10T16:10:40.759+0000] {logging_mixin.py:117} INFO - [2022-11-10T16:10:40.759+0000] {dag.py:3328} INFO - Setting next_dagrun for example_sla_dag to 2022-11-10T16:08:00+00:00, run_after=2022-11-10T16:10:00+00:00
[2022-11-10T16:10:40.792+0000] {processor.py:178} INFO - Processing /home/airflow/.local/lib/python3.7/site-packages/airflow/example_dags/example_sla_dag.py took 0.192 seconds
[2022-11-10T17:34:43.900+0000] {processor.py:156} INFO - Started process (PID=13410) to work on /home/airflow/.local/lib/python3.7/site-packages/airflow/example_dags/example_sla_dag.py
[2022-11-10T17:34:43.984+0000] {processor.py:758} INFO - Processing file /home/airflow/.local/lib/python3.7/site-packages/airflow/example_dags/example_sla_dag.py for tasks to queue
[2022-11-10T17:34:43.989+0000] {logging_mixin.py:117} INFO - [2022-11-10T17:34:43.988+0000] {dagbag.py:525} INFO - Filling up the DagBag from /home/airflow/.local/lib/python3.7/site-packages/airflow/example_dags/example_sla_dag.py
[2022-11-10T17:34:44.101+0000] {processor.py:768} INFO - DAG(s) dict_keys(['example_sla_dag']) retrieved from /home/airflow/.local/lib/python3.7/site-packages/airflow/example_dags/example_sla_dag.py
[2022-11-10T17:34:44.299+0000] {logging_mixin.py:117} INFO - [2022-11-10T17:34:44.299+0000] {dag.py:2573} INFO - Sync 1 DAGs
[2022-11-10T17:34:44.356+0000] {logging_mixin.py:117} INFO - [2022-11-10T17:34:44.356+0000] {dag.py:3328} INFO - Setting next_dagrun for example_sla_dag to 2022-11-10T17:32:00+00:00, run_after=2022-11-10T17:34:00+00:00
[2022-11-10T17:34:44.403+0000] {processor.py:178} INFO - Processing /home/airflow/.local/lib/python3.7/site-packages/airflow/example_dags/example_sla_dag.py took 0.509 seconds
[2022-11-10T18:57:17.424+0000] {processor.py:156} INFO - Started process (PID=13466) to work on /home/airflow/.local/lib/python3.7/site-packages/airflow/example_dags/example_sla_dag.py
[2022-11-10T18:57:17.430+0000] {processor.py:758} INFO - Processing file /home/airflow/.local/lib/python3.7/site-packages/airflow/example_dags/example_sla_dag.py for tasks to queue
[2022-11-10T18:57:17.431+0000] {logging_mixin.py:117} INFO - [2022-11-10T18:57:17.431+0000] {dagbag.py:525} INFO - Filling up the DagBag from /home/airflow/.local/lib/python3.7/site-packages/airflow/example_dags/example_sla_dag.py
[2022-11-10T18:57:17.684+0000] {processor.py:768} INFO - DAG(s) dict_keys(['example_sla_dag']) retrieved from /home/airflow/.local/lib/python3.7/site-packages/airflow/example_dags/example_sla_dag.py
[2022-11-10T18:57:17.835+0000] {logging_mixin.py:117} INFO - [2022-11-10T18:57:17.834+0000] {dag.py:2573} INFO - Sync 1 DAGs
[2022-11-10T18:57:17.887+0000] {logging_mixin.py:117} INFO - [2022-11-10T18:57:17.886+0000] {dag.py:3328} INFO - Setting next_dagrun for example_sla_dag to 2022-11-10T18:54:00+00:00, run_after=2022-11-10T18:56:00+00:00
[2022-11-10T18:57:17.978+0000] {processor.py:178} INFO - Processing /home/airflow/.local/lib/python3.7/site-packages/airflow/example_dags/example_sla_dag.py took 0.565 seconds
[2022-11-10T19:05:33.491+0000] {processor.py:156} INFO - Started process (PID=13522) to work on /home/airflow/.local/lib/python3.7/site-packages/airflow/example_dags/example_sla_dag.py
[2022-11-10T19:05:33.494+0000] {processor.py:758} INFO - Processing file /home/airflow/.local/lib/python3.7/site-packages/airflow/example_dags/example_sla_dag.py for tasks to queue
[2022-11-10T19:05:33.497+0000] {logging_mixin.py:117} INFO - [2022-11-10T19:05:33.497+0000] {dagbag.py:525} INFO - Filling up the DagBag from /home/airflow/.local/lib/python3.7/site-packages/airflow/example_dags/example_sla_dag.py
[2022-11-10T19:05:33.531+0000] {processor.py:768} INFO - DAG(s) dict_keys(['example_sla_dag']) retrieved from /home/airflow/.local/lib/python3.7/site-packages/airflow/example_dags/example_sla_dag.py
[2022-11-10T19:05:33.615+0000] {logging_mixin.py:117} INFO - [2022-11-10T19:05:33.615+0000] {dag.py:2573} INFO - Sync 1 DAGs
[2022-11-10T19:05:33.655+0000] {logging_mixin.py:117} INFO - [2022-11-10T19:05:33.655+0000] {dag.py:3328} INFO - Setting next_dagrun for example_sla_dag to 2022-11-10T19:02:00+00:00, run_after=2022-11-10T19:04:00+00:00
[2022-11-10T19:05:33.697+0000] {processor.py:178} INFO - Processing /home/airflow/.local/lib/python3.7/site-packages/airflow/example_dags/example_sla_dag.py took 0.208 seconds
[2022-11-10T20:13:44.224+0000] {processor.py:156} INFO - Started process (PID=13586) to work on /home/airflow/.local/lib/python3.7/site-packages/airflow/example_dags/example_sla_dag.py
[2022-11-10T20:13:44.228+0000] {processor.py:758} INFO - Processing file /home/airflow/.local/lib/python3.7/site-packages/airflow/example_dags/example_sla_dag.py for tasks to queue
[2022-11-10T20:13:44.230+0000] {logging_mixin.py:117} INFO - [2022-11-10T20:13:44.229+0000] {dagbag.py:525} INFO - Filling up the DagBag from /home/airflow/.local/lib/python3.7/site-packages/airflow/example_dags/example_sla_dag.py
[2022-11-10T20:13:44.361+0000] {processor.py:768} INFO - DAG(s) dict_keys(['example_sla_dag']) retrieved from /home/airflow/.local/lib/python3.7/site-packages/airflow/example_dags/example_sla_dag.py
[2022-11-10T20:13:44.654+0000] {logging_mixin.py:117} INFO - [2022-11-10T20:13:44.654+0000] {dag.py:2573} INFO - Sync 1 DAGs
[2022-11-10T20:13:44.814+0000] {logging_mixin.py:117} INFO - [2022-11-10T20:13:44.814+0000] {dag.py:3328} INFO - Setting next_dagrun for example_sla_dag to 2022-11-10T20:10:00+00:00, run_after=2022-11-10T20:12:00+00:00
[2022-11-10T20:13:44.855+0000] {processor.py:178} INFO - Processing /home/airflow/.local/lib/python3.7/site-packages/airflow/example_dags/example_sla_dag.py took 0.636 seconds
[2022-11-10T21:37:17.882+0000] {processor.py:156} INFO - Started process (PID=13649) to work on /home/airflow/.local/lib/python3.7/site-packages/airflow/example_dags/example_sla_dag.py
[2022-11-10T21:37:17.885+0000] {processor.py:758} INFO - Processing file /home/airflow/.local/lib/python3.7/site-packages/airflow/example_dags/example_sla_dag.py for tasks to queue
[2022-11-10T21:37:17.889+0000] {logging_mixin.py:117} INFO - [2022-11-10T21:37:17.889+0000] {dagbag.py:525} INFO - Filling up the DagBag from /home/airflow/.local/lib/python3.7/site-packages/airflow/example_dags/example_sla_dag.py
[2022-11-10T21:37:17.923+0000] {processor.py:768} INFO - DAG(s) dict_keys(['example_sla_dag']) retrieved from /home/airflow/.local/lib/python3.7/site-packages/airflow/example_dags/example_sla_dag.py
[2022-11-10T21:37:17.970+0000] {logging_mixin.py:117} INFO - [2022-11-10T21:37:17.970+0000] {dag.py:2573} INFO - Sync 1 DAGs
[2022-11-10T21:37:18.000+0000] {logging_mixin.py:117} INFO - [2022-11-10T21:37:18.000+0000] {dag.py:3328} INFO - Setting next_dagrun for example_sla_dag to 2022-11-10T21:34:00+00:00, run_after=2022-11-10T21:36:00+00:00
[2022-11-10T21:37:18.018+0000] {processor.py:178} INFO - Processing /home/airflow/.local/lib/python3.7/site-packages/airflow/example_dags/example_sla_dag.py took 0.139 seconds
[2022-11-10T23:18:22.162+0000] {processor.py:156} INFO - Started process (PID=13705) to work on /home/airflow/.local/lib/python3.7/site-packages/airflow/example_dags/example_sla_dag.py
[2022-11-10T23:18:22.164+0000] {processor.py:758} INFO - Processing file /home/airflow/.local/lib/python3.7/site-packages/airflow/example_dags/example_sla_dag.py for tasks to queue
[2022-11-10T23:18:22.166+0000] {logging_mixin.py:117} INFO - [2022-11-10T23:18:22.166+0000] {dagbag.py:525} INFO - Filling up the DagBag from /home/airflow/.local/lib/python3.7/site-packages/airflow/example_dags/example_sla_dag.py
[2022-11-10T23:18:22.196+0000] {processor.py:768} INFO - DAG(s) dict_keys(['example_sla_dag']) retrieved from /home/airflow/.local/lib/python3.7/site-packages/airflow/example_dags/example_sla_dag.py
[2022-11-10T23:18:22.242+0000] {logging_mixin.py:117} INFO - [2022-11-10T23:18:22.242+0000] {dag.py:2573} INFO - Sync 1 DAGs
[2022-11-10T23:18:22.285+0000] {logging_mixin.py:117} INFO - [2022-11-10T23:18:22.284+0000] {dag.py:3328} INFO - Setting next_dagrun for example_sla_dag to 2022-11-10T23:16:00+00:00, run_after=2022-11-10T23:18:00+00:00
[2022-11-10T23:18:22.318+0000] {processor.py:178} INFO - Processing /home/airflow/.local/lib/python3.7/site-packages/airflow/example_dags/example_sla_dag.py took 0.158 seconds
