[2022-11-10T00:02:15.170+0000] {processor.py:156} INFO - Started process (PID=12541) to work on /home/airflow/.local/lib/python3.7/site-packages/airflow/example_dags/example_external_task_marker_dag.py
[2022-11-10T00:02:15.173+0000] {processor.py:758} INFO - Processing file /home/airflow/.local/lib/python3.7/site-packages/airflow/example_dags/example_external_task_marker_dag.py for tasks to queue
[2022-11-10T00:02:15.202+0000] {logging_mixin.py:117} INFO - [2022-11-10T00:02:15.202+0000] {dagbag.py:525} INFO - Filling up the DagBag from /home/airflow/.local/lib/python3.7/site-packages/airflow/example_dags/example_external_task_marker_dag.py
[2022-11-10T00:02:15.219+0000] {processor.py:768} INFO - DAG(s) dict_keys(['example_external_task_marker_child', 'example_external_task_marker_parent']) retrieved from /home/airflow/.local/lib/python3.7/site-packages/airflow/example_dags/example_external_task_marker_dag.py
[2022-11-10T00:02:15.413+0000] {logging_mixin.py:117} INFO - [2022-11-10T00:02:15.413+0000] {dag.py:2573} INFO - Sync 2 DAGs
[2022-11-10T00:02:15.440+0000] {logging_mixin.py:117} INFO - [2022-11-10T00:02:15.440+0000] {dag.py:3328} INFO - Setting next_dagrun for example_external_task_marker_child to None, run_after=None
[2022-11-10T00:02:15.444+0000] {logging_mixin.py:117} INFO - [2022-11-10T00:02:15.444+0000] {dag.py:3328} INFO - Setting next_dagrun for example_external_task_marker_parent to None, run_after=None
[2022-11-10T00:02:15.462+0000] {processor.py:178} INFO - Processing /home/airflow/.local/lib/python3.7/site-packages/airflow/example_dags/example_external_task_marker_dag.py took 0.296 seconds
[2022-11-10T01:24:33.965+0000] {processor.py:156} INFO - Started process (PID=12605) to work on /home/airflow/.local/lib/python3.7/site-packages/airflow/example_dags/example_external_task_marker_dag.py
[2022-11-10T01:24:33.966+0000] {processor.py:758} INFO - Processing file /home/airflow/.local/lib/python3.7/site-packages/airflow/example_dags/example_external_task_marker_dag.py for tasks to queue
[2022-11-10T01:24:33.968+0000] {logging_mixin.py:117} INFO - [2022-11-10T01:24:33.968+0000] {dagbag.py:525} INFO - Filling up the DagBag from /home/airflow/.local/lib/python3.7/site-packages/airflow/example_dags/example_external_task_marker_dag.py
[2022-11-10T01:24:33.982+0000] {processor.py:768} INFO - DAG(s) dict_keys(['example_external_task_marker_child', 'example_external_task_marker_parent']) retrieved from /home/airflow/.local/lib/python3.7/site-packages/airflow/example_dags/example_external_task_marker_dag.py
[2022-11-10T01:24:34.140+0000] {logging_mixin.py:117} INFO - [2022-11-10T01:24:34.140+0000] {dag.py:2573} INFO - Sync 2 DAGs
[2022-11-10T01:24:34.163+0000] {logging_mixin.py:117} INFO - [2022-11-10T01:24:34.162+0000] {dag.py:3328} INFO - Setting next_dagrun for example_external_task_marker_child to None, run_after=None
[2022-11-10T01:24:34.170+0000] {logging_mixin.py:117} INFO - [2022-11-10T01:24:34.170+0000] {dag.py:3328} INFO - Setting next_dagrun for example_external_task_marker_parent to None, run_after=None
[2022-11-10T01:24:34.189+0000] {processor.py:178} INFO - Processing /home/airflow/.local/lib/python3.7/site-packages/airflow/example_dags/example_external_task_marker_dag.py took 0.226 seconds
[2022-11-10T02:29:08.651+0000] {processor.py:156} INFO - Started process (PID=12668) to work on /home/airflow/.local/lib/python3.7/site-packages/airflow/example_dags/example_external_task_marker_dag.py
[2022-11-10T02:29:08.667+0000] {processor.py:758} INFO - Processing file /home/airflow/.local/lib/python3.7/site-packages/airflow/example_dags/example_external_task_marker_dag.py for tasks to queue
[2022-11-10T02:29:08.670+0000] {logging_mixin.py:117} INFO - [2022-11-10T02:29:08.669+0000] {dagbag.py:525} INFO - Filling up the DagBag from /home/airflow/.local/lib/python3.7/site-packages/airflow/example_dags/example_external_task_marker_dag.py
[2022-11-10T02:29:08.722+0000] {processor.py:768} INFO - DAG(s) dict_keys(['example_external_task_marker_child', 'example_external_task_marker_parent']) retrieved from /home/airflow/.local/lib/python3.7/site-packages/airflow/example_dags/example_external_task_marker_dag.py
[2022-11-10T02:29:09.097+0000] {logging_mixin.py:117} INFO - [2022-11-10T02:29:09.097+0000] {dag.py:2573} INFO - Sync 2 DAGs
[2022-11-10T02:29:09.139+0000] {logging_mixin.py:117} INFO - [2022-11-10T02:29:09.139+0000] {dag.py:3328} INFO - Setting next_dagrun for example_external_task_marker_child to None, run_after=None
[2022-11-10T02:29:09.145+0000] {logging_mixin.py:117} INFO - [2022-11-10T02:29:09.144+0000] {dag.py:3328} INFO - Setting next_dagrun for example_external_task_marker_parent to None, run_after=None
[2022-11-10T02:29:09.166+0000] {processor.py:178} INFO - Processing /home/airflow/.local/lib/python3.7/site-packages/airflow/example_dags/example_external_task_marker_dag.py took 0.530 seconds
[2022-11-10T03:35:47.994+0000] {processor.py:156} INFO - Started process (PID=12723) to work on /home/airflow/.local/lib/python3.7/site-packages/airflow/example_dags/example_external_task_marker_dag.py
[2022-11-10T03:35:47.996+0000] {processor.py:758} INFO - Processing file /home/airflow/.local/lib/python3.7/site-packages/airflow/example_dags/example_external_task_marker_dag.py for tasks to queue
[2022-11-10T03:35:47.997+0000] {logging_mixin.py:117} INFO - [2022-11-10T03:35:47.997+0000] {dagbag.py:525} INFO - Filling up the DagBag from /home/airflow/.local/lib/python3.7/site-packages/airflow/example_dags/example_external_task_marker_dag.py
[2022-11-10T03:35:48.011+0000] {processor.py:768} INFO - DAG(s) dict_keys(['example_external_task_marker_child', 'example_external_task_marker_parent']) retrieved from /home/airflow/.local/lib/python3.7/site-packages/airflow/example_dags/example_external_task_marker_dag.py
[2022-11-10T03:35:48.171+0000] {logging_mixin.py:117} INFO - [2022-11-10T03:35:48.171+0000] {dag.py:2573} INFO - Sync 2 DAGs
[2022-11-10T03:35:48.188+0000] {logging_mixin.py:117} INFO - [2022-11-10T03:35:48.188+0000] {dag.py:3328} INFO - Setting next_dagrun for example_external_task_marker_child to None, run_after=None
[2022-11-10T03:35:48.193+0000] {logging_mixin.py:117} INFO - [2022-11-10T03:35:48.193+0000] {dag.py:3328} INFO - Setting next_dagrun for example_external_task_marker_parent to None, run_after=None
[2022-11-10T03:35:48.206+0000] {processor.py:178} INFO - Processing /home/airflow/.local/lib/python3.7/site-packages/airflow/example_dags/example_external_task_marker_dag.py took 0.217 seconds
[2022-11-10T04:59:31.332+0000] {processor.py:156} INFO - Started process (PID=12787) to work on /home/airflow/.local/lib/python3.7/site-packages/airflow/example_dags/example_external_task_marker_dag.py
[2022-11-10T04:59:31.334+0000] {processor.py:758} INFO - Processing file /home/airflow/.local/lib/python3.7/site-packages/airflow/example_dags/example_external_task_marker_dag.py for tasks to queue
[2022-11-10T04:59:31.336+0000] {logging_mixin.py:117} INFO - [2022-11-10T04:59:31.336+0000] {dagbag.py:525} INFO - Filling up the DagBag from /home/airflow/.local/lib/python3.7/site-packages/airflow/example_dags/example_external_task_marker_dag.py
[2022-11-10T04:59:31.360+0000] {processor.py:768} INFO - DAG(s) dict_keys(['example_external_task_marker_child', 'example_external_task_marker_parent']) retrieved from /home/airflow/.local/lib/python3.7/site-packages/airflow/example_dags/example_external_task_marker_dag.py
[2022-11-10T04:59:31.629+0000] {logging_mixin.py:117} INFO - [2022-11-10T04:59:31.629+0000] {dag.py:2573} INFO - Sync 2 DAGs
[2022-11-10T04:59:31.681+0000] {logging_mixin.py:117} INFO - [2022-11-10T04:59:31.680+0000] {dag.py:3328} INFO - Setting next_dagrun for example_external_task_marker_child to None, run_after=None
[2022-11-10T04:59:31.693+0000] {logging_mixin.py:117} INFO - [2022-11-10T04:59:31.693+0000] {dag.py:3328} INFO - Setting next_dagrun for example_external_task_marker_parent to None, run_after=None
[2022-11-10T04:59:31.783+0000] {processor.py:178} INFO - Processing /home/airflow/.local/lib/python3.7/site-packages/airflow/example_dags/example_external_task_marker_dag.py took 0.457 seconds
[2022-11-10T06:22:36.956+0000] {processor.py:156} INFO - Started process (PID=12848) to work on /home/airflow/.local/lib/python3.7/site-packages/airflow/example_dags/example_external_task_marker_dag.py
[2022-11-10T06:22:36.980+0000] {processor.py:758} INFO - Processing file /home/airflow/.local/lib/python3.7/site-packages/airflow/example_dags/example_external_task_marker_dag.py for tasks to queue
[2022-11-10T06:22:36.985+0000] {logging_mixin.py:117} INFO - [2022-11-10T06:22:36.985+0000] {dagbag.py:525} INFO - Filling up the DagBag from /home/airflow/.local/lib/python3.7/site-packages/airflow/example_dags/example_external_task_marker_dag.py
[2022-11-10T06:22:37.049+0000] {processor.py:768} INFO - DAG(s) dict_keys(['example_external_task_marker_parent', 'example_external_task_marker_child']) retrieved from /home/airflow/.local/lib/python3.7/site-packages/airflow/example_dags/example_external_task_marker_dag.py
[2022-11-10T06:22:37.306+0000] {logging_mixin.py:117} INFO - [2022-11-10T06:22:37.306+0000] {dag.py:2573} INFO - Sync 2 DAGs
[2022-11-10T06:22:37.376+0000] {logging_mixin.py:117} INFO - [2022-11-10T06:22:37.376+0000] {dag.py:3328} INFO - Setting next_dagrun for example_external_task_marker_child to None, run_after=None
[2022-11-10T06:22:37.381+0000] {logging_mixin.py:117} INFO - [2022-11-10T06:22:37.381+0000] {dag.py:3328} INFO - Setting next_dagrun for example_external_task_marker_parent to None, run_after=None
[2022-11-10T06:22:37.428+0000] {processor.py:178} INFO - Processing /home/airflow/.local/lib/python3.7/site-packages/airflow/example_dags/example_external_task_marker_dag.py took 0.510 seconds
[2022-11-10T08:00:57.300+0000] {processor.py:156} INFO - Started process (PID=12905) to work on /home/airflow/.local/lib/python3.7/site-packages/airflow/example_dags/example_external_task_marker_dag.py
[2022-11-10T08:00:57.369+0000] {processor.py:758} INFO - Processing file /home/airflow/.local/lib/python3.7/site-packages/airflow/example_dags/example_external_task_marker_dag.py for tasks to queue
[2022-11-10T08:00:57.374+0000] {logging_mixin.py:117} INFO - [2022-11-10T08:00:57.374+0000] {dagbag.py:525} INFO - Filling up the DagBag from /home/airflow/.local/lib/python3.7/site-packages/airflow/example_dags/example_external_task_marker_dag.py
[2022-11-10T08:00:57.407+0000] {processor.py:768} INFO - DAG(s) dict_keys(['example_external_task_marker_child', 'example_external_task_marker_parent']) retrieved from /home/airflow/.local/lib/python3.7/site-packages/airflow/example_dags/example_external_task_marker_dag.py
[2022-11-10T08:00:58.084+0000] {logging_mixin.py:117} INFO - [2022-11-10T08:00:58.084+0000] {dag.py:2573} INFO - Sync 2 DAGs
[2022-11-10T08:00:58.256+0000] {logging_mixin.py:117} INFO - [2022-11-10T08:00:58.246+0000] {dag.py:3328} INFO - Setting next_dagrun for example_external_task_marker_child to None, run_after=None
[2022-11-10T08:00:58.279+0000] {logging_mixin.py:117} INFO - [2022-11-10T08:00:58.278+0000] {dag.py:3328} INFO - Setting next_dagrun for example_external_task_marker_parent to None, run_after=None
[2022-11-10T08:00:58.569+0000] {processor.py:178} INFO - Processing /home/airflow/.local/lib/python3.7/site-packages/airflow/example_dags/example_external_task_marker_dag.py took 1.269 seconds
[2022-11-10T09:23:12.253+0000] {processor.py:156} INFO - Started process (PID=12958) to work on /home/airflow/.local/lib/python3.7/site-packages/airflow/example_dags/example_external_task_marker_dag.py
[2022-11-10T09:23:12.280+0000] {processor.py:758} INFO - Processing file /home/airflow/.local/lib/python3.7/site-packages/airflow/example_dags/example_external_task_marker_dag.py for tasks to queue
[2022-11-10T09:23:12.288+0000] {logging_mixin.py:117} INFO - [2022-11-10T09:23:12.288+0000] {dagbag.py:525} INFO - Filling up the DagBag from /home/airflow/.local/lib/python3.7/site-packages/airflow/example_dags/example_external_task_marker_dag.py
[2022-11-10T09:23:12.359+0000] {processor.py:768} INFO - DAG(s) dict_keys(['example_external_task_marker_parent', 'example_external_task_marker_child']) retrieved from /home/airflow/.local/lib/python3.7/site-packages/airflow/example_dags/example_external_task_marker_dag.py
[2022-11-10T09:23:13.694+0000] {logging_mixin.py:117} INFO - [2022-11-10T09:23:13.694+0000] {dag.py:2573} INFO - Sync 2 DAGs
[2022-11-10T09:23:13.831+0000] {logging_mixin.py:117} INFO - [2022-11-10T09:23:13.831+0000] {dag.py:3328} INFO - Setting next_dagrun for example_external_task_marker_child to None, run_after=None
[2022-11-10T09:23:13.842+0000] {logging_mixin.py:117} INFO - [2022-11-10T09:23:13.842+0000] {dag.py:3328} INFO - Setting next_dagrun for example_external_task_marker_parent to None, run_after=None
[2022-11-10T09:23:13.898+0000] {processor.py:178} INFO - Processing /home/airflow/.local/lib/python3.7/site-packages/airflow/example_dags/example_external_task_marker_dag.py took 1.652 seconds
[2022-11-10T10:48:48.639+0000] {processor.py:156} INFO - Started process (PID=13012) to work on /home/airflow/.local/lib/python3.7/site-packages/airflow/example_dags/example_external_task_marker_dag.py
[2022-11-10T10:48:48.654+0000] {processor.py:758} INFO - Processing file /home/airflow/.local/lib/python3.7/site-packages/airflow/example_dags/example_external_task_marker_dag.py for tasks to queue
[2022-11-10T10:48:48.666+0000] {logging_mixin.py:117} INFO - [2022-11-10T10:48:48.665+0000] {dagbag.py:525} INFO - Filling up the DagBag from /home/airflow/.local/lib/python3.7/site-packages/airflow/example_dags/example_external_task_marker_dag.py
[2022-11-10T10:48:48.853+0000] {processor.py:768} INFO - DAG(s) dict_keys(['example_external_task_marker_parent', 'example_external_task_marker_child']) retrieved from /home/airflow/.local/lib/python3.7/site-packages/airflow/example_dags/example_external_task_marker_dag.py
[2022-11-10T10:48:49.304+0000] {logging_mixin.py:117} INFO - [2022-11-10T10:48:49.304+0000] {dag.py:2573} INFO - Sync 2 DAGs
[2022-11-10T10:48:49.976+0000] {logging_mixin.py:117} INFO - [2022-11-10T10:48:49.975+0000] {dag.py:3328} INFO - Setting next_dagrun for example_external_task_marker_child to None, run_after=None
[2022-11-10T10:48:50.026+0000] {logging_mixin.py:117} INFO - [2022-11-10T10:48:50.026+0000] {dag.py:3328} INFO - Setting next_dagrun for example_external_task_marker_parent to None, run_after=None
[2022-11-10T10:48:50.215+0000] {processor.py:178} INFO - Processing /home/airflow/.local/lib/python3.7/site-packages/airflow/example_dags/example_external_task_marker_dag.py took 1.577 seconds
[2022-11-10T12:11:09.438+0000] {processor.py:156} INFO - Started process (PID=13077) to work on /home/airflow/.local/lib/python3.7/site-packages/airflow/example_dags/example_external_task_marker_dag.py
[2022-11-10T12:11:09.442+0000] {processor.py:758} INFO - Processing file /home/airflow/.local/lib/python3.7/site-packages/airflow/example_dags/example_external_task_marker_dag.py for tasks to queue
[2022-11-10T12:11:09.443+0000] {logging_mixin.py:117} INFO - [2022-11-10T12:11:09.443+0000] {dagbag.py:525} INFO - Filling up the DagBag from /home/airflow/.local/lib/python3.7/site-packages/airflow/example_dags/example_external_task_marker_dag.py
[2022-11-10T12:11:09.456+0000] {processor.py:768} INFO - DAG(s) dict_keys(['example_external_task_marker_parent', 'example_external_task_marker_child']) retrieved from /home/airflow/.local/lib/python3.7/site-packages/airflow/example_dags/example_external_task_marker_dag.py
[2022-11-10T12:11:09.632+0000] {logging_mixin.py:117} INFO - [2022-11-10T12:11:09.631+0000] {dag.py:2573} INFO - Sync 2 DAGs
[2022-11-10T12:11:09.650+0000] {logging_mixin.py:117} INFO - [2022-11-10T12:11:09.650+0000] {dag.py:3328} INFO - Setting next_dagrun for example_external_task_marker_child to None, run_after=None
[2022-11-10T12:11:09.656+0000] {logging_mixin.py:117} INFO - [2022-11-10T12:11:09.656+0000] {dag.py:3328} INFO - Setting next_dagrun for example_external_task_marker_parent to None, run_after=None
[2022-11-10T12:11:09.666+0000] {processor.py:178} INFO - Processing /home/airflow/.local/lib/python3.7/site-packages/airflow/example_dags/example_external_task_marker_dag.py took 0.230 seconds
[2022-11-10T13:33:30.497+0000] {processor.py:156} INFO - Started process (PID=13124) to work on /home/airflow/.local/lib/python3.7/site-packages/airflow/example_dags/example_external_task_marker_dag.py
[2022-11-10T13:33:30.503+0000] {processor.py:758} INFO - Processing file /home/airflow/.local/lib/python3.7/site-packages/airflow/example_dags/example_external_task_marker_dag.py for tasks to queue
[2022-11-10T13:33:30.507+0000] {logging_mixin.py:117} INFO - [2022-11-10T13:33:30.507+0000] {dagbag.py:525} INFO - Filling up the DagBag from /home/airflow/.local/lib/python3.7/site-packages/airflow/example_dags/example_external_task_marker_dag.py
[2022-11-10T13:33:30.529+0000] {processor.py:768} INFO - DAG(s) dict_keys(['example_external_task_marker_parent', 'example_external_task_marker_child']) retrieved from /home/airflow/.local/lib/python3.7/site-packages/airflow/example_dags/example_external_task_marker_dag.py
[2022-11-10T13:33:30.877+0000] {logging_mixin.py:117} INFO - [2022-11-10T13:33:30.877+0000] {dag.py:2573} INFO - Sync 2 DAGs
[2022-11-10T13:33:30.900+0000] {logging_mixin.py:117} INFO - [2022-11-10T13:33:30.900+0000] {dag.py:3328} INFO - Setting next_dagrun for example_external_task_marker_child to None, run_after=None
[2022-11-10T13:33:30.905+0000] {logging_mixin.py:117} INFO - [2022-11-10T13:33:30.904+0000] {dag.py:3328} INFO - Setting next_dagrun for example_external_task_marker_parent to None, run_after=None
[2022-11-10T13:33:30.923+0000] {processor.py:178} INFO - Processing /home/airflow/.local/lib/python3.7/site-packages/airflow/example_dags/example_external_task_marker_dag.py took 0.431 seconds
[2022-11-10T14:37:25.188+0000] {processor.py:156} INFO - Started process (PID=13178) to work on /home/airflow/.local/lib/python3.7/site-packages/airflow/example_dags/example_external_task_marker_dag.py
[2022-11-10T14:37:25.191+0000] {processor.py:758} INFO - Processing file /home/airflow/.local/lib/python3.7/site-packages/airflow/example_dags/example_external_task_marker_dag.py for tasks to queue
[2022-11-10T14:37:25.195+0000] {logging_mixin.py:117} INFO - [2022-11-10T14:37:25.195+0000] {dagbag.py:525} INFO - Filling up the DagBag from /home/airflow/.local/lib/python3.7/site-packages/airflow/example_dags/example_external_task_marker_dag.py
[2022-11-10T14:37:25.218+0000] {processor.py:768} INFO - DAG(s) dict_keys(['example_external_task_marker_parent', 'example_external_task_marker_child']) retrieved from /home/airflow/.local/lib/python3.7/site-packages/airflow/example_dags/example_external_task_marker_dag.py
[2022-11-10T14:37:25.529+0000] {logging_mixin.py:117} INFO - [2022-11-10T14:37:25.527+0000] {dag.py:2573} INFO - Sync 2 DAGs
[2022-11-10T14:37:25.564+0000] {logging_mixin.py:117} INFO - [2022-11-10T14:37:25.564+0000] {dag.py:3328} INFO - Setting next_dagrun for example_external_task_marker_child to None, run_after=None
[2022-11-10T14:37:25.571+0000] {logging_mixin.py:117} INFO - [2022-11-10T14:37:25.571+0000] {dag.py:3328} INFO - Setting next_dagrun for example_external_task_marker_parent to None, run_after=None
[2022-11-10T14:37:25.600+0000] {processor.py:178} INFO - Processing /home/airflow/.local/lib/python3.7/site-packages/airflow/example_dags/example_external_task_marker_dag.py took 0.415 seconds
[2022-11-10T14:45:48.036+0000] {processor.py:156} INFO - Started process (PID=13242) to work on /home/airflow/.local/lib/python3.7/site-packages/airflow/example_dags/example_external_task_marker_dag.py
[2022-11-10T14:45:48.044+0000] {processor.py:758} INFO - Processing file /home/airflow/.local/lib/python3.7/site-packages/airflow/example_dags/example_external_task_marker_dag.py for tasks to queue
[2022-11-10T14:45:48.050+0000] {logging_mixin.py:117} INFO - [2022-11-10T14:45:48.048+0000] {dagbag.py:525} INFO - Filling up the DagBag from /home/airflow/.local/lib/python3.7/site-packages/airflow/example_dags/example_external_task_marker_dag.py
[2022-11-10T14:45:48.089+0000] {processor.py:768} INFO - DAG(s) dict_keys(['example_external_task_marker_parent', 'example_external_task_marker_child']) retrieved from /home/airflow/.local/lib/python3.7/site-packages/airflow/example_dags/example_external_task_marker_dag.py
[2022-11-10T14:45:48.501+0000] {logging_mixin.py:117} INFO - [2022-11-10T14:45:48.500+0000] {dag.py:2573} INFO - Sync 2 DAGs
[2022-11-10T14:45:48.840+0000] {logging_mixin.py:117} INFO - [2022-11-10T14:45:48.838+0000] {dag.py:3328} INFO - Setting next_dagrun for example_external_task_marker_child to None, run_after=None
[2022-11-10T14:45:48.869+0000] {logging_mixin.py:117} INFO - [2022-11-10T14:45:48.869+0000] {dag.py:3328} INFO - Setting next_dagrun for example_external_task_marker_parent to None, run_after=None
[2022-11-10T14:45:48.980+0000] {processor.py:178} INFO - Processing /home/airflow/.local/lib/python3.7/site-packages/airflow/example_dags/example_external_task_marker_dag.py took 0.948 seconds
[2022-11-10T15:05:02.712+0000] {processor.py:156} INFO - Started process (PID=13306) to work on /home/airflow/.local/lib/python3.7/site-packages/airflow/example_dags/example_external_task_marker_dag.py
[2022-11-10T15:05:02.715+0000] {processor.py:758} INFO - Processing file /home/airflow/.local/lib/python3.7/site-packages/airflow/example_dags/example_external_task_marker_dag.py for tasks to queue
[2022-11-10T15:05:02.716+0000] {logging_mixin.py:117} INFO - [2022-11-10T15:05:02.716+0000] {dagbag.py:525} INFO - Filling up the DagBag from /home/airflow/.local/lib/python3.7/site-packages/airflow/example_dags/example_external_task_marker_dag.py
[2022-11-10T15:05:02.731+0000] {processor.py:768} INFO - DAG(s) dict_keys(['example_external_task_marker_parent', 'example_external_task_marker_child']) retrieved from /home/airflow/.local/lib/python3.7/site-packages/airflow/example_dags/example_external_task_marker_dag.py
[2022-11-10T15:05:02.886+0000] {logging_mixin.py:117} INFO - [2022-11-10T15:05:02.886+0000] {dag.py:2573} INFO - Sync 2 DAGs
[2022-11-10T15:05:02.913+0000] {logging_mixin.py:117} INFO - [2022-11-10T15:05:02.913+0000] {dag.py:3328} INFO - Setting next_dagrun for example_external_task_marker_child to None, run_after=None
[2022-11-10T15:05:02.915+0000] {logging_mixin.py:117} INFO - [2022-11-10T15:05:02.915+0000] {dag.py:3328} INFO - Setting next_dagrun for example_external_task_marker_parent to None, run_after=None
[2022-11-10T15:05:02.926+0000] {processor.py:178} INFO - Processing /home/airflow/.local/lib/python3.7/site-packages/airflow/example_dags/example_external_task_marker_dag.py took 0.218 seconds
[2022-11-10T16:10:41.148+0000] {processor.py:156} INFO - Started process (PID=13352) to work on /home/airflow/.local/lib/python3.7/site-packages/airflow/example_dags/example_external_task_marker_dag.py
[2022-11-10T16:10:41.153+0000] {processor.py:758} INFO - Processing file /home/airflow/.local/lib/python3.7/site-packages/airflow/example_dags/example_external_task_marker_dag.py for tasks to queue
[2022-11-10T16:10:41.155+0000] {logging_mixin.py:117} INFO - [2022-11-10T16:10:41.155+0000] {dagbag.py:525} INFO - Filling up the DagBag from /home/airflow/.local/lib/python3.7/site-packages/airflow/example_dags/example_external_task_marker_dag.py
[2022-11-10T16:10:41.175+0000] {processor.py:768} INFO - DAG(s) dict_keys(['example_external_task_marker_child', 'example_external_task_marker_parent']) retrieved from /home/airflow/.local/lib/python3.7/site-packages/airflow/example_dags/example_external_task_marker_dag.py
[2022-11-10T16:10:41.432+0000] {logging_mixin.py:117} INFO - [2022-11-10T16:10:41.432+0000] {dag.py:2573} INFO - Sync 2 DAGs
[2022-11-10T16:10:41.492+0000] {logging_mixin.py:117} INFO - [2022-11-10T16:10:41.491+0000] {dag.py:3328} INFO - Setting next_dagrun for example_external_task_marker_child to None, run_after=None
[2022-11-10T16:10:41.505+0000] {logging_mixin.py:117} INFO - [2022-11-10T16:10:41.505+0000] {dag.py:3328} INFO - Setting next_dagrun for example_external_task_marker_parent to None, run_after=None
[2022-11-10T16:10:41.537+0000] {processor.py:178} INFO - Processing /home/airflow/.local/lib/python3.7/site-packages/airflow/example_dags/example_external_task_marker_dag.py took 0.392 seconds
[2022-11-10T17:34:45.600+0000] {processor.py:156} INFO - Started process (PID=13414) to work on /home/airflow/.local/lib/python3.7/site-packages/airflow/example_dags/example_external_task_marker_dag.py
[2022-11-10T17:34:45.605+0000] {processor.py:758} INFO - Processing file /home/airflow/.local/lib/python3.7/site-packages/airflow/example_dags/example_external_task_marker_dag.py for tasks to queue
[2022-11-10T17:34:45.607+0000] {logging_mixin.py:117} INFO - [2022-11-10T17:34:45.606+0000] {dagbag.py:525} INFO - Filling up the DagBag from /home/airflow/.local/lib/python3.7/site-packages/airflow/example_dags/example_external_task_marker_dag.py
[2022-11-10T17:34:45.621+0000] {processor.py:768} INFO - DAG(s) dict_keys(['example_external_task_marker_parent', 'example_external_task_marker_child']) retrieved from /home/airflow/.local/lib/python3.7/site-packages/airflow/example_dags/example_external_task_marker_dag.py
[2022-11-10T17:34:45.832+0000] {logging_mixin.py:117} INFO - [2022-11-10T17:34:45.831+0000] {dag.py:2573} INFO - Sync 2 DAGs
[2022-11-10T17:34:45.861+0000] {logging_mixin.py:117} INFO - [2022-11-10T17:34:45.861+0000] {dag.py:3328} INFO - Setting next_dagrun for example_external_task_marker_child to None, run_after=None
[2022-11-10T17:34:45.865+0000] {logging_mixin.py:117} INFO - [2022-11-10T17:34:45.865+0000] {dag.py:3328} INFO - Setting next_dagrun for example_external_task_marker_parent to None, run_after=None
[2022-11-10T17:34:45.880+0000] {processor.py:178} INFO - Processing /home/airflow/.local/lib/python3.7/site-packages/airflow/example_dags/example_external_task_marker_dag.py took 0.282 seconds
[2022-11-10T18:57:18.880+0000] {processor.py:156} INFO - Started process (PID=13470) to work on /home/airflow/.local/lib/python3.7/site-packages/airflow/example_dags/example_external_task_marker_dag.py
[2022-11-10T18:57:18.885+0000] {processor.py:758} INFO - Processing file /home/airflow/.local/lib/python3.7/site-packages/airflow/example_dags/example_external_task_marker_dag.py for tasks to queue
[2022-11-10T18:57:18.929+0000] {logging_mixin.py:117} INFO - [2022-11-10T18:57:18.928+0000] {dagbag.py:525} INFO - Filling up the DagBag from /home/airflow/.local/lib/python3.7/site-packages/airflow/example_dags/example_external_task_marker_dag.py
[2022-11-10T18:57:18.987+0000] {processor.py:768} INFO - DAG(s) dict_keys(['example_external_task_marker_parent', 'example_external_task_marker_child']) retrieved from /home/airflow/.local/lib/python3.7/site-packages/airflow/example_dags/example_external_task_marker_dag.py
[2022-11-10T18:57:19.681+0000] {logging_mixin.py:117} INFO - [2022-11-10T18:57:19.680+0000] {dag.py:2573} INFO - Sync 2 DAGs
[2022-11-10T18:57:19.734+0000] {logging_mixin.py:117} INFO - [2022-11-10T18:57:19.734+0000] {dag.py:3328} INFO - Setting next_dagrun for example_external_task_marker_child to None, run_after=None
[2022-11-10T18:57:19.763+0000] {logging_mixin.py:117} INFO - [2022-11-10T18:57:19.763+0000] {dag.py:3328} INFO - Setting next_dagrun for example_external_task_marker_parent to None, run_after=None
[2022-11-10T18:57:19.840+0000] {processor.py:178} INFO - Processing /home/airflow/.local/lib/python3.7/site-packages/airflow/example_dags/example_external_task_marker_dag.py took 0.963 seconds
[2022-11-10T19:05:33.944+0000] {processor.py:156} INFO - Started process (PID=13526) to work on /home/airflow/.local/lib/python3.7/site-packages/airflow/example_dags/example_external_task_marker_dag.py
[2022-11-10T19:05:33.946+0000] {processor.py:758} INFO - Processing file /home/airflow/.local/lib/python3.7/site-packages/airflow/example_dags/example_external_task_marker_dag.py for tasks to queue
[2022-11-10T19:05:33.950+0000] {logging_mixin.py:117} INFO - [2022-11-10T19:05:33.950+0000] {dagbag.py:525} INFO - Filling up the DagBag from /home/airflow/.local/lib/python3.7/site-packages/airflow/example_dags/example_external_task_marker_dag.py
[2022-11-10T19:05:33.979+0000] {processor.py:768} INFO - DAG(s) dict_keys(['example_external_task_marker_parent', 'example_external_task_marker_child']) retrieved from /home/airflow/.local/lib/python3.7/site-packages/airflow/example_dags/example_external_task_marker_dag.py
[2022-11-10T19:05:34.403+0000] {logging_mixin.py:117} INFO - [2022-11-10T19:05:34.403+0000] {dag.py:2573} INFO - Sync 2 DAGs
[2022-11-10T19:05:34.436+0000] {logging_mixin.py:117} INFO - [2022-11-10T19:05:34.435+0000] {dag.py:3328} INFO - Setting next_dagrun for example_external_task_marker_child to None, run_after=None
[2022-11-10T19:05:34.444+0000] {logging_mixin.py:117} INFO - [2022-11-10T19:05:34.444+0000] {dag.py:3328} INFO - Setting next_dagrun for example_external_task_marker_parent to None, run_after=None
[2022-11-10T19:05:34.463+0000] {processor.py:178} INFO - Processing /home/airflow/.local/lib/python3.7/site-packages/airflow/example_dags/example_external_task_marker_dag.py took 0.522 seconds
[2022-11-10T20:13:45.836+0000] {processor.py:156} INFO - Started process (PID=13590) to work on /home/airflow/.local/lib/python3.7/site-packages/airflow/example_dags/example_external_task_marker_dag.py
[2022-11-10T20:13:45.841+0000] {processor.py:758} INFO - Processing file /home/airflow/.local/lib/python3.7/site-packages/airflow/example_dags/example_external_task_marker_dag.py for tasks to queue
[2022-11-10T20:13:45.843+0000] {logging_mixin.py:117} INFO - [2022-11-10T20:13:45.843+0000] {dagbag.py:525} INFO - Filling up the DagBag from /home/airflow/.local/lib/python3.7/site-packages/airflow/example_dags/example_external_task_marker_dag.py
[2022-11-10T20:13:45.880+0000] {processor.py:768} INFO - DAG(s) dict_keys(['example_external_task_marker_parent', 'example_external_task_marker_child']) retrieved from /home/airflow/.local/lib/python3.7/site-packages/airflow/example_dags/example_external_task_marker_dag.py
[2022-11-10T20:13:46.089+0000] {logging_mixin.py:117} INFO - [2022-11-10T20:13:46.089+0000] {dag.py:2573} INFO - Sync 2 DAGs
[2022-11-10T20:13:46.138+0000] {logging_mixin.py:117} INFO - [2022-11-10T20:13:46.137+0000] {dag.py:3328} INFO - Setting next_dagrun for example_external_task_marker_child to None, run_after=None
[2022-11-10T20:13:46.146+0000] {logging_mixin.py:117} INFO - [2022-11-10T20:13:46.146+0000] {dag.py:3328} INFO - Setting next_dagrun for example_external_task_marker_parent to None, run_after=None
[2022-11-10T20:13:46.170+0000] {processor.py:178} INFO - Processing /home/airflow/.local/lib/python3.7/site-packages/airflow/example_dags/example_external_task_marker_dag.py took 0.338 seconds
[2022-11-10T21:37:18.228+0000] {processor.py:156} INFO - Started process (PID=13653) to work on /home/airflow/.local/lib/python3.7/site-packages/airflow/example_dags/example_external_task_marker_dag.py
[2022-11-10T21:37:18.232+0000] {processor.py:758} INFO - Processing file /home/airflow/.local/lib/python3.7/site-packages/airflow/example_dags/example_external_task_marker_dag.py for tasks to queue
[2022-11-10T21:37:18.234+0000] {logging_mixin.py:117} INFO - [2022-11-10T21:37:18.234+0000] {dagbag.py:525} INFO - Filling up the DagBag from /home/airflow/.local/lib/python3.7/site-packages/airflow/example_dags/example_external_task_marker_dag.py
[2022-11-10T21:37:18.248+0000] {processor.py:768} INFO - DAG(s) dict_keys(['example_external_task_marker_parent', 'example_external_task_marker_child']) retrieved from /home/airflow/.local/lib/python3.7/site-packages/airflow/example_dags/example_external_task_marker_dag.py
[2022-11-10T21:37:18.532+0000] {logging_mixin.py:117} INFO - [2022-11-10T21:37:18.532+0000] {dag.py:2573} INFO - Sync 2 DAGs
[2022-11-10T21:37:18.592+0000] {logging_mixin.py:117} INFO - [2022-11-10T21:37:18.592+0000] {dag.py:3328} INFO - Setting next_dagrun for example_external_task_marker_child to None, run_after=None
[2022-11-10T21:37:18.598+0000] {logging_mixin.py:117} INFO - [2022-11-10T21:37:18.597+0000] {dag.py:3328} INFO - Setting next_dagrun for example_external_task_marker_parent to None, run_after=None
[2022-11-10T21:37:18.618+0000] {processor.py:178} INFO - Processing /home/airflow/.local/lib/python3.7/site-packages/airflow/example_dags/example_external_task_marker_dag.py took 0.394 seconds
[2022-11-10T23:18:22.761+0000] {processor.py:156} INFO - Started process (PID=13709) to work on /home/airflow/.local/lib/python3.7/site-packages/airflow/example_dags/example_external_task_marker_dag.py
[2022-11-10T23:18:22.766+0000] {processor.py:758} INFO - Processing file /home/airflow/.local/lib/python3.7/site-packages/airflow/example_dags/example_external_task_marker_dag.py for tasks to queue
[2022-11-10T23:18:22.772+0000] {logging_mixin.py:117} INFO - [2022-11-10T23:18:22.772+0000] {dagbag.py:525} INFO - Filling up the DagBag from /home/airflow/.local/lib/python3.7/site-packages/airflow/example_dags/example_external_task_marker_dag.py
[2022-11-10T23:18:22.836+0000] {processor.py:768} INFO - DAG(s) dict_keys(['example_external_task_marker_child', 'example_external_task_marker_parent']) retrieved from /home/airflow/.local/lib/python3.7/site-packages/airflow/example_dags/example_external_task_marker_dag.py
[2022-11-10T23:18:23.596+0000] {logging_mixin.py:117} INFO - [2022-11-10T23:18:23.595+0000] {dag.py:2573} INFO - Sync 2 DAGs
[2022-11-10T23:18:23.840+0000] {logging_mixin.py:117} INFO - [2022-11-10T23:18:23.839+0000] {dag.py:3328} INFO - Setting next_dagrun for example_external_task_marker_child to None, run_after=None
[2022-11-10T23:18:23.854+0000] {logging_mixin.py:117} INFO - [2022-11-10T23:18:23.854+0000] {dag.py:3328} INFO - Setting next_dagrun for example_external_task_marker_parent to None, run_after=None
[2022-11-10T23:18:23.988+0000] {processor.py:178} INFO - Processing /home/airflow/.local/lib/python3.7/site-packages/airflow/example_dags/example_external_task_marker_dag.py took 1.232 seconds
