[2022-11-10T00:02:11.360+0000] {processor.py:156} INFO - Started process (PID=12524) to work on /home/airflow/.local/lib/python3.7/site-packages/airflow/example_dags/example_kubernetes_executor.py
[2022-11-10T00:02:11.402+0000] {processor.py:758} INFO - Processing file /home/airflow/.local/lib/python3.7/site-packages/airflow/example_dags/example_kubernetes_executor.py for tasks to queue
[2022-11-10T00:02:11.406+0000] {logging_mixin.py:117} INFO - [2022-11-10T00:02:11.406+0000] {dagbag.py:525} INFO - Filling up the DagBag from /home/airflow/.local/lib/python3.7/site-packages/airflow/example_dags/example_kubernetes_executor.py
[2022-11-10T00:02:11.481+0000] {processor.py:768} INFO - DAG(s) dict_keys(['example_kubernetes_executor']) retrieved from /home/airflow/.local/lib/python3.7/site-packages/airflow/example_dags/example_kubernetes_executor.py
[2022-11-10T00:02:11.582+0000] {logging_mixin.py:117} INFO - [2022-11-10T00:02:11.582+0000] {dag.py:2573} INFO - Sync 1 DAGs
[2022-11-10T00:02:11.655+0000] {logging_mixin.py:117} INFO - [2022-11-10T00:02:11.655+0000] {dag.py:3328} INFO - Setting next_dagrun for example_kubernetes_executor to None, run_after=None
[2022-11-10T00:02:11.707+0000] {processor.py:178} INFO - Processing /home/airflow/.local/lib/python3.7/site-packages/airflow/example_dags/example_kubernetes_executor.py took 0.352 seconds
[2022-11-10T01:24:32.301+0000] {processor.py:156} INFO - Started process (PID=12588) to work on /home/airflow/.local/lib/python3.7/site-packages/airflow/example_dags/example_kubernetes_executor.py
[2022-11-10T01:24:32.303+0000] {processor.py:758} INFO - Processing file /home/airflow/.local/lib/python3.7/site-packages/airflow/example_dags/example_kubernetes_executor.py for tasks to queue
[2022-11-10T01:24:32.305+0000] {logging_mixin.py:117} INFO - [2022-11-10T01:24:32.305+0000] {dagbag.py:525} INFO - Filling up the DagBag from /home/airflow/.local/lib/python3.7/site-packages/airflow/example_dags/example_kubernetes_executor.py
[2022-11-10T01:24:32.389+0000] {processor.py:768} INFO - DAG(s) dict_keys(['example_kubernetes_executor']) retrieved from /home/airflow/.local/lib/python3.7/site-packages/airflow/example_dags/example_kubernetes_executor.py
[2022-11-10T01:24:32.450+0000] {logging_mixin.py:117} INFO - [2022-11-10T01:24:32.449+0000] {dag.py:2573} INFO - Sync 1 DAGs
[2022-11-10T01:24:32.476+0000] {logging_mixin.py:117} INFO - [2022-11-10T01:24:32.476+0000] {dag.py:3328} INFO - Setting next_dagrun for example_kubernetes_executor to None, run_after=None
[2022-11-10T01:24:32.491+0000] {processor.py:178} INFO - Processing /home/airflow/.local/lib/python3.7/site-packages/airflow/example_dags/example_kubernetes_executor.py took 0.196 seconds
[2022-11-10T02:29:05.020+0000] {processor.py:156} INFO - Started process (PID=12643) to work on /home/airflow/.local/lib/python3.7/site-packages/airflow/example_dags/example_kubernetes_executor.py
[2022-11-10T02:29:05.027+0000] {processor.py:758} INFO - Processing file /home/airflow/.local/lib/python3.7/site-packages/airflow/example_dags/example_kubernetes_executor.py for tasks to queue
[2022-11-10T02:29:05.028+0000] {logging_mixin.py:117} INFO - [2022-11-10T02:29:05.028+0000] {dagbag.py:525} INFO - Filling up the DagBag from /home/airflow/.local/lib/python3.7/site-packages/airflow/example_dags/example_kubernetes_executor.py
[2022-11-10T02:29:05.079+0000] {processor.py:768} INFO - DAG(s) dict_keys(['example_kubernetes_executor']) retrieved from /home/airflow/.local/lib/python3.7/site-packages/airflow/example_dags/example_kubernetes_executor.py
[2022-11-10T02:29:05.166+0000] {logging_mixin.py:117} INFO - [2022-11-10T02:29:05.166+0000] {dag.py:2573} INFO - Sync 1 DAGs
[2022-11-10T02:29:05.248+0000] {logging_mixin.py:117} INFO - [2022-11-10T02:29:05.248+0000] {dag.py:3328} INFO - Setting next_dagrun for example_kubernetes_executor to None, run_after=None
[2022-11-10T02:29:05.350+0000] {processor.py:178} INFO - Processing /home/airflow/.local/lib/python3.7/site-packages/airflow/example_dags/example_kubernetes_executor.py took 0.335 seconds
[2022-11-10T03:35:46.477+0000] {processor.py:156} INFO - Started process (PID=12706) to work on /home/airflow/.local/lib/python3.7/site-packages/airflow/example_dags/example_kubernetes_executor.py
[2022-11-10T03:35:46.479+0000] {processor.py:758} INFO - Processing file /home/airflow/.local/lib/python3.7/site-packages/airflow/example_dags/example_kubernetes_executor.py for tasks to queue
[2022-11-10T03:35:46.483+0000] {logging_mixin.py:117} INFO - [2022-11-10T03:35:46.483+0000] {dagbag.py:525} INFO - Filling up the DagBag from /home/airflow/.local/lib/python3.7/site-packages/airflow/example_dags/example_kubernetes_executor.py
[2022-11-10T03:35:46.509+0000] {processor.py:768} INFO - DAG(s) dict_keys(['example_kubernetes_executor']) retrieved from /home/airflow/.local/lib/python3.7/site-packages/airflow/example_dags/example_kubernetes_executor.py
[2022-11-10T03:35:46.561+0000] {logging_mixin.py:117} INFO - [2022-11-10T03:35:46.561+0000] {dag.py:2573} INFO - Sync 1 DAGs
[2022-11-10T03:35:46.587+0000] {logging_mixin.py:117} INFO - [2022-11-10T03:35:46.587+0000] {dag.py:3328} INFO - Setting next_dagrun for example_kubernetes_executor to None, run_after=None
[2022-11-10T03:35:46.608+0000] {processor.py:178} INFO - Processing /home/airflow/.local/lib/python3.7/site-packages/airflow/example_dags/example_kubernetes_executor.py took 0.133 seconds
[2022-11-10T04:59:23.091+0000] {processor.py:156} INFO - Started process (PID=12761) to work on /home/airflow/.local/lib/python3.7/site-packages/airflow/example_dags/example_kubernetes_executor.py
[2022-11-10T04:59:23.094+0000] {processor.py:758} INFO - Processing file /home/airflow/.local/lib/python3.7/site-packages/airflow/example_dags/example_kubernetes_executor.py for tasks to queue
[2022-11-10T04:59:23.097+0000] {logging_mixin.py:117} INFO - [2022-11-10T04:59:23.097+0000] {dagbag.py:525} INFO - Filling up the DagBag from /home/airflow/.local/lib/python3.7/site-packages/airflow/example_dags/example_kubernetes_executor.py
[2022-11-10T04:59:23.135+0000] {processor.py:768} INFO - DAG(s) dict_keys(['example_kubernetes_executor']) retrieved from /home/airflow/.local/lib/python3.7/site-packages/airflow/example_dags/example_kubernetes_executor.py
[2022-11-10T04:59:23.187+0000] {logging_mixin.py:117} INFO - [2022-11-10T04:59:23.187+0000] {dag.py:2573} INFO - Sync 1 DAGs
[2022-11-10T04:59:23.238+0000] {logging_mixin.py:117} INFO - [2022-11-10T04:59:23.237+0000] {dag.py:3328} INFO - Setting next_dagrun for example_kubernetes_executor to None, run_after=None
[2022-11-10T04:59:23.265+0000] {processor.py:178} INFO - Processing /home/airflow/.local/lib/python3.7/site-packages/airflow/example_dags/example_kubernetes_executor.py took 0.175 seconds
[2022-11-10T06:22:28.617+0000] {processor.py:156} INFO - Started process (PID=12825) to work on /home/airflow/.local/lib/python3.7/site-packages/airflow/example_dags/example_kubernetes_executor.py
[2022-11-10T06:22:28.625+0000] {processor.py:758} INFO - Processing file /home/airflow/.local/lib/python3.7/site-packages/airflow/example_dags/example_kubernetes_executor.py for tasks to queue
[2022-11-10T06:22:28.634+0000] {logging_mixin.py:117} INFO - [2022-11-10T06:22:28.634+0000] {dagbag.py:525} INFO - Filling up the DagBag from /home/airflow/.local/lib/python3.7/site-packages/airflow/example_dags/example_kubernetes_executor.py
[2022-11-10T06:22:28.685+0000] {processor.py:768} INFO - DAG(s) dict_keys(['example_kubernetes_executor']) retrieved from /home/airflow/.local/lib/python3.7/site-packages/airflow/example_dags/example_kubernetes_executor.py
[2022-11-10T06:22:28.858+0000] {logging_mixin.py:117} INFO - [2022-11-10T06:22:28.858+0000] {dag.py:2573} INFO - Sync 1 DAGs
[2022-11-10T06:22:29.020+0000] {logging_mixin.py:117} INFO - [2022-11-10T06:22:29.020+0000] {dag.py:3328} INFO - Setting next_dagrun for example_kubernetes_executor to None, run_after=None
[2022-11-10T06:22:29.095+0000] {processor.py:178} INFO - Processing /home/airflow/.local/lib/python3.7/site-packages/airflow/example_dags/example_kubernetes_executor.py took 0.484 seconds
[2022-11-10T08:00:50.603+0000] {processor.py:156} INFO - Started process (PID=12879) to work on /home/airflow/.local/lib/python3.7/site-packages/airflow/example_dags/example_kubernetes_executor.py
[2022-11-10T08:00:50.627+0000] {processor.py:758} INFO - Processing file /home/airflow/.local/lib/python3.7/site-packages/airflow/example_dags/example_kubernetes_executor.py for tasks to queue
[2022-11-10T08:00:50.632+0000] {logging_mixin.py:117} INFO - [2022-11-10T08:00:50.632+0000] {dagbag.py:525} INFO - Filling up the DagBag from /home/airflow/.local/lib/python3.7/site-packages/airflow/example_dags/example_kubernetes_executor.py
[2022-11-10T08:00:50.913+0000] {processor.py:768} INFO - DAG(s) dict_keys(['example_kubernetes_executor']) retrieved from /home/airflow/.local/lib/python3.7/site-packages/airflow/example_dags/example_kubernetes_executor.py
[2022-11-10T08:00:51.426+0000] {logging_mixin.py:117} INFO - [2022-11-10T08:00:51.426+0000] {dag.py:2573} INFO - Sync 1 DAGs
[2022-11-10T08:00:51.649+0000] {logging_mixin.py:117} INFO - [2022-11-10T08:00:51.649+0000] {dag.py:3328} INFO - Setting next_dagrun for example_kubernetes_executor to None, run_after=None
[2022-11-10T08:00:51.744+0000] {processor.py:178} INFO - Processing /home/airflow/.local/lib/python3.7/site-packages/airflow/example_dags/example_kubernetes_executor.py took 1.143 seconds
[2022-11-10T09:23:05.399+0000] {processor.py:156} INFO - Started process (PID=12941) to work on /home/airflow/.local/lib/python3.7/site-packages/airflow/example_dags/example_kubernetes_executor.py
[2022-11-10T09:23:05.404+0000] {processor.py:758} INFO - Processing file /home/airflow/.local/lib/python3.7/site-packages/airflow/example_dags/example_kubernetes_executor.py for tasks to queue
[2022-11-10T09:23:05.426+0000] {logging_mixin.py:117} INFO - [2022-11-10T09:23:05.426+0000] {dagbag.py:525} INFO - Filling up the DagBag from /home/airflow/.local/lib/python3.7/site-packages/airflow/example_dags/example_kubernetes_executor.py
[2022-11-10T09:23:05.516+0000] {processor.py:768} INFO - DAG(s) dict_keys(['example_kubernetes_executor']) retrieved from /home/airflow/.local/lib/python3.7/site-packages/airflow/example_dags/example_kubernetes_executor.py
[2022-11-10T09:23:05.637+0000] {logging_mixin.py:117} INFO - [2022-11-10T09:23:05.637+0000] {dag.py:2573} INFO - Sync 1 DAGs
[2022-11-10T09:23:05.707+0000] {logging_mixin.py:117} INFO - [2022-11-10T09:23:05.707+0000] {dag.py:3328} INFO - Setting next_dagrun for example_kubernetes_executor to None, run_after=None
[2022-11-10T09:23:05.811+0000] {processor.py:178} INFO - Processing /home/airflow/.local/lib/python3.7/site-packages/airflow/example_dags/example_kubernetes_executor.py took 0.417 seconds
[2022-11-10T10:48:45.193+0000] {processor.py:156} INFO - Started process (PID=12995) to work on /home/airflow/.local/lib/python3.7/site-packages/airflow/example_dags/example_kubernetes_executor.py
[2022-11-10T10:48:45.208+0000] {processor.py:758} INFO - Processing file /home/airflow/.local/lib/python3.7/site-packages/airflow/example_dags/example_kubernetes_executor.py for tasks to queue
[2022-11-10T10:48:45.230+0000] {logging_mixin.py:117} INFO - [2022-11-10T10:48:45.230+0000] {dagbag.py:525} INFO - Filling up the DagBag from /home/airflow/.local/lib/python3.7/site-packages/airflow/example_dags/example_kubernetes_executor.py
[2022-11-10T10:48:45.586+0000] {processor.py:768} INFO - DAG(s) dict_keys(['example_kubernetes_executor']) retrieved from /home/airflow/.local/lib/python3.7/site-packages/airflow/example_dags/example_kubernetes_executor.py
[2022-11-10T10:48:45.743+0000] {logging_mixin.py:117} INFO - [2022-11-10T10:48:45.743+0000] {dag.py:2573} INFO - Sync 1 DAGs
[2022-11-10T10:48:45.806+0000] {logging_mixin.py:117} INFO - [2022-11-10T10:48:45.805+0000] {dag.py:3328} INFO - Setting next_dagrun for example_kubernetes_executor to None, run_after=None
[2022-11-10T10:48:45.890+0000] {processor.py:178} INFO - Processing /home/airflow/.local/lib/python3.7/site-packages/airflow/example_dags/example_kubernetes_executor.py took 0.712 seconds
[2022-11-10T12:10:58.810+0000] {processor.py:156} INFO - Started process (PID=13051) to work on /home/airflow/.local/lib/python3.7/site-packages/airflow/example_dags/example_kubernetes_executor.py
[2022-11-10T12:10:58.813+0000] {processor.py:758} INFO - Processing file /home/airflow/.local/lib/python3.7/site-packages/airflow/example_dags/example_kubernetes_executor.py for tasks to queue
[2022-11-10T12:10:58.815+0000] {logging_mixin.py:117} INFO - [2022-11-10T12:10:58.814+0000] {dagbag.py:525} INFO - Filling up the DagBag from /home/airflow/.local/lib/python3.7/site-packages/airflow/example_dags/example_kubernetes_executor.py
[2022-11-10T12:10:58.854+0000] {processor.py:768} INFO - DAG(s) dict_keys(['example_kubernetes_executor']) retrieved from /home/airflow/.local/lib/python3.7/site-packages/airflow/example_dags/example_kubernetes_executor.py
[2022-11-10T12:10:58.943+0000] {logging_mixin.py:117} INFO - [2022-11-10T12:10:58.943+0000] {dag.py:2573} INFO - Sync 1 DAGs
[2022-11-10T12:10:58.993+0000] {logging_mixin.py:117} INFO - [2022-11-10T12:10:58.993+0000] {dag.py:3328} INFO - Setting next_dagrun for example_kubernetes_executor to None, run_after=None
[2022-11-10T12:10:59.039+0000] {processor.py:178} INFO - Processing /home/airflow/.local/lib/python3.7/site-packages/airflow/example_dags/example_kubernetes_executor.py took 0.232 seconds
[2022-11-10T13:33:26.459+0000] {processor.py:156} INFO - Started process (PID=13107) to work on /home/airflow/.local/lib/python3.7/site-packages/airflow/example_dags/example_kubernetes_executor.py
[2022-11-10T13:33:26.464+0000] {processor.py:758} INFO - Processing file /home/airflow/.local/lib/python3.7/site-packages/airflow/example_dags/example_kubernetes_executor.py for tasks to queue
[2022-11-10T13:33:26.469+0000] {logging_mixin.py:117} INFO - [2022-11-10T13:33:26.469+0000] {dagbag.py:525} INFO - Filling up the DagBag from /home/airflow/.local/lib/python3.7/site-packages/airflow/example_dags/example_kubernetes_executor.py
[2022-11-10T13:33:26.546+0000] {processor.py:768} INFO - DAG(s) dict_keys(['example_kubernetes_executor']) retrieved from /home/airflow/.local/lib/python3.7/site-packages/airflow/example_dags/example_kubernetes_executor.py
[2022-11-10T13:33:26.685+0000] {logging_mixin.py:117} INFO - [2022-11-10T13:33:26.685+0000] {dag.py:2573} INFO - Sync 1 DAGs
[2022-11-10T13:33:26.830+0000] {logging_mixin.py:117} INFO - [2022-11-10T13:33:26.830+0000] {dag.py:3328} INFO - Setting next_dagrun for example_kubernetes_executor to None, run_after=None
[2022-11-10T13:33:26.887+0000] {processor.py:178} INFO - Processing /home/airflow/.local/lib/python3.7/site-packages/airflow/example_dags/example_kubernetes_executor.py took 0.431 seconds
[2022-11-10T14:37:16.752+0000] {processor.py:156} INFO - Started process (PID=13161) to work on /home/airflow/.local/lib/python3.7/site-packages/airflow/example_dags/example_kubernetes_executor.py
[2022-11-10T14:37:16.761+0000] {processor.py:758} INFO - Processing file /home/airflow/.local/lib/python3.7/site-packages/airflow/example_dags/example_kubernetes_executor.py for tasks to queue
[2022-11-10T14:37:16.766+0000] {logging_mixin.py:117} INFO - [2022-11-10T14:37:16.765+0000] {dagbag.py:525} INFO - Filling up the DagBag from /home/airflow/.local/lib/python3.7/site-packages/airflow/example_dags/example_kubernetes_executor.py
[2022-11-10T14:37:16.838+0000] {processor.py:768} INFO - DAG(s) dict_keys(['example_kubernetes_executor']) retrieved from /home/airflow/.local/lib/python3.7/site-packages/airflow/example_dags/example_kubernetes_executor.py
[2022-11-10T14:37:16.979+0000] {logging_mixin.py:117} INFO - [2022-11-10T14:37:16.979+0000] {dag.py:2573} INFO - Sync 1 DAGs
[2022-11-10T14:37:17.014+0000] {logging_mixin.py:117} INFO - [2022-11-10T14:37:17.014+0000] {dag.py:3328} INFO - Setting next_dagrun for example_kubernetes_executor to None, run_after=None
[2022-11-10T14:37:17.077+0000] {processor.py:178} INFO - Processing /home/airflow/.local/lib/python3.7/site-packages/airflow/example_dags/example_kubernetes_executor.py took 0.329 seconds
[2022-11-10T14:45:42.625+0000] {processor.py:156} INFO - Started process (PID=13216) to work on /home/airflow/.local/lib/python3.7/site-packages/airflow/example_dags/example_kubernetes_executor.py
[2022-11-10T14:45:42.632+0000] {processor.py:758} INFO - Processing file /home/airflow/.local/lib/python3.7/site-packages/airflow/example_dags/example_kubernetes_executor.py for tasks to queue
[2022-11-10T14:45:42.641+0000] {logging_mixin.py:117} INFO - [2022-11-10T14:45:42.640+0000] {dagbag.py:525} INFO - Filling up the DagBag from /home/airflow/.local/lib/python3.7/site-packages/airflow/example_dags/example_kubernetes_executor.py
[2022-11-10T14:45:42.844+0000] {processor.py:768} INFO - DAG(s) dict_keys(['example_kubernetes_executor']) retrieved from /home/airflow/.local/lib/python3.7/site-packages/airflow/example_dags/example_kubernetes_executor.py
[2022-11-10T14:45:43.268+0000] {logging_mixin.py:117} INFO - [2022-11-10T14:45:43.268+0000] {dag.py:2573} INFO - Sync 1 DAGs
[2022-11-10T14:45:43.349+0000] {logging_mixin.py:117} INFO - [2022-11-10T14:45:43.348+0000] {dag.py:3328} INFO - Setting next_dagrun for example_kubernetes_executor to None, run_after=None
[2022-11-10T14:45:43.476+0000] {processor.py:178} INFO - Processing /home/airflow/.local/lib/python3.7/site-packages/airflow/example_dags/example_kubernetes_executor.py took 0.907 seconds
[2022-11-10T15:04:45.867+0000] {processor.py:156} INFO - Started process (PID=13280) to work on /home/airflow/.local/lib/python3.7/site-packages/airflow/example_dags/example_kubernetes_executor.py
[2022-11-10T15:04:45.948+0000] {processor.py:758} INFO - Processing file /home/airflow/.local/lib/python3.7/site-packages/airflow/example_dags/example_kubernetes_executor.py for tasks to queue
[2022-11-10T15:04:46.100+0000] {logging_mixin.py:117} INFO - [2022-11-10T15:04:46.099+0000] {dagbag.py:525} INFO - Filling up the DagBag from /home/airflow/.local/lib/python3.7/site-packages/airflow/example_dags/example_kubernetes_executor.py
[2022-11-10T15:04:46.430+0000] {processor.py:768} INFO - DAG(s) dict_keys(['example_kubernetes_executor']) retrieved from /home/airflow/.local/lib/python3.7/site-packages/airflow/example_dags/example_kubernetes_executor.py
[2022-11-10T15:04:46.908+0000] {logging_mixin.py:117} INFO - [2022-11-10T15:04:46.907+0000] {dag.py:2573} INFO - Sync 1 DAGs
[2022-11-10T15:04:47.013+0000] {logging_mixin.py:117} INFO - [2022-11-10T15:04:47.013+0000] {dag.py:3328} INFO - Setting next_dagrun for example_kubernetes_executor to None, run_after=None
[2022-11-10T15:04:47.403+0000] {processor.py:178} INFO - Processing /home/airflow/.local/lib/python3.7/site-packages/airflow/example_dags/example_kubernetes_executor.py took 1.547 seconds
[2022-11-10T16:10:38.901+0000] {processor.py:156} INFO - Started process (PID=13335) to work on /home/airflow/.local/lib/python3.7/site-packages/airflow/example_dags/example_kubernetes_executor.py
[2022-11-10T16:10:38.941+0000] {processor.py:758} INFO - Processing file /home/airflow/.local/lib/python3.7/site-packages/airflow/example_dags/example_kubernetes_executor.py for tasks to queue
[2022-11-10T16:10:38.964+0000] {logging_mixin.py:117} INFO - [2022-11-10T16:10:38.963+0000] {dagbag.py:525} INFO - Filling up the DagBag from /home/airflow/.local/lib/python3.7/site-packages/airflow/example_dags/example_kubernetes_executor.py
[2022-11-10T16:10:39.026+0000] {processor.py:768} INFO - DAG(s) dict_keys(['example_kubernetes_executor']) retrieved from /home/airflow/.local/lib/python3.7/site-packages/airflow/example_dags/example_kubernetes_executor.py
[2022-11-10T16:10:39.120+0000] {logging_mixin.py:117} INFO - [2022-11-10T16:10:39.120+0000] {dag.py:2573} INFO - Sync 1 DAGs
[2022-11-10T16:10:39.158+0000] {logging_mixin.py:117} INFO - [2022-11-10T16:10:39.158+0000] {dag.py:3328} INFO - Setting next_dagrun for example_kubernetes_executor to None, run_after=None
[2022-11-10T16:10:39.184+0000] {processor.py:178} INFO - Processing /home/airflow/.local/lib/python3.7/site-packages/airflow/example_dags/example_kubernetes_executor.py took 0.314 seconds
[2022-11-10T17:34:38.619+0000] {processor.py:156} INFO - Started process (PID=13389) to work on /home/airflow/.local/lib/python3.7/site-packages/airflow/example_dags/example_kubernetes_executor.py
[2022-11-10T17:34:38.635+0000] {processor.py:758} INFO - Processing file /home/airflow/.local/lib/python3.7/site-packages/airflow/example_dags/example_kubernetes_executor.py for tasks to queue
[2022-11-10T17:34:38.639+0000] {logging_mixin.py:117} INFO - [2022-11-10T17:34:38.639+0000] {dagbag.py:525} INFO - Filling up the DagBag from /home/airflow/.local/lib/python3.7/site-packages/airflow/example_dags/example_kubernetes_executor.py
[2022-11-10T17:34:38.688+0000] {processor.py:768} INFO - DAG(s) dict_keys(['example_kubernetes_executor']) retrieved from /home/airflow/.local/lib/python3.7/site-packages/airflow/example_dags/example_kubernetes_executor.py
[2022-11-10T17:34:38.911+0000] {logging_mixin.py:117} INFO - [2022-11-10T17:34:38.911+0000] {dag.py:2573} INFO - Sync 1 DAGs
[2022-11-10T17:34:38.993+0000] {logging_mixin.py:117} INFO - [2022-11-10T17:34:38.993+0000] {dag.py:3328} INFO - Setting next_dagrun for example_kubernetes_executor to None, run_after=None
[2022-11-10T17:34:39.029+0000] {processor.py:178} INFO - Processing /home/airflow/.local/lib/python3.7/site-packages/airflow/example_dags/example_kubernetes_executor.py took 0.415 seconds
[2022-11-10T18:57:13.942+0000] {processor.py:156} INFO - Started process (PID=13453) to work on /home/airflow/.local/lib/python3.7/site-packages/airflow/example_dags/example_kubernetes_executor.py
[2022-11-10T18:57:13.951+0000] {processor.py:758} INFO - Processing file /home/airflow/.local/lib/python3.7/site-packages/airflow/example_dags/example_kubernetes_executor.py for tasks to queue
[2022-11-10T18:57:13.953+0000] {logging_mixin.py:117} INFO - [2022-11-10T18:57:13.953+0000] {dagbag.py:525} INFO - Filling up the DagBag from /home/airflow/.local/lib/python3.7/site-packages/airflow/example_dags/example_kubernetes_executor.py
[2022-11-10T18:57:14.104+0000] {processor.py:768} INFO - DAG(s) dict_keys(['example_kubernetes_executor']) retrieved from /home/airflow/.local/lib/python3.7/site-packages/airflow/example_dags/example_kubernetes_executor.py
[2022-11-10T18:57:14.400+0000] {logging_mixin.py:117} INFO - [2022-11-10T18:57:14.400+0000] {dag.py:2573} INFO - Sync 1 DAGs
[2022-11-10T18:57:14.466+0000] {logging_mixin.py:117} INFO - [2022-11-10T18:57:14.466+0000] {dag.py:3328} INFO - Setting next_dagrun for example_kubernetes_executor to None, run_after=None
[2022-11-10T18:57:14.572+0000] {processor.py:178} INFO - Processing /home/airflow/.local/lib/python3.7/site-packages/airflow/example_dags/example_kubernetes_executor.py took 0.685 seconds
[2022-11-10T19:05:31.671+0000] {processor.py:156} INFO - Started process (PID=13509) to work on /home/airflow/.local/lib/python3.7/site-packages/airflow/example_dags/example_kubernetes_executor.py
[2022-11-10T19:05:31.674+0000] {processor.py:758} INFO - Processing file /home/airflow/.local/lib/python3.7/site-packages/airflow/example_dags/example_kubernetes_executor.py for tasks to queue
[2022-11-10T19:05:31.675+0000] {logging_mixin.py:117} INFO - [2022-11-10T19:05:31.675+0000] {dagbag.py:525} INFO - Filling up the DagBag from /home/airflow/.local/lib/python3.7/site-packages/airflow/example_dags/example_kubernetes_executor.py
[2022-11-10T19:05:31.707+0000] {processor.py:768} INFO - DAG(s) dict_keys(['example_kubernetes_executor']) retrieved from /home/airflow/.local/lib/python3.7/site-packages/airflow/example_dags/example_kubernetes_executor.py
[2022-11-10T19:05:31.761+0000] {logging_mixin.py:117} INFO - [2022-11-10T19:05:31.761+0000] {dag.py:2573} INFO - Sync 1 DAGs
[2022-11-10T19:05:31.791+0000] {logging_mixin.py:117} INFO - [2022-11-10T19:05:31.791+0000] {dag.py:3328} INFO - Setting next_dagrun for example_kubernetes_executor to None, run_after=None
[2022-11-10T19:05:31.813+0000] {processor.py:178} INFO - Processing /home/airflow/.local/lib/python3.7/site-packages/airflow/example_dags/example_kubernetes_executor.py took 0.144 seconds
[2022-11-10T20:13:41.185+0000] {processor.py:156} INFO - Started process (PID=13573) to work on /home/airflow/.local/lib/python3.7/site-packages/airflow/example_dags/example_kubernetes_executor.py
[2022-11-10T20:13:41.193+0000] {processor.py:758} INFO - Processing file /home/airflow/.local/lib/python3.7/site-packages/airflow/example_dags/example_kubernetes_executor.py for tasks to queue
[2022-11-10T20:13:41.196+0000] {logging_mixin.py:117} INFO - [2022-11-10T20:13:41.196+0000] {dagbag.py:525} INFO - Filling up the DagBag from /home/airflow/.local/lib/python3.7/site-packages/airflow/example_dags/example_kubernetes_executor.py
[2022-11-10T20:13:41.251+0000] {processor.py:768} INFO - DAG(s) dict_keys(['example_kubernetes_executor']) retrieved from /home/airflow/.local/lib/python3.7/site-packages/airflow/example_dags/example_kubernetes_executor.py
[2022-11-10T20:13:41.353+0000] {logging_mixin.py:117} INFO - [2022-11-10T20:13:41.353+0000] {dag.py:2573} INFO - Sync 1 DAGs
[2022-11-10T20:13:41.387+0000] {logging_mixin.py:117} INFO - [2022-11-10T20:13:41.387+0000] {dag.py:3328} INFO - Setting next_dagrun for example_kubernetes_executor to None, run_after=None
[2022-11-10T20:13:41.436+0000] {processor.py:178} INFO - Processing /home/airflow/.local/lib/python3.7/site-packages/airflow/example_dags/example_kubernetes_executor.py took 0.257 seconds
[2022-11-10T21:37:12.499+0000] {processor.py:156} INFO - Started process (PID=13627) to work on /home/airflow/.local/lib/python3.7/site-packages/airflow/example_dags/example_kubernetes_executor.py
[2022-11-10T21:37:12.510+0000] {processor.py:758} INFO - Processing file /home/airflow/.local/lib/python3.7/site-packages/airflow/example_dags/example_kubernetes_executor.py for tasks to queue
[2022-11-10T21:37:12.514+0000] {logging_mixin.py:117} INFO - [2022-11-10T21:37:12.513+0000] {dagbag.py:525} INFO - Filling up the DagBag from /home/airflow/.local/lib/python3.7/site-packages/airflow/example_dags/example_kubernetes_executor.py
[2022-11-10T21:37:12.571+0000] {processor.py:768} INFO - DAG(s) dict_keys(['example_kubernetes_executor']) retrieved from /home/airflow/.local/lib/python3.7/site-packages/airflow/example_dags/example_kubernetes_executor.py
[2022-11-10T21:37:12.716+0000] {logging_mixin.py:117} INFO - [2022-11-10T21:37:12.716+0000] {dag.py:2573} INFO - Sync 1 DAGs
[2022-11-10T21:37:12.785+0000] {logging_mixin.py:117} INFO - [2022-11-10T21:37:12.785+0000] {dag.py:3328} INFO - Setting next_dagrun for example_kubernetes_executor to None, run_after=None
[2022-11-10T21:37:12.835+0000] {processor.py:178} INFO - Processing /home/airflow/.local/lib/python3.7/site-packages/airflow/example_dags/example_kubernetes_executor.py took 0.343 seconds
[2022-11-10T23:18:17.689+0000] {processor.py:156} INFO - Started process (PID=13692) to work on /home/airflow/.local/lib/python3.7/site-packages/airflow/example_dags/example_kubernetes_executor.py
[2022-11-10T23:18:17.695+0000] {processor.py:758} INFO - Processing file /home/airflow/.local/lib/python3.7/site-packages/airflow/example_dags/example_kubernetes_executor.py for tasks to queue
[2022-11-10T23:18:17.699+0000] {logging_mixin.py:117} INFO - [2022-11-10T23:18:17.699+0000] {dagbag.py:525} INFO - Filling up the DagBag from /home/airflow/.local/lib/python3.7/site-packages/airflow/example_dags/example_kubernetes_executor.py
[2022-11-10T23:18:18.132+0000] {processor.py:768} INFO - DAG(s) dict_keys(['example_kubernetes_executor']) retrieved from /home/airflow/.local/lib/python3.7/site-packages/airflow/example_dags/example_kubernetes_executor.py
[2022-11-10T23:18:18.254+0000] {logging_mixin.py:117} INFO - [2022-11-10T23:18:18.254+0000] {dag.py:2573} INFO - Sync 1 DAGs
[2022-11-10T23:18:18.313+0000] {logging_mixin.py:117} INFO - [2022-11-10T23:18:18.313+0000] {dag.py:3328} INFO - Setting next_dagrun for example_kubernetes_executor to None, run_after=None
[2022-11-10T23:18:18.364+0000] {processor.py:178} INFO - Processing /home/airflow/.local/lib/python3.7/site-packages/airflow/example_dags/example_kubernetes_executor.py took 0.687 seconds
