[2022-11-10T00:02:09.595+0000] {processor.py:156} INFO - Started process (PID=12512) to work on /home/airflow/.local/lib/python3.7/site-packages/airflow/example_dags/example_branch_python_dop_operator_3.py
[2022-11-10T00:02:09.601+0000] {processor.py:758} INFO - Processing file /home/airflow/.local/lib/python3.7/site-packages/airflow/example_dags/example_branch_python_dop_operator_3.py for tasks to queue
[2022-11-10T00:02:09.625+0000] {logging_mixin.py:117} INFO - [2022-11-10T00:02:09.625+0000] {dagbag.py:525} INFO - Filling up the DagBag from /home/airflow/.local/lib/python3.7/site-packages/airflow/example_dags/example_branch_python_dop_operator_3.py
[2022-11-10T00:02:09.734+0000] {processor.py:768} INFO - DAG(s) dict_keys(['example_branch_dop_operator_v3']) retrieved from /home/airflow/.local/lib/python3.7/site-packages/airflow/example_dags/example_branch_python_dop_operator_3.py
[2022-11-10T00:02:09.894+0000] {logging_mixin.py:117} INFO - [2022-11-10T00:02:09.894+0000] {dag.py:2573} INFO - Sync 1 DAGs
[2022-11-10T00:02:09.954+0000] {logging_mixin.py:117} INFO - [2022-11-10T00:02:09.953+0000] {dag.py:3328} INFO - Setting next_dagrun for example_branch_dop_operator_v3 to 2022-11-10T00:01:00+00:00, run_after=2022-11-10T00:02:00+00:00
[2022-11-10T00:02:10.043+0000] {processor.py:178} INFO - Processing /home/airflow/.local/lib/python3.7/site-packages/airflow/example_dags/example_branch_python_dop_operator_3.py took 0.460 seconds
[2022-11-10T01:24:30.570+0000] {processor.py:156} INFO - Started process (PID=12567) to work on /home/airflow/.local/lib/python3.7/site-packages/airflow/example_dags/example_branch_python_dop_operator_3.py
[2022-11-10T01:24:30.571+0000] {processor.py:758} INFO - Processing file /home/airflow/.local/lib/python3.7/site-packages/airflow/example_dags/example_branch_python_dop_operator_3.py for tasks to queue
[2022-11-10T01:24:30.580+0000] {logging_mixin.py:117} INFO - [2022-11-10T01:24:30.580+0000] {dagbag.py:525} INFO - Filling up the DagBag from /home/airflow/.local/lib/python3.7/site-packages/airflow/example_dags/example_branch_python_dop_operator_3.py
[2022-11-10T01:24:30.619+0000] {processor.py:768} INFO - DAG(s) dict_keys(['example_branch_dop_operator_v3']) retrieved from /home/airflow/.local/lib/python3.7/site-packages/airflow/example_dags/example_branch_python_dop_operator_3.py
[2022-11-10T01:24:30.715+0000] {logging_mixin.py:117} INFO - [2022-11-10T01:24:30.715+0000] {dag.py:2573} INFO - Sync 1 DAGs
[2022-11-10T01:24:30.754+0000] {logging_mixin.py:117} INFO - [2022-11-10T01:24:30.753+0000] {dag.py:3328} INFO - Setting next_dagrun for example_branch_dop_operator_v3 to 2022-11-10T01:23:00+00:00, run_after=2022-11-10T01:24:00+00:00
[2022-11-10T01:24:30.781+0000] {processor.py:178} INFO - Processing /home/airflow/.local/lib/python3.7/site-packages/airflow/example_dags/example_branch_python_dop_operator_3.py took 0.214 seconds
[2022-11-10T02:29:01.583+0000] {processor.py:156} INFO - Started process (PID=12631) to work on /home/airflow/.local/lib/python3.7/site-packages/airflow/example_dags/example_branch_python_dop_operator_3.py
[2022-11-10T02:29:01.588+0000] {processor.py:758} INFO - Processing file /home/airflow/.local/lib/python3.7/site-packages/airflow/example_dags/example_branch_python_dop_operator_3.py for tasks to queue
[2022-11-10T02:29:01.591+0000] {logging_mixin.py:117} INFO - [2022-11-10T02:29:01.590+0000] {dagbag.py:525} INFO - Filling up the DagBag from /home/airflow/.local/lib/python3.7/site-packages/airflow/example_dags/example_branch_python_dop_operator_3.py
[2022-11-10T02:29:01.820+0000] {processor.py:768} INFO - DAG(s) dict_keys(['example_branch_dop_operator_v3']) retrieved from /home/airflow/.local/lib/python3.7/site-packages/airflow/example_dags/example_branch_python_dop_operator_3.py
[2022-11-10T02:29:02.011+0000] {logging_mixin.py:117} INFO - [2022-11-10T02:29:02.011+0000] {dag.py:2573} INFO - Sync 1 DAGs
[2022-11-10T02:29:02.146+0000] {logging_mixin.py:117} INFO - [2022-11-10T02:29:02.145+0000] {dag.py:3328} INFO - Setting next_dagrun for example_branch_dop_operator_v3 to 2022-11-10T02:28:00+00:00, run_after=2022-11-10T02:29:00+00:00
[2022-11-10T02:29:02.194+0000] {processor.py:178} INFO - Processing /home/airflow/.local/lib/python3.7/site-packages/airflow/example_dags/example_branch_python_dop_operator_3.py took 0.653 seconds
[2022-11-10T03:35:43.755+0000] {processor.py:156} INFO - Started process (PID=12694) to work on /home/airflow/.local/lib/python3.7/site-packages/airflow/example_dags/example_branch_python_dop_operator_3.py
[2022-11-10T03:35:43.760+0000] {processor.py:758} INFO - Processing file /home/airflow/.local/lib/python3.7/site-packages/airflow/example_dags/example_branch_python_dop_operator_3.py for tasks to queue
[2022-11-10T03:35:43.765+0000] {logging_mixin.py:117} INFO - [2022-11-10T03:35:43.764+0000] {dagbag.py:525} INFO - Filling up the DagBag from /home/airflow/.local/lib/python3.7/site-packages/airflow/example_dags/example_branch_python_dop_operator_3.py
[2022-11-10T03:35:43.854+0000] {processor.py:768} INFO - DAG(s) dict_keys(['example_branch_dop_operator_v3']) retrieved from /home/airflow/.local/lib/python3.7/site-packages/airflow/example_dags/example_branch_python_dop_operator_3.py
[2022-11-10T03:35:43.969+0000] {logging_mixin.py:117} INFO - [2022-11-10T03:35:43.969+0000] {dag.py:2573} INFO - Sync 1 DAGs
[2022-11-10T03:35:44.055+0000] {logging_mixin.py:117} INFO - [2022-11-10T03:35:44.054+0000] {dag.py:3328} INFO - Setting next_dagrun for example_branch_dop_operator_v3 to 2022-11-10T03:34:00+00:00, run_after=2022-11-10T03:35:00+00:00
[2022-11-10T03:35:44.105+0000] {processor.py:178} INFO - Processing /home/airflow/.local/lib/python3.7/site-packages/airflow/example_dags/example_branch_python_dop_operator_3.py took 0.353 seconds
[2022-11-10T04:59:20.650+0000] {processor.py:156} INFO - Started process (PID=12749) to work on /home/airflow/.local/lib/python3.7/site-packages/airflow/example_dags/example_branch_python_dop_operator_3.py
[2022-11-10T04:59:20.651+0000] {processor.py:758} INFO - Processing file /home/airflow/.local/lib/python3.7/site-packages/airflow/example_dags/example_branch_python_dop_operator_3.py for tasks to queue
[2022-11-10T04:59:20.653+0000] {logging_mixin.py:117} INFO - [2022-11-10T04:59:20.652+0000] {dagbag.py:525} INFO - Filling up the DagBag from /home/airflow/.local/lib/python3.7/site-packages/airflow/example_dags/example_branch_python_dop_operator_3.py
[2022-11-10T04:59:20.702+0000] {processor.py:768} INFO - DAG(s) dict_keys(['example_branch_dop_operator_v3']) retrieved from /home/airflow/.local/lib/python3.7/site-packages/airflow/example_dags/example_branch_python_dop_operator_3.py
[2022-11-10T04:59:20.753+0000] {logging_mixin.py:117} INFO - [2022-11-10T04:59:20.753+0000] {dag.py:2573} INFO - Sync 1 DAGs
[2022-11-10T04:59:20.777+0000] {logging_mixin.py:117} INFO - [2022-11-10T04:59:20.777+0000] {dag.py:3328} INFO - Setting next_dagrun for example_branch_dop_operator_v3 to 2022-11-10T04:58:00+00:00, run_after=2022-11-10T04:59:00+00:00
[2022-11-10T04:59:20.795+0000] {processor.py:178} INFO - Processing /home/airflow/.local/lib/python3.7/site-packages/airflow/example_dags/example_branch_python_dop_operator_3.py took 0.147 seconds
[2022-11-10T06:22:25.185+0000] {processor.py:156} INFO - Started process (PID=12813) to work on /home/airflow/.local/lib/python3.7/site-packages/airflow/example_dags/example_branch_python_dop_operator_3.py
[2022-11-10T06:22:25.254+0000] {processor.py:758} INFO - Processing file /home/airflow/.local/lib/python3.7/site-packages/airflow/example_dags/example_branch_python_dop_operator_3.py for tasks to queue
[2022-11-10T06:22:25.260+0000] {logging_mixin.py:117} INFO - [2022-11-10T06:22:25.258+0000] {dagbag.py:525} INFO - Filling up the DagBag from /home/airflow/.local/lib/python3.7/site-packages/airflow/example_dags/example_branch_python_dop_operator_3.py
[2022-11-10T06:22:25.414+0000] {processor.py:768} INFO - DAG(s) dict_keys(['example_branch_dop_operator_v3']) retrieved from /home/airflow/.local/lib/python3.7/site-packages/airflow/example_dags/example_branch_python_dop_operator_3.py
[2022-11-10T06:22:25.710+0000] {logging_mixin.py:117} INFO - [2022-11-10T06:22:25.709+0000] {dag.py:2573} INFO - Sync 1 DAGs
[2022-11-10T06:22:25.794+0000] {logging_mixin.py:117} INFO - [2022-11-10T06:22:25.794+0000] {dag.py:3328} INFO - Setting next_dagrun for example_branch_dop_operator_v3 to 2022-11-10T06:21:00+00:00, run_after=2022-11-10T06:22:00+00:00
[2022-11-10T06:22:25.853+0000] {processor.py:178} INFO - Processing /home/airflow/.local/lib/python3.7/site-packages/airflow/example_dags/example_branch_python_dop_operator_3.py took 0.671 seconds
[2022-11-10T08:00:45.407+0000] {processor.py:156} INFO - Started process (PID=12867) to work on /home/airflow/.local/lib/python3.7/site-packages/airflow/example_dags/example_branch_python_dop_operator_3.py
[2022-11-10T08:00:45.416+0000] {processor.py:758} INFO - Processing file /home/airflow/.local/lib/python3.7/site-packages/airflow/example_dags/example_branch_python_dop_operator_3.py for tasks to queue
[2022-11-10T08:00:45.428+0000] {logging_mixin.py:117} INFO - [2022-11-10T08:00:45.428+0000] {dagbag.py:525} INFO - Filling up the DagBag from /home/airflow/.local/lib/python3.7/site-packages/airflow/example_dags/example_branch_python_dop_operator_3.py
[2022-11-10T08:00:45.663+0000] {processor.py:768} INFO - DAG(s) dict_keys(['example_branch_dop_operator_v3']) retrieved from /home/airflow/.local/lib/python3.7/site-packages/airflow/example_dags/example_branch_python_dop_operator_3.py
[2022-11-10T08:00:45.999+0000] {logging_mixin.py:117} INFO - [2022-11-10T08:00:45.999+0000] {dag.py:2573} INFO - Sync 1 DAGs
[2022-11-10T08:00:46.120+0000] {logging_mixin.py:117} INFO - [2022-11-10T08:00:46.120+0000] {dag.py:3328} INFO - Setting next_dagrun for example_branch_dop_operator_v3 to 2022-11-10T07:59:00+00:00, run_after=2022-11-10T08:00:00+00:00
[2022-11-10T08:00:46.174+0000] {processor.py:178} INFO - Processing /home/airflow/.local/lib/python3.7/site-packages/airflow/example_dags/example_branch_python_dop_operator_3.py took 0.785 seconds
[2022-11-10T09:22:57.312+0000] {processor.py:156} INFO - Started process (PID=12921) to work on /home/airflow/.local/lib/python3.7/site-packages/airflow/example_dags/example_branch_python_dop_operator_3.py
[2022-11-10T09:22:57.336+0000] {processor.py:758} INFO - Processing file /home/airflow/.local/lib/python3.7/site-packages/airflow/example_dags/example_branch_python_dop_operator_3.py for tasks to queue
[2022-11-10T09:22:57.341+0000] {logging_mixin.py:117} INFO - [2022-11-10T09:22:57.338+0000] {dagbag.py:525} INFO - Filling up the DagBag from /home/airflow/.local/lib/python3.7/site-packages/airflow/example_dags/example_branch_python_dop_operator_3.py
[2022-11-10T09:22:57.527+0000] {processor.py:768} INFO - DAG(s) dict_keys(['example_branch_dop_operator_v3']) retrieved from /home/airflow/.local/lib/python3.7/site-packages/airflow/example_dags/example_branch_python_dop_operator_3.py
[2022-11-10T09:22:57.908+0000] {logging_mixin.py:117} INFO - [2022-11-10T09:22:57.908+0000] {dag.py:2573} INFO - Sync 1 DAGs
[2022-11-10T09:22:57.979+0000] {logging_mixin.py:117} INFO - [2022-11-10T09:22:57.979+0000] {dag.py:3328} INFO - Setting next_dagrun for example_branch_dop_operator_v3 to 2022-11-10T09:21:00+00:00, run_after=2022-11-10T09:22:00+00:00
[2022-11-10T09:22:58.028+0000] {processor.py:178} INFO - Processing /home/airflow/.local/lib/python3.7/site-packages/airflow/example_dags/example_branch_python_dop_operator_3.py took 0.746 seconds
[2022-11-10T10:48:36.076+0000] {processor.py:156} INFO - Started process (PID=12975) to work on /home/airflow/.local/lib/python3.7/site-packages/airflow/example_dags/example_branch_python_dop_operator_3.py
[2022-11-10T10:48:36.084+0000] {processor.py:758} INFO - Processing file /home/airflow/.local/lib/python3.7/site-packages/airflow/example_dags/example_branch_python_dop_operator_3.py for tasks to queue
[2022-11-10T10:48:36.088+0000] {logging_mixin.py:117} INFO - [2022-11-10T10:48:36.088+0000] {dagbag.py:525} INFO - Filling up the DagBag from /home/airflow/.local/lib/python3.7/site-packages/airflow/example_dags/example_branch_python_dop_operator_3.py
[2022-11-10T10:48:36.189+0000] {processor.py:768} INFO - DAG(s) dict_keys(['example_branch_dop_operator_v3']) retrieved from /home/airflow/.local/lib/python3.7/site-packages/airflow/example_dags/example_branch_python_dop_operator_3.py
[2022-11-10T10:48:36.691+0000] {logging_mixin.py:117} INFO - [2022-11-10T10:48:36.688+0000] {dag.py:2573} INFO - Sync 1 DAGs
[2022-11-10T10:48:36.831+0000] {logging_mixin.py:117} INFO - [2022-11-10T10:48:36.830+0000] {dag.py:3328} INFO - Setting next_dagrun for example_branch_dop_operator_v3 to 2022-11-10T10:47:00+00:00, run_after=2022-11-10T10:48:00+00:00
[2022-11-10T10:48:37.023+0000] {processor.py:178} INFO - Processing /home/airflow/.local/lib/python3.7/site-packages/airflow/example_dags/example_branch_python_dop_operator_3.py took 0.955 seconds
[2022-11-10T12:10:49.986+0000] {processor.py:156} INFO - Started process (PID=13037) to work on /home/airflow/.local/lib/python3.7/site-packages/airflow/example_dags/example_branch_python_dop_operator_3.py
[2022-11-10T12:10:50.011+0000] {processor.py:758} INFO - Processing file /home/airflow/.local/lib/python3.7/site-packages/airflow/example_dags/example_branch_python_dop_operator_3.py for tasks to queue
[2022-11-10T12:10:50.016+0000] {logging_mixin.py:117} INFO - [2022-11-10T12:10:50.014+0000] {dagbag.py:525} INFO - Filling up the DagBag from /home/airflow/.local/lib/python3.7/site-packages/airflow/example_dags/example_branch_python_dop_operator_3.py
[2022-11-10T12:10:50.380+0000] {processor.py:768} INFO - DAG(s) dict_keys(['example_branch_dop_operator_v3']) retrieved from /home/airflow/.local/lib/python3.7/site-packages/airflow/example_dags/example_branch_python_dop_operator_3.py
[2022-11-10T12:10:50.753+0000] {logging_mixin.py:117} INFO - [2022-11-10T12:10:50.751+0000] {dag.py:2573} INFO - Sync 1 DAGs
[2022-11-10T12:10:50.904+0000] {logging_mixin.py:117} INFO - [2022-11-10T12:10:50.904+0000] {dag.py:3328} INFO - Setting next_dagrun for example_branch_dop_operator_v3 to 2022-11-10T12:09:00+00:00, run_after=2022-11-10T12:10:00+00:00
[2022-11-10T12:10:51.177+0000] {processor.py:178} INFO - Processing /home/airflow/.local/lib/python3.7/site-packages/airflow/example_dags/example_branch_python_dop_operator_3.py took 1.266 seconds
[2022-11-10T13:33:22.836+0000] {processor.py:156} INFO - Started process (PID=13085) to work on /home/airflow/.local/lib/python3.7/site-packages/airflow/example_dags/example_branch_python_dop_operator_3.py
[2022-11-10T13:33:22.842+0000] {processor.py:758} INFO - Processing file /home/airflow/.local/lib/python3.7/site-packages/airflow/example_dags/example_branch_python_dop_operator_3.py for tasks to queue
[2022-11-10T13:33:22.843+0000] {logging_mixin.py:117} INFO - [2022-11-10T13:33:22.843+0000] {dagbag.py:525} INFO - Filling up the DagBag from /home/airflow/.local/lib/python3.7/site-packages/airflow/example_dags/example_branch_python_dop_operator_3.py
[2022-11-10T13:33:22.869+0000] {processor.py:768} INFO - DAG(s) dict_keys(['example_branch_dop_operator_v3']) retrieved from /home/airflow/.local/lib/python3.7/site-packages/airflow/example_dags/example_branch_python_dop_operator_3.py
[2022-11-10T13:33:22.930+0000] {logging_mixin.py:117} INFO - [2022-11-10T13:33:22.929+0000] {dag.py:2573} INFO - Sync 1 DAGs
[2022-11-10T13:33:23.016+0000] {logging_mixin.py:117} INFO - [2022-11-10T13:33:23.015+0000] {dag.py:3328} INFO - Setting next_dagrun for example_branch_dop_operator_v3 to 2022-11-10T13:32:00+00:00, run_after=2022-11-10T13:33:00+00:00
[2022-11-10T13:33:23.104+0000] {processor.py:178} INFO - Processing /home/airflow/.local/lib/python3.7/site-packages/airflow/example_dags/example_branch_python_dop_operator_3.py took 0.270 seconds
[2022-11-10T14:37:12.893+0000] {processor.py:156} INFO - Started process (PID=13139) to work on /home/airflow/.local/lib/python3.7/site-packages/airflow/example_dags/example_branch_python_dop_operator_3.py
[2022-11-10T14:37:12.904+0000] {processor.py:758} INFO - Processing file /home/airflow/.local/lib/python3.7/site-packages/airflow/example_dags/example_branch_python_dop_operator_3.py for tasks to queue
[2022-11-10T14:37:12.910+0000] {logging_mixin.py:117} INFO - [2022-11-10T14:37:12.910+0000] {dagbag.py:525} INFO - Filling up the DagBag from /home/airflow/.local/lib/python3.7/site-packages/airflow/example_dags/example_branch_python_dop_operator_3.py
[2022-11-10T14:37:13.049+0000] {processor.py:768} INFO - DAG(s) dict_keys(['example_branch_dop_operator_v3']) retrieved from /home/airflow/.local/lib/python3.7/site-packages/airflow/example_dags/example_branch_python_dop_operator_3.py
[2022-11-10T14:37:13.133+0000] {processor.py:156} INFO - Started process (PID=13147) to work on /home/airflow/.local/lib/python3.7/site-packages/airflow/example_dags/example_branch_python_dop_operator_3.py
[2022-11-10T14:37:13.135+0000] {processor.py:758} INFO - Processing file /home/airflow/.local/lib/python3.7/site-packages/airflow/example_dags/example_branch_python_dop_operator_3.py for tasks to queue
[2022-11-10T14:37:13.136+0000] {logging_mixin.py:117} INFO - [2022-11-10T14:37:13.136+0000] {dagbag.py:525} INFO - Filling up the DagBag from /home/airflow/.local/lib/python3.7/site-packages/airflow/example_dags/example_branch_python_dop_operator_3.py
[2022-11-10T14:37:13.163+0000] {processor.py:768} INFO - DAG(s) dict_keys(['example_branch_dop_operator_v3']) retrieved from /home/airflow/.local/lib/python3.7/site-packages/airflow/example_dags/example_branch_python_dop_operator_3.py
[2022-11-10T14:37:13.258+0000] {logging_mixin.py:117} INFO - [2022-11-10T14:37:13.258+0000] {dag.py:2573} INFO - Sync 1 DAGs
[2022-11-10T14:37:13.289+0000] {logging_mixin.py:117} INFO - [2022-11-10T14:37:13.289+0000] {dag.py:3328} INFO - Setting next_dagrun for example_branch_dop_operator_v3 to 2022-11-10T14:36:00+00:00, run_after=2022-11-10T14:37:00+00:00
[2022-11-10T14:37:13.333+0000] {processor.py:178} INFO - Processing /home/airflow/.local/lib/python3.7/site-packages/airflow/example_dags/example_branch_python_dop_operator_3.py took 0.203 seconds
[2022-11-10T14:45:37.123+0000] {processor.py:156} INFO - Started process (PID=13204) to work on /home/airflow/.local/lib/python3.7/site-packages/airflow/example_dags/example_branch_python_dop_operator_3.py
[2022-11-10T14:45:37.130+0000] {processor.py:758} INFO - Processing file /home/airflow/.local/lib/python3.7/site-packages/airflow/example_dags/example_branch_python_dop_operator_3.py for tasks to queue
[2022-11-10T14:45:37.135+0000] {logging_mixin.py:117} INFO - [2022-11-10T14:45:37.135+0000] {dagbag.py:525} INFO - Filling up the DagBag from /home/airflow/.local/lib/python3.7/site-packages/airflow/example_dags/example_branch_python_dop_operator_3.py
[2022-11-10T14:45:37.221+0000] {processor.py:768} INFO - DAG(s) dict_keys(['example_branch_dop_operator_v3']) retrieved from /home/airflow/.local/lib/python3.7/site-packages/airflow/example_dags/example_branch_python_dop_operator_3.py
[2022-11-10T14:45:37.528+0000] {logging_mixin.py:117} INFO - [2022-11-10T14:45:37.528+0000] {dag.py:2573} INFO - Sync 1 DAGs
[2022-11-10T14:45:37.814+0000] {logging_mixin.py:117} INFO - [2022-11-10T14:45:37.814+0000] {dag.py:3328} INFO - Setting next_dagrun for example_branch_dop_operator_v3 to 2022-11-10T14:44:00+00:00, run_after=2022-11-10T14:45:00+00:00
[2022-11-10T14:45:37.892+0000] {processor.py:178} INFO - Processing /home/airflow/.local/lib/python3.7/site-packages/airflow/example_dags/example_branch_python_dop_operator_3.py took 0.782 seconds
[2022-11-10T15:04:36.742+0000] {processor.py:156} INFO - Started process (PID=13260) to work on /home/airflow/.local/lib/python3.7/site-packages/airflow/example_dags/example_branch_python_dop_operator_3.py
[2022-11-10T15:04:36.753+0000] {processor.py:758} INFO - Processing file /home/airflow/.local/lib/python3.7/site-packages/airflow/example_dags/example_branch_python_dop_operator_3.py for tasks to queue
[2022-11-10T15:04:36.767+0000] {logging_mixin.py:117} INFO - [2022-11-10T15:04:36.766+0000] {dagbag.py:525} INFO - Filling up the DagBag from /home/airflow/.local/lib/python3.7/site-packages/airflow/example_dags/example_branch_python_dop_operator_3.py
[2022-11-10T15:04:36.872+0000] {processor.py:768} INFO - DAG(s) dict_keys(['example_branch_dop_operator_v3']) retrieved from /home/airflow/.local/lib/python3.7/site-packages/airflow/example_dags/example_branch_python_dop_operator_3.py
[2022-11-10T15:04:37.159+0000] {logging_mixin.py:117} INFO - [2022-11-10T15:04:37.159+0000] {dag.py:2573} INFO - Sync 1 DAGs
[2022-11-10T15:04:37.226+0000] {logging_mixin.py:117} INFO - [2022-11-10T15:04:37.226+0000] {dag.py:3328} INFO - Setting next_dagrun for example_branch_dop_operator_v3 to 2022-11-10T15:03:00+00:00, run_after=2022-11-10T15:04:00+00:00
[2022-11-10T15:04:37.362+0000] {processor.py:178} INFO - Processing /home/airflow/.local/lib/python3.7/site-packages/airflow/example_dags/example_branch_python_dop_operator_3.py took 0.663 seconds
[2022-11-10T16:10:32.646+0000] {processor.py:156} INFO - Started process (PID=13323) to work on /home/airflow/.local/lib/python3.7/site-packages/airflow/example_dags/example_branch_python_dop_operator_3.py
[2022-11-10T16:10:32.656+0000] {processor.py:758} INFO - Processing file /home/airflow/.local/lib/python3.7/site-packages/airflow/example_dags/example_branch_python_dop_operator_3.py for tasks to queue
[2022-11-10T16:10:32.661+0000] {logging_mixin.py:117} INFO - [2022-11-10T16:10:32.661+0000] {dagbag.py:525} INFO - Filling up the DagBag from /home/airflow/.local/lib/python3.7/site-packages/airflow/example_dags/example_branch_python_dop_operator_3.py
[2022-11-10T16:10:32.826+0000] {processor.py:768} INFO - DAG(s) dict_keys(['example_branch_dop_operator_v3']) retrieved from /home/airflow/.local/lib/python3.7/site-packages/airflow/example_dags/example_branch_python_dop_operator_3.py
[2022-11-10T16:10:33.154+0000] {logging_mixin.py:117} INFO - [2022-11-10T16:10:33.149+0000] {dag.py:2573} INFO - Sync 1 DAGs
[2022-11-10T16:10:33.340+0000] {logging_mixin.py:117} INFO - [2022-11-10T16:10:33.340+0000] {dag.py:3328} INFO - Setting next_dagrun for example_branch_dop_operator_v3 to 2022-11-10T16:09:00+00:00, run_after=2022-11-10T16:10:00+00:00
[2022-11-10T16:10:33.449+0000] {processor.py:178} INFO - Processing /home/airflow/.local/lib/python3.7/site-packages/airflow/example_dags/example_branch_python_dop_operator_3.py took 0.833 seconds
[2022-11-10T17:34:35.039+0000] {processor.py:156} INFO - Started process (PID=13377) to work on /home/airflow/.local/lib/python3.7/site-packages/airflow/example_dags/example_branch_python_dop_operator_3.py
[2022-11-10T17:34:35.045+0000] {processor.py:758} INFO - Processing file /home/airflow/.local/lib/python3.7/site-packages/airflow/example_dags/example_branch_python_dop_operator_3.py for tasks to queue
[2022-11-10T17:34:35.047+0000] {logging_mixin.py:117} INFO - [2022-11-10T17:34:35.046+0000] {dagbag.py:525} INFO - Filling up the DagBag from /home/airflow/.local/lib/python3.7/site-packages/airflow/example_dags/example_branch_python_dop_operator_3.py
[2022-11-10T17:34:35.126+0000] {processor.py:768} INFO - DAG(s) dict_keys(['example_branch_dop_operator_v3']) retrieved from /home/airflow/.local/lib/python3.7/site-packages/airflow/example_dags/example_branch_python_dop_operator_3.py
[2022-11-10T17:34:35.362+0000] {logging_mixin.py:117} INFO - [2022-11-10T17:34:35.361+0000] {dag.py:2573} INFO - Sync 1 DAGs
[2022-11-10T17:34:35.428+0000] {logging_mixin.py:117} INFO - [2022-11-10T17:34:35.428+0000] {dag.py:3328} INFO - Setting next_dagrun for example_branch_dop_operator_v3 to 2022-11-10T17:33:00+00:00, run_after=2022-11-10T17:34:00+00:00
[2022-11-10T17:34:35.464+0000] {processor.py:178} INFO - Processing /home/airflow/.local/lib/python3.7/site-packages/airflow/example_dags/example_branch_python_dop_operator_3.py took 0.429 seconds
[2022-11-10T18:57:07.190+0000] {processor.py:156} INFO - Started process (PID=13432) to work on /home/airflow/.local/lib/python3.7/site-packages/airflow/example_dags/example_branch_python_dop_operator_3.py
[2022-11-10T18:57:07.194+0000] {processor.py:758} INFO - Processing file /home/airflow/.local/lib/python3.7/site-packages/airflow/example_dags/example_branch_python_dop_operator_3.py for tasks to queue
[2022-11-10T18:57:07.195+0000] {logging_mixin.py:117} INFO - [2022-11-10T18:57:07.195+0000] {dagbag.py:525} INFO - Filling up the DagBag from /home/airflow/.local/lib/python3.7/site-packages/airflow/example_dags/example_branch_python_dop_operator_3.py
[2022-11-10T18:57:07.278+0000] {processor.py:768} INFO - DAG(s) dict_keys(['example_branch_dop_operator_v3']) retrieved from /home/airflow/.local/lib/python3.7/site-packages/airflow/example_dags/example_branch_python_dop_operator_3.py
[2022-11-10T18:57:07.445+0000] {logging_mixin.py:117} INFO - [2022-11-10T18:57:07.445+0000] {dag.py:2573} INFO - Sync 1 DAGs
[2022-11-10T18:57:07.547+0000] {logging_mixin.py:117} INFO - [2022-11-10T18:57:07.540+0000] {dag.py:3328} INFO - Setting next_dagrun for example_branch_dop_operator_v3 to 2022-11-10T18:56:00+00:00, run_after=2022-11-10T18:57:00+00:00
[2022-11-10T18:57:07.624+0000] {processor.py:178} INFO - Processing /home/airflow/.local/lib/python3.7/site-packages/airflow/example_dags/example_branch_python_dop_operator_3.py took 0.436 seconds
[2022-11-10T19:05:29.584+0000] {processor.py:156} INFO - Started process (PID=13497) to work on /home/airflow/.local/lib/python3.7/site-packages/airflow/example_dags/example_branch_python_dop_operator_3.py
[2022-11-10T19:05:29.590+0000] {processor.py:758} INFO - Processing file /home/airflow/.local/lib/python3.7/site-packages/airflow/example_dags/example_branch_python_dop_operator_3.py for tasks to queue
[2022-11-10T19:05:29.593+0000] {logging_mixin.py:117} INFO - [2022-11-10T19:05:29.593+0000] {dagbag.py:525} INFO - Filling up the DagBag from /home/airflow/.local/lib/python3.7/site-packages/airflow/example_dags/example_branch_python_dop_operator_3.py
[2022-11-10T19:05:29.699+0000] {processor.py:768} INFO - DAG(s) dict_keys(['example_branch_dop_operator_v3']) retrieved from /home/airflow/.local/lib/python3.7/site-packages/airflow/example_dags/example_branch_python_dop_operator_3.py
[2022-11-10T19:05:29.874+0000] {logging_mixin.py:117} INFO - [2022-11-10T19:05:29.873+0000] {dag.py:2573} INFO - Sync 1 DAGs
[2022-11-10T19:05:29.915+0000] {logging_mixin.py:117} INFO - [2022-11-10T19:05:29.915+0000] {dag.py:3328} INFO - Setting next_dagrun for example_branch_dop_operator_v3 to 2022-11-10T19:04:00+00:00, run_after=2022-11-10T19:05:00+00:00
[2022-11-10T19:05:29.942+0000] {processor.py:178} INFO - Processing /home/airflow/.local/lib/python3.7/site-packages/airflow/example_dags/example_branch_python_dop_operator_3.py took 0.373 seconds
[2022-11-10T20:13:35.814+0000] {processor.py:156} INFO - Started process (PID=13561) to work on /home/airflow/.local/lib/python3.7/site-packages/airflow/example_dags/example_branch_python_dop_operator_3.py
[2022-11-10T20:13:35.838+0000] {processor.py:758} INFO - Processing file /home/airflow/.local/lib/python3.7/site-packages/airflow/example_dags/example_branch_python_dop_operator_3.py for tasks to queue
[2022-11-10T20:13:35.846+0000] {logging_mixin.py:117} INFO - [2022-11-10T20:13:35.846+0000] {dagbag.py:525} INFO - Filling up the DagBag from /home/airflow/.local/lib/python3.7/site-packages/airflow/example_dags/example_branch_python_dop_operator_3.py
[2022-11-10T20:13:36.007+0000] {processor.py:768} INFO - DAG(s) dict_keys(['example_branch_dop_operator_v3']) retrieved from /home/airflow/.local/lib/python3.7/site-packages/airflow/example_dags/example_branch_python_dop_operator_3.py
[2022-11-10T20:13:36.345+0000] {logging_mixin.py:117} INFO - [2022-11-10T20:13:36.345+0000] {dag.py:2573} INFO - Sync 1 DAGs
[2022-11-10T20:13:36.423+0000] {logging_mixin.py:117} INFO - [2022-11-10T20:13:36.423+0000] {dag.py:3328} INFO - Setting next_dagrun for example_branch_dop_operator_v3 to 2022-11-10T20:12:00+00:00, run_after=2022-11-10T20:13:00+00:00
[2022-11-10T20:13:36.489+0000] {processor.py:178} INFO - Processing /home/airflow/.local/lib/python3.7/site-packages/airflow/example_dags/example_branch_python_dop_operator_3.py took 0.699 seconds
[2022-11-10T21:37:09.147+0000] {processor.py:156} INFO - Started process (PID=13615) to work on /home/airflow/.local/lib/python3.7/site-packages/airflow/example_dags/example_branch_python_dop_operator_3.py
[2022-11-10T21:37:09.200+0000] {processor.py:758} INFO - Processing file /home/airflow/.local/lib/python3.7/site-packages/airflow/example_dags/example_branch_python_dop_operator_3.py for tasks to queue
[2022-11-10T21:37:09.265+0000] {logging_mixin.py:117} INFO - [2022-11-10T21:37:09.264+0000] {dagbag.py:525} INFO - Filling up the DagBag from /home/airflow/.local/lib/python3.7/site-packages/airflow/example_dags/example_branch_python_dop_operator_3.py
[2022-11-10T21:37:09.482+0000] {processor.py:768} INFO - DAG(s) dict_keys(['example_branch_dop_operator_v3']) retrieved from /home/airflow/.local/lib/python3.7/site-packages/airflow/example_dags/example_branch_python_dop_operator_3.py
[2022-11-10T21:37:09.886+0000] {logging_mixin.py:117} INFO - [2022-11-10T21:37:09.882+0000] {dag.py:2573} INFO - Sync 1 DAGs
[2022-11-10T21:37:10.048+0000] {logging_mixin.py:117} INFO - [2022-11-10T21:37:10.047+0000] {dag.py:3328} INFO - Setting next_dagrun for example_branch_dop_operator_v3 to 2022-11-10T21:36:00+00:00, run_after=2022-11-10T21:37:00+00:00
[2022-11-10T21:37:10.214+0000] {processor.py:178} INFO - Processing /home/airflow/.local/lib/python3.7/site-packages/airflow/example_dags/example_branch_python_dop_operator_3.py took 1.111 seconds
[2022-11-10T23:18:12.992+0000] {processor.py:156} INFO - Started process (PID=13680) to work on /home/airflow/.local/lib/python3.7/site-packages/airflow/example_dags/example_branch_python_dop_operator_3.py
[2022-11-10T23:18:13.000+0000] {processor.py:758} INFO - Processing file /home/airflow/.local/lib/python3.7/site-packages/airflow/example_dags/example_branch_python_dop_operator_3.py for tasks to queue
[2022-11-10T23:18:13.008+0000] {logging_mixin.py:117} INFO - [2022-11-10T23:18:13.007+0000] {dagbag.py:525} INFO - Filling up the DagBag from /home/airflow/.local/lib/python3.7/site-packages/airflow/example_dags/example_branch_python_dop_operator_3.py
[2022-11-10T23:18:13.169+0000] {processor.py:768} INFO - DAG(s) dict_keys(['example_branch_dop_operator_v3']) retrieved from /home/airflow/.local/lib/python3.7/site-packages/airflow/example_dags/example_branch_python_dop_operator_3.py
[2022-11-10T23:18:13.371+0000] {logging_mixin.py:117} INFO - [2022-11-10T23:18:13.371+0000] {dag.py:2573} INFO - Sync 1 DAGs
[2022-11-10T23:18:13.423+0000] {logging_mixin.py:117} INFO - [2022-11-10T23:18:13.423+0000] {dag.py:3328} INFO - Setting next_dagrun for example_branch_dop_operator_v3 to 2022-11-10T23:17:00+00:00, run_after=2022-11-10T23:18:00+00:00
[2022-11-10T23:18:13.470+0000] {processor.py:178} INFO - Processing /home/airflow/.local/lib/python3.7/site-packages/airflow/example_dags/example_branch_python_dop_operator_3.py took 0.486 seconds
