[2022-11-10T00:02:11.887+0000] {processor.py:156} INFO - Started process (PID=12525) to work on /home/airflow/.local/lib/python3.7/site-packages/airflow/example_dags/example_branch_operator.py
[2022-11-10T00:02:11.888+0000] {processor.py:758} INFO - Processing file /home/airflow/.local/lib/python3.7/site-packages/airflow/example_dags/example_branch_operator.py for tasks to queue
[2022-11-10T00:02:11.889+0000] {logging_mixin.py:117} INFO - [2022-11-10T00:02:11.889+0000] {dagbag.py:525} INFO - Filling up the DagBag from /home/airflow/.local/lib/python3.7/site-packages/airflow/example_dags/example_branch_operator.py
[2022-11-10T00:02:11.909+0000] {processor.py:768} INFO - DAG(s) dict_keys(['example_branch_operator']) retrieved from /home/airflow/.local/lib/python3.7/site-packages/airflow/example_dags/example_branch_operator.py
[2022-11-10T00:02:11.958+0000] {logging_mixin.py:117} INFO - [2022-11-10T00:02:11.958+0000] {dag.py:2573} INFO - Sync 1 DAGs
[2022-11-10T00:02:12.031+0000] {logging_mixin.py:117} INFO - [2022-11-10T00:02:12.031+0000] {dag.py:3328} INFO - Setting next_dagrun for example_branch_operator to 2022-11-09T00:00:00+00:00, run_after=2022-11-10T00:00:00+00:00
[2022-11-10T00:02:12.070+0000] {processor.py:178} INFO - Processing /home/airflow/.local/lib/python3.7/site-packages/airflow/example_dags/example_branch_operator.py took 0.188 seconds
[2022-11-10T01:24:32.393+0000] {processor.py:156} INFO - Started process (PID=12589) to work on /home/airflow/.local/lib/python3.7/site-packages/airflow/example_dags/example_branch_operator.py
[2022-11-10T01:24:32.409+0000] {processor.py:758} INFO - Processing file /home/airflow/.local/lib/python3.7/site-packages/airflow/example_dags/example_branch_operator.py for tasks to queue
[2022-11-10T01:24:32.412+0000] {logging_mixin.py:117} INFO - [2022-11-10T01:24:32.412+0000] {dagbag.py:525} INFO - Filling up the DagBag from /home/airflow/.local/lib/python3.7/site-packages/airflow/example_dags/example_branch_operator.py
[2022-11-10T01:24:32.455+0000] {processor.py:768} INFO - DAG(s) dict_keys(['example_branch_operator']) retrieved from /home/airflow/.local/lib/python3.7/site-packages/airflow/example_dags/example_branch_operator.py
[2022-11-10T01:24:32.525+0000] {logging_mixin.py:117} INFO - [2022-11-10T01:24:32.525+0000] {dag.py:2573} INFO - Sync 1 DAGs
[2022-11-10T01:24:32.571+0000] {logging_mixin.py:117} INFO - [2022-11-10T01:24:32.571+0000] {dag.py:3328} INFO - Setting next_dagrun for example_branch_operator to 2022-11-09T00:00:00+00:00, run_after=2022-11-10T00:00:00+00:00
[2022-11-10T01:24:32.615+0000] {processor.py:178} INFO - Processing /home/airflow/.local/lib/python3.7/site-packages/airflow/example_dags/example_branch_operator.py took 0.228 seconds
[2022-11-10T02:29:05.345+0000] {processor.py:156} INFO - Started process (PID=12644) to work on /home/airflow/.local/lib/python3.7/site-packages/airflow/example_dags/example_branch_operator.py
[2022-11-10T02:29:05.352+0000] {processor.py:758} INFO - Processing file /home/airflow/.local/lib/python3.7/site-packages/airflow/example_dags/example_branch_operator.py for tasks to queue
[2022-11-10T02:29:05.359+0000] {logging_mixin.py:117} INFO - [2022-11-10T02:29:05.358+0000] {dagbag.py:525} INFO - Filling up the DagBag from /home/airflow/.local/lib/python3.7/site-packages/airflow/example_dags/example_branch_operator.py
[2022-11-10T02:29:05.419+0000] {processor.py:768} INFO - DAG(s) dict_keys(['example_branch_operator']) retrieved from /home/airflow/.local/lib/python3.7/site-packages/airflow/example_dags/example_branch_operator.py
[2022-11-10T02:29:05.592+0000] {logging_mixin.py:117} INFO - [2022-11-10T02:29:05.592+0000] {dag.py:2573} INFO - Sync 1 DAGs
[2022-11-10T02:29:05.676+0000] {logging_mixin.py:117} INFO - [2022-11-10T02:29:05.676+0000] {dag.py:3328} INFO - Setting next_dagrun for example_branch_operator to 2022-11-09T00:00:00+00:00, run_after=2022-11-10T00:00:00+00:00
[2022-11-10T02:29:05.810+0000] {processor.py:178} INFO - Processing /home/airflow/.local/lib/python3.7/site-packages/airflow/example_dags/example_branch_operator.py took 0.474 seconds
[2022-11-10T03:35:46.495+0000] {processor.py:156} INFO - Started process (PID=12707) to work on /home/airflow/.local/lib/python3.7/site-packages/airflow/example_dags/example_branch_operator.py
[2022-11-10T03:35:46.498+0000] {processor.py:758} INFO - Processing file /home/airflow/.local/lib/python3.7/site-packages/airflow/example_dags/example_branch_operator.py for tasks to queue
[2022-11-10T03:35:46.499+0000] {logging_mixin.py:117} INFO - [2022-11-10T03:35:46.499+0000] {dagbag.py:525} INFO - Filling up the DagBag from /home/airflow/.local/lib/python3.7/site-packages/airflow/example_dags/example_branch_operator.py
[2022-11-10T03:35:46.517+0000] {processor.py:768} INFO - DAG(s) dict_keys(['example_branch_operator']) retrieved from /home/airflow/.local/lib/python3.7/site-packages/airflow/example_dags/example_branch_operator.py
[2022-11-10T03:35:46.561+0000] {logging_mixin.py:117} INFO - [2022-11-10T03:35:46.561+0000] {dag.py:2573} INFO - Sync 1 DAGs
[2022-11-10T03:35:46.588+0000] {logging_mixin.py:117} INFO - [2022-11-10T03:35:46.588+0000] {dag.py:3328} INFO - Setting next_dagrun for example_branch_operator to 2022-11-09T00:00:00+00:00, run_after=2022-11-10T00:00:00+00:00
[2022-11-10T03:35:46.608+0000] {processor.py:178} INFO - Processing /home/airflow/.local/lib/python3.7/site-packages/airflow/example_dags/example_branch_operator.py took 0.115 seconds
[2022-11-10T04:59:23.244+0000] {processor.py:156} INFO - Started process (PID=12762) to work on /home/airflow/.local/lib/python3.7/site-packages/airflow/example_dags/example_branch_operator.py
[2022-11-10T04:59:23.246+0000] {processor.py:758} INFO - Processing file /home/airflow/.local/lib/python3.7/site-packages/airflow/example_dags/example_branch_operator.py for tasks to queue
[2022-11-10T04:59:23.247+0000] {logging_mixin.py:117} INFO - [2022-11-10T04:59:23.247+0000] {dagbag.py:525} INFO - Filling up the DagBag from /home/airflow/.local/lib/python3.7/site-packages/airflow/example_dags/example_branch_operator.py
[2022-11-10T04:59:23.271+0000] {processor.py:768} INFO - DAG(s) dict_keys(['example_branch_operator']) retrieved from /home/airflow/.local/lib/python3.7/site-packages/airflow/example_dags/example_branch_operator.py
[2022-11-10T04:59:23.400+0000] {logging_mixin.py:117} INFO - [2022-11-10T04:59:23.399+0000] {dag.py:2573} INFO - Sync 1 DAGs
[2022-11-10T04:59:23.749+0000] {logging_mixin.py:117} INFO - [2022-11-10T04:59:23.748+0000] {dag.py:3328} INFO - Setting next_dagrun for example_branch_operator to 2022-11-09T00:00:00+00:00, run_after=2022-11-10T00:00:00+00:00
[2022-11-10T04:59:24.150+0000] {processor.py:178} INFO - Processing /home/airflow/.local/lib/python3.7/site-packages/airflow/example_dags/example_branch_operator.py took 0.907 seconds
[2022-11-10T06:22:28.916+0000] {processor.py:156} INFO - Started process (PID=12826) to work on /home/airflow/.local/lib/python3.7/site-packages/airflow/example_dags/example_branch_operator.py
[2022-11-10T06:22:28.950+0000] {processor.py:758} INFO - Processing file /home/airflow/.local/lib/python3.7/site-packages/airflow/example_dags/example_branch_operator.py for tasks to queue
[2022-11-10T06:22:28.954+0000] {logging_mixin.py:117} INFO - [2022-11-10T06:22:28.953+0000] {dagbag.py:525} INFO - Filling up the DagBag from /home/airflow/.local/lib/python3.7/site-packages/airflow/example_dags/example_branch_operator.py
[2022-11-10T06:22:29.072+0000] {processor.py:768} INFO - DAG(s) dict_keys(['example_branch_operator']) retrieved from /home/airflow/.local/lib/python3.7/site-packages/airflow/example_dags/example_branch_operator.py
[2022-11-10T06:22:29.178+0000] {logging_mixin.py:117} INFO - [2022-11-10T06:22:29.177+0000] {dag.py:2573} INFO - Sync 1 DAGs
[2022-11-10T06:22:29.258+0000] {logging_mixin.py:117} INFO - [2022-11-10T06:22:29.258+0000] {dag.py:3328} INFO - Setting next_dagrun for example_branch_operator to 2022-11-09T00:00:00+00:00, run_after=2022-11-10T00:00:00+00:00
[2022-11-10T06:22:29.359+0000] {processor.py:178} INFO - Processing /home/airflow/.local/lib/python3.7/site-packages/airflow/example_dags/example_branch_operator.py took 0.472 seconds
[2022-11-10T08:00:50.532+0000] {processor.py:156} INFO - Started process (PID=12880) to work on /home/airflow/.local/lib/python3.7/site-packages/airflow/example_dags/example_branch_operator.py
[2022-11-10T08:00:50.557+0000] {processor.py:758} INFO - Processing file /home/airflow/.local/lib/python3.7/site-packages/airflow/example_dags/example_branch_operator.py for tasks to queue
[2022-11-10T08:00:50.587+0000] {logging_mixin.py:117} INFO - [2022-11-10T08:00:50.587+0000] {dagbag.py:525} INFO - Filling up the DagBag from /home/airflow/.local/lib/python3.7/site-packages/airflow/example_dags/example_branch_operator.py
[2022-11-10T08:00:50.791+0000] {processor.py:768} INFO - DAG(s) dict_keys(['example_branch_operator']) retrieved from /home/airflow/.local/lib/python3.7/site-packages/airflow/example_dags/example_branch_operator.py
[2022-11-10T08:00:51.204+0000] {logging_mixin.py:117} INFO - [2022-11-10T08:00:51.202+0000] {dag.py:2573} INFO - Sync 1 DAGs
[2022-11-10T08:00:51.426+0000] {logging_mixin.py:117} INFO - [2022-11-10T08:00:51.426+0000] {dag.py:3328} INFO - Setting next_dagrun for example_branch_operator to 2022-11-09T00:00:00+00:00, run_after=2022-11-10T00:00:00+00:00
[2022-11-10T08:00:51.493+0000] {processor.py:178} INFO - Processing /home/airflow/.local/lib/python3.7/site-packages/airflow/example_dags/example_branch_operator.py took 0.974 seconds
[2022-11-10T09:23:05.913+0000] {processor.py:156} INFO - Started process (PID=12942) to work on /home/airflow/.local/lib/python3.7/site-packages/airflow/example_dags/example_branch_operator.py
[2022-11-10T09:23:05.919+0000] {processor.py:758} INFO - Processing file /home/airflow/.local/lib/python3.7/site-packages/airflow/example_dags/example_branch_operator.py for tasks to queue
[2022-11-10T09:23:05.921+0000] {logging_mixin.py:117} INFO - [2022-11-10T09:23:05.921+0000] {dagbag.py:525} INFO - Filling up the DagBag from /home/airflow/.local/lib/python3.7/site-packages/airflow/example_dags/example_branch_operator.py
[2022-11-10T09:23:05.961+0000] {processor.py:768} INFO - DAG(s) dict_keys(['example_branch_operator']) retrieved from /home/airflow/.local/lib/python3.7/site-packages/airflow/example_dags/example_branch_operator.py
[2022-11-10T09:23:06.022+0000] {logging_mixin.py:117} INFO - [2022-11-10T09:23:06.022+0000] {dag.py:2573} INFO - Sync 1 DAGs
[2022-11-10T09:23:06.053+0000] {logging_mixin.py:117} INFO - [2022-11-10T09:23:06.052+0000] {dag.py:3328} INFO - Setting next_dagrun for example_branch_operator to 2022-11-09T00:00:00+00:00, run_after=2022-11-10T00:00:00+00:00
[2022-11-10T09:23:06.088+0000] {processor.py:178} INFO - Processing /home/airflow/.local/lib/python3.7/site-packages/airflow/example_dags/example_branch_operator.py took 0.185 seconds
[2022-11-10T10:48:45.742+0000] {processor.py:156} INFO - Started process (PID=12996) to work on /home/airflow/.local/lib/python3.7/site-packages/airflow/example_dags/example_branch_operator.py
[2022-11-10T10:48:45.751+0000] {processor.py:758} INFO - Processing file /home/airflow/.local/lib/python3.7/site-packages/airflow/example_dags/example_branch_operator.py for tasks to queue
[2022-11-10T10:48:45.755+0000] {logging_mixin.py:117} INFO - [2022-11-10T10:48:45.755+0000] {dagbag.py:525} INFO - Filling up the DagBag from /home/airflow/.local/lib/python3.7/site-packages/airflow/example_dags/example_branch_operator.py
[2022-11-10T10:48:45.812+0000] {processor.py:768} INFO - DAG(s) dict_keys(['example_branch_operator']) retrieved from /home/airflow/.local/lib/python3.7/site-packages/airflow/example_dags/example_branch_operator.py
[2022-11-10T10:48:46.177+0000] {logging_mixin.py:117} INFO - [2022-11-10T10:48:46.176+0000] {dag.py:2573} INFO - Sync 1 DAGs
[2022-11-10T10:48:46.235+0000] {logging_mixin.py:117} INFO - [2022-11-10T10:48:46.235+0000] {dag.py:3328} INFO - Setting next_dagrun for example_branch_operator to 2022-11-09T00:00:00+00:00, run_after=2022-11-10T00:00:00+00:00
[2022-11-10T10:48:46.267+0000] {processor.py:178} INFO - Processing /home/airflow/.local/lib/python3.7/site-packages/airflow/example_dags/example_branch_operator.py took 0.535 seconds
[2022-11-10T12:10:59.052+0000] {processor.py:156} INFO - Started process (PID=13052) to work on /home/airflow/.local/lib/python3.7/site-packages/airflow/example_dags/example_branch_operator.py
[2022-11-10T12:10:59.080+0000] {processor.py:758} INFO - Processing file /home/airflow/.local/lib/python3.7/site-packages/airflow/example_dags/example_branch_operator.py for tasks to queue
[2022-11-10T12:10:59.082+0000] {logging_mixin.py:117} INFO - [2022-11-10T12:10:59.082+0000] {dagbag.py:525} INFO - Filling up the DagBag from /home/airflow/.local/lib/python3.7/site-packages/airflow/example_dags/example_branch_operator.py
[2022-11-10T12:10:59.105+0000] {processor.py:768} INFO - DAG(s) dict_keys(['example_branch_operator']) retrieved from /home/airflow/.local/lib/python3.7/site-packages/airflow/example_dags/example_branch_operator.py
[2022-11-10T12:10:59.147+0000] {logging_mixin.py:117} INFO - [2022-11-10T12:10:59.147+0000] {dag.py:2573} INFO - Sync 1 DAGs
[2022-11-10T12:10:59.186+0000] {logging_mixin.py:117} INFO - [2022-11-10T12:10:59.186+0000] {dag.py:3328} INFO - Setting next_dagrun for example_branch_operator to 2022-11-09T00:00:00+00:00, run_after=2022-11-10T00:00:00+00:00
[2022-11-10T12:10:59.204+0000] {processor.py:178} INFO - Processing /home/airflow/.local/lib/python3.7/site-packages/airflow/example_dags/example_branch_operator.py took 0.155 seconds
[2022-11-10T13:33:27.188+0000] {processor.py:156} INFO - Started process (PID=13108) to work on /home/airflow/.local/lib/python3.7/site-packages/airflow/example_dags/example_branch_operator.py
[2022-11-10T13:33:27.207+0000] {processor.py:758} INFO - Processing file /home/airflow/.local/lib/python3.7/site-packages/airflow/example_dags/example_branch_operator.py for tasks to queue
[2022-11-10T13:33:27.208+0000] {logging_mixin.py:117} INFO - [2022-11-10T13:33:27.208+0000] {dagbag.py:525} INFO - Filling up the DagBag from /home/airflow/.local/lib/python3.7/site-packages/airflow/example_dags/example_branch_operator.py
[2022-11-10T13:33:27.320+0000] {processor.py:768} INFO - DAG(s) dict_keys(['example_branch_operator']) retrieved from /home/airflow/.local/lib/python3.7/site-packages/airflow/example_dags/example_branch_operator.py
[2022-11-10T13:33:27.986+0000] {logging_mixin.py:117} INFO - [2022-11-10T13:33:27.981+0000] {dag.py:2573} INFO - Sync 1 DAGs
[2022-11-10T13:33:28.120+0000] {logging_mixin.py:117} INFO - [2022-11-10T13:33:28.120+0000] {dag.py:3328} INFO - Setting next_dagrun for example_branch_operator to 2022-11-09T00:00:00+00:00, run_after=2022-11-10T00:00:00+00:00
[2022-11-10T13:33:28.201+0000] {processor.py:178} INFO - Processing /home/airflow/.local/lib/python3.7/site-packages/airflow/example_dags/example_branch_operator.py took 1.025 seconds
[2022-11-10T14:37:17.009+0000] {processor.py:156} INFO - Started process (PID=13162) to work on /home/airflow/.local/lib/python3.7/site-packages/airflow/example_dags/example_branch_operator.py
[2022-11-10T14:37:17.011+0000] {processor.py:758} INFO - Processing file /home/airflow/.local/lib/python3.7/site-packages/airflow/example_dags/example_branch_operator.py for tasks to queue
[2022-11-10T14:37:17.012+0000] {logging_mixin.py:117} INFO - [2022-11-10T14:37:17.012+0000] {dagbag.py:525} INFO - Filling up the DagBag from /home/airflow/.local/lib/python3.7/site-packages/airflow/example_dags/example_branch_operator.py
[2022-11-10T14:37:17.060+0000] {processor.py:768} INFO - DAG(s) dict_keys(['example_branch_operator']) retrieved from /home/airflow/.local/lib/python3.7/site-packages/airflow/example_dags/example_branch_operator.py
[2022-11-10T14:37:17.230+0000] {logging_mixin.py:117} INFO - [2022-11-10T14:37:17.230+0000] {dag.py:2573} INFO - Sync 1 DAGs
[2022-11-10T14:37:17.339+0000] {logging_mixin.py:117} INFO - [2022-11-10T14:37:17.338+0000] {dag.py:3328} INFO - Setting next_dagrun for example_branch_operator to 2022-11-09T00:00:00+00:00, run_after=2022-11-10T00:00:00+00:00
[2022-11-10T14:37:17.420+0000] {processor.py:178} INFO - Processing /home/airflow/.local/lib/python3.7/site-packages/airflow/example_dags/example_branch_operator.py took 0.413 seconds
[2022-11-10T14:45:43.559+0000] {processor.py:156} INFO - Started process (PID=13224) to work on /home/airflow/.local/lib/python3.7/site-packages/airflow/example_dags/example_branch_operator.py
[2022-11-10T14:45:43.564+0000] {processor.py:758} INFO - Processing file /home/airflow/.local/lib/python3.7/site-packages/airflow/example_dags/example_branch_operator.py for tasks to queue
[2022-11-10T14:45:43.568+0000] {logging_mixin.py:117} INFO - [2022-11-10T14:45:43.567+0000] {dagbag.py:525} INFO - Filling up the DagBag from /home/airflow/.local/lib/python3.7/site-packages/airflow/example_dags/example_branch_operator.py
[2022-11-10T14:45:43.707+0000] {processor.py:768} INFO - DAG(s) dict_keys(['example_branch_operator']) retrieved from /home/airflow/.local/lib/python3.7/site-packages/airflow/example_dags/example_branch_operator.py
[2022-11-10T14:45:44.302+0000] {logging_mixin.py:117} INFO - [2022-11-10T14:45:44.302+0000] {dag.py:2573} INFO - Sync 1 DAGs
[2022-11-10T14:45:44.413+0000] {logging_mixin.py:117} INFO - [2022-11-10T14:45:44.413+0000] {dag.py:3328} INFO - Setting next_dagrun for example_branch_operator to 2022-11-09T00:00:00+00:00, run_after=2022-11-10T00:00:00+00:00
[2022-11-10T14:45:44.566+0000] {processor.py:178} INFO - Processing /home/airflow/.local/lib/python3.7/site-packages/airflow/example_dags/example_branch_operator.py took 1.031 seconds
[2022-11-10T15:04:47.467+0000] {processor.py:156} INFO - Started process (PID=13281) to work on /home/airflow/.local/lib/python3.7/site-packages/airflow/example_dags/example_branch_operator.py
[2022-11-10T15:04:47.552+0000] {processor.py:758} INFO - Processing file /home/airflow/.local/lib/python3.7/site-packages/airflow/example_dags/example_branch_operator.py for tasks to queue
[2022-11-10T15:04:47.568+0000] {logging_mixin.py:117} INFO - [2022-11-10T15:04:47.568+0000] {dagbag.py:525} INFO - Filling up the DagBag from /home/airflow/.local/lib/python3.7/site-packages/airflow/example_dags/example_branch_operator.py
[2022-11-10T15:04:47.849+0000] {processor.py:768} INFO - DAG(s) dict_keys(['example_branch_operator']) retrieved from /home/airflow/.local/lib/python3.7/site-packages/airflow/example_dags/example_branch_operator.py
[2022-11-10T15:04:48.376+0000] {logging_mixin.py:117} INFO - [2022-11-10T15:04:48.375+0000] {dag.py:2573} INFO - Sync 1 DAGs
[2022-11-10T15:04:48.593+0000] {logging_mixin.py:117} INFO - [2022-11-10T15:04:48.589+0000] {dag.py:3328} INFO - Setting next_dagrun for example_branch_operator to 2022-11-09T00:00:00+00:00, run_after=2022-11-10T00:00:00+00:00
[2022-11-10T15:04:48.812+0000] {processor.py:178} INFO - Processing /home/airflow/.local/lib/python3.7/site-packages/airflow/example_dags/example_branch_operator.py took 1.368 seconds
[2022-11-10T16:10:38.974+0000] {processor.py:156} INFO - Started process (PID=13336) to work on /home/airflow/.local/lib/python3.7/site-packages/airflow/example_dags/example_branch_operator.py
[2022-11-10T16:10:38.980+0000] {processor.py:758} INFO - Processing file /home/airflow/.local/lib/python3.7/site-packages/airflow/example_dags/example_branch_operator.py for tasks to queue
[2022-11-10T16:10:38.981+0000] {logging_mixin.py:117} INFO - [2022-11-10T16:10:38.981+0000] {dagbag.py:525} INFO - Filling up the DagBag from /home/airflow/.local/lib/python3.7/site-packages/airflow/example_dags/example_branch_operator.py
[2022-11-10T16:10:39.014+0000] {processor.py:768} INFO - DAG(s) dict_keys(['example_branch_operator']) retrieved from /home/airflow/.local/lib/python3.7/site-packages/airflow/example_dags/example_branch_operator.py
[2022-11-10T16:10:39.123+0000] {logging_mixin.py:117} INFO - [2022-11-10T16:10:39.123+0000] {dag.py:2573} INFO - Sync 1 DAGs
[2022-11-10T16:10:39.165+0000] {logging_mixin.py:117} INFO - [2022-11-10T16:10:39.164+0000] {dag.py:3328} INFO - Setting next_dagrun for example_branch_operator to 2022-11-09T00:00:00+00:00, run_after=2022-11-10T00:00:00+00:00
[2022-11-10T16:10:39.184+0000] {processor.py:178} INFO - Processing /home/airflow/.local/lib/python3.7/site-packages/airflow/example_dags/example_branch_operator.py took 0.213 seconds
[2022-11-10T17:34:39.215+0000] {processor.py:156} INFO - Started process (PID=13390) to work on /home/airflow/.local/lib/python3.7/site-packages/airflow/example_dags/example_branch_operator.py
[2022-11-10T17:34:39.223+0000] {processor.py:758} INFO - Processing file /home/airflow/.local/lib/python3.7/site-packages/airflow/example_dags/example_branch_operator.py for tasks to queue
[2022-11-10T17:34:39.261+0000] {logging_mixin.py:117} INFO - [2022-11-10T17:34:39.261+0000] {dagbag.py:525} INFO - Filling up the DagBag from /home/airflow/.local/lib/python3.7/site-packages/airflow/example_dags/example_branch_operator.py
[2022-11-10T17:34:39.354+0000] {processor.py:768} INFO - DAG(s) dict_keys(['example_branch_operator']) retrieved from /home/airflow/.local/lib/python3.7/site-packages/airflow/example_dags/example_branch_operator.py
[2022-11-10T17:34:39.558+0000] {logging_mixin.py:117} INFO - [2022-11-10T17:34:39.558+0000] {dag.py:2573} INFO - Sync 1 DAGs
[2022-11-10T17:34:39.625+0000] {logging_mixin.py:117} INFO - [2022-11-10T17:34:39.625+0000] {dag.py:3328} INFO - Setting next_dagrun for example_branch_operator to 2022-11-09T00:00:00+00:00, run_after=2022-11-10T00:00:00+00:00
[2022-11-10T17:34:39.714+0000] {processor.py:178} INFO - Processing /home/airflow/.local/lib/python3.7/site-packages/airflow/example_dags/example_branch_operator.py took 0.513 seconds
[2022-11-10T18:57:13.942+0000] {processor.py:156} INFO - Started process (PID=13454) to work on /home/airflow/.local/lib/python3.7/site-packages/airflow/example_dags/example_branch_operator.py
[2022-11-10T18:57:13.950+0000] {processor.py:758} INFO - Processing file /home/airflow/.local/lib/python3.7/site-packages/airflow/example_dags/example_branch_operator.py for tasks to queue
[2022-11-10T18:57:13.953+0000] {logging_mixin.py:117} INFO - [2022-11-10T18:57:13.953+0000] {dagbag.py:525} INFO - Filling up the DagBag from /home/airflow/.local/lib/python3.7/site-packages/airflow/example_dags/example_branch_operator.py
[2022-11-10T18:57:14.069+0000] {processor.py:768} INFO - DAG(s) dict_keys(['example_branch_operator']) retrieved from /home/airflow/.local/lib/python3.7/site-packages/airflow/example_dags/example_branch_operator.py
[2022-11-10T18:57:14.422+0000] {logging_mixin.py:117} INFO - [2022-11-10T18:57:14.422+0000] {dag.py:2573} INFO - Sync 1 DAGs
[2022-11-10T18:57:14.545+0000] {logging_mixin.py:117} INFO - [2022-11-10T18:57:14.545+0000] {dag.py:3328} INFO - Setting next_dagrun for example_branch_operator to 2022-11-09T00:00:00+00:00, run_after=2022-11-10T00:00:00+00:00
[2022-11-10T18:57:14.599+0000] {processor.py:178} INFO - Processing /home/airflow/.local/lib/python3.7/site-packages/airflow/example_dags/example_branch_operator.py took 0.664 seconds
[2022-11-10T19:05:31.850+0000] {processor.py:156} INFO - Started process (PID=13510) to work on /home/airflow/.local/lib/python3.7/site-packages/airflow/example_dags/example_branch_operator.py
[2022-11-10T19:05:31.852+0000] {processor.py:758} INFO - Processing file /home/airflow/.local/lib/python3.7/site-packages/airflow/example_dags/example_branch_operator.py for tasks to queue
[2022-11-10T19:05:31.853+0000] {logging_mixin.py:117} INFO - [2022-11-10T19:05:31.853+0000] {dagbag.py:525} INFO - Filling up the DagBag from /home/airflow/.local/lib/python3.7/site-packages/airflow/example_dags/example_branch_operator.py
[2022-11-10T19:05:31.875+0000] {processor.py:768} INFO - DAG(s) dict_keys(['example_branch_operator']) retrieved from /home/airflow/.local/lib/python3.7/site-packages/airflow/example_dags/example_branch_operator.py
[2022-11-10T19:05:31.979+0000] {logging_mixin.py:117} INFO - [2022-11-10T19:05:31.976+0000] {dag.py:2573} INFO - Sync 1 DAGs
[2022-11-10T19:05:32.043+0000] {logging_mixin.py:117} INFO - [2022-11-10T19:05:32.043+0000] {dag.py:3328} INFO - Setting next_dagrun for example_branch_operator to 2022-11-09T00:00:00+00:00, run_after=2022-11-10T00:00:00+00:00
[2022-11-10T19:05:32.077+0000] {processor.py:178} INFO - Processing /home/airflow/.local/lib/python3.7/site-packages/airflow/example_dags/example_branch_operator.py took 0.229 seconds
[2022-11-10T20:13:41.186+0000] {processor.py:156} INFO - Started process (PID=13574) to work on /home/airflow/.local/lib/python3.7/site-packages/airflow/example_dags/example_branch_operator.py
[2022-11-10T20:13:41.188+0000] {processor.py:758} INFO - Processing file /home/airflow/.local/lib/python3.7/site-packages/airflow/example_dags/example_branch_operator.py for tasks to queue
[2022-11-10T20:13:41.192+0000] {logging_mixin.py:117} INFO - [2022-11-10T20:13:41.192+0000] {dagbag.py:525} INFO - Filling up the DagBag from /home/airflow/.local/lib/python3.7/site-packages/airflow/example_dags/example_branch_operator.py
[2022-11-10T20:13:41.255+0000] {processor.py:768} INFO - DAG(s) dict_keys(['example_branch_operator']) retrieved from /home/airflow/.local/lib/python3.7/site-packages/airflow/example_dags/example_branch_operator.py
[2022-11-10T20:13:41.348+0000] {logging_mixin.py:117} INFO - [2022-11-10T20:13:41.347+0000] {dag.py:2573} INFO - Sync 1 DAGs
[2022-11-10T20:13:41.386+0000] {logging_mixin.py:117} INFO - [2022-11-10T20:13:41.386+0000] {dag.py:3328} INFO - Setting next_dagrun for example_branch_operator to 2022-11-09T00:00:00+00:00, run_after=2022-11-10T00:00:00+00:00
[2022-11-10T20:13:41.535+0000] {processor.py:178} INFO - Processing /home/airflow/.local/lib/python3.7/site-packages/airflow/example_dags/example_branch_operator.py took 0.352 seconds
[2022-11-10T21:37:13.265+0000] {processor.py:156} INFO - Started process (PID=13628) to work on /home/airflow/.local/lib/python3.7/site-packages/airflow/example_dags/example_branch_operator.py
[2022-11-10T21:37:13.268+0000] {processor.py:758} INFO - Processing file /home/airflow/.local/lib/python3.7/site-packages/airflow/example_dags/example_branch_operator.py for tasks to queue
[2022-11-10T21:37:13.269+0000] {logging_mixin.py:117} INFO - [2022-11-10T21:37:13.269+0000] {dagbag.py:525} INFO - Filling up the DagBag from /home/airflow/.local/lib/python3.7/site-packages/airflow/example_dags/example_branch_operator.py
[2022-11-10T21:37:13.450+0000] {processor.py:768} INFO - DAG(s) dict_keys(['example_branch_operator']) retrieved from /home/airflow/.local/lib/python3.7/site-packages/airflow/example_dags/example_branch_operator.py
[2022-11-10T21:37:13.682+0000] {logging_mixin.py:117} INFO - [2022-11-10T21:37:13.682+0000] {dag.py:2573} INFO - Sync 1 DAGs
[2022-11-10T21:37:13.760+0000] {logging_mixin.py:117} INFO - [2022-11-10T21:37:13.760+0000] {dag.py:3328} INFO - Setting next_dagrun for example_branch_operator to 2022-11-09T00:00:00+00:00, run_after=2022-11-10T00:00:00+00:00
[2022-11-10T21:37:13.802+0000] {processor.py:178} INFO - Processing /home/airflow/.local/lib/python3.7/site-packages/airflow/example_dags/example_branch_operator.py took 0.542 seconds
[2022-11-10T23:18:17.928+0000] {processor.py:156} INFO - Started process (PID=13693) to work on /home/airflow/.local/lib/python3.7/site-packages/airflow/example_dags/example_branch_operator.py
[2022-11-10T23:18:17.972+0000] {processor.py:758} INFO - Processing file /home/airflow/.local/lib/python3.7/site-packages/airflow/example_dags/example_branch_operator.py for tasks to queue
[2022-11-10T23:18:17.977+0000] {logging_mixin.py:117} INFO - [2022-11-10T23:18:17.977+0000] {dagbag.py:525} INFO - Filling up the DagBag from /home/airflow/.local/lib/python3.7/site-packages/airflow/example_dags/example_branch_operator.py
[2022-11-10T23:18:18.089+0000] {processor.py:768} INFO - DAG(s) dict_keys(['example_branch_operator']) retrieved from /home/airflow/.local/lib/python3.7/site-packages/airflow/example_dags/example_branch_operator.py
[2022-11-10T23:18:18.314+0000] {logging_mixin.py:117} INFO - [2022-11-10T23:18:18.313+0000] {dag.py:2573} INFO - Sync 1 DAGs
[2022-11-10T23:18:18.369+0000] {logging_mixin.py:117} INFO - [2022-11-10T23:18:18.369+0000] {dag.py:3328} INFO - Setting next_dagrun for example_branch_operator to 2022-11-09T00:00:00+00:00, run_after=2022-11-10T00:00:00+00:00
[2022-11-10T23:18:18.483+0000] {processor.py:178} INFO - Processing /home/airflow/.local/lib/python3.7/site-packages/airflow/example_dags/example_branch_operator.py took 0.558 seconds
