[2022-11-10T00:02:14.996+0000] {processor.py:156} INFO - Started process (PID=12540) to work on /home/airflow/.local/lib/python3.7/site-packages/airflow/example_dags/example_branch_operator_decorator.py
[2022-11-10T00:02:14.999+0000] {processor.py:758} INFO - Processing file /home/airflow/.local/lib/python3.7/site-packages/airflow/example_dags/example_branch_operator_decorator.py for tasks to queue
[2022-11-10T00:02:15.000+0000] {logging_mixin.py:117} INFO - [2022-11-10T00:02:15.000+0000] {dagbag.py:525} INFO - Filling up the DagBag from /home/airflow/.local/lib/python3.7/site-packages/airflow/example_dags/example_branch_operator_decorator.py
[2022-11-10T00:02:15.051+0000] {processor.py:768} INFO - DAG(s) dict_keys(['example_branch_python_operator_decorator']) retrieved from /home/airflow/.local/lib/python3.7/site-packages/airflow/example_dags/example_branch_operator_decorator.py
[2022-11-10T00:02:15.119+0000] {logging_mixin.py:117} INFO - [2022-11-10T00:02:15.119+0000] {dag.py:2573} INFO - Sync 1 DAGs
[2022-11-10T00:02:15.151+0000] {logging_mixin.py:117} INFO - [2022-11-10T00:02:15.151+0000] {dag.py:3328} INFO - Setting next_dagrun for example_branch_python_operator_decorator to 2022-11-09T00:00:00+00:00, run_after=2022-11-10T00:00:00+00:00
[2022-11-10T00:02:15.180+0000] {processor.py:178} INFO - Processing /home/airflow/.local/lib/python3.7/site-packages/airflow/example_dags/example_branch_operator_decorator.py took 0.190 seconds
[2022-11-10T01:24:33.872+0000] {processor.py:156} INFO - Started process (PID=12604) to work on /home/airflow/.local/lib/python3.7/site-packages/airflow/example_dags/example_branch_operator_decorator.py
[2022-11-10T01:24:33.874+0000] {processor.py:758} INFO - Processing file /home/airflow/.local/lib/python3.7/site-packages/airflow/example_dags/example_branch_operator_decorator.py for tasks to queue
[2022-11-10T01:24:33.876+0000] {logging_mixin.py:117} INFO - [2022-11-10T01:24:33.876+0000] {dagbag.py:525} INFO - Filling up the DagBag from /home/airflow/.local/lib/python3.7/site-packages/airflow/example_dags/example_branch_operator_decorator.py
[2022-11-10T01:24:33.895+0000] {processor.py:768} INFO - DAG(s) dict_keys(['example_branch_python_operator_decorator']) retrieved from /home/airflow/.local/lib/python3.7/site-packages/airflow/example_dags/example_branch_operator_decorator.py
[2022-11-10T01:24:33.922+0000] {logging_mixin.py:117} INFO - [2022-11-10T01:24:33.922+0000] {dag.py:2573} INFO - Sync 1 DAGs
[2022-11-10T01:24:33.936+0000] {logging_mixin.py:117} INFO - [2022-11-10T01:24:33.936+0000] {dag.py:3328} INFO - Setting next_dagrun for example_branch_python_operator_decorator to 2022-11-09T00:00:00+00:00, run_after=2022-11-10T00:00:00+00:00
[2022-11-10T01:24:33.950+0000] {processor.py:178} INFO - Processing /home/airflow/.local/lib/python3.7/site-packages/airflow/example_dags/example_branch_operator_decorator.py took 0.082 seconds
[2022-11-10T02:29:08.587+0000] {processor.py:156} INFO - Started process (PID=12667) to work on /home/airflow/.local/lib/python3.7/site-packages/airflow/example_dags/example_branch_operator_decorator.py
[2022-11-10T02:29:08.592+0000] {processor.py:758} INFO - Processing file /home/airflow/.local/lib/python3.7/site-packages/airflow/example_dags/example_branch_operator_decorator.py for tasks to queue
[2022-11-10T02:29:08.595+0000] {logging_mixin.py:117} INFO - [2022-11-10T02:29:08.595+0000] {dagbag.py:525} INFO - Filling up the DagBag from /home/airflow/.local/lib/python3.7/site-packages/airflow/example_dags/example_branch_operator_decorator.py
[2022-11-10T02:29:08.646+0000] {processor.py:768} INFO - DAG(s) dict_keys(['example_branch_python_operator_decorator']) retrieved from /home/airflow/.local/lib/python3.7/site-packages/airflow/example_dags/example_branch_operator_decorator.py
[2022-11-10T02:29:08.796+0000] {logging_mixin.py:117} INFO - [2022-11-10T02:29:08.795+0000] {dag.py:2573} INFO - Sync 1 DAGs
[2022-11-10T02:29:08.873+0000] {logging_mixin.py:117} INFO - [2022-11-10T02:29:08.872+0000] {dag.py:3328} INFO - Setting next_dagrun for example_branch_python_operator_decorator to 2022-11-09T00:00:00+00:00, run_after=2022-11-10T00:00:00+00:00
[2022-11-10T02:29:08.906+0000] {processor.py:178} INFO - Processing /home/airflow/.local/lib/python3.7/site-packages/airflow/example_dags/example_branch_operator_decorator.py took 0.321 seconds
[2022-11-10T03:35:47.903+0000] {processor.py:156} INFO - Started process (PID=12722) to work on /home/airflow/.local/lib/python3.7/site-packages/airflow/example_dags/example_branch_operator_decorator.py
[2022-11-10T03:35:47.904+0000] {processor.py:758} INFO - Processing file /home/airflow/.local/lib/python3.7/site-packages/airflow/example_dags/example_branch_operator_decorator.py for tasks to queue
[2022-11-10T03:35:47.905+0000] {logging_mixin.py:117} INFO - [2022-11-10T03:35:47.905+0000] {dagbag.py:525} INFO - Filling up the DagBag from /home/airflow/.local/lib/python3.7/site-packages/airflow/example_dags/example_branch_operator_decorator.py
[2022-11-10T03:35:47.927+0000] {processor.py:768} INFO - DAG(s) dict_keys(['example_branch_python_operator_decorator']) retrieved from /home/airflow/.local/lib/python3.7/site-packages/airflow/example_dags/example_branch_operator_decorator.py
[2022-11-10T03:35:47.973+0000] {logging_mixin.py:117} INFO - [2022-11-10T03:35:47.973+0000] {dag.py:2573} INFO - Sync 1 DAGs
[2022-11-10T03:35:47.991+0000] {logging_mixin.py:117} INFO - [2022-11-10T03:35:47.991+0000] {dag.py:3328} INFO - Setting next_dagrun for example_branch_python_operator_decorator to 2022-11-09T00:00:00+00:00, run_after=2022-11-10T00:00:00+00:00
[2022-11-10T03:35:48.004+0000] {processor.py:178} INFO - Processing /home/airflow/.local/lib/python3.7/site-packages/airflow/example_dags/example_branch_operator_decorator.py took 0.103 seconds
[2022-11-10T04:59:31.170+0000] {processor.py:156} INFO - Started process (PID=12786) to work on /home/airflow/.local/lib/python3.7/site-packages/airflow/example_dags/example_branch_operator_decorator.py
[2022-11-10T04:59:31.173+0000] {processor.py:758} INFO - Processing file /home/airflow/.local/lib/python3.7/site-packages/airflow/example_dags/example_branch_operator_decorator.py for tasks to queue
[2022-11-10T04:59:31.174+0000] {logging_mixin.py:117} INFO - [2022-11-10T04:59:31.174+0000] {dagbag.py:525} INFO - Filling up the DagBag from /home/airflow/.local/lib/python3.7/site-packages/airflow/example_dags/example_branch_operator_decorator.py
[2022-11-10T04:59:31.203+0000] {processor.py:768} INFO - DAG(s) dict_keys(['example_branch_python_operator_decorator']) retrieved from /home/airflow/.local/lib/python3.7/site-packages/airflow/example_dags/example_branch_operator_decorator.py
[2022-11-10T04:59:31.242+0000] {logging_mixin.py:117} INFO - [2022-11-10T04:59:31.242+0000] {dag.py:2573} INFO - Sync 1 DAGs
[2022-11-10T04:59:31.261+0000] {logging_mixin.py:117} INFO - [2022-11-10T04:59:31.261+0000] {dag.py:3328} INFO - Setting next_dagrun for example_branch_python_operator_decorator to 2022-11-09T00:00:00+00:00, run_after=2022-11-10T00:00:00+00:00
[2022-11-10T04:59:31.279+0000] {processor.py:178} INFO - Processing /home/airflow/.local/lib/python3.7/site-packages/airflow/example_dags/example_branch_operator_decorator.py took 0.111 seconds
[2022-11-10T06:22:35.812+0000] {processor.py:156} INFO - Started process (PID=12846) to work on /home/airflow/.local/lib/python3.7/site-packages/airflow/example_dags/example_branch_operator_decorator.py
[2022-11-10T06:22:35.837+0000] {processor.py:758} INFO - Processing file /home/airflow/.local/lib/python3.7/site-packages/airflow/example_dags/example_branch_operator_decorator.py for tasks to queue
[2022-11-10T06:22:35.845+0000] {logging_mixin.py:117} INFO - [2022-11-10T06:22:35.845+0000] {dagbag.py:525} INFO - Filling up the DagBag from /home/airflow/.local/lib/python3.7/site-packages/airflow/example_dags/example_branch_operator_decorator.py
[2022-11-10T06:22:36.049+0000] {processor.py:768} INFO - DAG(s) dict_keys(['example_branch_python_operator_decorator']) retrieved from /home/airflow/.local/lib/python3.7/site-packages/airflow/example_dags/example_branch_operator_decorator.py
[2022-11-10T06:22:36.395+0000] {logging_mixin.py:117} INFO - [2022-11-10T06:22:36.395+0000] {dag.py:2573} INFO - Sync 1 DAGs
[2022-11-10T06:22:36.522+0000] {logging_mixin.py:117} INFO - [2022-11-10T06:22:36.522+0000] {dag.py:3328} INFO - Setting next_dagrun for example_branch_python_operator_decorator to 2022-11-09T00:00:00+00:00, run_after=2022-11-10T00:00:00+00:00
[2022-11-10T06:22:36.588+0000] {processor.py:178} INFO - Processing /home/airflow/.local/lib/python3.7/site-packages/airflow/example_dags/example_branch_operator_decorator.py took 0.780 seconds
[2022-11-10T08:00:57.020+0000] {processor.py:156} INFO - Started process (PID=12904) to work on /home/airflow/.local/lib/python3.7/site-packages/airflow/example_dags/example_branch_operator_decorator.py
[2022-11-10T08:00:57.023+0000] {processor.py:758} INFO - Processing file /home/airflow/.local/lib/python3.7/site-packages/airflow/example_dags/example_branch_operator_decorator.py for tasks to queue
[2022-11-10T08:00:57.030+0000] {logging_mixin.py:117} INFO - [2022-11-10T08:00:57.030+0000] {dagbag.py:525} INFO - Filling up the DagBag from /home/airflow/.local/lib/python3.7/site-packages/airflow/example_dags/example_branch_operator_decorator.py
[2022-11-10T08:00:57.084+0000] {processor.py:768} INFO - DAG(s) dict_keys(['example_branch_python_operator_decorator']) retrieved from /home/airflow/.local/lib/python3.7/site-packages/airflow/example_dags/example_branch_operator_decorator.py
[2022-11-10T08:00:57.196+0000] {logging_mixin.py:117} INFO - [2022-11-10T08:00:57.196+0000] {dag.py:2573} INFO - Sync 1 DAGs
[2022-11-10T08:00:57.229+0000] {logging_mixin.py:117} INFO - [2022-11-10T08:00:57.229+0000] {dag.py:3328} INFO - Setting next_dagrun for example_branch_python_operator_decorator to 2022-11-09T00:00:00+00:00, run_after=2022-11-10T00:00:00+00:00
[2022-11-10T08:00:57.267+0000] {processor.py:178} INFO - Processing /home/airflow/.local/lib/python3.7/site-packages/airflow/example_dags/example_branch_operator_decorator.py took 0.250 seconds
[2022-11-10T09:23:12.232+0000] {processor.py:156} INFO - Started process (PID=12957) to work on /home/airflow/.local/lib/python3.7/site-packages/airflow/example_dags/example_branch_operator_decorator.py
[2022-11-10T09:23:12.245+0000] {processor.py:758} INFO - Processing file /home/airflow/.local/lib/python3.7/site-packages/airflow/example_dags/example_branch_operator_decorator.py for tasks to queue
[2022-11-10T09:23:12.254+0000] {logging_mixin.py:117} INFO - [2022-11-10T09:23:12.254+0000] {dagbag.py:525} INFO - Filling up the DagBag from /home/airflow/.local/lib/python3.7/site-packages/airflow/example_dags/example_branch_operator_decorator.py
[2022-11-10T09:23:12.408+0000] {processor.py:768} INFO - DAG(s) dict_keys(['example_branch_python_operator_decorator']) retrieved from /home/airflow/.local/lib/python3.7/site-packages/airflow/example_dags/example_branch_operator_decorator.py
[2022-11-10T09:23:12.666+0000] {logging_mixin.py:117} INFO - [2022-11-10T09:23:12.666+0000] {dag.py:2573} INFO - Sync 1 DAGs
[2022-11-10T09:23:13.342+0000] {logging_mixin.py:117} INFO - [2022-11-10T09:23:13.342+0000] {dag.py:3328} INFO - Setting next_dagrun for example_branch_python_operator_decorator to 2022-11-09T00:00:00+00:00, run_after=2022-11-10T00:00:00+00:00
[2022-11-10T09:23:13.444+0000] {processor.py:178} INFO - Processing /home/airflow/.local/lib/python3.7/site-packages/airflow/example_dags/example_branch_operator_decorator.py took 1.273 seconds
[2022-11-10T10:48:48.208+0000] {processor.py:156} INFO - Started process (PID=13011) to work on /home/airflow/.local/lib/python3.7/site-packages/airflow/example_dags/example_branch_operator_decorator.py
[2022-11-10T10:48:48.214+0000] {processor.py:758} INFO - Processing file /home/airflow/.local/lib/python3.7/site-packages/airflow/example_dags/example_branch_operator_decorator.py for tasks to queue
[2022-11-10T10:48:48.218+0000] {logging_mixin.py:117} INFO - [2022-11-10T10:48:48.218+0000] {dagbag.py:525} INFO - Filling up the DagBag from /home/airflow/.local/lib/python3.7/site-packages/airflow/example_dags/example_branch_operator_decorator.py
[2022-11-10T10:48:48.273+0000] {processor.py:768} INFO - DAG(s) dict_keys(['example_branch_python_operator_decorator']) retrieved from /home/airflow/.local/lib/python3.7/site-packages/airflow/example_dags/example_branch_operator_decorator.py
[2022-11-10T10:48:48.379+0000] {logging_mixin.py:117} INFO - [2022-11-10T10:48:48.379+0000] {dag.py:2573} INFO - Sync 1 DAGs
[2022-11-10T10:48:48.526+0000] {logging_mixin.py:117} INFO - [2022-11-10T10:48:48.525+0000] {dag.py:3328} INFO - Setting next_dagrun for example_branch_python_operator_decorator to 2022-11-09T00:00:00+00:00, run_after=2022-11-10T00:00:00+00:00
[2022-11-10T10:48:48.583+0000] {processor.py:178} INFO - Processing /home/airflow/.local/lib/python3.7/site-packages/airflow/example_dags/example_branch_operator_decorator.py took 0.378 seconds
[2022-11-10T12:11:09.142+0000] {processor.py:156} INFO - Started process (PID=13076) to work on /home/airflow/.local/lib/python3.7/site-packages/airflow/example_dags/example_branch_operator_decorator.py
[2022-11-10T12:11:09.151+0000] {processor.py:758} INFO - Processing file /home/airflow/.local/lib/python3.7/site-packages/airflow/example_dags/example_branch_operator_decorator.py for tasks to queue
[2022-11-10T12:11:09.171+0000] {logging_mixin.py:117} INFO - [2022-11-10T12:11:09.171+0000] {dagbag.py:525} INFO - Filling up the DagBag from /home/airflow/.local/lib/python3.7/site-packages/airflow/example_dags/example_branch_operator_decorator.py
[2022-11-10T12:11:09.233+0000] {processor.py:768} INFO - DAG(s) dict_keys(['example_branch_python_operator_decorator']) retrieved from /home/airflow/.local/lib/python3.7/site-packages/airflow/example_dags/example_branch_operator_decorator.py
[2022-11-10T12:11:09.350+0000] {logging_mixin.py:117} INFO - [2022-11-10T12:11:09.350+0000] {dag.py:2573} INFO - Sync 1 DAGs
[2022-11-10T12:11:09.368+0000] {logging_mixin.py:117} INFO - [2022-11-10T12:11:09.368+0000] {dag.py:3328} INFO - Setting next_dagrun for example_branch_python_operator_decorator to 2022-11-09T00:00:00+00:00, run_after=2022-11-10T00:00:00+00:00
[2022-11-10T12:11:09.381+0000] {processor.py:178} INFO - Processing /home/airflow/.local/lib/python3.7/site-packages/airflow/example_dags/example_branch_operator_decorator.py took 0.267 seconds
[2022-11-10T13:33:30.430+0000] {processor.py:156} INFO - Started process (PID=13123) to work on /home/airflow/.local/lib/python3.7/site-packages/airflow/example_dags/example_branch_operator_decorator.py
[2022-11-10T13:33:30.432+0000] {processor.py:758} INFO - Processing file /home/airflow/.local/lib/python3.7/site-packages/airflow/example_dags/example_branch_operator_decorator.py for tasks to queue
[2022-11-10T13:33:30.433+0000] {logging_mixin.py:117} INFO - [2022-11-10T13:33:30.433+0000] {dagbag.py:525} INFO - Filling up the DagBag from /home/airflow/.local/lib/python3.7/site-packages/airflow/example_dags/example_branch_operator_decorator.py
[2022-11-10T13:33:30.480+0000] {processor.py:768} INFO - DAG(s) dict_keys(['example_branch_python_operator_decorator']) retrieved from /home/airflow/.local/lib/python3.7/site-packages/airflow/example_dags/example_branch_operator_decorator.py
[2022-11-10T13:33:30.537+0000] {logging_mixin.py:117} INFO - [2022-11-10T13:33:30.537+0000] {dag.py:2573} INFO - Sync 1 DAGs
[2022-11-10T13:33:30.625+0000] {logging_mixin.py:117} INFO - [2022-11-10T13:33:30.625+0000] {dag.py:3328} INFO - Setting next_dagrun for example_branch_python_operator_decorator to 2022-11-09T00:00:00+00:00, run_after=2022-11-10T00:00:00+00:00
[2022-11-10T13:33:30.679+0000] {processor.py:178} INFO - Processing /home/airflow/.local/lib/python3.7/site-packages/airflow/example_dags/example_branch_operator_decorator.py took 0.251 seconds
[2022-11-10T14:37:25.133+0000] {processor.py:156} INFO - Started process (PID=13177) to work on /home/airflow/.local/lib/python3.7/site-packages/airflow/example_dags/example_branch_operator_decorator.py
[2022-11-10T14:37:25.137+0000] {processor.py:758} INFO - Processing file /home/airflow/.local/lib/python3.7/site-packages/airflow/example_dags/example_branch_operator_decorator.py for tasks to queue
[2022-11-10T14:37:25.140+0000] {logging_mixin.py:117} INFO - [2022-11-10T14:37:25.139+0000] {dagbag.py:525} INFO - Filling up the DagBag from /home/airflow/.local/lib/python3.7/site-packages/airflow/example_dags/example_branch_operator_decorator.py
[2022-11-10T14:37:25.178+0000] {processor.py:768} INFO - DAG(s) dict_keys(['example_branch_python_operator_decorator']) retrieved from /home/airflow/.local/lib/python3.7/site-packages/airflow/example_dags/example_branch_operator_decorator.py
[2022-11-10T14:37:25.239+0000] {logging_mixin.py:117} INFO - [2022-11-10T14:37:25.239+0000] {dag.py:2573} INFO - Sync 1 DAGs
[2022-11-10T14:37:25.290+0000] {logging_mixin.py:117} INFO - [2022-11-10T14:37:25.289+0000] {dag.py:3328} INFO - Setting next_dagrun for example_branch_python_operator_decorator to 2022-11-09T00:00:00+00:00, run_after=2022-11-10T00:00:00+00:00
[2022-11-10T14:37:25.320+0000] {processor.py:178} INFO - Processing /home/airflow/.local/lib/python3.7/site-packages/airflow/example_dags/example_branch_operator_decorator.py took 0.194 seconds
[2022-11-10T14:45:47.661+0000] {processor.py:156} INFO - Started process (PID=13241) to work on /home/airflow/.local/lib/python3.7/site-packages/airflow/example_dags/example_branch_operator_decorator.py
[2022-11-10T14:45:47.665+0000] {processor.py:758} INFO - Processing file /home/airflow/.local/lib/python3.7/site-packages/airflow/example_dags/example_branch_operator_decorator.py for tasks to queue
[2022-11-10T14:45:47.667+0000] {logging_mixin.py:117} INFO - [2022-11-10T14:45:47.667+0000] {dagbag.py:525} INFO - Filling up the DagBag from /home/airflow/.local/lib/python3.7/site-packages/airflow/example_dags/example_branch_operator_decorator.py
[2022-11-10T14:45:47.739+0000] {processor.py:768} INFO - DAG(s) dict_keys(['example_branch_python_operator_decorator']) retrieved from /home/airflow/.local/lib/python3.7/site-packages/airflow/example_dags/example_branch_operator_decorator.py
[2022-11-10T14:45:47.853+0000] {logging_mixin.py:117} INFO - [2022-11-10T14:45:47.853+0000] {dag.py:2573} INFO - Sync 1 DAGs
[2022-11-10T14:45:47.883+0000] {logging_mixin.py:117} INFO - [2022-11-10T14:45:47.883+0000] {dag.py:3328} INFO - Setting next_dagrun for example_branch_python_operator_decorator to 2022-11-09T00:00:00+00:00, run_after=2022-11-10T00:00:00+00:00
[2022-11-10T14:45:47.910+0000] {processor.py:178} INFO - Processing /home/airflow/.local/lib/python3.7/site-packages/airflow/example_dags/example_branch_operator_decorator.py took 0.253 seconds
[2022-11-10T15:05:02.653+0000] {processor.py:156} INFO - Started process (PID=13305) to work on /home/airflow/.local/lib/python3.7/site-packages/airflow/example_dags/example_branch_operator_decorator.py
[2022-11-10T15:05:02.655+0000] {processor.py:758} INFO - Processing file /home/airflow/.local/lib/python3.7/site-packages/airflow/example_dags/example_branch_operator_decorator.py for tasks to queue
[2022-11-10T15:05:02.657+0000] {logging_mixin.py:117} INFO - [2022-11-10T15:05:02.657+0000] {dagbag.py:525} INFO - Filling up the DagBag from /home/airflow/.local/lib/python3.7/site-packages/airflow/example_dags/example_branch_operator_decorator.py
[2022-11-10T15:05:02.680+0000] {processor.py:768} INFO - DAG(s) dict_keys(['example_branch_python_operator_decorator']) retrieved from /home/airflow/.local/lib/python3.7/site-packages/airflow/example_dags/example_branch_operator_decorator.py
[2022-11-10T15:05:02.729+0000] {logging_mixin.py:117} INFO - [2022-11-10T15:05:02.729+0000] {dag.py:2573} INFO - Sync 1 DAGs
[2022-11-10T15:05:02.752+0000] {logging_mixin.py:117} INFO - [2022-11-10T15:05:02.751+0000] {dag.py:3328} INFO - Setting next_dagrun for example_branch_python_operator_decorator to 2022-11-09T00:00:00+00:00, run_after=2022-11-10T00:00:00+00:00
[2022-11-10T15:05:02.764+0000] {processor.py:178} INFO - Processing /home/airflow/.local/lib/python3.7/site-packages/airflow/example_dags/example_branch_operator_decorator.py took 0.114 seconds
[2022-11-10T16:10:41.016+0000] {processor.py:156} INFO - Started process (PID=13351) to work on /home/airflow/.local/lib/python3.7/site-packages/airflow/example_dags/example_branch_operator_decorator.py
[2022-11-10T16:10:41.028+0000] {processor.py:758} INFO - Processing file /home/airflow/.local/lib/python3.7/site-packages/airflow/example_dags/example_branch_operator_decorator.py for tasks to queue
[2022-11-10T16:10:41.029+0000] {logging_mixin.py:117} INFO - [2022-11-10T16:10:41.029+0000] {dagbag.py:525} INFO - Filling up the DagBag from /home/airflow/.local/lib/python3.7/site-packages/airflow/example_dags/example_branch_operator_decorator.py
[2022-11-10T16:10:41.095+0000] {processor.py:768} INFO - DAG(s) dict_keys(['example_branch_python_operator_decorator']) retrieved from /home/airflow/.local/lib/python3.7/site-packages/airflow/example_dags/example_branch_operator_decorator.py
[2022-11-10T16:10:41.170+0000] {logging_mixin.py:117} INFO - [2022-11-10T16:10:41.170+0000] {dag.py:2573} INFO - Sync 1 DAGs
[2022-11-10T16:10:41.199+0000] {logging_mixin.py:117} INFO - [2022-11-10T16:10:41.199+0000] {dag.py:3328} INFO - Setting next_dagrun for example_branch_python_operator_decorator to 2022-11-09T00:00:00+00:00, run_after=2022-11-10T00:00:00+00:00
[2022-11-10T16:10:41.224+0000] {processor.py:178} INFO - Processing /home/airflow/.local/lib/python3.7/site-packages/airflow/example_dags/example_branch_operator_decorator.py took 0.213 seconds
[2022-11-10T17:34:45.438+0000] {processor.py:156} INFO - Started process (PID=13413) to work on /home/airflow/.local/lib/python3.7/site-packages/airflow/example_dags/example_branch_operator_decorator.py
[2022-11-10T17:34:45.444+0000] {processor.py:758} INFO - Processing file /home/airflow/.local/lib/python3.7/site-packages/airflow/example_dags/example_branch_operator_decorator.py for tasks to queue
[2022-11-10T17:34:45.450+0000] {logging_mixin.py:117} INFO - [2022-11-10T17:34:45.449+0000] {dagbag.py:525} INFO - Filling up the DagBag from /home/airflow/.local/lib/python3.7/site-packages/airflow/example_dags/example_branch_operator_decorator.py
[2022-11-10T17:34:45.515+0000] {processor.py:768} INFO - DAG(s) dict_keys(['example_branch_python_operator_decorator']) retrieved from /home/airflow/.local/lib/python3.7/site-packages/airflow/example_dags/example_branch_operator_decorator.py
[2022-11-10T17:34:45.595+0000] {logging_mixin.py:117} INFO - [2022-11-10T17:34:45.595+0000] {dag.py:2573} INFO - Sync 1 DAGs
[2022-11-10T17:34:45.623+0000] {logging_mixin.py:117} INFO - [2022-11-10T17:34:45.623+0000] {dag.py:3328} INFO - Setting next_dagrun for example_branch_python_operator_decorator to 2022-11-09T00:00:00+00:00, run_after=2022-11-10T00:00:00+00:00
[2022-11-10T17:34:45.707+0000] {processor.py:178} INFO - Processing /home/airflow/.local/lib/python3.7/site-packages/airflow/example_dags/example_branch_operator_decorator.py took 0.274 seconds
[2022-11-10T18:57:18.780+0000] {processor.py:156} INFO - Started process (PID=13469) to work on /home/airflow/.local/lib/python3.7/site-packages/airflow/example_dags/example_branch_operator_decorator.py
[2022-11-10T18:57:18.796+0000] {processor.py:758} INFO - Processing file /home/airflow/.local/lib/python3.7/site-packages/airflow/example_dags/example_branch_operator_decorator.py for tasks to queue
[2022-11-10T18:57:18.801+0000] {logging_mixin.py:117} INFO - [2022-11-10T18:57:18.801+0000] {dagbag.py:525} INFO - Filling up the DagBag from /home/airflow/.local/lib/python3.7/site-packages/airflow/example_dags/example_branch_operator_decorator.py
[2022-11-10T18:57:18.954+0000] {processor.py:768} INFO - DAG(s) dict_keys(['example_branch_python_operator_decorator']) retrieved from /home/airflow/.local/lib/python3.7/site-packages/airflow/example_dags/example_branch_operator_decorator.py
[2022-11-10T18:57:19.143+0000] {logging_mixin.py:117} INFO - [2022-11-10T18:57:19.142+0000] {dag.py:2573} INFO - Sync 1 DAGs
[2022-11-10T18:57:19.365+0000] {logging_mixin.py:117} INFO - [2022-11-10T18:57:19.364+0000] {dag.py:3328} INFO - Setting next_dagrun for example_branch_python_operator_decorator to 2022-11-09T00:00:00+00:00, run_after=2022-11-10T00:00:00+00:00
[2022-11-10T18:57:19.518+0000] {processor.py:178} INFO - Processing /home/airflow/.local/lib/python3.7/site-packages/airflow/example_dags/example_branch_operator_decorator.py took 0.760 seconds
[2022-11-10T19:05:33.944+0000] {processor.py:156} INFO - Started process (PID=13525) to work on /home/airflow/.local/lib/python3.7/site-packages/airflow/example_dags/example_branch_operator_decorator.py
[2022-11-10T19:05:33.946+0000] {processor.py:758} INFO - Processing file /home/airflow/.local/lib/python3.7/site-packages/airflow/example_dags/example_branch_operator_decorator.py for tasks to queue
[2022-11-10T19:05:33.950+0000] {logging_mixin.py:117} INFO - [2022-11-10T19:05:33.950+0000] {dagbag.py:525} INFO - Filling up the DagBag from /home/airflow/.local/lib/python3.7/site-packages/airflow/example_dags/example_branch_operator_decorator.py
[2022-11-10T19:05:34.005+0000] {processor.py:768} INFO - DAG(s) dict_keys(['example_branch_python_operator_decorator']) retrieved from /home/airflow/.local/lib/python3.7/site-packages/airflow/example_dags/example_branch_operator_decorator.py
[2022-11-10T19:05:34.103+0000] {logging_mixin.py:117} INFO - [2022-11-10T19:05:34.103+0000] {dag.py:2573} INFO - Sync 1 DAGs
[2022-11-10T19:05:34.204+0000] {logging_mixin.py:117} INFO - [2022-11-10T19:05:34.204+0000] {dag.py:3328} INFO - Setting next_dagrun for example_branch_python_operator_decorator to 2022-11-09T00:00:00+00:00, run_after=2022-11-10T00:00:00+00:00
[2022-11-10T19:05:34.305+0000] {processor.py:178} INFO - Processing /home/airflow/.local/lib/python3.7/site-packages/airflow/example_dags/example_branch_operator_decorator.py took 0.364 seconds
[2022-11-10T20:13:45.741+0000] {processor.py:156} INFO - Started process (PID=13589) to work on /home/airflow/.local/lib/python3.7/site-packages/airflow/example_dags/example_branch_operator_decorator.py
[2022-11-10T20:13:45.802+0000] {processor.py:758} INFO - Processing file /home/airflow/.local/lib/python3.7/site-packages/airflow/example_dags/example_branch_operator_decorator.py for tasks to queue
[2022-11-10T20:13:45.805+0000] {logging_mixin.py:117} INFO - [2022-11-10T20:13:45.805+0000] {dagbag.py:525} INFO - Filling up the DagBag from /home/airflow/.local/lib/python3.7/site-packages/airflow/example_dags/example_branch_operator_decorator.py
[2022-11-10T20:13:45.880+0000] {processor.py:768} INFO - DAG(s) dict_keys(['example_branch_python_operator_decorator']) retrieved from /home/airflow/.local/lib/python3.7/site-packages/airflow/example_dags/example_branch_operator_decorator.py
[2022-11-10T20:13:45.926+0000] {logging_mixin.py:117} INFO - [2022-11-10T20:13:45.926+0000] {dag.py:2573} INFO - Sync 1 DAGs
[2022-11-10T20:13:45.956+0000] {logging_mixin.py:117} INFO - [2022-11-10T20:13:45.956+0000] {dag.py:3328} INFO - Setting next_dagrun for example_branch_python_operator_decorator to 2022-11-09T00:00:00+00:00, run_after=2022-11-10T00:00:00+00:00
[2022-11-10T20:13:45.984+0000] {processor.py:178} INFO - Processing /home/airflow/.local/lib/python3.7/site-packages/airflow/example_dags/example_branch_operator_decorator.py took 0.250 seconds
[2022-11-10T21:37:18.142+0000] {processor.py:156} INFO - Started process (PID=13652) to work on /home/airflow/.local/lib/python3.7/site-packages/airflow/example_dags/example_branch_operator_decorator.py
[2022-11-10T21:37:18.146+0000] {processor.py:758} INFO - Processing file /home/airflow/.local/lib/python3.7/site-packages/airflow/example_dags/example_branch_operator_decorator.py for tasks to queue
[2022-11-10T21:37:18.147+0000] {logging_mixin.py:117} INFO - [2022-11-10T21:37:18.147+0000] {dagbag.py:525} INFO - Filling up the DagBag from /home/airflow/.local/lib/python3.7/site-packages/airflow/example_dags/example_branch_operator_decorator.py
[2022-11-10T21:37:18.180+0000] {processor.py:768} INFO - DAG(s) dict_keys(['example_branch_python_operator_decorator']) retrieved from /home/airflow/.local/lib/python3.7/site-packages/airflow/example_dags/example_branch_operator_decorator.py
[2022-11-10T21:37:18.231+0000] {logging_mixin.py:117} INFO - [2022-11-10T21:37:18.230+0000] {dag.py:2573} INFO - Sync 1 DAGs
[2022-11-10T21:37:18.305+0000] {logging_mixin.py:117} INFO - [2022-11-10T21:37:18.305+0000] {dag.py:3328} INFO - Setting next_dagrun for example_branch_python_operator_decorator to 2022-11-09T00:00:00+00:00, run_after=2022-11-10T00:00:00+00:00
[2022-11-10T21:37:18.362+0000] {processor.py:178} INFO - Processing /home/airflow/.local/lib/python3.7/site-packages/airflow/example_dags/example_branch_operator_decorator.py took 0.222 seconds
[2022-11-10T23:18:22.539+0000] {processor.py:156} INFO - Started process (PID=13708) to work on /home/airflow/.local/lib/python3.7/site-packages/airflow/example_dags/example_branch_operator_decorator.py
[2022-11-10T23:18:22.541+0000] {processor.py:758} INFO - Processing file /home/airflow/.local/lib/python3.7/site-packages/airflow/example_dags/example_branch_operator_decorator.py for tasks to queue
[2022-11-10T23:18:22.543+0000] {logging_mixin.py:117} INFO - [2022-11-10T23:18:22.543+0000] {dagbag.py:525} INFO - Filling up the DagBag from /home/airflow/.local/lib/python3.7/site-packages/airflow/example_dags/example_branch_operator_decorator.py
[2022-11-10T23:18:22.621+0000] {processor.py:768} INFO - DAG(s) dict_keys(['example_branch_python_operator_decorator']) retrieved from /home/airflow/.local/lib/python3.7/site-packages/airflow/example_dags/example_branch_operator_decorator.py
[2022-11-10T23:18:22.683+0000] {logging_mixin.py:117} INFO - [2022-11-10T23:18:22.683+0000] {dag.py:2573} INFO - Sync 1 DAGs
[2022-11-10T23:18:22.714+0000] {logging_mixin.py:117} INFO - [2022-11-10T23:18:22.713+0000] {dag.py:3328} INFO - Setting next_dagrun for example_branch_python_operator_decorator to 2022-11-09T00:00:00+00:00, run_after=2022-11-10T00:00:00+00:00
[2022-11-10T23:18:22.732+0000] {processor.py:178} INFO - Processing /home/airflow/.local/lib/python3.7/site-packages/airflow/example_dags/example_branch_operator_decorator.py took 0.196 seconds
