[2022-11-10T00:02:12.404+0000] {processor.py:156} INFO - Started process (PID=12528) to work on /home/airflow/.local/lib/python3.7/site-packages/airflow/example_dags/example_skip_dag.py
[2022-11-10T00:02:12.407+0000] {processor.py:758} INFO - Processing file /home/airflow/.local/lib/python3.7/site-packages/airflow/example_dags/example_skip_dag.py for tasks to queue
[2022-11-10T00:02:12.409+0000] {logging_mixin.py:117} INFO - [2022-11-10T00:02:12.409+0000] {dagbag.py:525} INFO - Filling up the DagBag from /home/airflow/.local/lib/python3.7/site-packages/airflow/example_dags/example_skip_dag.py
[2022-11-10T00:02:12.430+0000] {processor.py:768} INFO - DAG(s) dict_keys(['example_skip_dag']) retrieved from /home/airflow/.local/lib/python3.7/site-packages/airflow/example_dags/example_skip_dag.py
[2022-11-10T00:02:12.714+0000] {logging_mixin.py:117} INFO - [2022-11-10T00:02:12.713+0000] {dag.py:2573} INFO - Sync 1 DAGs
[2022-11-10T00:02:12.793+0000] {logging_mixin.py:117} INFO - [2022-11-10T00:02:12.793+0000] {dag.py:3328} INFO - Setting next_dagrun for example_skip_dag to 2022-11-09T00:02:12.792176+00:00, run_after=2022-11-10T00:02:12.792176+00:00
[2022-11-10T00:02:12.854+0000] {processor.py:178} INFO - Processing /home/airflow/.local/lib/python3.7/site-packages/airflow/example_dags/example_skip_dag.py took 0.454 seconds
[2022-11-10T01:24:32.814+0000] {processor.py:156} INFO - Started process (PID=12592) to work on /home/airflow/.local/lib/python3.7/site-packages/airflow/example_dags/example_skip_dag.py
[2022-11-10T01:24:32.818+0000] {processor.py:758} INFO - Processing file /home/airflow/.local/lib/python3.7/site-packages/airflow/example_dags/example_skip_dag.py for tasks to queue
[2022-11-10T01:24:32.823+0000] {logging_mixin.py:117} INFO - [2022-11-10T01:24:32.823+0000] {dagbag.py:525} INFO - Filling up the DagBag from /home/airflow/.local/lib/python3.7/site-packages/airflow/example_dags/example_skip_dag.py
[2022-11-10T01:24:32.847+0000] {processor.py:768} INFO - DAG(s) dict_keys(['example_skip_dag']) retrieved from /home/airflow/.local/lib/python3.7/site-packages/airflow/example_dags/example_skip_dag.py
[2022-11-10T01:24:32.976+0000] {logging_mixin.py:117} INFO - [2022-11-10T01:24:32.976+0000] {dag.py:2573} INFO - Sync 1 DAGs
[2022-11-10T01:24:33.044+0000] {logging_mixin.py:117} INFO - [2022-11-10T01:24:33.044+0000] {dag.py:3328} INFO - Setting next_dagrun for example_skip_dag to 2022-11-09T01:24:33.044074+00:00, run_after=2022-11-10T01:24:33.044074+00:00
[2022-11-10T01:24:33.143+0000] {processor.py:178} INFO - Processing /home/airflow/.local/lib/python3.7/site-packages/airflow/example_dags/example_skip_dag.py took 0.333 seconds
[2022-11-10T02:29:06.007+0000] {processor.py:156} INFO - Started process (PID=12647) to work on /home/airflow/.local/lib/python3.7/site-packages/airflow/example_dags/example_skip_dag.py
[2022-11-10T02:29:06.014+0000] {processor.py:758} INFO - Processing file /home/airflow/.local/lib/python3.7/site-packages/airflow/example_dags/example_skip_dag.py for tasks to queue
[2022-11-10T02:29:06.019+0000] {logging_mixin.py:117} INFO - [2022-11-10T02:29:06.017+0000] {dagbag.py:525} INFO - Filling up the DagBag from /home/airflow/.local/lib/python3.7/site-packages/airflow/example_dags/example_skip_dag.py
[2022-11-10T02:29:06.066+0000] {processor.py:768} INFO - DAG(s) dict_keys(['example_skip_dag']) retrieved from /home/airflow/.local/lib/python3.7/site-packages/airflow/example_dags/example_skip_dag.py
[2022-11-10T02:29:06.227+0000] {logging_mixin.py:117} INFO - [2022-11-10T02:29:06.227+0000] {dag.py:2573} INFO - Sync 1 DAGs
[2022-11-10T02:29:06.273+0000] {logging_mixin.py:117} INFO - [2022-11-10T02:29:06.273+0000] {dag.py:3328} INFO - Setting next_dagrun for example_skip_dag to 2022-11-09T02:29:06.272616+00:00, run_after=2022-11-10T02:29:06.272616+00:00
[2022-11-10T02:29:06.313+0000] {processor.py:178} INFO - Processing /home/airflow/.local/lib/python3.7/site-packages/airflow/example_dags/example_skip_dag.py took 0.312 seconds
[2022-11-10T03:35:46.807+0000] {processor.py:156} INFO - Started process (PID=12710) to work on /home/airflow/.local/lib/python3.7/site-packages/airflow/example_dags/example_skip_dag.py
[2022-11-10T03:35:46.812+0000] {processor.py:758} INFO - Processing file /home/airflow/.local/lib/python3.7/site-packages/airflow/example_dags/example_skip_dag.py for tasks to queue
[2022-11-10T03:35:46.815+0000] {logging_mixin.py:117} INFO - [2022-11-10T03:35:46.815+0000] {dagbag.py:525} INFO - Filling up the DagBag from /home/airflow/.local/lib/python3.7/site-packages/airflow/example_dags/example_skip_dag.py
[2022-11-10T03:35:46.829+0000] {processor.py:768} INFO - DAG(s) dict_keys(['example_skip_dag']) retrieved from /home/airflow/.local/lib/python3.7/site-packages/airflow/example_dags/example_skip_dag.py
[2022-11-10T03:35:46.862+0000] {logging_mixin.py:117} INFO - [2022-11-10T03:35:46.862+0000] {dag.py:2573} INFO - Sync 1 DAGs
[2022-11-10T03:35:46.889+0000] {logging_mixin.py:117} INFO - [2022-11-10T03:35:46.889+0000] {dag.py:3328} INFO - Setting next_dagrun for example_skip_dag to 2022-11-09T03:35:46.888950+00:00, run_after=2022-11-10T03:35:46.888950+00:00
[2022-11-10T03:35:46.920+0000] {processor.py:178} INFO - Processing /home/airflow/.local/lib/python3.7/site-packages/airflow/example_dags/example_skip_dag.py took 0.116 seconds
[2022-11-10T04:59:25.371+0000] {processor.py:156} INFO - Started process (PID=12772) to work on /home/airflow/.local/lib/python3.7/site-packages/airflow/example_dags/example_skip_dag.py
[2022-11-10T04:59:25.383+0000] {processor.py:758} INFO - Processing file /home/airflow/.local/lib/python3.7/site-packages/airflow/example_dags/example_skip_dag.py for tasks to queue
[2022-11-10T04:59:25.387+0000] {logging_mixin.py:117} INFO - [2022-11-10T04:59:25.386+0000] {dagbag.py:525} INFO - Filling up the DagBag from /home/airflow/.local/lib/python3.7/site-packages/airflow/example_dags/example_skip_dag.py
[2022-11-10T04:59:25.608+0000] {processor.py:768} INFO - DAG(s) dict_keys(['example_skip_dag']) retrieved from /home/airflow/.local/lib/python3.7/site-packages/airflow/example_dags/example_skip_dag.py
[2022-11-10T04:59:25.836+0000] {logging_mixin.py:117} INFO - [2022-11-10T04:59:25.836+0000] {dag.py:2573} INFO - Sync 1 DAGs
[2022-11-10T04:59:26.073+0000] {logging_mixin.py:117} INFO - [2022-11-10T04:59:26.073+0000] {dag.py:3328} INFO - Setting next_dagrun for example_skip_dag to 2022-11-09T04:59:26.072271+00:00, run_after=2022-11-10T04:59:26.072271+00:00
[2022-11-10T04:59:26.186+0000] {processor.py:178} INFO - Processing /home/airflow/.local/lib/python3.7/site-packages/airflow/example_dags/example_skip_dag.py took 1.017 seconds
[2022-11-10T06:22:30.377+0000] {processor.py:156} INFO - Started process (PID=12829) to work on /home/airflow/.local/lib/python3.7/site-packages/airflow/example_dags/example_skip_dag.py
[2022-11-10T06:22:30.402+0000] {processor.py:758} INFO - Processing file /home/airflow/.local/lib/python3.7/site-packages/airflow/example_dags/example_skip_dag.py for tasks to queue
[2022-11-10T06:22:30.435+0000] {logging_mixin.py:117} INFO - [2022-11-10T06:22:30.434+0000] {dagbag.py:525} INFO - Filling up the DagBag from /home/airflow/.local/lib/python3.7/site-packages/airflow/example_dags/example_skip_dag.py
[2022-11-10T06:22:30.510+0000] {processor.py:768} INFO - DAG(s) dict_keys(['example_skip_dag']) retrieved from /home/airflow/.local/lib/python3.7/site-packages/airflow/example_dags/example_skip_dag.py
[2022-11-10T06:22:30.789+0000] {logging_mixin.py:117} INFO - [2022-11-10T06:22:30.789+0000] {dag.py:2573} INFO - Sync 1 DAGs
[2022-11-10T06:22:30.882+0000] {logging_mixin.py:117} INFO - [2022-11-10T06:22:30.881+0000] {dag.py:3328} INFO - Setting next_dagrun for example_skip_dag to 2022-11-09T06:22:30.874880+00:00, run_after=2022-11-10T06:22:30.874880+00:00
[2022-11-10T06:22:30.983+0000] {processor.py:178} INFO - Processing /home/airflow/.local/lib/python3.7/site-packages/airflow/example_dags/example_skip_dag.py took 0.646 seconds
[2022-11-10T08:00:53.278+0000] {processor.py:156} INFO - Started process (PID=12892) to work on /home/airflow/.local/lib/python3.7/site-packages/airflow/example_dags/example_skip_dag.py
[2022-11-10T08:00:53.293+0000] {processor.py:758} INFO - Processing file /home/airflow/.local/lib/python3.7/site-packages/airflow/example_dags/example_skip_dag.py for tasks to queue
[2022-11-10T08:00:53.345+0000] {logging_mixin.py:117} INFO - [2022-11-10T08:00:53.345+0000] {dagbag.py:525} INFO - Filling up the DagBag from /home/airflow/.local/lib/python3.7/site-packages/airflow/example_dags/example_skip_dag.py
[2022-11-10T08:00:53.746+0000] {processor.py:768} INFO - DAG(s) dict_keys(['example_skip_dag']) retrieved from /home/airflow/.local/lib/python3.7/site-packages/airflow/example_dags/example_skip_dag.py
[2022-11-10T08:00:54.128+0000] {logging_mixin.py:117} INFO - [2022-11-10T08:00:54.128+0000] {dag.py:2573} INFO - Sync 1 DAGs
[2022-11-10T08:00:54.313+0000] {logging_mixin.py:117} INFO - [2022-11-10T08:00:54.313+0000] {dag.py:3328} INFO - Setting next_dagrun for example_skip_dag to 2022-11-09T08:00:54.312833+00:00, run_after=2022-11-10T08:00:54.312833+00:00
[2022-11-10T08:00:54.392+0000] {processor.py:178} INFO - Processing /home/airflow/.local/lib/python3.7/site-packages/airflow/example_dags/example_skip_dag.py took 1.260 seconds
[2022-11-10T09:23:06.397+0000] {processor.py:156} INFO - Started process (PID=12945) to work on /home/airflow/.local/lib/python3.7/site-packages/airflow/example_dags/example_skip_dag.py
[2022-11-10T09:23:06.404+0000] {processor.py:758} INFO - Processing file /home/airflow/.local/lib/python3.7/site-packages/airflow/example_dags/example_skip_dag.py for tasks to queue
[2022-11-10T09:23:06.416+0000] {logging_mixin.py:117} INFO - [2022-11-10T09:23:06.416+0000] {dagbag.py:525} INFO - Filling up the DagBag from /home/airflow/.local/lib/python3.7/site-packages/airflow/example_dags/example_skip_dag.py
[2022-11-10T09:23:06.469+0000] {processor.py:768} INFO - DAG(s) dict_keys(['example_skip_dag']) retrieved from /home/airflow/.local/lib/python3.7/site-packages/airflow/example_dags/example_skip_dag.py
[2022-11-10T09:23:06.605+0000] {logging_mixin.py:117} INFO - [2022-11-10T09:23:06.605+0000] {dag.py:2573} INFO - Sync 1 DAGs
[2022-11-10T09:23:06.661+0000] {logging_mixin.py:117} INFO - [2022-11-10T09:23:06.661+0000] {dag.py:3328} INFO - Setting next_dagrun for example_skip_dag to 2022-11-09T09:23:06.661396+00:00, run_after=2022-11-10T09:23:06.661396+00:00
[2022-11-10T09:23:06.711+0000] {processor.py:178} INFO - Processing /home/airflow/.local/lib/python3.7/site-packages/airflow/example_dags/example_skip_dag.py took 0.319 seconds
[2022-11-10T10:48:46.566+0000] {processor.py:156} INFO - Started process (PID=12999) to work on /home/airflow/.local/lib/python3.7/site-packages/airflow/example_dags/example_skip_dag.py
[2022-11-10T10:48:46.570+0000] {processor.py:758} INFO - Processing file /home/airflow/.local/lib/python3.7/site-packages/airflow/example_dags/example_skip_dag.py for tasks to queue
[2022-11-10T10:48:46.572+0000] {logging_mixin.py:117} INFO - [2022-11-10T10:48:46.572+0000] {dagbag.py:525} INFO - Filling up the DagBag from /home/airflow/.local/lib/python3.7/site-packages/airflow/example_dags/example_skip_dag.py
[2022-11-10T10:48:46.602+0000] {processor.py:768} INFO - DAG(s) dict_keys(['example_skip_dag']) retrieved from /home/airflow/.local/lib/python3.7/site-packages/airflow/example_dags/example_skip_dag.py
[2022-11-10T10:48:46.651+0000] {logging_mixin.py:117} INFO - [2022-11-10T10:48:46.651+0000] {dag.py:2573} INFO - Sync 1 DAGs
[2022-11-10T10:48:46.678+0000] {logging_mixin.py:117} INFO - [2022-11-10T10:48:46.678+0000] {dag.py:3328} INFO - Setting next_dagrun for example_skip_dag to 2022-11-09T10:48:46.678482+00:00, run_after=2022-11-10T10:48:46.678482+00:00
[2022-11-10T10:48:46.755+0000] {processor.py:178} INFO - Processing /home/airflow/.local/lib/python3.7/site-packages/airflow/example_dags/example_skip_dag.py took 0.192 seconds
[2022-11-10T12:11:00.177+0000] {processor.py:156} INFO - Started process (PID=13055) to work on /home/airflow/.local/lib/python3.7/site-packages/airflow/example_dags/example_skip_dag.py
[2022-11-10T12:11:00.199+0000] {processor.py:758} INFO - Processing file /home/airflow/.local/lib/python3.7/site-packages/airflow/example_dags/example_skip_dag.py for tasks to queue
[2022-11-10T12:11:00.205+0000] {logging_mixin.py:117} INFO - [2022-11-10T12:11:00.205+0000] {dagbag.py:525} INFO - Filling up the DagBag from /home/airflow/.local/lib/python3.7/site-packages/airflow/example_dags/example_skip_dag.py
[2022-11-10T12:11:00.308+0000] {processor.py:768} INFO - DAG(s) dict_keys(['example_skip_dag']) retrieved from /home/airflow/.local/lib/python3.7/site-packages/airflow/example_dags/example_skip_dag.py
[2022-11-10T12:11:00.633+0000] {logging_mixin.py:117} INFO - [2022-11-10T12:11:00.623+0000] {dag.py:2573} INFO - Sync 1 DAGs
[2022-11-10T12:11:00.725+0000] {logging_mixin.py:117} INFO - [2022-11-10T12:11:00.725+0000] {dag.py:3328} INFO - Setting next_dagrun for example_skip_dag to 2022-11-09T12:11:00.724781+00:00, run_after=2022-11-10T12:11:00.724781+00:00
[2022-11-10T12:11:00.830+0000] {processor.py:178} INFO - Processing /home/airflow/.local/lib/python3.7/site-packages/airflow/example_dags/example_skip_dag.py took 0.755 seconds
[2022-11-10T13:33:28.887+0000] {processor.py:156} INFO - Started process (PID=13111) to work on /home/airflow/.local/lib/python3.7/site-packages/airflow/example_dags/example_skip_dag.py
[2022-11-10T13:33:28.891+0000] {processor.py:758} INFO - Processing file /home/airflow/.local/lib/python3.7/site-packages/airflow/example_dags/example_skip_dag.py for tasks to queue
[2022-11-10T13:33:28.898+0000] {logging_mixin.py:117} INFO - [2022-11-10T13:33:28.898+0000] {dagbag.py:525} INFO - Filling up the DagBag from /home/airflow/.local/lib/python3.7/site-packages/airflow/example_dags/example_skip_dag.py
[2022-11-10T13:33:28.944+0000] {processor.py:768} INFO - DAG(s) dict_keys(['example_skip_dag']) retrieved from /home/airflow/.local/lib/python3.7/site-packages/airflow/example_dags/example_skip_dag.py
[2022-11-10T13:33:29.045+0000] {logging_mixin.py:117} INFO - [2022-11-10T13:33:29.045+0000] {dag.py:2573} INFO - Sync 1 DAGs
[2022-11-10T13:33:29.141+0000] {logging_mixin.py:117} INFO - [2022-11-10T13:33:29.141+0000] {dag.py:3328} INFO - Setting next_dagrun for example_skip_dag to 2022-11-09T13:33:29.138584+00:00, run_after=2022-11-10T13:33:29.138584+00:00
[2022-11-10T13:33:29.185+0000] {processor.py:178} INFO - Processing /home/airflow/.local/lib/python3.7/site-packages/airflow/example_dags/example_skip_dag.py took 0.306 seconds
[2022-11-10T14:37:19.118+0000] {processor.py:156} INFO - Started process (PID=13165) to work on /home/airflow/.local/lib/python3.7/site-packages/airflow/example_dags/example_skip_dag.py
[2022-11-10T14:37:19.251+0000] {processor.py:758} INFO - Processing file /home/airflow/.local/lib/python3.7/site-packages/airflow/example_dags/example_skip_dag.py for tasks to queue
[2022-11-10T14:37:19.257+0000] {logging_mixin.py:117} INFO - [2022-11-10T14:37:19.257+0000] {dagbag.py:525} INFO - Filling up the DagBag from /home/airflow/.local/lib/python3.7/site-packages/airflow/example_dags/example_skip_dag.py
[2022-11-10T14:37:19.355+0000] {processor.py:768} INFO - DAG(s) dict_keys(['example_skip_dag']) retrieved from /home/airflow/.local/lib/python3.7/site-packages/airflow/example_dags/example_skip_dag.py
[2022-11-10T14:37:19.767+0000] {logging_mixin.py:117} INFO - [2022-11-10T14:37:19.766+0000] {dag.py:2573} INFO - Sync 1 DAGs
[2022-11-10T14:37:19.951+0000] {logging_mixin.py:117} INFO - [2022-11-10T14:37:19.950+0000] {dag.py:3328} INFO - Setting next_dagrun for example_skip_dag to 2022-11-09T14:37:19.938277+00:00, run_after=2022-11-10T14:37:19.938277+00:00
[2022-11-10T14:37:20.133+0000] {processor.py:178} INFO - Processing /home/airflow/.local/lib/python3.7/site-packages/airflow/example_dags/example_skip_dag.py took 1.051 seconds
[2022-11-10T14:45:45.525+0000] {processor.py:156} INFO - Started process (PID=13229) to work on /home/airflow/.local/lib/python3.7/site-packages/airflow/example_dags/example_skip_dag.py
[2022-11-10T14:45:45.540+0000] {processor.py:758} INFO - Processing file /home/airflow/.local/lib/python3.7/site-packages/airflow/example_dags/example_skip_dag.py for tasks to queue
[2022-11-10T14:45:45.557+0000] {logging_mixin.py:117} INFO - [2022-11-10T14:45:45.556+0000] {dagbag.py:525} INFO - Filling up the DagBag from /home/airflow/.local/lib/python3.7/site-packages/airflow/example_dags/example_skip_dag.py
[2022-11-10T14:45:45.590+0000] {processor.py:768} INFO - DAG(s) dict_keys(['example_skip_dag']) retrieved from /home/airflow/.local/lib/python3.7/site-packages/airflow/example_dags/example_skip_dag.py
[2022-11-10T14:45:45.721+0000] {logging_mixin.py:117} INFO - [2022-11-10T14:45:45.721+0000] {dag.py:2573} INFO - Sync 1 DAGs
[2022-11-10T14:45:45.902+0000] {logging_mixin.py:117} INFO - [2022-11-10T14:45:45.902+0000] {dag.py:3328} INFO - Setting next_dagrun for example_skip_dag to 2022-11-09T14:45:45.901513+00:00, run_after=2022-11-10T14:45:45.901513+00:00
[2022-11-10T14:45:45.944+0000] {processor.py:178} INFO - Processing /home/airflow/.local/lib/python3.7/site-packages/airflow/example_dags/example_skip_dag.py took 0.431 seconds
[2022-11-10T15:04:50.197+0000] {processor.py:156} INFO - Started process (PID=13284) to work on /home/airflow/.local/lib/python3.7/site-packages/airflow/example_dags/example_skip_dag.py
[2022-11-10T15:04:50.225+0000] {processor.py:758} INFO - Processing file /home/airflow/.local/lib/python3.7/site-packages/airflow/example_dags/example_skip_dag.py for tasks to queue
[2022-11-10T15:04:50.235+0000] {logging_mixin.py:117} INFO - [2022-11-10T15:04:50.235+0000] {dagbag.py:525} INFO - Filling up the DagBag from /home/airflow/.local/lib/python3.7/site-packages/airflow/example_dags/example_skip_dag.py
[2022-11-10T15:04:50.322+0000] {processor.py:768} INFO - DAG(s) dict_keys(['example_skip_dag']) retrieved from /home/airflow/.local/lib/python3.7/site-packages/airflow/example_dags/example_skip_dag.py
[2022-11-10T15:04:52.377+0000] {logging_mixin.py:117} INFO - [2022-11-10T15:04:52.377+0000] {dag.py:2573} INFO - Sync 1 DAGs
[2022-11-10T15:04:52.461+0000] {logging_mixin.py:117} INFO - [2022-11-10T15:04:52.461+0000] {dag.py:3328} INFO - Setting next_dagrun for example_skip_dag to 2022-11-09T15:04:52.461222+00:00, run_after=2022-11-10T15:04:52.461222+00:00
[2022-11-10T15:04:52.607+0000] {processor.py:178} INFO - Processing /home/airflow/.local/lib/python3.7/site-packages/airflow/example_dags/example_skip_dag.py took 2.420 seconds
[2022-11-10T16:10:39.551+0000] {processor.py:156} INFO - Started process (PID=13339) to work on /home/airflow/.local/lib/python3.7/site-packages/airflow/example_dags/example_skip_dag.py
[2022-11-10T16:10:39.556+0000] {processor.py:758} INFO - Processing file /home/airflow/.local/lib/python3.7/site-packages/airflow/example_dags/example_skip_dag.py for tasks to queue
[2022-11-10T16:10:39.560+0000] {logging_mixin.py:117} INFO - [2022-11-10T16:10:39.560+0000] {dagbag.py:525} INFO - Filling up the DagBag from /home/airflow/.local/lib/python3.7/site-packages/airflow/example_dags/example_skip_dag.py
[2022-11-10T16:10:39.584+0000] {processor.py:768} INFO - DAG(s) dict_keys(['example_skip_dag']) retrieved from /home/airflow/.local/lib/python3.7/site-packages/airflow/example_dags/example_skip_dag.py
[2022-11-10T16:10:39.619+0000] {logging_mixin.py:117} INFO - [2022-11-10T16:10:39.619+0000] {dag.py:2573} INFO - Sync 1 DAGs
[2022-11-10T16:10:39.653+0000] {logging_mixin.py:117} INFO - [2022-11-10T16:10:39.652+0000] {dag.py:3328} INFO - Setting next_dagrun for example_skip_dag to 2022-11-09T16:10:39.652348+00:00, run_after=2022-11-10T16:10:39.652348+00:00
[2022-11-10T16:10:39.683+0000] {processor.py:178} INFO - Processing /home/airflow/.local/lib/python3.7/site-packages/airflow/example_dags/example_skip_dag.py took 0.137 seconds
[2022-11-10T17:34:40.309+0000] {processor.py:156} INFO - Started process (PID=13393) to work on /home/airflow/.local/lib/python3.7/site-packages/airflow/example_dags/example_skip_dag.py
[2022-11-10T17:34:40.312+0000] {processor.py:758} INFO - Processing file /home/airflow/.local/lib/python3.7/site-packages/airflow/example_dags/example_skip_dag.py for tasks to queue
[2022-11-10T17:34:40.316+0000] {logging_mixin.py:117} INFO - [2022-11-10T17:34:40.315+0000] {dagbag.py:525} INFO - Filling up the DagBag from /home/airflow/.local/lib/python3.7/site-packages/airflow/example_dags/example_skip_dag.py
[2022-11-10T17:34:40.377+0000] {processor.py:768} INFO - DAG(s) dict_keys(['example_skip_dag']) retrieved from /home/airflow/.local/lib/python3.7/site-packages/airflow/example_dags/example_skip_dag.py
[2022-11-10T17:34:40.499+0000] {logging_mixin.py:117} INFO - [2022-11-10T17:34:40.499+0000] {dag.py:2573} INFO - Sync 1 DAGs
[2022-11-10T17:34:40.553+0000] {logging_mixin.py:117} INFO - [2022-11-10T17:34:40.553+0000] {dag.py:3328} INFO - Setting next_dagrun for example_skip_dag to 2022-11-09T17:34:40.553431+00:00, run_after=2022-11-10T17:34:40.553431+00:00
[2022-11-10T17:34:40.590+0000] {processor.py:178} INFO - Processing /home/airflow/.local/lib/python3.7/site-packages/airflow/example_dags/example_skip_dag.py took 0.291 seconds
[2022-11-10T18:57:15.984+0000] {processor.py:156} INFO - Started process (PID=13457) to work on /home/airflow/.local/lib/python3.7/site-packages/airflow/example_dags/example_skip_dag.py
[2022-11-10T18:57:15.986+0000] {processor.py:758} INFO - Processing file /home/airflow/.local/lib/python3.7/site-packages/airflow/example_dags/example_skip_dag.py for tasks to queue
[2022-11-10T18:57:15.989+0000] {logging_mixin.py:117} INFO - [2022-11-10T18:57:15.989+0000] {dagbag.py:525} INFO - Filling up the DagBag from /home/airflow/.local/lib/python3.7/site-packages/airflow/example_dags/example_skip_dag.py
[2022-11-10T18:57:16.050+0000] {processor.py:768} INFO - DAG(s) dict_keys(['example_skip_dag']) retrieved from /home/airflow/.local/lib/python3.7/site-packages/airflow/example_dags/example_skip_dag.py
[2022-11-10T18:57:16.129+0000] {logging_mixin.py:117} INFO - [2022-11-10T18:57:16.129+0000] {dag.py:2573} INFO - Sync 1 DAGs
[2022-11-10T18:57:16.172+0000] {logging_mixin.py:117} INFO - [2022-11-10T18:57:16.172+0000] {dag.py:3328} INFO - Setting next_dagrun for example_skip_dag to 2022-11-09T18:57:16.172064+00:00, run_after=2022-11-10T18:57:16.172064+00:00
[2022-11-10T18:57:16.213+0000] {processor.py:178} INFO - Processing /home/airflow/.local/lib/python3.7/site-packages/airflow/example_dags/example_skip_dag.py took 0.236 seconds
[2022-11-10T19:05:32.159+0000] {processor.py:156} INFO - Started process (PID=13513) to work on /home/airflow/.local/lib/python3.7/site-packages/airflow/example_dags/example_skip_dag.py
[2022-11-10T19:05:32.165+0000] {processor.py:758} INFO - Processing file /home/airflow/.local/lib/python3.7/site-packages/airflow/example_dags/example_skip_dag.py for tasks to queue
[2022-11-10T19:05:32.167+0000] {logging_mixin.py:117} INFO - [2022-11-10T19:05:32.167+0000] {dagbag.py:525} INFO - Filling up the DagBag from /home/airflow/.local/lib/python3.7/site-packages/airflow/example_dags/example_skip_dag.py
[2022-11-10T19:05:32.196+0000] {processor.py:768} INFO - DAG(s) dict_keys(['example_skip_dag']) retrieved from /home/airflow/.local/lib/python3.7/site-packages/airflow/example_dags/example_skip_dag.py
[2022-11-10T19:05:32.276+0000] {logging_mixin.py:117} INFO - [2022-11-10T19:05:32.276+0000] {dag.py:2573} INFO - Sync 1 DAGs
[2022-11-10T19:05:32.339+0000] {logging_mixin.py:117} INFO - [2022-11-10T19:05:32.338+0000] {dag.py:3328} INFO - Setting next_dagrun for example_skip_dag to 2022-11-09T19:05:32.338603+00:00, run_after=2022-11-10T19:05:32.338603+00:00
[2022-11-10T19:05:32.358+0000] {processor.py:178} INFO - Processing /home/airflow/.local/lib/python3.7/site-packages/airflow/example_dags/example_skip_dag.py took 0.202 seconds
[2022-11-10T20:13:42.132+0000] {processor.py:156} INFO - Started process (PID=13577) to work on /home/airflow/.local/lib/python3.7/site-packages/airflow/example_dags/example_skip_dag.py
[2022-11-10T20:13:42.134+0000] {processor.py:758} INFO - Processing file /home/airflow/.local/lib/python3.7/site-packages/airflow/example_dags/example_skip_dag.py for tasks to queue
[2022-11-10T20:13:42.135+0000] {logging_mixin.py:117} INFO - [2022-11-10T20:13:42.135+0000] {dagbag.py:525} INFO - Filling up the DagBag from /home/airflow/.local/lib/python3.7/site-packages/airflow/example_dags/example_skip_dag.py
[2022-11-10T20:13:42.165+0000] {processor.py:768} INFO - DAG(s) dict_keys(['example_skip_dag']) retrieved from /home/airflow/.local/lib/python3.7/site-packages/airflow/example_dags/example_skip_dag.py
[2022-11-10T20:13:42.245+0000] {logging_mixin.py:117} INFO - [2022-11-10T20:13:42.245+0000] {dag.py:2573} INFO - Sync 1 DAGs
[2022-11-10T20:13:42.303+0000] {logging_mixin.py:117} INFO - [2022-11-10T20:13:42.302+0000] {dag.py:3328} INFO - Setting next_dagrun for example_skip_dag to 2022-11-09T20:13:42.301341+00:00, run_after=2022-11-10T20:13:42.301341+00:00
[2022-11-10T20:13:42.333+0000] {processor.py:178} INFO - Processing /home/airflow/.local/lib/python3.7/site-packages/airflow/example_dags/example_skip_dag.py took 0.212 seconds
[2022-11-10T21:37:16.103+0000] {processor.py:156} INFO - Started process (PID=13640) to work on /home/airflow/.local/lib/python3.7/site-packages/airflow/example_dags/example_skip_dag.py
[2022-11-10T21:37:16.112+0000] {processor.py:758} INFO - Processing file /home/airflow/.local/lib/python3.7/site-packages/airflow/example_dags/example_skip_dag.py for tasks to queue
[2022-11-10T21:37:16.119+0000] {logging_mixin.py:117} INFO - [2022-11-10T21:37:16.118+0000] {dagbag.py:525} INFO - Filling up the DagBag from /home/airflow/.local/lib/python3.7/site-packages/airflow/example_dags/example_skip_dag.py
[2022-11-10T21:37:16.173+0000] {processor.py:768} INFO - DAG(s) dict_keys(['example_skip_dag']) retrieved from /home/airflow/.local/lib/python3.7/site-packages/airflow/example_dags/example_skip_dag.py
[2022-11-10T21:37:16.381+0000] {logging_mixin.py:117} INFO - [2022-11-10T21:37:16.380+0000] {dag.py:2573} INFO - Sync 1 DAGs
[2022-11-10T21:37:16.521+0000] {logging_mixin.py:117} INFO - [2022-11-10T21:37:16.520+0000] {dag.py:3328} INFO - Setting next_dagrun for example_skip_dag to 2022-11-09T21:37:16.433417+00:00, run_after=2022-11-10T21:37:16.433417+00:00
[2022-11-10T21:37:16.582+0000] {processor.py:178} INFO - Processing /home/airflow/.local/lib/python3.7/site-packages/airflow/example_dags/example_skip_dag.py took 0.495 seconds
[2022-11-10T23:18:19.692+0000] {processor.py:156} INFO - Started process (PID=13696) to work on /home/airflow/.local/lib/python3.7/site-packages/airflow/example_dags/example_skip_dag.py
[2022-11-10T23:18:19.771+0000] {processor.py:758} INFO - Processing file /home/airflow/.local/lib/python3.7/site-packages/airflow/example_dags/example_skip_dag.py for tasks to queue
[2022-11-10T23:18:19.804+0000] {logging_mixin.py:117} INFO - [2022-11-10T23:18:19.800+0000] {dagbag.py:525} INFO - Filling up the DagBag from /home/airflow/.local/lib/python3.7/site-packages/airflow/example_dags/example_skip_dag.py
[2022-11-10T23:18:20.370+0000] {processor.py:768} INFO - DAG(s) dict_keys(['example_skip_dag']) retrieved from /home/airflow/.local/lib/python3.7/site-packages/airflow/example_dags/example_skip_dag.py
[2022-11-10T23:18:20.649+0000] {logging_mixin.py:117} INFO - [2022-11-10T23:18:20.649+0000] {dag.py:2573} INFO - Sync 1 DAGs
[2022-11-10T23:18:20.759+0000] {logging_mixin.py:117} INFO - [2022-11-10T23:18:20.759+0000] {dag.py:3328} INFO - Setting next_dagrun for example_skip_dag to 2022-11-09T23:18:20.758047+00:00, run_after=2022-11-10T23:18:20.758047+00:00
[2022-11-10T23:18:20.917+0000] {processor.py:178} INFO - Processing /home/airflow/.local/lib/python3.7/site-packages/airflow/example_dags/example_skip_dag.py took 1.257 seconds
