[2022-11-10T00:02:10.947+0000] {processor.py:156} INFO - Started process (PID=12520) to work on /home/airflow/.local/lib/python3.7/site-packages/airflow/example_dags/example_branch_day_of_week_operator.py
[2022-11-10T00:02:10.956+0000] {processor.py:758} INFO - Processing file /home/airflow/.local/lib/python3.7/site-packages/airflow/example_dags/example_branch_day_of_week_operator.py for tasks to queue
[2022-11-10T00:02:10.959+0000] {logging_mixin.py:117} INFO - [2022-11-10T00:02:10.959+0000] {dagbag.py:525} INFO - Filling up the DagBag from /home/airflow/.local/lib/python3.7/site-packages/airflow/example_dags/example_branch_day_of_week_operator.py
[2022-11-10T00:02:10.983+0000] {processor.py:768} INFO - DAG(s) dict_keys(['example_weekday_branch_operator']) retrieved from /home/airflow/.local/lib/python3.7/site-packages/airflow/example_dags/example_branch_day_of_week_operator.py
[2022-11-10T00:02:11.034+0000] {logging_mixin.py:117} INFO - [2022-11-10T00:02:11.034+0000] {dag.py:2573} INFO - Sync 1 DAGs
[2022-11-10T00:02:11.068+0000] {logging_mixin.py:117} INFO - [2022-11-10T00:02:11.068+0000] {dag.py:3328} INFO - Setting next_dagrun for example_weekday_branch_operator to 2022-11-09T00:00:00+00:00, run_after=2022-11-10T00:00:00+00:00
[2022-11-10T00:02:11.098+0000] {processor.py:178} INFO - Processing /home/airflow/.local/lib/python3.7/site-packages/airflow/example_dags/example_branch_day_of_week_operator.py took 0.153 seconds
[2022-11-10T01:24:31.398+0000] {processor.py:156} INFO - Started process (PID=12577) to work on /home/airflow/.local/lib/python3.7/site-packages/airflow/example_dags/example_branch_day_of_week_operator.py
[2022-11-10T01:24:31.494+0000] {processor.py:758} INFO - Processing file /home/airflow/.local/lib/python3.7/site-packages/airflow/example_dags/example_branch_day_of_week_operator.py for tasks to queue
[2022-11-10T01:24:31.498+0000] {logging_mixin.py:117} INFO - [2022-11-10T01:24:31.498+0000] {dagbag.py:525} INFO - Filling up the DagBag from /home/airflow/.local/lib/python3.7/site-packages/airflow/example_dags/example_branch_day_of_week_operator.py
[2022-11-10T01:24:31.644+0000] {processor.py:768} INFO - DAG(s) dict_keys(['example_weekday_branch_operator']) retrieved from /home/airflow/.local/lib/python3.7/site-packages/airflow/example_dags/example_branch_day_of_week_operator.py
[2022-11-10T01:24:31.768+0000] {logging_mixin.py:117} INFO - [2022-11-10T01:24:31.768+0000] {dag.py:2573} INFO - Sync 1 DAGs
[2022-11-10T01:24:31.866+0000] {logging_mixin.py:117} INFO - [2022-11-10T01:24:31.866+0000] {dag.py:3328} INFO - Setting next_dagrun for example_weekday_branch_operator to 2022-11-09T00:00:00+00:00, run_after=2022-11-10T00:00:00+00:00
[2022-11-10T01:24:31.911+0000] {processor.py:178} INFO - Processing /home/airflow/.local/lib/python3.7/site-packages/airflow/example_dags/example_branch_day_of_week_operator.py took 0.518 seconds
[2022-11-10T02:29:04.392+0000] {processor.py:156} INFO - Started process (PID=12639) to work on /home/airflow/.local/lib/python3.7/site-packages/airflow/example_dags/example_branch_day_of_week_operator.py
[2022-11-10T02:29:04.395+0000] {processor.py:758} INFO - Processing file /home/airflow/.local/lib/python3.7/site-packages/airflow/example_dags/example_branch_day_of_week_operator.py for tasks to queue
[2022-11-10T02:29:04.400+0000] {logging_mixin.py:117} INFO - [2022-11-10T02:29:04.400+0000] {dagbag.py:525} INFO - Filling up the DagBag from /home/airflow/.local/lib/python3.7/site-packages/airflow/example_dags/example_branch_day_of_week_operator.py
[2022-11-10T02:29:04.423+0000] {processor.py:768} INFO - DAG(s) dict_keys(['example_weekday_branch_operator']) retrieved from /home/airflow/.local/lib/python3.7/site-packages/airflow/example_dags/example_branch_day_of_week_operator.py
[2022-11-10T02:29:04.489+0000] {logging_mixin.py:117} INFO - [2022-11-10T02:29:04.488+0000] {dag.py:2573} INFO - Sync 1 DAGs
[2022-11-10T02:29:04.540+0000] {logging_mixin.py:117} INFO - [2022-11-10T02:29:04.540+0000] {dag.py:3328} INFO - Setting next_dagrun for example_weekday_branch_operator to 2022-11-09T00:00:00+00:00, run_after=2022-11-10T00:00:00+00:00
[2022-11-10T02:29:04.556+0000] {processor.py:178} INFO - Processing /home/airflow/.local/lib/python3.7/site-packages/airflow/example_dags/example_branch_day_of_week_operator.py took 0.165 seconds
[2022-11-10T03:35:46.126+0000] {processor.py:156} INFO - Started process (PID=12702) to work on /home/airflow/.local/lib/python3.7/site-packages/airflow/example_dags/example_branch_day_of_week_operator.py
[2022-11-10T03:35:46.127+0000] {processor.py:758} INFO - Processing file /home/airflow/.local/lib/python3.7/site-packages/airflow/example_dags/example_branch_day_of_week_operator.py for tasks to queue
[2022-11-10T03:35:46.129+0000] {logging_mixin.py:117} INFO - [2022-11-10T03:35:46.129+0000] {dagbag.py:525} INFO - Filling up the DagBag from /home/airflow/.local/lib/python3.7/site-packages/airflow/example_dags/example_branch_day_of_week_operator.py
[2022-11-10T03:35:46.142+0000] {processor.py:768} INFO - DAG(s) dict_keys(['example_weekday_branch_operator']) retrieved from /home/airflow/.local/lib/python3.7/site-packages/airflow/example_dags/example_branch_day_of_week_operator.py
[2022-11-10T03:35:46.185+0000] {logging_mixin.py:117} INFO - [2022-11-10T03:35:46.184+0000] {dag.py:2573} INFO - Sync 1 DAGs
[2022-11-10T03:35:46.208+0000] {logging_mixin.py:117} INFO - [2022-11-10T03:35:46.208+0000] {dag.py:3328} INFO - Setting next_dagrun for example_weekday_branch_operator to 2022-11-09T00:00:00+00:00, run_after=2022-11-10T00:00:00+00:00
[2022-11-10T03:35:46.224+0000] {processor.py:178} INFO - Processing /home/airflow/.local/lib/python3.7/site-packages/airflow/example_dags/example_branch_day_of_week_operator.py took 0.101 seconds
[2022-11-10T04:59:22.732+0000] {processor.py:156} INFO - Started process (PID=12757) to work on /home/airflow/.local/lib/python3.7/site-packages/airflow/example_dags/example_branch_day_of_week_operator.py
[2022-11-10T04:59:22.735+0000] {processor.py:758} INFO - Processing file /home/airflow/.local/lib/python3.7/site-packages/airflow/example_dags/example_branch_day_of_week_operator.py for tasks to queue
[2022-11-10T04:59:22.739+0000] {logging_mixin.py:117} INFO - [2022-11-10T04:59:22.738+0000] {dagbag.py:525} INFO - Filling up the DagBag from /home/airflow/.local/lib/python3.7/site-packages/airflow/example_dags/example_branch_day_of_week_operator.py
[2022-11-10T04:59:22.762+0000] {processor.py:768} INFO - DAG(s) dict_keys(['example_weekday_branch_operator']) retrieved from /home/airflow/.local/lib/python3.7/site-packages/airflow/example_dags/example_branch_day_of_week_operator.py
[2022-11-10T04:59:22.850+0000] {logging_mixin.py:117} INFO - [2022-11-10T04:59:22.850+0000] {dag.py:2573} INFO - Sync 1 DAGs
[2022-11-10T04:59:22.898+0000] {logging_mixin.py:117} INFO - [2022-11-10T04:59:22.898+0000] {dag.py:3328} INFO - Setting next_dagrun for example_weekday_branch_operator to 2022-11-09T00:00:00+00:00, run_after=2022-11-10T00:00:00+00:00
[2022-11-10T04:59:22.922+0000] {processor.py:178} INFO - Processing /home/airflow/.local/lib/python3.7/site-packages/airflow/example_dags/example_branch_day_of_week_operator.py took 0.195 seconds
[2022-11-10T06:22:28.099+0000] {processor.py:156} INFO - Started process (PID=12821) to work on /home/airflow/.local/lib/python3.7/site-packages/airflow/example_dags/example_branch_day_of_week_operator.py
[2022-11-10T06:22:28.105+0000] {processor.py:758} INFO - Processing file /home/airflow/.local/lib/python3.7/site-packages/airflow/example_dags/example_branch_day_of_week_operator.py for tasks to queue
[2022-11-10T06:22:28.109+0000] {logging_mixin.py:117} INFO - [2022-11-10T06:22:28.108+0000] {dagbag.py:525} INFO - Filling up the DagBag from /home/airflow/.local/lib/python3.7/site-packages/airflow/example_dags/example_branch_day_of_week_operator.py
[2022-11-10T06:22:28.131+0000] {processor.py:768} INFO - DAG(s) dict_keys(['example_weekday_branch_operator']) retrieved from /home/airflow/.local/lib/python3.7/site-packages/airflow/example_dags/example_branch_day_of_week_operator.py
[2022-11-10T06:22:28.180+0000] {logging_mixin.py:117} INFO - [2022-11-10T06:22:28.180+0000] {dag.py:2573} INFO - Sync 1 DAGs
[2022-11-10T06:22:28.224+0000] {logging_mixin.py:117} INFO - [2022-11-10T06:22:28.224+0000] {dag.py:3328} INFO - Setting next_dagrun for example_weekday_branch_operator to 2022-11-09T00:00:00+00:00, run_after=2022-11-10T00:00:00+00:00
[2022-11-10T06:22:28.260+0000] {processor.py:178} INFO - Processing /home/airflow/.local/lib/python3.7/site-packages/airflow/example_dags/example_branch_day_of_week_operator.py took 0.164 seconds
[2022-11-10T08:00:47.422+0000] {processor.py:156} INFO - Started process (PID=12875) to work on /home/airflow/.local/lib/python3.7/site-packages/airflow/example_dags/example_branch_day_of_week_operator.py
[2022-11-10T08:00:47.428+0000] {processor.py:758} INFO - Processing file /home/airflow/.local/lib/python3.7/site-packages/airflow/example_dags/example_branch_day_of_week_operator.py for tasks to queue
[2022-11-10T08:00:47.430+0000] {logging_mixin.py:117} INFO - [2022-11-10T08:00:47.430+0000] {dagbag.py:525} INFO - Filling up the DagBag from /home/airflow/.local/lib/python3.7/site-packages/airflow/example_dags/example_branch_day_of_week_operator.py
[2022-11-10T08:00:47.446+0000] {processor.py:768} INFO - DAG(s) dict_keys(['example_weekday_branch_operator']) retrieved from /home/airflow/.local/lib/python3.7/site-packages/airflow/example_dags/example_branch_day_of_week_operator.py
[2022-11-10T08:00:47.831+0000] {logging_mixin.py:117} INFO - [2022-11-10T08:00:47.831+0000] {dag.py:2573} INFO - Sync 1 DAGs
[2022-11-10T08:00:47.952+0000] {logging_mixin.py:117} INFO - [2022-11-10T08:00:47.951+0000] {dag.py:3328} INFO - Setting next_dagrun for example_weekday_branch_operator to 2022-11-09T00:00:00+00:00, run_after=2022-11-10T00:00:00+00:00
[2022-11-10T08:00:48.000+0000] {processor.py:178} INFO - Processing /home/airflow/.local/lib/python3.7/site-packages/airflow/example_dags/example_branch_day_of_week_operator.py took 0.583 seconds
[2022-11-10T09:23:01.464+0000] {processor.py:156} INFO - Started process (PID=12929) to work on /home/airflow/.local/lib/python3.7/site-packages/airflow/example_dags/example_branch_day_of_week_operator.py
[2022-11-10T09:23:01.474+0000] {processor.py:758} INFO - Processing file /home/airflow/.local/lib/python3.7/site-packages/airflow/example_dags/example_branch_day_of_week_operator.py for tasks to queue
[2022-11-10T09:23:01.486+0000] {logging_mixin.py:117} INFO - [2022-11-10T09:23:01.486+0000] {dagbag.py:525} INFO - Filling up the DagBag from /home/airflow/.local/lib/python3.7/site-packages/airflow/example_dags/example_branch_day_of_week_operator.py
[2022-11-10T09:23:01.840+0000] {processor.py:768} INFO - DAG(s) dict_keys(['example_weekday_branch_operator']) retrieved from /home/airflow/.local/lib/python3.7/site-packages/airflow/example_dags/example_branch_day_of_week_operator.py
[2022-11-10T09:23:03.210+0000] {logging_mixin.py:117} INFO - [2022-11-10T09:23:03.208+0000] {dag.py:2573} INFO - Sync 1 DAGs
[2022-11-10T09:23:03.394+0000] {logging_mixin.py:117} INFO - [2022-11-10T09:23:03.393+0000] {dag.py:3328} INFO - Setting next_dagrun for example_weekday_branch_operator to 2022-11-09T00:00:00+00:00, run_after=2022-11-10T00:00:00+00:00
[2022-11-10T09:23:03.498+0000] {processor.py:178} INFO - Processing /home/airflow/.local/lib/python3.7/site-packages/airflow/example_dags/example_branch_day_of_week_operator.py took 2.057 seconds
[2022-11-10T10:48:41.567+0000] {processor.py:156} INFO - Started process (PID=12991) to work on /home/airflow/.local/lib/python3.7/site-packages/airflow/example_dags/example_branch_day_of_week_operator.py
[2022-11-10T10:48:41.578+0000] {processor.py:758} INFO - Processing file /home/airflow/.local/lib/python3.7/site-packages/airflow/example_dags/example_branch_day_of_week_operator.py for tasks to queue
[2022-11-10T10:48:41.597+0000] {logging_mixin.py:117} INFO - [2022-11-10T10:48:41.597+0000] {dagbag.py:525} INFO - Filling up the DagBag from /home/airflow/.local/lib/python3.7/site-packages/airflow/example_dags/example_branch_day_of_week_operator.py
[2022-11-10T10:48:41.750+0000] {processor.py:768} INFO - DAG(s) dict_keys(['example_weekday_branch_operator']) retrieved from /home/airflow/.local/lib/python3.7/site-packages/airflow/example_dags/example_branch_day_of_week_operator.py
[2022-11-10T10:48:42.041+0000] {logging_mixin.py:117} INFO - [2022-11-10T10:48:42.040+0000] {dag.py:2573} INFO - Sync 1 DAGs
[2022-11-10T10:48:42.119+0000] {logging_mixin.py:117} INFO - [2022-11-10T10:48:42.119+0000] {dag.py:3328} INFO - Setting next_dagrun for example_weekday_branch_operator to 2022-11-09T00:00:00+00:00, run_after=2022-11-10T00:00:00+00:00
[2022-11-10T10:48:42.194+0000] {processor.py:178} INFO - Processing /home/airflow/.local/lib/python3.7/site-packages/airflow/example_dags/example_branch_day_of_week_operator.py took 0.633 seconds
[2022-11-10T12:10:58.028+0000] {processor.py:156} INFO - Started process (PID=13047) to work on /home/airflow/.local/lib/python3.7/site-packages/airflow/example_dags/example_branch_day_of_week_operator.py
[2022-11-10T12:10:58.035+0000] {processor.py:758} INFO - Processing file /home/airflow/.local/lib/python3.7/site-packages/airflow/example_dags/example_branch_day_of_week_operator.py for tasks to queue
[2022-11-10T12:10:58.038+0000] {logging_mixin.py:117} INFO - [2022-11-10T12:10:58.038+0000] {dagbag.py:525} INFO - Filling up the DagBag from /home/airflow/.local/lib/python3.7/site-packages/airflow/example_dags/example_branch_day_of_week_operator.py
[2022-11-10T12:10:58.186+0000] {processor.py:768} INFO - DAG(s) dict_keys(['example_weekday_branch_operator']) retrieved from /home/airflow/.local/lib/python3.7/site-packages/airflow/example_dags/example_branch_day_of_week_operator.py
[2022-11-10T12:10:58.340+0000] {logging_mixin.py:117} INFO - [2022-11-10T12:10:58.339+0000] {dag.py:2573} INFO - Sync 1 DAGs
[2022-11-10T12:10:58.402+0000] {logging_mixin.py:117} INFO - [2022-11-10T12:10:58.401+0000] {dag.py:3328} INFO - Setting next_dagrun for example_weekday_branch_operator to 2022-11-09T00:00:00+00:00, run_after=2022-11-10T00:00:00+00:00
[2022-11-10T12:10:58.468+0000] {processor.py:178} INFO - Processing /home/airflow/.local/lib/python3.7/site-packages/airflow/example_dags/example_branch_day_of_week_operator.py took 0.446 seconds
[2022-11-10T13:33:25.605+0000] {processor.py:156} INFO - Started process (PID=13103) to work on /home/airflow/.local/lib/python3.7/site-packages/airflow/example_dags/example_branch_day_of_week_operator.py
[2022-11-10T13:33:25.612+0000] {processor.py:758} INFO - Processing file /home/airflow/.local/lib/python3.7/site-packages/airflow/example_dags/example_branch_day_of_week_operator.py for tasks to queue
[2022-11-10T13:33:25.621+0000] {logging_mixin.py:117} INFO - [2022-11-10T13:33:25.621+0000] {dagbag.py:525} INFO - Filling up the DagBag from /home/airflow/.local/lib/python3.7/site-packages/airflow/example_dags/example_branch_day_of_week_operator.py
[2022-11-10T13:33:25.657+0000] {processor.py:768} INFO - DAG(s) dict_keys(['example_weekday_branch_operator']) retrieved from /home/airflow/.local/lib/python3.7/site-packages/airflow/example_dags/example_branch_day_of_week_operator.py
[2022-11-10T13:33:25.759+0000] {logging_mixin.py:117} INFO - [2022-11-10T13:33:25.758+0000] {dag.py:2573} INFO - Sync 1 DAGs
[2022-11-10T13:33:25.821+0000] {logging_mixin.py:117} INFO - [2022-11-10T13:33:25.821+0000] {dag.py:3328} INFO - Setting next_dagrun for example_weekday_branch_operator to 2022-11-09T00:00:00+00:00, run_after=2022-11-10T00:00:00+00:00
[2022-11-10T13:33:25.865+0000] {processor.py:178} INFO - Processing /home/airflow/.local/lib/python3.7/site-packages/airflow/example_dags/example_branch_day_of_week_operator.py took 0.262 seconds
[2022-11-10T14:37:15.833+0000] {processor.py:156} INFO - Started process (PID=13157) to work on /home/airflow/.local/lib/python3.7/site-packages/airflow/example_dags/example_branch_day_of_week_operator.py
[2022-11-10T14:37:15.837+0000] {processor.py:758} INFO - Processing file /home/airflow/.local/lib/python3.7/site-packages/airflow/example_dags/example_branch_day_of_week_operator.py for tasks to queue
[2022-11-10T14:37:15.842+0000] {logging_mixin.py:117} INFO - [2022-11-10T14:37:15.841+0000] {dagbag.py:525} INFO - Filling up the DagBag from /home/airflow/.local/lib/python3.7/site-packages/airflow/example_dags/example_branch_day_of_week_operator.py
[2022-11-10T14:37:15.875+0000] {processor.py:768} INFO - DAG(s) dict_keys(['example_weekday_branch_operator']) retrieved from /home/airflow/.local/lib/python3.7/site-packages/airflow/example_dags/example_branch_day_of_week_operator.py
[2022-11-10T14:37:16.042+0000] {logging_mixin.py:117} INFO - [2022-11-10T14:37:16.042+0000] {dag.py:2573} INFO - Sync 1 DAGs
[2022-11-10T14:37:16.189+0000] {logging_mixin.py:117} INFO - [2022-11-10T14:37:16.189+0000] {dag.py:3328} INFO - Setting next_dagrun for example_weekday_branch_operator to 2022-11-09T00:00:00+00:00, run_after=2022-11-10T00:00:00+00:00
[2022-11-10T14:37:16.253+0000] {processor.py:178} INFO - Processing /home/airflow/.local/lib/python3.7/site-packages/airflow/example_dags/example_branch_day_of_week_operator.py took 0.424 seconds
[2022-11-10T14:45:40.845+0000] {processor.py:156} INFO - Started process (PID=13212) to work on /home/airflow/.local/lib/python3.7/site-packages/airflow/example_dags/example_branch_day_of_week_operator.py
[2022-11-10T14:45:40.848+0000] {processor.py:758} INFO - Processing file /home/airflow/.local/lib/python3.7/site-packages/airflow/example_dags/example_branch_day_of_week_operator.py for tasks to queue
[2022-11-10T14:45:40.851+0000] {logging_mixin.py:117} INFO - [2022-11-10T14:45:40.850+0000] {dagbag.py:525} INFO - Filling up the DagBag from /home/airflow/.local/lib/python3.7/site-packages/airflow/example_dags/example_branch_day_of_week_operator.py
[2022-11-10T14:45:40.884+0000] {processor.py:768} INFO - DAG(s) dict_keys(['example_weekday_branch_operator']) retrieved from /home/airflow/.local/lib/python3.7/site-packages/airflow/example_dags/example_branch_day_of_week_operator.py
[2022-11-10T14:45:40.985+0000] {logging_mixin.py:117} INFO - [2022-11-10T14:45:40.984+0000] {dag.py:2573} INFO - Sync 1 DAGs
[2022-11-10T14:45:41.061+0000] {logging_mixin.py:117} INFO - [2022-11-10T14:45:41.061+0000] {dag.py:3328} INFO - Setting next_dagrun for example_weekday_branch_operator to 2022-11-09T00:00:00+00:00, run_after=2022-11-10T00:00:00+00:00
[2022-11-10T14:45:41.253+0000] {processor.py:178} INFO - Processing /home/airflow/.local/lib/python3.7/site-packages/airflow/example_dags/example_branch_day_of_week_operator.py took 0.410 seconds
[2022-11-10T15:04:41.907+0000] {processor.py:156} INFO - Started process (PID=13276) to work on /home/airflow/.local/lib/python3.7/site-packages/airflow/example_dags/example_branch_day_of_week_operator.py
[2022-11-10T15:04:41.947+0000] {processor.py:758} INFO - Processing file /home/airflow/.local/lib/python3.7/site-packages/airflow/example_dags/example_branch_day_of_week_operator.py for tasks to queue
[2022-11-10T15:04:41.982+0000] {logging_mixin.py:117} INFO - [2022-11-10T15:04:41.982+0000] {dagbag.py:525} INFO - Filling up the DagBag from /home/airflow/.local/lib/python3.7/site-packages/airflow/example_dags/example_branch_day_of_week_operator.py
[2022-11-10T15:04:42.191+0000] {processor.py:768} INFO - DAG(s) dict_keys(['example_weekday_branch_operator']) retrieved from /home/airflow/.local/lib/python3.7/site-packages/airflow/example_dags/example_branch_day_of_week_operator.py
[2022-11-10T15:04:42.926+0000] {logging_mixin.py:117} INFO - [2022-11-10T15:04:42.924+0000] {dag.py:2573} INFO - Sync 1 DAGs
[2022-11-10T15:04:43.024+0000] {logging_mixin.py:117} INFO - [2022-11-10T15:04:43.024+0000] {dag.py:3328} INFO - Setting next_dagrun for example_weekday_branch_operator to 2022-11-09T00:00:00+00:00, run_after=2022-11-10T00:00:00+00:00
[2022-11-10T15:04:43.115+0000] {processor.py:178} INFO - Processing /home/airflow/.local/lib/python3.7/site-packages/airflow/example_dags/example_branch_day_of_week_operator.py took 1.358 seconds
[2022-11-10T16:10:35.694+0000] {processor.py:156} INFO - Started process (PID=13331) to work on /home/airflow/.local/lib/python3.7/site-packages/airflow/example_dags/example_branch_day_of_week_operator.py
[2022-11-10T16:10:35.699+0000] {processor.py:758} INFO - Processing file /home/airflow/.local/lib/python3.7/site-packages/airflow/example_dags/example_branch_day_of_week_operator.py for tasks to queue
[2022-11-10T16:10:35.703+0000] {logging_mixin.py:117} INFO - [2022-11-10T16:10:35.703+0000] {dagbag.py:525} INFO - Filling up the DagBag from /home/airflow/.local/lib/python3.7/site-packages/airflow/example_dags/example_branch_day_of_week_operator.py
[2022-11-10T16:10:35.802+0000] {processor.py:768} INFO - DAG(s) dict_keys(['example_weekday_branch_operator']) retrieved from /home/airflow/.local/lib/python3.7/site-packages/airflow/example_dags/example_branch_day_of_week_operator.py
[2022-11-10T16:10:35.907+0000] {logging_mixin.py:117} INFO - [2022-11-10T16:10:35.907+0000] {dag.py:2573} INFO - Sync 1 DAGs
[2022-11-10T16:10:36.009+0000] {logging_mixin.py:117} INFO - [2022-11-10T16:10:36.008+0000] {dag.py:3328} INFO - Setting next_dagrun for example_weekday_branch_operator to 2022-11-09T00:00:00+00:00, run_after=2022-11-10T00:00:00+00:00
[2022-11-10T16:10:36.036+0000] {processor.py:178} INFO - Processing /home/airflow/.local/lib/python3.7/site-packages/airflow/example_dags/example_branch_day_of_week_operator.py took 0.352 seconds
[2022-11-10T17:34:38.122+0000] {processor.py:156} INFO - Started process (PID=13385) to work on /home/airflow/.local/lib/python3.7/site-packages/airflow/example_dags/example_branch_day_of_week_operator.py
[2022-11-10T17:34:38.125+0000] {processor.py:758} INFO - Processing file /home/airflow/.local/lib/python3.7/site-packages/airflow/example_dags/example_branch_day_of_week_operator.py for tasks to queue
[2022-11-10T17:34:38.131+0000] {logging_mixin.py:117} INFO - [2022-11-10T17:34:38.131+0000] {dagbag.py:525} INFO - Filling up the DagBag from /home/airflow/.local/lib/python3.7/site-packages/airflow/example_dags/example_branch_day_of_week_operator.py
[2022-11-10T17:34:38.154+0000] {processor.py:768} INFO - DAG(s) dict_keys(['example_weekday_branch_operator']) retrieved from /home/airflow/.local/lib/python3.7/site-packages/airflow/example_dags/example_branch_day_of_week_operator.py
[2022-11-10T17:34:38.217+0000] {logging_mixin.py:117} INFO - [2022-11-10T17:34:38.217+0000] {dag.py:2573} INFO - Sync 1 DAGs
[2022-11-10T17:34:38.242+0000] {logging_mixin.py:117} INFO - [2022-11-10T17:34:38.242+0000] {dag.py:3328} INFO - Setting next_dagrun for example_weekday_branch_operator to 2022-11-09T00:00:00+00:00, run_after=2022-11-10T00:00:00+00:00
[2022-11-10T17:34:38.256+0000] {processor.py:178} INFO - Processing /home/airflow/.local/lib/python3.7/site-packages/airflow/example_dags/example_branch_day_of_week_operator.py took 0.142 seconds
[2022-11-10T18:57:10.073+0000] {processor.py:156} INFO - Started process (PID=13449) to work on /home/airflow/.local/lib/python3.7/site-packages/airflow/example_dags/example_branch_day_of_week_operator.py
[2022-11-10T18:57:10.081+0000] {processor.py:758} INFO - Processing file /home/airflow/.local/lib/python3.7/site-packages/airflow/example_dags/example_branch_day_of_week_operator.py for tasks to queue
[2022-11-10T18:57:10.097+0000] {logging_mixin.py:117} INFO - [2022-11-10T18:57:10.097+0000] {dagbag.py:525} INFO - Filling up the DagBag from /home/airflow/.local/lib/python3.7/site-packages/airflow/example_dags/example_branch_day_of_week_operator.py
[2022-11-10T18:57:10.283+0000] {processor.py:768} INFO - DAG(s) dict_keys(['example_weekday_branch_operator']) retrieved from /home/airflow/.local/lib/python3.7/site-packages/airflow/example_dags/example_branch_day_of_week_operator.py
[2022-11-10T18:57:11.363+0000] {logging_mixin.py:117} INFO - [2022-11-10T18:57:11.363+0000] {dag.py:2573} INFO - Sync 1 DAGs
[2022-11-10T18:57:11.569+0000] {logging_mixin.py:117} INFO - [2022-11-10T18:57:11.565+0000] {dag.py:3328} INFO - Setting next_dagrun for example_weekday_branch_operator to 2022-11-09T00:00:00+00:00, run_after=2022-11-10T00:00:00+00:00
[2022-11-10T18:57:11.606+0000] {processor.py:178} INFO - Processing /home/airflow/.local/lib/python3.7/site-packages/airflow/example_dags/example_branch_day_of_week_operator.py took 1.543 seconds
[2022-11-10T19:05:30.965+0000] {processor.py:156} INFO - Started process (PID=13505) to work on /home/airflow/.local/lib/python3.7/site-packages/airflow/example_dags/example_branch_day_of_week_operator.py
[2022-11-10T19:05:30.971+0000] {processor.py:758} INFO - Processing file /home/airflow/.local/lib/python3.7/site-packages/airflow/example_dags/example_branch_day_of_week_operator.py for tasks to queue
[2022-11-10T19:05:30.972+0000] {logging_mixin.py:117} INFO - [2022-11-10T19:05:30.972+0000] {dagbag.py:525} INFO - Filling up the DagBag from /home/airflow/.local/lib/python3.7/site-packages/airflow/example_dags/example_branch_day_of_week_operator.py
[2022-11-10T19:05:30.997+0000] {processor.py:768} INFO - DAG(s) dict_keys(['example_weekday_branch_operator']) retrieved from /home/airflow/.local/lib/python3.7/site-packages/airflow/example_dags/example_branch_day_of_week_operator.py
[2022-11-10T19:05:31.076+0000] {logging_mixin.py:117} INFO - [2022-11-10T19:05:31.075+0000] {dag.py:2573} INFO - Sync 1 DAGs
[2022-11-10T19:05:31.129+0000] {logging_mixin.py:117} INFO - [2022-11-10T19:05:31.129+0000] {dag.py:3328} INFO - Setting next_dagrun for example_weekday_branch_operator to 2022-11-09T00:00:00+00:00, run_after=2022-11-10T00:00:00+00:00
[2022-11-10T19:05:31.177+0000] {processor.py:178} INFO - Processing /home/airflow/.local/lib/python3.7/site-packages/airflow/example_dags/example_branch_day_of_week_operator.py took 0.217 seconds
[2022-11-10T20:13:39.534+0000] {processor.py:156} INFO - Started process (PID=13569) to work on /home/airflow/.local/lib/python3.7/site-packages/airflow/example_dags/example_branch_day_of_week_operator.py
[2022-11-10T20:13:39.540+0000] {processor.py:758} INFO - Processing file /home/airflow/.local/lib/python3.7/site-packages/airflow/example_dags/example_branch_day_of_week_operator.py for tasks to queue
[2022-11-10T20:13:39.548+0000] {logging_mixin.py:117} INFO - [2022-11-10T20:13:39.547+0000] {dagbag.py:525} INFO - Filling up the DagBag from /home/airflow/.local/lib/python3.7/site-packages/airflow/example_dags/example_branch_day_of_week_operator.py
[2022-11-10T20:13:39.672+0000] {processor.py:768} INFO - DAG(s) dict_keys(['example_weekday_branch_operator']) retrieved from /home/airflow/.local/lib/python3.7/site-packages/airflow/example_dags/example_branch_day_of_week_operator.py
[2022-11-10T20:13:39.767+0000] {logging_mixin.py:117} INFO - [2022-11-10T20:13:39.767+0000] {dag.py:2573} INFO - Sync 1 DAGs
[2022-11-10T20:13:39.815+0000] {logging_mixin.py:117} INFO - [2022-11-10T20:13:39.815+0000] {dag.py:3328} INFO - Setting next_dagrun for example_weekday_branch_operator to 2022-11-09T00:00:00+00:00, run_after=2022-11-10T00:00:00+00:00
[2022-11-10T20:13:39.889+0000] {processor.py:178} INFO - Processing /home/airflow/.local/lib/python3.7/site-packages/airflow/example_dags/example_branch_day_of_week_operator.py took 0.373 seconds
[2022-11-10T21:37:11.719+0000] {processor.py:156} INFO - Started process (PID=13623) to work on /home/airflow/.local/lib/python3.7/site-packages/airflow/example_dags/example_branch_day_of_week_operator.py
[2022-11-10T21:37:11.729+0000] {processor.py:758} INFO - Processing file /home/airflow/.local/lib/python3.7/site-packages/airflow/example_dags/example_branch_day_of_week_operator.py for tasks to queue
[2022-11-10T21:37:11.733+0000] {logging_mixin.py:117} INFO - [2022-11-10T21:37:11.732+0000] {dagbag.py:525} INFO - Filling up the DagBag from /home/airflow/.local/lib/python3.7/site-packages/airflow/example_dags/example_branch_day_of_week_operator.py
[2022-11-10T21:37:11.772+0000] {processor.py:768} INFO - DAG(s) dict_keys(['example_weekday_branch_operator']) retrieved from /home/airflow/.local/lib/python3.7/site-packages/airflow/example_dags/example_branch_day_of_week_operator.py
[2022-11-10T21:37:11.855+0000] {logging_mixin.py:117} INFO - [2022-11-10T21:37:11.855+0000] {dag.py:2573} INFO - Sync 1 DAGs
[2022-11-10T21:37:11.968+0000] {logging_mixin.py:117} INFO - [2022-11-10T21:37:11.968+0000] {dag.py:3328} INFO - Setting next_dagrun for example_weekday_branch_operator to 2022-11-09T00:00:00+00:00, run_after=2022-11-10T00:00:00+00:00
[2022-11-10T21:37:11.998+0000] {processor.py:178} INFO - Processing /home/airflow/.local/lib/python3.7/site-packages/airflow/example_dags/example_branch_day_of_week_operator.py took 0.290 seconds
[2022-11-10T23:18:15.696+0000] {processor.py:156} INFO - Started process (PID=13688) to work on /home/airflow/.local/lib/python3.7/site-packages/airflow/example_dags/example_branch_day_of_week_operator.py
[2022-11-10T23:18:15.727+0000] {processor.py:758} INFO - Processing file /home/airflow/.local/lib/python3.7/site-packages/airflow/example_dags/example_branch_day_of_week_operator.py for tasks to queue
[2022-11-10T23:18:15.738+0000] {logging_mixin.py:117} INFO - [2022-11-10T23:18:15.738+0000] {dagbag.py:525} INFO - Filling up the DagBag from /home/airflow/.local/lib/python3.7/site-packages/airflow/example_dags/example_branch_day_of_week_operator.py
[2022-11-10T23:18:15.810+0000] {processor.py:768} INFO - DAG(s) dict_keys(['example_weekday_branch_operator']) retrieved from /home/airflow/.local/lib/python3.7/site-packages/airflow/example_dags/example_branch_day_of_week_operator.py
[2022-11-10T23:18:16.005+0000] {logging_mixin.py:117} INFO - [2022-11-10T23:18:16.004+0000] {dag.py:2573} INFO - Sync 1 DAGs
[2022-11-10T23:18:16.102+0000] {logging_mixin.py:117} INFO - [2022-11-10T23:18:16.102+0000] {dag.py:3328} INFO - Setting next_dagrun for example_weekday_branch_operator to 2022-11-09T00:00:00+00:00, run_after=2022-11-10T00:00:00+00:00
[2022-11-10T23:18:16.197+0000] {processor.py:178} INFO - Processing /home/airflow/.local/lib/python3.7/site-packages/airflow/example_dags/example_branch_day_of_week_operator.py took 0.506 seconds
