[2022-11-10T00:02:10.222+0000] {processor.py:156} INFO - Started process (PID=12514) to work on /home/airflow/.local/lib/python3.7/site-packages/airflow/example_dags/example_xcomargs.py
[2022-11-10T00:02:10.229+0000] {processor.py:758} INFO - Processing file /home/airflow/.local/lib/python3.7/site-packages/airflow/example_dags/example_xcomargs.py for tasks to queue
[2022-11-10T00:02:10.232+0000] {logging_mixin.py:117} INFO - [2022-11-10T00:02:10.232+0000] {dagbag.py:525} INFO - Filling up the DagBag from /home/airflow/.local/lib/python3.7/site-packages/airflow/example_dags/example_xcomargs.py
[2022-11-10T00:02:10.254+0000] {processor.py:768} INFO - DAG(s) dict_keys(['example_xcom_args', 'example_xcom_args_with_operators']) retrieved from /home/airflow/.local/lib/python3.7/site-packages/airflow/example_dags/example_xcomargs.py
[2022-11-10T00:02:10.311+0000] {logging_mixin.py:117} INFO - [2022-11-10T00:02:10.311+0000] {dag.py:2573} INFO - Sync 2 DAGs
[2022-11-10T00:02:10.341+0000] {logging_mixin.py:117} INFO - [2022-11-10T00:02:10.341+0000] {dag.py:3328} INFO - Setting next_dagrun for example_xcom_args to None, run_after=None
[2022-11-10T00:02:10.348+0000] {logging_mixin.py:117} INFO - [2022-11-10T00:02:10.348+0000] {dag.py:3328} INFO - Setting next_dagrun for example_xcom_args_with_operators to None, run_after=None
[2022-11-10T00:02:10.371+0000] {processor.py:178} INFO - Processing /home/airflow/.local/lib/python3.7/site-packages/airflow/example_dags/example_xcomargs.py took 0.152 seconds
[2022-11-10T01:24:30.911+0000] {processor.py:156} INFO - Started process (PID=12569) to work on /home/airflow/.local/lib/python3.7/site-packages/airflow/example_dags/example_xcomargs.py
[2022-11-10T01:24:30.913+0000] {processor.py:758} INFO - Processing file /home/airflow/.local/lib/python3.7/site-packages/airflow/example_dags/example_xcomargs.py for tasks to queue
[2022-11-10T01:24:30.914+0000] {logging_mixin.py:117} INFO - [2022-11-10T01:24:30.914+0000] {dagbag.py:525} INFO - Filling up the DagBag from /home/airflow/.local/lib/python3.7/site-packages/airflow/example_dags/example_xcomargs.py
[2022-11-10T01:24:30.937+0000] {processor.py:768} INFO - DAG(s) dict_keys(['example_xcom_args_with_operators', 'example_xcom_args']) retrieved from /home/airflow/.local/lib/python3.7/site-packages/airflow/example_dags/example_xcomargs.py
[2022-11-10T01:24:30.979+0000] {logging_mixin.py:117} INFO - [2022-11-10T01:24:30.979+0000] {dag.py:2573} INFO - Sync 2 DAGs
[2022-11-10T01:24:30.998+0000] {logging_mixin.py:117} INFO - [2022-11-10T01:24:30.998+0000] {dag.py:3328} INFO - Setting next_dagrun for example_xcom_args to None, run_after=None
[2022-11-10T01:24:31.002+0000] {logging_mixin.py:117} INFO - [2022-11-10T01:24:31.002+0000] {dag.py:3328} INFO - Setting next_dagrun for example_xcom_args_with_operators to None, run_after=None
[2022-11-10T01:24:31.020+0000] {processor.py:178} INFO - Processing /home/airflow/.local/lib/python3.7/site-packages/airflow/example_dags/example_xcomargs.py took 0.111 seconds
[2022-11-10T02:29:02.773+0000] {processor.py:156} INFO - Started process (PID=12633) to work on /home/airflow/.local/lib/python3.7/site-packages/airflow/example_dags/example_xcomargs.py
[2022-11-10T02:29:02.797+0000] {processor.py:758} INFO - Processing file /home/airflow/.local/lib/python3.7/site-packages/airflow/example_dags/example_xcomargs.py for tasks to queue
[2022-11-10T02:29:02.830+0000] {logging_mixin.py:117} INFO - [2022-11-10T02:29:02.830+0000] {dagbag.py:525} INFO - Filling up the DagBag from /home/airflow/.local/lib/python3.7/site-packages/airflow/example_dags/example_xcomargs.py
[2022-11-10T02:29:02.924+0000] {processor.py:768} INFO - DAG(s) dict_keys(['example_xcom_args', 'example_xcom_args_with_operators']) retrieved from /home/airflow/.local/lib/python3.7/site-packages/airflow/example_dags/example_xcomargs.py
[2022-11-10T02:29:03.293+0000] {logging_mixin.py:117} INFO - [2022-11-10T02:29:03.292+0000] {dag.py:2573} INFO - Sync 2 DAGs
[2022-11-10T02:29:03.342+0000] {logging_mixin.py:117} INFO - [2022-11-10T02:29:03.341+0000] {dag.py:3328} INFO - Setting next_dagrun for example_xcom_args to None, run_after=None
[2022-11-10T02:29:03.375+0000] {logging_mixin.py:117} INFO - [2022-11-10T02:29:03.375+0000] {dag.py:3328} INFO - Setting next_dagrun for example_xcom_args_with_operators to None, run_after=None
[2022-11-10T02:29:03.433+0000] {processor.py:178} INFO - Processing /home/airflow/.local/lib/python3.7/site-packages/airflow/example_dags/example_xcomargs.py took 0.700 seconds
[2022-11-10T03:35:44.494+0000] {processor.py:156} INFO - Started process (PID=12696) to work on /home/airflow/.local/lib/python3.7/site-packages/airflow/example_dags/example_xcomargs.py
[2022-11-10T03:35:44.562+0000] {processor.py:758} INFO - Processing file /home/airflow/.local/lib/python3.7/site-packages/airflow/example_dags/example_xcomargs.py for tasks to queue
[2022-11-10T03:35:44.566+0000] {logging_mixin.py:117} INFO - [2022-11-10T03:35:44.566+0000] {dagbag.py:525} INFO - Filling up the DagBag from /home/airflow/.local/lib/python3.7/site-packages/airflow/example_dags/example_xcomargs.py
[2022-11-10T03:35:44.625+0000] {processor.py:768} INFO - DAG(s) dict_keys(['example_xcom_args', 'example_xcom_args_with_operators']) retrieved from /home/airflow/.local/lib/python3.7/site-packages/airflow/example_dags/example_xcomargs.py
[2022-11-10T03:35:44.766+0000] {logging_mixin.py:117} INFO - [2022-11-10T03:35:44.765+0000] {dag.py:2573} INFO - Sync 2 DAGs
[2022-11-10T03:35:44.863+0000] {logging_mixin.py:117} INFO - [2022-11-10T03:35:44.863+0000] {dag.py:3328} INFO - Setting next_dagrun for example_xcom_args to None, run_after=None
[2022-11-10T03:35:44.880+0000] {logging_mixin.py:117} INFO - [2022-11-10T03:35:44.867+0000] {dag.py:3328} INFO - Setting next_dagrun for example_xcom_args_with_operators to None, run_after=None
[2022-11-10T03:35:44.918+0000] {processor.py:178} INFO - Processing /home/airflow/.local/lib/python3.7/site-packages/airflow/example_dags/example_xcomargs.py took 0.430 seconds
[2022-11-10T04:59:20.926+0000] {processor.py:156} INFO - Started process (PID=12751) to work on /home/airflow/.local/lib/python3.7/site-packages/airflow/example_dags/example_xcomargs.py
[2022-11-10T04:59:20.927+0000] {processor.py:758} INFO - Processing file /home/airflow/.local/lib/python3.7/site-packages/airflow/example_dags/example_xcomargs.py for tasks to queue
[2022-11-10T04:59:20.930+0000] {logging_mixin.py:117} INFO - [2022-11-10T04:59:20.930+0000] {dagbag.py:525} INFO - Filling up the DagBag from /home/airflow/.local/lib/python3.7/site-packages/airflow/example_dags/example_xcomargs.py
[2022-11-10T04:59:20.982+0000] {processor.py:768} INFO - DAG(s) dict_keys(['example_xcom_args', 'example_xcom_args_with_operators']) retrieved from /home/airflow/.local/lib/python3.7/site-packages/airflow/example_dags/example_xcomargs.py
[2022-11-10T04:59:21.081+0000] {logging_mixin.py:117} INFO - [2022-11-10T04:59:21.081+0000] {dag.py:2573} INFO - Sync 2 DAGs
[2022-11-10T04:59:21.219+0000] {logging_mixin.py:117} INFO - [2022-11-10T04:59:21.219+0000] {dag.py:3328} INFO - Setting next_dagrun for example_xcom_args to None, run_after=None
[2022-11-10T04:59:21.241+0000] {logging_mixin.py:117} INFO - [2022-11-10T04:59:21.241+0000] {dag.py:3328} INFO - Setting next_dagrun for example_xcom_args_with_operators to None, run_after=None
[2022-11-10T04:59:21.296+0000] {processor.py:178} INFO - Processing /home/airflow/.local/lib/python3.7/site-packages/airflow/example_dags/example_xcomargs.py took 0.374 seconds
[2022-11-10T06:22:27.062+0000] {processor.py:156} INFO - Started process (PID=12815) to work on /home/airflow/.local/lib/python3.7/site-packages/airflow/example_dags/example_xcomargs.py
[2022-11-10T06:22:27.073+0000] {processor.py:758} INFO - Processing file /home/airflow/.local/lib/python3.7/site-packages/airflow/example_dags/example_xcomargs.py for tasks to queue
[2022-11-10T06:22:27.095+0000] {logging_mixin.py:117} INFO - [2022-11-10T06:22:27.095+0000] {dagbag.py:525} INFO - Filling up the DagBag from /home/airflow/.local/lib/python3.7/site-packages/airflow/example_dags/example_xcomargs.py
[2022-11-10T06:22:27.174+0000] {processor.py:768} INFO - DAG(s) dict_keys(['example_xcom_args', 'example_xcom_args_with_operators']) retrieved from /home/airflow/.local/lib/python3.7/site-packages/airflow/example_dags/example_xcomargs.py
[2022-11-10T06:22:27.378+0000] {logging_mixin.py:117} INFO - [2022-11-10T06:22:27.378+0000] {dag.py:2573} INFO - Sync 2 DAGs
[2022-11-10T06:22:27.456+0000] {logging_mixin.py:117} INFO - [2022-11-10T06:22:27.455+0000] {dag.py:3328} INFO - Setting next_dagrun for example_xcom_args to None, run_after=None
[2022-11-10T06:22:27.466+0000] {logging_mixin.py:117} INFO - [2022-11-10T06:22:27.465+0000] {dag.py:3328} INFO - Setting next_dagrun for example_xcom_args_with_operators to None, run_after=None
[2022-11-10T06:22:27.531+0000] {processor.py:178} INFO - Processing /home/airflow/.local/lib/python3.7/site-packages/airflow/example_dags/example_xcomargs.py took 0.481 seconds
[2022-11-10T08:00:46.283+0000] {processor.py:156} INFO - Started process (PID=12869) to work on /home/airflow/.local/lib/python3.7/site-packages/airflow/example_dags/example_xcomargs.py
[2022-11-10T08:00:46.291+0000] {processor.py:758} INFO - Processing file /home/airflow/.local/lib/python3.7/site-packages/airflow/example_dags/example_xcomargs.py for tasks to queue
[2022-11-10T08:00:46.295+0000] {logging_mixin.py:117} INFO - [2022-11-10T08:00:46.295+0000] {dagbag.py:525} INFO - Filling up the DagBag from /home/airflow/.local/lib/python3.7/site-packages/airflow/example_dags/example_xcomargs.py
[2022-11-10T08:00:46.341+0000] {processor.py:768} INFO - DAG(s) dict_keys(['example_xcom_args', 'example_xcom_args_with_operators']) retrieved from /home/airflow/.local/lib/python3.7/site-packages/airflow/example_dags/example_xcomargs.py
[2022-11-10T08:00:46.404+0000] {logging_mixin.py:117} INFO - [2022-11-10T08:00:46.404+0000] {dag.py:2573} INFO - Sync 2 DAGs
[2022-11-10T08:00:46.594+0000] {logging_mixin.py:117} INFO - [2022-11-10T08:00:46.594+0000] {dag.py:3328} INFO - Setting next_dagrun for example_xcom_args to None, run_after=None
[2022-11-10T08:00:46.607+0000] {logging_mixin.py:117} INFO - [2022-11-10T08:00:46.607+0000] {dag.py:3328} INFO - Setting next_dagrun for example_xcom_args_with_operators to None, run_after=None
[2022-11-10T08:00:46.728+0000] {processor.py:178} INFO - Processing /home/airflow/.local/lib/python3.7/site-packages/airflow/example_dags/example_xcomargs.py took 0.459 seconds
[2022-11-10T09:22:58.595+0000] {processor.py:156} INFO - Started process (PID=12923) to work on /home/airflow/.local/lib/python3.7/site-packages/airflow/example_dags/example_xcomargs.py
[2022-11-10T09:22:58.603+0000] {processor.py:758} INFO - Processing file /home/airflow/.local/lib/python3.7/site-packages/airflow/example_dags/example_xcomargs.py for tasks to queue
[2022-11-10T09:22:58.604+0000] {logging_mixin.py:117} INFO - [2022-11-10T09:22:58.604+0000] {dagbag.py:525} INFO - Filling up the DagBag from /home/airflow/.local/lib/python3.7/site-packages/airflow/example_dags/example_xcomargs.py
[2022-11-10T09:22:58.737+0000] {processor.py:768} INFO - DAG(s) dict_keys(['example_xcom_args', 'example_xcom_args_with_operators']) retrieved from /home/airflow/.local/lib/python3.7/site-packages/airflow/example_dags/example_xcomargs.py
[2022-11-10T09:22:58.867+0000] {logging_mixin.py:117} INFO - [2022-11-10T09:22:58.867+0000] {dag.py:2573} INFO - Sync 2 DAGs
[2022-11-10T09:22:58.976+0000] {logging_mixin.py:117} INFO - [2022-11-10T09:22:58.976+0000] {dag.py:3328} INFO - Setting next_dagrun for example_xcom_args to None, run_after=None
[2022-11-10T09:22:58.991+0000] {logging_mixin.py:117} INFO - [2022-11-10T09:22:58.990+0000] {dag.py:3328} INFO - Setting next_dagrun for example_xcom_args_with_operators to None, run_after=None
[2022-11-10T09:22:59.056+0000] {processor.py:178} INFO - Processing /home/airflow/.local/lib/python3.7/site-packages/airflow/example_dags/example_xcomargs.py took 0.467 seconds
[2022-11-10T10:48:38.511+0000] {processor.py:156} INFO - Started process (PID=12985) to work on /home/airflow/.local/lib/python3.7/site-packages/airflow/example_dags/example_xcomargs.py
[2022-11-10T10:48:38.860+0000] {processor.py:758} INFO - Processing file /home/airflow/.local/lib/python3.7/site-packages/airflow/example_dags/example_xcomargs.py for tasks to queue
[2022-11-10T10:48:38.883+0000] {logging_mixin.py:117} INFO - [2022-11-10T10:48:38.882+0000] {dagbag.py:525} INFO - Filling up the DagBag from /home/airflow/.local/lib/python3.7/site-packages/airflow/example_dags/example_xcomargs.py
[2022-11-10T10:48:39.148+0000] {processor.py:768} INFO - DAG(s) dict_keys(['example_xcom_args', 'example_xcom_args_with_operators']) retrieved from /home/airflow/.local/lib/python3.7/site-packages/airflow/example_dags/example_xcomargs.py
[2022-11-10T10:48:39.663+0000] {logging_mixin.py:117} INFO - [2022-11-10T10:48:39.663+0000] {dag.py:2573} INFO - Sync 2 DAGs
[2022-11-10T10:48:39.744+0000] {logging_mixin.py:117} INFO - [2022-11-10T10:48:39.744+0000] {dag.py:3328} INFO - Setting next_dagrun for example_xcom_args to None, run_after=None
[2022-11-10T10:48:39.756+0000] {logging_mixin.py:117} INFO - [2022-11-10T10:48:39.755+0000] {dag.py:3328} INFO - Setting next_dagrun for example_xcom_args_with_operators to None, run_after=None
[2022-11-10T10:48:39.840+0000] {processor.py:178} INFO - Processing /home/airflow/.local/lib/python3.7/site-packages/airflow/example_dags/example_xcomargs.py took 1.339 seconds
[2022-11-10T12:10:51.985+0000] {processor.py:156} INFO - Started process (PID=13041) to work on /home/airflow/.local/lib/python3.7/site-packages/airflow/example_dags/example_xcomargs.py
[2022-11-10T12:10:51.991+0000] {processor.py:758} INFO - Processing file /home/airflow/.local/lib/python3.7/site-packages/airflow/example_dags/example_xcomargs.py for tasks to queue
[2022-11-10T12:10:51.999+0000] {logging_mixin.py:117} INFO - [2022-11-10T12:10:51.999+0000] {dagbag.py:525} INFO - Filling up the DagBag from /home/airflow/.local/lib/python3.7/site-packages/airflow/example_dags/example_xcomargs.py
[2022-11-10T12:10:52.113+0000] {processor.py:768} INFO - DAG(s) dict_keys(['example_xcom_args', 'example_xcom_args_with_operators']) retrieved from /home/airflow/.local/lib/python3.7/site-packages/airflow/example_dags/example_xcomargs.py
[2022-11-10T12:10:52.242+0000] {logging_mixin.py:117} INFO - [2022-11-10T12:10:52.241+0000] {dag.py:2573} INFO - Sync 2 DAGs
[2022-11-10T12:10:52.331+0000] {logging_mixin.py:117} INFO - [2022-11-10T12:10:52.331+0000] {dag.py:3328} INFO - Setting next_dagrun for example_xcom_args to None, run_after=None
[2022-11-10T12:10:52.362+0000] {logging_mixin.py:117} INFO - [2022-11-10T12:10:52.362+0000] {dag.py:3328} INFO - Setting next_dagrun for example_xcom_args_with_operators to None, run_after=None
[2022-11-10T12:10:52.493+0000] {processor.py:178} INFO - Processing /home/airflow/.local/lib/python3.7/site-packages/airflow/example_dags/example_xcomargs.py took 0.515 seconds
[2022-11-10T13:33:23.461+0000] {processor.py:156} INFO - Started process (PID=13087) to work on /home/airflow/.local/lib/python3.7/site-packages/airflow/example_dags/example_xcomargs.py
[2022-11-10T13:33:23.496+0000] {processor.py:758} INFO - Processing file /home/airflow/.local/lib/python3.7/site-packages/airflow/example_dags/example_xcomargs.py for tasks to queue
[2022-11-10T13:33:23.511+0000] {logging_mixin.py:117} INFO - [2022-11-10T13:33:23.510+0000] {dagbag.py:525} INFO - Filling up the DagBag from /home/airflow/.local/lib/python3.7/site-packages/airflow/example_dags/example_xcomargs.py
[2022-11-10T13:33:23.597+0000] {processor.py:768} INFO - DAG(s) dict_keys(['example_xcom_args', 'example_xcom_args_with_operators']) retrieved from /home/airflow/.local/lib/python3.7/site-packages/airflow/example_dags/example_xcomargs.py
[2022-11-10T13:33:23.836+0000] {logging_mixin.py:117} INFO - [2022-11-10T13:33:23.836+0000] {dag.py:2573} INFO - Sync 2 DAGs
[2022-11-10T13:33:24.018+0000] {logging_mixin.py:117} INFO - [2022-11-10T13:33:24.017+0000] {dag.py:3328} INFO - Setting next_dagrun for example_xcom_args to None, run_after=None
[2022-11-10T13:33:24.026+0000] {logging_mixin.py:117} INFO - [2022-11-10T13:33:24.026+0000] {dag.py:3328} INFO - Setting next_dagrun for example_xcom_args_with_operators to None, run_after=None
[2022-11-10T13:33:24.132+0000] {processor.py:178} INFO - Processing /home/airflow/.local/lib/python3.7/site-packages/airflow/example_dags/example_xcomargs.py took 0.684 seconds
[2022-11-10T14:37:13.475+0000] {processor.py:156} INFO - Started process (PID=13151) to work on /home/airflow/.local/lib/python3.7/site-packages/airflow/example_dags/example_xcomargs.py
[2022-11-10T14:37:13.479+0000] {processor.py:758} INFO - Processing file /home/airflow/.local/lib/python3.7/site-packages/airflow/example_dags/example_xcomargs.py for tasks to queue
[2022-11-10T14:37:13.481+0000] {logging_mixin.py:117} INFO - [2022-11-10T14:37:13.481+0000] {dagbag.py:525} INFO - Filling up the DagBag from /home/airflow/.local/lib/python3.7/site-packages/airflow/example_dags/example_xcomargs.py
[2022-11-10T14:37:13.503+0000] {processor.py:768} INFO - DAG(s) dict_keys(['example_xcom_args_with_operators', 'example_xcom_args']) retrieved from /home/airflow/.local/lib/python3.7/site-packages/airflow/example_dags/example_xcomargs.py
[2022-11-10T14:37:13.584+0000] {logging_mixin.py:117} INFO - [2022-11-10T14:37:13.583+0000] {dag.py:2573} INFO - Sync 2 DAGs
[2022-11-10T14:37:13.725+0000] {logging_mixin.py:117} INFO - [2022-11-10T14:37:13.725+0000] {dag.py:3328} INFO - Setting next_dagrun for example_xcom_args to None, run_after=None
[2022-11-10T14:37:13.770+0000] {logging_mixin.py:117} INFO - [2022-11-10T14:37:13.770+0000] {dag.py:3328} INFO - Setting next_dagrun for example_xcom_args_with_operators to None, run_after=None
[2022-11-10T14:37:13.888+0000] {processor.py:178} INFO - Processing /home/airflow/.local/lib/python3.7/site-packages/airflow/example_dags/example_xcomargs.py took 0.414 seconds
[2022-11-10T14:45:38.868+0000] {processor.py:156} INFO - Started process (PID=13206) to work on /home/airflow/.local/lib/python3.7/site-packages/airflow/example_dags/example_xcomargs.py
[2022-11-10T14:45:38.875+0000] {processor.py:758} INFO - Processing file /home/airflow/.local/lib/python3.7/site-packages/airflow/example_dags/example_xcomargs.py for tasks to queue
[2022-11-10T14:45:38.881+0000] {logging_mixin.py:117} INFO - [2022-11-10T14:45:38.881+0000] {dagbag.py:525} INFO - Filling up the DagBag from /home/airflow/.local/lib/python3.7/site-packages/airflow/example_dags/example_xcomargs.py
[2022-11-10T14:45:39.037+0000] {processor.py:768} INFO - DAG(s) dict_keys(['example_xcom_args', 'example_xcom_args_with_operators']) retrieved from /home/airflow/.local/lib/python3.7/site-packages/airflow/example_dags/example_xcomargs.py
[2022-11-10T14:45:39.180+0000] {logging_mixin.py:117} INFO - [2022-11-10T14:45:39.179+0000] {dag.py:2573} INFO - Sync 2 DAGs
[2022-11-10T14:45:39.249+0000] {logging_mixin.py:117} INFO - [2022-11-10T14:45:39.248+0000] {dag.py:3328} INFO - Setting next_dagrun for example_xcom_args to None, run_after=None
[2022-11-10T14:45:39.260+0000] {logging_mixin.py:117} INFO - [2022-11-10T14:45:39.260+0000] {dag.py:3328} INFO - Setting next_dagrun for example_xcom_args_with_operators to None, run_after=None
[2022-11-10T14:45:39.376+0000] {processor.py:178} INFO - Processing /home/airflow/.local/lib/python3.7/site-packages/airflow/example_dags/example_xcomargs.py took 0.524 seconds
[2022-11-10T15:04:37.885+0000] {processor.py:156} INFO - Started process (PID=13267) to work on /home/airflow/.local/lib/python3.7/site-packages/airflow/example_dags/example_xcomargs.py
[2022-11-10T15:04:37.893+0000] {processor.py:758} INFO - Processing file /home/airflow/.local/lib/python3.7/site-packages/airflow/example_dags/example_xcomargs.py for tasks to queue
[2022-11-10T15:04:37.898+0000] {logging_mixin.py:117} INFO - [2022-11-10T15:04:37.897+0000] {dagbag.py:525} INFO - Filling up the DagBag from /home/airflow/.local/lib/python3.7/site-packages/airflow/example_dags/example_xcomargs.py
[2022-11-10T15:04:38.185+0000] {processor.py:768} INFO - DAG(s) dict_keys(['example_xcom_args_with_operators', 'example_xcom_args']) retrieved from /home/airflow/.local/lib/python3.7/site-packages/airflow/example_dags/example_xcomargs.py
[2022-11-10T15:04:38.581+0000] {logging_mixin.py:117} INFO - [2022-11-10T15:04:38.581+0000] {dag.py:2573} INFO - Sync 2 DAGs
[2022-11-10T15:04:38.634+0000] {logging_mixin.py:117} INFO - [2022-11-10T15:04:38.634+0000] {dag.py:3328} INFO - Setting next_dagrun for example_xcom_args to None, run_after=None
[2022-11-10T15:04:38.653+0000] {logging_mixin.py:117} INFO - [2022-11-10T15:04:38.653+0000] {dag.py:3328} INFO - Setting next_dagrun for example_xcom_args_with_operators to None, run_after=None
[2022-11-10T15:04:38.709+0000] {processor.py:178} INFO - Processing /home/airflow/.local/lib/python3.7/site-packages/airflow/example_dags/example_xcomargs.py took 0.839 seconds
[2022-11-10T16:10:33.876+0000] {processor.py:156} INFO - Started process (PID=13325) to work on /home/airflow/.local/lib/python3.7/site-packages/airflow/example_dags/example_xcomargs.py
[2022-11-10T16:10:33.881+0000] {processor.py:758} INFO - Processing file /home/airflow/.local/lib/python3.7/site-packages/airflow/example_dags/example_xcomargs.py for tasks to queue
[2022-11-10T16:10:33.884+0000] {logging_mixin.py:117} INFO - [2022-11-10T16:10:33.884+0000] {dagbag.py:525} INFO - Filling up the DagBag from /home/airflow/.local/lib/python3.7/site-packages/airflow/example_dags/example_xcomargs.py
[2022-11-10T16:10:33.959+0000] {processor.py:768} INFO - DAG(s) dict_keys(['example_xcom_args', 'example_xcom_args_with_operators']) retrieved from /home/airflow/.local/lib/python3.7/site-packages/airflow/example_dags/example_xcomargs.py
[2022-11-10T16:10:34.034+0000] {logging_mixin.py:117} INFO - [2022-11-10T16:10:34.033+0000] {dag.py:2573} INFO - Sync 2 DAGs
[2022-11-10T16:10:34.092+0000] {logging_mixin.py:117} INFO - [2022-11-10T16:10:34.092+0000] {dag.py:3328} INFO - Setting next_dagrun for example_xcom_args to None, run_after=None
[2022-11-10T16:10:34.112+0000] {logging_mixin.py:117} INFO - [2022-11-10T16:10:34.112+0000] {dag.py:3328} INFO - Setting next_dagrun for example_xcom_args_with_operators to None, run_after=None
[2022-11-10T16:10:34.152+0000] {processor.py:178} INFO - Processing /home/airflow/.local/lib/python3.7/site-packages/airflow/example_dags/example_xcomargs.py took 0.353 seconds
[2022-11-10T17:34:35.603+0000] {processor.py:156} INFO - Started process (PID=13379) to work on /home/airflow/.local/lib/python3.7/site-packages/airflow/example_dags/example_xcomargs.py
[2022-11-10T17:34:35.881+0000] {processor.py:758} INFO - Processing file /home/airflow/.local/lib/python3.7/site-packages/airflow/example_dags/example_xcomargs.py for tasks to queue
[2022-11-10T17:34:35.888+0000] {logging_mixin.py:117} INFO - [2022-11-10T17:34:35.888+0000] {dagbag.py:525} INFO - Filling up the DagBag from /home/airflow/.local/lib/python3.7/site-packages/airflow/example_dags/example_xcomargs.py
[2022-11-10T17:34:36.031+0000] {processor.py:768} INFO - DAG(s) dict_keys(['example_xcom_args', 'example_xcom_args_with_operators']) retrieved from /home/airflow/.local/lib/python3.7/site-packages/airflow/example_dags/example_xcomargs.py
[2022-11-10T17:34:36.437+0000] {logging_mixin.py:117} INFO - [2022-11-10T17:34:36.436+0000] {dag.py:2573} INFO - Sync 2 DAGs
[2022-11-10T17:34:36.591+0000] {logging_mixin.py:117} INFO - [2022-11-10T17:34:36.591+0000] {dag.py:3328} INFO - Setting next_dagrun for example_xcom_args to None, run_after=None
[2022-11-10T17:34:36.639+0000] {logging_mixin.py:117} INFO - [2022-11-10T17:34:36.639+0000] {dag.py:3328} INFO - Setting next_dagrun for example_xcom_args_with_operators to None, run_after=None
[2022-11-10T17:34:36.720+0000] {processor.py:178} INFO - Processing /home/airflow/.local/lib/python3.7/site-packages/airflow/example_dags/example_xcomargs.py took 1.129 seconds
[2022-11-10T18:57:07.958+0000] {processor.py:156} INFO - Started process (PID=13434) to work on /home/airflow/.local/lib/python3.7/site-packages/airflow/example_dags/example_xcomargs.py
[2022-11-10T18:57:07.967+0000] {processor.py:758} INFO - Processing file /home/airflow/.local/lib/python3.7/site-packages/airflow/example_dags/example_xcomargs.py for tasks to queue
[2022-11-10T18:57:07.975+0000] {logging_mixin.py:117} INFO - [2022-11-10T18:57:07.975+0000] {dagbag.py:525} INFO - Filling up the DagBag from /home/airflow/.local/lib/python3.7/site-packages/airflow/example_dags/example_xcomargs.py
[2022-11-10T18:57:08.469+0000] {processor.py:768} INFO - DAG(s) dict_keys(['example_xcom_args_with_operators', 'example_xcom_args']) retrieved from /home/airflow/.local/lib/python3.7/site-packages/airflow/example_dags/example_xcomargs.py
[2022-11-10T18:57:08.603+0000] {logging_mixin.py:117} INFO - [2022-11-10T18:57:08.602+0000] {dag.py:2573} INFO - Sync 2 DAGs
[2022-11-10T18:57:08.689+0000] {logging_mixin.py:117} INFO - [2022-11-10T18:57:08.689+0000] {dag.py:3328} INFO - Setting next_dagrun for example_xcom_args to None, run_after=None
[2022-11-10T18:57:08.693+0000] {logging_mixin.py:117} INFO - [2022-11-10T18:57:08.693+0000] {dag.py:3328} INFO - Setting next_dagrun for example_xcom_args_with_operators to None, run_after=None
[2022-11-10T18:57:08.728+0000] {processor.py:178} INFO - Processing /home/airflow/.local/lib/python3.7/site-packages/airflow/example_dags/example_xcomargs.py took 0.779 seconds
[2022-11-10T19:05:30.172+0000] {processor.py:156} INFO - Started process (PID=13499) to work on /home/airflow/.local/lib/python3.7/site-packages/airflow/example_dags/example_xcomargs.py
[2022-11-10T19:05:30.180+0000] {processor.py:758} INFO - Processing file /home/airflow/.local/lib/python3.7/site-packages/airflow/example_dags/example_xcomargs.py for tasks to queue
[2022-11-10T19:05:30.184+0000] {logging_mixin.py:117} INFO - [2022-11-10T19:05:30.184+0000] {dagbag.py:525} INFO - Filling up the DagBag from /home/airflow/.local/lib/python3.7/site-packages/airflow/example_dags/example_xcomargs.py
[2022-11-10T19:05:30.272+0000] {processor.py:768} INFO - DAG(s) dict_keys(['example_xcom_args_with_operators', 'example_xcom_args']) retrieved from /home/airflow/.local/lib/python3.7/site-packages/airflow/example_dags/example_xcomargs.py
[2022-11-10T19:05:30.338+0000] {logging_mixin.py:117} INFO - [2022-11-10T19:05:30.338+0000] {dag.py:2573} INFO - Sync 2 DAGs
[2022-11-10T19:05:30.385+0000] {logging_mixin.py:117} INFO - [2022-11-10T19:05:30.385+0000] {dag.py:3328} INFO - Setting next_dagrun for example_xcom_args to None, run_after=None
[2022-11-10T19:05:30.399+0000] {logging_mixin.py:117} INFO - [2022-11-10T19:05:30.399+0000] {dag.py:3328} INFO - Setting next_dagrun for example_xcom_args_with_operators to None, run_after=None
[2022-11-10T19:05:30.428+0000] {processor.py:178} INFO - Processing /home/airflow/.local/lib/python3.7/site-packages/airflow/example_dags/example_xcomargs.py took 0.272 seconds
[2022-11-10T20:13:36.966+0000] {processor.py:156} INFO - Started process (PID=13563) to work on /home/airflow/.local/lib/python3.7/site-packages/airflow/example_dags/example_xcomargs.py
[2022-11-10T20:13:36.969+0000] {processor.py:758} INFO - Processing file /home/airflow/.local/lib/python3.7/site-packages/airflow/example_dags/example_xcomargs.py for tasks to queue
[2022-11-10T20:13:36.972+0000] {logging_mixin.py:117} INFO - [2022-11-10T20:13:36.972+0000] {dagbag.py:525} INFO - Filling up the DagBag from /home/airflow/.local/lib/python3.7/site-packages/airflow/example_dags/example_xcomargs.py
[2022-11-10T20:13:37.039+0000] {processor.py:768} INFO - DAG(s) dict_keys(['example_xcom_args', 'example_xcom_args_with_operators']) retrieved from /home/airflow/.local/lib/python3.7/site-packages/airflow/example_dags/example_xcomargs.py
[2022-11-10T20:13:37.158+0000] {logging_mixin.py:117} INFO - [2022-11-10T20:13:37.158+0000] {dag.py:2573} INFO - Sync 2 DAGs
[2022-11-10T20:13:37.225+0000] {logging_mixin.py:117} INFO - [2022-11-10T20:13:37.225+0000] {dag.py:3328} INFO - Setting next_dagrun for example_xcom_args to None, run_after=None
[2022-11-10T20:13:37.235+0000] {logging_mixin.py:117} INFO - [2022-11-10T20:13:37.235+0000] {dag.py:3328} INFO - Setting next_dagrun for example_xcom_args_with_operators to None, run_after=None
[2022-11-10T20:13:37.303+0000] {processor.py:178} INFO - Processing /home/airflow/.local/lib/python3.7/site-packages/airflow/example_dags/example_xcomargs.py took 0.366 seconds
[2022-11-10T21:37:10.742+0000] {processor.py:156} INFO - Started process (PID=13617) to work on /home/airflow/.local/lib/python3.7/site-packages/airflow/example_dags/example_xcomargs.py
[2022-11-10T21:37:10.751+0000] {processor.py:758} INFO - Processing file /home/airflow/.local/lib/python3.7/site-packages/airflow/example_dags/example_xcomargs.py for tasks to queue
[2022-11-10T21:37:10.753+0000] {logging_mixin.py:117} INFO - [2022-11-10T21:37:10.753+0000] {dagbag.py:525} INFO - Filling up the DagBag from /home/airflow/.local/lib/python3.7/site-packages/airflow/example_dags/example_xcomargs.py
[2022-11-10T21:37:10.863+0000] {processor.py:768} INFO - DAG(s) dict_keys(['example_xcom_args', 'example_xcom_args_with_operators']) retrieved from /home/airflow/.local/lib/python3.7/site-packages/airflow/example_dags/example_xcomargs.py
[2022-11-10T21:37:11.085+0000] {logging_mixin.py:117} INFO - [2022-11-10T21:37:11.085+0000] {dag.py:2573} INFO - Sync 2 DAGs
[2022-11-10T21:37:11.173+0000] {logging_mixin.py:117} INFO - [2022-11-10T21:37:11.172+0000] {dag.py:3328} INFO - Setting next_dagrun for example_xcom_args to None, run_after=None
[2022-11-10T21:37:11.177+0000] {logging_mixin.py:117} INFO - [2022-11-10T21:37:11.177+0000] {dag.py:3328} INFO - Setting next_dagrun for example_xcom_args_with_operators to None, run_after=None
[2022-11-10T21:37:11.206+0000] {processor.py:178} INFO - Processing /home/airflow/.local/lib/python3.7/site-packages/airflow/example_dags/example_xcomargs.py took 0.472 seconds
[2022-11-10T23:18:13.948+0000] {processor.py:156} INFO - Started process (PID=13682) to work on /home/airflow/.local/lib/python3.7/site-packages/airflow/example_dags/example_xcomargs.py
[2022-11-10T23:18:13.951+0000] {processor.py:758} INFO - Processing file /home/airflow/.local/lib/python3.7/site-packages/airflow/example_dags/example_xcomargs.py for tasks to queue
[2022-11-10T23:18:13.953+0000] {logging_mixin.py:117} INFO - [2022-11-10T23:18:13.953+0000] {dagbag.py:525} INFO - Filling up the DagBag from /home/airflow/.local/lib/python3.7/site-packages/airflow/example_dags/example_xcomargs.py
[2022-11-10T23:18:14.026+0000] {processor.py:768} INFO - DAG(s) dict_keys(['example_xcom_args', 'example_xcom_args_with_operators']) retrieved from /home/airflow/.local/lib/python3.7/site-packages/airflow/example_dags/example_xcomargs.py
[2022-11-10T23:18:14.128+0000] {logging_mixin.py:117} INFO - [2022-11-10T23:18:14.128+0000] {dag.py:2573} INFO - Sync 2 DAGs
[2022-11-10T23:18:14.159+0000] {logging_mixin.py:117} INFO - [2022-11-10T23:18:14.159+0000] {dag.py:3328} INFO - Setting next_dagrun for example_xcom_args to None, run_after=None
[2022-11-10T23:18:14.164+0000] {logging_mixin.py:117} INFO - [2022-11-10T23:18:14.164+0000] {dag.py:3328} INFO - Setting next_dagrun for example_xcom_args_with_operators to None, run_after=None
[2022-11-10T23:18:14.188+0000] {processor.py:178} INFO - Processing /home/airflow/.local/lib/python3.7/site-packages/airflow/example_dags/example_xcomargs.py took 0.251 seconds
