[2022-11-10T00:02:13.537+0000] {processor.py:156} INFO - Started process (PID=12533) to work on /home/airflow/.local/lib/python3.7/site-packages/airflow/example_dags/example_python_operator.py
[2022-11-10T00:02:13.540+0000] {processor.py:758} INFO - Processing file /home/airflow/.local/lib/python3.7/site-packages/airflow/example_dags/example_python_operator.py for tasks to queue
[2022-11-10T00:02:13.544+0000] {logging_mixin.py:117} INFO - [2022-11-10T00:02:13.544+0000] {dagbag.py:525} INFO - Filling up the DagBag from /home/airflow/.local/lib/python3.7/site-packages/airflow/example_dags/example_python_operator.py
[2022-11-10T00:02:13.695+0000] {processor.py:768} INFO - DAG(s) dict_keys(['example_python_operator']) retrieved from /home/airflow/.local/lib/python3.7/site-packages/airflow/example_dags/example_python_operator.py
[2022-11-10T00:02:13.796+0000] {logging_mixin.py:117} INFO - [2022-11-10T00:02:13.796+0000] {dag.py:2573} INFO - Sync 1 DAGs
[2022-11-10T00:02:13.851+0000] {logging_mixin.py:117} INFO - [2022-11-10T00:02:13.851+0000] {dag.py:3328} INFO - Setting next_dagrun for example_python_operator to None, run_after=None
[2022-11-10T00:02:13.967+0000] {processor.py:178} INFO - Processing /home/airflow/.local/lib/python3.7/site-packages/airflow/example_dags/example_python_operator.py took 0.442 seconds
[2022-11-10T01:24:33.530+0000] {processor.py:156} INFO - Started process (PID=12597) to work on /home/airflow/.local/lib/python3.7/site-packages/airflow/example_dags/example_python_operator.py
[2022-11-10T01:24:33.532+0000] {processor.py:758} INFO - Processing file /home/airflow/.local/lib/python3.7/site-packages/airflow/example_dags/example_python_operator.py for tasks to queue
[2022-11-10T01:24:33.533+0000] {logging_mixin.py:117} INFO - [2022-11-10T01:24:33.533+0000] {dagbag.py:525} INFO - Filling up the DagBag from /home/airflow/.local/lib/python3.7/site-packages/airflow/example_dags/example_python_operator.py
[2022-11-10T01:24:33.549+0000] {processor.py:768} INFO - DAG(s) dict_keys(['example_python_operator']) retrieved from /home/airflow/.local/lib/python3.7/site-packages/airflow/example_dags/example_python_operator.py
[2022-11-10T01:24:33.575+0000] {logging_mixin.py:117} INFO - [2022-11-10T01:24:33.575+0000] {dag.py:2573} INFO - Sync 1 DAGs
[2022-11-10T01:24:33.590+0000] {logging_mixin.py:117} INFO - [2022-11-10T01:24:33.589+0000] {dag.py:3328} INFO - Setting next_dagrun for example_python_operator to None, run_after=None
[2022-11-10T01:24:33.601+0000] {processor.py:178} INFO - Processing /home/airflow/.local/lib/python3.7/site-packages/airflow/example_dags/example_python_operator.py took 0.074 seconds
[2022-11-10T02:29:07.411+0000] {processor.py:156} INFO - Started process (PID=12658) to work on /home/airflow/.local/lib/python3.7/site-packages/airflow/example_dags/example_python_operator.py
[2022-11-10T02:29:07.416+0000] {processor.py:758} INFO - Processing file /home/airflow/.local/lib/python3.7/site-packages/airflow/example_dags/example_python_operator.py for tasks to queue
[2022-11-10T02:29:07.419+0000] {logging_mixin.py:117} INFO - [2022-11-10T02:29:07.418+0000] {dagbag.py:525} INFO - Filling up the DagBag from /home/airflow/.local/lib/python3.7/site-packages/airflow/example_dags/example_python_operator.py
[2022-11-10T02:29:07.468+0000] {processor.py:768} INFO - DAG(s) dict_keys(['example_python_operator']) retrieved from /home/airflow/.local/lib/python3.7/site-packages/airflow/example_dags/example_python_operator.py
[2022-11-10T02:29:07.563+0000] {logging_mixin.py:117} INFO - [2022-11-10T02:29:07.563+0000] {dag.py:2573} INFO - Sync 1 DAGs
[2022-11-10T02:29:07.617+0000] {logging_mixin.py:117} INFO - [2022-11-10T02:29:07.617+0000] {dag.py:3328} INFO - Setting next_dagrun for example_python_operator to None, run_after=None
[2022-11-10T02:29:07.665+0000] {processor.py:178} INFO - Processing /home/airflow/.local/lib/python3.7/site-packages/airflow/example_dags/example_python_operator.py took 0.264 seconds
[2022-11-10T03:35:47.194+0000] {processor.py:156} INFO - Started process (PID=12715) to work on /home/airflow/.local/lib/python3.7/site-packages/airflow/example_dags/example_python_operator.py
[2022-11-10T03:35:47.197+0000] {processor.py:758} INFO - Processing file /home/airflow/.local/lib/python3.7/site-packages/airflow/example_dags/example_python_operator.py for tasks to queue
[2022-11-10T03:35:47.199+0000] {logging_mixin.py:117} INFO - [2022-11-10T03:35:47.198+0000] {dagbag.py:525} INFO - Filling up the DagBag from /home/airflow/.local/lib/python3.7/site-packages/airflow/example_dags/example_python_operator.py
[2022-11-10T03:35:47.221+0000] {processor.py:768} INFO - DAG(s) dict_keys(['example_python_operator']) retrieved from /home/airflow/.local/lib/python3.7/site-packages/airflow/example_dags/example_python_operator.py
[2022-11-10T03:35:47.247+0000] {logging_mixin.py:117} INFO - [2022-11-10T03:35:47.247+0000] {dag.py:2573} INFO - Sync 1 DAGs
[2022-11-10T03:35:47.264+0000] {logging_mixin.py:117} INFO - [2022-11-10T03:35:47.263+0000] {dag.py:3328} INFO - Setting next_dagrun for example_python_operator to None, run_after=None
[2022-11-10T03:35:47.281+0000] {processor.py:178} INFO - Processing /home/airflow/.local/lib/python3.7/site-packages/airflow/example_dags/example_python_operator.py took 0.089 seconds
[2022-11-10T04:59:28.792+0000] {processor.py:156} INFO - Started process (PID=12779) to work on /home/airflow/.local/lib/python3.7/site-packages/airflow/example_dags/example_python_operator.py
[2022-11-10T04:59:28.804+0000] {processor.py:758} INFO - Processing file /home/airflow/.local/lib/python3.7/site-packages/airflow/example_dags/example_python_operator.py for tasks to queue
[2022-11-10T04:59:28.825+0000] {logging_mixin.py:117} INFO - [2022-11-10T04:59:28.825+0000] {dagbag.py:525} INFO - Filling up the DagBag from /home/airflow/.local/lib/python3.7/site-packages/airflow/example_dags/example_python_operator.py
[2022-11-10T04:59:29.438+0000] {processor.py:768} INFO - DAG(s) dict_keys(['example_python_operator']) retrieved from /home/airflow/.local/lib/python3.7/site-packages/airflow/example_dags/example_python_operator.py
[2022-11-10T04:59:29.851+0000] {logging_mixin.py:117} INFO - [2022-11-10T04:59:29.851+0000] {dag.py:2573} INFO - Sync 1 DAGs
[2022-11-10T04:59:29.900+0000] {logging_mixin.py:117} INFO - [2022-11-10T04:59:29.900+0000] {dag.py:3328} INFO - Setting next_dagrun for example_python_operator to None, run_after=None
[2022-11-10T04:59:29.958+0000] {processor.py:178} INFO - Processing /home/airflow/.local/lib/python3.7/site-packages/airflow/example_dags/example_python_operator.py took 1.192 seconds
[2022-11-10T06:22:33.531+0000] {processor.py:156} INFO - Started process (PID=12834) to work on /home/airflow/.local/lib/python3.7/site-packages/airflow/example_dags/example_python_operator.py
[2022-11-10T06:22:33.533+0000] {processor.py:758} INFO - Processing file /home/airflow/.local/lib/python3.7/site-packages/airflow/example_dags/example_python_operator.py for tasks to queue
[2022-11-10T06:22:33.534+0000] {logging_mixin.py:117} INFO - [2022-11-10T06:22:33.534+0000] {dagbag.py:525} INFO - Filling up the DagBag from /home/airflow/.local/lib/python3.7/site-packages/airflow/example_dags/example_python_operator.py
[2022-11-10T06:22:33.569+0000] {processor.py:768} INFO - DAG(s) dict_keys(['example_python_operator']) retrieved from /home/airflow/.local/lib/python3.7/site-packages/airflow/example_dags/example_python_operator.py
[2022-11-10T06:22:33.637+0000] {logging_mixin.py:117} INFO - [2022-11-10T06:22:33.637+0000] {dag.py:2573} INFO - Sync 1 DAGs
[2022-11-10T06:22:33.666+0000] {logging_mixin.py:117} INFO - [2022-11-10T06:22:33.665+0000] {dag.py:3328} INFO - Setting next_dagrun for example_python_operator to None, run_after=None
[2022-11-10T06:22:33.699+0000] {processor.py:178} INFO - Processing /home/airflow/.local/lib/python3.7/site-packages/airflow/example_dags/example_python_operator.py took 0.174 seconds
[2022-11-10T08:00:56.106+0000] {processor.py:156} INFO - Started process (PID=12897) to work on /home/airflow/.local/lib/python3.7/site-packages/airflow/example_dags/example_python_operator.py
[2022-11-10T08:00:56.120+0000] {processor.py:758} INFO - Processing file /home/airflow/.local/lib/python3.7/site-packages/airflow/example_dags/example_python_operator.py for tasks to queue
[2022-11-10T08:00:56.129+0000] {logging_mixin.py:117} INFO - [2022-11-10T08:00:56.129+0000] {dagbag.py:525} INFO - Filling up the DagBag from /home/airflow/.local/lib/python3.7/site-packages/airflow/example_dags/example_python_operator.py
[2022-11-10T08:00:56.186+0000] {processor.py:768} INFO - DAG(s) dict_keys(['example_python_operator']) retrieved from /home/airflow/.local/lib/python3.7/site-packages/airflow/example_dags/example_python_operator.py
[2022-11-10T08:00:56.248+0000] {logging_mixin.py:117} INFO - [2022-11-10T08:00:56.248+0000] {dag.py:2573} INFO - Sync 1 DAGs
[2022-11-10T08:00:56.285+0000] {logging_mixin.py:117} INFO - [2022-11-10T08:00:56.285+0000] {dag.py:3328} INFO - Setting next_dagrun for example_python_operator to None, run_after=None
[2022-11-10T08:00:56.332+0000] {processor.py:178} INFO - Processing /home/airflow/.local/lib/python3.7/site-packages/airflow/example_dags/example_python_operator.py took 0.231 seconds
[2022-11-10T09:23:08.441+0000] {processor.py:156} INFO - Started process (PID=12950) to work on /home/airflow/.local/lib/python3.7/site-packages/airflow/example_dags/example_python_operator.py
[2022-11-10T09:23:08.450+0000] {processor.py:758} INFO - Processing file /home/airflow/.local/lib/python3.7/site-packages/airflow/example_dags/example_python_operator.py for tasks to queue
[2022-11-10T09:23:08.455+0000] {logging_mixin.py:117} INFO - [2022-11-10T09:23:08.455+0000] {dagbag.py:525} INFO - Filling up the DagBag from /home/airflow/.local/lib/python3.7/site-packages/airflow/example_dags/example_python_operator.py
[2022-11-10T09:23:08.548+0000] {processor.py:768} INFO - DAG(s) dict_keys(['example_python_operator']) retrieved from /home/airflow/.local/lib/python3.7/site-packages/airflow/example_dags/example_python_operator.py
[2022-11-10T09:23:08.612+0000] {logging_mixin.py:117} INFO - [2022-11-10T09:23:08.612+0000] {dag.py:2573} INFO - Sync 1 DAGs
[2022-11-10T09:23:08.651+0000] {logging_mixin.py:117} INFO - [2022-11-10T09:23:08.651+0000] {dag.py:3328} INFO - Setting next_dagrun for example_python_operator to None, run_after=None
[2022-11-10T09:23:08.692+0000] {processor.py:178} INFO - Processing /home/airflow/.local/lib/python3.7/site-packages/airflow/example_dags/example_python_operator.py took 0.264 seconds
[2022-11-10T10:48:47.370+0000] {processor.py:156} INFO - Started process (PID=13004) to work on /home/airflow/.local/lib/python3.7/site-packages/airflow/example_dags/example_python_operator.py
[2022-11-10T10:48:47.379+0000] {processor.py:758} INFO - Processing file /home/airflow/.local/lib/python3.7/site-packages/airflow/example_dags/example_python_operator.py for tasks to queue
[2022-11-10T10:48:47.382+0000] {logging_mixin.py:117} INFO - [2022-11-10T10:48:47.382+0000] {dagbag.py:525} INFO - Filling up the DagBag from /home/airflow/.local/lib/python3.7/site-packages/airflow/example_dags/example_python_operator.py
[2022-11-10T10:48:47.427+0000] {processor.py:768} INFO - DAG(s) dict_keys(['example_python_operator']) retrieved from /home/airflow/.local/lib/python3.7/site-packages/airflow/example_dags/example_python_operator.py
[2022-11-10T10:48:47.512+0000] {logging_mixin.py:117} INFO - [2022-11-10T10:48:47.512+0000] {dag.py:2573} INFO - Sync 1 DAGs
[2022-11-10T10:48:47.554+0000] {logging_mixin.py:117} INFO - [2022-11-10T10:48:47.554+0000] {dag.py:3328} INFO - Setting next_dagrun for example_python_operator to None, run_after=None
[2022-11-10T10:48:47.602+0000] {processor.py:178} INFO - Processing /home/airflow/.local/lib/python3.7/site-packages/airflow/example_dags/example_python_operator.py took 0.246 seconds
[2022-11-10T12:11:03.552+0000] {processor.py:156} INFO - Started process (PID=13060) to work on /home/airflow/.local/lib/python3.7/site-packages/airflow/example_dags/example_python_operator.py
[2022-11-10T12:11:03.587+0000] {processor.py:758} INFO - Processing file /home/airflow/.local/lib/python3.7/site-packages/airflow/example_dags/example_python_operator.py for tasks to queue
[2022-11-10T12:11:03.594+0000] {logging_mixin.py:117} INFO - [2022-11-10T12:11:03.594+0000] {dagbag.py:525} INFO - Filling up the DagBag from /home/airflow/.local/lib/python3.7/site-packages/airflow/example_dags/example_python_operator.py
[2022-11-10T12:11:03.871+0000] {processor.py:768} INFO - DAG(s) dict_keys(['example_python_operator']) retrieved from /home/airflow/.local/lib/python3.7/site-packages/airflow/example_dags/example_python_operator.py
[2022-11-10T12:11:04.434+0000] {logging_mixin.py:117} INFO - [2022-11-10T12:11:04.398+0000] {dag.py:2573} INFO - Sync 1 DAGs
[2022-11-10T12:11:04.552+0000] {logging_mixin.py:117} INFO - [2022-11-10T12:11:04.551+0000] {dag.py:3328} INFO - Setting next_dagrun for example_python_operator to None, run_after=None
[2022-11-10T12:11:05.259+0000] {processor.py:178} INFO - Processing /home/airflow/.local/lib/python3.7/site-packages/airflow/example_dags/example_python_operator.py took 1.724 seconds
[2022-11-10T13:33:29.725+0000] {processor.py:156} INFO - Started process (PID=13116) to work on /home/airflow/.local/lib/python3.7/site-packages/airflow/example_dags/example_python_operator.py
[2022-11-10T13:33:29.732+0000] {processor.py:758} INFO - Processing file /home/airflow/.local/lib/python3.7/site-packages/airflow/example_dags/example_python_operator.py for tasks to queue
[2022-11-10T13:33:29.736+0000] {logging_mixin.py:117} INFO - [2022-11-10T13:33:29.736+0000] {dagbag.py:525} INFO - Filling up the DagBag from /home/airflow/.local/lib/python3.7/site-packages/airflow/example_dags/example_python_operator.py
[2022-11-10T13:33:29.763+0000] {processor.py:768} INFO - DAG(s) dict_keys(['example_python_operator']) retrieved from /home/airflow/.local/lib/python3.7/site-packages/airflow/example_dags/example_python_operator.py
[2022-11-10T13:33:29.827+0000] {logging_mixin.py:117} INFO - [2022-11-10T13:33:29.826+0000] {dag.py:2573} INFO - Sync 1 DAGs
[2022-11-10T13:33:29.847+0000] {logging_mixin.py:117} INFO - [2022-11-10T13:33:29.847+0000] {dag.py:3328} INFO - Setting next_dagrun for example_python_operator to None, run_after=None
[2022-11-10T13:33:29.881+0000] {processor.py:178} INFO - Processing /home/airflow/.local/lib/python3.7/site-packages/airflow/example_dags/example_python_operator.py took 0.160 seconds
[2022-11-10T14:37:23.938+0000] {processor.py:156} INFO - Started process (PID=13170) to work on /home/airflow/.local/lib/python3.7/site-packages/airflow/example_dags/example_python_operator.py
[2022-11-10T14:37:23.947+0000] {processor.py:758} INFO - Processing file /home/airflow/.local/lib/python3.7/site-packages/airflow/example_dags/example_python_operator.py for tasks to queue
[2022-11-10T14:37:23.949+0000] {logging_mixin.py:117} INFO - [2022-11-10T14:37:23.949+0000] {dagbag.py:525} INFO - Filling up the DagBag from /home/airflow/.local/lib/python3.7/site-packages/airflow/example_dags/example_python_operator.py
[2022-11-10T14:37:23.985+0000] {processor.py:768} INFO - DAG(s) dict_keys(['example_python_operator']) retrieved from /home/airflow/.local/lib/python3.7/site-packages/airflow/example_dags/example_python_operator.py
[2022-11-10T14:37:24.095+0000] {logging_mixin.py:117} INFO - [2022-11-10T14:37:24.095+0000] {dag.py:2573} INFO - Sync 1 DAGs
[2022-11-10T14:37:24.174+0000] {logging_mixin.py:117} INFO - [2022-11-10T14:37:24.174+0000] {dag.py:3328} INFO - Setting next_dagrun for example_python_operator to None, run_after=None
[2022-11-10T14:37:24.224+0000] {processor.py:178} INFO - Processing /home/airflow/.local/lib/python3.7/site-packages/airflow/example_dags/example_python_operator.py took 0.302 seconds
[2022-11-10T14:45:46.588+0000] {processor.py:156} INFO - Started process (PID=13234) to work on /home/airflow/.local/lib/python3.7/site-packages/airflow/example_dags/example_python_operator.py
[2022-11-10T14:45:46.596+0000] {processor.py:758} INFO - Processing file /home/airflow/.local/lib/python3.7/site-packages/airflow/example_dags/example_python_operator.py for tasks to queue
[2022-11-10T14:45:46.598+0000] {logging_mixin.py:117} INFO - [2022-11-10T14:45:46.598+0000] {dagbag.py:525} INFO - Filling up the DagBag from /home/airflow/.local/lib/python3.7/site-packages/airflow/example_dags/example_python_operator.py
[2022-11-10T14:45:46.643+0000] {processor.py:768} INFO - DAG(s) dict_keys(['example_python_operator']) retrieved from /home/airflow/.local/lib/python3.7/site-packages/airflow/example_dags/example_python_operator.py
[2022-11-10T14:45:46.723+0000] {logging_mixin.py:117} INFO - [2022-11-10T14:45:46.723+0000] {dag.py:2573} INFO - Sync 1 DAGs
[2022-11-10T14:45:46.756+0000] {logging_mixin.py:117} INFO - [2022-11-10T14:45:46.756+0000] {dag.py:3328} INFO - Setting next_dagrun for example_python_operator to None, run_after=None
[2022-11-10T14:45:46.800+0000] {processor.py:178} INFO - Processing /home/airflow/.local/lib/python3.7/site-packages/airflow/example_dags/example_python_operator.py took 0.215 seconds
[2022-11-10T15:04:56.387+0000] {processor.py:156} INFO - Started process (PID=13298) to work on /home/airflow/.local/lib/python3.7/site-packages/airflow/example_dags/example_python_operator.py
[2022-11-10T15:04:56.389+0000] {processor.py:758} INFO - Processing file /home/airflow/.local/lib/python3.7/site-packages/airflow/example_dags/example_python_operator.py for tasks to queue
[2022-11-10T15:04:56.390+0000] {logging_mixin.py:117} INFO - [2022-11-10T15:04:56.390+0000] {dagbag.py:525} INFO - Filling up the DagBag from /home/airflow/.local/lib/python3.7/site-packages/airflow/example_dags/example_python_operator.py
[2022-11-10T15:05:01.842+0000] {processor.py:768} INFO - DAG(s) dict_keys(['example_python_operator']) retrieved from /home/airflow/.local/lib/python3.7/site-packages/airflow/example_dags/example_python_operator.py
[2022-11-10T15:05:02.039+0000] {logging_mixin.py:117} INFO - [2022-11-10T15:05:02.038+0000] {dag.py:2573} INFO - Sync 1 DAGs
[2022-11-10T15:05:02.106+0000] {logging_mixin.py:117} INFO - [2022-11-10T15:05:02.106+0000] {dag.py:3328} INFO - Setting next_dagrun for example_python_operator to None, run_after=None
[2022-11-10T15:05:02.140+0000] {processor.py:178} INFO - Processing /home/airflow/.local/lib/python3.7/site-packages/airflow/example_dags/example_python_operator.py took 5.759 seconds
[2022-11-10T16:10:40.149+0000] {processor.py:156} INFO - Started process (PID=13344) to work on /home/airflow/.local/lib/python3.7/site-packages/airflow/example_dags/example_python_operator.py
[2022-11-10T16:10:40.152+0000] {processor.py:758} INFO - Processing file /home/airflow/.local/lib/python3.7/site-packages/airflow/example_dags/example_python_operator.py for tasks to queue
[2022-11-10T16:10:40.154+0000] {logging_mixin.py:117} INFO - [2022-11-10T16:10:40.153+0000] {dagbag.py:525} INFO - Filling up the DagBag from /home/airflow/.local/lib/python3.7/site-packages/airflow/example_dags/example_python_operator.py
[2022-11-10T16:10:40.225+0000] {processor.py:768} INFO - DAG(s) dict_keys(['example_python_operator']) retrieved from /home/airflow/.local/lib/python3.7/site-packages/airflow/example_dags/example_python_operator.py
[2022-11-10T16:10:40.304+0000] {logging_mixin.py:117} INFO - [2022-11-10T16:10:40.304+0000] {dag.py:2573} INFO - Sync 1 DAGs
[2022-11-10T16:10:40.341+0000] {logging_mixin.py:117} INFO - [2022-11-10T16:10:40.341+0000] {dag.py:3328} INFO - Setting next_dagrun for example_python_operator to None, run_after=None
[2022-11-10T16:10:40.364+0000] {processor.py:178} INFO - Processing /home/airflow/.local/lib/python3.7/site-packages/airflow/example_dags/example_python_operator.py took 0.227 seconds
[2022-11-10T17:34:41.808+0000] {processor.py:156} INFO - Started process (PID=13398) to work on /home/airflow/.local/lib/python3.7/site-packages/airflow/example_dags/example_python_operator.py
[2022-11-10T17:34:41.827+0000] {processor.py:758} INFO - Processing file /home/airflow/.local/lib/python3.7/site-packages/airflow/example_dags/example_python_operator.py for tasks to queue
[2022-11-10T17:34:41.829+0000] {logging_mixin.py:117} INFO - [2022-11-10T17:34:41.829+0000] {dagbag.py:525} INFO - Filling up the DagBag from /home/airflow/.local/lib/python3.7/site-packages/airflow/example_dags/example_python_operator.py
[2022-11-10T17:34:41.939+0000] {processor.py:768} INFO - DAG(s) dict_keys(['example_python_operator']) retrieved from /home/airflow/.local/lib/python3.7/site-packages/airflow/example_dags/example_python_operator.py
[2022-11-10T17:34:42.403+0000] {logging_mixin.py:117} INFO - [2022-11-10T17:34:42.403+0000] {dag.py:2573} INFO - Sync 1 DAGs
[2022-11-10T17:34:42.579+0000] {logging_mixin.py:117} INFO - [2022-11-10T17:34:42.578+0000] {dag.py:3328} INFO - Setting next_dagrun for example_python_operator to None, run_after=None
[2022-11-10T17:34:42.712+0000] {processor.py:178} INFO - Processing /home/airflow/.local/lib/python3.7/site-packages/airflow/example_dags/example_python_operator.py took 0.921 seconds
[2022-11-10T18:57:16.670+0000] {processor.py:156} INFO - Started process (PID=13462) to work on /home/airflow/.local/lib/python3.7/site-packages/airflow/example_dags/example_python_operator.py
[2022-11-10T18:57:16.672+0000] {processor.py:758} INFO - Processing file /home/airflow/.local/lib/python3.7/site-packages/airflow/example_dags/example_python_operator.py for tasks to queue
[2022-11-10T18:57:16.674+0000] {logging_mixin.py:117} INFO - [2022-11-10T18:57:16.674+0000] {dagbag.py:525} INFO - Filling up the DagBag from /home/airflow/.local/lib/python3.7/site-packages/airflow/example_dags/example_python_operator.py
[2022-11-10T18:57:16.712+0000] {processor.py:768} INFO - DAG(s) dict_keys(['example_python_operator']) retrieved from /home/airflow/.local/lib/python3.7/site-packages/airflow/example_dags/example_python_operator.py
[2022-11-10T18:57:16.759+0000] {logging_mixin.py:117} INFO - [2022-11-10T18:57:16.759+0000] {dag.py:2573} INFO - Sync 1 DAGs
[2022-11-10T18:57:16.786+0000] {logging_mixin.py:117} INFO - [2022-11-10T18:57:16.786+0000] {dag.py:3328} INFO - Setting next_dagrun for example_python_operator to None, run_after=None
[2022-11-10T18:57:16.809+0000] {processor.py:178} INFO - Processing /home/airflow/.local/lib/python3.7/site-packages/airflow/example_dags/example_python_operator.py took 0.148 seconds
[2022-11-10T19:05:32.976+0000] {processor.py:156} INFO - Started process (PID=13518) to work on /home/airflow/.local/lib/python3.7/site-packages/airflow/example_dags/example_python_operator.py
[2022-11-10T19:05:32.980+0000] {processor.py:758} INFO - Processing file /home/airflow/.local/lib/python3.7/site-packages/airflow/example_dags/example_python_operator.py for tasks to queue
[2022-11-10T19:05:32.981+0000] {logging_mixin.py:117} INFO - [2022-11-10T19:05:32.981+0000] {dagbag.py:525} INFO - Filling up the DagBag from /home/airflow/.local/lib/python3.7/site-packages/airflow/example_dags/example_python_operator.py
[2022-11-10T19:05:33.021+0000] {processor.py:768} INFO - DAG(s) dict_keys(['example_python_operator']) retrieved from /home/airflow/.local/lib/python3.7/site-packages/airflow/example_dags/example_python_operator.py
[2022-11-10T19:05:33.113+0000] {logging_mixin.py:117} INFO - [2022-11-10T19:05:33.113+0000] {dag.py:2573} INFO - Sync 1 DAGs
[2022-11-10T19:05:33.165+0000] {logging_mixin.py:117} INFO - [2022-11-10T19:05:33.164+0000] {dag.py:3328} INFO - Setting next_dagrun for example_python_operator to None, run_after=None
[2022-11-10T19:05:33.220+0000] {processor.py:178} INFO - Processing /home/airflow/.local/lib/python3.7/site-packages/airflow/example_dags/example_python_operator.py took 0.248 seconds
[2022-11-10T20:13:43.317+0000] {processor.py:156} INFO - Started process (PID=13582) to work on /home/airflow/.local/lib/python3.7/site-packages/airflow/example_dags/example_python_operator.py
[2022-11-10T20:13:43.353+0000] {processor.py:758} INFO - Processing file /home/airflow/.local/lib/python3.7/site-packages/airflow/example_dags/example_python_operator.py for tasks to queue
[2022-11-10T20:13:43.359+0000] {logging_mixin.py:117} INFO - [2022-11-10T20:13:43.358+0000] {dagbag.py:525} INFO - Filling up the DagBag from /home/airflow/.local/lib/python3.7/site-packages/airflow/example_dags/example_python_operator.py
[2022-11-10T20:13:43.453+0000] {processor.py:768} INFO - DAG(s) dict_keys(['example_python_operator']) retrieved from /home/airflow/.local/lib/python3.7/site-packages/airflow/example_dags/example_python_operator.py
[2022-11-10T20:13:43.597+0000] {logging_mixin.py:117} INFO - [2022-11-10T20:13:43.596+0000] {dag.py:2573} INFO - Sync 1 DAGs
[2022-11-10T20:13:43.655+0000] {logging_mixin.py:117} INFO - [2022-11-10T20:13:43.655+0000] {dag.py:3328} INFO - Setting next_dagrun for example_python_operator to None, run_after=None
[2022-11-10T20:13:43.727+0000] {processor.py:178} INFO - Processing /home/airflow/.local/lib/python3.7/site-packages/airflow/example_dags/example_python_operator.py took 0.440 seconds
[2022-11-10T21:37:17.442+0000] {processor.py:156} INFO - Started process (PID=13645) to work on /home/airflow/.local/lib/python3.7/site-packages/airflow/example_dags/example_python_operator.py
[2022-11-10T21:37:17.444+0000] {processor.py:758} INFO - Processing file /home/airflow/.local/lib/python3.7/site-packages/airflow/example_dags/example_python_operator.py for tasks to queue
[2022-11-10T21:37:17.446+0000] {logging_mixin.py:117} INFO - [2022-11-10T21:37:17.446+0000] {dagbag.py:525} INFO - Filling up the DagBag from /home/airflow/.local/lib/python3.7/site-packages/airflow/example_dags/example_python_operator.py
[2022-11-10T21:37:17.478+0000] {processor.py:768} INFO - DAG(s) dict_keys(['example_python_operator']) retrieved from /home/airflow/.local/lib/python3.7/site-packages/airflow/example_dags/example_python_operator.py
[2022-11-10T21:37:17.544+0000] {logging_mixin.py:117} INFO - [2022-11-10T21:37:17.544+0000] {dag.py:2573} INFO - Sync 1 DAGs
[2022-11-10T21:37:17.603+0000] {logging_mixin.py:117} INFO - [2022-11-10T21:37:17.603+0000] {dag.py:3328} INFO - Setting next_dagrun for example_python_operator to None, run_after=None
[2022-11-10T21:37:17.633+0000] {processor.py:178} INFO - Processing /home/airflow/.local/lib/python3.7/site-packages/airflow/example_dags/example_python_operator.py took 0.197 seconds
[2022-11-10T23:18:21.692+0000] {processor.py:156} INFO - Started process (PID=13701) to work on /home/airflow/.local/lib/python3.7/site-packages/airflow/example_dags/example_python_operator.py
[2022-11-10T23:18:21.694+0000] {processor.py:758} INFO - Processing file /home/airflow/.local/lib/python3.7/site-packages/airflow/example_dags/example_python_operator.py for tasks to queue
[2022-11-10T23:18:21.696+0000] {logging_mixin.py:117} INFO - [2022-11-10T23:18:21.696+0000] {dagbag.py:525} INFO - Filling up the DagBag from /home/airflow/.local/lib/python3.7/site-packages/airflow/example_dags/example_python_operator.py
[2022-11-10T23:18:21.753+0000] {processor.py:768} INFO - DAG(s) dict_keys(['example_python_operator']) retrieved from /home/airflow/.local/lib/python3.7/site-packages/airflow/example_dags/example_python_operator.py
[2022-11-10T23:18:21.811+0000] {logging_mixin.py:117} INFO - [2022-11-10T23:18:21.810+0000] {dag.py:2573} INFO - Sync 1 DAGs
[2022-11-10T23:18:21.856+0000] {logging_mixin.py:117} INFO - [2022-11-10T23:18:21.855+0000] {dag.py:3328} INFO - Setting next_dagrun for example_python_operator to None, run_after=None
[2022-11-10T23:18:21.880+0000] {processor.py:178} INFO - Processing /home/airflow/.local/lib/python3.7/site-packages/airflow/example_dags/example_python_operator.py took 0.192 seconds
