[2022-11-10T00:02:13.063+0000] {processor.py:156} INFO - Started process (PID=12530) to work on /home/airflow/.local/lib/python3.7/site-packages/airflow/example_dags/example_branch_datetime_operator.py
[2022-11-10T00:02:13.065+0000] {processor.py:758} INFO - Processing file /home/airflow/.local/lib/python3.7/site-packages/airflow/example_dags/example_branch_datetime_operator.py for tasks to queue
[2022-11-10T00:02:13.066+0000] {logging_mixin.py:117} INFO - [2022-11-10T00:02:13.066+0000] {dagbag.py:525} INFO - Filling up the DagBag from /home/airflow/.local/lib/python3.7/site-packages/airflow/example_dags/example_branch_datetime_operator.py
[2022-11-10T00:02:13.086+0000] {processor.py:768} INFO - DAG(s) dict_keys(['example_branch_datetime_operator_3', 'example_branch_datetime_operator', 'example_branch_datetime_operator_2']) retrieved from /home/airflow/.local/lib/python3.7/site-packages/airflow/example_dags/example_branch_datetime_operator.py
[2022-11-10T00:02:13.131+0000] {logging_mixin.py:117} INFO - [2022-11-10T00:02:13.131+0000] {dag.py:2573} INFO - Sync 3 DAGs
[2022-11-10T00:02:13.173+0000] {logging_mixin.py:117} INFO - [2022-11-10T00:02:13.173+0000] {dag.py:3328} INFO - Setting next_dagrun for example_branch_datetime_operator to 2022-11-09T00:00:00+00:00, run_after=2022-11-10T00:00:00+00:00
[2022-11-10T00:02:13.181+0000] {logging_mixin.py:117} INFO - [2022-11-10T00:02:13.181+0000] {dag.py:3328} INFO - Setting next_dagrun for example_branch_datetime_operator_2 to 2022-11-09T00:00:00+00:00, run_after=2022-11-10T00:00:00+00:00
[2022-11-10T00:02:13.201+0000] {logging_mixin.py:117} INFO - [2022-11-10T00:02:13.201+0000] {dag.py:3328} INFO - Setting next_dagrun for example_branch_datetime_operator_3 to 2022-11-09T00:00:00+00:00, run_after=2022-11-10T00:00:00+00:00
[2022-11-10T00:02:13.225+0000] {processor.py:178} INFO - Processing /home/airflow/.local/lib/python3.7/site-packages/airflow/example_dags/example_branch_datetime_operator.py took 0.165 seconds
[2022-11-10T01:24:33.209+0000] {processor.py:156} INFO - Started process (PID=12594) to work on /home/airflow/.local/lib/python3.7/site-packages/airflow/example_dags/example_branch_datetime_operator.py
[2022-11-10T01:24:33.222+0000] {processor.py:758} INFO - Processing file /home/airflow/.local/lib/python3.7/site-packages/airflow/example_dags/example_branch_datetime_operator.py for tasks to queue
[2022-11-10T01:24:33.225+0000] {logging_mixin.py:117} INFO - [2022-11-10T01:24:33.225+0000] {dagbag.py:525} INFO - Filling up the DagBag from /home/airflow/.local/lib/python3.7/site-packages/airflow/example_dags/example_branch_datetime_operator.py
[2022-11-10T01:24:33.255+0000] {processor.py:768} INFO - DAG(s) dict_keys(['example_branch_datetime_operator_2', 'example_branch_datetime_operator_3', 'example_branch_datetime_operator']) retrieved from /home/airflow/.local/lib/python3.7/site-packages/airflow/example_dags/example_branch_datetime_operator.py
[2022-11-10T01:24:33.305+0000] {logging_mixin.py:117} INFO - [2022-11-10T01:24:33.304+0000] {dag.py:2573} INFO - Sync 3 DAGs
[2022-11-10T01:24:33.355+0000] {logging_mixin.py:117} INFO - [2022-11-10T01:24:33.354+0000] {dag.py:3328} INFO - Setting next_dagrun for example_branch_datetime_operator to 2022-11-09T00:00:00+00:00, run_after=2022-11-10T00:00:00+00:00
[2022-11-10T01:24:33.360+0000] {logging_mixin.py:117} INFO - [2022-11-10T01:24:33.360+0000] {dag.py:3328} INFO - Setting next_dagrun for example_branch_datetime_operator_2 to 2022-11-09T00:00:00+00:00, run_after=2022-11-10T00:00:00+00:00
[2022-11-10T01:24:33.364+0000] {logging_mixin.py:117} INFO - [2022-11-10T01:24:33.364+0000] {dag.py:3328} INFO - Setting next_dagrun for example_branch_datetime_operator_3 to 2022-11-09T00:00:00+00:00, run_after=2022-11-10T00:00:00+00:00
[2022-11-10T01:24:33.380+0000] {processor.py:178} INFO - Processing /home/airflow/.local/lib/python3.7/site-packages/airflow/example_dags/example_branch_datetime_operator.py took 0.175 seconds
[2022-11-10T02:29:06.528+0000] {processor.py:156} INFO - Started process (PID=12649) to work on /home/airflow/.local/lib/python3.7/site-packages/airflow/example_dags/example_branch_datetime_operator.py
[2022-11-10T02:29:06.534+0000] {processor.py:758} INFO - Processing file /home/airflow/.local/lib/python3.7/site-packages/airflow/example_dags/example_branch_datetime_operator.py for tasks to queue
[2022-11-10T02:29:06.540+0000] {logging_mixin.py:117} INFO - [2022-11-10T02:29:06.539+0000] {dagbag.py:525} INFO - Filling up the DagBag from /home/airflow/.local/lib/python3.7/site-packages/airflow/example_dags/example_branch_datetime_operator.py
[2022-11-10T02:29:06.599+0000] {processor.py:768} INFO - DAG(s) dict_keys(['example_branch_datetime_operator_2', 'example_branch_datetime_operator', 'example_branch_datetime_operator_3']) retrieved from /home/airflow/.local/lib/python3.7/site-packages/airflow/example_dags/example_branch_datetime_operator.py
[2022-11-10T02:29:06.718+0000] {logging_mixin.py:117} INFO - [2022-11-10T02:29:06.717+0000] {dag.py:2573} INFO - Sync 3 DAGs
[2022-11-10T02:29:06.756+0000] {logging_mixin.py:117} INFO - [2022-11-10T02:29:06.756+0000] {dag.py:3328} INFO - Setting next_dagrun for example_branch_datetime_operator to 2022-11-09T00:00:00+00:00, run_after=2022-11-10T00:00:00+00:00
[2022-11-10T02:29:06.773+0000] {logging_mixin.py:117} INFO - [2022-11-10T02:29:06.773+0000] {dag.py:3328} INFO - Setting next_dagrun for example_branch_datetime_operator_2 to 2022-11-09T00:00:00+00:00, run_after=2022-11-10T00:00:00+00:00
[2022-11-10T02:29:06.785+0000] {logging_mixin.py:117} INFO - [2022-11-10T02:29:06.785+0000] {dag.py:3328} INFO - Setting next_dagrun for example_branch_datetime_operator_3 to 2022-11-09T00:00:00+00:00, run_after=2022-11-10T00:00:00+00:00
[2022-11-10T02:29:06.891+0000] {processor.py:178} INFO - Processing /home/airflow/.local/lib/python3.7/site-packages/airflow/example_dags/example_branch_datetime_operator.py took 0.365 seconds
[2022-11-10T03:35:46.964+0000] {processor.py:156} INFO - Started process (PID=12712) to work on /home/airflow/.local/lib/python3.7/site-packages/airflow/example_dags/example_branch_datetime_operator.py
[2022-11-10T03:35:46.967+0000] {processor.py:758} INFO - Processing file /home/airflow/.local/lib/python3.7/site-packages/airflow/example_dags/example_branch_datetime_operator.py for tasks to queue
[2022-11-10T03:35:46.968+0000] {logging_mixin.py:117} INFO - [2022-11-10T03:35:46.968+0000] {dagbag.py:525} INFO - Filling up the DagBag from /home/airflow/.local/lib/python3.7/site-packages/airflow/example_dags/example_branch_datetime_operator.py
[2022-11-10T03:35:46.986+0000] {processor.py:768} INFO - DAG(s) dict_keys(['example_branch_datetime_operator', 'example_branch_datetime_operator_2', 'example_branch_datetime_operator_3']) retrieved from /home/airflow/.local/lib/python3.7/site-packages/airflow/example_dags/example_branch_datetime_operator.py
[2022-11-10T03:35:47.025+0000] {logging_mixin.py:117} INFO - [2022-11-10T03:35:47.025+0000] {dag.py:2573} INFO - Sync 3 DAGs
[2022-11-10T03:35:47.044+0000] {logging_mixin.py:117} INFO - [2022-11-10T03:35:47.044+0000] {dag.py:3328} INFO - Setting next_dagrun for example_branch_datetime_operator to 2022-11-09T00:00:00+00:00, run_after=2022-11-10T00:00:00+00:00
[2022-11-10T03:35:47.051+0000] {logging_mixin.py:117} INFO - [2022-11-10T03:35:47.050+0000] {dag.py:3328} INFO - Setting next_dagrun for example_branch_datetime_operator_2 to 2022-11-09T00:00:00+00:00, run_after=2022-11-10T00:00:00+00:00
[2022-11-10T03:35:47.053+0000] {logging_mixin.py:117} INFO - [2022-11-10T03:35:47.053+0000] {dag.py:3328} INFO - Setting next_dagrun for example_branch_datetime_operator_3 to 2022-11-09T00:00:00+00:00, run_after=2022-11-10T00:00:00+00:00
[2022-11-10T03:35:47.063+0000] {processor.py:178} INFO - Processing /home/airflow/.local/lib/python3.7/site-packages/airflow/example_dags/example_branch_datetime_operator.py took 0.104 seconds
[2022-11-10T04:59:26.956+0000] {processor.py:156} INFO - Started process (PID=12776) to work on /home/airflow/.local/lib/python3.7/site-packages/airflow/example_dags/example_branch_datetime_operator.py
[2022-11-10T04:59:26.968+0000] {processor.py:758} INFO - Processing file /home/airflow/.local/lib/python3.7/site-packages/airflow/example_dags/example_branch_datetime_operator.py for tasks to queue
[2022-11-10T04:59:26.977+0000] {logging_mixin.py:117} INFO - [2022-11-10T04:59:26.975+0000] {dagbag.py:525} INFO - Filling up the DagBag from /home/airflow/.local/lib/python3.7/site-packages/airflow/example_dags/example_branch_datetime_operator.py
[2022-11-10T04:59:27.216+0000] {processor.py:768} INFO - DAG(s) dict_keys(['example_branch_datetime_operator', 'example_branch_datetime_operator_2', 'example_branch_datetime_operator_3']) retrieved from /home/airflow/.local/lib/python3.7/site-packages/airflow/example_dags/example_branch_datetime_operator.py
[2022-11-10T04:59:27.484+0000] {logging_mixin.py:117} INFO - [2022-11-10T04:59:27.484+0000] {dag.py:2573} INFO - Sync 3 DAGs
[2022-11-10T04:59:27.529+0000] {logging_mixin.py:117} INFO - [2022-11-10T04:59:27.529+0000] {dag.py:3328} INFO - Setting next_dagrun for example_branch_datetime_operator to 2022-11-09T00:00:00+00:00, run_after=2022-11-10T00:00:00+00:00
[2022-11-10T04:59:27.535+0000] {logging_mixin.py:117} INFO - [2022-11-10T04:59:27.535+0000] {dag.py:3328} INFO - Setting next_dagrun for example_branch_datetime_operator_2 to 2022-11-09T00:00:00+00:00, run_after=2022-11-10T00:00:00+00:00
[2022-11-10T04:59:27.573+0000] {logging_mixin.py:117} INFO - [2022-11-10T04:59:27.573+0000] {dag.py:3328} INFO - Setting next_dagrun for example_branch_datetime_operator_3 to 2022-11-09T00:00:00+00:00, run_after=2022-11-10T00:00:00+00:00
[2022-11-10T04:59:27.611+0000] {processor.py:178} INFO - Processing /home/airflow/.local/lib/python3.7/site-packages/airflow/example_dags/example_branch_datetime_operator.py took 0.663 seconds
[2022-11-10T06:22:31.411+0000] {processor.py:156} INFO - Started process (PID=12831) to work on /home/airflow/.local/lib/python3.7/site-packages/airflow/example_dags/example_branch_datetime_operator.py
[2022-11-10T06:22:31.443+0000] {processor.py:758} INFO - Processing file /home/airflow/.local/lib/python3.7/site-packages/airflow/example_dags/example_branch_datetime_operator.py for tasks to queue
[2022-11-10T06:22:31.498+0000] {logging_mixin.py:117} INFO - [2022-11-10T06:22:31.498+0000] {dagbag.py:525} INFO - Filling up the DagBag from /home/airflow/.local/lib/python3.7/site-packages/airflow/example_dags/example_branch_datetime_operator.py
[2022-11-10T06:22:31.589+0000] {processor.py:768} INFO - DAG(s) dict_keys(['example_branch_datetime_operator_3', 'example_branch_datetime_operator', 'example_branch_datetime_operator_2']) retrieved from /home/airflow/.local/lib/python3.7/site-packages/airflow/example_dags/example_branch_datetime_operator.py
[2022-11-10T06:22:32.033+0000] {logging_mixin.py:117} INFO - [2022-11-10T06:22:32.033+0000] {dag.py:2573} INFO - Sync 3 DAGs
[2022-11-10T06:22:32.095+0000] {logging_mixin.py:117} INFO - [2022-11-10T06:22:32.095+0000] {dag.py:3328} INFO - Setting next_dagrun for example_branch_datetime_operator to 2022-11-09T00:00:00+00:00, run_after=2022-11-10T00:00:00+00:00
[2022-11-10T06:22:32.108+0000] {logging_mixin.py:117} INFO - [2022-11-10T06:22:32.108+0000] {dag.py:3328} INFO - Setting next_dagrun for example_branch_datetime_operator_2 to 2022-11-09T00:00:00+00:00, run_after=2022-11-10T00:00:00+00:00
[2022-11-10T06:22:32.116+0000] {logging_mixin.py:117} INFO - [2022-11-10T06:22:32.115+0000] {dag.py:3328} INFO - Setting next_dagrun for example_branch_datetime_operator_3 to 2022-11-09T00:00:00+00:00, run_after=2022-11-10T00:00:00+00:00
[2022-11-10T06:22:32.147+0000] {processor.py:178} INFO - Processing /home/airflow/.local/lib/python3.7/site-packages/airflow/example_dags/example_branch_datetime_operator.py took 0.808 seconds
[2022-11-10T08:00:54.914+0000] {processor.py:156} INFO - Started process (PID=12894) to work on /home/airflow/.local/lib/python3.7/site-packages/airflow/example_dags/example_branch_datetime_operator.py
[2022-11-10T08:00:54.935+0000] {processor.py:758} INFO - Processing file /home/airflow/.local/lib/python3.7/site-packages/airflow/example_dags/example_branch_datetime_operator.py for tasks to queue
[2022-11-10T08:00:54.966+0000] {logging_mixin.py:117} INFO - [2022-11-10T08:00:54.966+0000] {dagbag.py:525} INFO - Filling up the DagBag from /home/airflow/.local/lib/python3.7/site-packages/airflow/example_dags/example_branch_datetime_operator.py
[2022-11-10T08:00:55.242+0000] {processor.py:768} INFO - DAG(s) dict_keys(['example_branch_datetime_operator_3', 'example_branch_datetime_operator_2', 'example_branch_datetime_operator']) retrieved from /home/airflow/.local/lib/python3.7/site-packages/airflow/example_dags/example_branch_datetime_operator.py
[2022-11-10T08:00:55.455+0000] {logging_mixin.py:117} INFO - [2022-11-10T08:00:55.455+0000] {dag.py:2573} INFO - Sync 3 DAGs
[2022-11-10T08:00:55.626+0000] {logging_mixin.py:117} INFO - [2022-11-10T08:00:55.625+0000] {dag.py:3328} INFO - Setting next_dagrun for example_branch_datetime_operator to 2022-11-09T00:00:00+00:00, run_after=2022-11-10T00:00:00+00:00
[2022-11-10T08:00:55.666+0000] {logging_mixin.py:117} INFO - [2022-11-10T08:00:55.665+0000] {dag.py:3328} INFO - Setting next_dagrun for example_branch_datetime_operator_2 to 2022-11-09T00:00:00+00:00, run_after=2022-11-10T00:00:00+00:00
[2022-11-10T08:00:55.702+0000] {logging_mixin.py:117} INFO - [2022-11-10T08:00:55.702+0000] {dag.py:3328} INFO - Setting next_dagrun for example_branch_datetime_operator_3 to 2022-11-09T00:00:00+00:00, run_after=2022-11-10T00:00:00+00:00
[2022-11-10T08:00:55.782+0000] {processor.py:178} INFO - Processing /home/airflow/.local/lib/python3.7/site-packages/airflow/example_dags/example_branch_datetime_operator.py took 0.932 seconds
[2022-11-10T09:23:06.821+0000] {processor.py:156} INFO - Started process (PID=12947) to work on /home/airflow/.local/lib/python3.7/site-packages/airflow/example_dags/example_branch_datetime_operator.py
[2022-11-10T09:23:06.828+0000] {processor.py:758} INFO - Processing file /home/airflow/.local/lib/python3.7/site-packages/airflow/example_dags/example_branch_datetime_operator.py for tasks to queue
[2022-11-10T09:23:06.833+0000] {logging_mixin.py:117} INFO - [2022-11-10T09:23:06.833+0000] {dagbag.py:525} INFO - Filling up the DagBag from /home/airflow/.local/lib/python3.7/site-packages/airflow/example_dags/example_branch_datetime_operator.py
[2022-11-10T09:23:06.877+0000] {processor.py:768} INFO - DAG(s) dict_keys(['example_branch_datetime_operator_2', 'example_branch_datetime_operator_3', 'example_branch_datetime_operator']) retrieved from /home/airflow/.local/lib/python3.7/site-packages/airflow/example_dags/example_branch_datetime_operator.py
[2022-11-10T09:23:07.091+0000] {logging_mixin.py:117} INFO - [2022-11-10T09:23:07.091+0000] {dag.py:2573} INFO - Sync 3 DAGs
[2022-11-10T09:23:07.132+0000] {logging_mixin.py:117} INFO - [2022-11-10T09:23:07.132+0000] {dag.py:3328} INFO - Setting next_dagrun for example_branch_datetime_operator to 2022-11-09T00:00:00+00:00, run_after=2022-11-10T00:00:00+00:00
[2022-11-10T09:23:07.190+0000] {logging_mixin.py:117} INFO - [2022-11-10T09:23:07.190+0000] {dag.py:3328} INFO - Setting next_dagrun for example_branch_datetime_operator_2 to 2022-11-09T00:00:00+00:00, run_after=2022-11-10T00:00:00+00:00
[2022-11-10T09:23:07.203+0000] {logging_mixin.py:117} INFO - [2022-11-10T09:23:07.203+0000] {dag.py:3328} INFO - Setting next_dagrun for example_branch_datetime_operator_3 to 2022-11-09T00:00:00+00:00, run_after=2022-11-10T00:00:00+00:00
[2022-11-10T09:23:07.309+0000] {processor.py:178} INFO - Processing /home/airflow/.local/lib/python3.7/site-packages/airflow/example_dags/example_branch_datetime_operator.py took 0.494 seconds
[2022-11-10T10:48:46.890+0000] {processor.py:156} INFO - Started process (PID=13001) to work on /home/airflow/.local/lib/python3.7/site-packages/airflow/example_dags/example_branch_datetime_operator.py
[2022-11-10T10:48:46.901+0000] {processor.py:758} INFO - Processing file /home/airflow/.local/lib/python3.7/site-packages/airflow/example_dags/example_branch_datetime_operator.py for tasks to queue
[2022-11-10T10:48:46.908+0000] {logging_mixin.py:117} INFO - [2022-11-10T10:48:46.908+0000] {dagbag.py:525} INFO - Filling up the DagBag from /home/airflow/.local/lib/python3.7/site-packages/airflow/example_dags/example_branch_datetime_operator.py
[2022-11-10T10:48:46.963+0000] {processor.py:768} INFO - DAG(s) dict_keys(['example_branch_datetime_operator', 'example_branch_datetime_operator_3', 'example_branch_datetime_operator_2']) retrieved from /home/airflow/.local/lib/python3.7/site-packages/airflow/example_dags/example_branch_datetime_operator.py
[2022-11-10T10:48:47.024+0000] {logging_mixin.py:117} INFO - [2022-11-10T10:48:47.024+0000] {dag.py:2573} INFO - Sync 3 DAGs
[2022-11-10T10:48:47.083+0000] {logging_mixin.py:117} INFO - [2022-11-10T10:48:47.083+0000] {dag.py:3328} INFO - Setting next_dagrun for example_branch_datetime_operator to 2022-11-09T00:00:00+00:00, run_after=2022-11-10T00:00:00+00:00
[2022-11-10T10:48:47.094+0000] {logging_mixin.py:117} INFO - [2022-11-10T10:48:47.093+0000] {dag.py:3328} INFO - Setting next_dagrun for example_branch_datetime_operator_2 to 2022-11-09T00:00:00+00:00, run_after=2022-11-10T00:00:00+00:00
[2022-11-10T10:48:47.101+0000] {logging_mixin.py:117} INFO - [2022-11-10T10:48:47.100+0000] {dag.py:3328} INFO - Setting next_dagrun for example_branch_datetime_operator_3 to 2022-11-09T00:00:00+00:00, run_after=2022-11-10T00:00:00+00:00
[2022-11-10T10:48:47.143+0000] {processor.py:178} INFO - Processing /home/airflow/.local/lib/python3.7/site-packages/airflow/example_dags/example_branch_datetime_operator.py took 0.262 seconds
[2022-11-10T12:11:01.136+0000] {processor.py:156} INFO - Started process (PID=13057) to work on /home/airflow/.local/lib/python3.7/site-packages/airflow/example_dags/example_branch_datetime_operator.py
[2022-11-10T12:11:01.147+0000] {processor.py:758} INFO - Processing file /home/airflow/.local/lib/python3.7/site-packages/airflow/example_dags/example_branch_datetime_operator.py for tasks to queue
[2022-11-10T12:11:01.159+0000] {logging_mixin.py:117} INFO - [2022-11-10T12:11:01.159+0000] {dagbag.py:525} INFO - Filling up the DagBag from /home/airflow/.local/lib/python3.7/site-packages/airflow/example_dags/example_branch_datetime_operator.py
[2022-11-10T12:11:01.295+0000] {processor.py:768} INFO - DAG(s) dict_keys(['example_branch_datetime_operator', 'example_branch_datetime_operator_3', 'example_branch_datetime_operator_2']) retrieved from /home/airflow/.local/lib/python3.7/site-packages/airflow/example_dags/example_branch_datetime_operator.py
[2022-11-10T12:11:02.004+0000] {logging_mixin.py:117} INFO - [2022-11-10T12:11:02.003+0000] {dag.py:2573} INFO - Sync 3 DAGs
[2022-11-10T12:11:02.225+0000] {logging_mixin.py:117} INFO - [2022-11-10T12:11:02.225+0000] {dag.py:3328} INFO - Setting next_dagrun for example_branch_datetime_operator to 2022-11-09T00:00:00+00:00, run_after=2022-11-10T00:00:00+00:00
[2022-11-10T12:11:02.242+0000] {logging_mixin.py:117} INFO - [2022-11-10T12:11:02.242+0000] {dag.py:3328} INFO - Setting next_dagrun for example_branch_datetime_operator_2 to 2022-11-09T00:00:00+00:00, run_after=2022-11-10T00:00:00+00:00
[2022-11-10T12:11:02.259+0000] {logging_mixin.py:117} INFO - [2022-11-10T12:11:02.259+0000] {dag.py:3328} INFO - Setting next_dagrun for example_branch_datetime_operator_3 to 2022-11-09T00:00:00+00:00, run_after=2022-11-10T00:00:00+00:00
[2022-11-10T12:11:02.434+0000] {processor.py:178} INFO - Processing /home/airflow/.local/lib/python3.7/site-packages/airflow/example_dags/example_branch_datetime_operator.py took 1.305 seconds
[2022-11-10T13:33:29.239+0000] {processor.py:156} INFO - Started process (PID=13113) to work on /home/airflow/.local/lib/python3.7/site-packages/airflow/example_dags/example_branch_datetime_operator.py
[2022-11-10T13:33:29.246+0000] {processor.py:758} INFO - Processing file /home/airflow/.local/lib/python3.7/site-packages/airflow/example_dags/example_branch_datetime_operator.py for tasks to queue
[2022-11-10T13:33:29.250+0000] {logging_mixin.py:117} INFO - [2022-11-10T13:33:29.250+0000] {dagbag.py:525} INFO - Filling up the DagBag from /home/airflow/.local/lib/python3.7/site-packages/airflow/example_dags/example_branch_datetime_operator.py
[2022-11-10T13:33:29.273+0000] {processor.py:768} INFO - DAG(s) dict_keys(['example_branch_datetime_operator_2', 'example_branch_datetime_operator_3', 'example_branch_datetime_operator']) retrieved from /home/airflow/.local/lib/python3.7/site-packages/airflow/example_dags/example_branch_datetime_operator.py
[2022-11-10T13:33:29.339+0000] {logging_mixin.py:117} INFO - [2022-11-10T13:33:29.338+0000] {dag.py:2573} INFO - Sync 3 DAGs
[2022-11-10T13:33:29.365+0000] {logging_mixin.py:117} INFO - [2022-11-10T13:33:29.364+0000] {dag.py:3328} INFO - Setting next_dagrun for example_branch_datetime_operator to 2022-11-09T00:00:00+00:00, run_after=2022-11-10T00:00:00+00:00
[2022-11-10T13:33:29.372+0000] {logging_mixin.py:117} INFO - [2022-11-10T13:33:29.372+0000] {dag.py:3328} INFO - Setting next_dagrun for example_branch_datetime_operator_2 to 2022-11-09T00:00:00+00:00, run_after=2022-11-10T00:00:00+00:00
[2022-11-10T13:33:29.377+0000] {logging_mixin.py:117} INFO - [2022-11-10T13:33:29.377+0000] {dag.py:3328} INFO - Setting next_dagrun for example_branch_datetime_operator_3 to 2022-11-09T00:00:00+00:00, run_after=2022-11-10T00:00:00+00:00
[2022-11-10T13:33:29.392+0000] {processor.py:178} INFO - Processing /home/airflow/.local/lib/python3.7/site-packages/airflow/example_dags/example_branch_datetime_operator.py took 0.156 seconds
[2022-11-10T14:37:21.749+0000] {processor.py:156} INFO - Started process (PID=13167) to work on /home/airflow/.local/lib/python3.7/site-packages/airflow/example_dags/example_branch_datetime_operator.py
[2022-11-10T14:37:21.806+0000] {processor.py:758} INFO - Processing file /home/airflow/.local/lib/python3.7/site-packages/airflow/example_dags/example_branch_datetime_operator.py for tasks to queue
[2022-11-10T14:37:21.864+0000] {logging_mixin.py:117} INFO - [2022-11-10T14:37:21.864+0000] {dagbag.py:525} INFO - Filling up the DagBag from /home/airflow/.local/lib/python3.7/site-packages/airflow/example_dags/example_branch_datetime_operator.py
[2022-11-10T14:37:21.979+0000] {processor.py:768} INFO - DAG(s) dict_keys(['example_branch_datetime_operator_2', 'example_branch_datetime_operator', 'example_branch_datetime_operator_3']) retrieved from /home/airflow/.local/lib/python3.7/site-packages/airflow/example_dags/example_branch_datetime_operator.py
[2022-11-10T14:37:22.668+0000] {logging_mixin.py:117} INFO - [2022-11-10T14:37:22.666+0000] {dag.py:2573} INFO - Sync 3 DAGs
[2022-11-10T14:37:22.948+0000] {logging_mixin.py:117} INFO - [2022-11-10T14:37:22.948+0000] {dag.py:3328} INFO - Setting next_dagrun for example_branch_datetime_operator to 2022-11-09T00:00:00+00:00, run_after=2022-11-10T00:00:00+00:00
[2022-11-10T14:37:22.984+0000] {logging_mixin.py:117} INFO - [2022-11-10T14:37:22.984+0000] {dag.py:3328} INFO - Setting next_dagrun for example_branch_datetime_operator_2 to 2022-11-09T00:00:00+00:00, run_after=2022-11-10T00:00:00+00:00
[2022-11-10T14:37:23.012+0000] {logging_mixin.py:117} INFO - [2022-11-10T14:37:23.012+0000] {dag.py:3328} INFO - Setting next_dagrun for example_branch_datetime_operator_3 to 2022-11-09T00:00:00+00:00, run_after=2022-11-10T00:00:00+00:00
[2022-11-10T14:37:23.094+0000] {processor.py:178} INFO - Processing /home/airflow/.local/lib/python3.7/site-packages/airflow/example_dags/example_branch_datetime_operator.py took 1.461 seconds
[2022-11-10T14:45:46.028+0000] {processor.py:156} INFO - Started process (PID=13231) to work on /home/airflow/.local/lib/python3.7/site-packages/airflow/example_dags/example_branch_datetime_operator.py
[2022-11-10T14:45:46.033+0000] {processor.py:758} INFO - Processing file /home/airflow/.local/lib/python3.7/site-packages/airflow/example_dags/example_branch_datetime_operator.py for tasks to queue
[2022-11-10T14:45:46.035+0000] {logging_mixin.py:117} INFO - [2022-11-10T14:45:46.034+0000] {dagbag.py:525} INFO - Filling up the DagBag from /home/airflow/.local/lib/python3.7/site-packages/airflow/example_dags/example_branch_datetime_operator.py
[2022-11-10T14:45:46.074+0000] {processor.py:768} INFO - DAG(s) dict_keys(['example_branch_datetime_operator_2', 'example_branch_datetime_operator_3', 'example_branch_datetime_operator']) retrieved from /home/airflow/.local/lib/python3.7/site-packages/airflow/example_dags/example_branch_datetime_operator.py
[2022-11-10T14:45:46.168+0000] {logging_mixin.py:117} INFO - [2022-11-10T14:45:46.168+0000] {dag.py:2573} INFO - Sync 3 DAGs
[2022-11-10T14:45:46.205+0000] {logging_mixin.py:117} INFO - [2022-11-10T14:45:46.205+0000] {dag.py:3328} INFO - Setting next_dagrun for example_branch_datetime_operator to 2022-11-09T00:00:00+00:00, run_after=2022-11-10T00:00:00+00:00
[2022-11-10T14:45:46.211+0000] {logging_mixin.py:117} INFO - [2022-11-10T14:45:46.211+0000] {dag.py:3328} INFO - Setting next_dagrun for example_branch_datetime_operator_2 to 2022-11-09T00:00:00+00:00, run_after=2022-11-10T00:00:00+00:00
[2022-11-10T14:45:46.219+0000] {logging_mixin.py:117} INFO - [2022-11-10T14:45:46.219+0000] {dag.py:3328} INFO - Setting next_dagrun for example_branch_datetime_operator_3 to 2022-11-09T00:00:00+00:00, run_after=2022-11-10T00:00:00+00:00
[2022-11-10T14:45:46.247+0000] {processor.py:178} INFO - Processing /home/airflow/.local/lib/python3.7/site-packages/airflow/example_dags/example_branch_datetime_operator.py took 0.224 seconds
[2022-11-10T15:04:53.310+0000] {processor.py:156} INFO - Started process (PID=13293) to work on /home/airflow/.local/lib/python3.7/site-packages/airflow/example_dags/example_branch_datetime_operator.py
[2022-11-10T15:04:53.316+0000] {processor.py:758} INFO - Processing file /home/airflow/.local/lib/python3.7/site-packages/airflow/example_dags/example_branch_datetime_operator.py for tasks to queue
[2022-11-10T15:04:53.320+0000] {logging_mixin.py:117} INFO - [2022-11-10T15:04:53.320+0000] {dagbag.py:525} INFO - Filling up the DagBag from /home/airflow/.local/lib/python3.7/site-packages/airflow/example_dags/example_branch_datetime_operator.py
[2022-11-10T15:04:53.432+0000] {processor.py:768} INFO - DAG(s) dict_keys(['example_branch_datetime_operator_2', 'example_branch_datetime_operator', 'example_branch_datetime_operator_3']) retrieved from /home/airflow/.local/lib/python3.7/site-packages/airflow/example_dags/example_branch_datetime_operator.py
[2022-11-10T15:04:53.878+0000] {logging_mixin.py:117} INFO - [2022-11-10T15:04:53.878+0000] {dag.py:2573} INFO - Sync 3 DAGs
[2022-11-10T15:04:54.050+0000] {logging_mixin.py:117} INFO - [2022-11-10T15:04:54.050+0000] {dag.py:3328} INFO - Setting next_dagrun for example_branch_datetime_operator to 2022-11-09T00:00:00+00:00, run_after=2022-11-10T00:00:00+00:00
[2022-11-10T15:04:54.086+0000] {logging_mixin.py:117} INFO - [2022-11-10T15:04:54.086+0000] {dag.py:3328} INFO - Setting next_dagrun for example_branch_datetime_operator_2 to 2022-11-09T00:00:00+00:00, run_after=2022-11-10T00:00:00+00:00
[2022-11-10T15:04:54.095+0000] {logging_mixin.py:117} INFO - [2022-11-10T15:04:54.095+0000] {dag.py:3328} INFO - Setting next_dagrun for example_branch_datetime_operator_3 to 2022-11-09T00:00:00+00:00, run_after=2022-11-10T00:00:00+00:00
[2022-11-10T15:04:54.243+0000] {processor.py:178} INFO - Processing /home/airflow/.local/lib/python3.7/site-packages/airflow/example_dags/example_branch_datetime_operator.py took 0.939 seconds
[2022-11-10T16:10:39.780+0000] {processor.py:156} INFO - Started process (PID=13341) to work on /home/airflow/.local/lib/python3.7/site-packages/airflow/example_dags/example_branch_datetime_operator.py
[2022-11-10T16:10:39.788+0000] {processor.py:758} INFO - Processing file /home/airflow/.local/lib/python3.7/site-packages/airflow/example_dags/example_branch_datetime_operator.py for tasks to queue
[2022-11-10T16:10:39.794+0000] {logging_mixin.py:117} INFO - [2022-11-10T16:10:39.794+0000] {dagbag.py:525} INFO - Filling up the DagBag from /home/airflow/.local/lib/python3.7/site-packages/airflow/example_dags/example_branch_datetime_operator.py
[2022-11-10T16:10:39.837+0000] {processor.py:768} INFO - DAG(s) dict_keys(['example_branch_datetime_operator_2', 'example_branch_datetime_operator', 'example_branch_datetime_operator_3']) retrieved from /home/airflow/.local/lib/python3.7/site-packages/airflow/example_dags/example_branch_datetime_operator.py
[2022-11-10T16:10:39.916+0000] {logging_mixin.py:117} INFO - [2022-11-10T16:10:39.916+0000] {dag.py:2573} INFO - Sync 3 DAGs
[2022-11-10T16:10:39.954+0000] {logging_mixin.py:117} INFO - [2022-11-10T16:10:39.953+0000] {dag.py:3328} INFO - Setting next_dagrun for example_branch_datetime_operator to 2022-11-09T00:00:00+00:00, run_after=2022-11-10T00:00:00+00:00
[2022-11-10T16:10:39.962+0000] {logging_mixin.py:117} INFO - [2022-11-10T16:10:39.962+0000] {dag.py:3328} INFO - Setting next_dagrun for example_branch_datetime_operator_2 to 2022-11-09T00:00:00+00:00, run_after=2022-11-10T00:00:00+00:00
[2022-11-10T16:10:39.973+0000] {logging_mixin.py:117} INFO - [2022-11-10T16:10:39.973+0000] {dag.py:3328} INFO - Setting next_dagrun for example_branch_datetime_operator_3 to 2022-11-09T00:00:00+00:00, run_after=2022-11-10T00:00:00+00:00
[2022-11-10T16:10:40.001+0000] {processor.py:178} INFO - Processing /home/airflow/.local/lib/python3.7/site-packages/airflow/example_dags/example_branch_datetime_operator.py took 0.224 seconds
[2022-11-10T17:34:40.607+0000] {processor.py:156} INFO - Started process (PID=13395) to work on /home/airflow/.local/lib/python3.7/site-packages/airflow/example_dags/example_branch_datetime_operator.py
[2022-11-10T17:34:40.612+0000] {processor.py:758} INFO - Processing file /home/airflow/.local/lib/python3.7/site-packages/airflow/example_dags/example_branch_datetime_operator.py for tasks to queue
[2022-11-10T17:34:40.614+0000] {logging_mixin.py:117} INFO - [2022-11-10T17:34:40.614+0000] {dagbag.py:525} INFO - Filling up the DagBag from /home/airflow/.local/lib/python3.7/site-packages/airflow/example_dags/example_branch_datetime_operator.py
[2022-11-10T17:34:40.644+0000] {processor.py:768} INFO - DAG(s) dict_keys(['example_branch_datetime_operator_3', 'example_branch_datetime_operator_2', 'example_branch_datetime_operator']) retrieved from /home/airflow/.local/lib/python3.7/site-packages/airflow/example_dags/example_branch_datetime_operator.py
[2022-11-10T17:34:40.885+0000] {logging_mixin.py:117} INFO - [2022-11-10T17:34:40.885+0000] {dag.py:2573} INFO - Sync 3 DAGs
[2022-11-10T17:34:40.935+0000] {logging_mixin.py:117} INFO - [2022-11-10T17:34:40.935+0000] {dag.py:3328} INFO - Setting next_dagrun for example_branch_datetime_operator to 2022-11-09T00:00:00+00:00, run_after=2022-11-10T00:00:00+00:00
[2022-11-10T17:34:40.982+0000] {logging_mixin.py:117} INFO - [2022-11-10T17:34:40.982+0000] {dag.py:3328} INFO - Setting next_dagrun for example_branch_datetime_operator_2 to 2022-11-09T00:00:00+00:00, run_after=2022-11-10T00:00:00+00:00
[2022-11-10T17:34:40.990+0000] {logging_mixin.py:117} INFO - [2022-11-10T17:34:40.990+0000] {dag.py:3328} INFO - Setting next_dagrun for example_branch_datetime_operator_3 to 2022-11-09T00:00:00+00:00, run_after=2022-11-10T00:00:00+00:00
[2022-11-10T17:34:41.339+0000] {processor.py:178} INFO - Processing /home/airflow/.local/lib/python3.7/site-packages/airflow/example_dags/example_branch_datetime_operator.py took 0.753 seconds
[2022-11-10T18:57:16.279+0000] {processor.py:156} INFO - Started process (PID=13459) to work on /home/airflow/.local/lib/python3.7/site-packages/airflow/example_dags/example_branch_datetime_operator.py
[2022-11-10T18:57:16.282+0000] {processor.py:758} INFO - Processing file /home/airflow/.local/lib/python3.7/site-packages/airflow/example_dags/example_branch_datetime_operator.py for tasks to queue
[2022-11-10T18:57:16.287+0000] {logging_mixin.py:117} INFO - [2022-11-10T18:57:16.286+0000] {dagbag.py:525} INFO - Filling up the DagBag from /home/airflow/.local/lib/python3.7/site-packages/airflow/example_dags/example_branch_datetime_operator.py
[2022-11-10T18:57:16.311+0000] {processor.py:768} INFO - DAG(s) dict_keys(['example_branch_datetime_operator_3', 'example_branch_datetime_operator_2', 'example_branch_datetime_operator']) retrieved from /home/airflow/.local/lib/python3.7/site-packages/airflow/example_dags/example_branch_datetime_operator.py
[2022-11-10T18:57:16.359+0000] {logging_mixin.py:117} INFO - [2022-11-10T18:57:16.359+0000] {dag.py:2573} INFO - Sync 3 DAGs
[2022-11-10T18:57:16.392+0000] {logging_mixin.py:117} INFO - [2022-11-10T18:57:16.392+0000] {dag.py:3328} INFO - Setting next_dagrun for example_branch_datetime_operator to 2022-11-09T00:00:00+00:00, run_after=2022-11-10T00:00:00+00:00
[2022-11-10T18:57:16.397+0000] {logging_mixin.py:117} INFO - [2022-11-10T18:57:16.397+0000] {dag.py:3328} INFO - Setting next_dagrun for example_branch_datetime_operator_2 to 2022-11-09T00:00:00+00:00, run_after=2022-11-10T00:00:00+00:00
[2022-11-10T18:57:16.400+0000] {logging_mixin.py:117} INFO - [2022-11-10T18:57:16.400+0000] {dag.py:3328} INFO - Setting next_dagrun for example_branch_datetime_operator_3 to 2022-11-09T00:00:00+00:00, run_after=2022-11-10T00:00:00+00:00
[2022-11-10T18:57:16.417+0000] {processor.py:178} INFO - Processing /home/airflow/.local/lib/python3.7/site-packages/airflow/example_dags/example_branch_datetime_operator.py took 0.142 seconds
[2022-11-10T19:05:32.481+0000] {processor.py:156} INFO - Started process (PID=13515) to work on /home/airflow/.local/lib/python3.7/site-packages/airflow/example_dags/example_branch_datetime_operator.py
[2022-11-10T19:05:32.497+0000] {processor.py:758} INFO - Processing file /home/airflow/.local/lib/python3.7/site-packages/airflow/example_dags/example_branch_datetime_operator.py for tasks to queue
[2022-11-10T19:05:32.510+0000] {logging_mixin.py:117} INFO - [2022-11-10T19:05:32.509+0000] {dagbag.py:525} INFO - Filling up the DagBag from /home/airflow/.local/lib/python3.7/site-packages/airflow/example_dags/example_branch_datetime_operator.py
[2022-11-10T19:05:32.538+0000] {processor.py:768} INFO - DAG(s) dict_keys(['example_branch_datetime_operator_2', 'example_branch_datetime_operator', 'example_branch_datetime_operator_3']) retrieved from /home/airflow/.local/lib/python3.7/site-packages/airflow/example_dags/example_branch_datetime_operator.py
[2022-11-10T19:05:32.636+0000] {logging_mixin.py:117} INFO - [2022-11-10T19:05:32.636+0000] {dag.py:2573} INFO - Sync 3 DAGs
[2022-11-10T19:05:32.661+0000] {logging_mixin.py:117} INFO - [2022-11-10T19:05:32.661+0000] {dag.py:3328} INFO - Setting next_dagrun for example_branch_datetime_operator to 2022-11-09T00:00:00+00:00, run_after=2022-11-10T00:00:00+00:00
[2022-11-10T19:05:32.671+0000] {logging_mixin.py:117} INFO - [2022-11-10T19:05:32.671+0000] {dag.py:3328} INFO - Setting next_dagrun for example_branch_datetime_operator_2 to 2022-11-09T00:00:00+00:00, run_after=2022-11-10T00:00:00+00:00
[2022-11-10T19:05:32.674+0000] {logging_mixin.py:117} INFO - [2022-11-10T19:05:32.674+0000] {dag.py:3328} INFO - Setting next_dagrun for example_branch_datetime_operator_3 to 2022-11-09T00:00:00+00:00, run_after=2022-11-10T00:00:00+00:00
[2022-11-10T19:05:32.708+0000] {processor.py:178} INFO - Processing /home/airflow/.local/lib/python3.7/site-packages/airflow/example_dags/example_branch_datetime_operator.py took 0.262 seconds
[2022-11-10T20:13:42.594+0000] {processor.py:156} INFO - Started process (PID=13579) to work on /home/airflow/.local/lib/python3.7/site-packages/airflow/example_dags/example_branch_datetime_operator.py
[2022-11-10T20:13:42.596+0000] {processor.py:758} INFO - Processing file /home/airflow/.local/lib/python3.7/site-packages/airflow/example_dags/example_branch_datetime_operator.py for tasks to queue
[2022-11-10T20:13:42.597+0000] {logging_mixin.py:117} INFO - [2022-11-10T20:13:42.597+0000] {dagbag.py:525} INFO - Filling up the DagBag from /home/airflow/.local/lib/python3.7/site-packages/airflow/example_dags/example_branch_datetime_operator.py
[2022-11-10T20:13:42.625+0000] {processor.py:768} INFO - DAG(s) dict_keys(['example_branch_datetime_operator', 'example_branch_datetime_operator_3', 'example_branch_datetime_operator_2']) retrieved from /home/airflow/.local/lib/python3.7/site-packages/airflow/example_dags/example_branch_datetime_operator.py
[2022-11-10T20:13:42.714+0000] {logging_mixin.py:117} INFO - [2022-11-10T20:13:42.713+0000] {dag.py:2573} INFO - Sync 3 DAGs
[2022-11-10T20:13:42.746+0000] {logging_mixin.py:117} INFO - [2022-11-10T20:13:42.746+0000] {dag.py:3328} INFO - Setting next_dagrun for example_branch_datetime_operator to 2022-11-09T00:00:00+00:00, run_after=2022-11-10T00:00:00+00:00
[2022-11-10T20:13:42.753+0000] {logging_mixin.py:117} INFO - [2022-11-10T20:13:42.753+0000] {dag.py:3328} INFO - Setting next_dagrun for example_branch_datetime_operator_2 to 2022-11-09T00:00:00+00:00, run_after=2022-11-10T00:00:00+00:00
[2022-11-10T20:13:42.755+0000] {logging_mixin.py:117} INFO - [2022-11-10T20:13:42.755+0000] {dag.py:3328} INFO - Setting next_dagrun for example_branch_datetime_operator_3 to 2022-11-09T00:00:00+00:00, run_after=2022-11-10T00:00:00+00:00
[2022-11-10T20:13:42.784+0000] {processor.py:178} INFO - Processing /home/airflow/.local/lib/python3.7/site-packages/airflow/example_dags/example_branch_datetime_operator.py took 0.193 seconds
[2022-11-10T21:37:16.910+0000] {processor.py:156} INFO - Started process (PID=13642) to work on /home/airflow/.local/lib/python3.7/site-packages/airflow/example_dags/example_branch_datetime_operator.py
[2022-11-10T21:37:16.913+0000] {processor.py:758} INFO - Processing file /home/airflow/.local/lib/python3.7/site-packages/airflow/example_dags/example_branch_datetime_operator.py for tasks to queue
[2022-11-10T21:37:16.915+0000] {logging_mixin.py:117} INFO - [2022-11-10T21:37:16.915+0000] {dagbag.py:525} INFO - Filling up the DagBag from /home/airflow/.local/lib/python3.7/site-packages/airflow/example_dags/example_branch_datetime_operator.py
[2022-11-10T21:37:16.968+0000] {processor.py:768} INFO - DAG(s) dict_keys(['example_branch_datetime_operator', 'example_branch_datetime_operator_2', 'example_branch_datetime_operator_3']) retrieved from /home/airflow/.local/lib/python3.7/site-packages/airflow/example_dags/example_branch_datetime_operator.py
[2022-11-10T21:37:17.199+0000] {logging_mixin.py:117} INFO - [2022-11-10T21:37:17.199+0000] {dag.py:2573} INFO - Sync 3 DAGs
[2022-11-10T21:37:17.224+0000] {logging_mixin.py:117} INFO - [2022-11-10T21:37:17.224+0000] {dag.py:3328} INFO - Setting next_dagrun for example_branch_datetime_operator to 2022-11-09T00:00:00+00:00, run_after=2022-11-10T00:00:00+00:00
[2022-11-10T21:37:17.239+0000] {logging_mixin.py:117} INFO - [2022-11-10T21:37:17.239+0000] {dag.py:3328} INFO - Setting next_dagrun for example_branch_datetime_operator_2 to 2022-11-09T00:00:00+00:00, run_after=2022-11-10T00:00:00+00:00
[2022-11-10T21:37:17.244+0000] {logging_mixin.py:117} INFO - [2022-11-10T21:37:17.244+0000] {dag.py:3328} INFO - Setting next_dagrun for example_branch_datetime_operator_3 to 2022-11-09T00:00:00+00:00, run_after=2022-11-10T00:00:00+00:00
[2022-11-10T21:37:17.258+0000] {processor.py:178} INFO - Processing /home/airflow/.local/lib/python3.7/site-packages/airflow/example_dags/example_branch_datetime_operator.py took 0.436 seconds
[2022-11-10T23:18:21.200+0000] {processor.py:156} INFO - Started process (PID=13698) to work on /home/airflow/.local/lib/python3.7/site-packages/airflow/example_dags/example_branch_datetime_operator.py
[2022-11-10T23:18:21.253+0000] {processor.py:758} INFO - Processing file /home/airflow/.local/lib/python3.7/site-packages/airflow/example_dags/example_branch_datetime_operator.py for tasks to queue
[2022-11-10T23:18:21.255+0000] {logging_mixin.py:117} INFO - [2022-11-10T23:18:21.255+0000] {dagbag.py:525} INFO - Filling up the DagBag from /home/airflow/.local/lib/python3.7/site-packages/airflow/example_dags/example_branch_datetime_operator.py
[2022-11-10T23:18:21.294+0000] {processor.py:768} INFO - DAG(s) dict_keys(['example_branch_datetime_operator_3', 'example_branch_datetime_operator', 'example_branch_datetime_operator_2']) retrieved from /home/airflow/.local/lib/python3.7/site-packages/airflow/example_dags/example_branch_datetime_operator.py
[2022-11-10T23:18:21.351+0000] {logging_mixin.py:117} INFO - [2022-11-10T23:18:21.351+0000] {dag.py:2573} INFO - Sync 3 DAGs
[2022-11-10T23:18:21.397+0000] {logging_mixin.py:117} INFO - [2022-11-10T23:18:21.397+0000] {dag.py:3328} INFO - Setting next_dagrun for example_branch_datetime_operator to 2022-11-09T00:00:00+00:00, run_after=2022-11-10T00:00:00+00:00
[2022-11-10T23:18:21.413+0000] {logging_mixin.py:117} INFO - [2022-11-10T23:18:21.413+0000] {dag.py:3328} INFO - Setting next_dagrun for example_branch_datetime_operator_2 to 2022-11-09T00:00:00+00:00, run_after=2022-11-10T00:00:00+00:00
[2022-11-10T23:18:21.420+0000] {logging_mixin.py:117} INFO - [2022-11-10T23:18:21.420+0000] {dag.py:3328} INFO - Setting next_dagrun for example_branch_datetime_operator_3 to 2022-11-09T00:00:00+00:00, run_after=2022-11-10T00:00:00+00:00
[2022-11-10T23:18:21.435+0000] {processor.py:178} INFO - Processing /home/airflow/.local/lib/python3.7/site-packages/airflow/example_dags/example_branch_datetime_operator.py took 0.247 seconds
