[2022-11-10T00:02:14.193+0000] {processor.py:156} INFO - Started process (PID=12534) to work on /home/airflow/.local/lib/python3.7/site-packages/airflow/example_dags/example_short_circuit_decorator.py
[2022-11-10T00:02:14.204+0000] {processor.py:758} INFO - Processing file /home/airflow/.local/lib/python3.7/site-packages/airflow/example_dags/example_short_circuit_decorator.py for tasks to queue
[2022-11-10T00:02:14.208+0000] {logging_mixin.py:117} INFO - [2022-11-10T00:02:14.208+0000] {dagbag.py:525} INFO - Filling up the DagBag from /home/airflow/.local/lib/python3.7/site-packages/airflow/example_dags/example_short_circuit_decorator.py
[2022-11-10T00:02:14.282+0000] {processor.py:768} INFO - DAG(s) dict_keys(['example_short_circuit_decorator']) retrieved from /home/airflow/.local/lib/python3.7/site-packages/airflow/example_dags/example_short_circuit_decorator.py
[2022-11-10T00:02:14.347+0000] {logging_mixin.py:117} INFO - [2022-11-10T00:02:14.347+0000] {dag.py:2573} INFO - Sync 1 DAGs
[2022-11-10T00:02:14.375+0000] {logging_mixin.py:117} INFO - [2022-11-10T00:02:14.375+0000] {dag.py:3328} INFO - Setting next_dagrun for example_short_circuit_decorator to 2022-11-09T00:02:14.375293+00:00, run_after=2022-11-10T00:02:14.375293+00:00
[2022-11-10T00:02:14.488+0000] {processor.py:178} INFO - Processing /home/airflow/.local/lib/python3.7/site-packages/airflow/example_dags/example_short_circuit_decorator.py took 0.321 seconds
[2022-11-10T01:24:33.545+0000] {processor.py:156} INFO - Started process (PID=12598) to work on /home/airflow/.local/lib/python3.7/site-packages/airflow/example_dags/example_short_circuit_decorator.py
[2022-11-10T01:24:33.546+0000] {processor.py:758} INFO - Processing file /home/airflow/.local/lib/python3.7/site-packages/airflow/example_dags/example_short_circuit_decorator.py for tasks to queue
[2022-11-10T01:24:33.547+0000] {logging_mixin.py:117} INFO - [2022-11-10T01:24:33.547+0000] {dagbag.py:525} INFO - Filling up the DagBag from /home/airflow/.local/lib/python3.7/site-packages/airflow/example_dags/example_short_circuit_decorator.py
[2022-11-10T01:24:33.561+0000] {processor.py:768} INFO - DAG(s) dict_keys(['example_short_circuit_decorator']) retrieved from /home/airflow/.local/lib/python3.7/site-packages/airflow/example_dags/example_short_circuit_decorator.py
[2022-11-10T01:24:33.586+0000] {logging_mixin.py:117} INFO - [2022-11-10T01:24:33.586+0000] {dag.py:2573} INFO - Sync 1 DAGs
[2022-11-10T01:24:33.600+0000] {logging_mixin.py:117} INFO - [2022-11-10T01:24:33.599+0000] {dag.py:3328} INFO - Setting next_dagrun for example_short_circuit_decorator to 2022-11-09T01:24:33.599857+00:00, run_after=2022-11-10T01:24:33.599857+00:00
[2022-11-10T01:24:33.613+0000] {processor.py:178} INFO - Processing /home/airflow/.local/lib/python3.7/site-packages/airflow/example_dags/example_short_circuit_decorator.py took 0.070 seconds
[2022-11-10T02:29:07.444+0000] {processor.py:156} INFO - Started process (PID=12659) to work on /home/airflow/.local/lib/python3.7/site-packages/airflow/example_dags/example_short_circuit_decorator.py
[2022-11-10T02:29:07.448+0000] {processor.py:758} INFO - Processing file /home/airflow/.local/lib/python3.7/site-packages/airflow/example_dags/example_short_circuit_decorator.py for tasks to queue
[2022-11-10T02:29:07.452+0000] {logging_mixin.py:117} INFO - [2022-11-10T02:29:07.451+0000] {dagbag.py:525} INFO - Filling up the DagBag from /home/airflow/.local/lib/python3.7/site-packages/airflow/example_dags/example_short_circuit_decorator.py
[2022-11-10T02:29:07.506+0000] {processor.py:768} INFO - DAG(s) dict_keys(['example_short_circuit_decorator']) retrieved from /home/airflow/.local/lib/python3.7/site-packages/airflow/example_dags/example_short_circuit_decorator.py
[2022-11-10T02:29:07.605+0000] {logging_mixin.py:117} INFO - [2022-11-10T02:29:07.605+0000] {dag.py:2573} INFO - Sync 1 DAGs
[2022-11-10T02:29:07.659+0000] {logging_mixin.py:117} INFO - [2022-11-10T02:29:07.659+0000] {dag.py:3328} INFO - Setting next_dagrun for example_short_circuit_decorator to 2022-11-09T02:29:07.658900+00:00, run_after=2022-11-10T02:29:07.658900+00:00
[2022-11-10T02:29:07.689+0000] {processor.py:178} INFO - Processing /home/airflow/.local/lib/python3.7/site-packages/airflow/example_dags/example_short_circuit_decorator.py took 0.249 seconds
[2022-11-10T03:35:47.312+0000] {processor.py:156} INFO - Started process (PID=12716) to work on /home/airflow/.local/lib/python3.7/site-packages/airflow/example_dags/example_short_circuit_decorator.py
[2022-11-10T03:35:47.314+0000] {processor.py:758} INFO - Processing file /home/airflow/.local/lib/python3.7/site-packages/airflow/example_dags/example_short_circuit_decorator.py for tasks to queue
[2022-11-10T03:35:47.315+0000] {logging_mixin.py:117} INFO - [2022-11-10T03:35:47.315+0000] {dagbag.py:525} INFO - Filling up the DagBag from /home/airflow/.local/lib/python3.7/site-packages/airflow/example_dags/example_short_circuit_decorator.py
[2022-11-10T03:35:47.334+0000] {processor.py:768} INFO - DAG(s) dict_keys(['example_short_circuit_decorator']) retrieved from /home/airflow/.local/lib/python3.7/site-packages/airflow/example_dags/example_short_circuit_decorator.py
[2022-11-10T03:35:47.390+0000] {logging_mixin.py:117} INFO - [2022-11-10T03:35:47.390+0000] {dag.py:2573} INFO - Sync 1 DAGs
[2022-11-10T03:35:47.419+0000] {logging_mixin.py:117} INFO - [2022-11-10T03:35:47.419+0000] {dag.py:3328} INFO - Setting next_dagrun for example_short_circuit_decorator to 2022-11-09T03:35:47.419513+00:00, run_after=2022-11-10T03:35:47.419513+00:00
[2022-11-10T03:35:47.437+0000] {processor.py:178} INFO - Processing /home/airflow/.local/lib/python3.7/site-packages/airflow/example_dags/example_short_circuit_decorator.py took 0.129 seconds
[2022-11-10T04:59:29.633+0000] {processor.py:156} INFO - Started process (PID=12780) to work on /home/airflow/.local/lib/python3.7/site-packages/airflow/example_dags/example_short_circuit_decorator.py
[2022-11-10T04:59:29.638+0000] {processor.py:758} INFO - Processing file /home/airflow/.local/lib/python3.7/site-packages/airflow/example_dags/example_short_circuit_decorator.py for tasks to queue
[2022-11-10T04:59:29.644+0000] {logging_mixin.py:117} INFO - [2022-11-10T04:59:29.644+0000] {dagbag.py:525} INFO - Filling up the DagBag from /home/airflow/.local/lib/python3.7/site-packages/airflow/example_dags/example_short_circuit_decorator.py
[2022-11-10T04:59:29.705+0000] {processor.py:768} INFO - DAG(s) dict_keys(['example_short_circuit_decorator']) retrieved from /home/airflow/.local/lib/python3.7/site-packages/airflow/example_dags/example_short_circuit_decorator.py
[2022-11-10T04:59:29.861+0000] {logging_mixin.py:117} INFO - [2022-11-10T04:59:29.861+0000] {dag.py:2573} INFO - Sync 1 DAGs
[2022-11-10T04:59:29.900+0000] {logging_mixin.py:117} INFO - [2022-11-10T04:59:29.900+0000] {dag.py:3328} INFO - Setting next_dagrun for example_short_circuit_decorator to 2022-11-09T04:59:29.899181+00:00, run_after=2022-11-10T04:59:29.899181+00:00
[2022-11-10T04:59:29.956+0000] {processor.py:178} INFO - Processing /home/airflow/.local/lib/python3.7/site-packages/airflow/example_dags/example_short_circuit_decorator.py took 0.337 seconds
[2022-11-10T06:22:33.540+0000] {processor.py:156} INFO - Started process (PID=12835) to work on /home/airflow/.local/lib/python3.7/site-packages/airflow/example_dags/example_short_circuit_decorator.py
[2022-11-10T06:22:33.545+0000] {processor.py:758} INFO - Processing file /home/airflow/.local/lib/python3.7/site-packages/airflow/example_dags/example_short_circuit_decorator.py for tasks to queue
[2022-11-10T06:22:33.565+0000] {logging_mixin.py:117} INFO - [2022-11-10T06:22:33.564+0000] {dagbag.py:525} INFO - Filling up the DagBag from /home/airflow/.local/lib/python3.7/site-packages/airflow/example_dags/example_short_circuit_decorator.py
[2022-11-10T06:22:33.610+0000] {processor.py:768} INFO - DAG(s) dict_keys(['example_short_circuit_decorator']) retrieved from /home/airflow/.local/lib/python3.7/site-packages/airflow/example_dags/example_short_circuit_decorator.py
[2022-11-10T06:22:33.671+0000] {logging_mixin.py:117} INFO - [2022-11-10T06:22:33.671+0000] {dag.py:2573} INFO - Sync 1 DAGs
[2022-11-10T06:22:33.701+0000] {logging_mixin.py:117} INFO - [2022-11-10T06:22:33.701+0000] {dag.py:3328} INFO - Setting next_dagrun for example_short_circuit_decorator to 2022-11-09T06:22:33.701101+00:00, run_after=2022-11-10T06:22:33.701101+00:00
[2022-11-10T06:22:33.725+0000] {processor.py:178} INFO - Processing /home/airflow/.local/lib/python3.7/site-packages/airflow/example_dags/example_short_circuit_decorator.py took 0.188 seconds
[2022-11-10T08:00:56.253+0000] {processor.py:156} INFO - Started process (PID=12898) to work on /home/airflow/.local/lib/python3.7/site-packages/airflow/example_dags/example_short_circuit_decorator.py
[2022-11-10T08:00:56.260+0000] {processor.py:758} INFO - Processing file /home/airflow/.local/lib/python3.7/site-packages/airflow/example_dags/example_short_circuit_decorator.py for tasks to queue
[2022-11-10T08:00:56.261+0000] {logging_mixin.py:117} INFO - [2022-11-10T08:00:56.261+0000] {dagbag.py:525} INFO - Filling up the DagBag from /home/airflow/.local/lib/python3.7/site-packages/airflow/example_dags/example_short_circuit_decorator.py
[2022-11-10T08:00:56.289+0000] {processor.py:768} INFO - DAG(s) dict_keys(['example_short_circuit_decorator']) retrieved from /home/airflow/.local/lib/python3.7/site-packages/airflow/example_dags/example_short_circuit_decorator.py
[2022-11-10T08:00:56.364+0000] {logging_mixin.py:117} INFO - [2022-11-10T08:00:56.364+0000] {dag.py:2573} INFO - Sync 1 DAGs
[2022-11-10T08:00:56.384+0000] {logging_mixin.py:117} INFO - [2022-11-10T08:00:56.384+0000] {dag.py:3328} INFO - Setting next_dagrun for example_short_circuit_decorator to 2022-11-09T08:00:56.384108+00:00, run_after=2022-11-10T08:00:56.384108+00:00
[2022-11-10T08:00:56.409+0000] {processor.py:178} INFO - Processing /home/airflow/.local/lib/python3.7/site-packages/airflow/example_dags/example_short_circuit_decorator.py took 0.159 seconds
[2022-11-10T09:23:08.769+0000] {processor.py:156} INFO - Started process (PID=12951) to work on /home/airflow/.local/lib/python3.7/site-packages/airflow/example_dags/example_short_circuit_decorator.py
[2022-11-10T09:23:08.783+0000] {processor.py:758} INFO - Processing file /home/airflow/.local/lib/python3.7/site-packages/airflow/example_dags/example_short_circuit_decorator.py for tasks to queue
[2022-11-10T09:23:08.794+0000] {logging_mixin.py:117} INFO - [2022-11-10T09:23:08.794+0000] {dagbag.py:525} INFO - Filling up the DagBag from /home/airflow/.local/lib/python3.7/site-packages/airflow/example_dags/example_short_circuit_decorator.py
[2022-11-10T09:23:08.907+0000] {processor.py:768} INFO - DAG(s) dict_keys(['example_short_circuit_decorator']) retrieved from /home/airflow/.local/lib/python3.7/site-packages/airflow/example_dags/example_short_circuit_decorator.py
[2022-11-10T09:23:09.137+0000] {logging_mixin.py:117} INFO - [2022-11-10T09:23:09.136+0000] {dag.py:2573} INFO - Sync 1 DAGs
[2022-11-10T09:23:09.211+0000] {logging_mixin.py:117} INFO - [2022-11-10T09:23:09.211+0000] {dag.py:3328} INFO - Setting next_dagrun for example_short_circuit_decorator to 2022-11-09T09:23:09.211325+00:00, run_after=2022-11-10T09:23:09.211325+00:00
[2022-11-10T09:23:09.261+0000] {processor.py:178} INFO - Processing /home/airflow/.local/lib/python3.7/site-packages/airflow/example_dags/example_short_circuit_decorator.py took 0.495 seconds
[2022-11-10T10:48:47.534+0000] {processor.py:156} INFO - Started process (PID=13005) to work on /home/airflow/.local/lib/python3.7/site-packages/airflow/example_dags/example_short_circuit_decorator.py
[2022-11-10T10:48:47.541+0000] {processor.py:758} INFO - Processing file /home/airflow/.local/lib/python3.7/site-packages/airflow/example_dags/example_short_circuit_decorator.py for tasks to queue
[2022-11-10T10:48:47.544+0000] {logging_mixin.py:117} INFO - [2022-11-10T10:48:47.543+0000] {dagbag.py:525} INFO - Filling up the DagBag from /home/airflow/.local/lib/python3.7/site-packages/airflow/example_dags/example_short_circuit_decorator.py
[2022-11-10T10:48:47.596+0000] {processor.py:768} INFO - DAG(s) dict_keys(['example_short_circuit_decorator']) retrieved from /home/airflow/.local/lib/python3.7/site-packages/airflow/example_dags/example_short_circuit_decorator.py
[2022-11-10T10:48:47.659+0000] {logging_mixin.py:117} INFO - [2022-11-10T10:48:47.659+0000] {dag.py:2573} INFO - Sync 1 DAGs
[2022-11-10T10:48:47.684+0000] {logging_mixin.py:117} INFO - [2022-11-10T10:48:47.684+0000] {dag.py:3328} INFO - Setting next_dagrun for example_short_circuit_decorator to 2022-11-09T10:48:47.684701+00:00, run_after=2022-11-10T10:48:47.684701+00:00
[2022-11-10T10:48:47.708+0000] {processor.py:178} INFO - Processing /home/airflow/.local/lib/python3.7/site-packages/airflow/example_dags/example_short_circuit_decorator.py took 0.185 seconds
[2022-11-10T12:11:05.982+0000] {processor.py:156} INFO - Started process (PID=13067) to work on /home/airflow/.local/lib/python3.7/site-packages/airflow/example_dags/example_short_circuit_decorator.py
[2022-11-10T12:11:06.016+0000] {processor.py:758} INFO - Processing file /home/airflow/.local/lib/python3.7/site-packages/airflow/example_dags/example_short_circuit_decorator.py for tasks to queue
[2022-11-10T12:11:06.026+0000] {logging_mixin.py:117} INFO - [2022-11-10T12:11:06.026+0000] {dagbag.py:525} INFO - Filling up the DagBag from /home/airflow/.local/lib/python3.7/site-packages/airflow/example_dags/example_short_circuit_decorator.py
[2022-11-10T12:11:06.435+0000] {processor.py:768} INFO - DAG(s) dict_keys(['example_short_circuit_decorator']) retrieved from /home/airflow/.local/lib/python3.7/site-packages/airflow/example_dags/example_short_circuit_decorator.py
[2022-11-10T12:11:06.917+0000] {logging_mixin.py:117} INFO - [2022-11-10T12:11:06.915+0000] {dag.py:2573} INFO - Sync 1 DAGs
[2022-11-10T12:11:07.009+0000] {logging_mixin.py:117} INFO - [2022-11-10T12:11:07.008+0000] {dag.py:3328} INFO - Setting next_dagrun for example_short_circuit_decorator to 2022-11-09T12:11:07.008602+00:00, run_after=2022-11-10T12:11:07.008602+00:00
[2022-11-10T12:11:07.071+0000] {processor.py:178} INFO - Processing /home/airflow/.local/lib/python3.7/site-packages/airflow/example_dags/example_short_circuit_decorator.py took 1.119 seconds
[2022-11-10T13:33:29.757+0000] {processor.py:156} INFO - Started process (PID=13117) to work on /home/airflow/.local/lib/python3.7/site-packages/airflow/example_dags/example_short_circuit_decorator.py
[2022-11-10T13:33:29.761+0000] {processor.py:758} INFO - Processing file /home/airflow/.local/lib/python3.7/site-packages/airflow/example_dags/example_short_circuit_decorator.py for tasks to queue
[2022-11-10T13:33:29.765+0000] {logging_mixin.py:117} INFO - [2022-11-10T13:33:29.765+0000] {dagbag.py:525} INFO - Filling up the DagBag from /home/airflow/.local/lib/python3.7/site-packages/airflow/example_dags/example_short_circuit_decorator.py
[2022-11-10T13:33:29.796+0000] {processor.py:768} INFO - DAG(s) dict_keys(['example_short_circuit_decorator']) retrieved from /home/airflow/.local/lib/python3.7/site-packages/airflow/example_dags/example_short_circuit_decorator.py
[2022-11-10T13:33:29.856+0000] {logging_mixin.py:117} INFO - [2022-11-10T13:33:29.856+0000] {dag.py:2573} INFO - Sync 1 DAGs
[2022-11-10T13:33:29.901+0000] {logging_mixin.py:117} INFO - [2022-11-10T13:33:29.901+0000] {dag.py:3328} INFO - Setting next_dagrun for example_short_circuit_decorator to 2022-11-09T13:33:29.900428+00:00, run_after=2022-11-10T13:33:29.900428+00:00
[2022-11-10T13:33:29.932+0000] {processor.py:178} INFO - Processing /home/airflow/.local/lib/python3.7/site-packages/airflow/example_dags/example_short_circuit_decorator.py took 0.177 seconds
[2022-11-10T14:37:23.941+0000] {processor.py:156} INFO - Started process (PID=13171) to work on /home/airflow/.local/lib/python3.7/site-packages/airflow/example_dags/example_short_circuit_decorator.py
[2022-11-10T14:37:23.947+0000] {processor.py:758} INFO - Processing file /home/airflow/.local/lib/python3.7/site-packages/airflow/example_dags/example_short_circuit_decorator.py for tasks to queue
[2022-11-10T14:37:23.949+0000] {logging_mixin.py:117} INFO - [2022-11-10T14:37:23.948+0000] {dagbag.py:525} INFO - Filling up the DagBag from /home/airflow/.local/lib/python3.7/site-packages/airflow/example_dags/example_short_circuit_decorator.py
[2022-11-10T14:37:24.004+0000] {processor.py:768} INFO - DAG(s) dict_keys(['example_short_circuit_decorator']) retrieved from /home/airflow/.local/lib/python3.7/site-packages/airflow/example_dags/example_short_circuit_decorator.py
[2022-11-10T14:37:24.096+0000] {logging_mixin.py:117} INFO - [2022-11-10T14:37:24.096+0000] {dag.py:2573} INFO - Sync 1 DAGs
[2022-11-10T14:37:24.173+0000] {logging_mixin.py:117} INFO - [2022-11-10T14:37:24.173+0000] {dag.py:3328} INFO - Setting next_dagrun for example_short_circuit_decorator to 2022-11-09T14:37:24.173190+00:00, run_after=2022-11-10T14:37:24.173190+00:00
[2022-11-10T14:37:24.227+0000] {processor.py:178} INFO - Processing /home/airflow/.local/lib/python3.7/site-packages/airflow/example_dags/example_short_circuit_decorator.py took 0.291 seconds
[2022-11-10T14:45:46.632+0000] {processor.py:156} INFO - Started process (PID=13235) to work on /home/airflow/.local/lib/python3.7/site-packages/airflow/example_dags/example_short_circuit_decorator.py
[2022-11-10T14:45:46.636+0000] {processor.py:758} INFO - Processing file /home/airflow/.local/lib/python3.7/site-packages/airflow/example_dags/example_short_circuit_decorator.py for tasks to queue
[2022-11-10T14:45:46.639+0000] {logging_mixin.py:117} INFO - [2022-11-10T14:45:46.638+0000] {dagbag.py:525} INFO - Filling up the DagBag from /home/airflow/.local/lib/python3.7/site-packages/airflow/example_dags/example_short_circuit_decorator.py
[2022-11-10T14:45:46.675+0000] {processor.py:768} INFO - DAG(s) dict_keys(['example_short_circuit_decorator']) retrieved from /home/airflow/.local/lib/python3.7/site-packages/airflow/example_dags/example_short_circuit_decorator.py
[2022-11-10T14:45:46.748+0000] {logging_mixin.py:117} INFO - [2022-11-10T14:45:46.748+0000] {dag.py:2573} INFO - Sync 1 DAGs
[2022-11-10T14:45:46.793+0000] {logging_mixin.py:117} INFO - [2022-11-10T14:45:46.793+0000] {dag.py:3328} INFO - Setting next_dagrun for example_short_circuit_decorator to 2022-11-09T14:45:46.792708+00:00, run_after=2022-11-10T14:45:46.792708+00:00
[2022-11-10T14:45:46.825+0000] {processor.py:178} INFO - Processing /home/airflow/.local/lib/python3.7/site-packages/airflow/example_dags/example_short_circuit_decorator.py took 0.197 seconds
[2022-11-10T15:04:56.390+0000] {processor.py:156} INFO - Started process (PID=13299) to work on /home/airflow/.local/lib/python3.7/site-packages/airflow/example_dags/example_short_circuit_decorator.py
[2022-11-10T15:04:56.401+0000] {processor.py:758} INFO - Processing file /home/airflow/.local/lib/python3.7/site-packages/airflow/example_dags/example_short_circuit_decorator.py for tasks to queue
[2022-11-10T15:04:56.404+0000] {logging_mixin.py:117} INFO - [2022-11-10T15:04:56.404+0000] {dagbag.py:525} INFO - Filling up the DagBag from /home/airflow/.local/lib/python3.7/site-packages/airflow/example_dags/example_short_circuit_decorator.py
[2022-11-10T15:05:01.839+0000] {processor.py:768} INFO - DAG(s) dict_keys(['example_short_circuit_decorator']) retrieved from /home/airflow/.local/lib/python3.7/site-packages/airflow/example_dags/example_short_circuit_decorator.py
[2022-11-10T15:05:02.037+0000] {logging_mixin.py:117} INFO - [2022-11-10T15:05:02.036+0000] {dag.py:2573} INFO - Sync 1 DAGs
[2022-11-10T15:05:02.108+0000] {logging_mixin.py:117} INFO - [2022-11-10T15:05:02.108+0000] {dag.py:3328} INFO - Setting next_dagrun for example_short_circuit_decorator to 2022-11-09T15:05:02.107760+00:00, run_after=2022-11-10T15:05:02.107760+00:00
[2022-11-10T15:05:02.141+0000] {processor.py:178} INFO - Processing /home/airflow/.local/lib/python3.7/site-packages/airflow/example_dags/example_short_circuit_decorator.py took 5.754 seconds
[2022-11-10T16:10:40.336+0000] {processor.py:156} INFO - Started process (PID=13345) to work on /home/airflow/.local/lib/python3.7/site-packages/airflow/example_dags/example_short_circuit_decorator.py
[2022-11-10T16:10:40.340+0000] {processor.py:758} INFO - Processing file /home/airflow/.local/lib/python3.7/site-packages/airflow/example_dags/example_short_circuit_decorator.py for tasks to queue
[2022-11-10T16:10:40.342+0000] {logging_mixin.py:117} INFO - [2022-11-10T16:10:40.342+0000] {dagbag.py:525} INFO - Filling up the DagBag from /home/airflow/.local/lib/python3.7/site-packages/airflow/example_dags/example_short_circuit_decorator.py
[2022-11-10T16:10:40.376+0000] {processor.py:768} INFO - DAG(s) dict_keys(['example_short_circuit_decorator']) retrieved from /home/airflow/.local/lib/python3.7/site-packages/airflow/example_dags/example_short_circuit_decorator.py
[2022-11-10T16:10:40.438+0000] {logging_mixin.py:117} INFO - [2022-11-10T16:10:40.437+0000] {dag.py:2573} INFO - Sync 1 DAGs
[2022-11-10T16:10:40.465+0000] {logging_mixin.py:117} INFO - [2022-11-10T16:10:40.465+0000] {dag.py:3328} INFO - Setting next_dagrun for example_short_circuit_decorator to 2022-11-09T16:10:40.465490+00:00, run_after=2022-11-10T16:10:40.465490+00:00
[2022-11-10T16:10:40.482+0000] {processor.py:178} INFO - Processing /home/airflow/.local/lib/python3.7/site-packages/airflow/example_dags/example_short_circuit_decorator.py took 0.150 seconds
[2022-11-10T17:34:42.928+0000] {processor.py:156} INFO - Started process (PID=13405) to work on /home/airflow/.local/lib/python3.7/site-packages/airflow/example_dags/example_short_circuit_decorator.py
[2022-11-10T17:34:42.950+0000] {processor.py:758} INFO - Processing file /home/airflow/.local/lib/python3.7/site-packages/airflow/example_dags/example_short_circuit_decorator.py for tasks to queue
[2022-11-10T17:34:42.955+0000] {logging_mixin.py:117} INFO - [2022-11-10T17:34:42.954+0000] {dagbag.py:525} INFO - Filling up the DagBag from /home/airflow/.local/lib/python3.7/site-packages/airflow/example_dags/example_short_circuit_decorator.py
[2022-11-10T17:34:43.114+0000] {processor.py:768} INFO - DAG(s) dict_keys(['example_short_circuit_decorator']) retrieved from /home/airflow/.local/lib/python3.7/site-packages/airflow/example_dags/example_short_circuit_decorator.py
[2022-11-10T17:34:43.537+0000] {logging_mixin.py:117} INFO - [2022-11-10T17:34:43.537+0000] {dag.py:2573} INFO - Sync 1 DAGs
[2022-11-10T17:34:43.621+0000] {logging_mixin.py:117} INFO - [2022-11-10T17:34:43.621+0000] {dag.py:3328} INFO - Setting next_dagrun for example_short_circuit_decorator to 2022-11-09T17:34:43.621069+00:00, run_after=2022-11-10T17:34:43.621069+00:00
[2022-11-10T17:34:43.709+0000] {processor.py:178} INFO - Processing /home/airflow/.local/lib/python3.7/site-packages/airflow/example_dags/example_short_circuit_decorator.py took 0.788 seconds
[2022-11-10T18:57:16.698+0000] {processor.py:156} INFO - Started process (PID=13463) to work on /home/airflow/.local/lib/python3.7/site-packages/airflow/example_dags/example_short_circuit_decorator.py
[2022-11-10T18:57:16.700+0000] {processor.py:758} INFO - Processing file /home/airflow/.local/lib/python3.7/site-packages/airflow/example_dags/example_short_circuit_decorator.py for tasks to queue
[2022-11-10T18:57:16.702+0000] {logging_mixin.py:117} INFO - [2022-11-10T18:57:16.702+0000] {dagbag.py:525} INFO - Filling up the DagBag from /home/airflow/.local/lib/python3.7/site-packages/airflow/example_dags/example_short_circuit_decorator.py
[2022-11-10T18:57:16.723+0000] {processor.py:768} INFO - DAG(s) dict_keys(['example_short_circuit_decorator']) retrieved from /home/airflow/.local/lib/python3.7/site-packages/airflow/example_dags/example_short_circuit_decorator.py
[2022-11-10T18:57:16.775+0000] {logging_mixin.py:117} INFO - [2022-11-10T18:57:16.775+0000] {dag.py:2573} INFO - Sync 1 DAGs
[2022-11-10T18:57:16.805+0000] {logging_mixin.py:117} INFO - [2022-11-10T18:57:16.805+0000] {dag.py:3328} INFO - Setting next_dagrun for example_short_circuit_decorator to 2022-11-09T18:57:16.805393+00:00, run_after=2022-11-10T18:57:16.805393+00:00
[2022-11-10T18:57:16.842+0000] {processor.py:178} INFO - Processing /home/airflow/.local/lib/python3.7/site-packages/airflow/example_dags/example_short_circuit_decorator.py took 0.147 seconds
[2022-11-10T19:05:33.046+0000] {processor.py:156} INFO - Started process (PID=13519) to work on /home/airflow/.local/lib/python3.7/site-packages/airflow/example_dags/example_short_circuit_decorator.py
[2022-11-10T19:05:33.050+0000] {processor.py:758} INFO - Processing file /home/airflow/.local/lib/python3.7/site-packages/airflow/example_dags/example_short_circuit_decorator.py for tasks to queue
[2022-11-10T19:05:33.054+0000] {logging_mixin.py:117} INFO - [2022-11-10T19:05:33.054+0000] {dagbag.py:525} INFO - Filling up the DagBag from /home/airflow/.local/lib/python3.7/site-packages/airflow/example_dags/example_short_circuit_decorator.py
[2022-11-10T19:05:33.123+0000] {processor.py:768} INFO - DAG(s) dict_keys(['example_short_circuit_decorator']) retrieved from /home/airflow/.local/lib/python3.7/site-packages/airflow/example_dags/example_short_circuit_decorator.py
[2022-11-10T19:05:33.197+0000] {logging_mixin.py:117} INFO - [2022-11-10T19:05:33.197+0000] {dag.py:2573} INFO - Sync 1 DAGs
[2022-11-10T19:05:33.235+0000] {logging_mixin.py:117} INFO - [2022-11-10T19:05:33.235+0000] {dag.py:3328} INFO - Setting next_dagrun for example_short_circuit_decorator to 2022-11-09T19:05:33.235192+00:00, run_after=2022-11-10T19:05:33.235192+00:00
[2022-11-10T19:05:33.275+0000] {processor.py:178} INFO - Processing /home/airflow/.local/lib/python3.7/site-packages/airflow/example_dags/example_short_circuit_decorator.py took 0.233 seconds
[2022-11-10T20:13:43.871+0000] {processor.py:156} INFO - Started process (PID=13583) to work on /home/airflow/.local/lib/python3.7/site-packages/airflow/example_dags/example_short_circuit_decorator.py
[2022-11-10T20:13:43.874+0000] {processor.py:758} INFO - Processing file /home/airflow/.local/lib/python3.7/site-packages/airflow/example_dags/example_short_circuit_decorator.py for tasks to queue
[2022-11-10T20:13:43.882+0000] {logging_mixin.py:117} INFO - [2022-11-10T20:13:43.881+0000] {dagbag.py:525} INFO - Filling up the DagBag from /home/airflow/.local/lib/python3.7/site-packages/airflow/example_dags/example_short_circuit_decorator.py
[2022-11-10T20:13:43.945+0000] {processor.py:768} INFO - DAG(s) dict_keys(['example_short_circuit_decorator']) retrieved from /home/airflow/.local/lib/python3.7/site-packages/airflow/example_dags/example_short_circuit_decorator.py
[2022-11-10T20:13:44.074+0000] {logging_mixin.py:117} INFO - [2022-11-10T20:13:44.074+0000] {dag.py:2573} INFO - Sync 1 DAGs
[2022-11-10T20:13:44.102+0000] {logging_mixin.py:117} INFO - [2022-11-10T20:13:44.102+0000] {dag.py:3328} INFO - Setting next_dagrun for example_short_circuit_decorator to 2022-11-09T20:13:44.102022+00:00, run_after=2022-11-10T20:13:44.102022+00:00
[2022-11-10T20:13:44.134+0000] {processor.py:178} INFO - Processing /home/airflow/.local/lib/python3.7/site-packages/airflow/example_dags/example_short_circuit_decorator.py took 0.272 seconds
[2022-11-10T21:37:17.551+0000] {processor.py:156} INFO - Started process (PID=13646) to work on /home/airflow/.local/lib/python3.7/site-packages/airflow/example_dags/example_short_circuit_decorator.py
[2022-11-10T21:37:17.561+0000] {processor.py:758} INFO - Processing file /home/airflow/.local/lib/python3.7/site-packages/airflow/example_dags/example_short_circuit_decorator.py for tasks to queue
[2022-11-10T21:37:17.565+0000] {logging_mixin.py:117} INFO - [2022-11-10T21:37:17.564+0000] {dagbag.py:525} INFO - Filling up the DagBag from /home/airflow/.local/lib/python3.7/site-packages/airflow/example_dags/example_short_circuit_decorator.py
[2022-11-10T21:37:17.615+0000] {processor.py:768} INFO - DAG(s) dict_keys(['example_short_circuit_decorator']) retrieved from /home/airflow/.local/lib/python3.7/site-packages/airflow/example_dags/example_short_circuit_decorator.py
[2022-11-10T21:37:17.681+0000] {logging_mixin.py:117} INFO - [2022-11-10T21:37:17.680+0000] {dag.py:2573} INFO - Sync 1 DAGs
[2022-11-10T21:37:17.711+0000] {logging_mixin.py:117} INFO - [2022-11-10T21:37:17.711+0000] {dag.py:3328} INFO - Setting next_dagrun for example_short_circuit_decorator to 2022-11-09T21:37:17.710166+00:00, run_after=2022-11-10T21:37:17.710166+00:00
[2022-11-10T21:37:17.737+0000] {processor.py:178} INFO - Processing /home/airflow/.local/lib/python3.7/site-packages/airflow/example_dags/example_short_circuit_decorator.py took 0.188 seconds
[2022-11-10T23:18:21.719+0000] {processor.py:156} INFO - Started process (PID=13702) to work on /home/airflow/.local/lib/python3.7/site-packages/airflow/example_dags/example_short_circuit_decorator.py
[2022-11-10T23:18:21.721+0000] {processor.py:758} INFO - Processing file /home/airflow/.local/lib/python3.7/site-packages/airflow/example_dags/example_short_circuit_decorator.py for tasks to queue
[2022-11-10T23:18:21.723+0000] {logging_mixin.py:117} INFO - [2022-11-10T23:18:21.723+0000] {dagbag.py:525} INFO - Filling up the DagBag from /home/airflow/.local/lib/python3.7/site-packages/airflow/example_dags/example_short_circuit_decorator.py
[2022-11-10T23:18:21.753+0000] {processor.py:768} INFO - DAG(s) dict_keys(['example_short_circuit_decorator']) retrieved from /home/airflow/.local/lib/python3.7/site-packages/airflow/example_dags/example_short_circuit_decorator.py
[2022-11-10T23:18:21.829+0000] {logging_mixin.py:117} INFO - [2022-11-10T23:18:21.829+0000] {dag.py:2573} INFO - Sync 1 DAGs
[2022-11-10T23:18:21.863+0000] {logging_mixin.py:117} INFO - [2022-11-10T23:18:21.863+0000] {dag.py:3328} INFO - Setting next_dagrun for example_short_circuit_decorator to 2022-11-09T23:18:21.863267+00:00, run_after=2022-11-10T23:18:21.863267+00:00
[2022-11-10T23:18:21.889+0000] {processor.py:178} INFO - Processing /home/airflow/.local/lib/python3.7/site-packages/airflow/example_dags/example_short_circuit_decorator.py took 0.172 seconds
