[2022-11-10T00:02:15.517+0000] {processor.py:156} INFO - Started process (PID=12544) to work on /home/airflow/.local/lib/python3.7/site-packages/airflow/example_dags/example_time_delta_sensor_async.py
[2022-11-10T00:02:15.519+0000] {processor.py:758} INFO - Processing file /home/airflow/.local/lib/python3.7/site-packages/airflow/example_dags/example_time_delta_sensor_async.py for tasks to queue
[2022-11-10T00:02:15.521+0000] {logging_mixin.py:117} INFO - [2022-11-10T00:02:15.520+0000] {dagbag.py:525} INFO - Filling up the DagBag from /home/airflow/.local/lib/python3.7/site-packages/airflow/example_dags/example_time_delta_sensor_async.py
[2022-11-10T00:02:15.531+0000] {processor.py:768} INFO - DAG(s) dict_keys(['example_time_delta_sensor_async']) retrieved from /home/airflow/.local/lib/python3.7/site-packages/airflow/example_dags/example_time_delta_sensor_async.py
[2022-11-10T00:02:15.683+0000] {logging_mixin.py:117} INFO - [2022-11-10T00:02:15.683+0000] {dag.py:2573} INFO - Sync 1 DAGs
[2022-11-10T00:02:15.704+0000] {logging_mixin.py:117} INFO - [2022-11-10T00:02:15.704+0000] {dag.py:3328} INFO - Setting next_dagrun for example_time_delta_sensor_async to None, run_after=None
[2022-11-10T00:02:15.730+0000] {processor.py:178} INFO - Processing /home/airflow/.local/lib/python3.7/site-packages/airflow/example_dags/example_time_delta_sensor_async.py took 0.216 seconds
[2022-11-10T01:24:34.218+0000] {processor.py:156} INFO - Started process (PID=12608) to work on /home/airflow/.local/lib/python3.7/site-packages/airflow/example_dags/example_time_delta_sensor_async.py
[2022-11-10T01:24:34.220+0000] {processor.py:758} INFO - Processing file /home/airflow/.local/lib/python3.7/site-packages/airflow/example_dags/example_time_delta_sensor_async.py for tasks to queue
[2022-11-10T01:24:34.221+0000] {logging_mixin.py:117} INFO - [2022-11-10T01:24:34.221+0000] {dagbag.py:525} INFO - Filling up the DagBag from /home/airflow/.local/lib/python3.7/site-packages/airflow/example_dags/example_time_delta_sensor_async.py
[2022-11-10T01:24:34.230+0000] {processor.py:768} INFO - DAG(s) dict_keys(['example_time_delta_sensor_async']) retrieved from /home/airflow/.local/lib/python3.7/site-packages/airflow/example_dags/example_time_delta_sensor_async.py
[2022-11-10T01:24:34.338+0000] {logging_mixin.py:117} INFO - [2022-11-10T01:24:34.338+0000] {dag.py:2573} INFO - Sync 1 DAGs
[2022-11-10T01:24:34.352+0000] {logging_mixin.py:117} INFO - [2022-11-10T01:24:34.351+0000] {dag.py:3328} INFO - Setting next_dagrun for example_time_delta_sensor_async to None, run_after=None
[2022-11-10T01:24:34.363+0000] {processor.py:178} INFO - Processing /home/airflow/.local/lib/python3.7/site-packages/airflow/example_dags/example_time_delta_sensor_async.py took 0.147 seconds
[2022-11-10T02:29:09.409+0000] {processor.py:156} INFO - Started process (PID=12671) to work on /home/airflow/.local/lib/python3.7/site-packages/airflow/example_dags/example_time_delta_sensor_async.py
[2022-11-10T02:29:09.410+0000] {processor.py:758} INFO - Processing file /home/airflow/.local/lib/python3.7/site-packages/airflow/example_dags/example_time_delta_sensor_async.py for tasks to queue
[2022-11-10T02:29:09.417+0000] {logging_mixin.py:117} INFO - [2022-11-10T02:29:09.412+0000] {dagbag.py:525} INFO - Filling up the DagBag from /home/airflow/.local/lib/python3.7/site-packages/airflow/example_dags/example_time_delta_sensor_async.py
[2022-11-10T02:29:09.439+0000] {processor.py:768} INFO - DAG(s) dict_keys(['example_time_delta_sensor_async']) retrieved from /home/airflow/.local/lib/python3.7/site-packages/airflow/example_dags/example_time_delta_sensor_async.py
[2022-11-10T02:29:09.825+0000] {logging_mixin.py:117} INFO - [2022-11-10T02:29:09.820+0000] {dag.py:2573} INFO - Sync 1 DAGs
[2022-11-10T02:29:09.859+0000] {logging_mixin.py:117} INFO - [2022-11-10T02:29:09.859+0000] {dag.py:3328} INFO - Setting next_dagrun for example_time_delta_sensor_async to None, run_after=None
[2022-11-10T02:29:09.918+0000] {processor.py:178} INFO - Processing /home/airflow/.local/lib/python3.7/site-packages/airflow/example_dags/example_time_delta_sensor_async.py took 0.513 seconds
[2022-11-10T03:35:48.239+0000] {processor.py:156} INFO - Started process (PID=12726) to work on /home/airflow/.local/lib/python3.7/site-packages/airflow/example_dags/example_time_delta_sensor_async.py
[2022-11-10T03:35:48.241+0000] {processor.py:758} INFO - Processing file /home/airflow/.local/lib/python3.7/site-packages/airflow/example_dags/example_time_delta_sensor_async.py for tasks to queue
[2022-11-10T03:35:48.243+0000] {logging_mixin.py:117} INFO - [2022-11-10T03:35:48.242+0000] {dagbag.py:525} INFO - Filling up the DagBag from /home/airflow/.local/lib/python3.7/site-packages/airflow/example_dags/example_time_delta_sensor_async.py
[2022-11-10T03:35:48.251+0000] {processor.py:768} INFO - DAG(s) dict_keys(['example_time_delta_sensor_async']) retrieved from /home/airflow/.local/lib/python3.7/site-packages/airflow/example_dags/example_time_delta_sensor_async.py
[2022-11-10T03:35:48.675+0000] {logging_mixin.py:117} INFO - [2022-11-10T03:35:48.675+0000] {dag.py:2573} INFO - Sync 1 DAGs
[2022-11-10T03:35:48.701+0000] {logging_mixin.py:117} INFO - [2022-11-10T03:35:48.701+0000] {dag.py:3328} INFO - Setting next_dagrun for example_time_delta_sensor_async to None, run_after=None
[2022-11-10T03:35:48.712+0000] {processor.py:178} INFO - Processing /home/airflow/.local/lib/python3.7/site-packages/airflow/example_dags/example_time_delta_sensor_async.py took 0.476 seconds
[2022-11-10T04:59:31.978+0000] {processor.py:156} INFO - Started process (PID=12790) to work on /home/airflow/.local/lib/python3.7/site-packages/airflow/example_dags/example_time_delta_sensor_async.py
[2022-11-10T04:59:31.982+0000] {processor.py:758} INFO - Processing file /home/airflow/.local/lib/python3.7/site-packages/airflow/example_dags/example_time_delta_sensor_async.py for tasks to queue
[2022-11-10T04:59:31.984+0000] {logging_mixin.py:117} INFO - [2022-11-10T04:59:31.984+0000] {dagbag.py:525} INFO - Filling up the DagBag from /home/airflow/.local/lib/python3.7/site-packages/airflow/example_dags/example_time_delta_sensor_async.py
[2022-11-10T04:59:32.015+0000] {processor.py:768} INFO - DAG(s) dict_keys(['example_time_delta_sensor_async']) retrieved from /home/airflow/.local/lib/python3.7/site-packages/airflow/example_dags/example_time_delta_sensor_async.py
[2022-11-10T04:59:32.313+0000] {logging_mixin.py:117} INFO - [2022-11-10T04:59:32.313+0000] {dag.py:2573} INFO - Sync 1 DAGs
[2022-11-10T04:59:32.355+0000] {logging_mixin.py:117} INFO - [2022-11-10T04:59:32.354+0000] {dag.py:3328} INFO - Setting next_dagrun for example_time_delta_sensor_async to None, run_after=None
[2022-11-10T04:59:32.387+0000] {processor.py:178} INFO - Processing /home/airflow/.local/lib/python3.7/site-packages/airflow/example_dags/example_time_delta_sensor_async.py took 0.412 seconds
[2022-11-10T06:22:37.947+0000] {processor.py:156} INFO - Started process (PID=12853) to work on /home/airflow/.local/lib/python3.7/site-packages/airflow/example_dags/example_time_delta_sensor_async.py
[2022-11-10T06:22:37.969+0000] {processor.py:758} INFO - Processing file /home/airflow/.local/lib/python3.7/site-packages/airflow/example_dags/example_time_delta_sensor_async.py for tasks to queue
[2022-11-10T06:22:37.973+0000] {logging_mixin.py:117} INFO - [2022-11-10T06:22:37.973+0000] {dagbag.py:525} INFO - Filling up the DagBag from /home/airflow/.local/lib/python3.7/site-packages/airflow/example_dags/example_time_delta_sensor_async.py
[2022-11-10T06:22:38.179+0000] {processor.py:768} INFO - DAG(s) dict_keys(['example_time_delta_sensor_async']) retrieved from /home/airflow/.local/lib/python3.7/site-packages/airflow/example_dags/example_time_delta_sensor_async.py
[2022-11-10T06:22:39.122+0000] {logging_mixin.py:117} INFO - [2022-11-10T06:22:39.120+0000] {dag.py:2573} INFO - Sync 1 DAGs
[2022-11-10T06:22:39.221+0000] {logging_mixin.py:117} INFO - [2022-11-10T06:22:39.220+0000] {dag.py:3328} INFO - Setting next_dagrun for example_time_delta_sensor_async to None, run_after=None
[2022-11-10T06:22:39.295+0000] {processor.py:178} INFO - Processing /home/airflow/.local/lib/python3.7/site-packages/airflow/example_dags/example_time_delta_sensor_async.py took 1.354 seconds
[2022-11-10T08:00:57.899+0000] {processor.py:156} INFO - Started process (PID=12908) to work on /home/airflow/.local/lib/python3.7/site-packages/airflow/example_dags/example_time_delta_sensor_async.py
[2022-11-10T08:00:57.917+0000] {processor.py:758} INFO - Processing file /home/airflow/.local/lib/python3.7/site-packages/airflow/example_dags/example_time_delta_sensor_async.py for tasks to queue
[2022-11-10T08:00:57.921+0000] {logging_mixin.py:117} INFO - [2022-11-10T08:00:57.919+0000] {dagbag.py:525} INFO - Filling up the DagBag from /home/airflow/.local/lib/python3.7/site-packages/airflow/example_dags/example_time_delta_sensor_async.py
[2022-11-10T08:00:57.963+0000] {processor.py:768} INFO - DAG(s) dict_keys(['example_time_delta_sensor_async']) retrieved from /home/airflow/.local/lib/python3.7/site-packages/airflow/example_dags/example_time_delta_sensor_async.py
[2022-11-10T08:00:58.273+0000] {logging_mixin.py:117} INFO - [2022-11-10T08:00:58.272+0000] {dag.py:2573} INFO - Sync 1 DAGs
[2022-11-10T08:00:58.333+0000] {logging_mixin.py:117} INFO - [2022-11-10T08:00:58.332+0000] {dag.py:3328} INFO - Setting next_dagrun for example_time_delta_sensor_async to None, run_after=None
[2022-11-10T08:00:58.453+0000] {processor.py:178} INFO - Processing /home/airflow/.local/lib/python3.7/site-packages/airflow/example_dags/example_time_delta_sensor_async.py took 0.561 seconds
[2022-11-10T09:23:14.277+0000] {processor.py:156} INFO - Started process (PID=12961) to work on /home/airflow/.local/lib/python3.7/site-packages/airflow/example_dags/example_time_delta_sensor_async.py
[2022-11-10T09:23:14.284+0000] {processor.py:758} INFO - Processing file /home/airflow/.local/lib/python3.7/site-packages/airflow/example_dags/example_time_delta_sensor_async.py for tasks to queue
[2022-11-10T09:23:14.291+0000] {logging_mixin.py:117} INFO - [2022-11-10T09:23:14.290+0000] {dagbag.py:525} INFO - Filling up the DagBag from /home/airflow/.local/lib/python3.7/site-packages/airflow/example_dags/example_time_delta_sensor_async.py
[2022-11-10T09:23:14.307+0000] {processor.py:768} INFO - DAG(s) dict_keys(['example_time_delta_sensor_async']) retrieved from /home/airflow/.local/lib/python3.7/site-packages/airflow/example_dags/example_time_delta_sensor_async.py
[2022-11-10T09:23:14.696+0000] {logging_mixin.py:117} INFO - [2022-11-10T09:23:14.695+0000] {dag.py:2573} INFO - Sync 1 DAGs
[2022-11-10T09:23:14.729+0000] {logging_mixin.py:117} INFO - [2022-11-10T09:23:14.729+0000] {dag.py:3328} INFO - Setting next_dagrun for example_time_delta_sensor_async to None, run_after=None
[2022-11-10T09:23:14.827+0000] {processor.py:178} INFO - Processing /home/airflow/.local/lib/python3.7/site-packages/airflow/example_dags/example_time_delta_sensor_async.py took 0.553 seconds
[2022-11-10T10:48:50.413+0000] {processor.py:156} INFO - Started process (PID=13015) to work on /home/airflow/.local/lib/python3.7/site-packages/airflow/example_dags/example_time_delta_sensor_async.py
[2022-11-10T10:48:50.431+0000] {processor.py:758} INFO - Processing file /home/airflow/.local/lib/python3.7/site-packages/airflow/example_dags/example_time_delta_sensor_async.py for tasks to queue
[2022-11-10T10:48:50.436+0000] {logging_mixin.py:117} INFO - [2022-11-10T10:48:50.436+0000] {dagbag.py:525} INFO - Filling up the DagBag from /home/airflow/.local/lib/python3.7/site-packages/airflow/example_dags/example_time_delta_sensor_async.py
[2022-11-10T10:48:50.888+0000] {processor.py:768} INFO - DAG(s) dict_keys(['example_time_delta_sensor_async']) retrieved from /home/airflow/.local/lib/python3.7/site-packages/airflow/example_dags/example_time_delta_sensor_async.py
[2022-11-10T10:48:52.159+0000] {logging_mixin.py:117} INFO - [2022-11-10T10:48:52.157+0000] {dag.py:2573} INFO - Sync 1 DAGs
[2022-11-10T10:48:52.297+0000] {logging_mixin.py:117} INFO - [2022-11-10T10:48:52.296+0000] {dag.py:3328} INFO - Setting next_dagrun for example_time_delta_sensor_async to None, run_after=None
[2022-11-10T10:48:52.727+0000] {processor.py:178} INFO - Processing /home/airflow/.local/lib/python3.7/site-packages/airflow/example_dags/example_time_delta_sensor_async.py took 2.338 seconds
[2022-11-10T12:11:09.822+0000] {processor.py:156} INFO - Started process (PID=13080) to work on /home/airflow/.local/lib/python3.7/site-packages/airflow/example_dags/example_time_delta_sensor_async.py
[2022-11-10T12:11:09.825+0000] {processor.py:758} INFO - Processing file /home/airflow/.local/lib/python3.7/site-packages/airflow/example_dags/example_time_delta_sensor_async.py for tasks to queue
[2022-11-10T12:11:09.826+0000] {logging_mixin.py:117} INFO - [2022-11-10T12:11:09.826+0000] {dagbag.py:525} INFO - Filling up the DagBag from /home/airflow/.local/lib/python3.7/site-packages/airflow/example_dags/example_time_delta_sensor_async.py
[2022-11-10T12:11:09.836+0000] {processor.py:768} INFO - DAG(s) dict_keys(['example_time_delta_sensor_async']) retrieved from /home/airflow/.local/lib/python3.7/site-packages/airflow/example_dags/example_time_delta_sensor_async.py
[2022-11-10T12:11:09.928+0000] {logging_mixin.py:117} INFO - [2022-11-10T12:11:09.928+0000] {dag.py:2573} INFO - Sync 1 DAGs
[2022-11-10T12:11:09.944+0000] {logging_mixin.py:117} INFO - [2022-11-10T12:11:09.944+0000] {dag.py:3328} INFO - Setting next_dagrun for example_time_delta_sensor_async to None, run_after=None
[2022-11-10T12:11:09.954+0000] {processor.py:178} INFO - Processing /home/airflow/.local/lib/python3.7/site-packages/airflow/example_dags/example_time_delta_sensor_async.py took 0.133 seconds
[2022-11-10T13:33:31.134+0000] {processor.py:156} INFO - Started process (PID=13127) to work on /home/airflow/.local/lib/python3.7/site-packages/airflow/example_dags/example_time_delta_sensor_async.py
[2022-11-10T13:33:31.139+0000] {processor.py:758} INFO - Processing file /home/airflow/.local/lib/python3.7/site-packages/airflow/example_dags/example_time_delta_sensor_async.py for tasks to queue
[2022-11-10T13:33:31.142+0000] {logging_mixin.py:117} INFO - [2022-11-10T13:33:31.142+0000] {dagbag.py:525} INFO - Filling up the DagBag from /home/airflow/.local/lib/python3.7/site-packages/airflow/example_dags/example_time_delta_sensor_async.py
[2022-11-10T13:33:31.161+0000] {processor.py:768} INFO - DAG(s) dict_keys(['example_time_delta_sensor_async']) retrieved from /home/airflow/.local/lib/python3.7/site-packages/airflow/example_dags/example_time_delta_sensor_async.py
[2022-11-10T13:33:31.378+0000] {logging_mixin.py:117} INFO - [2022-11-10T13:33:31.378+0000] {dag.py:2573} INFO - Sync 1 DAGs
[2022-11-10T13:33:31.417+0000] {logging_mixin.py:117} INFO - [2022-11-10T13:33:31.417+0000] {dag.py:3328} INFO - Setting next_dagrun for example_time_delta_sensor_async to None, run_after=None
[2022-11-10T13:33:31.473+0000] {processor.py:178} INFO - Processing /home/airflow/.local/lib/python3.7/site-packages/airflow/example_dags/example_time_delta_sensor_async.py took 0.341 seconds
[2022-11-10T14:37:25.772+0000] {processor.py:156} INFO - Started process (PID=13181) to work on /home/airflow/.local/lib/python3.7/site-packages/airflow/example_dags/example_time_delta_sensor_async.py
[2022-11-10T14:37:25.779+0000] {processor.py:758} INFO - Processing file /home/airflow/.local/lib/python3.7/site-packages/airflow/example_dags/example_time_delta_sensor_async.py for tasks to queue
[2022-11-10T14:37:25.783+0000] {logging_mixin.py:117} INFO - [2022-11-10T14:37:25.782+0000] {dagbag.py:525} INFO - Filling up the DagBag from /home/airflow/.local/lib/python3.7/site-packages/airflow/example_dags/example_time_delta_sensor_async.py
[2022-11-10T14:37:25.835+0000] {processor.py:768} INFO - DAG(s) dict_keys(['example_time_delta_sensor_async']) retrieved from /home/airflow/.local/lib/python3.7/site-packages/airflow/example_dags/example_time_delta_sensor_async.py
[2022-11-10T14:37:26.081+0000] {logging_mixin.py:117} INFO - [2022-11-10T14:37:26.081+0000] {dag.py:2573} INFO - Sync 1 DAGs
[2022-11-10T14:37:26.223+0000] {logging_mixin.py:117} INFO - [2022-11-10T14:37:26.223+0000] {dag.py:3328} INFO - Setting next_dagrun for example_time_delta_sensor_async to None, run_after=None
[2022-11-10T14:37:26.379+0000] {processor.py:178} INFO - Processing /home/airflow/.local/lib/python3.7/site-packages/airflow/example_dags/example_time_delta_sensor_async.py took 0.616 seconds
[2022-11-10T14:45:50.313+0000] {processor.py:156} INFO - Started process (PID=13245) to work on /home/airflow/.local/lib/python3.7/site-packages/airflow/example_dags/example_time_delta_sensor_async.py
[2022-11-10T14:45:50.328+0000] {processor.py:758} INFO - Processing file /home/airflow/.local/lib/python3.7/site-packages/airflow/example_dags/example_time_delta_sensor_async.py for tasks to queue
[2022-11-10T14:45:50.360+0000] {logging_mixin.py:117} INFO - [2022-11-10T14:45:50.360+0000] {dagbag.py:525} INFO - Filling up the DagBag from /home/airflow/.local/lib/python3.7/site-packages/airflow/example_dags/example_time_delta_sensor_async.py
[2022-11-10T14:45:50.546+0000] {processor.py:768} INFO - DAG(s) dict_keys(['example_time_delta_sensor_async']) retrieved from /home/airflow/.local/lib/python3.7/site-packages/airflow/example_dags/example_time_delta_sensor_async.py
[2022-11-10T14:45:50.984+0000] {logging_mixin.py:117} INFO - [2022-11-10T14:45:50.983+0000] {dag.py:2573} INFO - Sync 1 DAGs
[2022-11-10T14:45:51.070+0000] {logging_mixin.py:117} INFO - [2022-11-10T14:45:51.069+0000] {dag.py:3328} INFO - Setting next_dagrun for example_time_delta_sensor_async to None, run_after=None
[2022-11-10T14:45:51.086+0000] {processor.py:178} INFO - Processing /home/airflow/.local/lib/python3.7/site-packages/airflow/example_dags/example_time_delta_sensor_async.py took 0.787 seconds
[2022-11-10T15:05:02.962+0000] {processor.py:156} INFO - Started process (PID=13309) to work on /home/airflow/.local/lib/python3.7/site-packages/airflow/example_dags/example_time_delta_sensor_async.py
[2022-11-10T15:05:02.963+0000] {processor.py:758} INFO - Processing file /home/airflow/.local/lib/python3.7/site-packages/airflow/example_dags/example_time_delta_sensor_async.py for tasks to queue
[2022-11-10T15:05:02.964+0000] {logging_mixin.py:117} INFO - [2022-11-10T15:05:02.964+0000] {dagbag.py:525} INFO - Filling up the DagBag from /home/airflow/.local/lib/python3.7/site-packages/airflow/example_dags/example_time_delta_sensor_async.py
[2022-11-10T15:05:02.972+0000] {processor.py:768} INFO - DAG(s) dict_keys(['example_time_delta_sensor_async']) retrieved from /home/airflow/.local/lib/python3.7/site-packages/airflow/example_dags/example_time_delta_sensor_async.py
[2022-11-10T15:05:03.085+0000] {logging_mixin.py:117} INFO - [2022-11-10T15:05:03.085+0000] {dag.py:2573} INFO - Sync 1 DAGs
[2022-11-10T15:05:03.100+0000] {logging_mixin.py:117} INFO - [2022-11-10T15:05:03.100+0000] {dag.py:3328} INFO - Setting next_dagrun for example_time_delta_sensor_async to None, run_after=None
[2022-11-10T15:05:03.111+0000] {processor.py:178} INFO - Processing /home/airflow/.local/lib/python3.7/site-packages/airflow/example_dags/example_time_delta_sensor_async.py took 0.152 seconds
[2022-11-10T16:10:42.252+0000] {processor.py:156} INFO - Started process (PID=13355) to work on /home/airflow/.local/lib/python3.7/site-packages/airflow/example_dags/example_time_delta_sensor_async.py
[2022-11-10T16:10:42.257+0000] {processor.py:758} INFO - Processing file /home/airflow/.local/lib/python3.7/site-packages/airflow/example_dags/example_time_delta_sensor_async.py for tasks to queue
[2022-11-10T16:10:42.261+0000] {logging_mixin.py:117} INFO - [2022-11-10T16:10:42.261+0000] {dagbag.py:525} INFO - Filling up the DagBag from /home/airflow/.local/lib/python3.7/site-packages/airflow/example_dags/example_time_delta_sensor_async.py
[2022-11-10T16:10:42.322+0000] {processor.py:768} INFO - DAG(s) dict_keys(['example_time_delta_sensor_async']) retrieved from /home/airflow/.local/lib/python3.7/site-packages/airflow/example_dags/example_time_delta_sensor_async.py
[2022-11-10T16:10:43.502+0000] {logging_mixin.py:117} INFO - [2022-11-10T16:10:43.501+0000] {dag.py:2573} INFO - Sync 1 DAGs
[2022-11-10T16:10:43.970+0000] {logging_mixin.py:117} INFO - [2022-11-10T16:10:43.964+0000] {dag.py:3328} INFO - Setting next_dagrun for example_time_delta_sensor_async to None, run_after=None
[2022-11-10T16:10:44.092+0000] {processor.py:178} INFO - Processing /home/airflow/.local/lib/python3.7/site-packages/airflow/example_dags/example_time_delta_sensor_async.py took 1.866 seconds
[2022-11-10T17:34:45.926+0000] {processor.py:156} INFO - Started process (PID=13417) to work on /home/airflow/.local/lib/python3.7/site-packages/airflow/example_dags/example_time_delta_sensor_async.py
[2022-11-10T17:34:45.927+0000] {processor.py:758} INFO - Processing file /home/airflow/.local/lib/python3.7/site-packages/airflow/example_dags/example_time_delta_sensor_async.py for tasks to queue
[2022-11-10T17:34:45.928+0000] {logging_mixin.py:117} INFO - [2022-11-10T17:34:45.928+0000] {dagbag.py:525} INFO - Filling up the DagBag from /home/airflow/.local/lib/python3.7/site-packages/airflow/example_dags/example_time_delta_sensor_async.py
[2022-11-10T17:34:45.938+0000] {processor.py:768} INFO - DAG(s) dict_keys(['example_time_delta_sensor_async']) retrieved from /home/airflow/.local/lib/python3.7/site-packages/airflow/example_dags/example_time_delta_sensor_async.py
[2022-11-10T17:34:46.062+0000] {logging_mixin.py:117} INFO - [2022-11-10T17:34:46.062+0000] {dag.py:2573} INFO - Sync 1 DAGs
[2022-11-10T17:34:46.079+0000] {logging_mixin.py:117} INFO - [2022-11-10T17:34:46.079+0000] {dag.py:3328} INFO - Setting next_dagrun for example_time_delta_sensor_async to None, run_after=None
[2022-11-10T17:34:46.092+0000] {processor.py:178} INFO - Processing /home/airflow/.local/lib/python3.7/site-packages/airflow/example_dags/example_time_delta_sensor_async.py took 0.174 seconds
[2022-11-10T18:57:20.447+0000] {processor.py:156} INFO - Started process (PID=13473) to work on /home/airflow/.local/lib/python3.7/site-packages/airflow/example_dags/example_time_delta_sensor_async.py
[2022-11-10T18:57:20.448+0000] {processor.py:758} INFO - Processing file /home/airflow/.local/lib/python3.7/site-packages/airflow/example_dags/example_time_delta_sensor_async.py for tasks to queue
[2022-11-10T18:57:20.449+0000] {logging_mixin.py:117} INFO - [2022-11-10T18:57:20.449+0000] {dagbag.py:525} INFO - Filling up the DagBag from /home/airflow/.local/lib/python3.7/site-packages/airflow/example_dags/example_time_delta_sensor_async.py
[2022-11-10T18:57:20.463+0000] {processor.py:768} INFO - DAG(s) dict_keys(['example_time_delta_sensor_async']) retrieved from /home/airflow/.local/lib/python3.7/site-packages/airflow/example_dags/example_time_delta_sensor_async.py
[2022-11-10T18:57:20.618+0000] {logging_mixin.py:117} INFO - [2022-11-10T18:57:20.617+0000] {dag.py:2573} INFO - Sync 1 DAGs
[2022-11-10T18:57:20.635+0000] {logging_mixin.py:117} INFO - [2022-11-10T18:57:20.635+0000] {dag.py:3328} INFO - Setting next_dagrun for example_time_delta_sensor_async to None, run_after=None
[2022-11-10T18:57:20.648+0000] {processor.py:178} INFO - Processing /home/airflow/.local/lib/python3.7/site-packages/airflow/example_dags/example_time_delta_sensor_async.py took 0.205 seconds
[2022-11-10T19:05:34.949+0000] {processor.py:156} INFO - Started process (PID=13529) to work on /home/airflow/.local/lib/python3.7/site-packages/airflow/example_dags/example_time_delta_sensor_async.py
[2022-11-10T19:05:34.953+0000] {processor.py:758} INFO - Processing file /home/airflow/.local/lib/python3.7/site-packages/airflow/example_dags/example_time_delta_sensor_async.py for tasks to queue
[2022-11-10T19:05:34.956+0000] {logging_mixin.py:117} INFO - [2022-11-10T19:05:34.956+0000] {dagbag.py:525} INFO - Filling up the DagBag from /home/airflow/.local/lib/python3.7/site-packages/airflow/example_dags/example_time_delta_sensor_async.py
[2022-11-10T19:05:35.035+0000] {processor.py:768} INFO - DAG(s) dict_keys(['example_time_delta_sensor_async']) retrieved from /home/airflow/.local/lib/python3.7/site-packages/airflow/example_dags/example_time_delta_sensor_async.py
[2022-11-10T19:05:35.437+0000] {logging_mixin.py:117} INFO - [2022-11-10T19:05:35.436+0000] {dag.py:2573} INFO - Sync 1 DAGs
[2022-11-10T19:05:35.501+0000] {logging_mixin.py:117} INFO - [2022-11-10T19:05:35.501+0000] {dag.py:3328} INFO - Setting next_dagrun for example_time_delta_sensor_async to None, run_after=None
[2022-11-10T19:05:35.567+0000] {processor.py:178} INFO - Processing /home/airflow/.local/lib/python3.7/site-packages/airflow/example_dags/example_time_delta_sensor_async.py took 0.630 seconds
[2022-11-10T20:13:46.341+0000] {processor.py:156} INFO - Started process (PID=13593) to work on /home/airflow/.local/lib/python3.7/site-packages/airflow/example_dags/example_time_delta_sensor_async.py
[2022-11-10T20:13:46.343+0000] {processor.py:758} INFO - Processing file /home/airflow/.local/lib/python3.7/site-packages/airflow/example_dags/example_time_delta_sensor_async.py for tasks to queue
[2022-11-10T20:13:46.345+0000] {logging_mixin.py:117} INFO - [2022-11-10T20:13:46.345+0000] {dagbag.py:525} INFO - Filling up the DagBag from /home/airflow/.local/lib/python3.7/site-packages/airflow/example_dags/example_time_delta_sensor_async.py
[2022-11-10T20:13:46.369+0000] {processor.py:768} INFO - DAG(s) dict_keys(['example_time_delta_sensor_async']) retrieved from /home/airflow/.local/lib/python3.7/site-packages/airflow/example_dags/example_time_delta_sensor_async.py
[2022-11-10T20:13:46.587+0000] {logging_mixin.py:117} INFO - [2022-11-10T20:13:46.587+0000] {dag.py:2573} INFO - Sync 1 DAGs
[2022-11-10T20:13:46.601+0000] {logging_mixin.py:117} INFO - [2022-11-10T20:13:46.601+0000] {dag.py:3328} INFO - Setting next_dagrun for example_time_delta_sensor_async to None, run_after=None
[2022-11-10T20:13:46.616+0000] {processor.py:178} INFO - Processing /home/airflow/.local/lib/python3.7/site-packages/airflow/example_dags/example_time_delta_sensor_async.py took 0.285 seconds
[2022-11-10T21:37:18.697+0000] {processor.py:156} INFO - Started process (PID=13656) to work on /home/airflow/.local/lib/python3.7/site-packages/airflow/example_dags/example_time_delta_sensor_async.py
[2022-11-10T21:37:18.699+0000] {processor.py:758} INFO - Processing file /home/airflow/.local/lib/python3.7/site-packages/airflow/example_dags/example_time_delta_sensor_async.py for tasks to queue
[2022-11-10T21:37:18.709+0000] {logging_mixin.py:117} INFO - [2022-11-10T21:37:18.709+0000] {dagbag.py:525} INFO - Filling up the DagBag from /home/airflow/.local/lib/python3.7/site-packages/airflow/example_dags/example_time_delta_sensor_async.py
[2022-11-10T21:37:18.721+0000] {processor.py:768} INFO - DAG(s) dict_keys(['example_time_delta_sensor_async']) retrieved from /home/airflow/.local/lib/python3.7/site-packages/airflow/example_dags/example_time_delta_sensor_async.py
[2022-11-10T21:37:18.902+0000] {logging_mixin.py:117} INFO - [2022-11-10T21:37:18.902+0000] {dag.py:2573} INFO - Sync 1 DAGs
[2022-11-10T21:37:18.919+0000] {logging_mixin.py:117} INFO - [2022-11-10T21:37:18.919+0000] {dag.py:3328} INFO - Setting next_dagrun for example_time_delta_sensor_async to None, run_after=None
[2022-11-10T21:37:18.943+0000] {processor.py:178} INFO - Processing /home/airflow/.local/lib/python3.7/site-packages/airflow/example_dags/example_time_delta_sensor_async.py took 0.249 seconds
[2022-11-10T23:18:24.611+0000] {processor.py:156} INFO - Started process (PID=13721) to work on /home/airflow/.local/lib/python3.7/site-packages/airflow/example_dags/example_time_delta_sensor_async.py
[2022-11-10T23:18:24.627+0000] {processor.py:758} INFO - Processing file /home/airflow/.local/lib/python3.7/site-packages/airflow/example_dags/example_time_delta_sensor_async.py for tasks to queue
[2022-11-10T23:18:24.633+0000] {logging_mixin.py:117} INFO - [2022-11-10T23:18:24.632+0000] {dagbag.py:525} INFO - Filling up the DagBag from /home/airflow/.local/lib/python3.7/site-packages/airflow/example_dags/example_time_delta_sensor_async.py
[2022-11-10T23:18:24.734+0000] {processor.py:768} INFO - DAG(s) dict_keys(['example_time_delta_sensor_async']) retrieved from /home/airflow/.local/lib/python3.7/site-packages/airflow/example_dags/example_time_delta_sensor_async.py
[2022-11-10T23:18:26.479+0000] {logging_mixin.py:117} INFO - [2022-11-10T23:18:26.476+0000] {dag.py:2573} INFO - Sync 1 DAGs
[2022-11-10T23:18:26.591+0000] {logging_mixin.py:117} INFO - [2022-11-10T23:18:26.591+0000] {dag.py:3328} INFO - Setting next_dagrun for example_time_delta_sensor_async to None, run_after=None
[2022-11-10T23:18:26.665+0000] {processor.py:178} INFO - Processing /home/airflow/.local/lib/python3.7/site-packages/airflow/example_dags/example_time_delta_sensor_async.py took 2.074 seconds
