[2022-11-10T00:02:12.152+0000] {processor.py:156} INFO - Started process (PID=12527) to work on /home/airflow/.local/lib/python3.7/site-packages/airflow/example_dags/example_latest_only_with_trigger.py
[2022-11-10T00:02:12.181+0000] {processor.py:758} INFO - Processing file /home/airflow/.local/lib/python3.7/site-packages/airflow/example_dags/example_latest_only_with_trigger.py for tasks to queue
[2022-11-10T00:02:12.188+0000] {logging_mixin.py:117} INFO - [2022-11-10T00:02:12.188+0000] {dagbag.py:525} INFO - Filling up the DagBag from /home/airflow/.local/lib/python3.7/site-packages/airflow/example_dags/example_latest_only_with_trigger.py
[2022-11-10T00:02:12.206+0000] {processor.py:768} INFO - DAG(s) dict_keys(['latest_only_with_trigger']) retrieved from /home/airflow/.local/lib/python3.7/site-packages/airflow/example_dags/example_latest_only_with_trigger.py
[2022-11-10T00:02:12.250+0000] {logging_mixin.py:117} INFO - [2022-11-10T00:02:12.250+0000] {dag.py:2573} INFO - Sync 1 DAGs
[2022-11-10T00:02:12.292+0000] {logging_mixin.py:117} INFO - [2022-11-10T00:02:12.292+0000] {dag.py:3328} INFO - Setting next_dagrun for latest_only_with_trigger to 2022-11-09T20:02:12.292205+00:00, run_after=2022-11-10T00:02:12.292205+00:00
[2022-11-10T00:02:12.337+0000] {processor.py:178} INFO - Processing /home/airflow/.local/lib/python3.7/site-packages/airflow/example_dags/example_latest_only_with_trigger.py took 0.190 seconds
[2022-11-10T01:24:32.666+0000] {processor.py:156} INFO - Started process (PID=12591) to work on /home/airflow/.local/lib/python3.7/site-packages/airflow/example_dags/example_latest_only_with_trigger.py
[2022-11-10T01:24:32.671+0000] {processor.py:758} INFO - Processing file /home/airflow/.local/lib/python3.7/site-packages/airflow/example_dags/example_latest_only_with_trigger.py for tasks to queue
[2022-11-10T01:24:32.677+0000] {logging_mixin.py:117} INFO - [2022-11-10T01:24:32.677+0000] {dagbag.py:525} INFO - Filling up the DagBag from /home/airflow/.local/lib/python3.7/site-packages/airflow/example_dags/example_latest_only_with_trigger.py
[2022-11-10T01:24:32.699+0000] {processor.py:768} INFO - DAG(s) dict_keys(['latest_only_with_trigger']) retrieved from /home/airflow/.local/lib/python3.7/site-packages/airflow/example_dags/example_latest_only_with_trigger.py
[2022-11-10T01:24:32.763+0000] {logging_mixin.py:117} INFO - [2022-11-10T01:24:32.763+0000] {dag.py:2573} INFO - Sync 1 DAGs
[2022-11-10T01:24:32.785+0000] {logging_mixin.py:117} INFO - [2022-11-10T01:24:32.784+0000] {dag.py:3328} INFO - Setting next_dagrun for latest_only_with_trigger to 2022-11-09T21:24:32.784647+00:00, run_after=2022-11-10T01:24:32.784647+00:00
[2022-11-10T01:24:32.819+0000] {processor.py:178} INFO - Processing /home/airflow/.local/lib/python3.7/site-packages/airflow/example_dags/example_latest_only_with_trigger.py took 0.159 seconds
[2022-11-10T02:29:06.013+0000] {processor.py:156} INFO - Started process (PID=12646) to work on /home/airflow/.local/lib/python3.7/site-packages/airflow/example_dags/example_latest_only_with_trigger.py
[2022-11-10T02:29:06.016+0000] {processor.py:758} INFO - Processing file /home/airflow/.local/lib/python3.7/site-packages/airflow/example_dags/example_latest_only_with_trigger.py for tasks to queue
[2022-11-10T02:29:06.018+0000] {logging_mixin.py:117} INFO - [2022-11-10T02:29:06.018+0000] {dagbag.py:525} INFO - Filling up the DagBag from /home/airflow/.local/lib/python3.7/site-packages/airflow/example_dags/example_latest_only_with_trigger.py
[2022-11-10T02:29:06.063+0000] {processor.py:768} INFO - DAG(s) dict_keys(['latest_only_with_trigger']) retrieved from /home/airflow/.local/lib/python3.7/site-packages/airflow/example_dags/example_latest_only_with_trigger.py
[2022-11-10T02:29:06.228+0000] {logging_mixin.py:117} INFO - [2022-11-10T02:29:06.227+0000] {dag.py:2573} INFO - Sync 1 DAGs
[2022-11-10T02:29:06.283+0000] {logging_mixin.py:117} INFO - [2022-11-10T02:29:06.283+0000] {dag.py:3328} INFO - Setting next_dagrun for latest_only_with_trigger to 2022-11-09T22:29:06.282915+00:00, run_after=2022-11-10T02:29:06.282915+00:00
[2022-11-10T02:29:06.312+0000] {processor.py:178} INFO - Processing /home/airflow/.local/lib/python3.7/site-packages/airflow/example_dags/example_latest_only_with_trigger.py took 0.303 seconds
[2022-11-10T03:35:46.804+0000] {processor.py:156} INFO - Started process (PID=12709) to work on /home/airflow/.local/lib/python3.7/site-packages/airflow/example_dags/example_latest_only_with_trigger.py
[2022-11-10T03:35:46.805+0000] {processor.py:758} INFO - Processing file /home/airflow/.local/lib/python3.7/site-packages/airflow/example_dags/example_latest_only_with_trigger.py for tasks to queue
[2022-11-10T03:35:46.809+0000] {logging_mixin.py:117} INFO - [2022-11-10T03:35:46.809+0000] {dagbag.py:525} INFO - Filling up the DagBag from /home/airflow/.local/lib/python3.7/site-packages/airflow/example_dags/example_latest_only_with_trigger.py
[2022-11-10T03:35:46.824+0000] {processor.py:768} INFO - DAG(s) dict_keys(['latest_only_with_trigger']) retrieved from /home/airflow/.local/lib/python3.7/site-packages/airflow/example_dags/example_latest_only_with_trigger.py
[2022-11-10T03:35:46.861+0000] {logging_mixin.py:117} INFO - [2022-11-10T03:35:46.861+0000] {dag.py:2573} INFO - Sync 1 DAGs
[2022-11-10T03:35:46.888+0000] {logging_mixin.py:117} INFO - [2022-11-10T03:35:46.888+0000] {dag.py:3328} INFO - Setting next_dagrun for latest_only_with_trigger to 2022-11-09T23:35:46.888347+00:00, run_after=2022-11-10T03:35:46.888347+00:00
[2022-11-10T03:35:46.921+0000] {processor.py:178} INFO - Processing /home/airflow/.local/lib/python3.7/site-packages/airflow/example_dags/example_latest_only_with_trigger.py took 0.120 seconds
[2022-11-10T04:59:24.939+0000] {processor.py:156} INFO - Started process (PID=12771) to work on /home/airflow/.local/lib/python3.7/site-packages/airflow/example_dags/example_latest_only_with_trigger.py
[2022-11-10T04:59:24.986+0000] {processor.py:758} INFO - Processing file /home/airflow/.local/lib/python3.7/site-packages/airflow/example_dags/example_latest_only_with_trigger.py for tasks to queue
[2022-11-10T04:59:24.990+0000] {logging_mixin.py:117} INFO - [2022-11-10T04:59:24.989+0000] {dagbag.py:525} INFO - Filling up the DagBag from /home/airflow/.local/lib/python3.7/site-packages/airflow/example_dags/example_latest_only_with_trigger.py
[2022-11-10T04:59:25.264+0000] {processor.py:768} INFO - DAG(s) dict_keys(['latest_only_with_trigger']) retrieved from /home/airflow/.local/lib/python3.7/site-packages/airflow/example_dags/example_latest_only_with_trigger.py
[2022-11-10T04:59:25.812+0000] {logging_mixin.py:117} INFO - [2022-11-10T04:59:25.811+0000] {dag.py:2573} INFO - Sync 1 DAGs
[2022-11-10T04:59:26.150+0000] {logging_mixin.py:117} INFO - [2022-11-10T04:59:26.149+0000] {dag.py:3328} INFO - Setting next_dagrun for latest_only_with_trigger to 2022-11-10T00:59:26.147066+00:00, run_after=2022-11-10T04:59:26.147066+00:00
[2022-11-10T04:59:26.315+0000] {processor.py:178} INFO - Processing /home/airflow/.local/lib/python3.7/site-packages/airflow/example_dags/example_latest_only_with_trigger.py took 1.407 seconds
[2022-11-10T06:22:29.447+0000] {processor.py:156} INFO - Started process (PID=12828) to work on /home/airflow/.local/lib/python3.7/site-packages/airflow/example_dags/example_latest_only_with_trigger.py
[2022-11-10T06:22:29.465+0000] {processor.py:758} INFO - Processing file /home/airflow/.local/lib/python3.7/site-packages/airflow/example_dags/example_latest_only_with_trigger.py for tasks to queue
[2022-11-10T06:22:29.476+0000] {logging_mixin.py:117} INFO - [2022-11-10T06:22:29.475+0000] {dagbag.py:525} INFO - Filling up the DagBag from /home/airflow/.local/lib/python3.7/site-packages/airflow/example_dags/example_latest_only_with_trigger.py
[2022-11-10T06:22:29.499+0000] {processor.py:768} INFO - DAG(s) dict_keys(['latest_only_with_trigger']) retrieved from /home/airflow/.local/lib/python3.7/site-packages/airflow/example_dags/example_latest_only_with_trigger.py
[2022-11-10T06:22:29.753+0000] {logging_mixin.py:117} INFO - [2022-11-10T06:22:29.753+0000] {dag.py:2573} INFO - Sync 1 DAGs
[2022-11-10T06:22:29.791+0000] {logging_mixin.py:117} INFO - [2022-11-10T06:22:29.791+0000] {dag.py:3328} INFO - Setting next_dagrun for latest_only_with_trigger to 2022-11-10T02:22:29.789764+00:00, run_after=2022-11-10T06:22:29.789764+00:00
[2022-11-10T06:22:29.835+0000] {processor.py:178} INFO - Processing /home/airflow/.local/lib/python3.7/site-packages/airflow/example_dags/example_latest_only_with_trigger.py took 0.391 seconds
[2022-11-10T08:00:51.929+0000] {processor.py:156} INFO - Started process (PID=12890) to work on /home/airflow/.local/lib/python3.7/site-packages/airflow/example_dags/example_latest_only_with_trigger.py
[2022-11-10T08:00:51.938+0000] {processor.py:758} INFO - Processing file /home/airflow/.local/lib/python3.7/site-packages/airflow/example_dags/example_latest_only_with_trigger.py for tasks to queue
[2022-11-10T08:00:51.953+0000] {logging_mixin.py:117} INFO - [2022-11-10T08:00:51.953+0000] {dagbag.py:525} INFO - Filling up the DagBag from /home/airflow/.local/lib/python3.7/site-packages/airflow/example_dags/example_latest_only_with_trigger.py
[2022-11-10T08:00:52.077+0000] {processor.py:768} INFO - DAG(s) dict_keys(['latest_only_with_trigger']) retrieved from /home/airflow/.local/lib/python3.7/site-packages/airflow/example_dags/example_latest_only_with_trigger.py
[2022-11-10T08:00:52.283+0000] {logging_mixin.py:117} INFO - [2022-11-10T08:00:52.283+0000] {dag.py:2573} INFO - Sync 1 DAGs
[2022-11-10T08:00:52.384+0000] {logging_mixin.py:117} INFO - [2022-11-10T08:00:52.384+0000] {dag.py:3328} INFO - Setting next_dagrun for latest_only_with_trigger to 2022-11-10T04:00:52.381015+00:00, run_after=2022-11-10T08:00:52.381015+00:00
[2022-11-10T08:00:52.448+0000] {processor.py:178} INFO - Processing /home/airflow/.local/lib/python3.7/site-packages/airflow/example_dags/example_latest_only_with_trigger.py took 0.522 seconds
[2022-11-10T09:23:06.158+0000] {processor.py:156} INFO - Started process (PID=12944) to work on /home/airflow/.local/lib/python3.7/site-packages/airflow/example_dags/example_latest_only_with_trigger.py
[2022-11-10T09:23:06.172+0000] {processor.py:758} INFO - Processing file /home/airflow/.local/lib/python3.7/site-packages/airflow/example_dags/example_latest_only_with_trigger.py for tasks to queue
[2022-11-10T09:23:06.175+0000] {logging_mixin.py:117} INFO - [2022-11-10T09:23:06.175+0000] {dagbag.py:525} INFO - Filling up the DagBag from /home/airflow/.local/lib/python3.7/site-packages/airflow/example_dags/example_latest_only_with_trigger.py
[2022-11-10T09:23:06.195+0000] {processor.py:768} INFO - DAG(s) dict_keys(['latest_only_with_trigger']) retrieved from /home/airflow/.local/lib/python3.7/site-packages/airflow/example_dags/example_latest_only_with_trigger.py
[2022-11-10T09:23:06.262+0000] {logging_mixin.py:117} INFO - [2022-11-10T09:23:06.262+0000] {dag.py:2573} INFO - Sync 1 DAGs
[2022-11-10T09:23:06.293+0000] {logging_mixin.py:117} INFO - [2022-11-10T09:23:06.293+0000] {dag.py:3328} INFO - Setting next_dagrun for latest_only_with_trigger to 2022-11-10T05:23:06.293467+00:00, run_after=2022-11-10T09:23:06.293467+00:00
[2022-11-10T09:23:06.312+0000] {processor.py:178} INFO - Processing /home/airflow/.local/lib/python3.7/site-packages/airflow/example_dags/example_latest_only_with_trigger.py took 0.160 seconds
[2022-11-10T10:48:46.323+0000] {processor.py:156} INFO - Started process (PID=12998) to work on /home/airflow/.local/lib/python3.7/site-packages/airflow/example_dags/example_latest_only_with_trigger.py
[2022-11-10T10:48:46.327+0000] {processor.py:758} INFO - Processing file /home/airflow/.local/lib/python3.7/site-packages/airflow/example_dags/example_latest_only_with_trigger.py for tasks to queue
[2022-11-10T10:48:46.334+0000] {logging_mixin.py:117} INFO - [2022-11-10T10:48:46.334+0000] {dagbag.py:525} INFO - Filling up the DagBag from /home/airflow/.local/lib/python3.7/site-packages/airflow/example_dags/example_latest_only_with_trigger.py
[2022-11-10T10:48:46.347+0000] {processor.py:768} INFO - DAG(s) dict_keys(['latest_only_with_trigger']) retrieved from /home/airflow/.local/lib/python3.7/site-packages/airflow/example_dags/example_latest_only_with_trigger.py
[2022-11-10T10:48:46.412+0000] {logging_mixin.py:117} INFO - [2022-11-10T10:48:46.412+0000] {dag.py:2573} INFO - Sync 1 DAGs
[2022-11-10T10:48:46.446+0000] {logging_mixin.py:117} INFO - [2022-11-10T10:48:46.446+0000] {dag.py:3328} INFO - Setting next_dagrun for latest_only_with_trigger to 2022-11-10T06:48:46.446098+00:00, run_after=2022-11-10T10:48:46.446098+00:00
[2022-11-10T10:48:46.491+0000] {processor.py:178} INFO - Processing /home/airflow/.local/lib/python3.7/site-packages/airflow/example_dags/example_latest_only_with_trigger.py took 0.175 seconds
[2022-11-10T12:10:59.515+0000] {processor.py:156} INFO - Started process (PID=13054) to work on /home/airflow/.local/lib/python3.7/site-packages/airflow/example_dags/example_latest_only_with_trigger.py
[2022-11-10T12:10:59.602+0000] {processor.py:758} INFO - Processing file /home/airflow/.local/lib/python3.7/site-packages/airflow/example_dags/example_latest_only_with_trigger.py for tasks to queue
[2022-11-10T12:10:59.606+0000] {logging_mixin.py:117} INFO - [2022-11-10T12:10:59.605+0000] {dagbag.py:525} INFO - Filling up the DagBag from /home/airflow/.local/lib/python3.7/site-packages/airflow/example_dags/example_latest_only_with_trigger.py
[2022-11-10T12:10:59.633+0000] {processor.py:768} INFO - DAG(s) dict_keys(['latest_only_with_trigger']) retrieved from /home/airflow/.local/lib/python3.7/site-packages/airflow/example_dags/example_latest_only_with_trigger.py
[2022-11-10T12:10:59.801+0000] {logging_mixin.py:117} INFO - [2022-11-10T12:10:59.801+0000] {dag.py:2573} INFO - Sync 1 DAGs
[2022-11-10T12:10:59.881+0000] {logging_mixin.py:117} INFO - [2022-11-10T12:10:59.881+0000] {dag.py:3328} INFO - Setting next_dagrun for latest_only_with_trigger to 2022-11-10T08:10:59.880979+00:00, run_after=2022-11-10T12:10:59.880979+00:00
[2022-11-10T12:10:59.902+0000] {processor.py:178} INFO - Processing /home/airflow/.local/lib/python3.7/site-packages/airflow/example_dags/example_latest_only_with_trigger.py took 0.632 seconds
[2022-11-10T13:33:28.343+0000] {processor.py:156} INFO - Started process (PID=13110) to work on /home/airflow/.local/lib/python3.7/site-packages/airflow/example_dags/example_latest_only_with_trigger.py
[2022-11-10T13:33:28.348+0000] {processor.py:758} INFO - Processing file /home/airflow/.local/lib/python3.7/site-packages/airflow/example_dags/example_latest_only_with_trigger.py for tasks to queue
[2022-11-10T13:33:28.355+0000] {logging_mixin.py:117} INFO - [2022-11-10T13:33:28.351+0000] {dagbag.py:525} INFO - Filling up the DagBag from /home/airflow/.local/lib/python3.7/site-packages/airflow/example_dags/example_latest_only_with_trigger.py
[2022-11-10T13:33:28.432+0000] {processor.py:768} INFO - DAG(s) dict_keys(['latest_only_with_trigger']) retrieved from /home/airflow/.local/lib/python3.7/site-packages/airflow/example_dags/example_latest_only_with_trigger.py
[2022-11-10T13:33:28.643+0000] {logging_mixin.py:117} INFO - [2022-11-10T13:33:28.643+0000] {dag.py:2573} INFO - Sync 1 DAGs
[2022-11-10T13:33:28.690+0000] {logging_mixin.py:117} INFO - [2022-11-10T13:33:28.690+0000] {dag.py:3328} INFO - Setting next_dagrun for latest_only_with_trigger to 2022-11-10T09:33:28.689979+00:00, run_after=2022-11-10T13:33:28.689979+00:00
[2022-11-10T13:33:28.723+0000] {processor.py:178} INFO - Processing /home/airflow/.local/lib/python3.7/site-packages/airflow/example_dags/example_latest_only_with_trigger.py took 0.383 seconds
[2022-11-10T14:37:17.915+0000] {processor.py:156} INFO - Started process (PID=13164) to work on /home/airflow/.local/lib/python3.7/site-packages/airflow/example_dags/example_latest_only_with_trigger.py
[2022-11-10T14:37:17.945+0000] {processor.py:758} INFO - Processing file /home/airflow/.local/lib/python3.7/site-packages/airflow/example_dags/example_latest_only_with_trigger.py for tasks to queue
[2022-11-10T14:37:17.950+0000] {logging_mixin.py:117} INFO - [2022-11-10T14:37:17.949+0000] {dagbag.py:525} INFO - Filling up the DagBag from /home/airflow/.local/lib/python3.7/site-packages/airflow/example_dags/example_latest_only_with_trigger.py
[2022-11-10T14:37:18.071+0000] {processor.py:768} INFO - DAG(s) dict_keys(['latest_only_with_trigger']) retrieved from /home/airflow/.local/lib/python3.7/site-packages/airflow/example_dags/example_latest_only_with_trigger.py
[2022-11-10T14:37:18.837+0000] {logging_mixin.py:117} INFO - [2022-11-10T14:37:18.835+0000] {dag.py:2573} INFO - Sync 1 DAGs
[2022-11-10T14:37:18.960+0000] {logging_mixin.py:117} INFO - [2022-11-10T14:37:18.959+0000] {dag.py:3328} INFO - Setting next_dagrun for latest_only_with_trigger to 2022-11-10T10:37:18.958863+00:00, run_after=2022-11-10T14:37:18.958863+00:00
[2022-11-10T14:37:19.113+0000] {processor.py:178} INFO - Processing /home/airflow/.local/lib/python3.7/site-packages/airflow/example_dags/example_latest_only_with_trigger.py took 1.281 seconds
[2022-11-10T14:45:44.682+0000] {processor.py:156} INFO - Started process (PID=13228) to work on /home/airflow/.local/lib/python3.7/site-packages/airflow/example_dags/example_latest_only_with_trigger.py
[2022-11-10T14:45:44.689+0000] {processor.py:758} INFO - Processing file /home/airflow/.local/lib/python3.7/site-packages/airflow/example_dags/example_latest_only_with_trigger.py for tasks to queue
[2022-11-10T14:45:44.700+0000] {logging_mixin.py:117} INFO - [2022-11-10T14:45:44.700+0000] {dagbag.py:525} INFO - Filling up the DagBag from /home/airflow/.local/lib/python3.7/site-packages/airflow/example_dags/example_latest_only_with_trigger.py
[2022-11-10T14:45:44.963+0000] {processor.py:768} INFO - DAG(s) dict_keys(['latest_only_with_trigger']) retrieved from /home/airflow/.local/lib/python3.7/site-packages/airflow/example_dags/example_latest_only_with_trigger.py
[2022-11-10T14:45:45.158+0000] {logging_mixin.py:117} INFO - [2022-11-10T14:45:45.158+0000] {dag.py:2573} INFO - Sync 1 DAGs
[2022-11-10T14:45:45.214+0000] {logging_mixin.py:117} INFO - [2022-11-10T14:45:45.214+0000] {dag.py:3328} INFO - Setting next_dagrun for latest_only_with_trigger to 2022-11-10T10:45:45.213847+00:00, run_after=2022-11-10T14:45:45.213847+00:00
[2022-11-10T14:45:45.263+0000] {processor.py:178} INFO - Processing /home/airflow/.local/lib/python3.7/site-packages/airflow/example_dags/example_latest_only_with_trigger.py took 0.591 seconds
[2022-11-10T15:04:49.460+0000] {processor.py:156} INFO - Started process (PID=13283) to work on /home/airflow/.local/lib/python3.7/site-packages/airflow/example_dags/example_latest_only_with_trigger.py
[2022-11-10T15:04:49.513+0000] {processor.py:758} INFO - Processing file /home/airflow/.local/lib/python3.7/site-packages/airflow/example_dags/example_latest_only_with_trigger.py for tasks to queue
[2022-11-10T15:04:49.535+0000] {logging_mixin.py:117} INFO - [2022-11-10T15:04:49.535+0000] {dagbag.py:525} INFO - Filling up the DagBag from /home/airflow/.local/lib/python3.7/site-packages/airflow/example_dags/example_latest_only_with_trigger.py
[2022-11-10T15:04:49.994+0000] {processor.py:768} INFO - DAG(s) dict_keys(['latest_only_with_trigger']) retrieved from /home/airflow/.local/lib/python3.7/site-packages/airflow/example_dags/example_latest_only_with_trigger.py
[2022-11-10T15:04:52.218+0000] {logging_mixin.py:117} INFO - [2022-11-10T15:04:52.148+0000] {dag.py:2573} INFO - Sync 1 DAGs
[2022-11-10T15:04:52.369+0000] {logging_mixin.py:117} INFO - [2022-11-10T15:04:52.368+0000] {dag.py:3328} INFO - Setting next_dagrun for latest_only_with_trigger to 2022-11-10T11:04:52.368022+00:00, run_after=2022-11-10T15:04:52.368022+00:00
[2022-11-10T15:04:52.437+0000] {processor.py:178} INFO - Processing /home/airflow/.local/lib/python3.7/site-packages/airflow/example_dags/example_latest_only_with_trigger.py took 2.993 seconds
[2022-11-10T16:10:39.550+0000] {processor.py:156} INFO - Started process (PID=13338) to work on /home/airflow/.local/lib/python3.7/site-packages/airflow/example_dags/example_latest_only_with_trigger.py
[2022-11-10T16:10:39.556+0000] {processor.py:758} INFO - Processing file /home/airflow/.local/lib/python3.7/site-packages/airflow/example_dags/example_latest_only_with_trigger.py for tasks to queue
[2022-11-10T16:10:39.561+0000] {logging_mixin.py:117} INFO - [2022-11-10T16:10:39.561+0000] {dagbag.py:525} INFO - Filling up the DagBag from /home/airflow/.local/lib/python3.7/site-packages/airflow/example_dags/example_latest_only_with_trigger.py
[2022-11-10T16:10:39.584+0000] {processor.py:768} INFO - DAG(s) dict_keys(['latest_only_with_trigger']) retrieved from /home/airflow/.local/lib/python3.7/site-packages/airflow/example_dags/example_latest_only_with_trigger.py
[2022-11-10T16:10:39.655+0000] {logging_mixin.py:117} INFO - [2022-11-10T16:10:39.655+0000] {dag.py:2573} INFO - Sync 1 DAGs
[2022-11-10T16:10:39.700+0000] {logging_mixin.py:117} INFO - [2022-11-10T16:10:39.700+0000] {dag.py:3328} INFO - Setting next_dagrun for latest_only_with_trigger to 2022-11-10T12:10:39.700357+00:00, run_after=2022-11-10T16:10:39.700357+00:00
[2022-11-10T16:10:39.732+0000] {processor.py:178} INFO - Processing /home/airflow/.local/lib/python3.7/site-packages/airflow/example_dags/example_latest_only_with_trigger.py took 0.187 seconds
[2022-11-10T17:34:39.939+0000] {processor.py:156} INFO - Started process (PID=13392) to work on /home/airflow/.local/lib/python3.7/site-packages/airflow/example_dags/example_latest_only_with_trigger.py
[2022-11-10T17:34:39.949+0000] {processor.py:758} INFO - Processing file /home/airflow/.local/lib/python3.7/site-packages/airflow/example_dags/example_latest_only_with_trigger.py for tasks to queue
[2022-11-10T17:34:39.962+0000] {logging_mixin.py:117} INFO - [2022-11-10T17:34:39.961+0000] {dagbag.py:525} INFO - Filling up the DagBag from /home/airflow/.local/lib/python3.7/site-packages/airflow/example_dags/example_latest_only_with_trigger.py
[2022-11-10T17:34:40.065+0000] {processor.py:768} INFO - DAG(s) dict_keys(['latest_only_with_trigger']) retrieved from /home/airflow/.local/lib/python3.7/site-packages/airflow/example_dags/example_latest_only_with_trigger.py
[2022-11-10T17:34:40.150+0000] {logging_mixin.py:117} INFO - [2022-11-10T17:34:40.150+0000] {dag.py:2573} INFO - Sync 1 DAGs
[2022-11-10T17:34:40.200+0000] {logging_mixin.py:117} INFO - [2022-11-10T17:34:40.200+0000] {dag.py:3328} INFO - Setting next_dagrun for latest_only_with_trigger to 2022-11-10T13:34:40.199575+00:00, run_after=2022-11-10T17:34:40.199575+00:00
[2022-11-10T17:34:40.222+0000] {processor.py:178} INFO - Processing /home/airflow/.local/lib/python3.7/site-packages/airflow/example_dags/example_latest_only_with_trigger.py took 0.294 seconds
[2022-11-10T18:57:15.122+0000] {processor.py:156} INFO - Started process (PID=13456) to work on /home/airflow/.local/lib/python3.7/site-packages/airflow/example_dags/example_latest_only_with_trigger.py
[2022-11-10T18:57:15.163+0000] {processor.py:758} INFO - Processing file /home/airflow/.local/lib/python3.7/site-packages/airflow/example_dags/example_latest_only_with_trigger.py for tasks to queue
[2022-11-10T18:57:15.191+0000] {logging_mixin.py:117} INFO - [2022-11-10T18:57:15.191+0000] {dagbag.py:525} INFO - Filling up the DagBag from /home/airflow/.local/lib/python3.7/site-packages/airflow/example_dags/example_latest_only_with_trigger.py
[2022-11-10T18:57:15.350+0000] {processor.py:768} INFO - DAG(s) dict_keys(['latest_only_with_trigger']) retrieved from /home/airflow/.local/lib/python3.7/site-packages/airflow/example_dags/example_latest_only_with_trigger.py
[2022-11-10T18:57:15.570+0000] {logging_mixin.py:117} INFO - [2022-11-10T18:57:15.568+0000] {dag.py:2573} INFO - Sync 1 DAGs
[2022-11-10T18:57:15.708+0000] {logging_mixin.py:117} INFO - [2022-11-10T18:57:15.708+0000] {dag.py:3328} INFO - Setting next_dagrun for latest_only_with_trigger to 2022-11-10T14:57:15.707244+00:00, run_after=2022-11-10T18:57:15.707244+00:00
[2022-11-10T18:57:15.848+0000] {processor.py:178} INFO - Processing /home/airflow/.local/lib/python3.7/site-packages/airflow/example_dags/example_latest_only_with_trigger.py took 0.738 seconds
[2022-11-10T19:05:32.160+0000] {processor.py:156} INFO - Started process (PID=13512) to work on /home/airflow/.local/lib/python3.7/site-packages/airflow/example_dags/example_latest_only_with_trigger.py
[2022-11-10T19:05:32.162+0000] {processor.py:758} INFO - Processing file /home/airflow/.local/lib/python3.7/site-packages/airflow/example_dags/example_latest_only_with_trigger.py for tasks to queue
[2022-11-10T19:05:32.165+0000] {logging_mixin.py:117} INFO - [2022-11-10T19:05:32.165+0000] {dagbag.py:525} INFO - Filling up the DagBag from /home/airflow/.local/lib/python3.7/site-packages/airflow/example_dags/example_latest_only_with_trigger.py
[2022-11-10T19:05:32.183+0000] {processor.py:768} INFO - DAG(s) dict_keys(['latest_only_with_trigger']) retrieved from /home/airflow/.local/lib/python3.7/site-packages/airflow/example_dags/example_latest_only_with_trigger.py
[2022-11-10T19:05:32.231+0000] {logging_mixin.py:117} INFO - [2022-11-10T19:05:32.230+0000] {dag.py:2573} INFO - Sync 1 DAGs
[2022-11-10T19:05:32.278+0000] {logging_mixin.py:117} INFO - [2022-11-10T19:05:32.278+0000] {dag.py:3328} INFO - Setting next_dagrun for latest_only_with_trigger to 2022-11-10T15:05:32.277876+00:00, run_after=2022-11-10T19:05:32.277876+00:00
[2022-11-10T19:05:32.323+0000] {processor.py:178} INFO - Processing /home/airflow/.local/lib/python3.7/site-packages/airflow/example_dags/example_latest_only_with_trigger.py took 0.165 seconds
[2022-11-10T20:13:42.128+0000] {processor.py:156} INFO - Started process (PID=13576) to work on /home/airflow/.local/lib/python3.7/site-packages/airflow/example_dags/example_latest_only_with_trigger.py
[2022-11-10T20:13:42.132+0000] {processor.py:758} INFO - Processing file /home/airflow/.local/lib/python3.7/site-packages/airflow/example_dags/example_latest_only_with_trigger.py for tasks to queue
[2022-11-10T20:13:42.134+0000] {logging_mixin.py:117} INFO - [2022-11-10T20:13:42.134+0000] {dagbag.py:525} INFO - Filling up the DagBag from /home/airflow/.local/lib/python3.7/site-packages/airflow/example_dags/example_latest_only_with_trigger.py
[2022-11-10T20:13:42.156+0000] {processor.py:768} INFO - DAG(s) dict_keys(['latest_only_with_trigger']) retrieved from /home/airflow/.local/lib/python3.7/site-packages/airflow/example_dags/example_latest_only_with_trigger.py
[2022-11-10T20:13:42.239+0000] {logging_mixin.py:117} INFO - [2022-11-10T20:13:42.239+0000] {dag.py:2573} INFO - Sync 1 DAGs
[2022-11-10T20:13:42.304+0000] {logging_mixin.py:117} INFO - [2022-11-10T20:13:42.304+0000] {dag.py:3328} INFO - Setting next_dagrun for latest_only_with_trigger to 2022-11-10T16:13:42.304507+00:00, run_after=2022-11-10T20:13:42.304507+00:00
[2022-11-10T20:13:42.330+0000] {processor.py:178} INFO - Processing /home/airflow/.local/lib/python3.7/site-packages/airflow/example_dags/example_latest_only_with_trigger.py took 0.209 seconds
[2022-11-10T21:37:15.073+0000] {processor.py:156} INFO - Started process (PID=13639) to work on /home/airflow/.local/lib/python3.7/site-packages/airflow/example_dags/example_latest_only_with_trigger.py
[2022-11-10T21:37:15.107+0000] {processor.py:758} INFO - Processing file /home/airflow/.local/lib/python3.7/site-packages/airflow/example_dags/example_latest_only_with_trigger.py for tasks to queue
[2022-11-10T21:37:15.142+0000] {logging_mixin.py:117} INFO - [2022-11-10T21:37:15.141+0000] {dagbag.py:525} INFO - Filling up the DagBag from /home/airflow/.local/lib/python3.7/site-packages/airflow/example_dags/example_latest_only_with_trigger.py
[2022-11-10T21:37:15.485+0000] {processor.py:768} INFO - DAG(s) dict_keys(['latest_only_with_trigger']) retrieved from /home/airflow/.local/lib/python3.7/site-packages/airflow/example_dags/example_latest_only_with_trigger.py
[2022-11-10T21:37:15.847+0000] {logging_mixin.py:117} INFO - [2022-11-10T21:37:15.847+0000] {dag.py:2573} INFO - Sync 1 DAGs
[2022-11-10T21:37:16.050+0000] {logging_mixin.py:117} INFO - [2022-11-10T21:37:16.049+0000] {dag.py:3328} INFO - Setting next_dagrun for latest_only_with_trigger to 2022-11-10T17:37:16.049637+00:00, run_after=2022-11-10T21:37:16.049637+00:00
[2022-11-10T21:37:16.141+0000] {processor.py:178} INFO - Processing /home/airflow/.local/lib/python3.7/site-packages/airflow/example_dags/example_latest_only_with_trigger.py took 1.372 seconds
[2022-11-10T23:18:18.960+0000] {processor.py:156} INFO - Started process (PID=13695) to work on /home/airflow/.local/lib/python3.7/site-packages/airflow/example_dags/example_latest_only_with_trigger.py
[2022-11-10T23:18:18.968+0000] {processor.py:758} INFO - Processing file /home/airflow/.local/lib/python3.7/site-packages/airflow/example_dags/example_latest_only_with_trigger.py for tasks to queue
[2022-11-10T23:18:18.973+0000] {logging_mixin.py:117} INFO - [2022-11-10T23:18:18.972+0000] {dagbag.py:525} INFO - Filling up the DagBag from /home/airflow/.local/lib/python3.7/site-packages/airflow/example_dags/example_latest_only_with_trigger.py
[2022-11-10T23:18:19.037+0000] {processor.py:768} INFO - DAG(s) dict_keys(['latest_only_with_trigger']) retrieved from /home/airflow/.local/lib/python3.7/site-packages/airflow/example_dags/example_latest_only_with_trigger.py
[2022-11-10T23:18:19.196+0000] {logging_mixin.py:117} INFO - [2022-11-10T23:18:19.196+0000] {dag.py:2573} INFO - Sync 1 DAGs
[2022-11-10T23:18:19.271+0000] {logging_mixin.py:117} INFO - [2022-11-10T23:18:19.271+0000] {dag.py:3328} INFO - Setting next_dagrun for latest_only_with_trigger to 2022-11-10T19:18:19.269283+00:00, run_after=2022-11-10T23:18:19.269283+00:00
[2022-11-10T23:18:19.323+0000] {processor.py:178} INFO - Processing /home/airflow/.local/lib/python3.7/site-packages/airflow/example_dags/example_latest_only_with_trigger.py took 0.371 seconds
