[2022-11-10T00:02:10.577+0000] {processor.py:156} INFO - Started process (PID=12516) to work on /home/airflow/.local/lib/python3.7/site-packages/airflow/example_dags/example_datasets.py
[2022-11-10T00:02:10.582+0000] {processor.py:758} INFO - Processing file /home/airflow/.local/lib/python3.7/site-packages/airflow/example_dags/example_datasets.py for tasks to queue
[2022-11-10T00:02:10.588+0000] {logging_mixin.py:117} INFO - [2022-11-10T00:02:10.588+0000] {dagbag.py:525} INFO - Filling up the DagBag from /home/airflow/.local/lib/python3.7/site-packages/airflow/example_dags/example_datasets.py
[2022-11-10T00:02:10.612+0000] {processor.py:768} INFO - DAG(s) dict_keys(['dataset_consumes_1_and_2', 'dataset_consumes_1', 'dataset_produces_1', 'dataset_produces_2', 'dataset_consumes_unknown_never_scheduled', 'dataset_consumes_1_never_scheduled']) retrieved from /home/airflow/.local/lib/python3.7/site-packages/airflow/example_dags/example_datasets.py
[2022-11-10T00:02:10.653+0000] {logging_mixin.py:117} INFO - [2022-11-10T00:02:10.653+0000] {dag.py:2573} INFO - Sync 6 DAGs
[2022-11-10T00:02:10.674+0000] {logging_mixin.py:117} INFO - [2022-11-10T00:02:10.674+0000] {dag.py:3328} INFO - Setting next_dagrun for dataset_consumes_1 to None, run_after=None
[2022-11-10T00:02:10.679+0000] {logging_mixin.py:117} INFO - [2022-11-10T00:02:10.679+0000] {dag.py:3328} INFO - Setting next_dagrun for dataset_consumes_1_and_2 to None, run_after=None
[2022-11-10T00:02:10.683+0000] {logging_mixin.py:117} INFO - [2022-11-10T00:02:10.683+0000] {dag.py:3328} INFO - Setting next_dagrun for dataset_consumes_1_never_scheduled to None, run_after=None
[2022-11-10T00:02:10.687+0000] {logging_mixin.py:117} INFO - [2022-11-10T00:02:10.687+0000] {dag.py:3328} INFO - Setting next_dagrun for dataset_consumes_unknown_never_scheduled to None, run_after=None
[2022-11-10T00:02:10.693+0000] {logging_mixin.py:117} INFO - [2022-11-10T00:02:10.693+0000] {dag.py:3328} INFO - Setting next_dagrun for dataset_produces_1 to 2022-11-09T00:00:00+00:00, run_after=2022-11-10T00:00:00+00:00
[2022-11-10T00:02:10.695+0000] {logging_mixin.py:117} INFO - [2022-11-10T00:02:10.695+0000] {dag.py:3328} INFO - Setting next_dagrun for dataset_produces_2 to None, run_after=None
[2022-11-10T00:02:10.730+0000] {processor.py:178} INFO - Processing /home/airflow/.local/lib/python3.7/site-packages/airflow/example_dags/example_datasets.py took 0.155 seconds
[2022-11-10T01:24:31.057+0000] {processor.py:156} INFO - Started process (PID=12571) to work on /home/airflow/.local/lib/python3.7/site-packages/airflow/example_dags/example_datasets.py
[2022-11-10T01:24:31.059+0000] {processor.py:758} INFO - Processing file /home/airflow/.local/lib/python3.7/site-packages/airflow/example_dags/example_datasets.py for tasks to queue
[2022-11-10T01:24:31.061+0000] {logging_mixin.py:117} INFO - [2022-11-10T01:24:31.061+0000] {dagbag.py:525} INFO - Filling up the DagBag from /home/airflow/.local/lib/python3.7/site-packages/airflow/example_dags/example_datasets.py
[2022-11-10T01:24:31.085+0000] {processor.py:768} INFO - DAG(s) dict_keys(['dataset_consumes_1_and_2', 'dataset_consumes_1_never_scheduled', 'dataset_produces_1', 'dataset_consumes_unknown_never_scheduled', 'dataset_consumes_1', 'dataset_produces_2']) retrieved from /home/airflow/.local/lib/python3.7/site-packages/airflow/example_dags/example_datasets.py
[2022-11-10T01:24:31.129+0000] {logging_mixin.py:117} INFO - [2022-11-10T01:24:31.129+0000] {dag.py:2573} INFO - Sync 6 DAGs
[2022-11-10T01:24:31.147+0000] {logging_mixin.py:117} INFO - [2022-11-10T01:24:31.147+0000] {dag.py:3328} INFO - Setting next_dagrun for dataset_consumes_1 to None, run_after=None
[2022-11-10T01:24:31.151+0000] {logging_mixin.py:117} INFO - [2022-11-10T01:24:31.151+0000] {dag.py:3328} INFO - Setting next_dagrun for dataset_consumes_1_and_2 to None, run_after=None
[2022-11-10T01:24:31.153+0000] {logging_mixin.py:117} INFO - [2022-11-10T01:24:31.153+0000] {dag.py:3328} INFO - Setting next_dagrun for dataset_consumes_1_never_scheduled to None, run_after=None
[2022-11-10T01:24:31.155+0000] {logging_mixin.py:117} INFO - [2022-11-10T01:24:31.155+0000] {dag.py:3328} INFO - Setting next_dagrun for dataset_consumes_unknown_never_scheduled to None, run_after=None
[2022-11-10T01:24:31.158+0000] {logging_mixin.py:117} INFO - [2022-11-10T01:24:31.158+0000] {dag.py:3328} INFO - Setting next_dagrun for dataset_produces_1 to 2022-11-09T00:00:00+00:00, run_after=2022-11-10T00:00:00+00:00
[2022-11-10T01:24:31.159+0000] {logging_mixin.py:117} INFO - [2022-11-10T01:24:31.159+0000] {dag.py:3328} INFO - Setting next_dagrun for dataset_produces_2 to None, run_after=None
[2022-11-10T01:24:31.178+0000] {processor.py:178} INFO - Processing /home/airflow/.local/lib/python3.7/site-packages/airflow/example_dags/example_datasets.py took 0.126 seconds
[2022-11-10T02:29:03.755+0000] {processor.py:156} INFO - Started process (PID=12635) to work on /home/airflow/.local/lib/python3.7/site-packages/airflow/example_dags/example_datasets.py
[2022-11-10T02:29:03.760+0000] {processor.py:758} INFO - Processing file /home/airflow/.local/lib/python3.7/site-packages/airflow/example_dags/example_datasets.py for tasks to queue
[2022-11-10T02:29:03.763+0000] {logging_mixin.py:117} INFO - [2022-11-10T02:29:03.762+0000] {dagbag.py:525} INFO - Filling up the DagBag from /home/airflow/.local/lib/python3.7/site-packages/airflow/example_dags/example_datasets.py
[2022-11-10T02:29:03.858+0000] {processor.py:768} INFO - DAG(s) dict_keys(['dataset_produces_1', 'dataset_consumes_1', 'dataset_produces_2', 'dataset_consumes_unknown_never_scheduled', 'dataset_consumes_1_never_scheduled', 'dataset_consumes_1_and_2']) retrieved from /home/airflow/.local/lib/python3.7/site-packages/airflow/example_dags/example_datasets.py
[2022-11-10T02:29:04.029+0000] {logging_mixin.py:117} INFO - [2022-11-10T02:29:04.029+0000] {dag.py:2573} INFO - Sync 6 DAGs
[2022-11-10T02:29:04.058+0000] {logging_mixin.py:117} INFO - [2022-11-10T02:29:04.058+0000] {dag.py:3328} INFO - Setting next_dagrun for dataset_consumes_1 to None, run_after=None
[2022-11-10T02:29:04.065+0000] {logging_mixin.py:117} INFO - [2022-11-10T02:29:04.065+0000] {dag.py:3328} INFO - Setting next_dagrun for dataset_consumes_1_and_2 to None, run_after=None
[2022-11-10T02:29:04.071+0000] {logging_mixin.py:117} INFO - [2022-11-10T02:29:04.071+0000] {dag.py:3328} INFO - Setting next_dagrun for dataset_consumes_1_never_scheduled to None, run_after=None
[2022-11-10T02:29:04.073+0000] {logging_mixin.py:117} INFO - [2022-11-10T02:29:04.073+0000] {dag.py:3328} INFO - Setting next_dagrun for dataset_consumes_unknown_never_scheduled to None, run_after=None
[2022-11-10T02:29:04.077+0000] {logging_mixin.py:117} INFO - [2022-11-10T02:29:04.076+0000] {dag.py:3328} INFO - Setting next_dagrun for dataset_produces_1 to 2022-11-09T00:00:00+00:00, run_after=2022-11-10T00:00:00+00:00
[2022-11-10T02:29:04.079+0000] {logging_mixin.py:117} INFO - [2022-11-10T02:29:04.079+0000] {dag.py:3328} INFO - Setting next_dagrun for dataset_produces_2 to None, run_after=None
[2022-11-10T02:29:04.130+0000] {processor.py:178} INFO - Processing /home/airflow/.local/lib/python3.7/site-packages/airflow/example_dags/example_datasets.py took 0.382 seconds
[2022-11-10T03:35:45.017+0000] {processor.py:156} INFO - Started process (PID=12698) to work on /home/airflow/.local/lib/python3.7/site-packages/airflow/example_dags/example_datasets.py
[2022-11-10T03:35:45.023+0000] {processor.py:758} INFO - Processing file /home/airflow/.local/lib/python3.7/site-packages/airflow/example_dags/example_datasets.py for tasks to queue
[2022-11-10T03:35:45.024+0000] {logging_mixin.py:117} INFO - [2022-11-10T03:35:45.024+0000] {dagbag.py:525} INFO - Filling up the DagBag from /home/airflow/.local/lib/python3.7/site-packages/airflow/example_dags/example_datasets.py
[2022-11-10T03:35:45.046+0000] {processor.py:768} INFO - DAG(s) dict_keys(['dataset_consumes_1', 'dataset_consumes_1_never_scheduled', 'dataset_produces_2', 'dataset_consumes_unknown_never_scheduled', 'dataset_produces_1', 'dataset_consumes_1_and_2']) retrieved from /home/airflow/.local/lib/python3.7/site-packages/airflow/example_dags/example_datasets.py
[2022-11-10T03:35:45.103+0000] {logging_mixin.py:117} INFO - [2022-11-10T03:35:45.102+0000] {dag.py:2573} INFO - Sync 6 DAGs
[2022-11-10T03:35:45.129+0000] {logging_mixin.py:117} INFO - [2022-11-10T03:35:45.128+0000] {dag.py:3328} INFO - Setting next_dagrun for dataset_consumes_1 to None, run_after=None
[2022-11-10T03:35:45.133+0000] {logging_mixin.py:117} INFO - [2022-11-10T03:35:45.133+0000] {dag.py:3328} INFO - Setting next_dagrun for dataset_consumes_1_and_2 to None, run_after=None
[2022-11-10T03:35:45.134+0000] {logging_mixin.py:117} INFO - [2022-11-10T03:35:45.134+0000] {dag.py:3328} INFO - Setting next_dagrun for dataset_consumes_1_never_scheduled to None, run_after=None
[2022-11-10T03:35:45.160+0000] {logging_mixin.py:117} INFO - [2022-11-10T03:35:45.159+0000] {dag.py:3328} INFO - Setting next_dagrun for dataset_consumes_unknown_never_scheduled to None, run_after=None
[2022-11-10T03:35:45.185+0000] {logging_mixin.py:117} INFO - [2022-11-10T03:35:45.185+0000] {dag.py:3328} INFO - Setting next_dagrun for dataset_produces_1 to 2022-11-09T00:00:00+00:00, run_after=2022-11-10T00:00:00+00:00
[2022-11-10T03:35:45.190+0000] {logging_mixin.py:117} INFO - [2022-11-10T03:35:45.190+0000] {dag.py:3328} INFO - Setting next_dagrun for dataset_produces_2 to None, run_after=None
[2022-11-10T03:35:45.270+0000] {processor.py:178} INFO - Processing /home/airflow/.local/lib/python3.7/site-packages/airflow/example_dags/example_datasets.py took 0.258 seconds
[2022-11-10T04:59:22.071+0000] {processor.py:156} INFO - Started process (PID=12753) to work on /home/airflow/.local/lib/python3.7/site-packages/airflow/example_dags/example_datasets.py
[2022-11-10T04:59:22.076+0000] {processor.py:758} INFO - Processing file /home/airflow/.local/lib/python3.7/site-packages/airflow/example_dags/example_datasets.py for tasks to queue
[2022-11-10T04:59:22.079+0000] {logging_mixin.py:117} INFO - [2022-11-10T04:59:22.079+0000] {dagbag.py:525} INFO - Filling up the DagBag from /home/airflow/.local/lib/python3.7/site-packages/airflow/example_dags/example_datasets.py
[2022-11-10T04:59:22.108+0000] {processor.py:768} INFO - DAG(s) dict_keys(['dataset_consumes_1_and_2', 'dataset_consumes_1_never_scheduled', 'dataset_consumes_unknown_never_scheduled', 'dataset_produces_2', 'dataset_consumes_1', 'dataset_produces_1']) retrieved from /home/airflow/.local/lib/python3.7/site-packages/airflow/example_dags/example_datasets.py
[2022-11-10T04:59:22.190+0000] {logging_mixin.py:117} INFO - [2022-11-10T04:59:22.189+0000] {dag.py:2573} INFO - Sync 6 DAGs
[2022-11-10T04:59:22.260+0000] {logging_mixin.py:117} INFO - [2022-11-10T04:59:22.259+0000] {dag.py:3328} INFO - Setting next_dagrun for dataset_consumes_1 to None, run_after=None
[2022-11-10T04:59:22.274+0000] {logging_mixin.py:117} INFO - [2022-11-10T04:59:22.274+0000] {dag.py:3328} INFO - Setting next_dagrun for dataset_consumes_1_and_2 to None, run_after=None
[2022-11-10T04:59:22.277+0000] {logging_mixin.py:117} INFO - [2022-11-10T04:59:22.277+0000] {dag.py:3328} INFO - Setting next_dagrun for dataset_consumes_1_never_scheduled to None, run_after=None
[2022-11-10T04:59:22.280+0000] {logging_mixin.py:117} INFO - [2022-11-10T04:59:22.280+0000] {dag.py:3328} INFO - Setting next_dagrun for dataset_consumes_unknown_never_scheduled to None, run_after=None
[2022-11-10T04:59:22.284+0000] {logging_mixin.py:117} INFO - [2022-11-10T04:59:22.284+0000] {dag.py:3328} INFO - Setting next_dagrun for dataset_produces_1 to 2022-11-09T00:00:00+00:00, run_after=2022-11-10T00:00:00+00:00
[2022-11-10T04:59:22.286+0000] {logging_mixin.py:117} INFO - [2022-11-10T04:59:22.286+0000] {dag.py:3328} INFO - Setting next_dagrun for dataset_produces_2 to None, run_after=None
[2022-11-10T04:59:22.340+0000] {processor.py:178} INFO - Processing /home/airflow/.local/lib/python3.7/site-packages/airflow/example_dags/example_datasets.py took 0.275 seconds
[2022-11-10T06:22:27.651+0000] {processor.py:156} INFO - Started process (PID=12817) to work on /home/airflow/.local/lib/python3.7/site-packages/airflow/example_dags/example_datasets.py
[2022-11-10T06:22:27.656+0000] {processor.py:758} INFO - Processing file /home/airflow/.local/lib/python3.7/site-packages/airflow/example_dags/example_datasets.py for tasks to queue
[2022-11-10T06:22:27.657+0000] {logging_mixin.py:117} INFO - [2022-11-10T06:22:27.657+0000] {dagbag.py:525} INFO - Filling up the DagBag from /home/airflow/.local/lib/python3.7/site-packages/airflow/example_dags/example_datasets.py
[2022-11-10T06:22:27.692+0000] {processor.py:768} INFO - DAG(s) dict_keys(['dataset_produces_1', 'dataset_consumes_unknown_never_scheduled', 'dataset_consumes_1', 'dataset_consumes_1_and_2', 'dataset_produces_2', 'dataset_consumes_1_never_scheduled']) retrieved from /home/airflow/.local/lib/python3.7/site-packages/airflow/example_dags/example_datasets.py
[2022-11-10T06:22:27.798+0000] {logging_mixin.py:117} INFO - [2022-11-10T06:22:27.798+0000] {dag.py:2573} INFO - Sync 6 DAGs
[2022-11-10T06:22:27.829+0000] {logging_mixin.py:117} INFO - [2022-11-10T06:22:27.829+0000] {dag.py:3328} INFO - Setting next_dagrun for dataset_consumes_1 to None, run_after=None
[2022-11-10T06:22:27.834+0000] {logging_mixin.py:117} INFO - [2022-11-10T06:22:27.834+0000] {dag.py:3328} INFO - Setting next_dagrun for dataset_consumes_1_and_2 to None, run_after=None
[2022-11-10T06:22:27.837+0000] {logging_mixin.py:117} INFO - [2022-11-10T06:22:27.837+0000] {dag.py:3328} INFO - Setting next_dagrun for dataset_consumes_1_never_scheduled to None, run_after=None
[2022-11-10T06:22:27.844+0000] {logging_mixin.py:117} INFO - [2022-11-10T06:22:27.844+0000] {dag.py:3328} INFO - Setting next_dagrun for dataset_consumes_unknown_never_scheduled to None, run_after=None
[2022-11-10T06:22:27.850+0000] {logging_mixin.py:117} INFO - [2022-11-10T06:22:27.850+0000] {dag.py:3328} INFO - Setting next_dagrun for dataset_produces_1 to 2022-11-09T00:00:00+00:00, run_after=2022-11-10T00:00:00+00:00
[2022-11-10T06:22:27.856+0000] {logging_mixin.py:117} INFO - [2022-11-10T06:22:27.856+0000] {dag.py:3328} INFO - Setting next_dagrun for dataset_produces_2 to None, run_after=None
[2022-11-10T06:22:27.901+0000] {processor.py:178} INFO - Processing /home/airflow/.local/lib/python3.7/site-packages/airflow/example_dags/example_datasets.py took 0.254 seconds
[2022-11-10T08:00:46.873+0000] {processor.py:156} INFO - Started process (PID=12871) to work on /home/airflow/.local/lib/python3.7/site-packages/airflow/example_dags/example_datasets.py
[2022-11-10T08:00:46.876+0000] {processor.py:758} INFO - Processing file /home/airflow/.local/lib/python3.7/site-packages/airflow/example_dags/example_datasets.py for tasks to queue
[2022-11-10T08:00:46.879+0000] {logging_mixin.py:117} INFO - [2022-11-10T08:00:46.879+0000] {dagbag.py:525} INFO - Filling up the DagBag from /home/airflow/.local/lib/python3.7/site-packages/airflow/example_dags/example_datasets.py
[2022-11-10T08:00:46.915+0000] {processor.py:768} INFO - DAG(s) dict_keys(['dataset_produces_2', 'dataset_consumes_1', 'dataset_produces_1', 'dataset_consumes_unknown_never_scheduled', 'dataset_consumes_1_and_2', 'dataset_consumes_1_never_scheduled']) retrieved from /home/airflow/.local/lib/python3.7/site-packages/airflow/example_dags/example_datasets.py
[2022-11-10T08:00:47.042+0000] {logging_mixin.py:117} INFO - [2022-11-10T08:00:47.041+0000] {dag.py:2573} INFO - Sync 6 DAGs
[2022-11-10T08:00:47.137+0000] {logging_mixin.py:117} INFO - [2022-11-10T08:00:47.137+0000] {dag.py:3328} INFO - Setting next_dagrun for dataset_consumes_1 to None, run_after=None
[2022-11-10T08:00:47.145+0000] {logging_mixin.py:117} INFO - [2022-11-10T08:00:47.145+0000] {dag.py:3328} INFO - Setting next_dagrun for dataset_consumes_1_and_2 to None, run_after=None
[2022-11-10T08:00:47.150+0000] {logging_mixin.py:117} INFO - [2022-11-10T08:00:47.150+0000] {dag.py:3328} INFO - Setting next_dagrun for dataset_consumes_1_never_scheduled to None, run_after=None
[2022-11-10T08:00:47.158+0000] {logging_mixin.py:117} INFO - [2022-11-10T08:00:47.158+0000] {dag.py:3328} INFO - Setting next_dagrun for dataset_consumes_unknown_never_scheduled to None, run_after=None
[2022-11-10T08:00:47.167+0000] {logging_mixin.py:117} INFO - [2022-11-10T08:00:47.167+0000] {dag.py:3328} INFO - Setting next_dagrun for dataset_produces_1 to 2022-11-09T00:00:00+00:00, run_after=2022-11-10T00:00:00+00:00
[2022-11-10T08:00:47.169+0000] {logging_mixin.py:117} INFO - [2022-11-10T08:00:47.169+0000] {dag.py:3328} INFO - Setting next_dagrun for dataset_produces_2 to None, run_after=None
[2022-11-10T08:00:47.216+0000] {processor.py:178} INFO - Processing /home/airflow/.local/lib/python3.7/site-packages/airflow/example_dags/example_datasets.py took 0.347 seconds
[2022-11-10T09:22:59.493+0000] {processor.py:156} INFO - Started process (PID=12925) to work on /home/airflow/.local/lib/python3.7/site-packages/airflow/example_dags/example_datasets.py
[2022-11-10T09:22:59.497+0000] {processor.py:758} INFO - Processing file /home/airflow/.local/lib/python3.7/site-packages/airflow/example_dags/example_datasets.py for tasks to queue
[2022-11-10T09:22:59.499+0000] {logging_mixin.py:117} INFO - [2022-11-10T09:22:59.499+0000] {dagbag.py:525} INFO - Filling up the DagBag from /home/airflow/.local/lib/python3.7/site-packages/airflow/example_dags/example_datasets.py
[2022-11-10T09:22:59.561+0000] {processor.py:768} INFO - DAG(s) dict_keys(['dataset_produces_1', 'dataset_consumes_1_and_2', 'dataset_consumes_unknown_never_scheduled', 'dataset_produces_2', 'dataset_consumes_1', 'dataset_consumes_1_never_scheduled']) retrieved from /home/airflow/.local/lib/python3.7/site-packages/airflow/example_dags/example_datasets.py
[2022-11-10T09:22:59.697+0000] {logging_mixin.py:117} INFO - [2022-11-10T09:22:59.697+0000] {dag.py:2573} INFO - Sync 6 DAGs
[2022-11-10T09:22:59.790+0000] {logging_mixin.py:117} INFO - [2022-11-10T09:22:59.790+0000] {dag.py:3328} INFO - Setting next_dagrun for dataset_consumes_1 to None, run_after=None
[2022-11-10T09:22:59.814+0000] {logging_mixin.py:117} INFO - [2022-11-10T09:22:59.814+0000] {dag.py:3328} INFO - Setting next_dagrun for dataset_consumes_1_and_2 to None, run_after=None
[2022-11-10T09:22:59.831+0000] {logging_mixin.py:117} INFO - [2022-11-10T09:22:59.831+0000] {dag.py:3328} INFO - Setting next_dagrun for dataset_consumes_1_never_scheduled to None, run_after=None
[2022-11-10T09:22:59.836+0000] {logging_mixin.py:117} INFO - [2022-11-10T09:22:59.836+0000] {dag.py:3328} INFO - Setting next_dagrun for dataset_consumes_unknown_never_scheduled to None, run_after=None
[2022-11-10T09:22:59.859+0000] {logging_mixin.py:117} INFO - [2022-11-10T09:22:59.859+0000] {dag.py:3328} INFO - Setting next_dagrun for dataset_produces_1 to 2022-11-09T00:00:00+00:00, run_after=2022-11-10T00:00:00+00:00
[2022-11-10T09:22:59.865+0000] {logging_mixin.py:117} INFO - [2022-11-10T09:22:59.865+0000] {dag.py:3328} INFO - Setting next_dagrun for dataset_produces_2 to None, run_after=None
[2022-11-10T09:22:59.897+0000] {processor.py:178} INFO - Processing /home/airflow/.local/lib/python3.7/site-packages/airflow/example_dags/example_datasets.py took 0.410 seconds
[2022-11-10T10:48:39.985+0000] {processor.py:156} INFO - Started process (PID=12987) to work on /home/airflow/.local/lib/python3.7/site-packages/airflow/example_dags/example_datasets.py
[2022-11-10T10:48:39.992+0000] {processor.py:758} INFO - Processing file /home/airflow/.local/lib/python3.7/site-packages/airflow/example_dags/example_datasets.py for tasks to queue
[2022-11-10T10:48:39.993+0000] {logging_mixin.py:117} INFO - [2022-11-10T10:48:39.993+0000] {dagbag.py:525} INFO - Filling up the DagBag from /home/airflow/.local/lib/python3.7/site-packages/airflow/example_dags/example_datasets.py
[2022-11-10T10:48:40.075+0000] {processor.py:768} INFO - DAG(s) dict_keys(['dataset_produces_2', 'dataset_consumes_1_never_scheduled', 'dataset_produces_1', 'dataset_consumes_unknown_never_scheduled', 'dataset_consumes_1_and_2', 'dataset_consumes_1']) retrieved from /home/airflow/.local/lib/python3.7/site-packages/airflow/example_dags/example_datasets.py
[2022-11-10T10:48:40.248+0000] {logging_mixin.py:117} INFO - [2022-11-10T10:48:40.247+0000] {dag.py:2573} INFO - Sync 6 DAGs
[2022-11-10T10:48:40.307+0000] {logging_mixin.py:117} INFO - [2022-11-10T10:48:40.306+0000] {dag.py:3328} INFO - Setting next_dagrun for dataset_consumes_1 to None, run_after=None
[2022-11-10T10:48:40.316+0000] {logging_mixin.py:117} INFO - [2022-11-10T10:48:40.316+0000] {dag.py:3328} INFO - Setting next_dagrun for dataset_consumes_1_and_2 to None, run_after=None
[2022-11-10T10:48:40.320+0000] {logging_mixin.py:117} INFO - [2022-11-10T10:48:40.320+0000] {dag.py:3328} INFO - Setting next_dagrun for dataset_consumes_1_never_scheduled to None, run_after=None
[2022-11-10T10:48:40.322+0000] {logging_mixin.py:117} INFO - [2022-11-10T10:48:40.322+0000] {dag.py:3328} INFO - Setting next_dagrun for dataset_consumes_unknown_never_scheduled to None, run_after=None
[2022-11-10T10:48:40.332+0000] {logging_mixin.py:117} INFO - [2022-11-10T10:48:40.332+0000] {dag.py:3328} INFO - Setting next_dagrun for dataset_produces_1 to 2022-11-09T00:00:00+00:00, run_after=2022-11-10T00:00:00+00:00
[2022-11-10T10:48:40.334+0000] {logging_mixin.py:117} INFO - [2022-11-10T10:48:40.334+0000] {dag.py:3328} INFO - Setting next_dagrun for dataset_produces_2 to None, run_after=None
[2022-11-10T10:48:40.368+0000] {processor.py:178} INFO - Processing /home/airflow/.local/lib/python3.7/site-packages/airflow/example_dags/example_datasets.py took 0.403 seconds
[2022-11-10T12:10:54.486+0000] {processor.py:156} INFO - Started process (PID=13043) to work on /home/airflow/.local/lib/python3.7/site-packages/airflow/example_dags/example_datasets.py
[2022-11-10T12:10:54.515+0000] {processor.py:758} INFO - Processing file /home/airflow/.local/lib/python3.7/site-packages/airflow/example_dags/example_datasets.py for tasks to queue
[2022-11-10T12:10:54.524+0000] {logging_mixin.py:117} INFO - [2022-11-10T12:10:54.524+0000] {dagbag.py:525} INFO - Filling up the DagBag from /home/airflow/.local/lib/python3.7/site-packages/airflow/example_dags/example_datasets.py
[2022-11-10T12:10:54.990+0000] {processor.py:768} INFO - DAG(s) dict_keys(['dataset_consumes_1_never_scheduled', 'dataset_consumes_1_and_2', 'dataset_produces_2', 'dataset_produces_1', 'dataset_consumes_1', 'dataset_consumes_unknown_never_scheduled']) retrieved from /home/airflow/.local/lib/python3.7/site-packages/airflow/example_dags/example_datasets.py
[2022-11-10T12:10:55.814+0000] {logging_mixin.py:117} INFO - [2022-11-10T12:10:55.813+0000] {dag.py:2573} INFO - Sync 6 DAGs
[2022-11-10T12:10:56.006+0000] {logging_mixin.py:117} INFO - [2022-11-10T12:10:56.006+0000] {dag.py:3328} INFO - Setting next_dagrun for dataset_consumes_1 to None, run_after=None
[2022-11-10T12:10:56.040+0000] {logging_mixin.py:117} INFO - [2022-11-10T12:10:56.040+0000] {dag.py:3328} INFO - Setting next_dagrun for dataset_consumes_1_and_2 to None, run_after=None
[2022-11-10T12:10:56.063+0000] {logging_mixin.py:117} INFO - [2022-11-10T12:10:56.063+0000] {dag.py:3328} INFO - Setting next_dagrun for dataset_consumes_1_never_scheduled to None, run_after=None
[2022-11-10T12:10:56.070+0000] {logging_mixin.py:117} INFO - [2022-11-10T12:10:56.070+0000] {dag.py:3328} INFO - Setting next_dagrun for dataset_consumes_unknown_never_scheduled to None, run_after=None
[2022-11-10T12:10:56.087+0000] {logging_mixin.py:117} INFO - [2022-11-10T12:10:56.087+0000] {dag.py:3328} INFO - Setting next_dagrun for dataset_produces_1 to 2022-11-09T00:00:00+00:00, run_after=2022-11-10T00:00:00+00:00
[2022-11-10T12:10:56.097+0000] {logging_mixin.py:117} INFO - [2022-11-10T12:10:56.096+0000] {dag.py:3328} INFO - Setting next_dagrun for dataset_produces_2 to None, run_after=None
[2022-11-10T12:10:56.257+0000] {processor.py:178} INFO - Processing /home/airflow/.local/lib/python3.7/site-packages/airflow/example_dags/example_datasets.py took 1.778 seconds
[2022-11-10T13:33:24.591+0000] {processor.py:156} INFO - Started process (PID=13099) to work on /home/airflow/.local/lib/python3.7/site-packages/airflow/example_dags/example_datasets.py
[2022-11-10T13:33:24.600+0000] {processor.py:758} INFO - Processing file /home/airflow/.local/lib/python3.7/site-packages/airflow/example_dags/example_datasets.py for tasks to queue
[2022-11-10T13:33:24.639+0000] {logging_mixin.py:117} INFO - [2022-11-10T13:33:24.637+0000] {dagbag.py:525} INFO - Filling up the DagBag from /home/airflow/.local/lib/python3.7/site-packages/airflow/example_dags/example_datasets.py
[2022-11-10T13:33:24.722+0000] {processor.py:768} INFO - DAG(s) dict_keys(['dataset_consumes_unknown_never_scheduled', 'dataset_produces_2', 'dataset_consumes_1_never_scheduled', 'dataset_produces_1', 'dataset_consumes_1_and_2', 'dataset_consumes_1']) retrieved from /home/airflow/.local/lib/python3.7/site-packages/airflow/example_dags/example_datasets.py
[2022-11-10T13:33:25.002+0000] {logging_mixin.py:117} INFO - [2022-11-10T13:33:25.002+0000] {dag.py:2573} INFO - Sync 6 DAGs
[2022-11-10T13:33:25.117+0000] {logging_mixin.py:117} INFO - [2022-11-10T13:33:25.117+0000] {dag.py:3328} INFO - Setting next_dagrun for dataset_consumes_1 to None, run_after=None
[2022-11-10T13:33:25.124+0000] {logging_mixin.py:117} INFO - [2022-11-10T13:33:25.123+0000] {dag.py:3328} INFO - Setting next_dagrun for dataset_consumes_1_and_2 to None, run_after=None
[2022-11-10T13:33:25.130+0000] {logging_mixin.py:117} INFO - [2022-11-10T13:33:25.129+0000] {dag.py:3328} INFO - Setting next_dagrun for dataset_consumes_1_never_scheduled to None, run_after=None
[2022-11-10T13:33:25.136+0000] {logging_mixin.py:117} INFO - [2022-11-10T13:33:25.136+0000] {dag.py:3328} INFO - Setting next_dagrun for dataset_consumes_unknown_never_scheduled to None, run_after=None
[2022-11-10T13:33:25.140+0000] {logging_mixin.py:117} INFO - [2022-11-10T13:33:25.140+0000] {dag.py:3328} INFO - Setting next_dagrun for dataset_produces_1 to 2022-11-09T00:00:00+00:00, run_after=2022-11-10T00:00:00+00:00
[2022-11-10T13:33:25.142+0000] {logging_mixin.py:117} INFO - [2022-11-10T13:33:25.142+0000] {dag.py:3328} INFO - Setting next_dagrun for dataset_produces_2 to None, run_after=None
[2022-11-10T13:33:25.195+0000] {processor.py:178} INFO - Processing /home/airflow/.local/lib/python3.7/site-packages/airflow/example_dags/example_datasets.py took 0.624 seconds
[2022-11-10T14:37:14.069+0000] {processor.py:156} INFO - Started process (PID=13153) to work on /home/airflow/.local/lib/python3.7/site-packages/airflow/example_dags/example_datasets.py
[2022-11-10T14:37:14.079+0000] {processor.py:758} INFO - Processing file /home/airflow/.local/lib/python3.7/site-packages/airflow/example_dags/example_datasets.py for tasks to queue
[2022-11-10T14:37:14.082+0000] {logging_mixin.py:117} INFO - [2022-11-10T14:37:14.081+0000] {dagbag.py:525} INFO - Filling up the DagBag from /home/airflow/.local/lib/python3.7/site-packages/airflow/example_dags/example_datasets.py
[2022-11-10T14:37:14.318+0000] {processor.py:768} INFO - DAG(s) dict_keys(['dataset_produces_2', 'dataset_consumes_1_never_scheduled', 'dataset_consumes_1_and_2', 'dataset_consumes_1', 'dataset_consumes_unknown_never_scheduled', 'dataset_produces_1']) retrieved from /home/airflow/.local/lib/python3.7/site-packages/airflow/example_dags/example_datasets.py
[2022-11-10T14:37:14.790+0000] {logging_mixin.py:117} INFO - [2022-11-10T14:37:14.790+0000] {dag.py:2573} INFO - Sync 6 DAGs
[2022-11-10T14:37:14.900+0000] {logging_mixin.py:117} INFO - [2022-11-10T14:37:14.899+0000] {dag.py:3328} INFO - Setting next_dagrun for dataset_consumes_1 to None, run_after=None
[2022-11-10T14:37:14.908+0000] {logging_mixin.py:117} INFO - [2022-11-10T14:37:14.908+0000] {dag.py:3328} INFO - Setting next_dagrun for dataset_consumes_1_and_2 to None, run_after=None
[2022-11-10T14:37:14.913+0000] {logging_mixin.py:117} INFO - [2022-11-10T14:37:14.912+0000] {dag.py:3328} INFO - Setting next_dagrun for dataset_consumes_1_never_scheduled to None, run_after=None
[2022-11-10T14:37:14.915+0000] {logging_mixin.py:117} INFO - [2022-11-10T14:37:14.915+0000] {dag.py:3328} INFO - Setting next_dagrun for dataset_consumes_unknown_never_scheduled to None, run_after=None
[2022-11-10T14:37:14.946+0000] {logging_mixin.py:117} INFO - [2022-11-10T14:37:14.945+0000] {dag.py:3328} INFO - Setting next_dagrun for dataset_produces_1 to 2022-11-09T00:00:00+00:00, run_after=2022-11-10T00:00:00+00:00
[2022-11-10T14:37:14.949+0000] {logging_mixin.py:117} INFO - [2022-11-10T14:37:14.949+0000] {dag.py:3328} INFO - Setting next_dagrun for dataset_produces_2 to None, run_after=None
[2022-11-10T14:37:15.126+0000] {processor.py:178} INFO - Processing /home/airflow/.local/lib/python3.7/site-packages/airflow/example_dags/example_datasets.py took 1.079 seconds
[2022-11-10T14:45:39.921+0000] {processor.py:156} INFO - Started process (PID=13208) to work on /home/airflow/.local/lib/python3.7/site-packages/airflow/example_dags/example_datasets.py
[2022-11-10T14:45:39.925+0000] {processor.py:758} INFO - Processing file /home/airflow/.local/lib/python3.7/site-packages/airflow/example_dags/example_datasets.py for tasks to queue
[2022-11-10T14:45:39.935+0000] {logging_mixin.py:117} INFO - [2022-11-10T14:45:39.935+0000] {dagbag.py:525} INFO - Filling up the DagBag from /home/airflow/.local/lib/python3.7/site-packages/airflow/example_dags/example_datasets.py
[2022-11-10T14:45:40.093+0000] {processor.py:768} INFO - DAG(s) dict_keys(['dataset_consumes_1_and_2', 'dataset_consumes_unknown_never_scheduled', 'dataset_consumes_1_never_scheduled', 'dataset_produces_1', 'dataset_produces_2', 'dataset_consumes_1']) retrieved from /home/airflow/.local/lib/python3.7/site-packages/airflow/example_dags/example_datasets.py
[2022-11-10T14:45:40.261+0000] {logging_mixin.py:117} INFO - [2022-11-10T14:45:40.261+0000] {dag.py:2573} INFO - Sync 6 DAGs
[2022-11-10T14:45:40.299+0000] {logging_mixin.py:117} INFO - [2022-11-10T14:45:40.299+0000] {dag.py:3328} INFO - Setting next_dagrun for dataset_consumes_1 to None, run_after=None
[2022-11-10T14:45:40.309+0000] {logging_mixin.py:117} INFO - [2022-11-10T14:45:40.309+0000] {dag.py:3328} INFO - Setting next_dagrun for dataset_consumes_1_and_2 to None, run_after=None
[2022-11-10T14:45:40.340+0000] {logging_mixin.py:117} INFO - [2022-11-10T14:45:40.339+0000] {dag.py:3328} INFO - Setting next_dagrun for dataset_consumes_1_never_scheduled to None, run_after=None
[2022-11-10T14:45:40.348+0000] {logging_mixin.py:117} INFO - [2022-11-10T14:45:40.348+0000] {dag.py:3328} INFO - Setting next_dagrun for dataset_consumes_unknown_never_scheduled to None, run_after=None
[2022-11-10T14:45:40.353+0000] {logging_mixin.py:117} INFO - [2022-11-10T14:45:40.353+0000] {dag.py:3328} INFO - Setting next_dagrun for dataset_produces_1 to 2022-11-09T00:00:00+00:00, run_after=2022-11-10T00:00:00+00:00
[2022-11-10T14:45:40.356+0000] {logging_mixin.py:117} INFO - [2022-11-10T14:45:40.356+0000] {dag.py:3328} INFO - Setting next_dagrun for dataset_produces_2 to None, run_after=None
[2022-11-10T14:45:40.380+0000] {processor.py:178} INFO - Processing /home/airflow/.local/lib/python3.7/site-packages/airflow/example_dags/example_datasets.py took 0.469 seconds
[2022-11-10T15:04:39.085+0000] {processor.py:156} INFO - Started process (PID=13272) to work on /home/airflow/.local/lib/python3.7/site-packages/airflow/example_dags/example_datasets.py
[2022-11-10T15:04:39.100+0000] {processor.py:758} INFO - Processing file /home/airflow/.local/lib/python3.7/site-packages/airflow/example_dags/example_datasets.py for tasks to queue
[2022-11-10T15:04:39.113+0000] {logging_mixin.py:117} INFO - [2022-11-10T15:04:39.112+0000] {dagbag.py:525} INFO - Filling up the DagBag from /home/airflow/.local/lib/python3.7/site-packages/airflow/example_dags/example_datasets.py
[2022-11-10T15:04:39.620+0000] {processor.py:768} INFO - DAG(s) dict_keys(['dataset_consumes_1', 'dataset_consumes_1_and_2', 'dataset_produces_2', 'dataset_consumes_unknown_never_scheduled', 'dataset_consumes_1_never_scheduled', 'dataset_produces_1']) retrieved from /home/airflow/.local/lib/python3.7/site-packages/airflow/example_dags/example_datasets.py
[2022-11-10T15:04:39.904+0000] {logging_mixin.py:117} INFO - [2022-11-10T15:04:39.904+0000] {dag.py:2573} INFO - Sync 6 DAGs
[2022-11-10T15:04:39.961+0000] {logging_mixin.py:117} INFO - [2022-11-10T15:04:39.961+0000] {dag.py:3328} INFO - Setting next_dagrun for dataset_consumes_1 to None, run_after=None
[2022-11-10T15:04:39.976+0000] {logging_mixin.py:117} INFO - [2022-11-10T15:04:39.976+0000] {dag.py:3328} INFO - Setting next_dagrun for dataset_consumes_1_and_2 to None, run_after=None
[2022-11-10T15:04:39.989+0000] {logging_mixin.py:117} INFO - [2022-11-10T15:04:39.989+0000] {dag.py:3328} INFO - Setting next_dagrun for dataset_consumes_1_never_scheduled to None, run_after=None
[2022-11-10T15:04:39.999+0000] {logging_mixin.py:117} INFO - [2022-11-10T15:04:39.999+0000] {dag.py:3328} INFO - Setting next_dagrun for dataset_consumes_unknown_never_scheduled to None, run_after=None
[2022-11-10T15:04:40.009+0000] {logging_mixin.py:117} INFO - [2022-11-10T15:04:40.009+0000] {dag.py:3328} INFO - Setting next_dagrun for dataset_produces_1 to 2022-11-09T00:00:00+00:00, run_after=2022-11-10T00:00:00+00:00
[2022-11-10T15:04:40.017+0000] {logging_mixin.py:117} INFO - [2022-11-10T15:04:40.016+0000] {dag.py:3328} INFO - Setting next_dagrun for dataset_produces_2 to None, run_after=None
[2022-11-10T15:04:40.218+0000] {processor.py:178} INFO - Processing /home/airflow/.local/lib/python3.7/site-packages/airflow/example_dags/example_datasets.py took 1.168 seconds
[2022-11-10T16:10:34.772+0000] {processor.py:156} INFO - Started process (PID=13327) to work on /home/airflow/.local/lib/python3.7/site-packages/airflow/example_dags/example_datasets.py
[2022-11-10T16:10:34.776+0000] {processor.py:758} INFO - Processing file /home/airflow/.local/lib/python3.7/site-packages/airflow/example_dags/example_datasets.py for tasks to queue
[2022-11-10T16:10:34.779+0000] {logging_mixin.py:117} INFO - [2022-11-10T16:10:34.778+0000] {dagbag.py:525} INFO - Filling up the DagBag from /home/airflow/.local/lib/python3.7/site-packages/airflow/example_dags/example_datasets.py
[2022-11-10T16:10:34.812+0000] {processor.py:768} INFO - DAG(s) dict_keys(['dataset_consumes_1_and_2', 'dataset_produces_2', 'dataset_consumes_unknown_never_scheduled', 'dataset_produces_1', 'dataset_consumes_1', 'dataset_consumes_1_never_scheduled']) retrieved from /home/airflow/.local/lib/python3.7/site-packages/airflow/example_dags/example_datasets.py
[2022-11-10T16:10:34.884+0000] {logging_mixin.py:117} INFO - [2022-11-10T16:10:34.883+0000] {dag.py:2573} INFO - Sync 6 DAGs
[2022-11-10T16:10:34.931+0000] {logging_mixin.py:117} INFO - [2022-11-10T16:10:34.931+0000] {dag.py:3328} INFO - Setting next_dagrun for dataset_consumes_1 to None, run_after=None
[2022-11-10T16:10:34.937+0000] {logging_mixin.py:117} INFO - [2022-11-10T16:10:34.936+0000] {dag.py:3328} INFO - Setting next_dagrun for dataset_consumes_1_and_2 to None, run_after=None
[2022-11-10T16:10:34.938+0000] {logging_mixin.py:117} INFO - [2022-11-10T16:10:34.938+0000] {dag.py:3328} INFO - Setting next_dagrun for dataset_consumes_1_never_scheduled to None, run_after=None
[2022-11-10T16:10:34.940+0000] {logging_mixin.py:117} INFO - [2022-11-10T16:10:34.940+0000] {dag.py:3328} INFO - Setting next_dagrun for dataset_consumes_unknown_never_scheduled to None, run_after=None
[2022-11-10T16:10:34.944+0000] {logging_mixin.py:117} INFO - [2022-11-10T16:10:34.944+0000] {dag.py:3328} INFO - Setting next_dagrun for dataset_produces_1 to 2022-11-09T00:00:00+00:00, run_after=2022-11-10T00:00:00+00:00
[2022-11-10T16:10:34.945+0000] {logging_mixin.py:117} INFO - [2022-11-10T16:10:34.945+0000] {dag.py:3328} INFO - Setting next_dagrun for dataset_produces_2 to None, run_after=None
[2022-11-10T16:10:35.024+0000] {processor.py:178} INFO - Processing /home/airflow/.local/lib/python3.7/site-packages/airflow/example_dags/example_datasets.py took 0.260 seconds
[2022-11-10T17:34:36.862+0000] {processor.py:156} INFO - Started process (PID=13381) to work on /home/airflow/.local/lib/python3.7/site-packages/airflow/example_dags/example_datasets.py
[2022-11-10T17:34:36.893+0000] {processor.py:758} INFO - Processing file /home/airflow/.local/lib/python3.7/site-packages/airflow/example_dags/example_datasets.py for tasks to queue
[2022-11-10T17:34:36.896+0000] {logging_mixin.py:117} INFO - [2022-11-10T17:34:36.896+0000] {dagbag.py:525} INFO - Filling up the DagBag from /home/airflow/.local/lib/python3.7/site-packages/airflow/example_dags/example_datasets.py
[2022-11-10T17:34:36.959+0000] {processor.py:768} INFO - DAG(s) dict_keys(['dataset_produces_2', 'dataset_consumes_1_and_2', 'dataset_consumes_1', 'dataset_consumes_unknown_never_scheduled', 'dataset_produces_1', 'dataset_consumes_1_never_scheduled']) retrieved from /home/airflow/.local/lib/python3.7/site-packages/airflow/example_dags/example_datasets.py
[2022-11-10T17:34:37.272+0000] {logging_mixin.py:117} INFO - [2022-11-10T17:34:37.272+0000] {dag.py:2573} INFO - Sync 6 DAGs
[2022-11-10T17:34:37.361+0000] {logging_mixin.py:117} INFO - [2022-11-10T17:34:37.361+0000] {dag.py:3328} INFO - Setting next_dagrun for dataset_consumes_1 to None, run_after=None
[2022-11-10T17:34:37.373+0000] {logging_mixin.py:117} INFO - [2022-11-10T17:34:37.373+0000] {dag.py:3328} INFO - Setting next_dagrun for dataset_consumes_1_and_2 to None, run_after=None
[2022-11-10T17:34:37.466+0000] {logging_mixin.py:117} INFO - [2022-11-10T17:34:37.465+0000] {dag.py:3328} INFO - Setting next_dagrun for dataset_consumes_1_never_scheduled to None, run_after=None
[2022-11-10T17:34:37.547+0000] {logging_mixin.py:117} INFO - [2022-11-10T17:34:37.547+0000] {dag.py:3328} INFO - Setting next_dagrun for dataset_consumes_unknown_never_scheduled to None, run_after=None
[2022-11-10T17:34:37.557+0000] {logging_mixin.py:117} INFO - [2022-11-10T17:34:37.557+0000] {dag.py:3328} INFO - Setting next_dagrun for dataset_produces_1 to 2022-11-09T00:00:00+00:00, run_after=2022-11-10T00:00:00+00:00
[2022-11-10T17:34:37.563+0000] {logging_mixin.py:117} INFO - [2022-11-10T17:34:37.563+0000] {dag.py:3328} INFO - Setting next_dagrun for dataset_produces_2 to None, run_after=None
[2022-11-10T17:34:37.650+0000] {processor.py:178} INFO - Processing /home/airflow/.local/lib/python3.7/site-packages/airflow/example_dags/example_datasets.py took 0.821 seconds
[2022-11-10T18:57:08.827+0000] {processor.py:156} INFO - Started process (PID=13443) to work on /home/airflow/.local/lib/python3.7/site-packages/airflow/example_dags/example_datasets.py
[2022-11-10T18:57:08.830+0000] {processor.py:758} INFO - Processing file /home/airflow/.local/lib/python3.7/site-packages/airflow/example_dags/example_datasets.py for tasks to queue
[2022-11-10T18:57:08.832+0000] {logging_mixin.py:117} INFO - [2022-11-10T18:57:08.832+0000] {dagbag.py:525} INFO - Filling up the DagBag from /home/airflow/.local/lib/python3.7/site-packages/airflow/example_dags/example_datasets.py
[2022-11-10T18:57:08.856+0000] {processor.py:768} INFO - DAG(s) dict_keys(['dataset_consumes_1_and_2', 'dataset_consumes_1', 'dataset_produces_1', 'dataset_consumes_unknown_never_scheduled', 'dataset_produces_2', 'dataset_consumes_1_never_scheduled']) retrieved from /home/airflow/.local/lib/python3.7/site-packages/airflow/example_dags/example_datasets.py
[2022-11-10T18:57:08.979+0000] {logging_mixin.py:117} INFO - [2022-11-10T18:57:08.979+0000] {dag.py:2573} INFO - Sync 6 DAGs
[2022-11-10T18:57:09.006+0000] {logging_mixin.py:117} INFO - [2022-11-10T18:57:09.006+0000] {dag.py:3328} INFO - Setting next_dagrun for dataset_consumes_1 to None, run_after=None
[2022-11-10T18:57:09.019+0000] {logging_mixin.py:117} INFO - [2022-11-10T18:57:09.018+0000] {dag.py:3328} INFO - Setting next_dagrun for dataset_consumes_1_and_2 to None, run_after=None
[2022-11-10T18:57:09.023+0000] {logging_mixin.py:117} INFO - [2022-11-10T18:57:09.023+0000] {dag.py:3328} INFO - Setting next_dagrun for dataset_consumes_1_never_scheduled to None, run_after=None
[2022-11-10T18:57:09.025+0000] {logging_mixin.py:117} INFO - [2022-11-10T18:57:09.025+0000] {dag.py:3328} INFO - Setting next_dagrun for dataset_consumes_unknown_never_scheduled to None, run_after=None
[2022-11-10T18:57:09.030+0000] {logging_mixin.py:117} INFO - [2022-11-10T18:57:09.030+0000] {dag.py:3328} INFO - Setting next_dagrun for dataset_produces_1 to 2022-11-09T00:00:00+00:00, run_after=2022-11-10T00:00:00+00:00
[2022-11-10T18:57:09.033+0000] {logging_mixin.py:117} INFO - [2022-11-10T18:57:09.033+0000] {dag.py:3328} INFO - Setting next_dagrun for dataset_produces_2 to None, run_after=None
[2022-11-10T18:57:09.087+0000] {processor.py:178} INFO - Processing /home/airflow/.local/lib/python3.7/site-packages/airflow/example_dags/example_datasets.py took 0.265 seconds
[2022-11-10T19:05:30.481+0000] {processor.py:156} INFO - Started process (PID=13501) to work on /home/airflow/.local/lib/python3.7/site-packages/airflow/example_dags/example_datasets.py
[2022-11-10T19:05:30.486+0000] {processor.py:758} INFO - Processing file /home/airflow/.local/lib/python3.7/site-packages/airflow/example_dags/example_datasets.py for tasks to queue
[2022-11-10T19:05:30.487+0000] {logging_mixin.py:117} INFO - [2022-11-10T19:05:30.487+0000] {dagbag.py:525} INFO - Filling up the DagBag from /home/airflow/.local/lib/python3.7/site-packages/airflow/example_dags/example_datasets.py
[2022-11-10T19:05:30.522+0000] {processor.py:768} INFO - DAG(s) dict_keys(['dataset_consumes_unknown_never_scheduled', 'dataset_produces_1', 'dataset_consumes_1_and_2', 'dataset_consumes_1_never_scheduled', 'dataset_consumes_1', 'dataset_produces_2']) retrieved from /home/airflow/.local/lib/python3.7/site-packages/airflow/example_dags/example_datasets.py
[2022-11-10T19:05:30.622+0000] {logging_mixin.py:117} INFO - [2022-11-10T19:05:30.622+0000] {dag.py:2573} INFO - Sync 6 DAGs
[2022-11-10T19:05:30.639+0000] {logging_mixin.py:117} INFO - [2022-11-10T19:05:30.639+0000] {dag.py:3328} INFO - Setting next_dagrun for dataset_consumes_1 to None, run_after=None
[2022-11-10T19:05:30.643+0000] {logging_mixin.py:117} INFO - [2022-11-10T19:05:30.643+0000] {dag.py:3328} INFO - Setting next_dagrun for dataset_consumes_1_and_2 to None, run_after=None
[2022-11-10T19:05:30.645+0000] {logging_mixin.py:117} INFO - [2022-11-10T19:05:30.645+0000] {dag.py:3328} INFO - Setting next_dagrun for dataset_consumes_1_never_scheduled to None, run_after=None
[2022-11-10T19:05:30.647+0000] {logging_mixin.py:117} INFO - [2022-11-10T19:05:30.647+0000] {dag.py:3328} INFO - Setting next_dagrun for dataset_consumes_unknown_never_scheduled to None, run_after=None
[2022-11-10T19:05:30.649+0000] {logging_mixin.py:117} INFO - [2022-11-10T19:05:30.649+0000] {dag.py:3328} INFO - Setting next_dagrun for dataset_produces_1 to 2022-11-09T00:00:00+00:00, run_after=2022-11-10T00:00:00+00:00
[2022-11-10T19:05:30.654+0000] {logging_mixin.py:117} INFO - [2022-11-10T19:05:30.654+0000] {dag.py:3328} INFO - Setting next_dagrun for dataset_produces_2 to None, run_after=None
[2022-11-10T19:05:30.696+0000] {processor.py:178} INFO - Processing /home/airflow/.local/lib/python3.7/site-packages/airflow/example_dags/example_datasets.py took 0.226 seconds
[2022-11-10T20:13:38.236+0000] {processor.py:156} INFO - Started process (PID=13565) to work on /home/airflow/.local/lib/python3.7/site-packages/airflow/example_dags/example_datasets.py
[2022-11-10T20:13:38.248+0000] {processor.py:758} INFO - Processing file /home/airflow/.local/lib/python3.7/site-packages/airflow/example_dags/example_datasets.py for tasks to queue
[2022-11-10T20:13:38.252+0000] {logging_mixin.py:117} INFO - [2022-11-10T20:13:38.252+0000] {dagbag.py:525} INFO - Filling up the DagBag from /home/airflow/.local/lib/python3.7/site-packages/airflow/example_dags/example_datasets.py
[2022-11-10T20:13:38.333+0000] {processor.py:768} INFO - DAG(s) dict_keys(['dataset_consumes_1_never_scheduled', 'dataset_consumes_unknown_never_scheduled', 'dataset_produces_1', 'dataset_consumes_1_and_2', 'dataset_consumes_1', 'dataset_produces_2']) retrieved from /home/airflow/.local/lib/python3.7/site-packages/airflow/example_dags/example_datasets.py
[2022-11-10T20:13:38.533+0000] {logging_mixin.py:117} INFO - [2022-11-10T20:13:38.533+0000] {dag.py:2573} INFO - Sync 6 DAGs
[2022-11-10T20:13:38.571+0000] {logging_mixin.py:117} INFO - [2022-11-10T20:13:38.571+0000] {dag.py:3328} INFO - Setting next_dagrun for dataset_consumes_1 to None, run_after=None
[2022-11-10T20:13:38.580+0000] {logging_mixin.py:117} INFO - [2022-11-10T20:13:38.580+0000] {dag.py:3328} INFO - Setting next_dagrun for dataset_consumes_1_and_2 to None, run_after=None
[2022-11-10T20:13:38.600+0000] {logging_mixin.py:117} INFO - [2022-11-10T20:13:38.600+0000] {dag.py:3328} INFO - Setting next_dagrun for dataset_consumes_1_never_scheduled to None, run_after=None
[2022-11-10T20:13:38.602+0000] {logging_mixin.py:117} INFO - [2022-11-10T20:13:38.602+0000] {dag.py:3328} INFO - Setting next_dagrun for dataset_consumes_unknown_never_scheduled to None, run_after=None
[2022-11-10T20:13:38.606+0000] {logging_mixin.py:117} INFO - [2022-11-10T20:13:38.606+0000] {dag.py:3328} INFO - Setting next_dagrun for dataset_produces_1 to 2022-11-09T00:00:00+00:00, run_after=2022-11-10T00:00:00+00:00
[2022-11-10T20:13:38.613+0000] {logging_mixin.py:117} INFO - [2022-11-10T20:13:38.613+0000] {dag.py:3328} INFO - Setting next_dagrun for dataset_produces_2 to None, run_after=None
[2022-11-10T20:13:38.660+0000] {processor.py:178} INFO - Processing /home/airflow/.local/lib/python3.7/site-packages/airflow/example_dags/example_datasets.py took 0.438 seconds
[2022-11-10T21:37:11.272+0000] {processor.py:156} INFO - Started process (PID=13619) to work on /home/airflow/.local/lib/python3.7/site-packages/airflow/example_dags/example_datasets.py
[2022-11-10T21:37:11.278+0000] {processor.py:758} INFO - Processing file /home/airflow/.local/lib/python3.7/site-packages/airflow/example_dags/example_datasets.py for tasks to queue
[2022-11-10T21:37:11.281+0000] {logging_mixin.py:117} INFO - [2022-11-10T21:37:11.281+0000] {dagbag.py:525} INFO - Filling up the DagBag from /home/airflow/.local/lib/python3.7/site-packages/airflow/example_dags/example_datasets.py
[2022-11-10T21:37:11.322+0000] {processor.py:768} INFO - DAG(s) dict_keys(['dataset_consumes_1_never_scheduled', 'dataset_consumes_unknown_never_scheduled', 'dataset_consumes_1_and_2', 'dataset_produces_1', 'dataset_consumes_1', 'dataset_produces_2']) retrieved from /home/airflow/.local/lib/python3.7/site-packages/airflow/example_dags/example_datasets.py
[2022-11-10T21:37:11.398+0000] {logging_mixin.py:117} INFO - [2022-11-10T21:37:11.398+0000] {dag.py:2573} INFO - Sync 6 DAGs
[2022-11-10T21:37:11.444+0000] {logging_mixin.py:117} INFO - [2022-11-10T21:37:11.444+0000] {dag.py:3328} INFO - Setting next_dagrun for dataset_consumes_1 to None, run_after=None
[2022-11-10T21:37:11.455+0000] {logging_mixin.py:117} INFO - [2022-11-10T21:37:11.455+0000] {dag.py:3328} INFO - Setting next_dagrun for dataset_consumes_1_and_2 to None, run_after=None
[2022-11-10T21:37:11.458+0000] {logging_mixin.py:117} INFO - [2022-11-10T21:37:11.458+0000] {dag.py:3328} INFO - Setting next_dagrun for dataset_consumes_1_never_scheduled to None, run_after=None
[2022-11-10T21:37:11.460+0000] {logging_mixin.py:117} INFO - [2022-11-10T21:37:11.460+0000] {dag.py:3328} INFO - Setting next_dagrun for dataset_consumes_unknown_never_scheduled to None, run_after=None
[2022-11-10T21:37:11.464+0000] {logging_mixin.py:117} INFO - [2022-11-10T21:37:11.464+0000] {dag.py:3328} INFO - Setting next_dagrun for dataset_produces_1 to 2022-11-09T00:00:00+00:00, run_after=2022-11-10T00:00:00+00:00
[2022-11-10T21:37:11.466+0000] {logging_mixin.py:117} INFO - [2022-11-10T21:37:11.466+0000] {dag.py:3328} INFO - Setting next_dagrun for dataset_produces_2 to None, run_after=None
[2022-11-10T21:37:11.504+0000] {processor.py:178} INFO - Processing /home/airflow/.local/lib/python3.7/site-packages/airflow/example_dags/example_datasets.py took 0.238 seconds
[2022-11-10T23:18:14.181+0000] {processor.py:156} INFO - Started process (PID=13684) to work on /home/airflow/.local/lib/python3.7/site-packages/airflow/example_dags/example_datasets.py
[2022-11-10T23:18:14.186+0000] {processor.py:758} INFO - Processing file /home/airflow/.local/lib/python3.7/site-packages/airflow/example_dags/example_datasets.py for tasks to queue
[2022-11-10T23:18:14.189+0000] {logging_mixin.py:117} INFO - [2022-11-10T23:18:14.189+0000] {dagbag.py:525} INFO - Filling up the DagBag from /home/airflow/.local/lib/python3.7/site-packages/airflow/example_dags/example_datasets.py
[2022-11-10T23:18:14.212+0000] {processor.py:768} INFO - DAG(s) dict_keys(['dataset_produces_1', 'dataset_consumes_1_never_scheduled', 'dataset_consumes_1', 'dataset_consumes_1_and_2', 'dataset_consumes_unknown_never_scheduled', 'dataset_produces_2']) retrieved from /home/airflow/.local/lib/python3.7/site-packages/airflow/example_dags/example_datasets.py
[2022-11-10T23:18:14.327+0000] {logging_mixin.py:117} INFO - [2022-11-10T23:18:14.326+0000] {dag.py:2573} INFO - Sync 6 DAGs
[2022-11-10T23:18:14.374+0000] {logging_mixin.py:117} INFO - [2022-11-10T23:18:14.374+0000] {dag.py:3328} INFO - Setting next_dagrun for dataset_consumes_1 to None, run_after=None
[2022-11-10T23:18:14.383+0000] {logging_mixin.py:117} INFO - [2022-11-10T23:18:14.383+0000] {dag.py:3328} INFO - Setting next_dagrun for dataset_consumes_1_and_2 to None, run_after=None
[2022-11-10T23:18:14.387+0000] {logging_mixin.py:117} INFO - [2022-11-10T23:18:14.386+0000] {dag.py:3328} INFO - Setting next_dagrun for dataset_consumes_1_never_scheduled to None, run_after=None
[2022-11-10T23:18:14.389+0000] {logging_mixin.py:117} INFO - [2022-11-10T23:18:14.389+0000] {dag.py:3328} INFO - Setting next_dagrun for dataset_consumes_unknown_never_scheduled to None, run_after=None
[2022-11-10T23:18:14.392+0000] {logging_mixin.py:117} INFO - [2022-11-10T23:18:14.392+0000] {dag.py:3328} INFO - Setting next_dagrun for dataset_produces_1 to 2022-11-09T00:00:00+00:00, run_after=2022-11-10T00:00:00+00:00
[2022-11-10T23:18:14.396+0000] {logging_mixin.py:117} INFO - [2022-11-10T23:18:14.395+0000] {dag.py:3328} INFO - Setting next_dagrun for dataset_produces_2 to None, run_after=None
[2022-11-10T23:18:14.434+0000] {processor.py:178} INFO - Processing /home/airflow/.local/lib/python3.7/site-packages/airflow/example_dags/example_datasets.py took 0.256 seconds
