[2022-11-10T00:02:13.178+0000] {processor.py:156} INFO - Started process (PID=12531) to work on /home/airflow/.local/lib/python3.7/site-packages/airflow/example_dags/example_trigger_target_dag.py
[2022-11-10T00:02:13.195+0000] {processor.py:758} INFO - Processing file /home/airflow/.local/lib/python3.7/site-packages/airflow/example_dags/example_trigger_target_dag.py for tasks to queue
[2022-11-10T00:02:13.196+0000] {logging_mixin.py:117} INFO - [2022-11-10T00:02:13.196+0000] {dagbag.py:525} INFO - Filling up the DagBag from /home/airflow/.local/lib/python3.7/site-packages/airflow/example_dags/example_trigger_target_dag.py
[2022-11-10T00:02:13.221+0000] {processor.py:768} INFO - DAG(s) dict_keys(['example_trigger_target_dag']) retrieved from /home/airflow/.local/lib/python3.7/site-packages/airflow/example_dags/example_trigger_target_dag.py
[2022-11-10T00:02:13.302+0000] {logging_mixin.py:117} INFO - [2022-11-10T00:02:13.302+0000] {dag.py:2573} INFO - Sync 1 DAGs
[2022-11-10T00:02:13.341+0000] {logging_mixin.py:117} INFO - [2022-11-10T00:02:13.340+0000] {dag.py:3328} INFO - Setting next_dagrun for example_trigger_target_dag to None, run_after=None
[2022-11-10T00:02:13.367+0000] {processor.py:178} INFO - Processing /home/airflow/.local/lib/python3.7/site-packages/airflow/example_dags/example_trigger_target_dag.py took 0.192 seconds
[2022-11-10T01:24:33.350+0000] {processor.py:156} INFO - Started process (PID=12595) to work on /home/airflow/.local/lib/python3.7/site-packages/airflow/example_dags/example_trigger_target_dag.py
[2022-11-10T01:24:33.357+0000] {processor.py:758} INFO - Processing file /home/airflow/.local/lib/python3.7/site-packages/airflow/example_dags/example_trigger_target_dag.py for tasks to queue
[2022-11-10T01:24:33.363+0000] {logging_mixin.py:117} INFO - [2022-11-10T01:24:33.363+0000] {dagbag.py:525} INFO - Filling up the DagBag from /home/airflow/.local/lib/python3.7/site-packages/airflow/example_dags/example_trigger_target_dag.py
[2022-11-10T01:24:33.418+0000] {processor.py:768} INFO - DAG(s) dict_keys(['example_trigger_target_dag']) retrieved from /home/airflow/.local/lib/python3.7/site-packages/airflow/example_dags/example_trigger_target_dag.py
[2022-11-10T01:24:33.472+0000] {logging_mixin.py:117} INFO - [2022-11-10T01:24:33.472+0000] {dag.py:2573} INFO - Sync 1 DAGs
[2022-11-10T01:24:33.489+0000] {logging_mixin.py:117} INFO - [2022-11-10T01:24:33.489+0000] {dag.py:3328} INFO - Setting next_dagrun for example_trigger_target_dag to None, run_after=None
[2022-11-10T01:24:33.505+0000] {processor.py:178} INFO - Processing /home/airflow/.local/lib/python3.7/site-packages/airflow/example_dags/example_trigger_target_dag.py took 0.166 seconds
[2022-11-10T02:29:06.532+0000] {processor.py:156} INFO - Started process (PID=12650) to work on /home/airflow/.local/lib/python3.7/site-packages/airflow/example_dags/example_trigger_target_dag.py
[2022-11-10T02:29:06.539+0000] {processor.py:758} INFO - Processing file /home/airflow/.local/lib/python3.7/site-packages/airflow/example_dags/example_trigger_target_dag.py for tasks to queue
[2022-11-10T02:29:06.548+0000] {logging_mixin.py:117} INFO - [2022-11-10T02:29:06.548+0000] {dagbag.py:525} INFO - Filling up the DagBag from /home/airflow/.local/lib/python3.7/site-packages/airflow/example_dags/example_trigger_target_dag.py
[2022-11-10T02:29:06.631+0000] {processor.py:768} INFO - DAG(s) dict_keys(['example_trigger_target_dag']) retrieved from /home/airflow/.local/lib/python3.7/site-packages/airflow/example_dags/example_trigger_target_dag.py
[2022-11-10T02:29:06.763+0000] {logging_mixin.py:117} INFO - [2022-11-10T02:29:06.763+0000] {dag.py:2573} INFO - Sync 1 DAGs
[2022-11-10T02:29:06.886+0000] {logging_mixin.py:117} INFO - [2022-11-10T02:29:06.886+0000] {dag.py:3328} INFO - Setting next_dagrun for example_trigger_target_dag to None, run_after=None
[2022-11-10T02:29:06.983+0000] {processor.py:178} INFO - Processing /home/airflow/.local/lib/python3.7/site-packages/airflow/example_dags/example_trigger_target_dag.py took 0.459 seconds
[2022-11-10T03:35:47.085+0000] {processor.py:156} INFO - Started process (PID=12713) to work on /home/airflow/.local/lib/python3.7/site-packages/airflow/example_dags/example_trigger_target_dag.py
[2022-11-10T03:35:47.088+0000] {processor.py:758} INFO - Processing file /home/airflow/.local/lib/python3.7/site-packages/airflow/example_dags/example_trigger_target_dag.py for tasks to queue
[2022-11-10T03:35:47.089+0000] {logging_mixin.py:117} INFO - [2022-11-10T03:35:47.088+0000] {dagbag.py:525} INFO - Filling up the DagBag from /home/airflow/.local/lib/python3.7/site-packages/airflow/example_dags/example_trigger_target_dag.py
[2022-11-10T03:35:47.103+0000] {processor.py:768} INFO - DAG(s) dict_keys(['example_trigger_target_dag']) retrieved from /home/airflow/.local/lib/python3.7/site-packages/airflow/example_dags/example_trigger_target_dag.py
[2022-11-10T03:35:47.135+0000] {logging_mixin.py:117} INFO - [2022-11-10T03:35:47.135+0000] {dag.py:2573} INFO - Sync 1 DAGs
[2022-11-10T03:35:47.148+0000] {logging_mixin.py:117} INFO - [2022-11-10T03:35:47.148+0000] {dag.py:3328} INFO - Setting next_dagrun for example_trigger_target_dag to None, run_after=None
[2022-11-10T03:35:47.161+0000] {processor.py:178} INFO - Processing /home/airflow/.local/lib/python3.7/site-packages/airflow/example_dags/example_trigger_target_dag.py took 0.078 seconds
[2022-11-10T04:59:27.946+0000] {processor.py:156} INFO - Started process (PID=12777) to work on /home/airflow/.local/lib/python3.7/site-packages/airflow/example_dags/example_trigger_target_dag.py
[2022-11-10T04:59:28.000+0000] {processor.py:758} INFO - Processing file /home/airflow/.local/lib/python3.7/site-packages/airflow/example_dags/example_trigger_target_dag.py for tasks to queue
[2022-11-10T04:59:28.004+0000] {logging_mixin.py:117} INFO - [2022-11-10T04:59:28.004+0000] {dagbag.py:525} INFO - Filling up the DagBag from /home/airflow/.local/lib/python3.7/site-packages/airflow/example_dags/example_trigger_target_dag.py
[2022-11-10T04:59:28.208+0000] {processor.py:768} INFO - DAG(s) dict_keys(['example_trigger_target_dag']) retrieved from /home/airflow/.local/lib/python3.7/site-packages/airflow/example_dags/example_trigger_target_dag.py
[2022-11-10T04:59:28.394+0000] {logging_mixin.py:117} INFO - [2022-11-10T04:59:28.393+0000] {dag.py:2573} INFO - Sync 1 DAGs
[2022-11-10T04:59:28.464+0000] {logging_mixin.py:117} INFO - [2022-11-10T04:59:28.464+0000] {dag.py:3328} INFO - Setting next_dagrun for example_trigger_target_dag to None, run_after=None
[2022-11-10T04:59:28.605+0000] {processor.py:178} INFO - Processing /home/airflow/.local/lib/python3.7/site-packages/airflow/example_dags/example_trigger_target_dag.py took 0.716 seconds
[2022-11-10T06:22:31.411+0000] {processor.py:156} INFO - Started process (PID=12832) to work on /home/airflow/.local/lib/python3.7/site-packages/airflow/example_dags/example_trigger_target_dag.py
[2022-11-10T06:22:31.443+0000] {processor.py:758} INFO - Processing file /home/airflow/.local/lib/python3.7/site-packages/airflow/example_dags/example_trigger_target_dag.py for tasks to queue
[2022-11-10T06:22:31.500+0000] {logging_mixin.py:117} INFO - [2022-11-10T06:22:31.499+0000] {dagbag.py:525} INFO - Filling up the DagBag from /home/airflow/.local/lib/python3.7/site-packages/airflow/example_dags/example_trigger_target_dag.py
[2022-11-10T06:22:31.644+0000] {processor.py:768} INFO - DAG(s) dict_keys(['example_trigger_target_dag']) retrieved from /home/airflow/.local/lib/python3.7/site-packages/airflow/example_dags/example_trigger_target_dag.py
[2022-11-10T06:22:31.861+0000] {logging_mixin.py:117} INFO - [2022-11-10T06:22:31.860+0000] {dag.py:2573} INFO - Sync 1 DAGs
[2022-11-10T06:22:32.031+0000] {logging_mixin.py:117} INFO - [2022-11-10T06:22:32.030+0000] {dag.py:3328} INFO - Setting next_dagrun for example_trigger_target_dag to None, run_after=None
[2022-11-10T06:22:32.148+0000] {processor.py:178} INFO - Processing /home/airflow/.local/lib/python3.7/site-packages/airflow/example_dags/example_trigger_target_dag.py took 0.810 seconds
[2022-11-10T08:00:55.122+0000] {processor.py:156} INFO - Started process (PID=12895) to work on /home/airflow/.local/lib/python3.7/site-packages/airflow/example_dags/example_trigger_target_dag.py
[2022-11-10T08:00:55.134+0000] {processor.py:758} INFO - Processing file /home/airflow/.local/lib/python3.7/site-packages/airflow/example_dags/example_trigger_target_dag.py for tasks to queue
[2022-11-10T08:00:55.146+0000] {logging_mixin.py:117} INFO - [2022-11-10T08:00:55.145+0000] {dagbag.py:525} INFO - Filling up the DagBag from /home/airflow/.local/lib/python3.7/site-packages/airflow/example_dags/example_trigger_target_dag.py
[2022-11-10T08:00:55.231+0000] {processor.py:768} INFO - DAG(s) dict_keys(['example_trigger_target_dag']) retrieved from /home/airflow/.local/lib/python3.7/site-packages/airflow/example_dags/example_trigger_target_dag.py
[2022-11-10T08:00:55.458+0000] {logging_mixin.py:117} INFO - [2022-11-10T08:00:55.458+0000] {dag.py:2573} INFO - Sync 1 DAGs
[2022-11-10T08:00:55.633+0000] {logging_mixin.py:117} INFO - [2022-11-10T08:00:55.632+0000] {dag.py:3328} INFO - Setting next_dagrun for example_trigger_target_dag to None, run_after=None
[2022-11-10T08:00:55.778+0000] {processor.py:178} INFO - Processing /home/airflow/.local/lib/python3.7/site-packages/airflow/example_dags/example_trigger_target_dag.py took 0.665 seconds
[2022-11-10T09:23:07.779+0000] {processor.py:156} INFO - Started process (PID=12948) to work on /home/airflow/.local/lib/python3.7/site-packages/airflow/example_dags/example_trigger_target_dag.py
[2022-11-10T09:23:07.783+0000] {processor.py:758} INFO - Processing file /home/airflow/.local/lib/python3.7/site-packages/airflow/example_dags/example_trigger_target_dag.py for tasks to queue
[2022-11-10T09:23:07.786+0000] {logging_mixin.py:117} INFO - [2022-11-10T09:23:07.785+0000] {dagbag.py:525} INFO - Filling up the DagBag from /home/airflow/.local/lib/python3.7/site-packages/airflow/example_dags/example_trigger_target_dag.py
[2022-11-10T09:23:07.935+0000] {processor.py:768} INFO - DAG(s) dict_keys(['example_trigger_target_dag']) retrieved from /home/airflow/.local/lib/python3.7/site-packages/airflow/example_dags/example_trigger_target_dag.py
[2022-11-10T09:23:08.120+0000] {logging_mixin.py:117} INFO - [2022-11-10T09:23:08.120+0000] {dag.py:2573} INFO - Sync 1 DAGs
[2022-11-10T09:23:08.279+0000] {logging_mixin.py:117} INFO - [2022-11-10T09:23:08.279+0000] {dag.py:3328} INFO - Setting next_dagrun for example_trigger_target_dag to None, run_after=None
[2022-11-10T09:23:08.334+0000] {processor.py:178} INFO - Processing /home/airflow/.local/lib/python3.7/site-packages/airflow/example_dags/example_trigger_target_dag.py took 0.568 seconds
[2022-11-10T10:48:47.057+0000] {processor.py:156} INFO - Started process (PID=13002) to work on /home/airflow/.local/lib/python3.7/site-packages/airflow/example_dags/example_trigger_target_dag.py
[2022-11-10T10:48:47.067+0000] {processor.py:758} INFO - Processing file /home/airflow/.local/lib/python3.7/site-packages/airflow/example_dags/example_trigger_target_dag.py for tasks to queue
[2022-11-10T10:48:47.074+0000] {logging_mixin.py:117} INFO - [2022-11-10T10:48:47.074+0000] {dagbag.py:525} INFO - Filling up the DagBag from /home/airflow/.local/lib/python3.7/site-packages/airflow/example_dags/example_trigger_target_dag.py
[2022-11-10T10:48:47.112+0000] {processor.py:768} INFO - DAG(s) dict_keys(['example_trigger_target_dag']) retrieved from /home/airflow/.local/lib/python3.7/site-packages/airflow/example_dags/example_trigger_target_dag.py
[2022-11-10T10:48:47.188+0000] {logging_mixin.py:117} INFO - [2022-11-10T10:48:47.188+0000] {dag.py:2573} INFO - Sync 1 DAGs
[2022-11-10T10:48:47.236+0000] {logging_mixin.py:117} INFO - [2022-11-10T10:48:47.236+0000] {dag.py:3328} INFO - Setting next_dagrun for example_trigger_target_dag to None, run_after=None
[2022-11-10T10:48:47.287+0000] {processor.py:178} INFO - Processing /home/airflow/.local/lib/python3.7/site-packages/airflow/example_dags/example_trigger_target_dag.py took 0.235 seconds
[2022-11-10T12:11:01.142+0000] {processor.py:156} INFO - Started process (PID=13058) to work on /home/airflow/.local/lib/python3.7/site-packages/airflow/example_dags/example_trigger_target_dag.py
[2022-11-10T12:11:01.148+0000] {processor.py:758} INFO - Processing file /home/airflow/.local/lib/python3.7/site-packages/airflow/example_dags/example_trigger_target_dag.py for tasks to queue
[2022-11-10T12:11:01.158+0000] {logging_mixin.py:117} INFO - [2022-11-10T12:11:01.158+0000] {dagbag.py:525} INFO - Filling up the DagBag from /home/airflow/.local/lib/python3.7/site-packages/airflow/example_dags/example_trigger_target_dag.py
[2022-11-10T12:11:01.319+0000] {processor.py:768} INFO - DAG(s) dict_keys(['example_trigger_target_dag']) retrieved from /home/airflow/.local/lib/python3.7/site-packages/airflow/example_dags/example_trigger_target_dag.py
[2022-11-10T12:11:02.013+0000] {logging_mixin.py:117} INFO - [2022-11-10T12:11:02.012+0000] {dag.py:2573} INFO - Sync 1 DAGs
[2022-11-10T12:11:02.203+0000] {logging_mixin.py:117} INFO - [2022-11-10T12:11:02.203+0000] {dag.py:3328} INFO - Setting next_dagrun for example_trigger_target_dag to None, run_after=None
[2022-11-10T12:11:02.481+0000] {processor.py:178} INFO - Processing /home/airflow/.local/lib/python3.7/site-packages/airflow/example_dags/example_trigger_target_dag.py took 1.344 seconds
[2022-11-10T13:33:29.463+0000] {processor.py:156} INFO - Started process (PID=13114) to work on /home/airflow/.local/lib/python3.7/site-packages/airflow/example_dags/example_trigger_target_dag.py
[2022-11-10T13:33:29.466+0000] {processor.py:758} INFO - Processing file /home/airflow/.local/lib/python3.7/site-packages/airflow/example_dags/example_trigger_target_dag.py for tasks to queue
[2022-11-10T13:33:29.468+0000] {logging_mixin.py:117} INFO - [2022-11-10T13:33:29.468+0000] {dagbag.py:525} INFO - Filling up the DagBag from /home/airflow/.local/lib/python3.7/site-packages/airflow/example_dags/example_trigger_target_dag.py
[2022-11-10T13:33:29.544+0000] {processor.py:768} INFO - DAG(s) dict_keys(['example_trigger_target_dag']) retrieved from /home/airflow/.local/lib/python3.7/site-packages/airflow/example_dags/example_trigger_target_dag.py
[2022-11-10T13:33:29.582+0000] {logging_mixin.py:117} INFO - [2022-11-10T13:33:29.582+0000] {dag.py:2573} INFO - Sync 1 DAGs
[2022-11-10T13:33:29.618+0000] {logging_mixin.py:117} INFO - [2022-11-10T13:33:29.618+0000] {dag.py:3328} INFO - Setting next_dagrun for example_trigger_target_dag to None, run_after=None
[2022-11-10T13:33:29.674+0000] {processor.py:178} INFO - Processing /home/airflow/.local/lib/python3.7/site-packages/airflow/example_dags/example_trigger_target_dag.py took 0.221 seconds
[2022-11-10T14:37:23.073+0000] {processor.py:156} INFO - Started process (PID=13168) to work on /home/airflow/.local/lib/python3.7/site-packages/airflow/example_dags/example_trigger_target_dag.py
[2022-11-10T14:37:23.104+0000] {processor.py:758} INFO - Processing file /home/airflow/.local/lib/python3.7/site-packages/airflow/example_dags/example_trigger_target_dag.py for tasks to queue
[2022-11-10T14:37:23.108+0000] {logging_mixin.py:117} INFO - [2022-11-10T14:37:23.108+0000] {dagbag.py:525} INFO - Filling up the DagBag from /home/airflow/.local/lib/python3.7/site-packages/airflow/example_dags/example_trigger_target_dag.py
[2022-11-10T14:37:23.291+0000] {processor.py:768} INFO - DAG(s) dict_keys(['example_trigger_target_dag']) retrieved from /home/airflow/.local/lib/python3.7/site-packages/airflow/example_dags/example_trigger_target_dag.py
[2022-11-10T14:37:23.547+0000] {logging_mixin.py:117} INFO - [2022-11-10T14:37:23.547+0000] {dag.py:2573} INFO - Sync 1 DAGs
[2022-11-10T14:37:23.654+0000] {logging_mixin.py:117} INFO - [2022-11-10T14:37:23.654+0000] {dag.py:3328} INFO - Setting next_dagrun for example_trigger_target_dag to None, run_after=None
[2022-11-10T14:37:23.716+0000] {processor.py:178} INFO - Processing /home/airflow/.local/lib/python3.7/site-packages/airflow/example_dags/example_trigger_target_dag.py took 0.648 seconds
[2022-11-10T14:45:46.293+0000] {processor.py:156} INFO - Started process (PID=13232) to work on /home/airflow/.local/lib/python3.7/site-packages/airflow/example_dags/example_trigger_target_dag.py
[2022-11-10T14:45:46.297+0000] {processor.py:758} INFO - Processing file /home/airflow/.local/lib/python3.7/site-packages/airflow/example_dags/example_trigger_target_dag.py for tasks to queue
[2022-11-10T14:45:46.298+0000] {logging_mixin.py:117} INFO - [2022-11-10T14:45:46.298+0000] {dagbag.py:525} INFO - Filling up the DagBag from /home/airflow/.local/lib/python3.7/site-packages/airflow/example_dags/example_trigger_target_dag.py
[2022-11-10T14:45:46.414+0000] {processor.py:768} INFO - DAG(s) dict_keys(['example_trigger_target_dag']) retrieved from /home/airflow/.local/lib/python3.7/site-packages/airflow/example_dags/example_trigger_target_dag.py
[2022-11-10T14:45:46.498+0000] {logging_mixin.py:117} INFO - [2022-11-10T14:45:46.498+0000] {dag.py:2573} INFO - Sync 1 DAGs
[2022-11-10T14:45:46.544+0000] {logging_mixin.py:117} INFO - [2022-11-10T14:45:46.544+0000] {dag.py:3328} INFO - Setting next_dagrun for example_trigger_target_dag to None, run_after=None
[2022-11-10T14:45:46.575+0000] {processor.py:178} INFO - Processing /home/airflow/.local/lib/python3.7/site-packages/airflow/example_dags/example_trigger_target_dag.py took 0.286 seconds
[2022-11-10T15:04:54.631+0000] {processor.py:156} INFO - Started process (PID=13296) to work on /home/airflow/.local/lib/python3.7/site-packages/airflow/example_dags/example_trigger_target_dag.py
[2022-11-10T15:04:54.639+0000] {processor.py:758} INFO - Processing file /home/airflow/.local/lib/python3.7/site-packages/airflow/example_dags/example_trigger_target_dag.py for tasks to queue
[2022-11-10T15:04:54.643+0000] {logging_mixin.py:117} INFO - [2022-11-10T15:04:54.642+0000] {dagbag.py:525} INFO - Filling up the DagBag from /home/airflow/.local/lib/python3.7/site-packages/airflow/example_dags/example_trigger_target_dag.py
[2022-11-10T15:04:54.787+0000] {processor.py:768} INFO - DAG(s) dict_keys(['example_trigger_target_dag']) retrieved from /home/airflow/.local/lib/python3.7/site-packages/airflow/example_dags/example_trigger_target_dag.py
[2022-11-10T15:04:55.161+0000] {logging_mixin.py:117} INFO - [2022-11-10T15:04:55.152+0000] {dag.py:2573} INFO - Sync 1 DAGs
[2022-11-10T15:04:55.459+0000] {logging_mixin.py:117} INFO - [2022-11-10T15:04:55.459+0000] {dag.py:3328} INFO - Setting next_dagrun for example_trigger_target_dag to None, run_after=None
[2022-11-10T15:04:55.530+0000] {processor.py:178} INFO - Processing /home/airflow/.local/lib/python3.7/site-packages/airflow/example_dags/example_trigger_target_dag.py took 0.982 seconds
[2022-11-10T16:10:39.946+0000] {processor.py:156} INFO - Started process (PID=13342) to work on /home/airflow/.local/lib/python3.7/site-packages/airflow/example_dags/example_trigger_target_dag.py
[2022-11-10T16:10:39.948+0000] {processor.py:758} INFO - Processing file /home/airflow/.local/lib/python3.7/site-packages/airflow/example_dags/example_trigger_target_dag.py for tasks to queue
[2022-11-10T16:10:39.950+0000] {logging_mixin.py:117} INFO - [2022-11-10T16:10:39.950+0000] {dagbag.py:525} INFO - Filling up the DagBag from /home/airflow/.local/lib/python3.7/site-packages/airflow/example_dags/example_trigger_target_dag.py
[2022-11-10T16:10:39.986+0000] {processor.py:768} INFO - DAG(s) dict_keys(['example_trigger_target_dag']) retrieved from /home/airflow/.local/lib/python3.7/site-packages/airflow/example_dags/example_trigger_target_dag.py
[2022-11-10T16:10:40.029+0000] {logging_mixin.py:117} INFO - [2022-11-10T16:10:40.029+0000] {dag.py:2573} INFO - Sync 1 DAGs
[2022-11-10T16:10:40.065+0000] {logging_mixin.py:117} INFO - [2022-11-10T16:10:40.065+0000] {dag.py:3328} INFO - Setting next_dagrun for example_trigger_target_dag to None, run_after=None
[2022-11-10T16:10:40.100+0000] {processor.py:178} INFO - Processing /home/airflow/.local/lib/python3.7/site-packages/airflow/example_dags/example_trigger_target_dag.py took 0.159 seconds
[2022-11-10T17:34:40.671+0000] {processor.py:156} INFO - Started process (PID=13396) to work on /home/airflow/.local/lib/python3.7/site-packages/airflow/example_dags/example_trigger_target_dag.py
[2022-11-10T17:34:40.696+0000] {processor.py:758} INFO - Processing file /home/airflow/.local/lib/python3.7/site-packages/airflow/example_dags/example_trigger_target_dag.py for tasks to queue
[2022-11-10T17:34:40.703+0000] {logging_mixin.py:117} INFO - [2022-11-10T17:34:40.703+0000] {dagbag.py:525} INFO - Filling up the DagBag from /home/airflow/.local/lib/python3.7/site-packages/airflow/example_dags/example_trigger_target_dag.py
[2022-11-10T17:34:40.764+0000] {processor.py:768} INFO - DAG(s) dict_keys(['example_trigger_target_dag']) retrieved from /home/airflow/.local/lib/python3.7/site-packages/airflow/example_dags/example_trigger_target_dag.py
[2022-11-10T17:34:40.817+0000] {logging_mixin.py:117} INFO - [2022-11-10T17:34:40.817+0000] {dag.py:2573} INFO - Sync 1 DAGs
[2022-11-10T17:34:40.960+0000] {logging_mixin.py:117} INFO - [2022-11-10T17:34:40.960+0000] {dag.py:3328} INFO - Setting next_dagrun for example_trigger_target_dag to None, run_after=None
[2022-11-10T17:34:41.309+0000] {processor.py:178} INFO - Processing /home/airflow/.local/lib/python3.7/site-packages/airflow/example_dags/example_trigger_target_dag.py took 0.642 seconds
[2022-11-10T18:57:16.478+0000] {processor.py:156} INFO - Started process (PID=13460) to work on /home/airflow/.local/lib/python3.7/site-packages/airflow/example_dags/example_trigger_target_dag.py
[2022-11-10T18:57:16.480+0000] {processor.py:758} INFO - Processing file /home/airflow/.local/lib/python3.7/site-packages/airflow/example_dags/example_trigger_target_dag.py for tasks to queue
[2022-11-10T18:57:16.481+0000] {logging_mixin.py:117} INFO - [2022-11-10T18:57:16.481+0000] {dagbag.py:525} INFO - Filling up the DagBag from /home/airflow/.local/lib/python3.7/site-packages/airflow/example_dags/example_trigger_target_dag.py
[2022-11-10T18:57:16.516+0000] {processor.py:768} INFO - DAG(s) dict_keys(['example_trigger_target_dag']) retrieved from /home/airflow/.local/lib/python3.7/site-packages/airflow/example_dags/example_trigger_target_dag.py
[2022-11-10T18:57:16.611+0000] {logging_mixin.py:117} INFO - [2022-11-10T18:57:16.611+0000] {dag.py:2573} INFO - Sync 1 DAGs
[2022-11-10T18:57:16.640+0000] {logging_mixin.py:117} INFO - [2022-11-10T18:57:16.640+0000] {dag.py:3328} INFO - Setting next_dagrun for example_trigger_target_dag to None, run_after=None
[2022-11-10T18:57:16.661+0000] {processor.py:178} INFO - Processing /home/airflow/.local/lib/python3.7/site-packages/airflow/example_dags/example_trigger_target_dag.py took 0.186 seconds
[2022-11-10T19:05:32.704+0000] {processor.py:156} INFO - Started process (PID=13516) to work on /home/airflow/.local/lib/python3.7/site-packages/airflow/example_dags/example_trigger_target_dag.py
[2022-11-10T19:05:32.706+0000] {processor.py:758} INFO - Processing file /home/airflow/.local/lib/python3.7/site-packages/airflow/example_dags/example_trigger_target_dag.py for tasks to queue
[2022-11-10T19:05:32.708+0000] {logging_mixin.py:117} INFO - [2022-11-10T19:05:32.708+0000] {dagbag.py:525} INFO - Filling up the DagBag from /home/airflow/.local/lib/python3.7/site-packages/airflow/example_dags/example_trigger_target_dag.py
[2022-11-10T19:05:32.741+0000] {processor.py:768} INFO - DAG(s) dict_keys(['example_trigger_target_dag']) retrieved from /home/airflow/.local/lib/python3.7/site-packages/airflow/example_dags/example_trigger_target_dag.py
[2022-11-10T19:05:32.835+0000] {logging_mixin.py:117} INFO - [2022-11-10T19:05:32.835+0000] {dag.py:2573} INFO - Sync 1 DAGs
[2022-11-10T19:05:32.897+0000] {logging_mixin.py:117} INFO - [2022-11-10T19:05:32.897+0000] {dag.py:3328} INFO - Setting next_dagrun for example_trigger_target_dag to None, run_after=None
[2022-11-10T19:05:32.932+0000] {processor.py:178} INFO - Processing /home/airflow/.local/lib/python3.7/site-packages/airflow/example_dags/example_trigger_target_dag.py took 0.230 seconds
[2022-11-10T20:13:42.598+0000] {processor.py:156} INFO - Started process (PID=13580) to work on /home/airflow/.local/lib/python3.7/site-packages/airflow/example_dags/example_trigger_target_dag.py
[2022-11-10T20:13:42.599+0000] {processor.py:758} INFO - Processing file /home/airflow/.local/lib/python3.7/site-packages/airflow/example_dags/example_trigger_target_dag.py for tasks to queue
[2022-11-10T20:13:42.601+0000] {logging_mixin.py:117} INFO - [2022-11-10T20:13:42.601+0000] {dagbag.py:525} INFO - Filling up the DagBag from /home/airflow/.local/lib/python3.7/site-packages/airflow/example_dags/example_trigger_target_dag.py
[2022-11-10T20:13:42.666+0000] {processor.py:768} INFO - DAG(s) dict_keys(['example_trigger_target_dag']) retrieved from /home/airflow/.local/lib/python3.7/site-packages/airflow/example_dags/example_trigger_target_dag.py
[2022-11-10T20:13:42.733+0000] {logging_mixin.py:117} INFO - [2022-11-10T20:13:42.733+0000] {dag.py:2573} INFO - Sync 1 DAGs
[2022-11-10T20:13:42.766+0000] {logging_mixin.py:117} INFO - [2022-11-10T20:13:42.765+0000] {dag.py:3328} INFO - Setting next_dagrun for example_trigger_target_dag to None, run_after=None
[2022-11-10T20:13:42.789+0000] {processor.py:178} INFO - Processing /home/airflow/.local/lib/python3.7/site-packages/airflow/example_dags/example_trigger_target_dag.py took 0.197 seconds
[2022-11-10T21:37:17.166+0000] {processor.py:156} INFO - Started process (PID=13643) to work on /home/airflow/.local/lib/python3.7/site-packages/airflow/example_dags/example_trigger_target_dag.py
[2022-11-10T21:37:17.173+0000] {processor.py:758} INFO - Processing file /home/airflow/.local/lib/python3.7/site-packages/airflow/example_dags/example_trigger_target_dag.py for tasks to queue
[2022-11-10T21:37:17.181+0000] {logging_mixin.py:117} INFO - [2022-11-10T21:37:17.181+0000] {dagbag.py:525} INFO - Filling up the DagBag from /home/airflow/.local/lib/python3.7/site-packages/airflow/example_dags/example_trigger_target_dag.py
[2022-11-10T21:37:17.251+0000] {processor.py:768} INFO - DAG(s) dict_keys(['example_trigger_target_dag']) retrieved from /home/airflow/.local/lib/python3.7/site-packages/airflow/example_dags/example_trigger_target_dag.py
[2022-11-10T21:37:17.336+0000] {logging_mixin.py:117} INFO - [2022-11-10T21:37:17.336+0000] {dag.py:2573} INFO - Sync 1 DAGs
[2022-11-10T21:37:17.362+0000] {logging_mixin.py:117} INFO - [2022-11-10T21:37:17.362+0000] {dag.py:3328} INFO - Setting next_dagrun for example_trigger_target_dag to None, run_after=None
[2022-11-10T21:37:17.386+0000] {processor.py:178} INFO - Processing /home/airflow/.local/lib/python3.7/site-packages/airflow/example_dags/example_trigger_target_dag.py took 0.256 seconds
[2022-11-10T23:18:21.485+0000] {processor.py:156} INFO - Started process (PID=13699) to work on /home/airflow/.local/lib/python3.7/site-packages/airflow/example_dags/example_trigger_target_dag.py
[2022-11-10T23:18:21.487+0000] {processor.py:758} INFO - Processing file /home/airflow/.local/lib/python3.7/site-packages/airflow/example_dags/example_trigger_target_dag.py for tasks to queue
[2022-11-10T23:18:21.490+0000] {logging_mixin.py:117} INFO - [2022-11-10T23:18:21.489+0000] {dagbag.py:525} INFO - Filling up the DagBag from /home/airflow/.local/lib/python3.7/site-packages/airflow/example_dags/example_trigger_target_dag.py
[2022-11-10T23:18:21.517+0000] {processor.py:768} INFO - DAG(s) dict_keys(['example_trigger_target_dag']) retrieved from /home/airflow/.local/lib/python3.7/site-packages/airflow/example_dags/example_trigger_target_dag.py
[2022-11-10T23:18:21.596+0000] {logging_mixin.py:117} INFO - [2022-11-10T23:18:21.595+0000] {dag.py:2573} INFO - Sync 1 DAGs
[2022-11-10T23:18:21.636+0000] {logging_mixin.py:117} INFO - [2022-11-10T23:18:21.636+0000] {dag.py:3328} INFO - Setting next_dagrun for example_trigger_target_dag to None, run_after=None
[2022-11-10T23:18:21.667+0000] {processor.py:178} INFO - Processing /home/airflow/.local/lib/python3.7/site-packages/airflow/example_dags/example_trigger_target_dag.py took 0.189 seconds
