[2022-11-10T00:02:10.423+0000] {processor.py:156} INFO - Started process (PID=12515) to work on /home/airflow/.local/lib/python3.7/site-packages/airflow/example_dags/example_branch_labels.py
[2022-11-10T00:02:10.426+0000] {processor.py:758} INFO - Processing file /home/airflow/.local/lib/python3.7/site-packages/airflow/example_dags/example_branch_labels.py for tasks to queue
[2022-11-10T00:02:10.429+0000] {logging_mixin.py:117} INFO - [2022-11-10T00:02:10.429+0000] {dagbag.py:525} INFO - Filling up the DagBag from /home/airflow/.local/lib/python3.7/site-packages/airflow/example_dags/example_branch_labels.py
[2022-11-10T00:02:10.444+0000] {processor.py:768} INFO - DAG(s) dict_keys(['example_branch_labels']) retrieved from /home/airflow/.local/lib/python3.7/site-packages/airflow/example_dags/example_branch_labels.py
[2022-11-10T00:02:10.476+0000] {logging_mixin.py:117} INFO - [2022-11-10T00:02:10.476+0000] {dag.py:2573} INFO - Sync 1 DAGs
[2022-11-10T00:02:10.493+0000] {logging_mixin.py:117} INFO - [2022-11-10T00:02:10.493+0000] {dag.py:3328} INFO - Setting next_dagrun for example_branch_labels to 2022-11-09T00:00:00+00:00, run_after=2022-11-10T00:00:00+00:00
[2022-11-10T00:02:10.505+0000] {processor.py:178} INFO - Processing /home/airflow/.local/lib/python3.7/site-packages/airflow/example_dags/example_branch_labels.py took 0.085 seconds
[2022-11-10T01:24:30.952+0000] {processor.py:156} INFO - Started process (PID=12570) to work on /home/airflow/.local/lib/python3.7/site-packages/airflow/example_dags/example_branch_labels.py
[2022-11-10T01:24:30.953+0000] {processor.py:758} INFO - Processing file /home/airflow/.local/lib/python3.7/site-packages/airflow/example_dags/example_branch_labels.py for tasks to queue
[2022-11-10T01:24:30.955+0000] {logging_mixin.py:117} INFO - [2022-11-10T01:24:30.955+0000] {dagbag.py:525} INFO - Filling up the DagBag from /home/airflow/.local/lib/python3.7/site-packages/airflow/example_dags/example_branch_labels.py
[2022-11-10T01:24:30.970+0000] {processor.py:768} INFO - DAG(s) dict_keys(['example_branch_labels']) retrieved from /home/airflow/.local/lib/python3.7/site-packages/airflow/example_dags/example_branch_labels.py
[2022-11-10T01:24:31.004+0000] {logging_mixin.py:117} INFO - [2022-11-10T01:24:31.003+0000] {dag.py:2573} INFO - Sync 1 DAGs
[2022-11-10T01:24:31.026+0000] {logging_mixin.py:117} INFO - [2022-11-10T01:24:31.026+0000] {dag.py:3328} INFO - Setting next_dagrun for example_branch_labels to 2022-11-09T00:00:00+00:00, run_after=2022-11-10T00:00:00+00:00
[2022-11-10T01:24:31.042+0000] {processor.py:178} INFO - Processing /home/airflow/.local/lib/python3.7/site-packages/airflow/example_dags/example_branch_labels.py took 0.093 seconds
[2022-11-10T02:29:03.699+0000] {processor.py:156} INFO - Started process (PID=12634) to work on /home/airflow/.local/lib/python3.7/site-packages/airflow/example_dags/example_branch_labels.py
[2022-11-10T02:29:03.704+0000] {processor.py:758} INFO - Processing file /home/airflow/.local/lib/python3.7/site-packages/airflow/example_dags/example_branch_labels.py for tasks to queue
[2022-11-10T02:29:03.711+0000] {logging_mixin.py:117} INFO - [2022-11-10T02:29:03.711+0000] {dagbag.py:525} INFO - Filling up the DagBag from /home/airflow/.local/lib/python3.7/site-packages/airflow/example_dags/example_branch_labels.py
[2022-11-10T02:29:03.846+0000] {processor.py:768} INFO - DAG(s) dict_keys(['example_branch_labels']) retrieved from /home/airflow/.local/lib/python3.7/site-packages/airflow/example_dags/example_branch_labels.py
[2022-11-10T02:29:04.018+0000] {logging_mixin.py:117} INFO - [2022-11-10T02:29:04.017+0000] {dag.py:2573} INFO - Sync 1 DAGs
[2022-11-10T02:29:04.061+0000] {logging_mixin.py:117} INFO - [2022-11-10T02:29:04.061+0000] {dag.py:3328} INFO - Setting next_dagrun for example_branch_labels to 2022-11-09T00:00:00+00:00, run_after=2022-11-10T00:00:00+00:00
[2022-11-10T02:29:04.087+0000] {processor.py:178} INFO - Processing /home/airflow/.local/lib/python3.7/site-packages/airflow/example_dags/example_branch_labels.py took 0.423 seconds
[2022-11-10T03:35:44.803+0000] {processor.py:156} INFO - Started process (PID=12697) to work on /home/airflow/.local/lib/python3.7/site-packages/airflow/example_dags/example_branch_labels.py
[2022-11-10T03:35:44.825+0000] {processor.py:758} INFO - Processing file /home/airflow/.local/lib/python3.7/site-packages/airflow/example_dags/example_branch_labels.py for tasks to queue
[2022-11-10T03:35:44.835+0000] {logging_mixin.py:117} INFO - [2022-11-10T03:35:44.834+0000] {dagbag.py:525} INFO - Filling up the DagBag from /home/airflow/.local/lib/python3.7/site-packages/airflow/example_dags/example_branch_labels.py
[2022-11-10T03:35:44.877+0000] {processor.py:768} INFO - DAG(s) dict_keys(['example_branch_labels']) retrieved from /home/airflow/.local/lib/python3.7/site-packages/airflow/example_dags/example_branch_labels.py
[2022-11-10T03:35:44.994+0000] {logging_mixin.py:117} INFO - [2022-11-10T03:35:44.994+0000] {dag.py:2573} INFO - Sync 1 DAGs
[2022-11-10T03:35:45.038+0000] {logging_mixin.py:117} INFO - [2022-11-10T03:35:45.038+0000] {dag.py:3328} INFO - Setting next_dagrun for example_branch_labels to 2022-11-09T00:00:00+00:00, run_after=2022-11-10T00:00:00+00:00
[2022-11-10T03:35:45.058+0000] {processor.py:178} INFO - Processing /home/airflow/.local/lib/python3.7/site-packages/airflow/example_dags/example_branch_labels.py took 0.260 seconds
[2022-11-10T04:59:21.641+0000] {processor.py:156} INFO - Started process (PID=12752) to work on /home/airflow/.local/lib/python3.7/site-packages/airflow/example_dags/example_branch_labels.py
[2022-11-10T04:59:21.656+0000] {processor.py:758} INFO - Processing file /home/airflow/.local/lib/python3.7/site-packages/airflow/example_dags/example_branch_labels.py for tasks to queue
[2022-11-10T04:59:21.664+0000] {logging_mixin.py:117} INFO - [2022-11-10T04:59:21.663+0000] {dagbag.py:525} INFO - Filling up the DagBag from /home/airflow/.local/lib/python3.7/site-packages/airflow/example_dags/example_branch_labels.py
[2022-11-10T04:59:21.747+0000] {processor.py:768} INFO - DAG(s) dict_keys(['example_branch_labels']) retrieved from /home/airflow/.local/lib/python3.7/site-packages/airflow/example_dags/example_branch_labels.py
[2022-11-10T04:59:22.019+0000] {logging_mixin.py:117} INFO - [2022-11-10T04:59:22.019+0000] {dag.py:2573} INFO - Sync 1 DAGs
[2022-11-10T04:59:22.106+0000] {logging_mixin.py:117} INFO - [2022-11-10T04:59:22.106+0000] {dag.py:3328} INFO - Setting next_dagrun for example_branch_labels to 2022-11-09T00:00:00+00:00, run_after=2022-11-10T00:00:00+00:00
[2022-11-10T04:59:22.158+0000] {processor.py:178} INFO - Processing /home/airflow/.local/lib/python3.7/site-packages/airflow/example_dags/example_branch_labels.py took 0.561 seconds
[2022-11-10T06:22:27.062+0000] {processor.py:156} INFO - Started process (PID=12816) to work on /home/airflow/.local/lib/python3.7/site-packages/airflow/example_dags/example_branch_labels.py
[2022-11-10T06:22:27.072+0000] {processor.py:758} INFO - Processing file /home/airflow/.local/lib/python3.7/site-packages/airflow/example_dags/example_branch_labels.py for tasks to queue
[2022-11-10T06:22:27.095+0000] {logging_mixin.py:117} INFO - [2022-11-10T06:22:27.095+0000] {dagbag.py:525} INFO - Filling up the DagBag from /home/airflow/.local/lib/python3.7/site-packages/airflow/example_dags/example_branch_labels.py
[2022-11-10T06:22:27.272+0000] {processor.py:768} INFO - DAG(s) dict_keys(['example_branch_labels']) retrieved from /home/airflow/.local/lib/python3.7/site-packages/airflow/example_dags/example_branch_labels.py
[2022-11-10T06:22:27.465+0000] {logging_mixin.py:117} INFO - [2022-11-10T06:22:27.465+0000] {dag.py:2573} INFO - Sync 1 DAGs
[2022-11-10T06:22:27.530+0000] {logging_mixin.py:117} INFO - [2022-11-10T06:22:27.530+0000] {dag.py:3328} INFO - Setting next_dagrun for example_branch_labels to 2022-11-09T00:00:00+00:00, run_after=2022-11-10T00:00:00+00:00
[2022-11-10T06:22:27.563+0000] {processor.py:178} INFO - Processing /home/airflow/.local/lib/python3.7/site-packages/airflow/example_dags/example_branch_labels.py took 0.513 seconds
[2022-11-10T08:00:46.652+0000] {processor.py:156} INFO - Started process (PID=12870) to work on /home/airflow/.local/lib/python3.7/site-packages/airflow/example_dags/example_branch_labels.py
[2022-11-10T08:00:46.688+0000] {processor.py:758} INFO - Processing file /home/airflow/.local/lib/python3.7/site-packages/airflow/example_dags/example_branch_labels.py for tasks to queue
[2022-11-10T08:00:46.691+0000] {logging_mixin.py:117} INFO - [2022-11-10T08:00:46.691+0000] {dagbag.py:525} INFO - Filling up the DagBag from /home/airflow/.local/lib/python3.7/site-packages/airflow/example_dags/example_branch_labels.py
[2022-11-10T08:00:46.756+0000] {processor.py:768} INFO - DAG(s) dict_keys(['example_branch_labels']) retrieved from /home/airflow/.local/lib/python3.7/site-packages/airflow/example_dags/example_branch_labels.py
[2022-11-10T08:00:46.967+0000] {logging_mixin.py:117} INFO - [2022-11-10T08:00:46.967+0000] {dag.py:2573} INFO - Sync 1 DAGs
[2022-11-10T08:00:47.024+0000] {logging_mixin.py:117} INFO - [2022-11-10T08:00:47.024+0000] {dag.py:3328} INFO - Setting next_dagrun for example_branch_labels to 2022-11-09T00:00:00+00:00, run_after=2022-11-10T00:00:00+00:00
[2022-11-10T08:00:47.098+0000] {processor.py:178} INFO - Processing /home/airflow/.local/lib/python3.7/site-packages/airflow/example_dags/example_branch_labels.py took 0.455 seconds
[2022-11-10T09:22:59.298+0000] {processor.py:156} INFO - Started process (PID=12924) to work on /home/airflow/.local/lib/python3.7/site-packages/airflow/example_dags/example_branch_labels.py
[2022-11-10T09:22:59.303+0000] {processor.py:758} INFO - Processing file /home/airflow/.local/lib/python3.7/site-packages/airflow/example_dags/example_branch_labels.py for tasks to queue
[2022-11-10T09:22:59.305+0000] {logging_mixin.py:117} INFO - [2022-11-10T09:22:59.305+0000] {dagbag.py:525} INFO - Filling up the DagBag from /home/airflow/.local/lib/python3.7/site-packages/airflow/example_dags/example_branch_labels.py
[2022-11-10T09:22:59.338+0000] {processor.py:768} INFO - DAG(s) dict_keys(['example_branch_labels']) retrieved from /home/airflow/.local/lib/python3.7/site-packages/airflow/example_dags/example_branch_labels.py
[2022-11-10T09:22:59.393+0000] {logging_mixin.py:117} INFO - [2022-11-10T09:22:59.393+0000] {dag.py:2573} INFO - Sync 1 DAGs
[2022-11-10T09:22:59.420+0000] {logging_mixin.py:117} INFO - [2022-11-10T09:22:59.420+0000] {dag.py:3328} INFO - Setting next_dagrun for example_branch_labels to 2022-11-09T00:00:00+00:00, run_after=2022-11-10T00:00:00+00:00
[2022-11-10T09:22:59.443+0000] {processor.py:178} INFO - Processing /home/airflow/.local/lib/python3.7/site-packages/airflow/example_dags/example_branch_labels.py took 0.150 seconds
[2022-11-10T10:48:39.223+0000] {processor.py:156} INFO - Started process (PID=12986) to work on /home/airflow/.local/lib/python3.7/site-packages/airflow/example_dags/example_branch_labels.py
[2022-11-10T10:48:39.251+0000] {processor.py:758} INFO - Processing file /home/airflow/.local/lib/python3.7/site-packages/airflow/example_dags/example_branch_labels.py for tasks to queue
[2022-11-10T10:48:39.261+0000] {logging_mixin.py:117} INFO - [2022-11-10T10:48:39.260+0000] {dagbag.py:525} INFO - Filling up the DagBag from /home/airflow/.local/lib/python3.7/site-packages/airflow/example_dags/example_branch_labels.py
[2022-11-10T10:48:39.364+0000] {processor.py:768} INFO - DAG(s) dict_keys(['example_branch_labels']) retrieved from /home/airflow/.local/lib/python3.7/site-packages/airflow/example_dags/example_branch_labels.py
[2022-11-10T10:48:39.615+0000] {logging_mixin.py:117} INFO - [2022-11-10T10:48:39.615+0000] {dag.py:2573} INFO - Sync 1 DAGs
[2022-11-10T10:48:39.721+0000] {logging_mixin.py:117} INFO - [2022-11-10T10:48:39.721+0000] {dag.py:3328} INFO - Setting next_dagrun for example_branch_labels to 2022-11-09T00:00:00+00:00, run_after=2022-11-10T00:00:00+00:00
[2022-11-10T10:48:39.829+0000] {processor.py:178} INFO - Processing /home/airflow/.local/lib/python3.7/site-packages/airflow/example_dags/example_branch_labels.py took 0.616 seconds
[2022-11-10T12:10:52.578+0000] {processor.py:156} INFO - Started process (PID=13042) to work on /home/airflow/.local/lib/python3.7/site-packages/airflow/example_dags/example_branch_labels.py
[2022-11-10T12:10:52.604+0000] {processor.py:758} INFO - Processing file /home/airflow/.local/lib/python3.7/site-packages/airflow/example_dags/example_branch_labels.py for tasks to queue
[2022-11-10T12:10:52.615+0000] {logging_mixin.py:117} INFO - [2022-11-10T12:10:52.615+0000] {dagbag.py:525} INFO - Filling up the DagBag from /home/airflow/.local/lib/python3.7/site-packages/airflow/example_dags/example_branch_labels.py
[2022-11-10T12:10:52.686+0000] {processor.py:768} INFO - DAG(s) dict_keys(['example_branch_labels']) retrieved from /home/airflow/.local/lib/python3.7/site-packages/airflow/example_dags/example_branch_labels.py
[2022-11-10T12:10:53.142+0000] {logging_mixin.py:117} INFO - [2022-11-10T12:10:53.098+0000] {dag.py:2573} INFO - Sync 1 DAGs
[2022-11-10T12:10:53.613+0000] {logging_mixin.py:117} INFO - [2022-11-10T12:10:53.540+0000] {dag.py:3328} INFO - Setting next_dagrun for example_branch_labels to 2022-11-09T00:00:00+00:00, run_after=2022-11-10T00:00:00+00:00
[2022-11-10T12:10:54.310+0000] {processor.py:178} INFO - Processing /home/airflow/.local/lib/python3.7/site-packages/airflow/example_dags/example_branch_labels.py took 1.735 seconds
[2022-11-10T13:33:24.559+0000] {processor.py:156} INFO - Started process (PID=13098) to work on /home/airflow/.local/lib/python3.7/site-packages/airflow/example_dags/example_branch_labels.py
[2022-11-10T13:33:24.569+0000] {processor.py:758} INFO - Processing file /home/airflow/.local/lib/python3.7/site-packages/airflow/example_dags/example_branch_labels.py for tasks to queue
[2022-11-10T13:33:24.578+0000] {logging_mixin.py:117} INFO - [2022-11-10T13:33:24.578+0000] {dagbag.py:525} INFO - Filling up the DagBag from /home/airflow/.local/lib/python3.7/site-packages/airflow/example_dags/example_branch_labels.py
[2022-11-10T13:33:24.693+0000] {processor.py:768} INFO - DAG(s) dict_keys(['example_branch_labels']) retrieved from /home/airflow/.local/lib/python3.7/site-packages/airflow/example_dags/example_branch_labels.py
[2022-11-10T13:33:24.994+0000] {logging_mixin.py:117} INFO - [2022-11-10T13:33:24.994+0000] {dag.py:2573} INFO - Sync 1 DAGs
[2022-11-10T13:33:25.123+0000] {logging_mixin.py:117} INFO - [2022-11-10T13:33:25.123+0000] {dag.py:3328} INFO - Setting next_dagrun for example_branch_labels to 2022-11-09T00:00:00+00:00, run_after=2022-11-10T00:00:00+00:00
[2022-11-10T13:33:25.151+0000] {processor.py:178} INFO - Processing /home/airflow/.local/lib/python3.7/site-packages/airflow/example_dags/example_branch_labels.py took 0.626 seconds
[2022-11-10T14:37:13.521+0000] {processor.py:156} INFO - Started process (PID=13152) to work on /home/airflow/.local/lib/python3.7/site-packages/airflow/example_dags/example_branch_labels.py
[2022-11-10T14:37:13.523+0000] {processor.py:758} INFO - Processing file /home/airflow/.local/lib/python3.7/site-packages/airflow/example_dags/example_branch_labels.py for tasks to queue
[2022-11-10T14:37:13.525+0000] {logging_mixin.py:117} INFO - [2022-11-10T14:37:13.525+0000] {dagbag.py:525} INFO - Filling up the DagBag from /home/airflow/.local/lib/python3.7/site-packages/airflow/example_dags/example_branch_labels.py
[2022-11-10T14:37:13.546+0000] {processor.py:768} INFO - DAG(s) dict_keys(['example_branch_labels']) retrieved from /home/airflow/.local/lib/python3.7/site-packages/airflow/example_dags/example_branch_labels.py
[2022-11-10T14:37:13.628+0000] {logging_mixin.py:117} INFO - [2022-11-10T14:37:13.628+0000] {dag.py:2573} INFO - Sync 1 DAGs
[2022-11-10T14:37:13.741+0000] {logging_mixin.py:117} INFO - [2022-11-10T14:37:13.741+0000] {dag.py:3328} INFO - Setting next_dagrun for example_branch_labels to 2022-11-09T00:00:00+00:00, run_after=2022-11-10T00:00:00+00:00
[2022-11-10T14:37:13.860+0000] {processor.py:178} INFO - Processing /home/airflow/.local/lib/python3.7/site-packages/airflow/example_dags/example_branch_labels.py took 0.340 seconds
[2022-11-10T14:45:39.936+0000] {processor.py:156} INFO - Started process (PID=13207) to work on /home/airflow/.local/lib/python3.7/site-packages/airflow/example_dags/example_branch_labels.py
[2022-11-10T14:45:39.947+0000] {processor.py:758} INFO - Processing file /home/airflow/.local/lib/python3.7/site-packages/airflow/example_dags/example_branch_labels.py for tasks to queue
[2022-11-10T14:45:39.978+0000] {logging_mixin.py:117} INFO - [2022-11-10T14:45:39.978+0000] {dagbag.py:525} INFO - Filling up the DagBag from /home/airflow/.local/lib/python3.7/site-packages/airflow/example_dags/example_branch_labels.py
[2022-11-10T14:45:40.092+0000] {processor.py:768} INFO - DAG(s) dict_keys(['example_branch_labels']) retrieved from /home/airflow/.local/lib/python3.7/site-packages/airflow/example_dags/example_branch_labels.py
[2022-11-10T14:45:40.260+0000] {logging_mixin.py:117} INFO - [2022-11-10T14:45:40.260+0000] {dag.py:2573} INFO - Sync 1 DAGs
[2022-11-10T14:45:40.291+0000] {logging_mixin.py:117} INFO - [2022-11-10T14:45:40.291+0000] {dag.py:3328} INFO - Setting next_dagrun for example_branch_labels to 2022-11-09T00:00:00+00:00, run_after=2022-11-10T00:00:00+00:00
[2022-11-10T14:45:40.349+0000] {processor.py:178} INFO - Processing /home/airflow/.local/lib/python3.7/site-packages/airflow/example_dags/example_branch_labels.py took 0.441 seconds
[2022-11-10T15:04:39.085+0000] {processor.py:156} INFO - Started process (PID=13271) to work on /home/airflow/.local/lib/python3.7/site-packages/airflow/example_dags/example_branch_labels.py
[2022-11-10T15:04:39.100+0000] {processor.py:758} INFO - Processing file /home/airflow/.local/lib/python3.7/site-packages/airflow/example_dags/example_branch_labels.py for tasks to queue
[2022-11-10T15:04:39.104+0000] {logging_mixin.py:117} INFO - [2022-11-10T15:04:39.104+0000] {dagbag.py:525} INFO - Filling up the DagBag from /home/airflow/.local/lib/python3.7/site-packages/airflow/example_dags/example_branch_labels.py
[2022-11-10T15:04:39.528+0000] {processor.py:768} INFO - DAG(s) dict_keys(['example_branch_labels']) retrieved from /home/airflow/.local/lib/python3.7/site-packages/airflow/example_dags/example_branch_labels.py
[2022-11-10T15:04:39.802+0000] {logging_mixin.py:117} INFO - [2022-11-10T15:04:39.802+0000] {dag.py:2573} INFO - Sync 1 DAGs
[2022-11-10T15:04:39.863+0000] {logging_mixin.py:117} INFO - [2022-11-10T15:04:39.863+0000] {dag.py:3328} INFO - Setting next_dagrun for example_branch_labels to 2022-11-09T00:00:00+00:00, run_after=2022-11-10T00:00:00+00:00
[2022-11-10T15:04:40.011+0000] {processor.py:178} INFO - Processing /home/airflow/.local/lib/python3.7/site-packages/airflow/example_dags/example_branch_labels.py took 0.955 seconds
[2022-11-10T16:10:34.310+0000] {processor.py:156} INFO - Started process (PID=13326) to work on /home/airflow/.local/lib/python3.7/site-packages/airflow/example_dags/example_branch_labels.py
[2022-11-10T16:10:34.317+0000] {processor.py:758} INFO - Processing file /home/airflow/.local/lib/python3.7/site-packages/airflow/example_dags/example_branch_labels.py for tasks to queue
[2022-11-10T16:10:34.351+0000] {logging_mixin.py:117} INFO - [2022-11-10T16:10:34.351+0000] {dagbag.py:525} INFO - Filling up the DagBag from /home/airflow/.local/lib/python3.7/site-packages/airflow/example_dags/example_branch_labels.py
[2022-11-10T16:10:34.406+0000] {processor.py:768} INFO - DAG(s) dict_keys(['example_branch_labels']) retrieved from /home/airflow/.local/lib/python3.7/site-packages/airflow/example_dags/example_branch_labels.py
[2022-11-10T16:10:34.498+0000] {logging_mixin.py:117} INFO - [2022-11-10T16:10:34.498+0000] {dag.py:2573} INFO - Sync 1 DAGs
[2022-11-10T16:10:34.560+0000] {logging_mixin.py:117} INFO - [2022-11-10T16:10:34.558+0000] {dag.py:3328} INFO - Setting next_dagrun for example_branch_labels to 2022-11-09T00:00:00+00:00, run_after=2022-11-10T00:00:00+00:00
[2022-11-10T16:10:34.630+0000] {processor.py:178} INFO - Processing /home/airflow/.local/lib/python3.7/site-packages/airflow/example_dags/example_branch_labels.py took 0.333 seconds
[2022-11-10T17:34:36.558+0000] {processor.py:156} INFO - Started process (PID=13380) to work on /home/airflow/.local/lib/python3.7/site-packages/airflow/example_dags/example_branch_labels.py
[2022-11-10T17:34:36.598+0000] {processor.py:758} INFO - Processing file /home/airflow/.local/lib/python3.7/site-packages/airflow/example_dags/example_branch_labels.py for tasks to queue
[2022-11-10T17:34:36.613+0000] {logging_mixin.py:117} INFO - [2022-11-10T17:34:36.613+0000] {dagbag.py:525} INFO - Filling up the DagBag from /home/airflow/.local/lib/python3.7/site-packages/airflow/example_dags/example_branch_labels.py
[2022-11-10T17:34:36.705+0000] {processor.py:768} INFO - DAG(s) dict_keys(['example_branch_labels']) retrieved from /home/airflow/.local/lib/python3.7/site-packages/airflow/example_dags/example_branch_labels.py
[2022-11-10T17:34:36.863+0000] {logging_mixin.py:117} INFO - [2022-11-10T17:34:36.863+0000] {dag.py:2573} INFO - Sync 1 DAGs
[2022-11-10T17:34:36.985+0000] {logging_mixin.py:117} INFO - [2022-11-10T17:34:36.985+0000] {dag.py:3328} INFO - Setting next_dagrun for example_branch_labels to 2022-11-09T00:00:00+00:00, run_after=2022-11-10T00:00:00+00:00
[2022-11-10T17:34:37.031+0000] {processor.py:178} INFO - Processing /home/airflow/.local/lib/python3.7/site-packages/airflow/example_dags/example_branch_labels.py took 0.482 seconds
[2022-11-10T18:57:07.955+0000] {processor.py:156} INFO - Started process (PID=13435) to work on /home/airflow/.local/lib/python3.7/site-packages/airflow/example_dags/example_branch_labels.py
[2022-11-10T18:57:07.981+0000] {processor.py:758} INFO - Processing file /home/airflow/.local/lib/python3.7/site-packages/airflow/example_dags/example_branch_labels.py for tasks to queue
[2022-11-10T18:57:07.985+0000] {logging_mixin.py:117} INFO - [2022-11-10T18:57:07.985+0000] {dagbag.py:525} INFO - Filling up the DagBag from /home/airflow/.local/lib/python3.7/site-packages/airflow/example_dags/example_branch_labels.py
[2022-11-10T18:57:08.375+0000] {processor.py:768} INFO - DAG(s) dict_keys(['example_branch_labels']) retrieved from /home/airflow/.local/lib/python3.7/site-packages/airflow/example_dags/example_branch_labels.py
[2022-11-10T18:57:08.603+0000] {logging_mixin.py:117} INFO - [2022-11-10T18:57:08.602+0000] {dag.py:2573} INFO - Sync 1 DAGs
[2022-11-10T18:57:08.707+0000] {logging_mixin.py:117} INFO - [2022-11-10T18:57:08.707+0000] {dag.py:3328} INFO - Setting next_dagrun for example_branch_labels to 2022-11-09T00:00:00+00:00, run_after=2022-11-10T00:00:00+00:00
[2022-11-10T18:57:08.752+0000] {processor.py:178} INFO - Processing /home/airflow/.local/lib/python3.7/site-packages/airflow/example_dags/example_branch_labels.py took 0.814 seconds
[2022-11-10T19:05:30.352+0000] {processor.py:156} INFO - Started process (PID=13500) to work on /home/airflow/.local/lib/python3.7/site-packages/airflow/example_dags/example_branch_labels.py
[2022-11-10T19:05:30.356+0000] {processor.py:758} INFO - Processing file /home/airflow/.local/lib/python3.7/site-packages/airflow/example_dags/example_branch_labels.py for tasks to queue
[2022-11-10T19:05:30.360+0000] {logging_mixin.py:117} INFO - [2022-11-10T19:05:30.358+0000] {dagbag.py:525} INFO - Filling up the DagBag from /home/airflow/.local/lib/python3.7/site-packages/airflow/example_dags/example_branch_labels.py
[2022-11-10T19:05:30.383+0000] {processor.py:768} INFO - DAG(s) dict_keys(['example_branch_labels']) retrieved from /home/airflow/.local/lib/python3.7/site-packages/airflow/example_dags/example_branch_labels.py
[2022-11-10T19:05:30.448+0000] {logging_mixin.py:117} INFO - [2022-11-10T19:05:30.447+0000] {dag.py:2573} INFO - Sync 1 DAGs
[2022-11-10T19:05:30.500+0000] {logging_mixin.py:117} INFO - [2022-11-10T19:05:30.500+0000] {dag.py:3328} INFO - Setting next_dagrun for example_branch_labels to 2022-11-09T00:00:00+00:00, run_after=2022-11-10T00:00:00+00:00
[2022-11-10T19:05:30.555+0000] {processor.py:178} INFO - Processing /home/airflow/.local/lib/python3.7/site-packages/airflow/example_dags/example_branch_labels.py took 0.208 seconds
[2022-11-10T20:13:37.373+0000] {processor.py:156} INFO - Started process (PID=13564) to work on /home/airflow/.local/lib/python3.7/site-packages/airflow/example_dags/example_branch_labels.py
[2022-11-10T20:13:37.377+0000] {processor.py:758} INFO - Processing file /home/airflow/.local/lib/python3.7/site-packages/airflow/example_dags/example_branch_labels.py for tasks to queue
[2022-11-10T20:13:37.379+0000] {logging_mixin.py:117} INFO - [2022-11-10T20:13:37.379+0000] {dagbag.py:525} INFO - Filling up the DagBag from /home/airflow/.local/lib/python3.7/site-packages/airflow/example_dags/example_branch_labels.py
[2022-11-10T20:13:37.400+0000] {processor.py:768} INFO - DAG(s) dict_keys(['example_branch_labels']) retrieved from /home/airflow/.local/lib/python3.7/site-packages/airflow/example_dags/example_branch_labels.py
[2022-11-10T20:13:37.487+0000] {logging_mixin.py:117} INFO - [2022-11-10T20:13:37.486+0000] {dag.py:2573} INFO - Sync 1 DAGs
[2022-11-10T20:13:37.566+0000] {logging_mixin.py:117} INFO - [2022-11-10T20:13:37.565+0000] {dag.py:3328} INFO - Setting next_dagrun for example_branch_labels to 2022-11-09T00:00:00+00:00, run_after=2022-11-10T00:00:00+00:00
[2022-11-10T20:13:37.996+0000] {processor.py:178} INFO - Processing /home/airflow/.local/lib/python3.7/site-packages/airflow/example_dags/example_branch_labels.py took 0.635 seconds
[2022-11-10T21:37:11.091+0000] {processor.py:156} INFO - Started process (PID=13618) to work on /home/airflow/.local/lib/python3.7/site-packages/airflow/example_dags/example_branch_labels.py
[2022-11-10T21:37:11.101+0000] {processor.py:758} INFO - Processing file /home/airflow/.local/lib/python3.7/site-packages/airflow/example_dags/example_branch_labels.py for tasks to queue
[2022-11-10T21:37:11.104+0000] {logging_mixin.py:117} INFO - [2022-11-10T21:37:11.103+0000] {dagbag.py:525} INFO - Filling up the DagBag from /home/airflow/.local/lib/python3.7/site-packages/airflow/example_dags/example_branch_labels.py
[2022-11-10T21:37:11.146+0000] {processor.py:768} INFO - DAG(s) dict_keys(['example_branch_labels']) retrieved from /home/airflow/.local/lib/python3.7/site-packages/airflow/example_dags/example_branch_labels.py
[2022-11-10T21:37:11.221+0000] {logging_mixin.py:117} INFO - [2022-11-10T21:37:11.221+0000] {dag.py:2573} INFO - Sync 1 DAGs
[2022-11-10T21:37:11.301+0000] {logging_mixin.py:117} INFO - [2022-11-10T21:37:11.301+0000] {dag.py:3328} INFO - Setting next_dagrun for example_branch_labels to 2022-11-09T00:00:00+00:00, run_after=2022-11-10T00:00:00+00:00
[2022-11-10T21:37:11.350+0000] {processor.py:178} INFO - Processing /home/airflow/.local/lib/python3.7/site-packages/airflow/example_dags/example_branch_labels.py took 0.265 seconds
[2022-11-10T23:18:13.940+0000] {processor.py:156} INFO - Started process (PID=13683) to work on /home/airflow/.local/lib/python3.7/site-packages/airflow/example_dags/example_branch_labels.py
[2022-11-10T23:18:13.942+0000] {processor.py:758} INFO - Processing file /home/airflow/.local/lib/python3.7/site-packages/airflow/example_dags/example_branch_labels.py for tasks to queue
[2022-11-10T23:18:13.946+0000] {logging_mixin.py:117} INFO - [2022-11-10T23:18:13.946+0000] {dagbag.py:525} INFO - Filling up the DagBag from /home/airflow/.local/lib/python3.7/site-packages/airflow/example_dags/example_branch_labels.py
[2022-11-10T23:18:14.002+0000] {processor.py:768} INFO - DAG(s) dict_keys(['example_branch_labels']) retrieved from /home/airflow/.local/lib/python3.7/site-packages/airflow/example_dags/example_branch_labels.py
[2022-11-10T23:18:14.081+0000] {logging_mixin.py:117} INFO - [2022-11-10T23:18:14.081+0000] {dag.py:2573} INFO - Sync 1 DAGs
[2022-11-10T23:18:14.114+0000] {logging_mixin.py:117} INFO - [2022-11-10T23:18:14.114+0000] {dag.py:3328} INFO - Setting next_dagrun for example_branch_labels to 2022-11-09T00:00:00+00:00, run_after=2022-11-10T00:00:00+00:00
[2022-11-10T23:18:14.134+0000] {processor.py:178} INFO - Processing /home/airflow/.local/lib/python3.7/site-packages/airflow/example_dags/example_branch_labels.py took 0.197 seconds
