[2022-11-10T00:02:10.222+0000] {processor.py:156} INFO - Started process (PID=12513) to work on /home/airflow/.local/lib/python3.7/site-packages/airflow/example_dags/example_short_circuit_operator.py
[2022-11-10T00:02:10.229+0000] {processor.py:758} INFO - Processing file /home/airflow/.local/lib/python3.7/site-packages/airflow/example_dags/example_short_circuit_operator.py for tasks to queue
[2022-11-10T00:02:10.232+0000] {logging_mixin.py:117} INFO - [2022-11-10T00:02:10.232+0000] {dagbag.py:525} INFO - Filling up the DagBag from /home/airflow/.local/lib/python3.7/site-packages/airflow/example_dags/example_short_circuit_operator.py
[2022-11-10T00:02:10.259+0000] {processor.py:768} INFO - DAG(s) dict_keys(['example_short_circuit_operator']) retrieved from /home/airflow/.local/lib/python3.7/site-packages/airflow/example_dags/example_short_circuit_operator.py
[2022-11-10T00:02:10.314+0000] {logging_mixin.py:117} INFO - [2022-11-10T00:02:10.314+0000] {dag.py:2573} INFO - Sync 1 DAGs
[2022-11-10T00:02:10.347+0000] {logging_mixin.py:117} INFO - [2022-11-10T00:02:10.347+0000] {dag.py:3328} INFO - Setting next_dagrun for example_short_circuit_operator to 2022-11-09T00:02:10.347115+00:00, run_after=2022-11-10T00:02:10.347115+00:00
[2022-11-10T00:02:10.372+0000] {processor.py:178} INFO - Processing /home/airflow/.local/lib/python3.7/site-packages/airflow/example_dags/example_short_circuit_operator.py took 0.153 seconds
[2022-11-10T01:24:30.819+0000] {processor.py:156} INFO - Started process (PID=12568) to work on /home/airflow/.local/lib/python3.7/site-packages/airflow/example_dags/example_short_circuit_operator.py
[2022-11-10T01:24:30.821+0000] {processor.py:758} INFO - Processing file /home/airflow/.local/lib/python3.7/site-packages/airflow/example_dags/example_short_circuit_operator.py for tasks to queue
[2022-11-10T01:24:30.824+0000] {logging_mixin.py:117} INFO - [2022-11-10T01:24:30.823+0000] {dagbag.py:525} INFO - Filling up the DagBag from /home/airflow/.local/lib/python3.7/site-packages/airflow/example_dags/example_short_circuit_operator.py
[2022-11-10T01:24:30.842+0000] {processor.py:768} INFO - DAG(s) dict_keys(['example_short_circuit_operator']) retrieved from /home/airflow/.local/lib/python3.7/site-packages/airflow/example_dags/example_short_circuit_operator.py
[2022-11-10T01:24:30.883+0000] {logging_mixin.py:117} INFO - [2022-11-10T01:24:30.883+0000] {dag.py:2573} INFO - Sync 1 DAGs
[2022-11-10T01:24:30.904+0000] {logging_mixin.py:117} INFO - [2022-11-10T01:24:30.904+0000] {dag.py:3328} INFO - Setting next_dagrun for example_short_circuit_operator to 2022-11-09T01:24:30.904144+00:00, run_after=2022-11-10T01:24:30.904144+00:00
[2022-11-10T01:24:30.917+0000] {processor.py:178} INFO - Processing /home/airflow/.local/lib/python3.7/site-packages/airflow/example_dags/example_short_circuit_operator.py took 0.101 seconds
[2022-11-10T02:29:02.722+0000] {processor.py:156} INFO - Started process (PID=12632) to work on /home/airflow/.local/lib/python3.7/site-packages/airflow/example_dags/example_short_circuit_operator.py
[2022-11-10T02:29:02.736+0000] {processor.py:758} INFO - Processing file /home/airflow/.local/lib/python3.7/site-packages/airflow/example_dags/example_short_circuit_operator.py for tasks to queue
[2022-11-10T02:29:02.738+0000] {logging_mixin.py:117} INFO - [2022-11-10T02:29:02.738+0000] {dagbag.py:525} INFO - Filling up the DagBag from /home/airflow/.local/lib/python3.7/site-packages/airflow/example_dags/example_short_circuit_operator.py
[2022-11-10T02:29:02.922+0000] {processor.py:768} INFO - DAG(s) dict_keys(['example_short_circuit_operator']) retrieved from /home/airflow/.local/lib/python3.7/site-packages/airflow/example_dags/example_short_circuit_operator.py
[2022-11-10T02:29:03.287+0000] {logging_mixin.py:117} INFO - [2022-11-10T02:29:03.287+0000] {dag.py:2573} INFO - Sync 1 DAGs
[2022-11-10T02:29:03.374+0000] {logging_mixin.py:117} INFO - [2022-11-10T02:29:03.373+0000] {dag.py:3328} INFO - Setting next_dagrun for example_short_circuit_operator to 2022-11-09T02:29:03.372838+00:00, run_after=2022-11-10T02:29:03.372838+00:00
[2022-11-10T02:29:03.457+0000] {processor.py:178} INFO - Processing /home/airflow/.local/lib/python3.7/site-packages/airflow/example_dags/example_short_circuit_operator.py took 0.832 seconds
[2022-11-10T03:35:44.415+0000] {processor.py:156} INFO - Started process (PID=12695) to work on /home/airflow/.local/lib/python3.7/site-packages/airflow/example_dags/example_short_circuit_operator.py
[2022-11-10T03:35:44.420+0000] {processor.py:758} INFO - Processing file /home/airflow/.local/lib/python3.7/site-packages/airflow/example_dags/example_short_circuit_operator.py for tasks to queue
[2022-11-10T03:35:44.423+0000] {logging_mixin.py:117} INFO - [2022-11-10T03:35:44.422+0000] {dagbag.py:525} INFO - Filling up the DagBag from /home/airflow/.local/lib/python3.7/site-packages/airflow/example_dags/example_short_circuit_operator.py
[2022-11-10T03:35:44.469+0000] {processor.py:768} INFO - DAG(s) dict_keys(['example_short_circuit_operator']) retrieved from /home/airflow/.local/lib/python3.7/site-packages/airflow/example_dags/example_short_circuit_operator.py
[2022-11-10T03:35:44.574+0000] {logging_mixin.py:117} INFO - [2022-11-10T03:35:44.573+0000] {dag.py:2573} INFO - Sync 1 DAGs
[2022-11-10T03:35:44.620+0000] {logging_mixin.py:117} INFO - [2022-11-10T03:35:44.619+0000] {dag.py:3328} INFO - Setting next_dagrun for example_short_circuit_operator to 2022-11-09T03:35:44.619377+00:00, run_after=2022-11-10T03:35:44.619377+00:00
[2022-11-10T03:35:44.680+0000] {processor.py:178} INFO - Processing /home/airflow/.local/lib/python3.7/site-packages/airflow/example_dags/example_short_circuit_operator.py took 0.278 seconds
[2022-11-10T04:59:20.876+0000] {processor.py:156} INFO - Started process (PID=12750) to work on /home/airflow/.local/lib/python3.7/site-packages/airflow/example_dags/example_short_circuit_operator.py
[2022-11-10T04:59:20.888+0000] {processor.py:758} INFO - Processing file /home/airflow/.local/lib/python3.7/site-packages/airflow/example_dags/example_short_circuit_operator.py for tasks to queue
[2022-11-10T04:59:20.891+0000] {logging_mixin.py:117} INFO - [2022-11-10T04:59:20.891+0000] {dagbag.py:525} INFO - Filling up the DagBag from /home/airflow/.local/lib/python3.7/site-packages/airflow/example_dags/example_short_circuit_operator.py
[2022-11-10T04:59:20.924+0000] {processor.py:768} INFO - DAG(s) dict_keys(['example_short_circuit_operator']) retrieved from /home/airflow/.local/lib/python3.7/site-packages/airflow/example_dags/example_short_circuit_operator.py
[2022-11-10T04:59:21.049+0000] {logging_mixin.py:117} INFO - [2022-11-10T04:59:21.048+0000] {dag.py:2573} INFO - Sync 1 DAGs
[2022-11-10T04:59:21.109+0000] {logging_mixin.py:117} INFO - [2022-11-10T04:59:21.109+0000] {dag.py:3328} INFO - Setting next_dagrun for example_short_circuit_operator to 2022-11-09T04:59:21.109180+00:00, run_after=2022-11-10T04:59:21.109180+00:00
[2022-11-10T04:59:21.292+0000] {processor.py:178} INFO - Processing /home/airflow/.local/lib/python3.7/site-packages/airflow/example_dags/example_short_circuit_operator.py took 0.428 seconds
[2022-11-10T06:22:26.367+0000] {processor.py:156} INFO - Started process (PID=12814) to work on /home/airflow/.local/lib/python3.7/site-packages/airflow/example_dags/example_short_circuit_operator.py
[2022-11-10T06:22:26.379+0000] {processor.py:758} INFO - Processing file /home/airflow/.local/lib/python3.7/site-packages/airflow/example_dags/example_short_circuit_operator.py for tasks to queue
[2022-11-10T06:22:26.382+0000] {logging_mixin.py:117} INFO - [2022-11-10T06:22:26.382+0000] {dagbag.py:525} INFO - Filling up the DagBag from /home/airflow/.local/lib/python3.7/site-packages/airflow/example_dags/example_short_circuit_operator.py
[2022-11-10T06:22:26.432+0000] {processor.py:768} INFO - DAG(s) dict_keys(['example_short_circuit_operator']) retrieved from /home/airflow/.local/lib/python3.7/site-packages/airflow/example_dags/example_short_circuit_operator.py
[2022-11-10T06:22:26.547+0000] {logging_mixin.py:117} INFO - [2022-11-10T06:22:26.547+0000] {dag.py:2573} INFO - Sync 1 DAGs
[2022-11-10T06:22:26.634+0000] {logging_mixin.py:117} INFO - [2022-11-10T06:22:26.634+0000] {dag.py:3328} INFO - Setting next_dagrun for example_short_circuit_operator to 2022-11-09T06:22:26.634315+00:00, run_after=2022-11-10T06:22:26.634315+00:00
[2022-11-10T06:22:26.747+0000] {processor.py:178} INFO - Processing /home/airflow/.local/lib/python3.7/site-packages/airflow/example_dags/example_short_circuit_operator.py took 0.385 seconds
[2022-11-10T08:00:46.285+0000] {processor.py:156} INFO - Started process (PID=12868) to work on /home/airflow/.local/lib/python3.7/site-packages/airflow/example_dags/example_short_circuit_operator.py
[2022-11-10T08:00:46.288+0000] {processor.py:758} INFO - Processing file /home/airflow/.local/lib/python3.7/site-packages/airflow/example_dags/example_short_circuit_operator.py for tasks to queue
[2022-11-10T08:00:46.291+0000] {logging_mixin.py:117} INFO - [2022-11-10T08:00:46.291+0000] {dagbag.py:525} INFO - Filling up the DagBag from /home/airflow/.local/lib/python3.7/site-packages/airflow/example_dags/example_short_circuit_operator.py
[2022-11-10T08:00:46.329+0000] {processor.py:768} INFO - DAG(s) dict_keys(['example_short_circuit_operator']) retrieved from /home/airflow/.local/lib/python3.7/site-packages/airflow/example_dags/example_short_circuit_operator.py
[2022-11-10T08:00:46.385+0000] {logging_mixin.py:117} INFO - [2022-11-10T08:00:46.385+0000] {dag.py:2573} INFO - Sync 1 DAGs
[2022-11-10T08:00:46.478+0000] {logging_mixin.py:117} INFO - [2022-11-10T08:00:46.478+0000] {dag.py:3328} INFO - Setting next_dagrun for example_short_circuit_operator to 2022-11-09T08:00:46.477721+00:00, run_after=2022-11-10T08:00:46.477721+00:00
[2022-11-10T08:00:46.527+0000] {processor.py:178} INFO - Processing /home/airflow/.local/lib/python3.7/site-packages/airflow/example_dags/example_short_circuit_operator.py took 0.260 seconds
[2022-11-10T09:22:58.242+0000] {processor.py:156} INFO - Started process (PID=12922) to work on /home/airflow/.local/lib/python3.7/site-packages/airflow/example_dags/example_short_circuit_operator.py
[2022-11-10T09:22:58.247+0000] {processor.py:758} INFO - Processing file /home/airflow/.local/lib/python3.7/site-packages/airflow/example_dags/example_short_circuit_operator.py for tasks to queue
[2022-11-10T09:22:58.251+0000] {logging_mixin.py:117} INFO - [2022-11-10T09:22:58.251+0000] {dagbag.py:525} INFO - Filling up the DagBag from /home/airflow/.local/lib/python3.7/site-packages/airflow/example_dags/example_short_circuit_operator.py
[2022-11-10T09:22:58.364+0000] {processor.py:768} INFO - DAG(s) dict_keys(['example_short_circuit_operator']) retrieved from /home/airflow/.local/lib/python3.7/site-packages/airflow/example_dags/example_short_circuit_operator.py
[2022-11-10T09:22:58.852+0000] {logging_mixin.py:117} INFO - [2022-11-10T09:22:58.851+0000] {dag.py:2573} INFO - Sync 1 DAGs
[2022-11-10T09:22:58.987+0000] {logging_mixin.py:117} INFO - [2022-11-10T09:22:58.986+0000] {dag.py:3328} INFO - Setting next_dagrun for example_short_circuit_operator to 2022-11-09T09:22:58.981866+00:00, run_after=2022-11-10T09:22:58.981866+00:00
[2022-11-10T09:22:59.076+0000] {processor.py:178} INFO - Processing /home/airflow/.local/lib/python3.7/site-packages/airflow/example_dags/example_short_circuit_operator.py took 0.846 seconds
[2022-11-10T10:48:37.334+0000] {processor.py:156} INFO - Started process (PID=12982) to work on /home/airflow/.local/lib/python3.7/site-packages/airflow/example_dags/example_short_circuit_operator.py
[2022-11-10T10:48:37.355+0000] {processor.py:758} INFO - Processing file /home/airflow/.local/lib/python3.7/site-packages/airflow/example_dags/example_short_circuit_operator.py for tasks to queue
[2022-11-10T10:48:37.414+0000] {logging_mixin.py:117} INFO - [2022-11-10T10:48:37.413+0000] {dagbag.py:525} INFO - Filling up the DagBag from /home/airflow/.local/lib/python3.7/site-packages/airflow/example_dags/example_short_circuit_operator.py
[2022-11-10T10:48:37.544+0000] {processor.py:768} INFO - DAG(s) dict_keys(['example_short_circuit_operator']) retrieved from /home/airflow/.local/lib/python3.7/site-packages/airflow/example_dags/example_short_circuit_operator.py
[2022-11-10T10:48:38.111+0000] {logging_mixin.py:117} INFO - [2022-11-10T10:48:38.110+0000] {dag.py:2573} INFO - Sync 1 DAGs
[2022-11-10T10:48:38.295+0000] {logging_mixin.py:117} INFO - [2022-11-10T10:48:38.295+0000] {dag.py:3328} INFO - Setting next_dagrun for example_short_circuit_operator to 2022-11-09T10:48:38.294960+00:00, run_after=2022-11-10T10:48:38.294960+00:00
[2022-11-10T10:48:38.426+0000] {processor.py:178} INFO - Processing /home/airflow/.local/lib/python3.7/site-packages/airflow/example_dags/example_short_circuit_operator.py took 1.112 seconds
[2022-11-10T12:10:51.545+0000] {processor.py:156} INFO - Started process (PID=13040) to work on /home/airflow/.local/lib/python3.7/site-packages/airflow/example_dags/example_short_circuit_operator.py
[2022-11-10T12:10:51.552+0000] {processor.py:758} INFO - Processing file /home/airflow/.local/lib/python3.7/site-packages/airflow/example_dags/example_short_circuit_operator.py for tasks to queue
[2022-11-10T12:10:51.557+0000] {logging_mixin.py:117} INFO - [2022-11-10T12:10:51.557+0000] {dagbag.py:525} INFO - Filling up the DagBag from /home/airflow/.local/lib/python3.7/site-packages/airflow/example_dags/example_short_circuit_operator.py
[2022-11-10T12:10:51.785+0000] {processor.py:768} INFO - DAG(s) dict_keys(['example_short_circuit_operator']) retrieved from /home/airflow/.local/lib/python3.7/site-packages/airflow/example_dags/example_short_circuit_operator.py
[2022-11-10T12:10:52.156+0000] {logging_mixin.py:117} INFO - [2022-11-10T12:10:52.156+0000] {dag.py:2573} INFO - Sync 1 DAGs
[2022-11-10T12:10:52.312+0000] {logging_mixin.py:117} INFO - [2022-11-10T12:10:52.312+0000] {dag.py:3328} INFO - Setting next_dagrun for example_short_circuit_operator to 2022-11-09T12:10:52.312449+00:00, run_after=2022-11-10T12:10:52.312449+00:00
[2022-11-10T12:10:52.499+0000] {processor.py:178} INFO - Processing /home/airflow/.local/lib/python3.7/site-packages/airflow/example_dags/example_short_circuit_operator.py took 0.988 seconds
[2022-11-10T13:33:23.378+0000] {processor.py:156} INFO - Started process (PID=13086) to work on /home/airflow/.local/lib/python3.7/site-packages/airflow/example_dags/example_short_circuit_operator.py
[2022-11-10T13:33:23.392+0000] {processor.py:758} INFO - Processing file /home/airflow/.local/lib/python3.7/site-packages/airflow/example_dags/example_short_circuit_operator.py for tasks to queue
[2022-11-10T13:33:23.394+0000] {logging_mixin.py:117} INFO - [2022-11-10T13:33:23.394+0000] {dagbag.py:525} INFO - Filling up the DagBag from /home/airflow/.local/lib/python3.7/site-packages/airflow/example_dags/example_short_circuit_operator.py
[2022-11-10T13:33:23.556+0000] {processor.py:768} INFO - DAG(s) dict_keys(['example_short_circuit_operator']) retrieved from /home/airflow/.local/lib/python3.7/site-packages/airflow/example_dags/example_short_circuit_operator.py
[2022-11-10T13:33:23.833+0000] {logging_mixin.py:117} INFO - [2022-11-10T13:33:23.833+0000] {dag.py:2573} INFO - Sync 1 DAGs
[2022-11-10T13:33:24.019+0000] {logging_mixin.py:117} INFO - [2022-11-10T13:33:24.019+0000] {dag.py:3328} INFO - Setting next_dagrun for example_short_circuit_operator to 2022-11-09T13:33:24.017722+00:00, run_after=2022-11-10T13:33:24.017722+00:00
[2022-11-10T13:33:24.112+0000] {processor.py:178} INFO - Processing /home/airflow/.local/lib/python3.7/site-packages/airflow/example_dags/example_short_circuit_operator.py took 0.743 seconds
[2022-11-10T14:37:13.388+0000] {processor.py:156} INFO - Started process (PID=13150) to work on /home/airflow/.local/lib/python3.7/site-packages/airflow/example_dags/example_short_circuit_operator.py
[2022-11-10T14:37:13.389+0000] {processor.py:758} INFO - Processing file /home/airflow/.local/lib/python3.7/site-packages/airflow/example_dags/example_short_circuit_operator.py for tasks to queue
[2022-11-10T14:37:13.391+0000] {logging_mixin.py:117} INFO - [2022-11-10T14:37:13.391+0000] {dagbag.py:525} INFO - Filling up the DagBag from /home/airflow/.local/lib/python3.7/site-packages/airflow/example_dags/example_short_circuit_operator.py
[2022-11-10T14:37:13.405+0000] {processor.py:768} INFO - DAG(s) dict_keys(['example_short_circuit_operator']) retrieved from /home/airflow/.local/lib/python3.7/site-packages/airflow/example_dags/example_short_circuit_operator.py
[2022-11-10T14:37:13.444+0000] {logging_mixin.py:117} INFO - [2022-11-10T14:37:13.444+0000] {dag.py:2573} INFO - Sync 1 DAGs
[2022-11-10T14:37:13.477+0000] {logging_mixin.py:117} INFO - [2022-11-10T14:37:13.477+0000] {dag.py:3328} INFO - Setting next_dagrun for example_short_circuit_operator to 2022-11-09T14:37:13.476769+00:00, run_after=2022-11-10T14:37:13.476769+00:00
[2022-11-10T14:37:13.496+0000] {processor.py:178} INFO - Processing /home/airflow/.local/lib/python3.7/site-packages/airflow/example_dags/example_short_circuit_operator.py took 0.112 seconds
[2022-11-10T14:45:38.537+0000] {processor.py:156} INFO - Started process (PID=13205) to work on /home/airflow/.local/lib/python3.7/site-packages/airflow/example_dags/example_short_circuit_operator.py
[2022-11-10T14:45:38.545+0000] {processor.py:758} INFO - Processing file /home/airflow/.local/lib/python3.7/site-packages/airflow/example_dags/example_short_circuit_operator.py for tasks to queue
[2022-11-10T14:45:38.548+0000] {logging_mixin.py:117} INFO - [2022-11-10T14:45:38.548+0000] {dagbag.py:525} INFO - Filling up the DagBag from /home/airflow/.local/lib/python3.7/site-packages/airflow/example_dags/example_short_circuit_operator.py
[2022-11-10T14:45:38.755+0000] {processor.py:768} INFO - DAG(s) dict_keys(['example_short_circuit_operator']) retrieved from /home/airflow/.local/lib/python3.7/site-packages/airflow/example_dags/example_short_circuit_operator.py
[2022-11-10T14:45:39.174+0000] {logging_mixin.py:117} INFO - [2022-11-10T14:45:39.173+0000] {dag.py:2573} INFO - Sync 1 DAGs
[2022-11-10T14:45:39.230+0000] {logging_mixin.py:117} INFO - [2022-11-10T14:45:39.229+0000] {dag.py:3328} INFO - Setting next_dagrun for example_short_circuit_operator to 2022-11-09T14:45:39.228220+00:00, run_after=2022-11-10T14:45:39.228220+00:00
[2022-11-10T14:45:39.376+0000] {processor.py:178} INFO - Processing /home/airflow/.local/lib/python3.7/site-packages/airflow/example_dags/example_short_circuit_operator.py took 0.850 seconds
[2022-11-10T15:04:37.758+0000] {processor.py:156} INFO - Started process (PID=13261) to work on /home/airflow/.local/lib/python3.7/site-packages/airflow/example_dags/example_short_circuit_operator.py
[2022-11-10T15:04:37.773+0000] {processor.py:758} INFO - Processing file /home/airflow/.local/lib/python3.7/site-packages/airflow/example_dags/example_short_circuit_operator.py for tasks to queue
[2022-11-10T15:04:37.854+0000] {logging_mixin.py:117} INFO - [2022-11-10T15:04:37.854+0000] {dagbag.py:525} INFO - Filling up the DagBag from /home/airflow/.local/lib/python3.7/site-packages/airflow/example_dags/example_short_circuit_operator.py
[2022-11-10T15:04:38.109+0000] {processor.py:768} INFO - DAG(s) dict_keys(['example_short_circuit_operator']) retrieved from /home/airflow/.local/lib/python3.7/site-packages/airflow/example_dags/example_short_circuit_operator.py
[2022-11-10T15:04:38.525+0000] {logging_mixin.py:117} INFO - [2022-11-10T15:04:38.524+0000] {dag.py:2573} INFO - Sync 1 DAGs
[2022-11-10T15:04:38.625+0000] {logging_mixin.py:117} INFO - [2022-11-10T15:04:38.625+0000] {dag.py:3328} INFO - Setting next_dagrun for example_short_circuit_operator to 2022-11-09T15:04:38.625376+00:00, run_after=2022-11-10T15:04:38.625376+00:00
[2022-11-10T15:04:38.701+0000] {processor.py:178} INFO - Processing /home/airflow/.local/lib/python3.7/site-packages/airflow/example_dags/example_short_circuit_operator.py took 0.955 seconds
[2022-11-10T16:10:33.720+0000] {processor.py:156} INFO - Started process (PID=13324) to work on /home/airflow/.local/lib/python3.7/site-packages/airflow/example_dags/example_short_circuit_operator.py
[2022-11-10T16:10:33.726+0000] {processor.py:758} INFO - Processing file /home/airflow/.local/lib/python3.7/site-packages/airflow/example_dags/example_short_circuit_operator.py for tasks to queue
[2022-11-10T16:10:33.737+0000] {logging_mixin.py:117} INFO - [2022-11-10T16:10:33.735+0000] {dagbag.py:525} INFO - Filling up the DagBag from /home/airflow/.local/lib/python3.7/site-packages/airflow/example_dags/example_short_circuit_operator.py
[2022-11-10T16:10:33.935+0000] {processor.py:768} INFO - DAG(s) dict_keys(['example_short_circuit_operator']) retrieved from /home/airflow/.local/lib/python3.7/site-packages/airflow/example_dags/example_short_circuit_operator.py
[2022-11-10T16:10:34.030+0000] {logging_mixin.py:117} INFO - [2022-11-10T16:10:34.030+0000] {dag.py:2573} INFO - Sync 1 DAGs
[2022-11-10T16:10:34.069+0000] {logging_mixin.py:117} INFO - [2022-11-10T16:10:34.069+0000] {dag.py:3328} INFO - Setting next_dagrun for example_short_circuit_operator to 2022-11-09T16:10:34.063545+00:00, run_after=2022-11-10T16:10:34.063545+00:00
[2022-11-10T16:10:34.152+0000] {processor.py:178} INFO - Processing /home/airflow/.local/lib/python3.7/site-packages/airflow/example_dags/example_short_circuit_operator.py took 0.437 seconds
[2022-11-10T17:34:35.535+0000] {processor.py:156} INFO - Started process (PID=13378) to work on /home/airflow/.local/lib/python3.7/site-packages/airflow/example_dags/example_short_circuit_operator.py
[2022-11-10T17:34:35.539+0000] {processor.py:758} INFO - Processing file /home/airflow/.local/lib/python3.7/site-packages/airflow/example_dags/example_short_circuit_operator.py for tasks to queue
[2022-11-10T17:34:35.541+0000] {logging_mixin.py:117} INFO - [2022-11-10T17:34:35.541+0000] {dagbag.py:525} INFO - Filling up the DagBag from /home/airflow/.local/lib/python3.7/site-packages/airflow/example_dags/example_short_circuit_operator.py
[2022-11-10T17:34:35.590+0000] {processor.py:768} INFO - DAG(s) dict_keys(['example_short_circuit_operator']) retrieved from /home/airflow/.local/lib/python3.7/site-packages/airflow/example_dags/example_short_circuit_operator.py
[2022-11-10T17:34:36.065+0000] {logging_mixin.py:117} INFO - [2022-11-10T17:34:36.055+0000] {dag.py:2573} INFO - Sync 1 DAGs
[2022-11-10T17:34:36.158+0000] {logging_mixin.py:117} INFO - [2022-11-10T17:34:36.158+0000] {dag.py:3328} INFO - Setting next_dagrun for example_short_circuit_operator to 2022-11-09T17:34:36.158035+00:00, run_after=2022-11-10T17:34:36.158035+00:00
[2022-11-10T17:34:36.262+0000] {processor.py:178} INFO - Processing /home/airflow/.local/lib/python3.7/site-packages/airflow/example_dags/example_short_circuit_operator.py took 0.731 seconds
[2022-11-10T18:57:07.656+0000] {processor.py:156} INFO - Started process (PID=13433) to work on /home/airflow/.local/lib/python3.7/site-packages/airflow/example_dags/example_short_circuit_operator.py
[2022-11-10T18:57:07.657+0000] {processor.py:758} INFO - Processing file /home/airflow/.local/lib/python3.7/site-packages/airflow/example_dags/example_short_circuit_operator.py for tasks to queue
[2022-11-10T18:57:07.658+0000] {logging_mixin.py:117} INFO - [2022-11-10T18:57:07.658+0000] {dagbag.py:525} INFO - Filling up the DagBag from /home/airflow/.local/lib/python3.7/site-packages/airflow/example_dags/example_short_circuit_operator.py
[2022-11-10T18:57:07.674+0000] {processor.py:768} INFO - DAG(s) dict_keys(['example_short_circuit_operator']) retrieved from /home/airflow/.local/lib/python3.7/site-packages/airflow/example_dags/example_short_circuit_operator.py
[2022-11-10T18:57:07.740+0000] {logging_mixin.py:117} INFO - [2022-11-10T18:57:07.739+0000] {dag.py:2573} INFO - Sync 1 DAGs
[2022-11-10T18:57:07.837+0000] {logging_mixin.py:117} INFO - [2022-11-10T18:57:07.837+0000] {dag.py:3328} INFO - Setting next_dagrun for example_short_circuit_operator to 2022-11-09T18:57:07.837340+00:00, run_after=2022-11-10T18:57:07.837340+00:00
[2022-11-10T18:57:07.872+0000] {processor.py:178} INFO - Processing /home/airflow/.local/lib/python3.7/site-packages/airflow/example_dags/example_short_circuit_operator.py took 0.219 seconds
[2022-11-10T19:05:30.020+0000] {processor.py:156} INFO - Started process (PID=13498) to work on /home/airflow/.local/lib/python3.7/site-packages/airflow/example_dags/example_short_circuit_operator.py
[2022-11-10T19:05:30.025+0000] {processor.py:758} INFO - Processing file /home/airflow/.local/lib/python3.7/site-packages/airflow/example_dags/example_short_circuit_operator.py for tasks to queue
[2022-11-10T19:05:30.027+0000] {logging_mixin.py:117} INFO - [2022-11-10T19:05:30.027+0000] {dagbag.py:525} INFO - Filling up the DagBag from /home/airflow/.local/lib/python3.7/site-packages/airflow/example_dags/example_short_circuit_operator.py
[2022-11-10T19:05:30.093+0000] {processor.py:768} INFO - DAG(s) dict_keys(['example_short_circuit_operator']) retrieved from /home/airflow/.local/lib/python3.7/site-packages/airflow/example_dags/example_short_circuit_operator.py
[2022-11-10T19:05:30.180+0000] {logging_mixin.py:117} INFO - [2022-11-10T19:05:30.180+0000] {dag.py:2573} INFO - Sync 1 DAGs
[2022-11-10T19:05:30.239+0000] {logging_mixin.py:117} INFO - [2022-11-10T19:05:30.239+0000] {dag.py:3328} INFO - Setting next_dagrun for example_short_circuit_operator to 2022-11-09T19:05:30.239200+00:00, run_after=2022-11-10T19:05:30.239200+00:00
[2022-11-10T19:05:30.287+0000] {processor.py:178} INFO - Processing /home/airflow/.local/lib/python3.7/site-packages/airflow/example_dags/example_short_circuit_operator.py took 0.274 seconds
[2022-11-10T20:13:36.816+0000] {processor.py:156} INFO - Started process (PID=13562) to work on /home/airflow/.local/lib/python3.7/site-packages/airflow/example_dags/example_short_circuit_operator.py
[2022-11-10T20:13:36.824+0000] {processor.py:758} INFO - Processing file /home/airflow/.local/lib/python3.7/site-packages/airflow/example_dags/example_short_circuit_operator.py for tasks to queue
[2022-11-10T20:13:36.829+0000] {logging_mixin.py:117} INFO - [2022-11-10T20:13:36.829+0000] {dagbag.py:525} INFO - Filling up the DagBag from /home/airflow/.local/lib/python3.7/site-packages/airflow/example_dags/example_short_circuit_operator.py
[2022-11-10T20:13:36.941+0000] {processor.py:768} INFO - DAG(s) dict_keys(['example_short_circuit_operator']) retrieved from /home/airflow/.local/lib/python3.7/site-packages/airflow/example_dags/example_short_circuit_operator.py
[2022-11-10T20:13:37.156+0000] {logging_mixin.py:117} INFO - [2022-11-10T20:13:37.155+0000] {dag.py:2573} INFO - Sync 1 DAGs
[2022-11-10T20:13:37.226+0000] {logging_mixin.py:117} INFO - [2022-11-10T20:13:37.225+0000] {dag.py:3328} INFO - Setting next_dagrun for example_short_circuit_operator to 2022-11-09T20:13:37.224924+00:00, run_after=2022-11-10T20:13:37.224924+00:00
[2022-11-10T20:13:37.268+0000] {processor.py:178} INFO - Processing /home/airflow/.local/lib/python3.7/site-packages/airflow/example_dags/example_short_circuit_operator.py took 0.466 seconds
[2022-11-10T21:37:10.490+0000] {processor.py:156} INFO - Started process (PID=13616) to work on /home/airflow/.local/lib/python3.7/site-packages/airflow/example_dags/example_short_circuit_operator.py
[2022-11-10T21:37:10.493+0000] {processor.py:758} INFO - Processing file /home/airflow/.local/lib/python3.7/site-packages/airflow/example_dags/example_short_circuit_operator.py for tasks to queue
[2022-11-10T21:37:10.494+0000] {logging_mixin.py:117} INFO - [2022-11-10T21:37:10.494+0000] {dagbag.py:525} INFO - Filling up the DagBag from /home/airflow/.local/lib/python3.7/site-packages/airflow/example_dags/example_short_circuit_operator.py
[2022-11-10T21:37:10.596+0000] {processor.py:768} INFO - DAG(s) dict_keys(['example_short_circuit_operator']) retrieved from /home/airflow/.local/lib/python3.7/site-packages/airflow/example_dags/example_short_circuit_operator.py
[2022-11-10T21:37:10.752+0000] {logging_mixin.py:117} INFO - [2022-11-10T21:37:10.752+0000] {dag.py:2573} INFO - Sync 1 DAGs
[2022-11-10T21:37:10.874+0000] {logging_mixin.py:117} INFO - [2022-11-10T21:37:10.874+0000] {dag.py:3328} INFO - Setting next_dagrun for example_short_circuit_operator to 2022-11-09T21:37:10.873940+00:00, run_after=2022-11-10T21:37:10.873940+00:00
[2022-11-10T21:37:10.947+0000] {processor.py:178} INFO - Processing /home/airflow/.local/lib/python3.7/site-packages/airflow/example_dags/example_short_circuit_operator.py took 0.477 seconds
[2022-11-10T23:18:13.529+0000] {processor.py:156} INFO - Started process (PID=13681) to work on /home/airflow/.local/lib/python3.7/site-packages/airflow/example_dags/example_short_circuit_operator.py
[2022-11-10T23:18:13.533+0000] {processor.py:758} INFO - Processing file /home/airflow/.local/lib/python3.7/site-packages/airflow/example_dags/example_short_circuit_operator.py for tasks to queue
[2022-11-10T23:18:13.535+0000] {logging_mixin.py:117} INFO - [2022-11-10T23:18:13.535+0000] {dagbag.py:525} INFO - Filling up the DagBag from /home/airflow/.local/lib/python3.7/site-packages/airflow/example_dags/example_short_circuit_operator.py
[2022-11-10T23:18:13.580+0000] {processor.py:768} INFO - DAG(s) dict_keys(['example_short_circuit_operator']) retrieved from /home/airflow/.local/lib/python3.7/site-packages/airflow/example_dags/example_short_circuit_operator.py
[2022-11-10T23:18:13.794+0000] {logging_mixin.py:117} INFO - [2022-11-10T23:18:13.794+0000] {dag.py:2573} INFO - Sync 1 DAGs
[2022-11-10T23:18:13.841+0000] {logging_mixin.py:117} INFO - [2022-11-10T23:18:13.841+0000] {dag.py:3328} INFO - Setting next_dagrun for example_short_circuit_operator to 2022-11-09T23:18:13.841230+00:00, run_after=2022-11-10T23:18:13.841230+00:00
[2022-11-10T23:18:13.872+0000] {processor.py:178} INFO - Processing /home/airflow/.local/lib/python3.7/site-packages/airflow/example_dags/example_short_circuit_operator.py took 0.350 seconds
