[2022-11-10T00:02:14.193+0000] {processor.py:156} INFO - Started process (PID=12535) to work on /home/airflow/.local/lib/python3.7/site-packages/airflow/example_dags/example_complex.py
[2022-11-10T00:02:14.204+0000] {processor.py:758} INFO - Processing file /home/airflow/.local/lib/python3.7/site-packages/airflow/example_dags/example_complex.py for tasks to queue
[2022-11-10T00:02:14.209+0000] {logging_mixin.py:117} INFO - [2022-11-10T00:02:14.209+0000] {dagbag.py:525} INFO - Filling up the DagBag from /home/airflow/.local/lib/python3.7/site-packages/airflow/example_dags/example_complex.py
[2022-11-10T00:02:14.239+0000] {processor.py:768} INFO - DAG(s) dict_keys(['example_complex']) retrieved from /home/airflow/.local/lib/python3.7/site-packages/airflow/example_dags/example_complex.py
[2022-11-10T00:02:14.306+0000] {logging_mixin.py:117} INFO - [2022-11-10T00:02:14.306+0000] {dag.py:2573} INFO - Sync 1 DAGs
[2022-11-10T00:02:14.344+0000] {logging_mixin.py:117} INFO - [2022-11-10T00:02:14.344+0000] {dag.py:3328} INFO - Setting next_dagrun for example_complex to None, run_after=None
[2022-11-10T00:02:14.369+0000] {processor.py:178} INFO - Processing /home/airflow/.local/lib/python3.7/site-packages/airflow/example_dags/example_complex.py took 0.202 seconds
[2022-11-10T01:24:33.623+0000] {processor.py:156} INFO - Started process (PID=12599) to work on /home/airflow/.local/lib/python3.7/site-packages/airflow/example_dags/example_complex.py
[2022-11-10T01:24:33.625+0000] {processor.py:758} INFO - Processing file /home/airflow/.local/lib/python3.7/site-packages/airflow/example_dags/example_complex.py for tasks to queue
[2022-11-10T01:24:33.626+0000] {logging_mixin.py:117} INFO - [2022-11-10T01:24:33.626+0000] {dagbag.py:525} INFO - Filling up the DagBag from /home/airflow/.local/lib/python3.7/site-packages/airflow/example_dags/example_complex.py
[2022-11-10T01:24:33.639+0000] {processor.py:768} INFO - DAG(s) dict_keys(['example_complex']) retrieved from /home/airflow/.local/lib/python3.7/site-packages/airflow/example_dags/example_complex.py
[2022-11-10T01:24:33.676+0000] {logging_mixin.py:117} INFO - [2022-11-10T01:24:33.675+0000] {dag.py:2573} INFO - Sync 1 DAGs
[2022-11-10T01:24:33.691+0000] {logging_mixin.py:117} INFO - [2022-11-10T01:24:33.691+0000] {dag.py:3328} INFO - Setting next_dagrun for example_complex to None, run_after=None
[2022-11-10T01:24:33.701+0000] {processor.py:178} INFO - Processing /home/airflow/.local/lib/python3.7/site-packages/airflow/example_dags/example_complex.py took 0.080 seconds
[2022-11-10T02:29:07.732+0000] {processor.py:156} INFO - Started process (PID=12662) to work on /home/airflow/.local/lib/python3.7/site-packages/airflow/example_dags/example_complex.py
[2022-11-10T02:29:07.736+0000] {processor.py:758} INFO - Processing file /home/airflow/.local/lib/python3.7/site-packages/airflow/example_dags/example_complex.py for tasks to queue
[2022-11-10T02:29:07.739+0000] {logging_mixin.py:117} INFO - [2022-11-10T02:29:07.739+0000] {dagbag.py:525} INFO - Filling up the DagBag from /home/airflow/.local/lib/python3.7/site-packages/airflow/example_dags/example_complex.py
[2022-11-10T02:29:07.770+0000] {processor.py:768} INFO - DAG(s) dict_keys(['example_complex']) retrieved from /home/airflow/.local/lib/python3.7/site-packages/airflow/example_dags/example_complex.py
[2022-11-10T02:29:07.847+0000] {logging_mixin.py:117} INFO - [2022-11-10T02:29:07.847+0000] {dag.py:2573} INFO - Sync 1 DAGs
[2022-11-10T02:29:07.895+0000] {logging_mixin.py:117} INFO - [2022-11-10T02:29:07.895+0000] {dag.py:3328} INFO - Setting next_dagrun for example_complex to None, run_after=None
[2022-11-10T02:29:07.926+0000] {processor.py:178} INFO - Processing /home/airflow/.local/lib/python3.7/site-packages/airflow/example_dags/example_complex.py took 0.198 seconds
[2022-11-10T03:35:47.474+0000] {processor.py:156} INFO - Started process (PID=12717) to work on /home/airflow/.local/lib/python3.7/site-packages/airflow/example_dags/example_complex.py
[2022-11-10T03:35:47.477+0000] {processor.py:758} INFO - Processing file /home/airflow/.local/lib/python3.7/site-packages/airflow/example_dags/example_complex.py for tasks to queue
[2022-11-10T03:35:47.480+0000] {logging_mixin.py:117} INFO - [2022-11-10T03:35:47.480+0000] {dagbag.py:525} INFO - Filling up the DagBag from /home/airflow/.local/lib/python3.7/site-packages/airflow/example_dags/example_complex.py
[2022-11-10T03:35:47.502+0000] {processor.py:768} INFO - DAG(s) dict_keys(['example_complex']) retrieved from /home/airflow/.local/lib/python3.7/site-packages/airflow/example_dags/example_complex.py
[2022-11-10T03:35:47.571+0000] {logging_mixin.py:117} INFO - [2022-11-10T03:35:47.571+0000] {dag.py:2573} INFO - Sync 1 DAGs
[2022-11-10T03:35:47.628+0000] {logging_mixin.py:117} INFO - [2022-11-10T03:35:47.628+0000] {dag.py:3328} INFO - Setting next_dagrun for example_complex to None, run_after=None
[2022-11-10T03:35:47.655+0000] {processor.py:178} INFO - Processing /home/airflow/.local/lib/python3.7/site-packages/airflow/example_dags/example_complex.py took 0.187 seconds
[2022-11-10T04:59:30.114+0000] {processor.py:156} INFO - Started process (PID=12781) to work on /home/airflow/.local/lib/python3.7/site-packages/airflow/example_dags/example_complex.py
[2022-11-10T04:59:30.119+0000] {processor.py:758} INFO - Processing file /home/airflow/.local/lib/python3.7/site-packages/airflow/example_dags/example_complex.py for tasks to queue
[2022-11-10T04:59:30.122+0000] {logging_mixin.py:117} INFO - [2022-11-10T04:59:30.122+0000] {dagbag.py:525} INFO - Filling up the DagBag from /home/airflow/.local/lib/python3.7/site-packages/airflow/example_dags/example_complex.py
[2022-11-10T04:59:30.252+0000] {processor.py:768} INFO - DAG(s) dict_keys(['example_complex']) retrieved from /home/airflow/.local/lib/python3.7/site-packages/airflow/example_dags/example_complex.py
[2022-11-10T04:59:30.456+0000] {logging_mixin.py:117} INFO - [2022-11-10T04:59:30.456+0000] {dag.py:2573} INFO - Sync 1 DAGs
[2022-11-10T04:59:30.493+0000] {logging_mixin.py:117} INFO - [2022-11-10T04:59:30.492+0000] {dag.py:3328} INFO - Setting next_dagrun for example_complex to None, run_after=None
[2022-11-10T04:59:30.563+0000] {processor.py:178} INFO - Processing /home/airflow/.local/lib/python3.7/site-packages/airflow/example_dags/example_complex.py took 0.465 seconds
[2022-11-10T06:22:33.792+0000] {processor.py:156} INFO - Started process (PID=12836) to work on /home/airflow/.local/lib/python3.7/site-packages/airflow/example_dags/example_complex.py
[2022-11-10T06:22:33.799+0000] {processor.py:758} INFO - Processing file /home/airflow/.local/lib/python3.7/site-packages/airflow/example_dags/example_complex.py for tasks to queue
[2022-11-10T06:22:33.818+0000] {logging_mixin.py:117} INFO - [2022-11-10T06:22:33.818+0000] {dagbag.py:525} INFO - Filling up the DagBag from /home/airflow/.local/lib/python3.7/site-packages/airflow/example_dags/example_complex.py
[2022-11-10T06:22:33.909+0000] {processor.py:768} INFO - DAG(s) dict_keys(['example_complex']) retrieved from /home/airflow/.local/lib/python3.7/site-packages/airflow/example_dags/example_complex.py
[2022-11-10T06:22:34.267+0000] {logging_mixin.py:117} INFO - [2022-11-10T06:22:34.267+0000] {dag.py:2573} INFO - Sync 1 DAGs
[2022-11-10T06:22:34.370+0000] {logging_mixin.py:117} INFO - [2022-11-10T06:22:34.370+0000] {dag.py:3328} INFO - Setting next_dagrun for example_complex to None, run_after=None
[2022-11-10T06:22:34.526+0000] {processor.py:178} INFO - Processing /home/airflow/.local/lib/python3.7/site-packages/airflow/example_dags/example_complex.py took 0.738 seconds
[2022-11-10T08:00:56.375+0000] {processor.py:156} INFO - Started process (PID=12899) to work on /home/airflow/.local/lib/python3.7/site-packages/airflow/example_dags/example_complex.py
[2022-11-10T08:00:56.376+0000] {processor.py:758} INFO - Processing file /home/airflow/.local/lib/python3.7/site-packages/airflow/example_dags/example_complex.py for tasks to queue
[2022-11-10T08:00:56.377+0000] {logging_mixin.py:117} INFO - [2022-11-10T08:00:56.377+0000] {dagbag.py:525} INFO - Filling up the DagBag from /home/airflow/.local/lib/python3.7/site-packages/airflow/example_dags/example_complex.py
[2022-11-10T08:00:56.406+0000] {processor.py:768} INFO - DAG(s) dict_keys(['example_complex']) retrieved from /home/airflow/.local/lib/python3.7/site-packages/airflow/example_dags/example_complex.py
[2022-11-10T08:00:56.480+0000] {logging_mixin.py:117} INFO - [2022-11-10T08:00:56.480+0000] {dag.py:2573} INFO - Sync 1 DAGs
[2022-11-10T08:00:56.541+0000] {logging_mixin.py:117} INFO - [2022-11-10T08:00:56.541+0000] {dag.py:3328} INFO - Setting next_dagrun for example_complex to None, run_after=None
[2022-11-10T08:00:56.553+0000] {processor.py:178} INFO - Processing /home/airflow/.local/lib/python3.7/site-packages/airflow/example_dags/example_complex.py took 0.181 seconds
[2022-11-10T09:23:08.819+0000] {processor.py:156} INFO - Started process (PID=12952) to work on /home/airflow/.local/lib/python3.7/site-packages/airflow/example_dags/example_complex.py
[2022-11-10T09:23:08.845+0000] {processor.py:758} INFO - Processing file /home/airflow/.local/lib/python3.7/site-packages/airflow/example_dags/example_complex.py for tasks to queue
[2022-11-10T09:23:08.855+0000] {logging_mixin.py:117} INFO - [2022-11-10T09:23:08.855+0000] {dagbag.py:525} INFO - Filling up the DagBag from /home/airflow/.local/lib/python3.7/site-packages/airflow/example_dags/example_complex.py
[2022-11-10T09:23:08.950+0000] {processor.py:768} INFO - DAG(s) dict_keys(['example_complex']) retrieved from /home/airflow/.local/lib/python3.7/site-packages/airflow/example_dags/example_complex.py
[2022-11-10T09:23:09.158+0000] {logging_mixin.py:117} INFO - [2022-11-10T09:23:09.158+0000] {dag.py:2573} INFO - Sync 1 DAGs
[2022-11-10T09:23:09.203+0000] {logging_mixin.py:117} INFO - [2022-11-10T09:23:09.203+0000] {dag.py:3328} INFO - Setting next_dagrun for example_complex to None, run_after=None
[2022-11-10T09:23:09.255+0000] {processor.py:178} INFO - Processing /home/airflow/.local/lib/python3.7/site-packages/airflow/example_dags/example_complex.py took 0.448 seconds
[2022-11-10T10:48:47.676+0000] {processor.py:156} INFO - Started process (PID=13006) to work on /home/airflow/.local/lib/python3.7/site-packages/airflow/example_dags/example_complex.py
[2022-11-10T10:48:47.678+0000] {processor.py:758} INFO - Processing file /home/airflow/.local/lib/python3.7/site-packages/airflow/example_dags/example_complex.py for tasks to queue
[2022-11-10T10:48:47.679+0000] {logging_mixin.py:117} INFO - [2022-11-10T10:48:47.679+0000] {dagbag.py:525} INFO - Filling up the DagBag from /home/airflow/.local/lib/python3.7/site-packages/airflow/example_dags/example_complex.py
[2022-11-10T10:48:47.703+0000] {processor.py:768} INFO - DAG(s) dict_keys(['example_complex']) retrieved from /home/airflow/.local/lib/python3.7/site-packages/airflow/example_dags/example_complex.py
[2022-11-10T10:48:47.773+0000] {logging_mixin.py:117} INFO - [2022-11-10T10:48:47.773+0000] {dag.py:2573} INFO - Sync 1 DAGs
[2022-11-10T10:48:47.792+0000] {logging_mixin.py:117} INFO - [2022-11-10T10:48:47.792+0000] {dag.py:3328} INFO - Setting next_dagrun for example_complex to None, run_after=None
[2022-11-10T10:48:47.807+0000] {processor.py:178} INFO - Processing /home/airflow/.local/lib/python3.7/site-packages/airflow/example_dags/example_complex.py took 0.134 seconds
[2022-11-10T12:11:06.727+0000] {processor.py:156} INFO - Started process (PID=13069) to work on /home/airflow/.local/lib/python3.7/site-packages/airflow/example_dags/example_complex.py
[2022-11-10T12:11:06.744+0000] {processor.py:758} INFO - Processing file /home/airflow/.local/lib/python3.7/site-packages/airflow/example_dags/example_complex.py for tasks to queue
[2022-11-10T12:11:06.756+0000] {logging_mixin.py:117} INFO - [2022-11-10T12:11:06.756+0000] {dagbag.py:525} INFO - Filling up the DagBag from /home/airflow/.local/lib/python3.7/site-packages/airflow/example_dags/example_complex.py
[2022-11-10T12:11:06.983+0000] {processor.py:768} INFO - DAG(s) dict_keys(['example_complex']) retrieved from /home/airflow/.local/lib/python3.7/site-packages/airflow/example_dags/example_complex.py
[2022-11-10T12:11:07.205+0000] {logging_mixin.py:117} INFO - [2022-11-10T12:11:07.205+0000] {dag.py:2573} INFO - Sync 1 DAGs
[2022-11-10T12:11:07.258+0000] {logging_mixin.py:117} INFO - [2022-11-10T12:11:07.258+0000] {dag.py:3328} INFO - Setting next_dagrun for example_complex to None, run_after=None
[2022-11-10T12:11:07.299+0000] {processor.py:178} INFO - Processing /home/airflow/.local/lib/python3.7/site-packages/airflow/example_dags/example_complex.py took 0.584 seconds
[2022-11-10T13:33:29.961+0000] {processor.py:156} INFO - Started process (PID=13118) to work on /home/airflow/.local/lib/python3.7/site-packages/airflow/example_dags/example_complex.py
[2022-11-10T13:33:29.965+0000] {processor.py:758} INFO - Processing file /home/airflow/.local/lib/python3.7/site-packages/airflow/example_dags/example_complex.py for tasks to queue
[2022-11-10T13:33:29.966+0000] {logging_mixin.py:117} INFO - [2022-11-10T13:33:29.966+0000] {dagbag.py:525} INFO - Filling up the DagBag from /home/airflow/.local/lib/python3.7/site-packages/airflow/example_dags/example_complex.py
[2022-11-10T13:33:29.997+0000] {processor.py:768} INFO - DAG(s) dict_keys(['example_complex']) retrieved from /home/airflow/.local/lib/python3.7/site-packages/airflow/example_dags/example_complex.py
[2022-11-10T13:33:30.036+0000] {logging_mixin.py:117} INFO - [2022-11-10T13:33:30.035+0000] {dag.py:2573} INFO - Sync 1 DAGs
[2022-11-10T13:33:30.057+0000] {logging_mixin.py:117} INFO - [2022-11-10T13:33:30.057+0000] {dag.py:3328} INFO - Setting next_dagrun for example_complex to None, run_after=None
[2022-11-10T13:33:30.075+0000] {processor.py:178} INFO - Processing /home/airflow/.local/lib/python3.7/site-packages/airflow/example_dags/example_complex.py took 0.116 seconds
[2022-11-10T14:37:24.409+0000] {processor.py:156} INFO - Started process (PID=13172) to work on /home/airflow/.local/lib/python3.7/site-packages/airflow/example_dags/example_complex.py
[2022-11-10T14:37:24.414+0000] {processor.py:758} INFO - Processing file /home/airflow/.local/lib/python3.7/site-packages/airflow/example_dags/example_complex.py for tasks to queue
[2022-11-10T14:37:24.418+0000] {logging_mixin.py:117} INFO - [2022-11-10T14:37:24.418+0000] {dagbag.py:525} INFO - Filling up the DagBag from /home/airflow/.local/lib/python3.7/site-packages/airflow/example_dags/example_complex.py
[2022-11-10T14:37:24.496+0000] {processor.py:768} INFO - DAG(s) dict_keys(['example_complex']) retrieved from /home/airflow/.local/lib/python3.7/site-packages/airflow/example_dags/example_complex.py
[2022-11-10T14:37:24.556+0000] {logging_mixin.py:117} INFO - [2022-11-10T14:37:24.556+0000] {dag.py:2573} INFO - Sync 1 DAGs
[2022-11-10T14:37:24.581+0000] {logging_mixin.py:117} INFO - [2022-11-10T14:37:24.580+0000] {dag.py:3328} INFO - Setting next_dagrun for example_complex to None, run_after=None
[2022-11-10T14:37:24.601+0000] {processor.py:178} INFO - Processing /home/airflow/.local/lib/python3.7/site-packages/airflow/example_dags/example_complex.py took 0.197 seconds
[2022-11-10T14:45:46.874+0000] {processor.py:156} INFO - Started process (PID=13236) to work on /home/airflow/.local/lib/python3.7/site-packages/airflow/example_dags/example_complex.py
[2022-11-10T14:45:46.878+0000] {processor.py:758} INFO - Processing file /home/airflow/.local/lib/python3.7/site-packages/airflow/example_dags/example_complex.py for tasks to queue
[2022-11-10T14:45:46.879+0000] {logging_mixin.py:117} INFO - [2022-11-10T14:45:46.879+0000] {dagbag.py:525} INFO - Filling up the DagBag from /home/airflow/.local/lib/python3.7/site-packages/airflow/example_dags/example_complex.py
[2022-11-10T14:45:46.954+0000] {processor.py:768} INFO - DAG(s) dict_keys(['example_complex']) retrieved from /home/airflow/.local/lib/python3.7/site-packages/airflow/example_dags/example_complex.py
[2022-11-10T14:45:47.184+0000] {logging_mixin.py:117} INFO - [2022-11-10T14:45:47.184+0000] {dag.py:2573} INFO - Sync 1 DAGs
[2022-11-10T14:45:47.248+0000] {logging_mixin.py:117} INFO - [2022-11-10T14:45:47.248+0000] {dag.py:3328} INFO - Setting next_dagrun for example_complex to None, run_after=None
[2022-11-10T14:45:47.265+0000] {processor.py:178} INFO - Processing /home/airflow/.local/lib/python3.7/site-packages/airflow/example_dags/example_complex.py took 0.394 seconds
[2022-11-10T15:05:02.209+0000] {processor.py:156} INFO - Started process (PID=13300) to work on /home/airflow/.local/lib/python3.7/site-packages/airflow/example_dags/example_complex.py
[2022-11-10T15:05:02.211+0000] {processor.py:758} INFO - Processing file /home/airflow/.local/lib/python3.7/site-packages/airflow/example_dags/example_complex.py for tasks to queue
[2022-11-10T15:05:02.213+0000] {logging_mixin.py:117} INFO - [2022-11-10T15:05:02.213+0000] {dagbag.py:525} INFO - Filling up the DagBag from /home/airflow/.local/lib/python3.7/site-packages/airflow/example_dags/example_complex.py
[2022-11-10T15:05:02.237+0000] {processor.py:768} INFO - DAG(s) dict_keys(['example_complex']) retrieved from /home/airflow/.local/lib/python3.7/site-packages/airflow/example_dags/example_complex.py
[2022-11-10T15:05:02.294+0000] {logging_mixin.py:117} INFO - [2022-11-10T15:05:02.294+0000] {dag.py:2573} INFO - Sync 1 DAGs
[2022-11-10T15:05:02.308+0000] {logging_mixin.py:117} INFO - [2022-11-10T15:05:02.308+0000] {dag.py:3328} INFO - Setting next_dagrun for example_complex to None, run_after=None
[2022-11-10T15:05:02.321+0000] {processor.py:178} INFO - Processing /home/airflow/.local/lib/python3.7/site-packages/airflow/example_dags/example_complex.py took 0.123 seconds
[2022-11-10T16:10:40.414+0000] {processor.py:156} INFO - Started process (PID=13346) to work on /home/airflow/.local/lib/python3.7/site-packages/airflow/example_dags/example_complex.py
[2022-11-10T16:10:40.417+0000] {processor.py:758} INFO - Processing file /home/airflow/.local/lib/python3.7/site-packages/airflow/example_dags/example_complex.py for tasks to queue
[2022-11-10T16:10:40.419+0000] {logging_mixin.py:117} INFO - [2022-11-10T16:10:40.419+0000] {dagbag.py:525} INFO - Filling up the DagBag from /home/airflow/.local/lib/python3.7/site-packages/airflow/example_dags/example_complex.py
[2022-11-10T16:10:40.455+0000] {processor.py:768} INFO - DAG(s) dict_keys(['example_complex']) retrieved from /home/airflow/.local/lib/python3.7/site-packages/airflow/example_dags/example_complex.py
[2022-11-10T16:10:40.514+0000] {logging_mixin.py:117} INFO - [2022-11-10T16:10:40.513+0000] {dag.py:2573} INFO - Sync 1 DAGs
[2022-11-10T16:10:40.539+0000] {logging_mixin.py:117} INFO - [2022-11-10T16:10:40.539+0000] {dag.py:3328} INFO - Setting next_dagrun for example_complex to None, run_after=None
[2022-11-10T16:10:40.563+0000] {processor.py:178} INFO - Processing /home/airflow/.local/lib/python3.7/site-packages/airflow/example_dags/example_complex.py took 0.153 seconds
[2022-11-10T17:34:43.128+0000] {processor.py:156} INFO - Started process (PID=13408) to work on /home/airflow/.local/lib/python3.7/site-packages/airflow/example_dags/example_complex.py
[2022-11-10T17:34:43.145+0000] {processor.py:758} INFO - Processing file /home/airflow/.local/lib/python3.7/site-packages/airflow/example_dags/example_complex.py for tasks to queue
[2022-11-10T17:34:43.153+0000] {logging_mixin.py:117} INFO - [2022-11-10T17:34:43.152+0000] {dagbag.py:525} INFO - Filling up the DagBag from /home/airflow/.local/lib/python3.7/site-packages/airflow/example_dags/example_complex.py
[2022-11-10T17:34:43.211+0000] {processor.py:768} INFO - DAG(s) dict_keys(['example_complex']) retrieved from /home/airflow/.local/lib/python3.7/site-packages/airflow/example_dags/example_complex.py
[2022-11-10T17:34:43.536+0000] {logging_mixin.py:117} INFO - [2022-11-10T17:34:43.534+0000] {dag.py:2573} INFO - Sync 1 DAGs
[2022-11-10T17:34:43.615+0000] {logging_mixin.py:117} INFO - [2022-11-10T17:34:43.615+0000] {dag.py:3328} INFO - Setting next_dagrun for example_complex to None, run_after=None
[2022-11-10T17:34:43.723+0000] {processor.py:178} INFO - Processing /home/airflow/.local/lib/python3.7/site-packages/airflow/example_dags/example_complex.py took 0.599 seconds
[2022-11-10T18:57:16.882+0000] {processor.py:156} INFO - Started process (PID=13464) to work on /home/airflow/.local/lib/python3.7/site-packages/airflow/example_dags/example_complex.py
[2022-11-10T18:57:16.885+0000] {processor.py:758} INFO - Processing file /home/airflow/.local/lib/python3.7/site-packages/airflow/example_dags/example_complex.py for tasks to queue
[2022-11-10T18:57:16.889+0000] {logging_mixin.py:117} INFO - [2022-11-10T18:57:16.889+0000] {dagbag.py:525} INFO - Filling up the DagBag from /home/airflow/.local/lib/python3.7/site-packages/airflow/example_dags/example_complex.py
[2022-11-10T18:57:16.953+0000] {processor.py:768} INFO - DAG(s) dict_keys(['example_complex']) retrieved from /home/airflow/.local/lib/python3.7/site-packages/airflow/example_dags/example_complex.py
[2022-11-10T18:57:17.082+0000] {logging_mixin.py:117} INFO - [2022-11-10T18:57:17.082+0000] {dag.py:2573} INFO - Sync 1 DAGs
[2022-11-10T18:57:17.138+0000] {logging_mixin.py:117} INFO - [2022-11-10T18:57:17.138+0000] {dag.py:3328} INFO - Setting next_dagrun for example_complex to None, run_after=None
[2022-11-10T18:57:17.165+0000] {processor.py:178} INFO - Processing /home/airflow/.local/lib/python3.7/site-packages/airflow/example_dags/example_complex.py took 0.287 seconds
[2022-11-10T19:05:33.281+0000] {processor.py:156} INFO - Started process (PID=13520) to work on /home/airflow/.local/lib/python3.7/site-packages/airflow/example_dags/example_complex.py
[2022-11-10T19:05:33.283+0000] {processor.py:758} INFO - Processing file /home/airflow/.local/lib/python3.7/site-packages/airflow/example_dags/example_complex.py for tasks to queue
[2022-11-10T19:05:33.291+0000] {logging_mixin.py:117} INFO - [2022-11-10T19:05:33.291+0000] {dagbag.py:525} INFO - Filling up the DagBag from /home/airflow/.local/lib/python3.7/site-packages/airflow/example_dags/example_complex.py
[2022-11-10T19:05:33.319+0000] {processor.py:768} INFO - DAG(s) dict_keys(['example_complex']) retrieved from /home/airflow/.local/lib/python3.7/site-packages/airflow/example_dags/example_complex.py
[2022-11-10T19:05:33.379+0000] {logging_mixin.py:117} INFO - [2022-11-10T19:05:33.379+0000] {dag.py:2573} INFO - Sync 1 DAGs
[2022-11-10T19:05:33.411+0000] {logging_mixin.py:117} INFO - [2022-11-10T19:05:33.411+0000] {dag.py:3328} INFO - Setting next_dagrun for example_complex to None, run_after=None
[2022-11-10T19:05:33.441+0000] {processor.py:178} INFO - Processing /home/airflow/.local/lib/python3.7/site-packages/airflow/example_dags/example_complex.py took 0.163 seconds
[2022-11-10T20:13:43.951+0000] {processor.py:156} INFO - Started process (PID=13584) to work on /home/airflow/.local/lib/python3.7/site-packages/airflow/example_dags/example_complex.py
[2022-11-10T20:13:43.955+0000] {processor.py:758} INFO - Processing file /home/airflow/.local/lib/python3.7/site-packages/airflow/example_dags/example_complex.py for tasks to queue
[2022-11-10T20:13:43.958+0000] {logging_mixin.py:117} INFO - [2022-11-10T20:13:43.958+0000] {dagbag.py:525} INFO - Filling up the DagBag from /home/airflow/.local/lib/python3.7/site-packages/airflow/example_dags/example_complex.py
[2022-11-10T20:13:44.004+0000] {processor.py:768} INFO - DAG(s) dict_keys(['example_complex']) retrieved from /home/airflow/.local/lib/python3.7/site-packages/airflow/example_dags/example_complex.py
[2022-11-10T20:13:44.094+0000] {logging_mixin.py:117} INFO - [2022-11-10T20:13:44.093+0000] {dag.py:2573} INFO - Sync 1 DAGs
[2022-11-10T20:13:44.131+0000] {logging_mixin.py:117} INFO - [2022-11-10T20:13:44.131+0000] {dag.py:3328} INFO - Setting next_dagrun for example_complex to None, run_after=None
[2022-11-10T20:13:44.162+0000] {processor.py:178} INFO - Processing /home/airflow/.local/lib/python3.7/site-packages/airflow/example_dags/example_complex.py took 0.213 seconds
[2022-11-10T21:37:17.704+0000] {processor.py:156} INFO - Started process (PID=13647) to work on /home/airflow/.local/lib/python3.7/site-packages/airflow/example_dags/example_complex.py
[2022-11-10T21:37:17.707+0000] {processor.py:758} INFO - Processing file /home/airflow/.local/lib/python3.7/site-packages/airflow/example_dags/example_complex.py for tasks to queue
[2022-11-10T21:37:17.710+0000] {logging_mixin.py:117} INFO - [2022-11-10T21:37:17.710+0000] {dagbag.py:525} INFO - Filling up the DagBag from /home/airflow/.local/lib/python3.7/site-packages/airflow/example_dags/example_complex.py
[2022-11-10T21:37:17.738+0000] {processor.py:768} INFO - DAG(s) dict_keys(['example_complex']) retrieved from /home/airflow/.local/lib/python3.7/site-packages/airflow/example_dags/example_complex.py
[2022-11-10T21:37:17.801+0000] {logging_mixin.py:117} INFO - [2022-11-10T21:37:17.801+0000] {dag.py:2573} INFO - Sync 1 DAGs
[2022-11-10T21:37:17.824+0000] {logging_mixin.py:117} INFO - [2022-11-10T21:37:17.824+0000] {dag.py:3328} INFO - Setting next_dagrun for example_complex to None, run_after=None
[2022-11-10T21:37:17.838+0000] {processor.py:178} INFO - Processing /home/airflow/.local/lib/python3.7/site-packages/airflow/example_dags/example_complex.py took 0.136 seconds
[2022-11-10T23:18:21.947+0000] {processor.py:156} INFO - Started process (PID=13703) to work on /home/airflow/.local/lib/python3.7/site-packages/airflow/example_dags/example_complex.py
[2022-11-10T23:18:21.950+0000] {processor.py:758} INFO - Processing file /home/airflow/.local/lib/python3.7/site-packages/airflow/example_dags/example_complex.py for tasks to queue
[2022-11-10T23:18:21.952+0000] {logging_mixin.py:117} INFO - [2022-11-10T23:18:21.952+0000] {dagbag.py:525} INFO - Filling up the DagBag from /home/airflow/.local/lib/python3.7/site-packages/airflow/example_dags/example_complex.py
[2022-11-10T23:18:21.982+0000] {processor.py:768} INFO - DAG(s) dict_keys(['example_complex']) retrieved from /home/airflow/.local/lib/python3.7/site-packages/airflow/example_dags/example_complex.py
[2022-11-10T23:18:22.045+0000] {logging_mixin.py:117} INFO - [2022-11-10T23:18:22.045+0000] {dag.py:2573} INFO - Sync 1 DAGs
[2022-11-10T23:18:22.090+0000] {logging_mixin.py:117} INFO - [2022-11-10T23:18:22.089+0000] {dag.py:3328} INFO - Setting next_dagrun for example_complex to None, run_after=None
[2022-11-10T23:18:22.114+0000] {processor.py:178} INFO - Processing /home/airflow/.local/lib/python3.7/site-packages/airflow/example_dags/example_complex.py took 0.173 seconds
