[2022-11-10T00:02:12.153+0000] {processor.py:156} INFO - Started process (PID=12526) to work on /home/airflow/.local/lib/python3.7/site-packages/airflow/example_dags/example_dag_decorator.py
[2022-11-10T00:02:12.181+0000] {processor.py:758} INFO - Processing file /home/airflow/.local/lib/python3.7/site-packages/airflow/example_dags/example_dag_decorator.py for tasks to queue
[2022-11-10T00:02:12.183+0000] {logging_mixin.py:117} INFO - [2022-11-10T00:02:12.183+0000] {dagbag.py:525} INFO - Filling up the DagBag from /home/airflow/.local/lib/python3.7/site-packages/airflow/example_dags/example_dag_decorator.py
[2022-11-10T00:02:12.220+0000] {processor.py:768} INFO - DAG(s) dict_keys(['example_dag_decorator']) retrieved from /home/airflow/.local/lib/python3.7/site-packages/airflow/example_dags/example_dag_decorator.py
[2022-11-10T00:02:12.350+0000] {logging_mixin.py:117} INFO - [2022-11-10T00:02:12.350+0000] {dag.py:2573} INFO - Sync 1 DAGs
[2022-11-10T00:02:12.405+0000] {logging_mixin.py:117} INFO - [2022-11-10T00:02:12.405+0000] {dag.py:3328} INFO - Setting next_dagrun for example_dag_decorator to None, run_after=None
[2022-11-10T00:02:12.434+0000] {processor.py:178} INFO - Processing /home/airflow/.local/lib/python3.7/site-packages/airflow/example_dags/example_dag_decorator.py took 0.288 seconds
[2022-11-10T01:24:32.543+0000] {processor.py:156} INFO - Started process (PID=12590) to work on /home/airflow/.local/lib/python3.7/site-packages/airflow/example_dags/example_dag_decorator.py
[2022-11-10T01:24:32.546+0000] {processor.py:758} INFO - Processing file /home/airflow/.local/lib/python3.7/site-packages/airflow/example_dags/example_dag_decorator.py for tasks to queue
[2022-11-10T01:24:32.549+0000] {logging_mixin.py:117} INFO - [2022-11-10T01:24:32.549+0000] {dagbag.py:525} INFO - Filling up the DagBag from /home/airflow/.local/lib/python3.7/site-packages/airflow/example_dags/example_dag_decorator.py
[2022-11-10T01:24:32.600+0000] {processor.py:768} INFO - DAG(s) dict_keys(['example_dag_decorator']) retrieved from /home/airflow/.local/lib/python3.7/site-packages/airflow/example_dags/example_dag_decorator.py
[2022-11-10T01:24:32.696+0000] {logging_mixin.py:117} INFO - [2022-11-10T01:24:32.696+0000] {dag.py:2573} INFO - Sync 1 DAGs
[2022-11-10T01:24:32.721+0000] {logging_mixin.py:117} INFO - [2022-11-10T01:24:32.721+0000] {dag.py:3328} INFO - Setting next_dagrun for example_dag_decorator to None, run_after=None
[2022-11-10T01:24:32.754+0000] {processor.py:178} INFO - Processing /home/airflow/.local/lib/python3.7/site-packages/airflow/example_dags/example_dag_decorator.py took 0.213 seconds
[2022-11-10T02:29:05.463+0000] {processor.py:156} INFO - Started process (PID=12645) to work on /home/airflow/.local/lib/python3.7/site-packages/airflow/example_dags/example_dag_decorator.py
[2022-11-10T02:29:05.476+0000] {processor.py:758} INFO - Processing file /home/airflow/.local/lib/python3.7/site-packages/airflow/example_dags/example_dag_decorator.py for tasks to queue
[2022-11-10T02:29:05.514+0000] {logging_mixin.py:117} INFO - [2022-11-10T02:29:05.513+0000] {dagbag.py:525} INFO - Filling up the DagBag from /home/airflow/.local/lib/python3.7/site-packages/airflow/example_dags/example_dag_decorator.py
[2022-11-10T02:29:05.625+0000] {processor.py:768} INFO - DAG(s) dict_keys(['example_dag_decorator']) retrieved from /home/airflow/.local/lib/python3.7/site-packages/airflow/example_dags/example_dag_decorator.py
[2022-11-10T02:29:05.790+0000] {logging_mixin.py:117} INFO - [2022-11-10T02:29:05.790+0000] {dag.py:2573} INFO - Sync 1 DAGs
[2022-11-10T02:29:05.817+0000] {logging_mixin.py:117} INFO - [2022-11-10T02:29:05.817+0000] {dag.py:3328} INFO - Setting next_dagrun for example_dag_decorator to None, run_after=None
[2022-11-10T02:29:05.876+0000] {processor.py:178} INFO - Processing /home/airflow/.local/lib/python3.7/site-packages/airflow/example_dags/example_dag_decorator.py took 0.418 seconds
[2022-11-10T03:35:46.648+0000] {processor.py:156} INFO - Started process (PID=12708) to work on /home/airflow/.local/lib/python3.7/site-packages/airflow/example_dags/example_dag_decorator.py
[2022-11-10T03:35:46.661+0000] {processor.py:758} INFO - Processing file /home/airflow/.local/lib/python3.7/site-packages/airflow/example_dags/example_dag_decorator.py for tasks to queue
[2022-11-10T03:35:46.663+0000] {logging_mixin.py:117} INFO - [2022-11-10T03:35:46.663+0000] {dagbag.py:525} INFO - Filling up the DagBag from /home/airflow/.local/lib/python3.7/site-packages/airflow/example_dags/example_dag_decorator.py
[2022-11-10T03:35:46.690+0000] {processor.py:768} INFO - DAG(s) dict_keys(['example_dag_decorator']) retrieved from /home/airflow/.local/lib/python3.7/site-packages/airflow/example_dags/example_dag_decorator.py
[2022-11-10T03:35:46.749+0000] {logging_mixin.py:117} INFO - [2022-11-10T03:35:46.749+0000] {dag.py:2573} INFO - Sync 1 DAGs
[2022-11-10T03:35:46.766+0000] {logging_mixin.py:117} INFO - [2022-11-10T03:35:46.765+0000] {dag.py:3328} INFO - Setting next_dagrun for example_dag_decorator to None, run_after=None
[2022-11-10T03:35:46.777+0000] {processor.py:178} INFO - Processing /home/airflow/.local/lib/python3.7/site-packages/airflow/example_dags/example_dag_decorator.py took 0.132 seconds
[2022-11-10T04:59:23.335+0000] {processor.py:156} INFO - Started process (PID=12763) to work on /home/airflow/.local/lib/python3.7/site-packages/airflow/example_dags/example_dag_decorator.py
[2022-11-10T04:59:23.339+0000] {processor.py:758} INFO - Processing file /home/airflow/.local/lib/python3.7/site-packages/airflow/example_dags/example_dag_decorator.py for tasks to queue
[2022-11-10T04:59:23.343+0000] {logging_mixin.py:117} INFO - [2022-11-10T04:59:23.342+0000] {dagbag.py:525} INFO - Filling up the DagBag from /home/airflow/.local/lib/python3.7/site-packages/airflow/example_dags/example_dag_decorator.py
[2022-11-10T04:59:23.392+0000] {processor.py:768} INFO - DAG(s) dict_keys(['example_dag_decorator']) retrieved from /home/airflow/.local/lib/python3.7/site-packages/airflow/example_dags/example_dag_decorator.py
[2022-11-10T04:59:24.557+0000] {logging_mixin.py:117} INFO - [2022-11-10T04:59:24.556+0000] {dag.py:2573} INFO - Sync 1 DAGs
[2022-11-10T04:59:24.650+0000] {logging_mixin.py:117} INFO - [2022-11-10T04:59:24.650+0000] {dag.py:3328} INFO - Setting next_dagrun for example_dag_decorator to None, run_after=None
[2022-11-10T04:59:24.756+0000] {processor.py:178} INFO - Processing /home/airflow/.local/lib/python3.7/site-packages/airflow/example_dags/example_dag_decorator.py took 1.437 seconds
[2022-11-10T06:22:29.255+0000] {processor.py:156} INFO - Started process (PID=12827) to work on /home/airflow/.local/lib/python3.7/site-packages/airflow/example_dags/example_dag_decorator.py
[2022-11-10T06:22:29.261+0000] {processor.py:758} INFO - Processing file /home/airflow/.local/lib/python3.7/site-packages/airflow/example_dags/example_dag_decorator.py for tasks to queue
[2022-11-10T06:22:29.268+0000] {logging_mixin.py:117} INFO - [2022-11-10T06:22:29.266+0000] {dagbag.py:525} INFO - Filling up the DagBag from /home/airflow/.local/lib/python3.7/site-packages/airflow/example_dags/example_dag_decorator.py
[2022-11-10T06:22:29.324+0000] {processor.py:768} INFO - DAG(s) dict_keys(['example_dag_decorator']) retrieved from /home/airflow/.local/lib/python3.7/site-packages/airflow/example_dags/example_dag_decorator.py
[2022-11-10T06:22:29.693+0000] {logging_mixin.py:117} INFO - [2022-11-10T06:22:29.691+0000] {dag.py:2573} INFO - Sync 1 DAGs
[2022-11-10T06:22:29.734+0000] {logging_mixin.py:117} INFO - [2022-11-10T06:22:29.734+0000] {dag.py:3328} INFO - Setting next_dagrun for example_dag_decorator to None, run_after=None
[2022-11-10T06:22:29.837+0000] {processor.py:178} INFO - Processing /home/airflow/.local/lib/python3.7/site-packages/airflow/example_dags/example_dag_decorator.py took 0.595 seconds
[2022-11-10T08:00:51.823+0000] {processor.py:156} INFO - Started process (PID=12888) to work on /home/airflow/.local/lib/python3.7/site-packages/airflow/example_dags/example_dag_decorator.py
[2022-11-10T08:00:51.889+0000] {processor.py:758} INFO - Processing file /home/airflow/.local/lib/python3.7/site-packages/airflow/example_dags/example_dag_decorator.py for tasks to queue
[2022-11-10T08:00:51.892+0000] {logging_mixin.py:117} INFO - [2022-11-10T08:00:51.892+0000] {dagbag.py:525} INFO - Filling up the DagBag from /home/airflow/.local/lib/python3.7/site-packages/airflow/example_dags/example_dag_decorator.py
[2022-11-10T08:00:52.117+0000] {processor.py:768} INFO - DAG(s) dict_keys(['example_dag_decorator']) retrieved from /home/airflow/.local/lib/python3.7/site-packages/airflow/example_dags/example_dag_decorator.py
[2022-11-10T08:00:52.392+0000] {logging_mixin.py:117} INFO - [2022-11-10T08:00:52.390+0000] {dag.py:2573} INFO - Sync 1 DAGs
[2022-11-10T08:00:52.434+0000] {logging_mixin.py:117} INFO - [2022-11-10T08:00:52.434+0000] {dag.py:3328} INFO - Setting next_dagrun for example_dag_decorator to None, run_after=None
[2022-11-10T08:00:52.576+0000] {processor.py:178} INFO - Processing /home/airflow/.local/lib/python3.7/site-packages/airflow/example_dags/example_dag_decorator.py took 0.788 seconds
[2022-11-10T09:23:06.148+0000] {processor.py:156} INFO - Started process (PID=12943) to work on /home/airflow/.local/lib/python3.7/site-packages/airflow/example_dags/example_dag_decorator.py
[2022-11-10T09:23:06.155+0000] {processor.py:758} INFO - Processing file /home/airflow/.local/lib/python3.7/site-packages/airflow/example_dags/example_dag_decorator.py for tasks to queue
[2022-11-10T09:23:06.158+0000] {logging_mixin.py:117} INFO - [2022-11-10T09:23:06.157+0000] {dagbag.py:525} INFO - Filling up the DagBag from /home/airflow/.local/lib/python3.7/site-packages/airflow/example_dags/example_dag_decorator.py
[2022-11-10T09:23:06.248+0000] {processor.py:768} INFO - DAG(s) dict_keys(['example_dag_decorator']) retrieved from /home/airflow/.local/lib/python3.7/site-packages/airflow/example_dags/example_dag_decorator.py
[2022-11-10T09:23:06.487+0000] {logging_mixin.py:117} INFO - [2022-11-10T09:23:06.487+0000] {dag.py:2573} INFO - Sync 1 DAGs
[2022-11-10T09:23:06.578+0000] {logging_mixin.py:117} INFO - [2022-11-10T09:23:06.577+0000] {dag.py:3328} INFO - Setting next_dagrun for example_dag_decorator to None, run_after=None
[2022-11-10T09:23:06.654+0000] {processor.py:178} INFO - Processing /home/airflow/.local/lib/python3.7/site-packages/airflow/example_dags/example_dag_decorator.py took 0.510 seconds
[2022-11-10T10:48:46.233+0000] {processor.py:156} INFO - Started process (PID=12997) to work on /home/airflow/.local/lib/python3.7/site-packages/airflow/example_dags/example_dag_decorator.py
[2022-11-10T10:48:46.239+0000] {processor.py:758} INFO - Processing file /home/airflow/.local/lib/python3.7/site-packages/airflow/example_dags/example_dag_decorator.py for tasks to queue
[2022-11-10T10:48:46.240+0000] {logging_mixin.py:117} INFO - [2022-11-10T10:48:46.240+0000] {dagbag.py:525} INFO - Filling up the DagBag from /home/airflow/.local/lib/python3.7/site-packages/airflow/example_dags/example_dag_decorator.py
[2022-11-10T10:48:46.323+0000] {processor.py:768} INFO - DAG(s) dict_keys(['example_dag_decorator']) retrieved from /home/airflow/.local/lib/python3.7/site-packages/airflow/example_dags/example_dag_decorator.py
[2022-11-10T10:48:46.514+0000] {logging_mixin.py:117} INFO - [2022-11-10T10:48:46.514+0000] {dag.py:2573} INFO - Sync 1 DAGs
[2022-11-10T10:48:46.550+0000] {logging_mixin.py:117} INFO - [2022-11-10T10:48:46.550+0000] {dag.py:3328} INFO - Setting next_dagrun for example_dag_decorator to None, run_after=None
[2022-11-10T10:48:46.593+0000] {processor.py:178} INFO - Processing /home/airflow/.local/lib/python3.7/site-packages/airflow/example_dags/example_dag_decorator.py took 0.363 seconds
[2022-11-10T12:10:59.145+0000] {processor.py:156} INFO - Started process (PID=13053) to work on /home/airflow/.local/lib/python3.7/site-packages/airflow/example_dags/example_dag_decorator.py
[2022-11-10T12:10:59.149+0000] {processor.py:758} INFO - Processing file /home/airflow/.local/lib/python3.7/site-packages/airflow/example_dags/example_dag_decorator.py for tasks to queue
[2022-11-10T12:10:59.152+0000] {logging_mixin.py:117} INFO - [2022-11-10T12:10:59.152+0000] {dagbag.py:525} INFO - Filling up the DagBag from /home/airflow/.local/lib/python3.7/site-packages/airflow/example_dags/example_dag_decorator.py
[2022-11-10T12:10:59.199+0000] {processor.py:768} INFO - DAG(s) dict_keys(['example_dag_decorator']) retrieved from /home/airflow/.local/lib/python3.7/site-packages/airflow/example_dags/example_dag_decorator.py
[2022-11-10T12:10:59.638+0000] {logging_mixin.py:117} INFO - [2022-11-10T12:10:59.638+0000] {dag.py:2573} INFO - Sync 1 DAGs
[2022-11-10T12:10:59.661+0000] {logging_mixin.py:117} INFO - [2022-11-10T12:10:59.661+0000] {dag.py:3328} INFO - Setting next_dagrun for example_dag_decorator to None, run_after=None
[2022-11-10T12:10:59.699+0000] {processor.py:178} INFO - Processing /home/airflow/.local/lib/python3.7/site-packages/airflow/example_dags/example_dag_decorator.py took 0.563 seconds
[2022-11-10T13:33:28.238+0000] {processor.py:156} INFO - Started process (PID=13109) to work on /home/airflow/.local/lib/python3.7/site-packages/airflow/example_dags/example_dag_decorator.py
[2022-11-10T13:33:28.253+0000] {processor.py:758} INFO - Processing file /home/airflow/.local/lib/python3.7/site-packages/airflow/example_dags/example_dag_decorator.py for tasks to queue
[2022-11-10T13:33:28.258+0000] {logging_mixin.py:117} INFO - [2022-11-10T13:33:28.258+0000] {dagbag.py:525} INFO - Filling up the DagBag from /home/airflow/.local/lib/python3.7/site-packages/airflow/example_dags/example_dag_decorator.py
[2022-11-10T13:33:28.492+0000] {processor.py:768} INFO - DAG(s) dict_keys(['example_dag_decorator']) retrieved from /home/airflow/.local/lib/python3.7/site-packages/airflow/example_dags/example_dag_decorator.py
[2022-11-10T13:33:28.721+0000] {logging_mixin.py:117} INFO - [2022-11-10T13:33:28.721+0000] {dag.py:2573} INFO - Sync 1 DAGs
[2022-11-10T13:33:28.819+0000] {logging_mixin.py:117} INFO - [2022-11-10T13:33:28.819+0000] {dag.py:3328} INFO - Setting next_dagrun for example_dag_decorator to None, run_after=None
[2022-11-10T13:33:28.888+0000] {processor.py:178} INFO - Processing /home/airflow/.local/lib/python3.7/site-packages/airflow/example_dags/example_dag_decorator.py took 0.658 seconds
[2022-11-10T14:37:17.169+0000] {processor.py:156} INFO - Started process (PID=13163) to work on /home/airflow/.local/lib/python3.7/site-packages/airflow/example_dags/example_dag_decorator.py
[2022-11-10T14:37:17.193+0000] {processor.py:758} INFO - Processing file /home/airflow/.local/lib/python3.7/site-packages/airflow/example_dags/example_dag_decorator.py for tasks to queue
[2022-11-10T14:37:17.198+0000] {logging_mixin.py:117} INFO - [2022-11-10T14:37:17.198+0000] {dagbag.py:525} INFO - Filling up the DagBag from /home/airflow/.local/lib/python3.7/site-packages/airflow/example_dags/example_dag_decorator.py
[2022-11-10T14:37:17.403+0000] {processor.py:768} INFO - DAG(s) dict_keys(['example_dag_decorator']) retrieved from /home/airflow/.local/lib/python3.7/site-packages/airflow/example_dags/example_dag_decorator.py
[2022-11-10T14:37:17.873+0000] {logging_mixin.py:117} INFO - [2022-11-10T14:37:17.872+0000] {dag.py:2573} INFO - Sync 1 DAGs
[2022-11-10T14:37:17.965+0000] {logging_mixin.py:117} INFO - [2022-11-10T14:37:17.964+0000] {dag.py:3328} INFO - Setting next_dagrun for example_dag_decorator to None, run_after=None
[2022-11-10T14:37:18.131+0000] {processor.py:178} INFO - Processing /home/airflow/.local/lib/python3.7/site-packages/airflow/example_dags/example_dag_decorator.py took 0.967 seconds
[2022-11-10T14:45:43.730+0000] {processor.py:156} INFO - Started process (PID=13225) to work on /home/airflow/.local/lib/python3.7/site-packages/airflow/example_dags/example_dag_decorator.py
[2022-11-10T14:45:43.733+0000] {processor.py:758} INFO - Processing file /home/airflow/.local/lib/python3.7/site-packages/airflow/example_dags/example_dag_decorator.py for tasks to queue
[2022-11-10T14:45:43.734+0000] {logging_mixin.py:117} INFO - [2022-11-10T14:45:43.734+0000] {dagbag.py:525} INFO - Filling up the DagBag from /home/airflow/.local/lib/python3.7/site-packages/airflow/example_dags/example_dag_decorator.py
[2022-11-10T14:45:43.876+0000] {processor.py:768} INFO - DAG(s) dict_keys(['example_dag_decorator']) retrieved from /home/airflow/.local/lib/python3.7/site-packages/airflow/example_dags/example_dag_decorator.py
[2022-11-10T14:45:44.375+0000] {logging_mixin.py:117} INFO - [2022-11-10T14:45:44.374+0000] {dag.py:2573} INFO - Sync 1 DAGs
[2022-11-10T14:45:44.449+0000] {logging_mixin.py:117} INFO - [2022-11-10T14:45:44.449+0000] {dag.py:3328} INFO - Setting next_dagrun for example_dag_decorator to None, run_after=None
[2022-11-10T14:45:44.533+0000] {processor.py:178} INFO - Processing /home/airflow/.local/lib/python3.7/site-packages/airflow/example_dags/example_dag_decorator.py took 0.811 seconds
[2022-11-10T15:04:47.644+0000] {processor.py:156} INFO - Started process (PID=13282) to work on /home/airflow/.local/lib/python3.7/site-packages/airflow/example_dags/example_dag_decorator.py
[2022-11-10T15:04:47.806+0000] {processor.py:758} INFO - Processing file /home/airflow/.local/lib/python3.7/site-packages/airflow/example_dags/example_dag_decorator.py for tasks to queue
[2022-11-10T15:04:48.017+0000] {logging_mixin.py:117} INFO - [2022-11-10T15:04:48.016+0000] {dagbag.py:525} INFO - Filling up the DagBag from /home/airflow/.local/lib/python3.7/site-packages/airflow/example_dags/example_dag_decorator.py
[2022-11-10T15:04:48.408+0000] {processor.py:768} INFO - DAG(s) dict_keys(['example_dag_decorator']) retrieved from /home/airflow/.local/lib/python3.7/site-packages/airflow/example_dags/example_dag_decorator.py
[2022-11-10T15:04:48.678+0000] {logging_mixin.py:117} INFO - [2022-11-10T15:04:48.678+0000] {dag.py:2573} INFO - Sync 1 DAGs
[2022-11-10T15:04:48.746+0000] {logging_mixin.py:117} INFO - [2022-11-10T15:04:48.746+0000] {dag.py:3328} INFO - Setting next_dagrun for example_dag_decorator to None, run_after=None
[2022-11-10T15:04:48.868+0000] {processor.py:178} INFO - Processing /home/airflow/.local/lib/python3.7/site-packages/airflow/example_dags/example_dag_decorator.py took 1.230 seconds
[2022-11-10T16:10:39.248+0000] {processor.py:156} INFO - Started process (PID=13337) to work on /home/airflow/.local/lib/python3.7/site-packages/airflow/example_dags/example_dag_decorator.py
[2022-11-10T16:10:39.251+0000] {processor.py:758} INFO - Processing file /home/airflow/.local/lib/python3.7/site-packages/airflow/example_dags/example_dag_decorator.py for tasks to queue
[2022-11-10T16:10:39.253+0000] {logging_mixin.py:117} INFO - [2022-11-10T16:10:39.253+0000] {dagbag.py:525} INFO - Filling up the DagBag from /home/airflow/.local/lib/python3.7/site-packages/airflow/example_dags/example_dag_decorator.py
[2022-11-10T16:10:39.279+0000] {processor.py:768} INFO - DAG(s) dict_keys(['example_dag_decorator']) retrieved from /home/airflow/.local/lib/python3.7/site-packages/airflow/example_dags/example_dag_decorator.py
[2022-11-10T16:10:39.375+0000] {logging_mixin.py:117} INFO - [2022-11-10T16:10:39.375+0000] {dag.py:2573} INFO - Sync 1 DAGs
[2022-11-10T16:10:39.409+0000] {logging_mixin.py:117} INFO - [2022-11-10T16:10:39.409+0000] {dag.py:3328} INFO - Setting next_dagrun for example_dag_decorator to None, run_after=None
[2022-11-10T16:10:39.477+0000] {processor.py:178} INFO - Processing /home/airflow/.local/lib/python3.7/site-packages/airflow/example_dags/example_dag_decorator.py took 0.231 seconds
[2022-11-10T17:34:39.245+0000] {processor.py:156} INFO - Started process (PID=13391) to work on /home/airflow/.local/lib/python3.7/site-packages/airflow/example_dags/example_dag_decorator.py
[2022-11-10T17:34:39.261+0000] {processor.py:758} INFO - Processing file /home/airflow/.local/lib/python3.7/site-packages/airflow/example_dags/example_dag_decorator.py for tasks to queue
[2022-11-10T17:34:39.263+0000] {logging_mixin.py:117} INFO - [2022-11-10T17:34:39.263+0000] {dagbag.py:525} INFO - Filling up the DagBag from /home/airflow/.local/lib/python3.7/site-packages/airflow/example_dags/example_dag_decorator.py
[2022-11-10T17:34:39.371+0000] {processor.py:768} INFO - DAG(s) dict_keys(['example_dag_decorator']) retrieved from /home/airflow/.local/lib/python3.7/site-packages/airflow/example_dags/example_dag_decorator.py
[2022-11-10T17:34:39.683+0000] {logging_mixin.py:117} INFO - [2022-11-10T17:34:39.683+0000] {dag.py:2573} INFO - Sync 1 DAGs
[2022-11-10T17:34:39.728+0000] {logging_mixin.py:117} INFO - [2022-11-10T17:34:39.728+0000] {dag.py:3328} INFO - Setting next_dagrun for example_dag_decorator to None, run_after=None
[2022-11-10T17:34:39.848+0000] {processor.py:178} INFO - Processing /home/airflow/.local/lib/python3.7/site-packages/airflow/example_dags/example_dag_decorator.py took 0.609 seconds
[2022-11-10T18:57:15.040+0000] {processor.py:156} INFO - Started process (PID=13455) to work on /home/airflow/.local/lib/python3.7/site-packages/airflow/example_dags/example_dag_decorator.py
[2022-11-10T18:57:15.090+0000] {processor.py:758} INFO - Processing file /home/airflow/.local/lib/python3.7/site-packages/airflow/example_dags/example_dag_decorator.py for tasks to queue
[2022-11-10T18:57:15.100+0000] {logging_mixin.py:117} INFO - [2022-11-10T18:57:15.097+0000] {dagbag.py:525} INFO - Filling up the DagBag from /home/airflow/.local/lib/python3.7/site-packages/airflow/example_dags/example_dag_decorator.py
[2022-11-10T18:57:15.358+0000] {processor.py:768} INFO - DAG(s) dict_keys(['example_dag_decorator']) retrieved from /home/airflow/.local/lib/python3.7/site-packages/airflow/example_dags/example_dag_decorator.py
[2022-11-10T18:57:15.653+0000] {logging_mixin.py:117} INFO - [2022-11-10T18:57:15.652+0000] {dag.py:2573} INFO - Sync 1 DAGs
[2022-11-10T18:57:15.752+0000] {logging_mixin.py:117} INFO - [2022-11-10T18:57:15.752+0000] {dag.py:3328} INFO - Setting next_dagrun for example_dag_decorator to None, run_after=None
[2022-11-10T18:57:15.810+0000] {processor.py:178} INFO - Processing /home/airflow/.local/lib/python3.7/site-packages/airflow/example_dags/example_dag_decorator.py took 0.848 seconds
[2022-11-10T19:05:31.866+0000] {processor.py:156} INFO - Started process (PID=13511) to work on /home/airflow/.local/lib/python3.7/site-packages/airflow/example_dags/example_dag_decorator.py
[2022-11-10T19:05:31.867+0000] {processor.py:758} INFO - Processing file /home/airflow/.local/lib/python3.7/site-packages/airflow/example_dags/example_dag_decorator.py for tasks to queue
[2022-11-10T19:05:31.869+0000] {logging_mixin.py:117} INFO - [2022-11-10T19:05:31.869+0000] {dagbag.py:525} INFO - Filling up the DagBag from /home/airflow/.local/lib/python3.7/site-packages/airflow/example_dags/example_dag_decorator.py
[2022-11-10T19:05:31.909+0000] {processor.py:768} INFO - DAG(s) dict_keys(['example_dag_decorator']) retrieved from /home/airflow/.local/lib/python3.7/site-packages/airflow/example_dags/example_dag_decorator.py
[2022-11-10T19:05:32.063+0000] {logging_mixin.py:117} INFO - [2022-11-10T19:05:32.063+0000] {dag.py:2573} INFO - Sync 1 DAGs
[2022-11-10T19:05:32.094+0000] {logging_mixin.py:117} INFO - [2022-11-10T19:05:32.094+0000] {dag.py:3328} INFO - Setting next_dagrun for example_dag_decorator to None, run_after=None
[2022-11-10T19:05:32.111+0000] {processor.py:178} INFO - Processing /home/airflow/.local/lib/python3.7/site-packages/airflow/example_dags/example_dag_decorator.py took 0.248 seconds
[2022-11-10T20:13:41.729+0000] {processor.py:156} INFO - Started process (PID=13575) to work on /home/airflow/.local/lib/python3.7/site-packages/airflow/example_dags/example_dag_decorator.py
[2022-11-10T20:13:41.733+0000] {processor.py:758} INFO - Processing file /home/airflow/.local/lib/python3.7/site-packages/airflow/example_dags/example_dag_decorator.py for tasks to queue
[2022-11-10T20:13:41.734+0000] {logging_mixin.py:117} INFO - [2022-11-10T20:13:41.734+0000] {dagbag.py:525} INFO - Filling up the DagBag from /home/airflow/.local/lib/python3.7/site-packages/airflow/example_dags/example_dag_decorator.py
[2022-11-10T20:13:41.795+0000] {processor.py:768} INFO - DAG(s) dict_keys(['example_dag_decorator']) retrieved from /home/airflow/.local/lib/python3.7/site-packages/airflow/example_dags/example_dag_decorator.py
[2022-11-10T20:13:41.935+0000] {logging_mixin.py:117} INFO - [2022-11-10T20:13:41.934+0000] {dag.py:2573} INFO - Sync 1 DAGs
[2022-11-10T20:13:41.979+0000] {logging_mixin.py:117} INFO - [2022-11-10T20:13:41.978+0000] {dag.py:3328} INFO - Setting next_dagrun for example_dag_decorator to None, run_after=None
[2022-11-10T20:13:42.011+0000] {processor.py:178} INFO - Processing /home/airflow/.local/lib/python3.7/site-packages/airflow/example_dags/example_dag_decorator.py took 0.293 seconds
[2022-11-10T21:37:13.176+0000] {processor.py:156} INFO - Started process (PID=13629) to work on /home/airflow/.local/lib/python3.7/site-packages/airflow/example_dags/example_dag_decorator.py
[2022-11-10T21:37:13.178+0000] {processor.py:758} INFO - Processing file /home/airflow/.local/lib/python3.7/site-packages/airflow/example_dags/example_dag_decorator.py for tasks to queue
[2022-11-10T21:37:13.248+0000] {logging_mixin.py:117} INFO - [2022-11-10T21:37:13.234+0000] {dagbag.py:525} INFO - Filling up the DagBag from /home/airflow/.local/lib/python3.7/site-packages/airflow/example_dags/example_dag_decorator.py
[2022-11-10T21:37:13.458+0000] {processor.py:768} INFO - DAG(s) dict_keys(['example_dag_decorator']) retrieved from /home/airflow/.local/lib/python3.7/site-packages/airflow/example_dags/example_dag_decorator.py
[2022-11-10T21:37:13.812+0000] {logging_mixin.py:117} INFO - [2022-11-10T21:37:13.811+0000] {dag.py:2573} INFO - Sync 1 DAGs
[2022-11-10T21:37:13.888+0000] {logging_mixin.py:117} INFO - [2022-11-10T21:37:13.888+0000] {dag.py:3328} INFO - Setting next_dagrun for example_dag_decorator to None, run_after=None
[2022-11-10T21:37:15.652+0000] {processor.py:178} INFO - Processing /home/airflow/.local/lib/python3.7/site-packages/airflow/example_dags/example_dag_decorator.py took 2.479 seconds
[2022-11-10T23:18:18.705+0000] {processor.py:156} INFO - Started process (PID=13694) to work on /home/airflow/.local/lib/python3.7/site-packages/airflow/example_dags/example_dag_decorator.py
[2022-11-10T23:18:18.726+0000] {processor.py:758} INFO - Processing file /home/airflow/.local/lib/python3.7/site-packages/airflow/example_dags/example_dag_decorator.py for tasks to queue
[2022-11-10T23:18:18.738+0000] {logging_mixin.py:117} INFO - [2022-11-10T23:18:18.736+0000] {dagbag.py:525} INFO - Filling up the DagBag from /home/airflow/.local/lib/python3.7/site-packages/airflow/example_dags/example_dag_decorator.py
[2022-11-10T23:18:18.933+0000] {processor.py:768} INFO - DAG(s) dict_keys(['example_dag_decorator']) retrieved from /home/airflow/.local/lib/python3.7/site-packages/airflow/example_dags/example_dag_decorator.py
[2022-11-10T23:18:19.341+0000] {logging_mixin.py:117} INFO - [2022-11-10T23:18:19.340+0000] {dag.py:2573} INFO - Sync 1 DAGs
[2022-11-10T23:18:19.414+0000] {logging_mixin.py:117} INFO - [2022-11-10T23:18:19.414+0000] {dag.py:3328} INFO - Setting next_dagrun for example_dag_decorator to None, run_after=None
[2022-11-10T23:18:19.449+0000] {processor.py:178} INFO - Processing /home/airflow/.local/lib/python3.7/site-packages/airflow/example_dags/example_dag_decorator.py took 0.767 seconds
