[2022-11-10T00:02:11.173+0000] {processor.py:156} INFO - Started process (PID=12522) to work on /home/airflow/.local/lib/python3.7/site-packages/airflow/example_dags/example_trigger_controller_dag.py
[2022-11-10T00:02:11.176+0000] {processor.py:758} INFO - Processing file /home/airflow/.local/lib/python3.7/site-packages/airflow/example_dags/example_trigger_controller_dag.py for tasks to queue
[2022-11-10T00:02:11.178+0000] {logging_mixin.py:117} INFO - [2022-11-10T00:02:11.178+0000] {dagbag.py:525} INFO - Filling up the DagBag from /home/airflow/.local/lib/python3.7/site-packages/airflow/example_dags/example_trigger_controller_dag.py
[2022-11-10T00:02:11.194+0000] {processor.py:768} INFO - DAG(s) dict_keys(['example_trigger_controller_dag']) retrieved from /home/airflow/.local/lib/python3.7/site-packages/airflow/example_dags/example_trigger_controller_dag.py
[2022-11-10T00:02:11.252+0000] {logging_mixin.py:117} INFO - [2022-11-10T00:02:11.252+0000] {dag.py:2573} INFO - Sync 1 DAGs
[2022-11-10T00:02:11.272+0000] {logging_mixin.py:117} INFO - [2022-11-10T00:02:11.272+0000] {dag.py:3328} INFO - Setting next_dagrun for example_trigger_controller_dag to 2021-01-01T00:00:00+00:00, run_after=2021-01-01T00:00:00+00:00
[2022-11-10T00:02:11.285+0000] {processor.py:178} INFO - Processing /home/airflow/.local/lib/python3.7/site-packages/airflow/example_dags/example_trigger_controller_dag.py took 0.115 seconds
[2022-11-10T01:24:32.014+0000] {processor.py:156} INFO - Started process (PID=12586) to work on /home/airflow/.local/lib/python3.7/site-packages/airflow/example_dags/example_trigger_controller_dag.py
[2022-11-10T01:24:32.016+0000] {processor.py:758} INFO - Processing file /home/airflow/.local/lib/python3.7/site-packages/airflow/example_dags/example_trigger_controller_dag.py for tasks to queue
[2022-11-10T01:24:32.018+0000] {logging_mixin.py:117} INFO - [2022-11-10T01:24:32.017+0000] {dagbag.py:525} INFO - Filling up the DagBag from /home/airflow/.local/lib/python3.7/site-packages/airflow/example_dags/example_trigger_controller_dag.py
[2022-11-10T01:24:32.044+0000] {processor.py:768} INFO - DAG(s) dict_keys(['example_trigger_controller_dag']) retrieved from /home/airflow/.local/lib/python3.7/site-packages/airflow/example_dags/example_trigger_controller_dag.py
[2022-11-10T01:24:32.134+0000] {logging_mixin.py:117} INFO - [2022-11-10T01:24:32.134+0000] {dag.py:2573} INFO - Sync 1 DAGs
[2022-11-10T01:24:32.180+0000] {logging_mixin.py:117} INFO - [2022-11-10T01:24:32.180+0000] {dag.py:3328} INFO - Setting next_dagrun for example_trigger_controller_dag to 2021-01-01T00:00:00+00:00, run_after=2021-01-01T00:00:00+00:00
[2022-11-10T01:24:32.230+0000] {processor.py:178} INFO - Processing /home/airflow/.local/lib/python3.7/site-packages/airflow/example_dags/example_trigger_controller_dag.py took 0.222 seconds
[2022-11-10T02:29:04.604+0000] {processor.py:156} INFO - Started process (PID=12641) to work on /home/airflow/.local/lib/python3.7/site-packages/airflow/example_dags/example_trigger_controller_dag.py
[2022-11-10T02:29:04.608+0000] {processor.py:758} INFO - Processing file /home/airflow/.local/lib/python3.7/site-packages/airflow/example_dags/example_trigger_controller_dag.py for tasks to queue
[2022-11-10T02:29:04.609+0000] {logging_mixin.py:117} INFO - [2022-11-10T02:29:04.609+0000] {dagbag.py:525} INFO - Filling up the DagBag from /home/airflow/.local/lib/python3.7/site-packages/airflow/example_dags/example_trigger_controller_dag.py
[2022-11-10T02:29:04.623+0000] {processor.py:768} INFO - DAG(s) dict_keys(['example_trigger_controller_dag']) retrieved from /home/airflow/.local/lib/python3.7/site-packages/airflow/example_dags/example_trigger_controller_dag.py
[2022-11-10T02:29:04.735+0000] {logging_mixin.py:117} INFO - [2022-11-10T02:29:04.735+0000] {dag.py:2573} INFO - Sync 1 DAGs
[2022-11-10T02:29:04.866+0000] {logging_mixin.py:117} INFO - [2022-11-10T02:29:04.866+0000] {dag.py:3328} INFO - Setting next_dagrun for example_trigger_controller_dag to 2021-01-01T00:00:00+00:00, run_after=2021-01-01T00:00:00+00:00
[2022-11-10T02:29:04.933+0000] {processor.py:178} INFO - Processing /home/airflow/.local/lib/python3.7/site-packages/airflow/example_dags/example_trigger_controller_dag.py took 0.333 seconds
[2022-11-10T03:35:46.357+0000] {processor.py:156} INFO - Started process (PID=12704) to work on /home/airflow/.local/lib/python3.7/site-packages/airflow/example_dags/example_trigger_controller_dag.py
[2022-11-10T03:35:46.359+0000] {processor.py:758} INFO - Processing file /home/airflow/.local/lib/python3.7/site-packages/airflow/example_dags/example_trigger_controller_dag.py for tasks to queue
[2022-11-10T03:35:46.362+0000] {logging_mixin.py:117} INFO - [2022-11-10T03:35:46.362+0000] {dagbag.py:525} INFO - Filling up the DagBag from /home/airflow/.local/lib/python3.7/site-packages/airflow/example_dags/example_trigger_controller_dag.py
[2022-11-10T03:35:46.372+0000] {processor.py:768} INFO - DAG(s) dict_keys(['example_trigger_controller_dag']) retrieved from /home/airflow/.local/lib/python3.7/site-packages/airflow/example_dags/example_trigger_controller_dag.py
[2022-11-10T03:35:46.411+0000] {logging_mixin.py:117} INFO - [2022-11-10T03:35:46.411+0000] {dag.py:2573} INFO - Sync 1 DAGs
[2022-11-10T03:35:46.427+0000] {logging_mixin.py:117} INFO - [2022-11-10T03:35:46.427+0000] {dag.py:3328} INFO - Setting next_dagrun for example_trigger_controller_dag to 2021-01-01T00:00:00+00:00, run_after=2021-01-01T00:00:00+00:00
[2022-11-10T03:35:46.444+0000] {processor.py:178} INFO - Processing /home/airflow/.local/lib/python3.7/site-packages/airflow/example_dags/example_trigger_controller_dag.py took 0.089 seconds
[2022-11-10T04:59:22.956+0000] {processor.py:156} INFO - Started process (PID=12759) to work on /home/airflow/.local/lib/python3.7/site-packages/airflow/example_dags/example_trigger_controller_dag.py
[2022-11-10T04:59:22.959+0000] {processor.py:758} INFO - Processing file /home/airflow/.local/lib/python3.7/site-packages/airflow/example_dags/example_trigger_controller_dag.py for tasks to queue
[2022-11-10T04:59:22.969+0000] {logging_mixin.py:117} INFO - [2022-11-10T04:59:22.969+0000] {dagbag.py:525} INFO - Filling up the DagBag from /home/airflow/.local/lib/python3.7/site-packages/airflow/example_dags/example_trigger_controller_dag.py
[2022-11-10T04:59:22.981+0000] {processor.py:768} INFO - DAG(s) dict_keys(['example_trigger_controller_dag']) retrieved from /home/airflow/.local/lib/python3.7/site-packages/airflow/example_dags/example_trigger_controller_dag.py
[2022-11-10T04:59:23.019+0000] {logging_mixin.py:117} INFO - [2022-11-10T04:59:23.018+0000] {dag.py:2573} INFO - Sync 1 DAGs
[2022-11-10T04:59:23.037+0000] {logging_mixin.py:117} INFO - [2022-11-10T04:59:23.035+0000] {dag.py:3328} INFO - Setting next_dagrun for example_trigger_controller_dag to 2021-01-01T00:00:00+00:00, run_after=2021-01-01T00:00:00+00:00
[2022-11-10T04:59:23.064+0000] {processor.py:178} INFO - Processing /home/airflow/.local/lib/python3.7/site-packages/airflow/example_dags/example_trigger_controller_dag.py took 0.110 seconds
[2022-11-10T06:22:28.311+0000] {processor.py:156} INFO - Started process (PID=12823) to work on /home/airflow/.local/lib/python3.7/site-packages/airflow/example_dags/example_trigger_controller_dag.py
[2022-11-10T06:22:28.317+0000] {processor.py:758} INFO - Processing file /home/airflow/.local/lib/python3.7/site-packages/airflow/example_dags/example_trigger_controller_dag.py for tasks to queue
[2022-11-10T06:22:28.321+0000] {logging_mixin.py:117} INFO - [2022-11-10T06:22:28.321+0000] {dagbag.py:525} INFO - Filling up the DagBag from /home/airflow/.local/lib/python3.7/site-packages/airflow/example_dags/example_trigger_controller_dag.py
[2022-11-10T06:22:28.339+0000] {processor.py:768} INFO - DAG(s) dict_keys(['example_trigger_controller_dag']) retrieved from /home/airflow/.local/lib/python3.7/site-packages/airflow/example_dags/example_trigger_controller_dag.py
[2022-11-10T06:22:28.415+0000] {logging_mixin.py:117} INFO - [2022-11-10T06:22:28.414+0000] {dag.py:2573} INFO - Sync 1 DAGs
[2022-11-10T06:22:28.470+0000] {logging_mixin.py:117} INFO - [2022-11-10T06:22:28.470+0000] {dag.py:3328} INFO - Setting next_dagrun for example_trigger_controller_dag to 2021-01-01T00:00:00+00:00, run_after=2021-01-01T00:00:00+00:00
[2022-11-10T06:22:28.534+0000] {processor.py:178} INFO - Processing /home/airflow/.local/lib/python3.7/site-packages/airflow/example_dags/example_trigger_controller_dag.py took 0.228 seconds
[2022-11-10T08:00:48.208+0000] {processor.py:156} INFO - Started process (PID=12877) to work on /home/airflow/.local/lib/python3.7/site-packages/airflow/example_dags/example_trigger_controller_dag.py
[2022-11-10T08:00:48.214+0000] {processor.py:758} INFO - Processing file /home/airflow/.local/lib/python3.7/site-packages/airflow/example_dags/example_trigger_controller_dag.py for tasks to queue
[2022-11-10T08:00:48.216+0000] {logging_mixin.py:117} INFO - [2022-11-10T08:00:48.216+0000] {dagbag.py:525} INFO - Filling up the DagBag from /home/airflow/.local/lib/python3.7/site-packages/airflow/example_dags/example_trigger_controller_dag.py
[2022-11-10T08:00:48.365+0000] {processor.py:768} INFO - DAG(s) dict_keys(['example_trigger_controller_dag']) retrieved from /home/airflow/.local/lib/python3.7/site-packages/airflow/example_dags/example_trigger_controller_dag.py
[2022-11-10T08:00:48.633+0000] {logging_mixin.py:117} INFO - [2022-11-10T08:00:48.633+0000] {dag.py:2573} INFO - Sync 1 DAGs
[2022-11-10T08:00:48.803+0000] {logging_mixin.py:117} INFO - [2022-11-10T08:00:48.802+0000] {dag.py:3328} INFO - Setting next_dagrun for example_trigger_controller_dag to 2021-01-01T00:00:00+00:00, run_after=2021-01-01T00:00:00+00:00
[2022-11-10T08:00:49.058+0000] {processor.py:178} INFO - Processing /home/airflow/.local/lib/python3.7/site-packages/airflow/example_dags/example_trigger_controller_dag.py took 0.856 seconds
[2022-11-10T09:23:04.107+0000] {processor.py:156} INFO - Started process (PID=12937) to work on /home/airflow/.local/lib/python3.7/site-packages/airflow/example_dags/example_trigger_controller_dag.py
[2022-11-10T09:23:04.139+0000] {processor.py:758} INFO - Processing file /home/airflow/.local/lib/python3.7/site-packages/airflow/example_dags/example_trigger_controller_dag.py for tasks to queue
[2022-11-10T09:23:04.150+0000] {logging_mixin.py:117} INFO - [2022-11-10T09:23:04.148+0000] {dagbag.py:525} INFO - Filling up the DagBag from /home/airflow/.local/lib/python3.7/site-packages/airflow/example_dags/example_trigger_controller_dag.py
[2022-11-10T09:23:04.350+0000] {processor.py:768} INFO - DAG(s) dict_keys(['example_trigger_controller_dag']) retrieved from /home/airflow/.local/lib/python3.7/site-packages/airflow/example_dags/example_trigger_controller_dag.py
[2022-11-10T09:23:05.024+0000] {logging_mixin.py:117} INFO - [2022-11-10T09:23:05.022+0000] {dag.py:2573} INFO - Sync 1 DAGs
[2022-11-10T09:23:05.180+0000] {logging_mixin.py:117} INFO - [2022-11-10T09:23:05.180+0000] {dag.py:3328} INFO - Setting next_dagrun for example_trigger_controller_dag to 2021-01-01T00:00:00+00:00, run_after=2021-01-01T00:00:00+00:00
[2022-11-10T09:23:05.282+0000] {processor.py:178} INFO - Processing /home/airflow/.local/lib/python3.7/site-packages/airflow/example_dags/example_trigger_controller_dag.py took 1.215 seconds
[2022-11-10T10:48:42.757+0000] {processor.py:156} INFO - Started process (PID=12993) to work on /home/airflow/.local/lib/python3.7/site-packages/airflow/example_dags/example_trigger_controller_dag.py
[2022-11-10T10:48:42.767+0000] {processor.py:758} INFO - Processing file /home/airflow/.local/lib/python3.7/site-packages/airflow/example_dags/example_trigger_controller_dag.py for tasks to queue
[2022-11-10T10:48:42.773+0000] {logging_mixin.py:117} INFO - [2022-11-10T10:48:42.772+0000] {dagbag.py:525} INFO - Filling up the DagBag from /home/airflow/.local/lib/python3.7/site-packages/airflow/example_dags/example_trigger_controller_dag.py
[2022-11-10T10:48:42.863+0000] {processor.py:768} INFO - DAG(s) dict_keys(['example_trigger_controller_dag']) retrieved from /home/airflow/.local/lib/python3.7/site-packages/airflow/example_dags/example_trigger_controller_dag.py
[2022-11-10T10:48:43.359+0000] {logging_mixin.py:117} INFO - [2022-11-10T10:48:43.359+0000] {dag.py:2573} INFO - Sync 1 DAGs
[2022-11-10T10:48:43.497+0000] {logging_mixin.py:117} INFO - [2022-11-10T10:48:43.497+0000] {dag.py:3328} INFO - Setting next_dagrun for example_trigger_controller_dag to 2021-01-01T00:00:00+00:00, run_after=2021-01-01T00:00:00+00:00
[2022-11-10T10:48:43.646+0000] {processor.py:178} INFO - Processing /home/airflow/.local/lib/python3.7/site-packages/airflow/example_dags/example_trigger_controller_dag.py took 0.895 seconds
[2022-11-10T12:10:58.549+0000] {processor.py:156} INFO - Started process (PID=13049) to work on /home/airflow/.local/lib/python3.7/site-packages/airflow/example_dags/example_trigger_controller_dag.py
[2022-11-10T12:10:58.553+0000] {processor.py:758} INFO - Processing file /home/airflow/.local/lib/python3.7/site-packages/airflow/example_dags/example_trigger_controller_dag.py for tasks to queue
[2022-11-10T12:10:58.554+0000] {logging_mixin.py:117} INFO - [2022-11-10T12:10:58.554+0000] {dagbag.py:525} INFO - Filling up the DagBag from /home/airflow/.local/lib/python3.7/site-packages/airflow/example_dags/example_trigger_controller_dag.py
[2022-11-10T12:10:58.570+0000] {processor.py:768} INFO - DAG(s) dict_keys(['example_trigger_controller_dag']) retrieved from /home/airflow/.local/lib/python3.7/site-packages/airflow/example_dags/example_trigger_controller_dag.py
[2022-11-10T12:10:58.711+0000] {logging_mixin.py:117} INFO - [2022-11-10T12:10:58.711+0000] {dag.py:2573} INFO - Sync 1 DAGs
[2022-11-10T12:10:58.737+0000] {logging_mixin.py:117} INFO - [2022-11-10T12:10:58.736+0000] {dag.py:3328} INFO - Setting next_dagrun for example_trigger_controller_dag to 2021-01-01T00:00:00+00:00, run_after=2021-01-01T00:00:00+00:00
[2022-11-10T12:10:58.755+0000] {processor.py:178} INFO - Processing /home/airflow/.local/lib/python3.7/site-packages/airflow/example_dags/example_trigger_controller_dag.py took 0.211 seconds
[2022-11-10T13:33:25.958+0000] {processor.py:156} INFO - Started process (PID=13105) to work on /home/airflow/.local/lib/python3.7/site-packages/airflow/example_dags/example_trigger_controller_dag.py
[2022-11-10T13:33:25.968+0000] {processor.py:758} INFO - Processing file /home/airflow/.local/lib/python3.7/site-packages/airflow/example_dags/example_trigger_controller_dag.py for tasks to queue
[2022-11-10T13:33:25.971+0000] {logging_mixin.py:117} INFO - [2022-11-10T13:33:25.971+0000] {dagbag.py:525} INFO - Filling up the DagBag from /home/airflow/.local/lib/python3.7/site-packages/airflow/example_dags/example_trigger_controller_dag.py
[2022-11-10T13:33:26.027+0000] {processor.py:768} INFO - DAG(s) dict_keys(['example_trigger_controller_dag']) retrieved from /home/airflow/.local/lib/python3.7/site-packages/airflow/example_dags/example_trigger_controller_dag.py
[2022-11-10T13:33:26.212+0000] {logging_mixin.py:117} INFO - [2022-11-10T13:33:26.212+0000] {dag.py:2573} INFO - Sync 1 DAGs
[2022-11-10T13:33:26.328+0000] {logging_mixin.py:117} INFO - [2022-11-10T13:33:26.328+0000] {dag.py:3328} INFO - Setting next_dagrun for example_trigger_controller_dag to 2021-01-01T00:00:00+00:00, run_after=2021-01-01T00:00:00+00:00
[2022-11-10T13:33:26.379+0000] {processor.py:178} INFO - Processing /home/airflow/.local/lib/python3.7/site-packages/airflow/example_dags/example_trigger_controller_dag.py took 0.434 seconds
[2022-11-10T14:37:16.367+0000] {processor.py:156} INFO - Started process (PID=13159) to work on /home/airflow/.local/lib/python3.7/site-packages/airflow/example_dags/example_trigger_controller_dag.py
[2022-11-10T14:37:16.373+0000] {processor.py:758} INFO - Processing file /home/airflow/.local/lib/python3.7/site-packages/airflow/example_dags/example_trigger_controller_dag.py for tasks to queue
[2022-11-10T14:37:16.375+0000] {logging_mixin.py:117} INFO - [2022-11-10T14:37:16.375+0000] {dagbag.py:525} INFO - Filling up the DagBag from /home/airflow/.local/lib/python3.7/site-packages/airflow/example_dags/example_trigger_controller_dag.py
[2022-11-10T14:37:16.414+0000] {processor.py:768} INFO - DAG(s) dict_keys(['example_trigger_controller_dag']) retrieved from /home/airflow/.local/lib/python3.7/site-packages/airflow/example_dags/example_trigger_controller_dag.py
[2022-11-10T14:37:16.510+0000] {logging_mixin.py:117} INFO - [2022-11-10T14:37:16.509+0000] {dag.py:2573} INFO - Sync 1 DAGs
[2022-11-10T14:37:16.570+0000] {logging_mixin.py:117} INFO - [2022-11-10T14:37:16.570+0000] {dag.py:3328} INFO - Setting next_dagrun for example_trigger_controller_dag to 2021-01-01T00:00:00+00:00, run_after=2021-01-01T00:00:00+00:00
[2022-11-10T14:37:16.638+0000] {processor.py:178} INFO - Processing /home/airflow/.local/lib/python3.7/site-packages/airflow/example_dags/example_trigger_controller_dag.py took 0.276 seconds
[2022-11-10T14:45:41.611+0000] {processor.py:156} INFO - Started process (PID=13214) to work on /home/airflow/.local/lib/python3.7/site-packages/airflow/example_dags/example_trigger_controller_dag.py
[2022-11-10T14:45:41.632+0000] {processor.py:758} INFO - Processing file /home/airflow/.local/lib/python3.7/site-packages/airflow/example_dags/example_trigger_controller_dag.py for tasks to queue
[2022-11-10T14:45:41.636+0000] {logging_mixin.py:117} INFO - [2022-11-10T14:45:41.636+0000] {dagbag.py:525} INFO - Filling up the DagBag from /home/airflow/.local/lib/python3.7/site-packages/airflow/example_dags/example_trigger_controller_dag.py
[2022-11-10T14:45:41.688+0000] {processor.py:768} INFO - DAG(s) dict_keys(['example_trigger_controller_dag']) retrieved from /home/airflow/.local/lib/python3.7/site-packages/airflow/example_dags/example_trigger_controller_dag.py
[2022-11-10T14:45:41.972+0000] {logging_mixin.py:117} INFO - [2022-11-10T14:45:41.972+0000] {dag.py:2573} INFO - Sync 1 DAGs
[2022-11-10T14:45:42.045+0000] {logging_mixin.py:117} INFO - [2022-11-10T14:45:42.044+0000] {dag.py:3328} INFO - Setting next_dagrun for example_trigger_controller_dag to 2021-01-01T00:00:00+00:00, run_after=2021-01-01T00:00:00+00:00
[2022-11-10T14:45:42.119+0000] {processor.py:178} INFO - Processing /home/airflow/.local/lib/python3.7/site-packages/airflow/example_dags/example_trigger_controller_dag.py took 0.516 seconds
[2022-11-10T15:04:43.442+0000] {processor.py:156} INFO - Started process (PID=13278) to work on /home/airflow/.local/lib/python3.7/site-packages/airflow/example_dags/example_trigger_controller_dag.py
[2022-11-10T15:04:43.460+0000] {processor.py:758} INFO - Processing file /home/airflow/.local/lib/python3.7/site-packages/airflow/example_dags/example_trigger_controller_dag.py for tasks to queue
[2022-11-10T15:04:43.543+0000] {logging_mixin.py:117} INFO - [2022-11-10T15:04:43.543+0000] {dagbag.py:525} INFO - Filling up the DagBag from /home/airflow/.local/lib/python3.7/site-packages/airflow/example_dags/example_trigger_controller_dag.py
[2022-11-10T15:04:43.621+0000] {processor.py:768} INFO - DAG(s) dict_keys(['example_trigger_controller_dag']) retrieved from /home/airflow/.local/lib/python3.7/site-packages/airflow/example_dags/example_trigger_controller_dag.py
[2022-11-10T15:04:44.253+0000] {logging_mixin.py:117} INFO - [2022-11-10T15:04:44.236+0000] {dag.py:2573} INFO - Sync 1 DAGs
[2022-11-10T15:04:44.456+0000] {logging_mixin.py:117} INFO - [2022-11-10T15:04:44.456+0000] {dag.py:3328} INFO - Setting next_dagrun for example_trigger_controller_dag to 2021-01-01T00:00:00+00:00, run_after=2021-01-01T00:00:00+00:00
[2022-11-10T15:04:44.715+0000] {processor.py:178} INFO - Processing /home/airflow/.local/lib/python3.7/site-packages/airflow/example_dags/example_trigger_controller_dag.py took 1.283 seconds
[2022-11-10T16:10:36.895+0000] {processor.py:156} INFO - Started process (PID=13333) to work on /home/airflow/.local/lib/python3.7/site-packages/airflow/example_dags/example_trigger_controller_dag.py
[2022-11-10T16:10:36.910+0000] {processor.py:758} INFO - Processing file /home/airflow/.local/lib/python3.7/site-packages/airflow/example_dags/example_trigger_controller_dag.py for tasks to queue
[2022-11-10T16:10:36.940+0000] {logging_mixin.py:117} INFO - [2022-11-10T16:10:36.940+0000] {dagbag.py:525} INFO - Filling up the DagBag from /home/airflow/.local/lib/python3.7/site-packages/airflow/example_dags/example_trigger_controller_dag.py
[2022-11-10T16:10:37.341+0000] {processor.py:768} INFO - DAG(s) dict_keys(['example_trigger_controller_dag']) retrieved from /home/airflow/.local/lib/python3.7/site-packages/airflow/example_dags/example_trigger_controller_dag.py
[2022-11-10T16:10:38.011+0000] {logging_mixin.py:117} INFO - [2022-11-10T16:10:38.011+0000] {dag.py:2573} INFO - Sync 1 DAGs
[2022-11-10T16:10:38.154+0000] {logging_mixin.py:117} INFO - [2022-11-10T16:10:38.154+0000] {dag.py:3328} INFO - Setting next_dagrun for example_trigger_controller_dag to 2021-01-01T00:00:00+00:00, run_after=2021-01-01T00:00:00+00:00
[2022-11-10T16:10:38.354+0000] {processor.py:178} INFO - Processing /home/airflow/.local/lib/python3.7/site-packages/airflow/example_dags/example_trigger_controller_dag.py took 1.469 seconds
[2022-11-10T17:34:38.316+0000] {processor.py:156} INFO - Started process (PID=13387) to work on /home/airflow/.local/lib/python3.7/site-packages/airflow/example_dags/example_trigger_controller_dag.py
[2022-11-10T17:34:38.334+0000] {processor.py:758} INFO - Processing file /home/airflow/.local/lib/python3.7/site-packages/airflow/example_dags/example_trigger_controller_dag.py for tasks to queue
[2022-11-10T17:34:38.336+0000] {logging_mixin.py:117} INFO - [2022-11-10T17:34:38.336+0000] {dagbag.py:525} INFO - Filling up the DagBag from /home/airflow/.local/lib/python3.7/site-packages/airflow/example_dags/example_trigger_controller_dag.py
[2022-11-10T17:34:38.356+0000] {processor.py:768} INFO - DAG(s) dict_keys(['example_trigger_controller_dag']) retrieved from /home/airflow/.local/lib/python3.7/site-packages/airflow/example_dags/example_trigger_controller_dag.py
[2022-11-10T17:34:38.457+0000] {logging_mixin.py:117} INFO - [2022-11-10T17:34:38.457+0000] {dag.py:2573} INFO - Sync 1 DAGs
[2022-11-10T17:34:38.508+0000] {logging_mixin.py:117} INFO - [2022-11-10T17:34:38.507+0000] {dag.py:3328} INFO - Setting next_dagrun for example_trigger_controller_dag to 2021-01-01T00:00:00+00:00, run_after=2021-01-01T00:00:00+00:00
[2022-11-10T17:34:38.529+0000] {processor.py:178} INFO - Processing /home/airflow/.local/lib/python3.7/site-packages/airflow/example_dags/example_trigger_controller_dag.py took 0.218 seconds
[2022-11-10T18:57:11.923+0000] {processor.py:156} INFO - Started process (PID=13451) to work on /home/airflow/.local/lib/python3.7/site-packages/airflow/example_dags/example_trigger_controller_dag.py
[2022-11-10T18:57:11.987+0000] {processor.py:758} INFO - Processing file /home/airflow/.local/lib/python3.7/site-packages/airflow/example_dags/example_trigger_controller_dag.py for tasks to queue
[2022-11-10T18:57:11.994+0000] {logging_mixin.py:117} INFO - [2022-11-10T18:57:11.994+0000] {dagbag.py:525} INFO - Filling up the DagBag from /home/airflow/.local/lib/python3.7/site-packages/airflow/example_dags/example_trigger_controller_dag.py
[2022-11-10T18:57:12.104+0000] {processor.py:768} INFO - DAG(s) dict_keys(['example_trigger_controller_dag']) retrieved from /home/airflow/.local/lib/python3.7/site-packages/airflow/example_dags/example_trigger_controller_dag.py
[2022-11-10T18:57:13.053+0000] {logging_mixin.py:117} INFO - [2022-11-10T18:57:13.024+0000] {dag.py:2573} INFO - Sync 1 DAGs
[2022-11-10T18:57:13.198+0000] {logging_mixin.py:117} INFO - [2022-11-10T18:57:13.198+0000] {dag.py:3328} INFO - Setting next_dagrun for example_trigger_controller_dag to 2021-01-01T00:00:00+00:00, run_after=2021-01-01T00:00:00+00:00
[2022-11-10T18:57:13.222+0000] {processor.py:178} INFO - Processing /home/airflow/.local/lib/python3.7/site-packages/airflow/example_dags/example_trigger_controller_dag.py took 1.314 seconds
[2022-11-10T19:05:31.279+0000] {processor.py:156} INFO - Started process (PID=13507) to work on /home/airflow/.local/lib/python3.7/site-packages/airflow/example_dags/example_trigger_controller_dag.py
[2022-11-10T19:05:31.309+0000] {processor.py:758} INFO - Processing file /home/airflow/.local/lib/python3.7/site-packages/airflow/example_dags/example_trigger_controller_dag.py for tasks to queue
[2022-11-10T19:05:31.312+0000] {logging_mixin.py:117} INFO - [2022-11-10T19:05:31.312+0000] {dagbag.py:525} INFO - Filling up the DagBag from /home/airflow/.local/lib/python3.7/site-packages/airflow/example_dags/example_trigger_controller_dag.py
[2022-11-10T19:05:31.366+0000] {processor.py:768} INFO - DAG(s) dict_keys(['example_trigger_controller_dag']) retrieved from /home/airflow/.local/lib/python3.7/site-packages/airflow/example_dags/example_trigger_controller_dag.py
[2022-11-10T19:05:31.493+0000] {logging_mixin.py:117} INFO - [2022-11-10T19:05:31.492+0000] {dag.py:2573} INFO - Sync 1 DAGs
[2022-11-10T19:05:31.567+0000] {logging_mixin.py:117} INFO - [2022-11-10T19:05:31.567+0000] {dag.py:3328} INFO - Setting next_dagrun for example_trigger_controller_dag to 2021-01-01T00:00:00+00:00, run_after=2021-01-01T00:00:00+00:00
[2022-11-10T19:05:31.604+0000] {processor.py:178} INFO - Processing /home/airflow/.local/lib/python3.7/site-packages/airflow/example_dags/example_trigger_controller_dag.py took 0.329 seconds
[2022-11-10T20:13:40.303+0000] {processor.py:156} INFO - Started process (PID=13571) to work on /home/airflow/.local/lib/python3.7/site-packages/airflow/example_dags/example_trigger_controller_dag.py
[2022-11-10T20:13:40.309+0000] {processor.py:758} INFO - Processing file /home/airflow/.local/lib/python3.7/site-packages/airflow/example_dags/example_trigger_controller_dag.py for tasks to queue
[2022-11-10T20:13:40.318+0000] {logging_mixin.py:117} INFO - [2022-11-10T20:13:40.313+0000] {dagbag.py:525} INFO - Filling up the DagBag from /home/airflow/.local/lib/python3.7/site-packages/airflow/example_dags/example_trigger_controller_dag.py
[2022-11-10T20:13:40.414+0000] {processor.py:768} INFO - DAG(s) dict_keys(['example_trigger_controller_dag']) retrieved from /home/airflow/.local/lib/python3.7/site-packages/airflow/example_dags/example_trigger_controller_dag.py
[2022-11-10T20:13:40.630+0000] {logging_mixin.py:117} INFO - [2022-11-10T20:13:40.630+0000] {dag.py:2573} INFO - Sync 1 DAGs
[2022-11-10T20:13:40.826+0000] {logging_mixin.py:117} INFO - [2022-11-10T20:13:40.825+0000] {dag.py:3328} INFO - Setting next_dagrun for example_trigger_controller_dag to 2021-01-01T00:00:00+00:00, run_after=2021-01-01T00:00:00+00:00
[2022-11-10T20:13:40.881+0000] {processor.py:178} INFO - Processing /home/airflow/.local/lib/python3.7/site-packages/airflow/example_dags/example_trigger_controller_dag.py took 0.592 seconds
[2022-11-10T21:37:12.067+0000] {processor.py:156} INFO - Started process (PID=13625) to work on /home/airflow/.local/lib/python3.7/site-packages/airflow/example_dags/example_trigger_controller_dag.py
[2022-11-10T21:37:12.070+0000] {processor.py:758} INFO - Processing file /home/airflow/.local/lib/python3.7/site-packages/airflow/example_dags/example_trigger_controller_dag.py for tasks to queue
[2022-11-10T21:37:12.073+0000] {logging_mixin.py:117} INFO - [2022-11-10T21:37:12.073+0000] {dagbag.py:525} INFO - Filling up the DagBag from /home/airflow/.local/lib/python3.7/site-packages/airflow/example_dags/example_trigger_controller_dag.py
[2022-11-10T21:37:12.099+0000] {processor.py:768} INFO - DAG(s) dict_keys(['example_trigger_controller_dag']) retrieved from /home/airflow/.local/lib/python3.7/site-packages/airflow/example_dags/example_trigger_controller_dag.py
[2022-11-10T21:37:12.329+0000] {logging_mixin.py:117} INFO - [2022-11-10T21:37:12.329+0000] {dag.py:2573} INFO - Sync 1 DAGs
[2022-11-10T21:37:12.371+0000] {logging_mixin.py:117} INFO - [2022-11-10T21:37:12.371+0000] {dag.py:3328} INFO - Setting next_dagrun for example_trigger_controller_dag to 2021-01-01T00:00:00+00:00, run_after=2021-01-01T00:00:00+00:00
[2022-11-10T21:37:12.414+0000] {processor.py:178} INFO - Processing /home/airflow/.local/lib/python3.7/site-packages/airflow/example_dags/example_trigger_controller_dag.py took 0.350 seconds
[2022-11-10T23:18:16.660+0000] {processor.py:156} INFO - Started process (PID=13690) to work on /home/airflow/.local/lib/python3.7/site-packages/airflow/example_dags/example_trigger_controller_dag.py
[2022-11-10T23:18:16.673+0000] {processor.py:758} INFO - Processing file /home/airflow/.local/lib/python3.7/site-packages/airflow/example_dags/example_trigger_controller_dag.py for tasks to queue
[2022-11-10T23:18:16.707+0000] {logging_mixin.py:117} INFO - [2022-11-10T23:18:16.707+0000] {dagbag.py:525} INFO - Filling up the DagBag from /home/airflow/.local/lib/python3.7/site-packages/airflow/example_dags/example_trigger_controller_dag.py
[2022-11-10T23:18:16.779+0000] {processor.py:768} INFO - DAG(s) dict_keys(['example_trigger_controller_dag']) retrieved from /home/airflow/.local/lib/python3.7/site-packages/airflow/example_dags/example_trigger_controller_dag.py
[2022-11-10T23:18:17.049+0000] {logging_mixin.py:117} INFO - [2022-11-10T23:18:17.049+0000] {dag.py:2573} INFO - Sync 1 DAGs
[2022-11-10T23:18:17.140+0000] {logging_mixin.py:117} INFO - [2022-11-10T23:18:17.139+0000] {dag.py:3328} INFO - Setting next_dagrun for example_trigger_controller_dag to 2021-01-01T00:00:00+00:00, run_after=2021-01-01T00:00:00+00:00
[2022-11-10T23:18:17.243+0000] {processor.py:178} INFO - Processing /home/airflow/.local/lib/python3.7/site-packages/airflow/example_dags/example_trigger_controller_dag.py took 0.590 seconds
