[2022-11-10T00:02:15.420+0000] {processor.py:156} INFO - Started process (PID=12543) to work on /home/airflow/.local/lib/python3.7/site-packages/airflow/example_dags/tutorial_taskflow_api_virtualenv.py
[2022-11-10T00:02:15.422+0000] {processor.py:758} INFO - Processing file /home/airflow/.local/lib/python3.7/site-packages/airflow/example_dags/tutorial_taskflow_api_virtualenv.py for tasks to queue
[2022-11-10T00:02:15.425+0000] {logging_mixin.py:117} INFO - [2022-11-10T00:02:15.425+0000] {dagbag.py:525} INFO - Filling up the DagBag from /home/airflow/.local/lib/python3.7/site-packages/airflow/example_dags/tutorial_taskflow_api_virtualenv.py
[2022-11-10T00:02:15.451+0000] {processor.py:768} INFO - DAG(s) dict_keys(['tutorial_taskflow_api_virtualenv']) retrieved from /home/airflow/.local/lib/python3.7/site-packages/airflow/example_dags/tutorial_taskflow_api_virtualenv.py
[2022-11-10T00:02:15.532+0000] {logging_mixin.py:117} INFO - [2022-11-10T00:02:15.531+0000] {dag.py:2573} INFO - Sync 1 DAGs
[2022-11-10T00:02:15.551+0000] {logging_mixin.py:117} INFO - [2022-11-10T00:02:15.551+0000] {dag.py:3328} INFO - Setting next_dagrun for tutorial_taskflow_api_virtualenv to None, run_after=None
[2022-11-10T00:02:15.586+0000] {processor.py:178} INFO - Processing /home/airflow/.local/lib/python3.7/site-packages/airflow/example_dags/tutorial_taskflow_api_virtualenv.py took 0.169 seconds
[2022-11-10T01:24:34.116+0000] {processor.py:156} INFO - Started process (PID=12607) to work on /home/airflow/.local/lib/python3.7/site-packages/airflow/example_dags/tutorial_taskflow_api_virtualenv.py
[2022-11-10T01:24:34.118+0000] {processor.py:758} INFO - Processing file /home/airflow/.local/lib/python3.7/site-packages/airflow/example_dags/tutorial_taskflow_api_virtualenv.py for tasks to queue
[2022-11-10T01:24:34.121+0000] {logging_mixin.py:117} INFO - [2022-11-10T01:24:34.121+0000] {dagbag.py:525} INFO - Filling up the DagBag from /home/airflow/.local/lib/python3.7/site-packages/airflow/example_dags/tutorial_taskflow_api_virtualenv.py
[2022-11-10T01:24:34.148+0000] {processor.py:768} INFO - DAG(s) dict_keys(['tutorial_taskflow_api_virtualenv']) retrieved from /home/airflow/.local/lib/python3.7/site-packages/airflow/example_dags/tutorial_taskflow_api_virtualenv.py
[2022-11-10T01:24:34.195+0000] {logging_mixin.py:117} INFO - [2022-11-10T01:24:34.195+0000] {dag.py:2573} INFO - Sync 1 DAGs
[2022-11-10T01:24:34.213+0000] {logging_mixin.py:117} INFO - [2022-11-10T01:24:34.213+0000] {dag.py:3328} INFO - Setting next_dagrun for tutorial_taskflow_api_virtualenv to None, run_after=None
[2022-11-10T01:24:34.226+0000] {processor.py:178} INFO - Processing /home/airflow/.local/lib/python3.7/site-packages/airflow/example_dags/tutorial_taskflow_api_virtualenv.py took 0.113 seconds
[2022-11-10T02:29:09.221+0000] {processor.py:156} INFO - Started process (PID=12670) to work on /home/airflow/.local/lib/python3.7/site-packages/airflow/example_dags/tutorial_taskflow_api_virtualenv.py
[2022-11-10T02:29:09.224+0000] {processor.py:758} INFO - Processing file /home/airflow/.local/lib/python3.7/site-packages/airflow/example_dags/tutorial_taskflow_api_virtualenv.py for tasks to queue
[2022-11-10T02:29:09.227+0000] {logging_mixin.py:117} INFO - [2022-11-10T02:29:09.227+0000] {dagbag.py:525} INFO - Filling up the DagBag from /home/airflow/.local/lib/python3.7/site-packages/airflow/example_dags/tutorial_taskflow_api_virtualenv.py
[2022-11-10T02:29:09.255+0000] {processor.py:768} INFO - DAG(s) dict_keys(['tutorial_taskflow_api_virtualenv']) retrieved from /home/airflow/.local/lib/python3.7/site-packages/airflow/example_dags/tutorial_taskflow_api_virtualenv.py
[2022-11-10T02:29:09.306+0000] {logging_mixin.py:117} INFO - [2022-11-10T02:29:09.306+0000] {dag.py:2573} INFO - Sync 1 DAGs
[2022-11-10T02:29:09.340+0000] {logging_mixin.py:117} INFO - [2022-11-10T02:29:09.340+0000] {dag.py:3328} INFO - Setting next_dagrun for tutorial_taskflow_api_virtualenv to None, run_after=None
[2022-11-10T02:29:09.355+0000] {processor.py:178} INFO - Processing /home/airflow/.local/lib/python3.7/site-packages/airflow/example_dags/tutorial_taskflow_api_virtualenv.py took 0.139 seconds
[2022-11-10T03:35:48.171+0000] {processor.py:156} INFO - Started process (PID=12725) to work on /home/airflow/.local/lib/python3.7/site-packages/airflow/example_dags/tutorial_taskflow_api_virtualenv.py
[2022-11-10T03:35:48.175+0000] {processor.py:758} INFO - Processing file /home/airflow/.local/lib/python3.7/site-packages/airflow/example_dags/tutorial_taskflow_api_virtualenv.py for tasks to queue
[2022-11-10T03:35:48.179+0000] {logging_mixin.py:117} INFO - [2022-11-10T03:35:48.179+0000] {dagbag.py:525} INFO - Filling up the DagBag from /home/airflow/.local/lib/python3.7/site-packages/airflow/example_dags/tutorial_taskflow_api_virtualenv.py
[2022-11-10T03:35:48.198+0000] {processor.py:768} INFO - DAG(s) dict_keys(['tutorial_taskflow_api_virtualenv']) retrieved from /home/airflow/.local/lib/python3.7/site-packages/airflow/example_dags/tutorial_taskflow_api_virtualenv.py
[2022-11-10T03:35:48.239+0000] {logging_mixin.py:117} INFO - [2022-11-10T03:35:48.239+0000] {dag.py:2573} INFO - Sync 1 DAGs
[2022-11-10T03:35:48.256+0000] {logging_mixin.py:117} INFO - [2022-11-10T03:35:48.256+0000] {dag.py:3328} INFO - Setting next_dagrun for tutorial_taskflow_api_virtualenv to None, run_after=None
[2022-11-10T03:35:48.275+0000] {processor.py:178} INFO - Processing /home/airflow/.local/lib/python3.7/site-packages/airflow/example_dags/tutorial_taskflow_api_virtualenv.py took 0.106 seconds
[2022-11-10T04:59:31.518+0000] {processor.py:156} INFO - Started process (PID=12789) to work on /home/airflow/.local/lib/python3.7/site-packages/airflow/example_dags/tutorial_taskflow_api_virtualenv.py
[2022-11-10T04:59:31.521+0000] {processor.py:758} INFO - Processing file /home/airflow/.local/lib/python3.7/site-packages/airflow/example_dags/tutorial_taskflow_api_virtualenv.py for tasks to queue
[2022-11-10T04:59:31.523+0000] {logging_mixin.py:117} INFO - [2022-11-10T04:59:31.523+0000] {dagbag.py:525} INFO - Filling up the DagBag from /home/airflow/.local/lib/python3.7/site-packages/airflow/example_dags/tutorial_taskflow_api_virtualenv.py
[2022-11-10T04:59:31.551+0000] {processor.py:768} INFO - DAG(s) dict_keys(['tutorial_taskflow_api_virtualenv']) retrieved from /home/airflow/.local/lib/python3.7/site-packages/airflow/example_dags/tutorial_taskflow_api_virtualenv.py
[2022-11-10T04:59:31.662+0000] {logging_mixin.py:117} INFO - [2022-11-10T04:59:31.661+0000] {dag.py:2573} INFO - Sync 1 DAGs
[2022-11-10T04:59:31.778+0000] {logging_mixin.py:117} INFO - [2022-11-10T04:59:31.778+0000] {dag.py:3328} INFO - Setting next_dagrun for tutorial_taskflow_api_virtualenv to None, run_after=None
[2022-11-10T04:59:31.907+0000] {processor.py:178} INFO - Processing /home/airflow/.local/lib/python3.7/site-packages/airflow/example_dags/tutorial_taskflow_api_virtualenv.py took 0.396 seconds
[2022-11-10T06:22:37.499+0000] {processor.py:156} INFO - Started process (PID=12852) to work on /home/airflow/.local/lib/python3.7/site-packages/airflow/example_dags/tutorial_taskflow_api_virtualenv.py
[2022-11-10T06:22:37.511+0000] {processor.py:758} INFO - Processing file /home/airflow/.local/lib/python3.7/site-packages/airflow/example_dags/tutorial_taskflow_api_virtualenv.py for tasks to queue
[2022-11-10T06:22:37.517+0000] {logging_mixin.py:117} INFO - [2022-11-10T06:22:37.516+0000] {dagbag.py:525} INFO - Filling up the DagBag from /home/airflow/.local/lib/python3.7/site-packages/airflow/example_dags/tutorial_taskflow_api_virtualenv.py
[2022-11-10T06:22:37.575+0000] {processor.py:768} INFO - DAG(s) dict_keys(['tutorial_taskflow_api_virtualenv']) retrieved from /home/airflow/.local/lib/python3.7/site-packages/airflow/example_dags/tutorial_taskflow_api_virtualenv.py
[2022-11-10T06:22:37.735+0000] {logging_mixin.py:117} INFO - [2022-11-10T06:22:37.735+0000] {dag.py:2573} INFO - Sync 1 DAGs
[2022-11-10T06:22:37.837+0000] {logging_mixin.py:117} INFO - [2022-11-10T06:22:37.836+0000] {dag.py:3328} INFO - Setting next_dagrun for tutorial_taskflow_api_virtualenv to None, run_after=None
[2022-11-10T06:22:37.907+0000] {processor.py:178} INFO - Processing /home/airflow/.local/lib/python3.7/site-packages/airflow/example_dags/tutorial_taskflow_api_virtualenv.py took 0.415 seconds
[2022-11-10T08:00:57.593+0000] {processor.py:156} INFO - Started process (PID=12907) to work on /home/airflow/.local/lib/python3.7/site-packages/airflow/example_dags/tutorial_taskflow_api_virtualenv.py
[2022-11-10T08:00:57.605+0000] {processor.py:758} INFO - Processing file /home/airflow/.local/lib/python3.7/site-packages/airflow/example_dags/tutorial_taskflow_api_virtualenv.py for tasks to queue
[2022-11-10T08:00:57.606+0000] {logging_mixin.py:117} INFO - [2022-11-10T08:00:57.606+0000] {dagbag.py:525} INFO - Filling up the DagBag from /home/airflow/.local/lib/python3.7/site-packages/airflow/example_dags/tutorial_taskflow_api_virtualenv.py
[2022-11-10T08:00:57.645+0000] {processor.py:768} INFO - DAG(s) dict_keys(['tutorial_taskflow_api_virtualenv']) retrieved from /home/airflow/.local/lib/python3.7/site-packages/airflow/example_dags/tutorial_taskflow_api_virtualenv.py
[2022-11-10T08:00:57.714+0000] {logging_mixin.py:117} INFO - [2022-11-10T08:00:57.714+0000] {dag.py:2573} INFO - Sync 1 DAGs
[2022-11-10T08:00:57.766+0000] {logging_mixin.py:117} INFO - [2022-11-10T08:00:57.766+0000] {dag.py:3328} INFO - Setting next_dagrun for tutorial_taskflow_api_virtualenv to None, run_after=None
[2022-11-10T08:00:57.834+0000] {processor.py:178} INFO - Processing /home/airflow/.local/lib/python3.7/site-packages/airflow/example_dags/tutorial_taskflow_api_virtualenv.py took 0.243 seconds
[2022-11-10T09:23:14.100+0000] {processor.py:156} INFO - Started process (PID=12960) to work on /home/airflow/.local/lib/python3.7/site-packages/airflow/example_dags/tutorial_taskflow_api_virtualenv.py
[2022-11-10T09:23:14.103+0000] {processor.py:758} INFO - Processing file /home/airflow/.local/lib/python3.7/site-packages/airflow/example_dags/tutorial_taskflow_api_virtualenv.py for tasks to queue
[2022-11-10T09:23:14.104+0000] {logging_mixin.py:117} INFO - [2022-11-10T09:23:14.104+0000] {dagbag.py:525} INFO - Filling up the DagBag from /home/airflow/.local/lib/python3.7/site-packages/airflow/example_dags/tutorial_taskflow_api_virtualenv.py
[2022-11-10T09:23:14.122+0000] {processor.py:768} INFO - DAG(s) dict_keys(['tutorial_taskflow_api_virtualenv']) retrieved from /home/airflow/.local/lib/python3.7/site-packages/airflow/example_dags/tutorial_taskflow_api_virtualenv.py
[2022-11-10T09:23:14.179+0000] {logging_mixin.py:117} INFO - [2022-11-10T09:23:14.178+0000] {dag.py:2573} INFO - Sync 1 DAGs
[2022-11-10T09:23:14.233+0000] {logging_mixin.py:117} INFO - [2022-11-10T09:23:14.233+0000] {dag.py:3328} INFO - Setting next_dagrun for tutorial_taskflow_api_virtualenv to None, run_after=None
[2022-11-10T09:23:14.283+0000] {processor.py:178} INFO - Processing /home/airflow/.local/lib/python3.7/site-packages/airflow/example_dags/tutorial_taskflow_api_virtualenv.py took 0.189 seconds
[2022-11-10T10:48:49.155+0000] {processor.py:156} INFO - Started process (PID=13014) to work on /home/airflow/.local/lib/python3.7/site-packages/airflow/example_dags/tutorial_taskflow_api_virtualenv.py
[2022-11-10T10:48:49.162+0000] {processor.py:758} INFO - Processing file /home/airflow/.local/lib/python3.7/site-packages/airflow/example_dags/tutorial_taskflow_api_virtualenv.py for tasks to queue
[2022-11-10T10:48:49.163+0000] {logging_mixin.py:117} INFO - [2022-11-10T10:48:49.163+0000] {dagbag.py:525} INFO - Filling up the DagBag from /home/airflow/.local/lib/python3.7/site-packages/airflow/example_dags/tutorial_taskflow_api_virtualenv.py
[2022-11-10T10:48:49.200+0000] {processor.py:768} INFO - DAG(s) dict_keys(['tutorial_taskflow_api_virtualenv']) retrieved from /home/airflow/.local/lib/python3.7/site-packages/airflow/example_dags/tutorial_taskflow_api_virtualenv.py
[2022-11-10T10:48:49.302+0000] {logging_mixin.py:117} INFO - [2022-11-10T10:48:49.302+0000] {dag.py:2573} INFO - Sync 1 DAGs
[2022-11-10T10:48:50.027+0000] {logging_mixin.py:117} INFO - [2022-11-10T10:48:50.026+0000] {dag.py:3328} INFO - Setting next_dagrun for tutorial_taskflow_api_virtualenv to None, run_after=None
[2022-11-10T10:48:50.186+0000] {processor.py:178} INFO - Processing /home/airflow/.local/lib/python3.7/site-packages/airflow/example_dags/tutorial_taskflow_api_virtualenv.py took 1.035 seconds
[2022-11-10T12:11:09.708+0000] {processor.py:156} INFO - Started process (PID=13079) to work on /home/airflow/.local/lib/python3.7/site-packages/airflow/example_dags/tutorial_taskflow_api_virtualenv.py
[2022-11-10T12:11:09.709+0000] {processor.py:758} INFO - Processing file /home/airflow/.local/lib/python3.7/site-packages/airflow/example_dags/tutorial_taskflow_api_virtualenv.py for tasks to queue
[2022-11-10T12:11:09.710+0000] {logging_mixin.py:117} INFO - [2022-11-10T12:11:09.710+0000] {dagbag.py:525} INFO - Filling up the DagBag from /home/airflow/.local/lib/python3.7/site-packages/airflow/example_dags/tutorial_taskflow_api_virtualenv.py
[2022-11-10T12:11:09.724+0000] {processor.py:768} INFO - DAG(s) dict_keys(['tutorial_taskflow_api_virtualenv']) retrieved from /home/airflow/.local/lib/python3.7/site-packages/airflow/example_dags/tutorial_taskflow_api_virtualenv.py
[2022-11-10T12:11:09.757+0000] {logging_mixin.py:117} INFO - [2022-11-10T12:11:09.757+0000] {dag.py:2573} INFO - Sync 1 DAGs
[2022-11-10T12:11:09.771+0000] {logging_mixin.py:117} INFO - [2022-11-10T12:11:09.771+0000] {dag.py:3328} INFO - Setting next_dagrun for tutorial_taskflow_api_virtualenv to None, run_after=None
[2022-11-10T12:11:09.785+0000] {processor.py:178} INFO - Processing /home/airflow/.local/lib/python3.7/site-packages/airflow/example_dags/tutorial_taskflow_api_virtualenv.py took 0.079 seconds
[2022-11-10T13:33:30.989+0000] {processor.py:156} INFO - Started process (PID=13126) to work on /home/airflow/.local/lib/python3.7/site-packages/airflow/example_dags/tutorial_taskflow_api_virtualenv.py
[2022-11-10T13:33:30.991+0000] {processor.py:758} INFO - Processing file /home/airflow/.local/lib/python3.7/site-packages/airflow/example_dags/tutorial_taskflow_api_virtualenv.py for tasks to queue
[2022-11-10T13:33:30.992+0000] {logging_mixin.py:117} INFO - [2022-11-10T13:33:30.992+0000] {dagbag.py:525} INFO - Filling up the DagBag from /home/airflow/.local/lib/python3.7/site-packages/airflow/example_dags/tutorial_taskflow_api_virtualenv.py
[2022-11-10T13:33:31.012+0000] {processor.py:768} INFO - DAG(s) dict_keys(['tutorial_taskflow_api_virtualenv']) retrieved from /home/airflow/.local/lib/python3.7/site-packages/airflow/example_dags/tutorial_taskflow_api_virtualenv.py
[2022-11-10T13:33:31.051+0000] {logging_mixin.py:117} INFO - [2022-11-10T13:33:31.051+0000] {dag.py:2573} INFO - Sync 1 DAGs
[2022-11-10T13:33:31.073+0000] {logging_mixin.py:117} INFO - [2022-11-10T13:33:31.073+0000] {dag.py:3328} INFO - Setting next_dagrun for tutorial_taskflow_api_virtualenv to None, run_after=None
[2022-11-10T13:33:31.093+0000] {processor.py:178} INFO - Processing /home/airflow/.local/lib/python3.7/site-packages/airflow/example_dags/tutorial_taskflow_api_virtualenv.py took 0.109 seconds
[2022-11-10T14:37:25.599+0000] {processor.py:156} INFO - Started process (PID=13180) to work on /home/airflow/.local/lib/python3.7/site-packages/airflow/example_dags/tutorial_taskflow_api_virtualenv.py
[2022-11-10T14:37:25.616+0000] {processor.py:758} INFO - Processing file /home/airflow/.local/lib/python3.7/site-packages/airflow/example_dags/tutorial_taskflow_api_virtualenv.py for tasks to queue
[2022-11-10T14:37:25.618+0000] {logging_mixin.py:117} INFO - [2022-11-10T14:37:25.618+0000] {dagbag.py:525} INFO - Filling up the DagBag from /home/airflow/.local/lib/python3.7/site-packages/airflow/example_dags/tutorial_taskflow_api_virtualenv.py
[2022-11-10T14:37:25.637+0000] {processor.py:768} INFO - DAG(s) dict_keys(['tutorial_taskflow_api_virtualenv']) retrieved from /home/airflow/.local/lib/python3.7/site-packages/airflow/example_dags/tutorial_taskflow_api_virtualenv.py
[2022-11-10T14:37:25.721+0000] {logging_mixin.py:117} INFO - [2022-11-10T14:37:25.720+0000] {dag.py:2573} INFO - Sync 1 DAGs
[2022-11-10T14:37:25.754+0000] {logging_mixin.py:117} INFO - [2022-11-10T14:37:25.754+0000] {dag.py:3328} INFO - Setting next_dagrun for tutorial_taskflow_api_virtualenv to None, run_after=None
[2022-11-10T14:37:25.821+0000] {processor.py:178} INFO - Processing /home/airflow/.local/lib/python3.7/site-packages/airflow/example_dags/tutorial_taskflow_api_virtualenv.py took 0.225 seconds
[2022-11-10T14:45:49.287+0000] {processor.py:156} INFO - Started process (PID=13244) to work on /home/airflow/.local/lib/python3.7/site-packages/airflow/example_dags/tutorial_taskflow_api_virtualenv.py
[2022-11-10T14:45:49.311+0000] {processor.py:758} INFO - Processing file /home/airflow/.local/lib/python3.7/site-packages/airflow/example_dags/tutorial_taskflow_api_virtualenv.py for tasks to queue
[2022-11-10T14:45:49.313+0000] {logging_mixin.py:117} INFO - [2022-11-10T14:45:49.313+0000] {dagbag.py:525} INFO - Filling up the DagBag from /home/airflow/.local/lib/python3.7/site-packages/airflow/example_dags/tutorial_taskflow_api_virtualenv.py
[2022-11-10T14:45:49.486+0000] {processor.py:768} INFO - DAG(s) dict_keys(['tutorial_taskflow_api_virtualenv']) retrieved from /home/airflow/.local/lib/python3.7/site-packages/airflow/example_dags/tutorial_taskflow_api_virtualenv.py
[2022-11-10T14:45:49.975+0000] {logging_mixin.py:117} INFO - [2022-11-10T14:45:49.975+0000] {dag.py:2573} INFO - Sync 1 DAGs
[2022-11-10T14:45:50.048+0000] {logging_mixin.py:117} INFO - [2022-11-10T14:45:50.047+0000] {dag.py:3328} INFO - Setting next_dagrun for tutorial_taskflow_api_virtualenv to None, run_after=None
[2022-11-10T14:45:50.103+0000] {processor.py:178} INFO - Processing /home/airflow/.local/lib/python3.7/site-packages/airflow/example_dags/tutorial_taskflow_api_virtualenv.py took 0.822 seconds
[2022-11-10T15:05:02.917+0000] {processor.py:156} INFO - Started process (PID=13308) to work on /home/airflow/.local/lib/python3.7/site-packages/airflow/example_dags/tutorial_taskflow_api_virtualenv.py
[2022-11-10T15:05:02.918+0000] {processor.py:758} INFO - Processing file /home/airflow/.local/lib/python3.7/site-packages/airflow/example_dags/tutorial_taskflow_api_virtualenv.py for tasks to queue
[2022-11-10T15:05:02.919+0000] {logging_mixin.py:117} INFO - [2022-11-10T15:05:02.919+0000] {dagbag.py:525} INFO - Filling up the DagBag from /home/airflow/.local/lib/python3.7/site-packages/airflow/example_dags/tutorial_taskflow_api_virtualenv.py
[2022-11-10T15:05:02.937+0000] {processor.py:768} INFO - DAG(s) dict_keys(['tutorial_taskflow_api_virtualenv']) retrieved from /home/airflow/.local/lib/python3.7/site-packages/airflow/example_dags/tutorial_taskflow_api_virtualenv.py
[2022-11-10T15:05:02.969+0000] {logging_mixin.py:117} INFO - [2022-11-10T15:05:02.969+0000] {dag.py:2573} INFO - Sync 1 DAGs
[2022-11-10T15:05:02.987+0000] {logging_mixin.py:117} INFO - [2022-11-10T15:05:02.987+0000] {dag.py:3328} INFO - Setting next_dagrun for tutorial_taskflow_api_virtualenv to None, run_after=None
[2022-11-10T15:05:03.003+0000] {processor.py:178} INFO - Processing /home/airflow/.local/lib/python3.7/site-packages/airflow/example_dags/tutorial_taskflow_api_virtualenv.py took 0.090 seconds
[2022-11-10T16:10:41.633+0000] {processor.py:156} INFO - Started process (PID=13354) to work on /home/airflow/.local/lib/python3.7/site-packages/airflow/example_dags/tutorial_taskflow_api_virtualenv.py
[2022-11-10T16:10:41.638+0000] {processor.py:758} INFO - Processing file /home/airflow/.local/lib/python3.7/site-packages/airflow/example_dags/tutorial_taskflow_api_virtualenv.py for tasks to queue
[2022-11-10T16:10:41.641+0000] {logging_mixin.py:117} INFO - [2022-11-10T16:10:41.641+0000] {dagbag.py:525} INFO - Filling up the DagBag from /home/airflow/.local/lib/python3.7/site-packages/airflow/example_dags/tutorial_taskflow_api_virtualenv.py
[2022-11-10T16:10:41.691+0000] {processor.py:768} INFO - DAG(s) dict_keys(['tutorial_taskflow_api_virtualenv']) retrieved from /home/airflow/.local/lib/python3.7/site-packages/airflow/example_dags/tutorial_taskflow_api_virtualenv.py
[2022-11-10T16:10:41.806+0000] {logging_mixin.py:117} INFO - [2022-11-10T16:10:41.806+0000] {dag.py:2573} INFO - Sync 1 DAGs
[2022-11-10T16:10:41.898+0000] {logging_mixin.py:117} INFO - [2022-11-10T16:10:41.897+0000] {dag.py:3328} INFO - Setting next_dagrun for tutorial_taskflow_api_virtualenv to None, run_after=None
[2022-11-10T16:10:41.988+0000] {processor.py:178} INFO - Processing /home/airflow/.local/lib/python3.7/site-packages/airflow/example_dags/tutorial_taskflow_api_virtualenv.py took 0.366 seconds
[2022-11-10T17:34:45.881+0000] {processor.py:156} INFO - Started process (PID=13416) to work on /home/airflow/.local/lib/python3.7/site-packages/airflow/example_dags/tutorial_taskflow_api_virtualenv.py
[2022-11-10T17:34:45.883+0000] {processor.py:758} INFO - Processing file /home/airflow/.local/lib/python3.7/site-packages/airflow/example_dags/tutorial_taskflow_api_virtualenv.py for tasks to queue
[2022-11-10T17:34:45.884+0000] {logging_mixin.py:117} INFO - [2022-11-10T17:34:45.884+0000] {dagbag.py:525} INFO - Filling up the DagBag from /home/airflow/.local/lib/python3.7/site-packages/airflow/example_dags/tutorial_taskflow_api_virtualenv.py
[2022-11-10T17:34:45.905+0000] {processor.py:768} INFO - DAG(s) dict_keys(['tutorial_taskflow_api_virtualenv']) retrieved from /home/airflow/.local/lib/python3.7/site-packages/airflow/example_dags/tutorial_taskflow_api_virtualenv.py
[2022-11-10T17:34:45.937+0000] {logging_mixin.py:117} INFO - [2022-11-10T17:34:45.937+0000] {dag.py:2573} INFO - Sync 1 DAGs
[2022-11-10T17:34:45.960+0000] {logging_mixin.py:117} INFO - [2022-11-10T17:34:45.960+0000] {dag.py:3328} INFO - Setting next_dagrun for tutorial_taskflow_api_virtualenv to None, run_after=None
[2022-11-10T17:34:45.977+0000] {processor.py:178} INFO - Processing /home/airflow/.local/lib/python3.7/site-packages/airflow/example_dags/tutorial_taskflow_api_virtualenv.py took 0.099 seconds
[2022-11-10T18:57:19.937+0000] {processor.py:156} INFO - Started process (PID=13472) to work on /home/airflow/.local/lib/python3.7/site-packages/airflow/example_dags/tutorial_taskflow_api_virtualenv.py
[2022-11-10T18:57:19.948+0000] {processor.py:758} INFO - Processing file /home/airflow/.local/lib/python3.7/site-packages/airflow/example_dags/tutorial_taskflow_api_virtualenv.py for tasks to queue
[2022-11-10T18:57:19.951+0000] {logging_mixin.py:117} INFO - [2022-11-10T18:57:19.951+0000] {dagbag.py:525} INFO - Filling up the DagBag from /home/airflow/.local/lib/python3.7/site-packages/airflow/example_dags/tutorial_taskflow_api_virtualenv.py
[2022-11-10T18:57:20.034+0000] {processor.py:768} INFO - DAG(s) dict_keys(['tutorial_taskflow_api_virtualenv']) retrieved from /home/airflow/.local/lib/python3.7/site-packages/airflow/example_dags/tutorial_taskflow_api_virtualenv.py
[2022-11-10T18:57:20.210+0000] {logging_mixin.py:117} INFO - [2022-11-10T18:57:20.210+0000] {dag.py:2573} INFO - Sync 1 DAGs
[2022-11-10T18:57:20.346+0000] {logging_mixin.py:117} INFO - [2022-11-10T18:57:20.346+0000] {dag.py:3328} INFO - Setting next_dagrun for tutorial_taskflow_api_virtualenv to None, run_after=None
[2022-11-10T18:57:20.379+0000] {processor.py:178} INFO - Processing /home/airflow/.local/lib/python3.7/site-packages/airflow/example_dags/tutorial_taskflow_api_virtualenv.py took 0.445 seconds
[2022-11-10T19:05:34.589+0000] {processor.py:156} INFO - Started process (PID=13528) to work on /home/airflow/.local/lib/python3.7/site-packages/airflow/example_dags/tutorial_taskflow_api_virtualenv.py
[2022-11-10T19:05:34.600+0000] {processor.py:758} INFO - Processing file /home/airflow/.local/lib/python3.7/site-packages/airflow/example_dags/tutorial_taskflow_api_virtualenv.py for tasks to queue
[2022-11-10T19:05:34.616+0000] {logging_mixin.py:117} INFO - [2022-11-10T19:05:34.616+0000] {dagbag.py:525} INFO - Filling up the DagBag from /home/airflow/.local/lib/python3.7/site-packages/airflow/example_dags/tutorial_taskflow_api_virtualenv.py
[2022-11-10T19:05:34.671+0000] {processor.py:768} INFO - DAG(s) dict_keys(['tutorial_taskflow_api_virtualenv']) retrieved from /home/airflow/.local/lib/python3.7/site-packages/airflow/example_dags/tutorial_taskflow_api_virtualenv.py
[2022-11-10T19:05:34.750+0000] {logging_mixin.py:117} INFO - [2022-11-10T19:05:34.750+0000] {dag.py:2573} INFO - Sync 1 DAGs
[2022-11-10T19:05:34.789+0000] {logging_mixin.py:117} INFO - [2022-11-10T19:05:34.789+0000] {dag.py:3328} INFO - Setting next_dagrun for tutorial_taskflow_api_virtualenv to None, run_after=None
[2022-11-10T19:05:34.810+0000] {processor.py:178} INFO - Processing /home/airflow/.local/lib/python3.7/site-packages/airflow/example_dags/tutorial_taskflow_api_virtualenv.py took 0.226 seconds
[2022-11-10T20:13:46.254+0000] {processor.py:156} INFO - Started process (PID=13592) to work on /home/airflow/.local/lib/python3.7/site-packages/airflow/example_dags/tutorial_taskflow_api_virtualenv.py
[2022-11-10T20:13:46.259+0000] {processor.py:758} INFO - Processing file /home/airflow/.local/lib/python3.7/site-packages/airflow/example_dags/tutorial_taskflow_api_virtualenv.py for tasks to queue
[2022-11-10T20:13:46.261+0000] {logging_mixin.py:117} INFO - [2022-11-10T20:13:46.261+0000] {dagbag.py:525} INFO - Filling up the DagBag from /home/airflow/.local/lib/python3.7/site-packages/airflow/example_dags/tutorial_taskflow_api_virtualenv.py
[2022-11-10T20:13:46.333+0000] {processor.py:768} INFO - DAG(s) dict_keys(['tutorial_taskflow_api_virtualenv']) retrieved from /home/airflow/.local/lib/python3.7/site-packages/airflow/example_dags/tutorial_taskflow_api_virtualenv.py
[2022-11-10T20:13:46.455+0000] {logging_mixin.py:117} INFO - [2022-11-10T20:13:46.455+0000] {dag.py:2573} INFO - Sync 1 DAGs
[2022-11-10T20:13:46.485+0000] {logging_mixin.py:117} INFO - [2022-11-10T20:13:46.485+0000] {dag.py:3328} INFO - Setting next_dagrun for tutorial_taskflow_api_virtualenv to None, run_after=None
[2022-11-10T20:13:46.529+0000] {processor.py:178} INFO - Processing /home/airflow/.local/lib/python3.7/site-packages/airflow/example_dags/tutorial_taskflow_api_virtualenv.py took 0.278 seconds
[2022-11-10T21:37:18.694+0000] {processor.py:156} INFO - Started process (PID=13655) to work on /home/airflow/.local/lib/python3.7/site-packages/airflow/example_dags/tutorial_taskflow_api_virtualenv.py
[2022-11-10T21:37:18.697+0000] {processor.py:758} INFO - Processing file /home/airflow/.local/lib/python3.7/site-packages/airflow/example_dags/tutorial_taskflow_api_virtualenv.py for tasks to queue
[2022-11-10T21:37:18.698+0000] {logging_mixin.py:117} INFO - [2022-11-10T21:37:18.698+0000] {dagbag.py:525} INFO - Filling up the DagBag from /home/airflow/.local/lib/python3.7/site-packages/airflow/example_dags/tutorial_taskflow_api_virtualenv.py
[2022-11-10T21:37:18.744+0000] {processor.py:768} INFO - DAG(s) dict_keys(['tutorial_taskflow_api_virtualenv']) retrieved from /home/airflow/.local/lib/python3.7/site-packages/airflow/example_dags/tutorial_taskflow_api_virtualenv.py
[2022-11-10T21:37:18.813+0000] {logging_mixin.py:117} INFO - [2022-11-10T21:37:18.812+0000] {dag.py:2573} INFO - Sync 1 DAGs
[2022-11-10T21:37:18.836+0000] {logging_mixin.py:117} INFO - [2022-11-10T21:37:18.836+0000] {dag.py:3328} INFO - Setting next_dagrun for tutorial_taskflow_api_virtualenv to None, run_after=None
[2022-11-10T21:37:18.857+0000] {processor.py:178} INFO - Processing /home/airflow/.local/lib/python3.7/site-packages/airflow/example_dags/tutorial_taskflow_api_virtualenv.py took 0.167 seconds
[2022-11-10T23:18:23.819+0000] {processor.py:156} INFO - Started process (PID=13718) to work on /home/airflow/.local/lib/python3.7/site-packages/airflow/example_dags/tutorial_taskflow_api_virtualenv.py
[2022-11-10T23:18:23.826+0000] {processor.py:758} INFO - Processing file /home/airflow/.local/lib/python3.7/site-packages/airflow/example_dags/tutorial_taskflow_api_virtualenv.py for tasks to queue
[2022-11-10T23:18:23.833+0000] {logging_mixin.py:117} INFO - [2022-11-10T23:18:23.833+0000] {dagbag.py:525} INFO - Filling up the DagBag from /home/airflow/.local/lib/python3.7/site-packages/airflow/example_dags/tutorial_taskflow_api_virtualenv.py
[2022-11-10T23:18:24.010+0000] {processor.py:768} INFO - DAG(s) dict_keys(['tutorial_taskflow_api_virtualenv']) retrieved from /home/airflow/.local/lib/python3.7/site-packages/airflow/example_dags/tutorial_taskflow_api_virtualenv.py
[2022-11-10T23:18:24.656+0000] {logging_mixin.py:117} INFO - [2022-11-10T23:18:24.656+0000] {dag.py:2573} INFO - Sync 1 DAGs
[2022-11-10T23:18:24.791+0000] {logging_mixin.py:117} INFO - [2022-11-10T23:18:24.791+0000] {dag.py:3328} INFO - Setting next_dagrun for tutorial_taskflow_api_virtualenv to None, run_after=None
[2022-11-10T23:18:25.030+0000] {processor.py:178} INFO - Processing /home/airflow/.local/lib/python3.7/site-packages/airflow/example_dags/tutorial_taskflow_api_virtualenv.py took 1.234 seconds
