[2022-11-10T00:02:10.574+0000] {processor.py:156} INFO - Started process (PID=12517) to work on /home/airflow/.local/lib/python3.7/site-packages/airflow/example_dags/tutorial_taskflow_api.py
[2022-11-10T00:02:10.580+0000] {processor.py:758} INFO - Processing file /home/airflow/.local/lib/python3.7/site-packages/airflow/example_dags/tutorial_taskflow_api.py for tasks to queue
[2022-11-10T00:02:10.582+0000] {logging_mixin.py:117} INFO - [2022-11-10T00:02:10.582+0000] {dagbag.py:525} INFO - Filling up the DagBag from /home/airflow/.local/lib/python3.7/site-packages/airflow/example_dags/tutorial_taskflow_api.py
[2022-11-10T00:02:10.611+0000] {processor.py:768} INFO - DAG(s) dict_keys(['tutorial_taskflow_api']) retrieved from /home/airflow/.local/lib/python3.7/site-packages/airflow/example_dags/tutorial_taskflow_api.py
[2022-11-10T00:02:10.668+0000] {logging_mixin.py:117} INFO - [2022-11-10T00:02:10.668+0000] {dag.py:2573} INFO - Sync 1 DAGs
[2022-11-10T00:02:10.691+0000] {logging_mixin.py:117} INFO - [2022-11-10T00:02:10.691+0000] {dag.py:3328} INFO - Setting next_dagrun for tutorial_taskflow_api to None, run_after=None
[2022-11-10T00:02:10.706+0000] {processor.py:178} INFO - Processing /home/airflow/.local/lib/python3.7/site-packages/airflow/example_dags/tutorial_taskflow_api.py took 0.134 seconds
[2022-11-10T01:24:31.081+0000] {processor.py:156} INFO - Started process (PID=12572) to work on /home/airflow/.local/lib/python3.7/site-packages/airflow/example_dags/tutorial_taskflow_api.py
[2022-11-10T01:24:31.082+0000] {processor.py:758} INFO - Processing file /home/airflow/.local/lib/python3.7/site-packages/airflow/example_dags/tutorial_taskflow_api.py for tasks to queue
[2022-11-10T01:24:31.084+0000] {logging_mixin.py:117} INFO - [2022-11-10T01:24:31.083+0000] {dagbag.py:525} INFO - Filling up the DagBag from /home/airflow/.local/lib/python3.7/site-packages/airflow/example_dags/tutorial_taskflow_api.py
[2022-11-10T01:24:31.102+0000] {processor.py:768} INFO - DAG(s) dict_keys(['tutorial_taskflow_api']) retrieved from /home/airflow/.local/lib/python3.7/site-packages/airflow/example_dags/tutorial_taskflow_api.py
[2022-11-10T01:24:31.132+0000] {logging_mixin.py:117} INFO - [2022-11-10T01:24:31.132+0000] {dag.py:2573} INFO - Sync 1 DAGs
[2022-11-10T01:24:31.147+0000] {logging_mixin.py:117} INFO - [2022-11-10T01:24:31.147+0000] {dag.py:3328} INFO - Setting next_dagrun for tutorial_taskflow_api to None, run_after=None
[2022-11-10T01:24:31.161+0000] {processor.py:178} INFO - Processing /home/airflow/.local/lib/python3.7/site-packages/airflow/example_dags/tutorial_taskflow_api.py took 0.083 seconds
[2022-11-10T02:29:04.145+0000] {processor.py:156} INFO - Started process (PID=12636) to work on /home/airflow/.local/lib/python3.7/site-packages/airflow/example_dags/tutorial_taskflow_api.py
[2022-11-10T02:29:04.147+0000] {processor.py:758} INFO - Processing file /home/airflow/.local/lib/python3.7/site-packages/airflow/example_dags/tutorial_taskflow_api.py for tasks to queue
[2022-11-10T02:29:04.151+0000] {logging_mixin.py:117} INFO - [2022-11-10T02:29:04.151+0000] {dagbag.py:525} INFO - Filling up the DagBag from /home/airflow/.local/lib/python3.7/site-packages/airflow/example_dags/tutorial_taskflow_api.py
[2022-11-10T02:29:04.171+0000] {processor.py:768} INFO - DAG(s) dict_keys(['tutorial_taskflow_api']) retrieved from /home/airflow/.local/lib/python3.7/site-packages/airflow/example_dags/tutorial_taskflow_api.py
[2022-11-10T02:29:04.224+0000] {logging_mixin.py:117} INFO - [2022-11-10T02:29:04.224+0000] {dag.py:2573} INFO - Sync 1 DAGs
[2022-11-10T02:29:04.257+0000] {logging_mixin.py:117} INFO - [2022-11-10T02:29:04.257+0000] {dag.py:3328} INFO - Setting next_dagrun for tutorial_taskflow_api to None, run_after=None
[2022-11-10T02:29:04.288+0000] {processor.py:178} INFO - Processing /home/airflow/.local/lib/python3.7/site-packages/airflow/example_dags/tutorial_taskflow_api.py took 0.147 seconds
[2022-11-10T03:35:45.097+0000] {processor.py:156} INFO - Started process (PID=12699) to work on /home/airflow/.local/lib/python3.7/site-packages/airflow/example_dags/tutorial_taskflow_api.py
[2022-11-10T03:35:45.101+0000] {processor.py:758} INFO - Processing file /home/airflow/.local/lib/python3.7/site-packages/airflow/example_dags/tutorial_taskflow_api.py for tasks to queue
[2022-11-10T03:35:45.102+0000] {logging_mixin.py:117} INFO - [2022-11-10T03:35:45.101+0000] {dagbag.py:525} INFO - Filling up the DagBag from /home/airflow/.local/lib/python3.7/site-packages/airflow/example_dags/tutorial_taskflow_api.py
[2022-11-10T03:35:45.123+0000] {processor.py:768} INFO - DAG(s) dict_keys(['tutorial_taskflow_api']) retrieved from /home/airflow/.local/lib/python3.7/site-packages/airflow/example_dags/tutorial_taskflow_api.py
[2022-11-10T03:35:45.231+0000] {logging_mixin.py:117} INFO - [2022-11-10T03:35:45.231+0000] {dag.py:2573} INFO - Sync 1 DAGs
[2022-11-10T03:35:45.314+0000] {logging_mixin.py:117} INFO - [2022-11-10T03:35:45.314+0000] {dag.py:3328} INFO - Setting next_dagrun for tutorial_taskflow_api to None, run_after=None
[2022-11-10T03:35:45.341+0000] {processor.py:178} INFO - Processing /home/airflow/.local/lib/python3.7/site-packages/airflow/example_dags/tutorial_taskflow_api.py took 0.248 seconds
[2022-11-10T04:59:22.250+0000] {processor.py:156} INFO - Started process (PID=12754) to work on /home/airflow/.local/lib/python3.7/site-packages/airflow/example_dags/tutorial_taskflow_api.py
[2022-11-10T04:59:22.253+0000] {processor.py:758} INFO - Processing file /home/airflow/.local/lib/python3.7/site-packages/airflow/example_dags/tutorial_taskflow_api.py for tasks to queue
[2022-11-10T04:59:22.255+0000] {logging_mixin.py:117} INFO - [2022-11-10T04:59:22.255+0000] {dagbag.py:525} INFO - Filling up the DagBag from /home/airflow/.local/lib/python3.7/site-packages/airflow/example_dags/tutorial_taskflow_api.py
[2022-11-10T04:59:22.321+0000] {processor.py:768} INFO - DAG(s) dict_keys(['tutorial_taskflow_api']) retrieved from /home/airflow/.local/lib/python3.7/site-packages/airflow/example_dags/tutorial_taskflow_api.py
[2022-11-10T04:59:22.464+0000] {logging_mixin.py:117} INFO - [2022-11-10T04:59:22.463+0000] {dag.py:2573} INFO - Sync 1 DAGs
[2022-11-10T04:59:22.504+0000] {logging_mixin.py:117} INFO - [2022-11-10T04:59:22.504+0000] {dag.py:3328} INFO - Setting next_dagrun for tutorial_taskflow_api to None, run_after=None
[2022-11-10T04:59:22.578+0000] {processor.py:178} INFO - Processing /home/airflow/.local/lib/python3.7/site-packages/airflow/example_dags/tutorial_taskflow_api.py took 0.335 seconds
[2022-11-10T06:22:27.667+0000] {processor.py:156} INFO - Started process (PID=12818) to work on /home/airflow/.local/lib/python3.7/site-packages/airflow/example_dags/tutorial_taskflow_api.py
[2022-11-10T06:22:27.670+0000] {processor.py:758} INFO - Processing file /home/airflow/.local/lib/python3.7/site-packages/airflow/example_dags/tutorial_taskflow_api.py for tasks to queue
[2022-11-10T06:22:27.672+0000] {logging_mixin.py:117} INFO - [2022-11-10T06:22:27.672+0000] {dagbag.py:525} INFO - Filling up the DagBag from /home/airflow/.local/lib/python3.7/site-packages/airflow/example_dags/tutorial_taskflow_api.py
[2022-11-10T06:22:27.700+0000] {processor.py:768} INFO - DAG(s) dict_keys(['tutorial_taskflow_api']) retrieved from /home/airflow/.local/lib/python3.7/site-packages/airflow/example_dags/tutorial_taskflow_api.py
[2022-11-10T06:22:27.781+0000] {logging_mixin.py:117} INFO - [2022-11-10T06:22:27.781+0000] {dag.py:2573} INFO - Sync 1 DAGs
[2022-11-10T06:22:27.814+0000] {logging_mixin.py:117} INFO - [2022-11-10T06:22:27.813+0000] {dag.py:3328} INFO - Setting next_dagrun for tutorial_taskflow_api to None, run_after=None
[2022-11-10T06:22:27.853+0000] {processor.py:178} INFO - Processing /home/airflow/.local/lib/python3.7/site-packages/airflow/example_dags/tutorial_taskflow_api.py took 0.199 seconds
[2022-11-10T08:00:47.157+0000] {processor.py:156} INFO - Started process (PID=12872) to work on /home/airflow/.local/lib/python3.7/site-packages/airflow/example_dags/tutorial_taskflow_api.py
[2022-11-10T08:00:47.160+0000] {processor.py:758} INFO - Processing file /home/airflow/.local/lib/python3.7/site-packages/airflow/example_dags/tutorial_taskflow_api.py for tasks to queue
[2022-11-10T08:00:47.167+0000] {logging_mixin.py:117} INFO - [2022-11-10T08:00:47.167+0000] {dagbag.py:525} INFO - Filling up the DagBag from /home/airflow/.local/lib/python3.7/site-packages/airflow/example_dags/tutorial_taskflow_api.py
[2022-11-10T08:00:47.194+0000] {processor.py:768} INFO - DAG(s) dict_keys(['tutorial_taskflow_api']) retrieved from /home/airflow/.local/lib/python3.7/site-packages/airflow/example_dags/tutorial_taskflow_api.py
[2022-11-10T08:00:47.262+0000] {logging_mixin.py:117} INFO - [2022-11-10T08:00:47.262+0000] {dag.py:2573} INFO - Sync 1 DAGs
[2022-11-10T08:00:47.295+0000] {logging_mixin.py:117} INFO - [2022-11-10T08:00:47.295+0000] {dag.py:3328} INFO - Setting next_dagrun for tutorial_taskflow_api to None, run_after=None
[2022-11-10T08:00:47.314+0000] {processor.py:178} INFO - Processing /home/airflow/.local/lib/python3.7/site-packages/airflow/example_dags/tutorial_taskflow_api.py took 0.161 seconds
[2022-11-10T09:22:59.494+0000] {processor.py:156} INFO - Started process (PID=12926) to work on /home/airflow/.local/lib/python3.7/site-packages/airflow/example_dags/tutorial_taskflow_api.py
[2022-11-10T09:22:59.496+0000] {processor.py:758} INFO - Processing file /home/airflow/.local/lib/python3.7/site-packages/airflow/example_dags/tutorial_taskflow_api.py for tasks to queue
[2022-11-10T09:22:59.498+0000] {logging_mixin.py:117} INFO - [2022-11-10T09:22:59.498+0000] {dagbag.py:525} INFO - Filling up the DagBag from /home/airflow/.local/lib/python3.7/site-packages/airflow/example_dags/tutorial_taskflow_api.py
[2022-11-10T09:22:59.556+0000] {processor.py:768} INFO - DAG(s) dict_keys(['tutorial_taskflow_api']) retrieved from /home/airflow/.local/lib/python3.7/site-packages/airflow/example_dags/tutorial_taskflow_api.py
[2022-11-10T09:22:59.669+0000] {logging_mixin.py:117} INFO - [2022-11-10T09:22:59.669+0000] {dag.py:2573} INFO - Sync 1 DAGs
[2022-11-10T09:22:59.762+0000] {logging_mixin.py:117} INFO - [2022-11-10T09:22:59.762+0000] {dag.py:3328} INFO - Setting next_dagrun for tutorial_taskflow_api to None, run_after=None
[2022-11-10T09:22:59.862+0000] {processor.py:178} INFO - Processing /home/airflow/.local/lib/python3.7/site-packages/airflow/example_dags/tutorial_taskflow_api.py took 0.372 seconds
[2022-11-10T10:48:40.549+0000] {processor.py:156} INFO - Started process (PID=12988) to work on /home/airflow/.local/lib/python3.7/site-packages/airflow/example_dags/tutorial_taskflow_api.py
[2022-11-10T10:48:40.559+0000] {processor.py:758} INFO - Processing file /home/airflow/.local/lib/python3.7/site-packages/airflow/example_dags/tutorial_taskflow_api.py for tasks to queue
[2022-11-10T10:48:40.567+0000] {logging_mixin.py:117} INFO - [2022-11-10T10:48:40.567+0000] {dagbag.py:525} INFO - Filling up the DagBag from /home/airflow/.local/lib/python3.7/site-packages/airflow/example_dags/tutorial_taskflow_api.py
[2022-11-10T10:48:40.796+0000] {processor.py:768} INFO - DAG(s) dict_keys(['tutorial_taskflow_api']) retrieved from /home/airflow/.local/lib/python3.7/site-packages/airflow/example_dags/tutorial_taskflow_api.py
[2022-11-10T10:48:41.142+0000] {logging_mixin.py:117} INFO - [2022-11-10T10:48:41.137+0000] {dag.py:2573} INFO - Sync 1 DAGs
[2022-11-10T10:48:41.289+0000] {logging_mixin.py:117} INFO - [2022-11-10T10:48:41.289+0000] {dag.py:3328} INFO - Setting next_dagrun for tutorial_taskflow_api to None, run_after=None
[2022-11-10T10:48:41.417+0000] {processor.py:178} INFO - Processing /home/airflow/.local/lib/python3.7/site-packages/airflow/example_dags/tutorial_taskflow_api.py took 0.886 seconds
[2022-11-10T12:10:55.667+0000] {processor.py:156} INFO - Started process (PID=13044) to work on /home/airflow/.local/lib/python3.7/site-packages/airflow/example_dags/tutorial_taskflow_api.py
[2022-11-10T12:10:55.682+0000] {processor.py:758} INFO - Processing file /home/airflow/.local/lib/python3.7/site-packages/airflow/example_dags/tutorial_taskflow_api.py for tasks to queue
[2022-11-10T12:10:55.686+0000] {logging_mixin.py:117} INFO - [2022-11-10T12:10:55.686+0000] {dagbag.py:525} INFO - Filling up the DagBag from /home/airflow/.local/lib/python3.7/site-packages/airflow/example_dags/tutorial_taskflow_api.py
[2022-11-10T12:10:56.031+0000] {processor.py:768} INFO - DAG(s) dict_keys(['tutorial_taskflow_api']) retrieved from /home/airflow/.local/lib/python3.7/site-packages/airflow/example_dags/tutorial_taskflow_api.py
[2022-11-10T12:10:56.675+0000] {logging_mixin.py:117} INFO - [2022-11-10T12:10:56.673+0000] {dag.py:2573} INFO - Sync 1 DAGs
[2022-11-10T12:10:56.798+0000] {logging_mixin.py:117} INFO - [2022-11-10T12:10:56.797+0000] {dag.py:3328} INFO - Setting next_dagrun for tutorial_taskflow_api to None, run_after=None
[2022-11-10T12:10:56.872+0000] {processor.py:178} INFO - Processing /home/airflow/.local/lib/python3.7/site-packages/airflow/example_dags/tutorial_taskflow_api.py took 1.315 seconds
[2022-11-10T13:33:25.233+0000] {processor.py:156} INFO - Started process (PID=13100) to work on /home/airflow/.local/lib/python3.7/site-packages/airflow/example_dags/tutorial_taskflow_api.py
[2022-11-10T13:33:25.235+0000] {processor.py:758} INFO - Processing file /home/airflow/.local/lib/python3.7/site-packages/airflow/example_dags/tutorial_taskflow_api.py for tasks to queue
[2022-11-10T13:33:25.237+0000] {logging_mixin.py:117} INFO - [2022-11-10T13:33:25.237+0000] {dagbag.py:525} INFO - Filling up the DagBag from /home/airflow/.local/lib/python3.7/site-packages/airflow/example_dags/tutorial_taskflow_api.py
[2022-11-10T13:33:25.292+0000] {processor.py:768} INFO - DAG(s) dict_keys(['tutorial_taskflow_api']) retrieved from /home/airflow/.local/lib/python3.7/site-packages/airflow/example_dags/tutorial_taskflow_api.py
[2022-11-10T13:33:25.406+0000] {logging_mixin.py:117} INFO - [2022-11-10T13:33:25.406+0000] {dag.py:2573} INFO - Sync 1 DAGs
[2022-11-10T13:33:25.501+0000] {logging_mixin.py:117} INFO - [2022-11-10T13:33:25.500+0000] {dag.py:3328} INFO - Setting next_dagrun for tutorial_taskflow_api to None, run_after=None
[2022-11-10T13:33:25.554+0000] {processor.py:178} INFO - Processing /home/airflow/.local/lib/python3.7/site-packages/airflow/example_dags/tutorial_taskflow_api.py took 0.323 seconds
[2022-11-10T14:37:14.792+0000] {processor.py:156} INFO - Started process (PID=13154) to work on /home/airflow/.local/lib/python3.7/site-packages/airflow/example_dags/tutorial_taskflow_api.py
[2022-11-10T14:37:14.801+0000] {processor.py:758} INFO - Processing file /home/airflow/.local/lib/python3.7/site-packages/airflow/example_dags/tutorial_taskflow_api.py for tasks to queue
[2022-11-10T14:37:14.803+0000] {logging_mixin.py:117} INFO - [2022-11-10T14:37:14.803+0000] {dagbag.py:525} INFO - Filling up the DagBag from /home/airflow/.local/lib/python3.7/site-packages/airflow/example_dags/tutorial_taskflow_api.py
[2022-11-10T14:37:14.857+0000] {processor.py:768} INFO - DAG(s) dict_keys(['tutorial_taskflow_api']) retrieved from /home/airflow/.local/lib/python3.7/site-packages/airflow/example_dags/tutorial_taskflow_api.py
[2022-11-10T14:37:15.024+0000] {logging_mixin.py:117} INFO - [2022-11-10T14:37:15.023+0000] {dag.py:2573} INFO - Sync 1 DAGs
[2022-11-10T14:37:15.119+0000] {logging_mixin.py:117} INFO - [2022-11-10T14:37:15.118+0000] {dag.py:3328} INFO - Setting next_dagrun for tutorial_taskflow_api to None, run_after=None
[2022-11-10T14:37:15.307+0000] {processor.py:178} INFO - Processing /home/airflow/.local/lib/python3.7/site-packages/airflow/example_dags/tutorial_taskflow_api.py took 0.521 seconds
[2022-11-10T14:45:40.439+0000] {processor.py:156} INFO - Started process (PID=13209) to work on /home/airflow/.local/lib/python3.7/site-packages/airflow/example_dags/tutorial_taskflow_api.py
[2022-11-10T14:45:40.443+0000] {processor.py:758} INFO - Processing file /home/airflow/.local/lib/python3.7/site-packages/airflow/example_dags/tutorial_taskflow_api.py for tasks to queue
[2022-11-10T14:45:40.445+0000] {logging_mixin.py:117} INFO - [2022-11-10T14:45:40.445+0000] {dagbag.py:525} INFO - Filling up the DagBag from /home/airflow/.local/lib/python3.7/site-packages/airflow/example_dags/tutorial_taskflow_api.py
[2022-11-10T14:45:40.476+0000] {processor.py:768} INFO - DAG(s) dict_keys(['tutorial_taskflow_api']) retrieved from /home/airflow/.local/lib/python3.7/site-packages/airflow/example_dags/tutorial_taskflow_api.py
[2022-11-10T14:45:40.513+0000] {logging_mixin.py:117} INFO - [2022-11-10T14:45:40.512+0000] {dag.py:2573} INFO - Sync 1 DAGs
[2022-11-10T14:45:40.533+0000] {logging_mixin.py:117} INFO - [2022-11-10T14:45:40.533+0000] {dag.py:3328} INFO - Setting next_dagrun for tutorial_taskflow_api to None, run_after=None
[2022-11-10T14:45:40.544+0000] {processor.py:178} INFO - Processing /home/airflow/.local/lib/python3.7/site-packages/airflow/example_dags/tutorial_taskflow_api.py took 0.110 seconds
[2022-11-10T15:04:40.338+0000] {processor.py:156} INFO - Started process (PID=13273) to work on /home/airflow/.local/lib/python3.7/site-packages/airflow/example_dags/tutorial_taskflow_api.py
[2022-11-10T15:04:40.362+0000] {processor.py:758} INFO - Processing file /home/airflow/.local/lib/python3.7/site-packages/airflow/example_dags/tutorial_taskflow_api.py for tasks to queue
[2022-11-10T15:04:40.370+0000] {logging_mixin.py:117} INFO - [2022-11-10T15:04:40.369+0000] {dagbag.py:525} INFO - Filling up the DagBag from /home/airflow/.local/lib/python3.7/site-packages/airflow/example_dags/tutorial_taskflow_api.py
[2022-11-10T15:04:40.485+0000] {processor.py:768} INFO - DAG(s) dict_keys(['tutorial_taskflow_api']) retrieved from /home/airflow/.local/lib/python3.7/site-packages/airflow/example_dags/tutorial_taskflow_api.py
[2022-11-10T15:04:40.593+0000] {logging_mixin.py:117} INFO - [2022-11-10T15:04:40.593+0000] {dag.py:2573} INFO - Sync 1 DAGs
[2022-11-10T15:04:40.642+0000] {logging_mixin.py:117} INFO - [2022-11-10T15:04:40.642+0000] {dag.py:3328} INFO - Setting next_dagrun for tutorial_taskflow_api to None, run_after=None
[2022-11-10T15:04:40.692+0000] {processor.py:178} INFO - Processing /home/airflow/.local/lib/python3.7/site-packages/airflow/example_dags/tutorial_taskflow_api.py took 0.405 seconds
[2022-11-10T16:10:34.771+0000] {processor.py:156} INFO - Started process (PID=13328) to work on /home/airflow/.local/lib/python3.7/site-packages/airflow/example_dags/tutorial_taskflow_api.py
[2022-11-10T16:10:34.777+0000] {processor.py:758} INFO - Processing file /home/airflow/.local/lib/python3.7/site-packages/airflow/example_dags/tutorial_taskflow_api.py for tasks to queue
[2022-11-10T16:10:34.779+0000] {logging_mixin.py:117} INFO - [2022-11-10T16:10:34.778+0000] {dagbag.py:525} INFO - Filling up the DagBag from /home/airflow/.local/lib/python3.7/site-packages/airflow/example_dags/tutorial_taskflow_api.py
[2022-11-10T16:10:34.831+0000] {processor.py:768} INFO - DAG(s) dict_keys(['tutorial_taskflow_api']) retrieved from /home/airflow/.local/lib/python3.7/site-packages/airflow/example_dags/tutorial_taskflow_api.py
[2022-11-10T16:10:34.907+0000] {logging_mixin.py:117} INFO - [2022-11-10T16:10:34.907+0000] {dag.py:2573} INFO - Sync 1 DAGs
[2022-11-10T16:10:34.942+0000] {logging_mixin.py:117} INFO - [2022-11-10T16:10:34.942+0000] {dag.py:3328} INFO - Setting next_dagrun for tutorial_taskflow_api to None, run_after=None
[2022-11-10T16:10:34.976+0000] {processor.py:178} INFO - Processing /home/airflow/.local/lib/python3.7/site-packages/airflow/example_dags/tutorial_taskflow_api.py took 0.213 seconds
[2022-11-10T17:34:37.342+0000] {processor.py:156} INFO - Started process (PID=13382) to work on /home/airflow/.local/lib/python3.7/site-packages/airflow/example_dags/tutorial_taskflow_api.py
[2022-11-10T17:34:37.346+0000] {processor.py:758} INFO - Processing file /home/airflow/.local/lib/python3.7/site-packages/airflow/example_dags/tutorial_taskflow_api.py for tasks to queue
[2022-11-10T17:34:37.364+0000] {logging_mixin.py:117} INFO - [2022-11-10T17:34:37.363+0000] {dagbag.py:525} INFO - Filling up the DagBag from /home/airflow/.local/lib/python3.7/site-packages/airflow/example_dags/tutorial_taskflow_api.py
[2022-11-10T17:34:37.423+0000] {processor.py:768} INFO - DAG(s) dict_keys(['tutorial_taskflow_api']) retrieved from /home/airflow/.local/lib/python3.7/site-packages/airflow/example_dags/tutorial_taskflow_api.py
[2022-11-10T17:34:37.772+0000] {logging_mixin.py:117} INFO - [2022-11-10T17:34:37.770+0000] {dag.py:2573} INFO - Sync 1 DAGs
[2022-11-10T17:34:37.821+0000] {logging_mixin.py:117} INFO - [2022-11-10T17:34:37.821+0000] {dag.py:3328} INFO - Setting next_dagrun for tutorial_taskflow_api to None, run_after=None
[2022-11-10T17:34:37.884+0000] {processor.py:178} INFO - Processing /home/airflow/.local/lib/python3.7/site-packages/airflow/example_dags/tutorial_taskflow_api.py took 0.550 seconds
[2022-11-10T18:57:08.836+0000] {processor.py:156} INFO - Started process (PID=13444) to work on /home/airflow/.local/lib/python3.7/site-packages/airflow/example_dags/tutorial_taskflow_api.py
[2022-11-10T18:57:08.840+0000] {processor.py:758} INFO - Processing file /home/airflow/.local/lib/python3.7/site-packages/airflow/example_dags/tutorial_taskflow_api.py for tasks to queue
[2022-11-10T18:57:08.841+0000] {logging_mixin.py:117} INFO - [2022-11-10T18:57:08.841+0000] {dagbag.py:525} INFO - Filling up the DagBag from /home/airflow/.local/lib/python3.7/site-packages/airflow/example_dags/tutorial_taskflow_api.py
[2022-11-10T18:57:08.883+0000] {processor.py:768} INFO - DAG(s) dict_keys(['tutorial_taskflow_api']) retrieved from /home/airflow/.local/lib/python3.7/site-packages/airflow/example_dags/tutorial_taskflow_api.py
[2022-11-10T18:57:08.968+0000] {logging_mixin.py:117} INFO - [2022-11-10T18:57:08.968+0000] {dag.py:2573} INFO - Sync 1 DAGs
[2022-11-10T18:57:09.007+0000] {logging_mixin.py:117} INFO - [2022-11-10T18:57:09.007+0000] {dag.py:3328} INFO - Setting next_dagrun for tutorial_taskflow_api to None, run_after=None
[2022-11-10T18:57:09.057+0000] {processor.py:178} INFO - Processing /home/airflow/.local/lib/python3.7/site-packages/airflow/example_dags/tutorial_taskflow_api.py took 0.231 seconds
[2022-11-10T19:05:30.598+0000] {processor.py:156} INFO - Started process (PID=13502) to work on /home/airflow/.local/lib/python3.7/site-packages/airflow/example_dags/tutorial_taskflow_api.py
[2022-11-10T19:05:30.600+0000] {processor.py:758} INFO - Processing file /home/airflow/.local/lib/python3.7/site-packages/airflow/example_dags/tutorial_taskflow_api.py for tasks to queue
[2022-11-10T19:05:30.601+0000] {logging_mixin.py:117} INFO - [2022-11-10T19:05:30.601+0000] {dagbag.py:525} INFO - Filling up the DagBag from /home/airflow/.local/lib/python3.7/site-packages/airflow/example_dags/tutorial_taskflow_api.py
[2022-11-10T19:05:30.621+0000] {processor.py:768} INFO - DAG(s) dict_keys(['tutorial_taskflow_api']) retrieved from /home/airflow/.local/lib/python3.7/site-packages/airflow/example_dags/tutorial_taskflow_api.py
[2022-11-10T19:05:30.672+0000] {logging_mixin.py:117} INFO - [2022-11-10T19:05:30.672+0000] {dag.py:2573} INFO - Sync 1 DAGs
[2022-11-10T19:05:30.714+0000] {logging_mixin.py:117} INFO - [2022-11-10T19:05:30.714+0000] {dag.py:3328} INFO - Setting next_dagrun for tutorial_taskflow_api to None, run_after=None
[2022-11-10T19:05:30.741+0000] {processor.py:178} INFO - Processing /home/airflow/.local/lib/python3.7/site-packages/airflow/example_dags/tutorial_taskflow_api.py took 0.145 seconds
[2022-11-10T20:13:38.813+0000] {processor.py:156} INFO - Started process (PID=13566) to work on /home/airflow/.local/lib/python3.7/site-packages/airflow/example_dags/tutorial_taskflow_api.py
[2022-11-10T20:13:38.817+0000] {processor.py:758} INFO - Processing file /home/airflow/.local/lib/python3.7/site-packages/airflow/example_dags/tutorial_taskflow_api.py for tasks to queue
[2022-11-10T20:13:38.818+0000] {logging_mixin.py:117} INFO - [2022-11-10T20:13:38.818+0000] {dagbag.py:525} INFO - Filling up the DagBag from /home/airflow/.local/lib/python3.7/site-packages/airflow/example_dags/tutorial_taskflow_api.py
[2022-11-10T20:13:38.896+0000] {processor.py:768} INFO - DAG(s) dict_keys(['tutorial_taskflow_api']) retrieved from /home/airflow/.local/lib/python3.7/site-packages/airflow/example_dags/tutorial_taskflow_api.py
[2022-11-10T20:13:39.018+0000] {logging_mixin.py:117} INFO - [2022-11-10T20:13:39.018+0000] {dag.py:2573} INFO - Sync 1 DAGs
[2022-11-10T20:13:39.067+0000] {logging_mixin.py:117} INFO - [2022-11-10T20:13:39.067+0000] {dag.py:3328} INFO - Setting next_dagrun for tutorial_taskflow_api to None, run_after=None
[2022-11-10T20:13:39.125+0000] {processor.py:178} INFO - Processing /home/airflow/.local/lib/python3.7/site-packages/airflow/example_dags/tutorial_taskflow_api.py took 0.314 seconds
[2022-11-10T21:37:11.453+0000] {processor.py:156} INFO - Started process (PID=13620) to work on /home/airflow/.local/lib/python3.7/site-packages/airflow/example_dags/tutorial_taskflow_api.py
[2022-11-10T21:37:11.457+0000] {processor.py:758} INFO - Processing file /home/airflow/.local/lib/python3.7/site-packages/airflow/example_dags/tutorial_taskflow_api.py for tasks to queue
[2022-11-10T21:37:11.459+0000] {logging_mixin.py:117} INFO - [2022-11-10T21:37:11.459+0000] {dagbag.py:525} INFO - Filling up the DagBag from /home/airflow/.local/lib/python3.7/site-packages/airflow/example_dags/tutorial_taskflow_api.py
[2022-11-10T21:37:11.490+0000] {processor.py:768} INFO - DAG(s) dict_keys(['tutorial_taskflow_api']) retrieved from /home/airflow/.local/lib/python3.7/site-packages/airflow/example_dags/tutorial_taskflow_api.py
[2022-11-10T21:37:11.544+0000] {logging_mixin.py:117} INFO - [2022-11-10T21:37:11.544+0000] {dag.py:2573} INFO - Sync 1 DAGs
[2022-11-10T21:37:11.566+0000] {logging_mixin.py:117} INFO - [2022-11-10T21:37:11.565+0000] {dag.py:3328} INFO - Setting next_dagrun for tutorial_taskflow_api to None, run_after=None
[2022-11-10T21:37:11.592+0000] {processor.py:178} INFO - Processing /home/airflow/.local/lib/python3.7/site-packages/airflow/example_dags/tutorial_taskflow_api.py took 0.143 seconds
[2022-11-10T23:18:14.241+0000] {processor.py:156} INFO - Started process (PID=13685) to work on /home/airflow/.local/lib/python3.7/site-packages/airflow/example_dags/tutorial_taskflow_api.py
[2022-11-10T23:18:14.246+0000] {processor.py:758} INFO - Processing file /home/airflow/.local/lib/python3.7/site-packages/airflow/example_dags/tutorial_taskflow_api.py for tasks to queue
[2022-11-10T23:18:14.249+0000] {logging_mixin.py:117} INFO - [2022-11-10T23:18:14.248+0000] {dagbag.py:525} INFO - Filling up the DagBag from /home/airflow/.local/lib/python3.7/site-packages/airflow/example_dags/tutorial_taskflow_api.py
[2022-11-10T23:18:14.286+0000] {processor.py:768} INFO - DAG(s) dict_keys(['tutorial_taskflow_api']) retrieved from /home/airflow/.local/lib/python3.7/site-packages/airflow/example_dags/tutorial_taskflow_api.py
[2022-11-10T23:18:14.375+0000] {logging_mixin.py:117} INFO - [2022-11-10T23:18:14.374+0000] {dag.py:2573} INFO - Sync 1 DAGs
[2022-11-10T23:18:14.428+0000] {logging_mixin.py:117} INFO - [2022-11-10T23:18:14.428+0000] {dag.py:3328} INFO - Setting next_dagrun for tutorial_taskflow_api to None, run_after=None
[2022-11-10T23:18:14.461+0000] {processor.py:178} INFO - Processing /home/airflow/.local/lib/python3.7/site-packages/airflow/example_dags/tutorial_taskflow_api.py took 0.225 seconds
