[2022-11-10T00:02:15.255+0000] {processor.py:156} INFO - Started process (PID=12542) to work on /home/airflow/.local/lib/python3.7/site-packages/airflow/example_dags/tutorial_dag.py
[2022-11-10T00:02:15.257+0000] {processor.py:758} INFO - Processing file /home/airflow/.local/lib/python3.7/site-packages/airflow/example_dags/tutorial_dag.py for tasks to queue
[2022-11-10T00:02:15.259+0000] {logging_mixin.py:117} INFO - [2022-11-10T00:02:15.259+0000] {dagbag.py:525} INFO - Filling up the DagBag from /home/airflow/.local/lib/python3.7/site-packages/airflow/example_dags/tutorial_dag.py
[2022-11-10T00:02:15.276+0000] {processor.py:768} INFO - DAG(s) dict_keys(['tutorial_dag']) retrieved from /home/airflow/.local/lib/python3.7/site-packages/airflow/example_dags/tutorial_dag.py
[2022-11-10T00:02:15.315+0000] {logging_mixin.py:117} INFO - [2022-11-10T00:02:15.315+0000] {dag.py:2573} INFO - Sync 1 DAGs
[2022-11-10T00:02:15.339+0000] {logging_mixin.py:117} INFO - [2022-11-10T00:02:15.338+0000] {dag.py:3328} INFO - Setting next_dagrun for tutorial_dag to None, run_after=None
[2022-11-10T00:02:15.368+0000] {processor.py:178} INFO - Processing /home/airflow/.local/lib/python3.7/site-packages/airflow/example_dags/tutorial_dag.py took 0.119 seconds
[2022-11-10T01:24:33.984+0000] {processor.py:156} INFO - Started process (PID=12606) to work on /home/airflow/.local/lib/python3.7/site-packages/airflow/example_dags/tutorial_dag.py
[2022-11-10T01:24:33.987+0000] {processor.py:758} INFO - Processing file /home/airflow/.local/lib/python3.7/site-packages/airflow/example_dags/tutorial_dag.py for tasks to queue
[2022-11-10T01:24:33.989+0000] {logging_mixin.py:117} INFO - [2022-11-10T01:24:33.989+0000] {dagbag.py:525} INFO - Filling up the DagBag from /home/airflow/.local/lib/python3.7/site-packages/airflow/example_dags/tutorial_dag.py
[2022-11-10T01:24:34.001+0000] {processor.py:768} INFO - DAG(s) dict_keys(['tutorial_dag']) retrieved from /home/airflow/.local/lib/python3.7/site-packages/airflow/example_dags/tutorial_dag.py
[2022-11-10T01:24:34.035+0000] {logging_mixin.py:117} INFO - [2022-11-10T01:24:34.035+0000] {dag.py:2573} INFO - Sync 1 DAGs
[2022-11-10T01:24:34.051+0000] {logging_mixin.py:117} INFO - [2022-11-10T01:24:34.051+0000] {dag.py:3328} INFO - Setting next_dagrun for tutorial_dag to None, run_after=None
[2022-11-10T01:24:34.069+0000] {processor.py:178} INFO - Processing /home/airflow/.local/lib/python3.7/site-packages/airflow/example_dags/tutorial_dag.py took 0.089 seconds
[2022-11-10T02:29:08.985+0000] {processor.py:156} INFO - Started process (PID=12669) to work on /home/airflow/.local/lib/python3.7/site-packages/airflow/example_dags/tutorial_dag.py
[2022-11-10T02:29:08.995+0000] {processor.py:758} INFO - Processing file /home/airflow/.local/lib/python3.7/site-packages/airflow/example_dags/tutorial_dag.py for tasks to queue
[2022-11-10T02:29:08.999+0000] {logging_mixin.py:117} INFO - [2022-11-10T02:29:08.998+0000] {dagbag.py:525} INFO - Filling up the DagBag from /home/airflow/.local/lib/python3.7/site-packages/airflow/example_dags/tutorial_dag.py
[2022-11-10T02:29:09.041+0000] {processor.py:768} INFO - DAG(s) dict_keys(['tutorial_dag']) retrieved from /home/airflow/.local/lib/python3.7/site-packages/airflow/example_dags/tutorial_dag.py
[2022-11-10T02:29:09.121+0000] {logging_mixin.py:117} INFO - [2022-11-10T02:29:09.121+0000] {dag.py:2573} INFO - Sync 1 DAGs
[2022-11-10T02:29:09.157+0000] {logging_mixin.py:117} INFO - [2022-11-10T02:29:09.157+0000] {dag.py:3328} INFO - Setting next_dagrun for tutorial_dag to None, run_after=None
[2022-11-10T02:29:09.186+0000] {processor.py:178} INFO - Processing /home/airflow/.local/lib/python3.7/site-packages/airflow/example_dags/tutorial_dag.py took 0.207 seconds
[2022-11-10T03:35:48.045+0000] {processor.py:156} INFO - Started process (PID=12724) to work on /home/airflow/.local/lib/python3.7/site-packages/airflow/example_dags/tutorial_dag.py
[2022-11-10T03:35:48.047+0000] {processor.py:758} INFO - Processing file /home/airflow/.local/lib/python3.7/site-packages/airflow/example_dags/tutorial_dag.py for tasks to queue
[2022-11-10T03:35:48.049+0000] {logging_mixin.py:117} INFO - [2022-11-10T03:35:48.049+0000] {dagbag.py:525} INFO - Filling up the DagBag from /home/airflow/.local/lib/python3.7/site-packages/airflow/example_dags/tutorial_dag.py
[2022-11-10T03:35:48.060+0000] {processor.py:768} INFO - DAG(s) dict_keys(['tutorial_dag']) retrieved from /home/airflow/.local/lib/python3.7/site-packages/airflow/example_dags/tutorial_dag.py
[2022-11-10T03:35:48.103+0000] {logging_mixin.py:117} INFO - [2022-11-10T03:35:48.103+0000] {dag.py:2573} INFO - Sync 1 DAGs
[2022-11-10T03:35:48.119+0000] {logging_mixin.py:117} INFO - [2022-11-10T03:35:48.119+0000] {dag.py:3328} INFO - Setting next_dagrun for tutorial_dag to None, run_after=None
[2022-11-10T03:35:48.136+0000] {processor.py:178} INFO - Processing /home/airflow/.local/lib/python3.7/site-packages/airflow/example_dags/tutorial_dag.py took 0.093 seconds
[2022-11-10T04:59:31.332+0000] {processor.py:156} INFO - Started process (PID=12788) to work on /home/airflow/.local/lib/python3.7/site-packages/airflow/example_dags/tutorial_dag.py
[2022-11-10T04:59:31.334+0000] {processor.py:758} INFO - Processing file /home/airflow/.local/lib/python3.7/site-packages/airflow/example_dags/tutorial_dag.py for tasks to queue
[2022-11-10T04:59:31.336+0000] {logging_mixin.py:117} INFO - [2022-11-10T04:59:31.336+0000] {dagbag.py:525} INFO - Filling up the DagBag from /home/airflow/.local/lib/python3.7/site-packages/airflow/example_dags/tutorial_dag.py
[2022-11-10T04:59:31.364+0000] {processor.py:768} INFO - DAG(s) dict_keys(['tutorial_dag']) retrieved from /home/airflow/.local/lib/python3.7/site-packages/airflow/example_dags/tutorial_dag.py
[2022-11-10T04:59:31.408+0000] {logging_mixin.py:117} INFO - [2022-11-10T04:59:31.408+0000] {dag.py:2573} INFO - Sync 1 DAGs
[2022-11-10T04:59:31.437+0000] {logging_mixin.py:117} INFO - [2022-11-10T04:59:31.437+0000] {dag.py:3328} INFO - Setting next_dagrun for tutorial_dag to None, run_after=None
[2022-11-10T04:59:31.455+0000] {processor.py:178} INFO - Processing /home/airflow/.local/lib/python3.7/site-packages/airflow/example_dags/tutorial_dag.py took 0.132 seconds
[2022-11-10T06:22:37.407+0000] {processor.py:156} INFO - Started process (PID=12851) to work on /home/airflow/.local/lib/python3.7/site-packages/airflow/example_dags/tutorial_dag.py
[2022-11-10T06:22:37.410+0000] {processor.py:758} INFO - Processing file /home/airflow/.local/lib/python3.7/site-packages/airflow/example_dags/tutorial_dag.py for tasks to queue
[2022-11-10T06:22:37.414+0000] {logging_mixin.py:117} INFO - [2022-11-10T06:22:37.413+0000] {dagbag.py:525} INFO - Filling up the DagBag from /home/airflow/.local/lib/python3.7/site-packages/airflow/example_dags/tutorial_dag.py
[2022-11-10T06:22:37.457+0000] {processor.py:768} INFO - DAG(s) dict_keys(['tutorial_dag']) retrieved from /home/airflow/.local/lib/python3.7/site-packages/airflow/example_dags/tutorial_dag.py
[2022-11-10T06:22:37.649+0000] {logging_mixin.py:117} INFO - [2022-11-10T06:22:37.648+0000] {dag.py:2573} INFO - Sync 1 DAGs
[2022-11-10T06:22:37.776+0000] {logging_mixin.py:117} INFO - [2022-11-10T06:22:37.776+0000] {dag.py:3328} INFO - Setting next_dagrun for tutorial_dag to None, run_after=None
[2022-11-10T06:22:37.834+0000] {processor.py:178} INFO - Processing /home/airflow/.local/lib/python3.7/site-packages/airflow/example_dags/tutorial_dag.py took 0.438 seconds
[2022-11-10T08:00:57.389+0000] {processor.py:156} INFO - Started process (PID=12906) to work on /home/airflow/.local/lib/python3.7/site-packages/airflow/example_dags/tutorial_dag.py
[2022-11-10T08:00:57.395+0000] {processor.py:758} INFO - Processing file /home/airflow/.local/lib/python3.7/site-packages/airflow/example_dags/tutorial_dag.py for tasks to queue
[2022-11-10T08:00:57.397+0000] {logging_mixin.py:117} INFO - [2022-11-10T08:00:57.397+0000] {dagbag.py:525} INFO - Filling up the DagBag from /home/airflow/.local/lib/python3.7/site-packages/airflow/example_dags/tutorial_dag.py
[2022-11-10T08:00:57.420+0000] {processor.py:768} INFO - DAG(s) dict_keys(['tutorial_dag']) retrieved from /home/airflow/.local/lib/python3.7/site-packages/airflow/example_dags/tutorial_dag.py
[2022-11-10T08:00:57.470+0000] {logging_mixin.py:117} INFO - [2022-11-10T08:00:57.470+0000] {dag.py:2573} INFO - Sync 1 DAGs
[2022-11-10T08:00:57.502+0000] {logging_mixin.py:117} INFO - [2022-11-10T08:00:57.502+0000] {dag.py:3328} INFO - Setting next_dagrun for tutorial_dag to None, run_after=None
[2022-11-10T08:00:57.539+0000] {processor.py:178} INFO - Processing /home/airflow/.local/lib/python3.7/site-packages/airflow/example_dags/tutorial_dag.py took 0.154 seconds
[2022-11-10T09:23:13.792+0000] {processor.py:156} INFO - Started process (PID=12959) to work on /home/airflow/.local/lib/python3.7/site-packages/airflow/example_dags/tutorial_dag.py
[2022-11-10T09:23:13.797+0000] {processor.py:758} INFO - Processing file /home/airflow/.local/lib/python3.7/site-packages/airflow/example_dags/tutorial_dag.py for tasks to queue
[2022-11-10T09:23:13.826+0000] {logging_mixin.py:117} INFO - [2022-11-10T09:23:13.826+0000] {dagbag.py:525} INFO - Filling up the DagBag from /home/airflow/.local/lib/python3.7/site-packages/airflow/example_dags/tutorial_dag.py
[2022-11-10T09:23:13.951+0000] {processor.py:768} INFO - DAG(s) dict_keys(['tutorial_dag']) retrieved from /home/airflow/.local/lib/python3.7/site-packages/airflow/example_dags/tutorial_dag.py
[2022-11-10T09:23:14.105+0000] {logging_mixin.py:117} INFO - [2022-11-10T09:23:14.105+0000] {dag.py:2573} INFO - Sync 1 DAGs
[2022-11-10T09:23:14.156+0000] {logging_mixin.py:117} INFO - [2022-11-10T09:23:14.156+0000] {dag.py:3328} INFO - Setting next_dagrun for tutorial_dag to None, run_after=None
[2022-11-10T09:23:14.190+0000] {processor.py:178} INFO - Processing /home/airflow/.local/lib/python3.7/site-packages/airflow/example_dags/tutorial_dag.py took 0.428 seconds
[2022-11-10T10:48:48.819+0000] {processor.py:156} INFO - Started process (PID=13013) to work on /home/airflow/.local/lib/python3.7/site-packages/airflow/example_dags/tutorial_dag.py
[2022-11-10T10:48:48.823+0000] {processor.py:758} INFO - Processing file /home/airflow/.local/lib/python3.7/site-packages/airflow/example_dags/tutorial_dag.py for tasks to queue
[2022-11-10T10:48:48.831+0000] {logging_mixin.py:117} INFO - [2022-11-10T10:48:48.831+0000] {dagbag.py:525} INFO - Filling up the DagBag from /home/airflow/.local/lib/python3.7/site-packages/airflow/example_dags/tutorial_dag.py
[2022-11-10T10:48:48.847+0000] {processor.py:768} INFO - DAG(s) dict_keys(['tutorial_dag']) retrieved from /home/airflow/.local/lib/python3.7/site-packages/airflow/example_dags/tutorial_dag.py
[2022-11-10T10:48:48.927+0000] {logging_mixin.py:117} INFO - [2022-11-10T10:48:48.927+0000] {dag.py:2573} INFO - Sync 1 DAGs
[2022-11-10T10:48:49.023+0000] {logging_mixin.py:117} INFO - [2022-11-10T10:48:49.022+0000] {dag.py:3328} INFO - Setting next_dagrun for tutorial_dag to None, run_after=None
[2022-11-10T10:48:49.059+0000] {processor.py:178} INFO - Processing /home/airflow/.local/lib/python3.7/site-packages/airflow/example_dags/tutorial_dag.py took 0.243 seconds
[2022-11-10T12:11:09.700+0000] {processor.py:156} INFO - Started process (PID=13078) to work on /home/airflow/.local/lib/python3.7/site-packages/airflow/example_dags/tutorial_dag.py
[2022-11-10T12:11:09.705+0000] {processor.py:758} INFO - Processing file /home/airflow/.local/lib/python3.7/site-packages/airflow/example_dags/tutorial_dag.py for tasks to queue
[2022-11-10T12:11:09.706+0000] {logging_mixin.py:117} INFO - [2022-11-10T12:11:09.706+0000] {dagbag.py:525} INFO - Filling up the DagBag from /home/airflow/.local/lib/python3.7/site-packages/airflow/example_dags/tutorial_dag.py
[2022-11-10T12:11:09.716+0000] {processor.py:768} INFO - DAG(s) dict_keys(['tutorial_dag']) retrieved from /home/airflow/.local/lib/python3.7/site-packages/airflow/example_dags/tutorial_dag.py
[2022-11-10T12:11:09.753+0000] {logging_mixin.py:117} INFO - [2022-11-10T12:11:09.753+0000] {dag.py:2573} INFO - Sync 1 DAGs
[2022-11-10T12:11:09.769+0000] {logging_mixin.py:117} INFO - [2022-11-10T12:11:09.769+0000] {dag.py:3328} INFO - Setting next_dagrun for tutorial_dag to None, run_after=None
[2022-11-10T12:11:09.785+0000] {processor.py:178} INFO - Processing /home/airflow/.local/lib/python3.7/site-packages/airflow/example_dags/tutorial_dag.py took 0.087 seconds
[2022-11-10T13:33:30.760+0000] {processor.py:156} INFO - Started process (PID=13125) to work on /home/airflow/.local/lib/python3.7/site-packages/airflow/example_dags/tutorial_dag.py
[2022-11-10T13:33:30.763+0000] {processor.py:758} INFO - Processing file /home/airflow/.local/lib/python3.7/site-packages/airflow/example_dags/tutorial_dag.py for tasks to queue
[2022-11-10T13:33:30.764+0000] {logging_mixin.py:117} INFO - [2022-11-10T13:33:30.764+0000] {dagbag.py:525} INFO - Filling up the DagBag from /home/airflow/.local/lib/python3.7/site-packages/airflow/example_dags/tutorial_dag.py
[2022-11-10T13:33:30.791+0000] {processor.py:768} INFO - DAG(s) dict_keys(['tutorial_dag']) retrieved from /home/airflow/.local/lib/python3.7/site-packages/airflow/example_dags/tutorial_dag.py
[2022-11-10T13:33:30.859+0000] {logging_mixin.py:117} INFO - [2022-11-10T13:33:30.859+0000] {dag.py:2573} INFO - Sync 1 DAGs
[2022-11-10T13:33:30.902+0000] {logging_mixin.py:117} INFO - [2022-11-10T13:33:30.902+0000] {dag.py:3328} INFO - Setting next_dagrun for tutorial_dag to None, run_after=None
[2022-11-10T13:33:30.943+0000] {processor.py:178} INFO - Processing /home/airflow/.local/lib/python3.7/site-packages/airflow/example_dags/tutorial_dag.py took 0.185 seconds
[2022-11-10T14:37:25.385+0000] {processor.py:156} INFO - Started process (PID=13179) to work on /home/airflow/.local/lib/python3.7/site-packages/airflow/example_dags/tutorial_dag.py
[2022-11-10T14:37:25.388+0000] {processor.py:758} INFO - Processing file /home/airflow/.local/lib/python3.7/site-packages/airflow/example_dags/tutorial_dag.py for tasks to queue
[2022-11-10T14:37:25.390+0000] {logging_mixin.py:117} INFO - [2022-11-10T14:37:25.390+0000] {dagbag.py:525} INFO - Filling up the DagBag from /home/airflow/.local/lib/python3.7/site-packages/airflow/example_dags/tutorial_dag.py
[2022-11-10T14:37:25.422+0000] {processor.py:768} INFO - DAG(s) dict_keys(['tutorial_dag']) retrieved from /home/airflow/.local/lib/python3.7/site-packages/airflow/example_dags/tutorial_dag.py
[2022-11-10T14:37:25.488+0000] {logging_mixin.py:117} INFO - [2022-11-10T14:37:25.487+0000] {dag.py:2573} INFO - Sync 1 DAGs
[2022-11-10T14:37:25.519+0000] {logging_mixin.py:117} INFO - [2022-11-10T14:37:25.518+0000] {dag.py:3328} INFO - Setting next_dagrun for tutorial_dag to None, run_after=None
[2022-11-10T14:37:25.550+0000] {processor.py:178} INFO - Processing /home/airflow/.local/lib/python3.7/site-packages/airflow/example_dags/tutorial_dag.py took 0.167 seconds
[2022-11-10T14:45:48.880+0000] {processor.py:156} INFO - Started process (PID=13243) to work on /home/airflow/.local/lib/python3.7/site-packages/airflow/example_dags/tutorial_dag.py
[2022-11-10T14:45:48.896+0000] {processor.py:758} INFO - Processing file /home/airflow/.local/lib/python3.7/site-packages/airflow/example_dags/tutorial_dag.py for tasks to queue
[2022-11-10T14:45:48.903+0000] {logging_mixin.py:117} INFO - [2022-11-10T14:45:48.902+0000] {dagbag.py:525} INFO - Filling up the DagBag from /home/airflow/.local/lib/python3.7/site-packages/airflow/example_dags/tutorial_dag.py
[2022-11-10T14:45:49.171+0000] {processor.py:768} INFO - DAG(s) dict_keys(['tutorial_dag']) retrieved from /home/airflow/.local/lib/python3.7/site-packages/airflow/example_dags/tutorial_dag.py
[2022-11-10T14:45:49.396+0000] {logging_mixin.py:117} INFO - [2022-11-10T14:45:49.396+0000] {dag.py:2573} INFO - Sync 1 DAGs
[2022-11-10T14:45:49.523+0000] {logging_mixin.py:117} INFO - [2022-11-10T14:45:49.522+0000] {dag.py:3328} INFO - Setting next_dagrun for tutorial_dag to None, run_after=None
[2022-11-10T14:45:49.781+0000] {processor.py:178} INFO - Processing /home/airflow/.local/lib/python3.7/site-packages/airflow/example_dags/tutorial_dag.py took 0.913 seconds
[2022-11-10T15:05:02.802+0000] {processor.py:156} INFO - Started process (PID=13307) to work on /home/airflow/.local/lib/python3.7/site-packages/airflow/example_dags/tutorial_dag.py
[2022-11-10T15:05:02.805+0000] {processor.py:758} INFO - Processing file /home/airflow/.local/lib/python3.7/site-packages/airflow/example_dags/tutorial_dag.py for tasks to queue
[2022-11-10T15:05:02.806+0000] {logging_mixin.py:117} INFO - [2022-11-10T15:05:02.806+0000] {dagbag.py:525} INFO - Filling up the DagBag from /home/airflow/.local/lib/python3.7/site-packages/airflow/example_dags/tutorial_dag.py
[2022-11-10T15:05:02.821+0000] {processor.py:768} INFO - DAG(s) dict_keys(['tutorial_dag']) retrieved from /home/airflow/.local/lib/python3.7/site-packages/airflow/example_dags/tutorial_dag.py
[2022-11-10T15:05:02.854+0000] {logging_mixin.py:117} INFO - [2022-11-10T15:05:02.854+0000] {dag.py:2573} INFO - Sync 1 DAGs
[2022-11-10T15:05:02.871+0000] {logging_mixin.py:117} INFO - [2022-11-10T15:05:02.871+0000] {dag.py:3328} INFO - Setting next_dagrun for tutorial_dag to None, run_after=None
[2022-11-10T15:05:02.884+0000] {processor.py:178} INFO - Processing /home/airflow/.local/lib/python3.7/site-packages/airflow/example_dags/tutorial_dag.py took 0.086 seconds
[2022-11-10T16:10:41.283+0000] {processor.py:156} INFO - Started process (PID=13353) to work on /home/airflow/.local/lib/python3.7/site-packages/airflow/example_dags/tutorial_dag.py
[2022-11-10T16:10:41.285+0000] {processor.py:758} INFO - Processing file /home/airflow/.local/lib/python3.7/site-packages/airflow/example_dags/tutorial_dag.py for tasks to queue
[2022-11-10T16:10:41.287+0000] {logging_mixin.py:117} INFO - [2022-11-10T16:10:41.287+0000] {dagbag.py:525} INFO - Filling up the DagBag from /home/airflow/.local/lib/python3.7/site-packages/airflow/example_dags/tutorial_dag.py
[2022-11-10T16:10:41.331+0000] {processor.py:768} INFO - DAG(s) dict_keys(['tutorial_dag']) retrieved from /home/airflow/.local/lib/python3.7/site-packages/airflow/example_dags/tutorial_dag.py
[2022-11-10T16:10:41.431+0000] {logging_mixin.py:117} INFO - [2022-11-10T16:10:41.431+0000] {dag.py:2573} INFO - Sync 1 DAGs
[2022-11-10T16:10:41.497+0000] {logging_mixin.py:117} INFO - [2022-11-10T16:10:41.497+0000] {dag.py:3328} INFO - Setting next_dagrun for tutorial_dag to None, run_after=None
[2022-11-10T16:10:41.535+0000] {processor.py:178} INFO - Processing /home/airflow/.local/lib/python3.7/site-packages/airflow/example_dags/tutorial_dag.py took 0.258 seconds
[2022-11-10T17:34:45.755+0000] {processor.py:156} INFO - Started process (PID=13415) to work on /home/airflow/.local/lib/python3.7/site-packages/airflow/example_dags/tutorial_dag.py
[2022-11-10T17:34:45.756+0000] {processor.py:758} INFO - Processing file /home/airflow/.local/lib/python3.7/site-packages/airflow/example_dags/tutorial_dag.py for tasks to queue
[2022-11-10T17:34:45.757+0000] {logging_mixin.py:117} INFO - [2022-11-10T17:34:45.757+0000] {dagbag.py:525} INFO - Filling up the DagBag from /home/airflow/.local/lib/python3.7/site-packages/airflow/example_dags/tutorial_dag.py
[2022-11-10T17:34:45.772+0000] {processor.py:768} INFO - DAG(s) dict_keys(['tutorial_dag']) retrieved from /home/airflow/.local/lib/python3.7/site-packages/airflow/example_dags/tutorial_dag.py
[2022-11-10T17:34:45.803+0000] {logging_mixin.py:117} INFO - [2022-11-10T17:34:45.803+0000] {dag.py:2573} INFO - Sync 1 DAGs
[2022-11-10T17:34:45.825+0000] {logging_mixin.py:117} INFO - [2022-11-10T17:34:45.825+0000] {dag.py:3328} INFO - Setting next_dagrun for tutorial_dag to None, run_after=None
[2022-11-10T17:34:45.849+0000] {processor.py:178} INFO - Processing /home/airflow/.local/lib/python3.7/site-packages/airflow/example_dags/tutorial_dag.py took 0.097 seconds
[2022-11-10T18:57:19.853+0000] {processor.py:156} INFO - Started process (PID=13471) to work on /home/airflow/.local/lib/python3.7/site-packages/airflow/example_dags/tutorial_dag.py
[2022-11-10T18:57:19.865+0000] {processor.py:758} INFO - Processing file /home/airflow/.local/lib/python3.7/site-packages/airflow/example_dags/tutorial_dag.py for tasks to queue
[2022-11-10T18:57:19.872+0000] {logging_mixin.py:117} INFO - [2022-11-10T18:57:19.871+0000] {dagbag.py:525} INFO - Filling up the DagBag from /home/airflow/.local/lib/python3.7/site-packages/airflow/example_dags/tutorial_dag.py
[2022-11-10T18:57:19.981+0000] {processor.py:768} INFO - DAG(s) dict_keys(['tutorial_dag']) retrieved from /home/airflow/.local/lib/python3.7/site-packages/airflow/example_dags/tutorial_dag.py
[2022-11-10T18:57:20.212+0000] {logging_mixin.py:117} INFO - [2022-11-10T18:57:20.211+0000] {dag.py:2573} INFO - Sync 1 DAGs
[2022-11-10T18:57:20.346+0000] {logging_mixin.py:117} INFO - [2022-11-10T18:57:20.346+0000] {dag.py:3328} INFO - Setting next_dagrun for tutorial_dag to None, run_after=None
[2022-11-10T18:57:20.377+0000] {processor.py:178} INFO - Processing /home/airflow/.local/lib/python3.7/site-packages/airflow/example_dags/tutorial_dag.py took 0.542 seconds
[2022-11-10T19:05:34.522+0000] {processor.py:156} INFO - Started process (PID=13527) to work on /home/airflow/.local/lib/python3.7/site-packages/airflow/example_dags/tutorial_dag.py
[2022-11-10T19:05:34.562+0000] {processor.py:758} INFO - Processing file /home/airflow/.local/lib/python3.7/site-packages/airflow/example_dags/tutorial_dag.py for tasks to queue
[2022-11-10T19:05:34.566+0000] {logging_mixin.py:117} INFO - [2022-11-10T19:05:34.565+0000] {dagbag.py:525} INFO - Filling up the DagBag from /home/airflow/.local/lib/python3.7/site-packages/airflow/example_dags/tutorial_dag.py
[2022-11-10T19:05:34.606+0000] {processor.py:768} INFO - DAG(s) dict_keys(['tutorial_dag']) retrieved from /home/airflow/.local/lib/python3.7/site-packages/airflow/example_dags/tutorial_dag.py
[2022-11-10T19:05:34.699+0000] {logging_mixin.py:117} INFO - [2022-11-10T19:05:34.699+0000] {dag.py:2573} INFO - Sync 1 DAGs
[2022-11-10T19:05:34.734+0000] {logging_mixin.py:117} INFO - [2022-11-10T19:05:34.733+0000] {dag.py:3328} INFO - Setting next_dagrun for tutorial_dag to None, run_after=None
[2022-11-10T19:05:34.762+0000] {processor.py:178} INFO - Processing /home/airflow/.local/lib/python3.7/site-packages/airflow/example_dags/tutorial_dag.py took 0.246 seconds
[2022-11-10T20:13:46.053+0000] {processor.py:156} INFO - Started process (PID=13591) to work on /home/airflow/.local/lib/python3.7/site-packages/airflow/example_dags/tutorial_dag.py
[2022-11-10T20:13:46.056+0000] {processor.py:758} INFO - Processing file /home/airflow/.local/lib/python3.7/site-packages/airflow/example_dags/tutorial_dag.py for tasks to queue
[2022-11-10T20:13:46.058+0000] {logging_mixin.py:117} INFO - [2022-11-10T20:13:46.058+0000] {dagbag.py:525} INFO - Filling up the DagBag from /home/airflow/.local/lib/python3.7/site-packages/airflow/example_dags/tutorial_dag.py
[2022-11-10T20:13:46.089+0000] {processor.py:768} INFO - DAG(s) dict_keys(['tutorial_dag']) retrieved from /home/airflow/.local/lib/python3.7/site-packages/airflow/example_dags/tutorial_dag.py
[2022-11-10T20:13:46.173+0000] {logging_mixin.py:117} INFO - [2022-11-10T20:13:46.172+0000] {dag.py:2573} INFO - Sync 1 DAGs
[2022-11-10T20:13:46.205+0000] {logging_mixin.py:117} INFO - [2022-11-10T20:13:46.205+0000] {dag.py:3328} INFO - Setting next_dagrun for tutorial_dag to None, run_after=None
[2022-11-10T20:13:46.226+0000] {processor.py:178} INFO - Processing /home/airflow/.local/lib/python3.7/site-packages/airflow/example_dags/tutorial_dag.py took 0.176 seconds
[2022-11-10T21:37:18.449+0000] {processor.py:156} INFO - Started process (PID=13654) to work on /home/airflow/.local/lib/python3.7/site-packages/airflow/example_dags/tutorial_dag.py
[2022-11-10T21:37:18.455+0000] {processor.py:758} INFO - Processing file /home/airflow/.local/lib/python3.7/site-packages/airflow/example_dags/tutorial_dag.py for tasks to queue
[2022-11-10T21:37:18.456+0000] {logging_mixin.py:117} INFO - [2022-11-10T21:37:18.456+0000] {dagbag.py:525} INFO - Filling up the DagBag from /home/airflow/.local/lib/python3.7/site-packages/airflow/example_dags/tutorial_dag.py
[2022-11-10T21:37:18.478+0000] {processor.py:768} INFO - DAG(s) dict_keys(['tutorial_dag']) retrieved from /home/airflow/.local/lib/python3.7/site-packages/airflow/example_dags/tutorial_dag.py
[2022-11-10T21:37:18.583+0000] {logging_mixin.py:117} INFO - [2022-11-10T21:37:18.583+0000] {dag.py:2573} INFO - Sync 1 DAGs
[2022-11-10T21:37:18.629+0000] {logging_mixin.py:117} INFO - [2022-11-10T21:37:18.629+0000] {dag.py:3328} INFO - Setting next_dagrun for tutorial_dag to None, run_after=None
[2022-11-10T21:37:18.651+0000] {processor.py:178} INFO - Processing /home/airflow/.local/lib/python3.7/site-packages/airflow/example_dags/tutorial_dag.py took 0.205 seconds
[2022-11-10T23:18:22.805+0000] {processor.py:156} INFO - Started process (PID=13710) to work on /home/airflow/.local/lib/python3.7/site-packages/airflow/example_dags/tutorial_dag.py
[2022-11-10T23:18:22.814+0000] {processor.py:758} INFO - Processing file /home/airflow/.local/lib/python3.7/site-packages/airflow/example_dags/tutorial_dag.py for tasks to queue
[2022-11-10T23:18:22.817+0000] {logging_mixin.py:117} INFO - [2022-11-10T23:18:22.817+0000] {dagbag.py:525} INFO - Filling up the DagBag from /home/airflow/.local/lib/python3.7/site-packages/airflow/example_dags/tutorial_dag.py
[2022-11-10T23:18:22.863+0000] {processor.py:768} INFO - DAG(s) dict_keys(['tutorial_dag']) retrieved from /home/airflow/.local/lib/python3.7/site-packages/airflow/example_dags/tutorial_dag.py
[2022-11-10T23:18:23.023+0000] {logging_mixin.py:117} INFO - [2022-11-10T23:18:23.023+0000] {dag.py:2573} INFO - Sync 1 DAGs
[2022-11-10T23:18:23.129+0000] {logging_mixin.py:117} INFO - [2022-11-10T23:18:23.129+0000] {dag.py:3328} INFO - Setting next_dagrun for tutorial_dag to None, run_after=None
[2022-11-10T23:18:23.239+0000] {processor.py:178} INFO - Processing /home/airflow/.local/lib/python3.7/site-packages/airflow/example_dags/tutorial_dag.py took 0.438 seconds
