[2022-11-10T00:02:10.977+0000] {processor.py:156} INFO - Started process (PID=12521) to work on /home/airflow/.local/lib/python3.7/site-packages/airflow/example_dags/tutorial.py
[2022-11-10T00:02:10.982+0000] {processor.py:758} INFO - Processing file /home/airflow/.local/lib/python3.7/site-packages/airflow/example_dags/tutorial.py for tasks to queue
[2022-11-10T00:02:10.988+0000] {logging_mixin.py:117} INFO - [2022-11-10T00:02:10.988+0000] {dagbag.py:525} INFO - Filling up the DagBag from /home/airflow/.local/lib/python3.7/site-packages/airflow/example_dags/tutorial.py
[2022-11-10T00:02:11.012+0000] {processor.py:768} INFO - DAG(s) dict_keys(['tutorial']) retrieved from /home/airflow/.local/lib/python3.7/site-packages/airflow/example_dags/tutorial.py
[2022-11-10T00:02:11.054+0000] {logging_mixin.py:117} INFO - [2022-11-10T00:02:11.054+0000] {dag.py:2573} INFO - Sync 1 DAGs
[2022-11-10T00:02:11.076+0000] {logging_mixin.py:117} INFO - [2022-11-10T00:02:11.075+0000] {dag.py:3328} INFO - Setting next_dagrun for tutorial to 2022-11-09T00:02:11.075685+00:00, run_after=2022-11-10T00:02:11.075685+00:00
[2022-11-10T00:02:11.105+0000] {processor.py:178} INFO - Processing /home/airflow/.local/lib/python3.7/site-packages/airflow/example_dags/tutorial.py took 0.132 seconds
[2022-11-10T01:24:31.535+0000] {processor.py:156} INFO - Started process (PID=12583) to work on /home/airflow/.local/lib/python3.7/site-packages/airflow/example_dags/tutorial.py
[2022-11-10T01:24:31.545+0000] {processor.py:758} INFO - Processing file /home/airflow/.local/lib/python3.7/site-packages/airflow/example_dags/tutorial.py for tasks to queue
[2022-11-10T01:24:31.559+0000] {logging_mixin.py:117} INFO - [2022-11-10T01:24:31.558+0000] {dagbag.py:525} INFO - Filling up the DagBag from /home/airflow/.local/lib/python3.7/site-packages/airflow/example_dags/tutorial.py
[2022-11-10T01:24:31.639+0000] {processor.py:768} INFO - DAG(s) dict_keys(['tutorial']) retrieved from /home/airflow/.local/lib/python3.7/site-packages/airflow/example_dags/tutorial.py
[2022-11-10T01:24:31.787+0000] {logging_mixin.py:117} INFO - [2022-11-10T01:24:31.787+0000] {dag.py:2573} INFO - Sync 1 DAGs
[2022-11-10T01:24:31.925+0000] {logging_mixin.py:117} INFO - [2022-11-10T01:24:31.925+0000] {dag.py:3328} INFO - Setting next_dagrun for tutorial to 2022-11-09T01:24:31.925540+00:00, run_after=2022-11-10T01:24:31.925540+00:00
[2022-11-10T01:24:32.011+0000] {processor.py:178} INFO - Processing /home/airflow/.local/lib/python3.7/site-packages/airflow/example_dags/tutorial.py took 0.498 seconds
[2022-11-10T02:29:04.567+0000] {processor.py:156} INFO - Started process (PID=12640) to work on /home/airflow/.local/lib/python3.7/site-packages/airflow/example_dags/tutorial.py
[2022-11-10T02:29:04.571+0000] {processor.py:758} INFO - Processing file /home/airflow/.local/lib/python3.7/site-packages/airflow/example_dags/tutorial.py for tasks to queue
[2022-11-10T02:29:04.574+0000] {logging_mixin.py:117} INFO - [2022-11-10T02:29:04.573+0000] {dagbag.py:525} INFO - Filling up the DagBag from /home/airflow/.local/lib/python3.7/site-packages/airflow/example_dags/tutorial.py
[2022-11-10T02:29:04.602+0000] {processor.py:768} INFO - DAG(s) dict_keys(['tutorial']) retrieved from /home/airflow/.local/lib/python3.7/site-packages/airflow/example_dags/tutorial.py
[2022-11-10T02:29:04.743+0000] {logging_mixin.py:117} INFO - [2022-11-10T02:29:04.743+0000] {dag.py:2573} INFO - Sync 1 DAGs
[2022-11-10T02:29:04.799+0000] {logging_mixin.py:117} INFO - [2022-11-10T02:29:04.799+0000] {dag.py:3328} INFO - Setting next_dagrun for tutorial to 2022-11-09T02:29:04.799187+00:00, run_after=2022-11-10T02:29:04.799187+00:00
[2022-11-10T02:29:04.816+0000] {processor.py:178} INFO - Processing /home/airflow/.local/lib/python3.7/site-packages/airflow/example_dags/tutorial.py took 0.253 seconds
[2022-11-10T03:35:46.255+0000] {processor.py:156} INFO - Started process (PID=12703) to work on /home/airflow/.local/lib/python3.7/site-packages/airflow/example_dags/tutorial.py
[2022-11-10T03:35:46.257+0000] {processor.py:758} INFO - Processing file /home/airflow/.local/lib/python3.7/site-packages/airflow/example_dags/tutorial.py for tasks to queue
[2022-11-10T03:35:46.258+0000] {logging_mixin.py:117} INFO - [2022-11-10T03:35:46.258+0000] {dagbag.py:525} INFO - Filling up the DagBag from /home/airflow/.local/lib/python3.7/site-packages/airflow/example_dags/tutorial.py
[2022-11-10T03:35:46.269+0000] {processor.py:768} INFO - DAG(s) dict_keys(['tutorial']) retrieved from /home/airflow/.local/lib/python3.7/site-packages/airflow/example_dags/tutorial.py
[2022-11-10T03:35:46.300+0000] {logging_mixin.py:117} INFO - [2022-11-10T03:35:46.300+0000] {dag.py:2573} INFO - Sync 1 DAGs
[2022-11-10T03:35:46.318+0000] {logging_mixin.py:117} INFO - [2022-11-10T03:35:46.318+0000] {dag.py:3328} INFO - Setting next_dagrun for tutorial to 2022-11-09T03:35:46.318097+00:00, run_after=2022-11-10T03:35:46.318097+00:00
[2022-11-10T03:35:46.330+0000] {processor.py:178} INFO - Processing /home/airflow/.local/lib/python3.7/site-packages/airflow/example_dags/tutorial.py took 0.077 seconds
[2022-11-10T04:59:22.890+0000] {processor.py:156} INFO - Started process (PID=12758) to work on /home/airflow/.local/lib/python3.7/site-packages/airflow/example_dags/tutorial.py
[2022-11-10T04:59:22.895+0000] {processor.py:758} INFO - Processing file /home/airflow/.local/lib/python3.7/site-packages/airflow/example_dags/tutorial.py for tasks to queue
[2022-11-10T04:59:22.898+0000] {logging_mixin.py:117} INFO - [2022-11-10T04:59:22.898+0000] {dagbag.py:525} INFO - Filling up the DagBag from /home/airflow/.local/lib/python3.7/site-packages/airflow/example_dags/tutorial.py
[2022-11-10T04:59:22.916+0000] {processor.py:768} INFO - DAG(s) dict_keys(['tutorial']) retrieved from /home/airflow/.local/lib/python3.7/site-packages/airflow/example_dags/tutorial.py
[2022-11-10T04:59:22.981+0000] {logging_mixin.py:117} INFO - [2022-11-10T04:59:22.981+0000] {dag.py:2573} INFO - Sync 1 DAGs
[2022-11-10T04:59:23.013+0000] {logging_mixin.py:117} INFO - [2022-11-10T04:59:23.013+0000] {dag.py:3328} INFO - Setting next_dagrun for tutorial to 2022-11-09T04:59:23.013456+00:00, run_after=2022-11-10T04:59:23.013456+00:00
[2022-11-10T04:59:23.033+0000] {processor.py:178} INFO - Processing /home/airflow/.local/lib/python3.7/site-packages/airflow/example_dags/tutorial.py took 0.148 seconds
[2022-11-10T06:22:28.182+0000] {processor.py:156} INFO - Started process (PID=12822) to work on /home/airflow/.local/lib/python3.7/site-packages/airflow/example_dags/tutorial.py
[2022-11-10T06:22:28.194+0000] {processor.py:758} INFO - Processing file /home/airflow/.local/lib/python3.7/site-packages/airflow/example_dags/tutorial.py for tasks to queue
[2022-11-10T06:22:28.197+0000] {logging_mixin.py:117} INFO - [2022-11-10T06:22:28.196+0000] {dagbag.py:525} INFO - Filling up the DagBag from /home/airflow/.local/lib/python3.7/site-packages/airflow/example_dags/tutorial.py
[2022-11-10T06:22:28.223+0000] {processor.py:768} INFO - DAG(s) dict_keys(['tutorial']) retrieved from /home/airflow/.local/lib/python3.7/site-packages/airflow/example_dags/tutorial.py
[2022-11-10T06:22:28.286+0000] {logging_mixin.py:117} INFO - [2022-11-10T06:22:28.286+0000] {dag.py:2573} INFO - Sync 1 DAGs
[2022-11-10T06:22:28.337+0000] {logging_mixin.py:117} INFO - [2022-11-10T06:22:28.337+0000] {dag.py:3328} INFO - Setting next_dagrun for tutorial to 2022-11-09T06:22:28.337582+00:00, run_after=2022-11-10T06:22:28.337582+00:00
[2022-11-10T06:22:28.374+0000] {processor.py:178} INFO - Processing /home/airflow/.local/lib/python3.7/site-packages/airflow/example_dags/tutorial.py took 0.195 seconds
[2022-11-10T08:00:47.904+0000] {processor.py:156} INFO - Started process (PID=12876) to work on /home/airflow/.local/lib/python3.7/site-packages/airflow/example_dags/tutorial.py
[2022-11-10T08:00:47.936+0000] {processor.py:758} INFO - Processing file /home/airflow/.local/lib/python3.7/site-packages/airflow/example_dags/tutorial.py for tasks to queue
[2022-11-10T08:00:47.943+0000] {logging_mixin.py:117} INFO - [2022-11-10T08:00:47.943+0000] {dagbag.py:525} INFO - Filling up the DagBag from /home/airflow/.local/lib/python3.7/site-packages/airflow/example_dags/tutorial.py
[2022-11-10T08:00:48.115+0000] {processor.py:768} INFO - DAG(s) dict_keys(['tutorial']) retrieved from /home/airflow/.local/lib/python3.7/site-packages/airflow/example_dags/tutorial.py
[2022-11-10T08:00:48.832+0000] {logging_mixin.py:117} INFO - [2022-11-10T08:00:48.831+0000] {dag.py:2573} INFO - Sync 1 DAGs
[2022-11-10T08:00:48.992+0000] {logging_mixin.py:117} INFO - [2022-11-10T08:00:48.992+0000] {dag.py:3328} INFO - Setting next_dagrun for tutorial to 2022-11-09T08:00:48.991829+00:00, run_after=2022-11-10T08:00:48.991829+00:00
[2022-11-10T08:00:49.089+0000] {processor.py:178} INFO - Processing /home/airflow/.local/lib/python3.7/site-packages/airflow/example_dags/tutorial.py took 1.196 seconds
[2022-11-10T09:23:01.790+0000] {processor.py:156} INFO - Started process (PID=12930) to work on /home/airflow/.local/lib/python3.7/site-packages/airflow/example_dags/tutorial.py
[2022-11-10T09:23:01.799+0000] {processor.py:758} INFO - Processing file /home/airflow/.local/lib/python3.7/site-packages/airflow/example_dags/tutorial.py for tasks to queue
[2022-11-10T09:23:01.831+0000] {logging_mixin.py:117} INFO - [2022-11-10T09:23:01.831+0000] {dagbag.py:525} INFO - Filling up the DagBag from /home/airflow/.local/lib/python3.7/site-packages/airflow/example_dags/tutorial.py
[2022-11-10T09:23:01.916+0000] {processor.py:768} INFO - DAG(s) dict_keys(['tutorial']) retrieved from /home/airflow/.local/lib/python3.7/site-packages/airflow/example_dags/tutorial.py
[2022-11-10T09:23:03.109+0000] {logging_mixin.py:117} INFO - [2022-11-10T09:23:03.109+0000] {dag.py:2573} INFO - Sync 1 DAGs
[2022-11-10T09:23:03.401+0000] {logging_mixin.py:117} INFO - [2022-11-10T09:23:03.401+0000] {dag.py:3328} INFO - Setting next_dagrun for tutorial to 2022-11-09T09:23:03.400644+00:00, run_after=2022-11-10T09:23:03.400644+00:00
[2022-11-10T09:23:03.477+0000] {processor.py:178} INFO - Processing /home/airflow/.local/lib/python3.7/site-packages/airflow/example_dags/tutorial.py took 1.695 seconds
[2022-11-10T10:48:42.757+0000] {processor.py:156} INFO - Started process (PID=12992) to work on /home/airflow/.local/lib/python3.7/site-packages/airflow/example_dags/tutorial.py
[2022-11-10T10:48:42.766+0000] {processor.py:758} INFO - Processing file /home/airflow/.local/lib/python3.7/site-packages/airflow/example_dags/tutorial.py for tasks to queue
[2022-11-10T10:48:42.769+0000] {logging_mixin.py:117} INFO - [2022-11-10T10:48:42.769+0000] {dagbag.py:525} INFO - Filling up the DagBag from /home/airflow/.local/lib/python3.7/site-packages/airflow/example_dags/tutorial.py
[2022-11-10T10:48:42.896+0000] {processor.py:768} INFO - DAG(s) dict_keys(['tutorial']) retrieved from /home/airflow/.local/lib/python3.7/site-packages/airflow/example_dags/tutorial.py
[2022-11-10T10:48:43.387+0000] {logging_mixin.py:117} INFO - [2022-11-10T10:48:43.386+0000] {dag.py:2573} INFO - Sync 1 DAGs
[2022-11-10T10:48:43.589+0000] {logging_mixin.py:117} INFO - [2022-11-10T10:48:43.589+0000] {dag.py:3328} INFO - Setting next_dagrun for tutorial to 2022-11-09T10:48:43.589452+00:00, run_after=2022-11-10T10:48:43.589452+00:00
[2022-11-10T10:48:43.668+0000] {processor.py:178} INFO - Processing /home/airflow/.local/lib/python3.7/site-packages/airflow/example_dags/tutorial.py took 0.919 seconds
[2022-11-10T12:10:58.034+0000] {processor.py:156} INFO - Started process (PID=13048) to work on /home/airflow/.local/lib/python3.7/site-packages/airflow/example_dags/tutorial.py
[2022-11-10T12:10:58.039+0000] {processor.py:758} INFO - Processing file /home/airflow/.local/lib/python3.7/site-packages/airflow/example_dags/tutorial.py for tasks to queue
[2022-11-10T12:10:58.044+0000] {logging_mixin.py:117} INFO - [2022-11-10T12:10:58.044+0000] {dagbag.py:525} INFO - Filling up the DagBag from /home/airflow/.local/lib/python3.7/site-packages/airflow/example_dags/tutorial.py
[2022-11-10T12:10:58.202+0000] {processor.py:768} INFO - DAG(s) dict_keys(['tutorial']) retrieved from /home/airflow/.local/lib/python3.7/site-packages/airflow/example_dags/tutorial.py
[2022-11-10T12:10:58.360+0000] {logging_mixin.py:117} INFO - [2022-11-10T12:10:58.360+0000] {dag.py:2573} INFO - Sync 1 DAGs
[2022-11-10T12:10:58.403+0000] {logging_mixin.py:117} INFO - [2022-11-10T12:10:58.403+0000] {dag.py:3328} INFO - Setting next_dagrun for tutorial to 2022-11-09T12:10:58.403333+00:00, run_after=2022-11-10T12:10:58.403333+00:00
[2022-11-10T12:10:58.457+0000] {processor.py:178} INFO - Processing /home/airflow/.local/lib/python3.7/site-packages/airflow/example_dags/tutorial.py took 0.427 seconds
[2022-11-10T13:33:25.822+0000] {processor.py:156} INFO - Started process (PID=13104) to work on /home/airflow/.local/lib/python3.7/site-packages/airflow/example_dags/tutorial.py
[2022-11-10T13:33:25.833+0000] {processor.py:758} INFO - Processing file /home/airflow/.local/lib/python3.7/site-packages/airflow/example_dags/tutorial.py for tasks to queue
[2022-11-10T13:33:25.836+0000] {logging_mixin.py:117} INFO - [2022-11-10T13:33:25.835+0000] {dagbag.py:525} INFO - Filling up the DagBag from /home/airflow/.local/lib/python3.7/site-packages/airflow/example_dags/tutorial.py
[2022-11-10T13:33:25.863+0000] {processor.py:768} INFO - DAG(s) dict_keys(['tutorial']) retrieved from /home/airflow/.local/lib/python3.7/site-packages/airflow/example_dags/tutorial.py
[2022-11-10T13:33:25.943+0000] {logging_mixin.py:117} INFO - [2022-11-10T13:33:25.943+0000] {dag.py:2573} INFO - Sync 1 DAGs
[2022-11-10T13:33:26.032+0000] {logging_mixin.py:117} INFO - [2022-11-10T13:33:26.032+0000] {dag.py:3328} INFO - Setting next_dagrun for tutorial to 2022-11-09T13:33:26.031974+00:00, run_after=2022-11-10T13:33:26.031974+00:00
[2022-11-10T13:33:26.072+0000] {processor.py:178} INFO - Processing /home/airflow/.local/lib/python3.7/site-packages/airflow/example_dags/tutorial.py took 0.255 seconds
[2022-11-10T14:37:16.370+0000] {processor.py:156} INFO - Started process (PID=13158) to work on /home/airflow/.local/lib/python3.7/site-packages/airflow/example_dags/tutorial.py
[2022-11-10T14:37:16.373+0000] {processor.py:758} INFO - Processing file /home/airflow/.local/lib/python3.7/site-packages/airflow/example_dags/tutorial.py for tasks to queue
[2022-11-10T14:37:16.374+0000] {logging_mixin.py:117} INFO - [2022-11-10T14:37:16.374+0000] {dagbag.py:525} INFO - Filling up the DagBag from /home/airflow/.local/lib/python3.7/site-packages/airflow/example_dags/tutorial.py
[2022-11-10T14:37:16.395+0000] {processor.py:768} INFO - DAG(s) dict_keys(['tutorial']) retrieved from /home/airflow/.local/lib/python3.7/site-packages/airflow/example_dags/tutorial.py
[2022-11-10T14:37:16.471+0000] {logging_mixin.py:117} INFO - [2022-11-10T14:37:16.470+0000] {dag.py:2573} INFO - Sync 1 DAGs
[2022-11-10T14:37:16.539+0000] {logging_mixin.py:117} INFO - [2022-11-10T14:37:16.539+0000] {dag.py:3328} INFO - Setting next_dagrun for tutorial to 2022-11-09T14:37:16.538812+00:00, run_after=2022-11-10T14:37:16.538812+00:00
[2022-11-10T14:37:16.594+0000] {processor.py:178} INFO - Processing /home/airflow/.local/lib/python3.7/site-packages/airflow/example_dags/tutorial.py took 0.226 seconds
[2022-11-10T14:45:40.882+0000] {processor.py:156} INFO - Started process (PID=13213) to work on /home/airflow/.local/lib/python3.7/site-packages/airflow/example_dags/tutorial.py
[2022-11-10T14:45:40.886+0000] {processor.py:758} INFO - Processing file /home/airflow/.local/lib/python3.7/site-packages/airflow/example_dags/tutorial.py for tasks to queue
[2022-11-10T14:45:40.888+0000] {logging_mixin.py:117} INFO - [2022-11-10T14:45:40.888+0000] {dagbag.py:525} INFO - Filling up the DagBag from /home/airflow/.local/lib/python3.7/site-packages/airflow/example_dags/tutorial.py
[2022-11-10T14:45:40.928+0000] {processor.py:768} INFO - DAG(s) dict_keys(['tutorial']) retrieved from /home/airflow/.local/lib/python3.7/site-packages/airflow/example_dags/tutorial.py
[2022-11-10T14:45:41.040+0000] {logging_mixin.py:117} INFO - [2022-11-10T14:45:41.039+0000] {dag.py:2573} INFO - Sync 1 DAGs
[2022-11-10T14:45:41.089+0000] {logging_mixin.py:117} INFO - [2022-11-10T14:45:41.089+0000] {dag.py:3328} INFO - Setting next_dagrun for tutorial to 2022-11-09T14:45:41.089136+00:00, run_after=2022-11-10T14:45:41.089136+00:00
[2022-11-10T14:45:41.215+0000] {processor.py:178} INFO - Processing /home/airflow/.local/lib/python3.7/site-packages/airflow/example_dags/tutorial.py took 0.341 seconds
[2022-11-10T15:04:42.361+0000] {processor.py:156} INFO - Started process (PID=13277) to work on /home/airflow/.local/lib/python3.7/site-packages/airflow/example_dags/tutorial.py
[2022-11-10T15:04:42.375+0000] {processor.py:758} INFO - Processing file /home/airflow/.local/lib/python3.7/site-packages/airflow/example_dags/tutorial.py for tasks to queue
[2022-11-10T15:04:42.404+0000] {logging_mixin.py:117} INFO - [2022-11-10T15:04:42.404+0000] {dagbag.py:525} INFO - Filling up the DagBag from /home/airflow/.local/lib/python3.7/site-packages/airflow/example_dags/tutorial.py
[2022-11-10T15:04:42.606+0000] {processor.py:768} INFO - DAG(s) dict_keys(['tutorial']) retrieved from /home/airflow/.local/lib/python3.7/site-packages/airflow/example_dags/tutorial.py
[2022-11-10T15:04:42.907+0000] {logging_mixin.py:117} INFO - [2022-11-10T15:04:42.906+0000] {dag.py:2573} INFO - Sync 1 DAGs
[2022-11-10T15:04:43.019+0000] {logging_mixin.py:117} INFO - [2022-11-10T15:04:43.019+0000] {dag.py:3328} INFO - Setting next_dagrun for tutorial to 2022-11-09T15:04:43.019125+00:00, run_after=2022-11-10T15:04:43.019125+00:00
[2022-11-10T15:04:43.129+0000] {processor.py:178} INFO - Processing /home/airflow/.local/lib/python3.7/site-packages/airflow/example_dags/tutorial.py took 0.805 seconds
[2022-11-10T16:10:36.329+0000] {processor.py:156} INFO - Started process (PID=13332) to work on /home/airflow/.local/lib/python3.7/site-packages/airflow/example_dags/tutorial.py
[2022-11-10T16:10:36.333+0000] {processor.py:758} INFO - Processing file /home/airflow/.local/lib/python3.7/site-packages/airflow/example_dags/tutorial.py for tasks to queue
[2022-11-10T16:10:36.338+0000] {logging_mixin.py:117} INFO - [2022-11-10T16:10:36.338+0000] {dagbag.py:525} INFO - Filling up the DagBag from /home/airflow/.local/lib/python3.7/site-packages/airflow/example_dags/tutorial.py
[2022-11-10T16:10:36.364+0000] {processor.py:768} INFO - DAG(s) dict_keys(['tutorial']) retrieved from /home/airflow/.local/lib/python3.7/site-packages/airflow/example_dags/tutorial.py
[2022-11-10T16:10:36.613+0000] {logging_mixin.py:117} INFO - [2022-11-10T16:10:36.613+0000] {dag.py:2573} INFO - Sync 1 DAGs
[2022-11-10T16:10:36.783+0000] {logging_mixin.py:117} INFO - [2022-11-10T16:10:36.782+0000] {dag.py:3328} INFO - Setting next_dagrun for tutorial to 2022-11-09T16:10:36.780143+00:00, run_after=2022-11-10T16:10:36.780143+00:00
[2022-11-10T16:10:36.820+0000] {processor.py:178} INFO - Processing /home/airflow/.local/lib/python3.7/site-packages/airflow/example_dags/tutorial.py took 0.503 seconds
[2022-11-10T17:34:38.160+0000] {processor.py:156} INFO - Started process (PID=13386) to work on /home/airflow/.local/lib/python3.7/site-packages/airflow/example_dags/tutorial.py
[2022-11-10T17:34:38.165+0000] {processor.py:758} INFO - Processing file /home/airflow/.local/lib/python3.7/site-packages/airflow/example_dags/tutorial.py for tasks to queue
[2022-11-10T17:34:38.167+0000] {logging_mixin.py:117} INFO - [2022-11-10T17:34:38.166+0000] {dagbag.py:525} INFO - Filling up the DagBag from /home/airflow/.local/lib/python3.7/site-packages/airflow/example_dags/tutorial.py
[2022-11-10T17:34:38.184+0000] {processor.py:768} INFO - DAG(s) dict_keys(['tutorial']) retrieved from /home/airflow/.local/lib/python3.7/site-packages/airflow/example_dags/tutorial.py
[2022-11-10T17:34:38.288+0000] {logging_mixin.py:117} INFO - [2022-11-10T17:34:38.288+0000] {dag.py:2573} INFO - Sync 1 DAGs
[2022-11-10T17:34:38.323+0000] {logging_mixin.py:117} INFO - [2022-11-10T17:34:38.323+0000] {dag.py:3328} INFO - Setting next_dagrun for tutorial to 2022-11-09T17:34:38.323340+00:00, run_after=2022-11-10T17:34:38.323340+00:00
[2022-11-10T17:34:38.388+0000] {processor.py:178} INFO - Processing /home/airflow/.local/lib/python3.7/site-packages/airflow/example_dags/tutorial.py took 0.232 seconds
[2022-11-10T18:57:10.366+0000] {processor.py:156} INFO - Started process (PID=13450) to work on /home/airflow/.local/lib/python3.7/site-packages/airflow/example_dags/tutorial.py
[2022-11-10T18:57:10.387+0000] {processor.py:758} INFO - Processing file /home/airflow/.local/lib/python3.7/site-packages/airflow/example_dags/tutorial.py for tasks to queue
[2022-11-10T18:57:10.499+0000] {logging_mixin.py:117} INFO - [2022-11-10T18:57:10.499+0000] {dagbag.py:525} INFO - Filling up the DagBag from /home/airflow/.local/lib/python3.7/site-packages/airflow/example_dags/tutorial.py
[2022-11-10T18:57:11.255+0000] {processor.py:768} INFO - DAG(s) dict_keys(['tutorial']) retrieved from /home/airflow/.local/lib/python3.7/site-packages/airflow/example_dags/tutorial.py
[2022-11-10T18:57:11.386+0000] {logging_mixin.py:117} INFO - [2022-11-10T18:57:11.386+0000] {dag.py:2573} INFO - Sync 1 DAGs
[2022-11-10T18:57:11.558+0000] {logging_mixin.py:117} INFO - [2022-11-10T18:57:11.558+0000] {dag.py:3328} INFO - Setting next_dagrun for tutorial to 2022-11-09T18:57:11.558112+00:00, run_after=2022-11-10T18:57:11.558112+00:00
[2022-11-10T18:57:11.632+0000] {processor.py:178} INFO - Processing /home/airflow/.local/lib/python3.7/site-packages/airflow/example_dags/tutorial.py took 1.280 seconds
[2022-11-10T19:05:31.057+0000] {processor.py:156} INFO - Started process (PID=13506) to work on /home/airflow/.local/lib/python3.7/site-packages/airflow/example_dags/tutorial.py
[2022-11-10T19:05:31.063+0000] {processor.py:758} INFO - Processing file /home/airflow/.local/lib/python3.7/site-packages/airflow/example_dags/tutorial.py for tasks to queue
[2022-11-10T19:05:31.065+0000] {logging_mixin.py:117} INFO - [2022-11-10T19:05:31.065+0000] {dagbag.py:525} INFO - Filling up the DagBag from /home/airflow/.local/lib/python3.7/site-packages/airflow/example_dags/tutorial.py
[2022-11-10T19:05:31.093+0000] {processor.py:768} INFO - DAG(s) dict_keys(['tutorial']) retrieved from /home/airflow/.local/lib/python3.7/site-packages/airflow/example_dags/tutorial.py
[2022-11-10T19:05:31.172+0000] {logging_mixin.py:117} INFO - [2022-11-10T19:05:31.172+0000] {dag.py:2573} INFO - Sync 1 DAGs
[2022-11-10T19:05:31.224+0000] {logging_mixin.py:117} INFO - [2022-11-10T19:05:31.224+0000] {dag.py:3328} INFO - Setting next_dagrun for tutorial to 2022-11-09T19:05:31.223770+00:00, run_after=2022-11-10T19:05:31.223770+00:00
[2022-11-10T19:05:31.256+0000] {processor.py:178} INFO - Processing /home/airflow/.local/lib/python3.7/site-packages/airflow/example_dags/tutorial.py took 0.203 seconds
[2022-11-10T20:13:39.699+0000] {processor.py:156} INFO - Started process (PID=13570) to work on /home/airflow/.local/lib/python3.7/site-packages/airflow/example_dags/tutorial.py
[2022-11-10T20:13:39.705+0000] {processor.py:758} INFO - Processing file /home/airflow/.local/lib/python3.7/site-packages/airflow/example_dags/tutorial.py for tasks to queue
[2022-11-10T20:13:39.707+0000] {logging_mixin.py:117} INFO - [2022-11-10T20:13:39.707+0000] {dagbag.py:525} INFO - Filling up the DagBag from /home/airflow/.local/lib/python3.7/site-packages/airflow/example_dags/tutorial.py
[2022-11-10T20:13:39.738+0000] {processor.py:768} INFO - DAG(s) dict_keys(['tutorial']) retrieved from /home/airflow/.local/lib/python3.7/site-packages/airflow/example_dags/tutorial.py
[2022-11-10T20:13:39.874+0000] {logging_mixin.py:117} INFO - [2022-11-10T20:13:39.873+0000] {dag.py:2573} INFO - Sync 1 DAGs
[2022-11-10T20:13:40.082+0000] {logging_mixin.py:117} INFO - [2022-11-10T20:13:40.082+0000] {dag.py:3328} INFO - Setting next_dagrun for tutorial to 2022-11-09T20:13:40.081316+00:00, run_after=2022-11-10T20:13:40.081316+00:00
[2022-11-10T20:13:40.332+0000] {processor.py:178} INFO - Processing /home/airflow/.local/lib/python3.7/site-packages/airflow/example_dags/tutorial.py took 0.639 seconds
[2022-11-10T21:37:11.879+0000] {processor.py:156} INFO - Started process (PID=13624) to work on /home/airflow/.local/lib/python3.7/site-packages/airflow/example_dags/tutorial.py
[2022-11-10T21:37:11.882+0000] {processor.py:758} INFO - Processing file /home/airflow/.local/lib/python3.7/site-packages/airflow/example_dags/tutorial.py for tasks to queue
[2022-11-10T21:37:11.885+0000] {logging_mixin.py:117} INFO - [2022-11-10T21:37:11.885+0000] {dagbag.py:525} INFO - Filling up the DagBag from /home/airflow/.local/lib/python3.7/site-packages/airflow/example_dags/tutorial.py
[2022-11-10T21:37:11.908+0000] {processor.py:768} INFO - DAG(s) dict_keys(['tutorial']) retrieved from /home/airflow/.local/lib/python3.7/site-packages/airflow/example_dags/tutorial.py
[2022-11-10T21:37:12.068+0000] {logging_mixin.py:117} INFO - [2022-11-10T21:37:12.067+0000] {dag.py:2573} INFO - Sync 1 DAGs
[2022-11-10T21:37:12.119+0000] {logging_mixin.py:117} INFO - [2022-11-10T21:37:12.118+0000] {dag.py:3328} INFO - Setting next_dagrun for tutorial to 2022-11-09T21:37:12.118463+00:00, run_after=2022-11-10T21:37:12.118463+00:00
[2022-11-10T21:37:12.191+0000] {processor.py:178} INFO - Processing /home/airflow/.local/lib/python3.7/site-packages/airflow/example_dags/tutorial.py took 0.315 seconds
[2022-11-10T23:18:15.847+0000] {processor.py:156} INFO - Started process (PID=13689) to work on /home/airflow/.local/lib/python3.7/site-packages/airflow/example_dags/tutorial.py
[2022-11-10T23:18:15.905+0000] {processor.py:758} INFO - Processing file /home/airflow/.local/lib/python3.7/site-packages/airflow/example_dags/tutorial.py for tasks to queue
[2022-11-10T23:18:15.930+0000] {logging_mixin.py:117} INFO - [2022-11-10T23:18:15.930+0000] {dagbag.py:525} INFO - Filling up the DagBag from /home/airflow/.local/lib/python3.7/site-packages/airflow/example_dags/tutorial.py
[2022-11-10T23:18:15.965+0000] {processor.py:768} INFO - DAG(s) dict_keys(['tutorial']) retrieved from /home/airflow/.local/lib/python3.7/site-packages/airflow/example_dags/tutorial.py
[2022-11-10T23:18:16.188+0000] {logging_mixin.py:117} INFO - [2022-11-10T23:18:16.187+0000] {dag.py:2573} INFO - Sync 1 DAGs
[2022-11-10T23:18:16.261+0000] {logging_mixin.py:117} INFO - [2022-11-10T23:18:16.260+0000] {dag.py:3328} INFO - Setting next_dagrun for tutorial to 2022-11-09T23:18:16.259649+00:00, run_after=2022-11-10T23:18:16.259649+00:00
[2022-11-10T23:18:16.384+0000] {processor.py:178} INFO - Processing /home/airflow/.local/lib/python3.7/site-packages/airflow/example_dags/tutorial.py took 0.542 seconds
