[2022-11-12T00:30:47.227+0000] {processor.py:156} INFO - Started process (PID=14758) to work on /home/airflow/.local/lib/python3.7/site-packages/airflow/example_dags/example_sla_dag.py
[2022-11-12T00:30:47.228+0000] {processor.py:758} INFO - Processing file /home/airflow/.local/lib/python3.7/site-packages/airflow/example_dags/example_sla_dag.py for tasks to queue
[2022-11-12T00:30:47.230+0000] {logging_mixin.py:117} INFO - [2022-11-12T00:30:47.230+0000] {dagbag.py:525} INFO - Filling up the DagBag from /home/airflow/.local/lib/python3.7/site-packages/airflow/example_dags/example_sla_dag.py
[2022-11-12T00:30:47.283+0000] {processor.py:768} INFO - DAG(s) dict_keys(['example_sla_dag']) retrieved from /home/airflow/.local/lib/python3.7/site-packages/airflow/example_dags/example_sla_dag.py
[2022-11-12T00:30:47.886+0000] {logging_mixin.py:117} INFO - [2022-11-12T00:30:47.885+0000] {dag.py:2573} INFO - Sync 1 DAGs
[2022-11-12T00:30:47.991+0000] {logging_mixin.py:117} INFO - [2022-11-12T00:30:47.990+0000] {dag.py:3328} INFO - Setting next_dagrun for example_sla_dag to 2022-11-12T00:28:00+00:00, run_after=2022-11-12T00:30:00+00:00
[2022-11-12T00:30:48.016+0000] {processor.py:178} INFO - Processing /home/airflow/.local/lib/python3.7/site-packages/airflow/example_dags/example_sla_dag.py took 0.794 seconds
[2022-11-12T01:50:07.758+0000] {processor.py:156} INFO - Started process (PID=14814) to work on /home/airflow/.local/lib/python3.7/site-packages/airflow/example_dags/example_sla_dag.py
[2022-11-12T01:50:07.762+0000] {processor.py:758} INFO - Processing file /home/airflow/.local/lib/python3.7/site-packages/airflow/example_dags/example_sla_dag.py for tasks to queue
[2022-11-12T01:50:07.766+0000] {logging_mixin.py:117} INFO - [2022-11-12T01:50:07.766+0000] {dagbag.py:525} INFO - Filling up the DagBag from /home/airflow/.local/lib/python3.7/site-packages/airflow/example_dags/example_sla_dag.py
[2022-11-12T01:50:08.291+0000] {processor.py:768} INFO - DAG(s) dict_keys(['example_sla_dag']) retrieved from /home/airflow/.local/lib/python3.7/site-packages/airflow/example_dags/example_sla_dag.py
[2022-11-12T01:50:09.142+0000] {logging_mixin.py:117} INFO - [2022-11-12T01:50:09.141+0000] {dag.py:2573} INFO - Sync 1 DAGs
[2022-11-12T01:50:09.332+0000] {logging_mixin.py:117} INFO - [2022-11-12T01:50:09.331+0000] {dag.py:3328} INFO - Setting next_dagrun for example_sla_dag to 2022-11-12T01:48:00+00:00, run_after=2022-11-12T01:50:00+00:00
[2022-11-12T01:50:09.462+0000] {processor.py:178} INFO - Processing /home/airflow/.local/lib/python3.7/site-packages/airflow/example_dags/example_sla_dag.py took 1.718 seconds
[2022-11-12T03:17:09.248+0000] {processor.py:156} INFO - Started process (PID=14868) to work on /home/airflow/.local/lib/python3.7/site-packages/airflow/example_dags/example_sla_dag.py
[2022-11-12T03:17:09.251+0000] {processor.py:758} INFO - Processing file /home/airflow/.local/lib/python3.7/site-packages/airflow/example_dags/example_sla_dag.py for tasks to queue
[2022-11-12T03:17:09.252+0000] {logging_mixin.py:117} INFO - [2022-11-12T03:17:09.252+0000] {dagbag.py:525} INFO - Filling up the DagBag from /home/airflow/.local/lib/python3.7/site-packages/airflow/example_dags/example_sla_dag.py
[2022-11-12T03:17:09.272+0000] {processor.py:768} INFO - DAG(s) dict_keys(['example_sla_dag']) retrieved from /home/airflow/.local/lib/python3.7/site-packages/airflow/example_dags/example_sla_dag.py
[2022-11-12T03:17:09.358+0000] {logging_mixin.py:117} INFO - [2022-11-12T03:17:09.358+0000] {dag.py:2573} INFO - Sync 1 DAGs
[2022-11-12T03:17:09.426+0000] {logging_mixin.py:117} INFO - [2022-11-12T03:17:09.426+0000] {dag.py:3328} INFO - Setting next_dagrun for example_sla_dag to 2022-11-12T03:14:00+00:00, run_after=2022-11-12T03:16:00+00:00
[2022-11-12T03:17:09.455+0000] {processor.py:178} INFO - Processing /home/airflow/.local/lib/python3.7/site-packages/airflow/example_dags/example_sla_dag.py took 0.213 seconds
[2022-11-12T04:38:55.289+0000] {processor.py:156} INFO - Started process (PID=14931) to work on /home/airflow/.local/lib/python3.7/site-packages/airflow/example_dags/example_sla_dag.py
[2022-11-12T04:38:55.297+0000] {processor.py:758} INFO - Processing file /home/airflow/.local/lib/python3.7/site-packages/airflow/example_dags/example_sla_dag.py for tasks to queue
[2022-11-12T04:38:55.299+0000] {logging_mixin.py:117} INFO - [2022-11-12T04:38:55.299+0000] {dagbag.py:525} INFO - Filling up the DagBag from /home/airflow/.local/lib/python3.7/site-packages/airflow/example_dags/example_sla_dag.py
[2022-11-12T04:38:55.325+0000] {processor.py:768} INFO - DAG(s) dict_keys(['example_sla_dag']) retrieved from /home/airflow/.local/lib/python3.7/site-packages/airflow/example_dags/example_sla_dag.py
[2022-11-12T04:38:55.374+0000] {logging_mixin.py:117} INFO - [2022-11-12T04:38:55.374+0000] {dag.py:2573} INFO - Sync 1 DAGs
[2022-11-12T04:38:55.413+0000] {logging_mixin.py:117} INFO - [2022-11-12T04:38:55.412+0000] {dag.py:3328} INFO - Setting next_dagrun for example_sla_dag to 2022-11-12T04:36:00+00:00, run_after=2022-11-12T04:38:00+00:00
[2022-11-12T04:38:55.440+0000] {processor.py:178} INFO - Processing /home/airflow/.local/lib/python3.7/site-packages/airflow/example_dags/example_sla_dag.py took 0.155 seconds
[2022-11-12T06:17:40.969+0000] {processor.py:156} INFO - Started process (PID=14986) to work on /home/airflow/.local/lib/python3.7/site-packages/airflow/example_dags/example_sla_dag.py
[2022-11-12T06:17:40.982+0000] {processor.py:758} INFO - Processing file /home/airflow/.local/lib/python3.7/site-packages/airflow/example_dags/example_sla_dag.py for tasks to queue
[2022-11-12T06:17:40.986+0000] {logging_mixin.py:117} INFO - [2022-11-12T06:17:40.985+0000] {dagbag.py:525} INFO - Filling up the DagBag from /home/airflow/.local/lib/python3.7/site-packages/airflow/example_dags/example_sla_dag.py
[2022-11-12T06:17:41.031+0000] {processor.py:768} INFO - DAG(s) dict_keys(['example_sla_dag']) retrieved from /home/airflow/.local/lib/python3.7/site-packages/airflow/example_dags/example_sla_dag.py
[2022-11-12T06:17:41.114+0000] {logging_mixin.py:117} INFO - [2022-11-12T06:17:41.114+0000] {dag.py:2573} INFO - Sync 1 DAGs
[2022-11-12T06:17:41.143+0000] {logging_mixin.py:117} INFO - [2022-11-12T06:17:41.142+0000] {dag.py:3328} INFO - Setting next_dagrun for example_sla_dag to 2022-11-12T06:14:00+00:00, run_after=2022-11-12T06:16:00+00:00
[2022-11-12T06:17:41.222+0000] {processor.py:178} INFO - Processing /home/airflow/.local/lib/python3.7/site-packages/airflow/example_dags/example_sla_dag.py took 0.255 seconds
[2022-11-12T07:26:45.442+0000] {processor.py:156} INFO - Started process (PID=15050) to work on /home/airflow/.local/lib/python3.7/site-packages/airflow/example_dags/example_sla_dag.py
[2022-11-12T07:26:45.445+0000] {processor.py:758} INFO - Processing file /home/airflow/.local/lib/python3.7/site-packages/airflow/example_dags/example_sla_dag.py for tasks to queue
[2022-11-12T07:26:45.448+0000] {logging_mixin.py:117} INFO - [2022-11-12T07:26:45.447+0000] {dagbag.py:525} INFO - Filling up the DagBag from /home/airflow/.local/lib/python3.7/site-packages/airflow/example_dags/example_sla_dag.py
[2022-11-12T07:26:45.491+0000] {processor.py:768} INFO - DAG(s) dict_keys(['example_sla_dag']) retrieved from /home/airflow/.local/lib/python3.7/site-packages/airflow/example_dags/example_sla_dag.py
[2022-11-12T07:26:45.603+0000] {logging_mixin.py:117} INFO - [2022-11-12T07:26:45.603+0000] {dag.py:2573} INFO - Sync 1 DAGs
[2022-11-12T07:26:45.687+0000] {logging_mixin.py:117} INFO - [2022-11-12T07:26:45.686+0000] {dag.py:3328} INFO - Setting next_dagrun for example_sla_dag to 2022-11-12T07:24:00+00:00, run_after=2022-11-12T07:26:00+00:00
[2022-11-12T07:26:45.720+0000] {processor.py:178} INFO - Processing /home/airflow/.local/lib/python3.7/site-packages/airflow/example_dags/example_sla_dag.py took 0.283 seconds
[2022-11-12T08:48:52.527+0000] {processor.py:156} INFO - Started process (PID=15110) to work on /home/airflow/.local/lib/python3.7/site-packages/airflow/example_dags/example_sla_dag.py
[2022-11-12T08:48:52.552+0000] {processor.py:758} INFO - Processing file /home/airflow/.local/lib/python3.7/site-packages/airflow/example_dags/example_sla_dag.py for tasks to queue
[2022-11-12T08:48:52.576+0000] {logging_mixin.py:117} INFO - [2022-11-12T08:48:52.576+0000] {dagbag.py:525} INFO - Filling up the DagBag from /home/airflow/.local/lib/python3.7/site-packages/airflow/example_dags/example_sla_dag.py
[2022-11-12T08:48:52.690+0000] {processor.py:768} INFO - DAG(s) dict_keys(['example_sla_dag']) retrieved from /home/airflow/.local/lib/python3.7/site-packages/airflow/example_dags/example_sla_dag.py
[2022-11-12T08:48:52.857+0000] {logging_mixin.py:117} INFO - [2022-11-12T08:48:52.856+0000] {dag.py:2573} INFO - Sync 1 DAGs
[2022-11-12T08:48:52.995+0000] {logging_mixin.py:117} INFO - [2022-11-12T08:48:52.994+0000] {dag.py:3328} INFO - Setting next_dagrun for example_sla_dag to 2022-11-12T08:46:00+00:00, run_after=2022-11-12T08:48:00+00:00
[2022-11-12T08:48:53.134+0000] {processor.py:178} INFO - Processing /home/airflow/.local/lib/python3.7/site-packages/airflow/example_dags/example_sla_dag.py took 0.616 seconds
[2022-11-12T09:40:04.505+0000] {processor.py:156} INFO - Started process (PID=15167) to work on /home/airflow/.local/lib/python3.7/site-packages/airflow/example_dags/example_sla_dag.py
[2022-11-12T09:40:04.510+0000] {processor.py:758} INFO - Processing file /home/airflow/.local/lib/python3.7/site-packages/airflow/example_dags/example_sla_dag.py for tasks to queue
[2022-11-12T09:40:04.513+0000] {logging_mixin.py:117} INFO - [2022-11-12T09:40:04.513+0000] {dagbag.py:525} INFO - Filling up the DagBag from /home/airflow/.local/lib/python3.7/site-packages/airflow/example_dags/example_sla_dag.py
[2022-11-12T09:40:04.601+0000] {processor.py:768} INFO - DAG(s) dict_keys(['example_sla_dag']) retrieved from /home/airflow/.local/lib/python3.7/site-packages/airflow/example_dags/example_sla_dag.py
[2022-11-12T09:40:04.703+0000] {logging_mixin.py:117} INFO - [2022-11-12T09:40:04.703+0000] {dag.py:2573} INFO - Sync 1 DAGs
[2022-11-12T09:40:04.759+0000] {logging_mixin.py:117} INFO - [2022-11-12T09:40:04.758+0000] {dag.py:3328} INFO - Setting next_dagrun for example_sla_dag to 2022-11-12T09:38:00+00:00, run_after=2022-11-12T09:40:00+00:00
[2022-11-12T09:40:04.821+0000] {processor.py:178} INFO - Processing /home/airflow/.local/lib/python3.7/site-packages/airflow/example_dags/example_sla_dag.py took 0.327 seconds
[2022-11-12T11:02:40.207+0000] {processor.py:156} INFO - Started process (PID=15222) to work on /home/airflow/.local/lib/python3.7/site-packages/airflow/example_dags/example_sla_dag.py
[2022-11-12T11:02:40.212+0000] {processor.py:758} INFO - Processing file /home/airflow/.local/lib/python3.7/site-packages/airflow/example_dags/example_sla_dag.py for tasks to queue
[2022-11-12T11:02:40.216+0000] {logging_mixin.py:117} INFO - [2022-11-12T11:02:40.216+0000] {dagbag.py:525} INFO - Filling up the DagBag from /home/airflow/.local/lib/python3.7/site-packages/airflow/example_dags/example_sla_dag.py
[2022-11-12T11:02:40.322+0000] {processor.py:768} INFO - DAG(s) dict_keys(['example_sla_dag']) retrieved from /home/airflow/.local/lib/python3.7/site-packages/airflow/example_dags/example_sla_dag.py
[2022-11-12T11:02:40.401+0000] {logging_mixin.py:117} INFO - [2022-11-12T11:02:40.401+0000] {dag.py:2573} INFO - Sync 1 DAGs
[2022-11-12T11:02:40.466+0000] {logging_mixin.py:117} INFO - [2022-11-12T11:02:40.466+0000] {dag.py:3328} INFO - Setting next_dagrun for example_sla_dag to 2022-11-12T11:00:00+00:00, run_after=2022-11-12T11:02:00+00:00
[2022-11-12T11:02:40.525+0000] {processor.py:178} INFO - Processing /home/airflow/.local/lib/python3.7/site-packages/airflow/example_dags/example_sla_dag.py took 0.323 seconds
[2022-11-12T12:39:40.362+0000] {processor.py:156} INFO - Started process (PID=15277) to work on /home/airflow/.local/lib/python3.7/site-packages/airflow/example_dags/example_sla_dag.py
[2022-11-12T12:39:40.367+0000] {processor.py:758} INFO - Processing file /home/airflow/.local/lib/python3.7/site-packages/airflow/example_dags/example_sla_dag.py for tasks to queue
[2022-11-12T12:39:40.371+0000] {logging_mixin.py:117} INFO - [2022-11-12T12:39:40.370+0000] {dagbag.py:525} INFO - Filling up the DagBag from /home/airflow/.local/lib/python3.7/site-packages/airflow/example_dags/example_sla_dag.py
[2022-11-12T12:39:40.496+0000] {processor.py:768} INFO - DAG(s) dict_keys(['example_sla_dag']) retrieved from /home/airflow/.local/lib/python3.7/site-packages/airflow/example_dags/example_sla_dag.py
[2022-11-12T12:39:40.676+0000] {logging_mixin.py:117} INFO - [2022-11-12T12:39:40.676+0000] {dag.py:2573} INFO - Sync 1 DAGs
[2022-11-12T12:39:40.827+0000] {logging_mixin.py:117} INFO - [2022-11-12T12:39:40.827+0000] {dag.py:3328} INFO - Setting next_dagrun for example_sla_dag to 2022-11-12T12:36:00+00:00, run_after=2022-11-12T12:38:00+00:00
[2022-11-12T12:39:40.896+0000] {processor.py:178} INFO - Processing /home/airflow/.local/lib/python3.7/site-packages/airflow/example_dags/example_sla_dag.py took 0.622 seconds
[2022-11-12T14:03:43.342+0000] {processor.py:156} INFO - Started process (PID=15331) to work on /home/airflow/.local/lib/python3.7/site-packages/airflow/example_dags/example_sla_dag.py
[2022-11-12T14:03:43.344+0000] {processor.py:758} INFO - Processing file /home/airflow/.local/lib/python3.7/site-packages/airflow/example_dags/example_sla_dag.py for tasks to queue
[2022-11-12T14:03:43.345+0000] {logging_mixin.py:117} INFO - [2022-11-12T14:03:43.345+0000] {dagbag.py:525} INFO - Filling up the DagBag from /home/airflow/.local/lib/python3.7/site-packages/airflow/example_dags/example_sla_dag.py
[2022-11-12T14:03:43.359+0000] {processor.py:768} INFO - DAG(s) dict_keys(['example_sla_dag']) retrieved from /home/airflow/.local/lib/python3.7/site-packages/airflow/example_dags/example_sla_dag.py
[2022-11-12T14:03:43.383+0000] {logging_mixin.py:117} INFO - [2022-11-12T14:03:43.382+0000] {dag.py:2573} INFO - Sync 1 DAGs
[2022-11-12T14:03:43.398+0000] {logging_mixin.py:117} INFO - [2022-11-12T14:03:43.398+0000] {dag.py:3328} INFO - Setting next_dagrun for example_sla_dag to 2022-11-12T14:00:00+00:00, run_after=2022-11-12T14:02:00+00:00
[2022-11-12T14:03:43.410+0000] {processor.py:178} INFO - Processing /home/airflow/.local/lib/python3.7/site-packages/airflow/example_dags/example_sla_dag.py took 0.071 seconds
[2022-11-12T15:28:42.028+0000] {processor.py:156} INFO - Started process (PID=15396) to work on /home/airflow/.local/lib/python3.7/site-packages/airflow/example_dags/example_sla_dag.py
[2022-11-12T15:28:42.031+0000] {processor.py:758} INFO - Processing file /home/airflow/.local/lib/python3.7/site-packages/airflow/example_dags/example_sla_dag.py for tasks to queue
[2022-11-12T15:28:42.033+0000] {logging_mixin.py:117} INFO - [2022-11-12T15:28:42.033+0000] {dagbag.py:525} INFO - Filling up the DagBag from /home/airflow/.local/lib/python3.7/site-packages/airflow/example_dags/example_sla_dag.py
[2022-11-12T15:28:42.061+0000] {processor.py:768} INFO - DAG(s) dict_keys(['example_sla_dag']) retrieved from /home/airflow/.local/lib/python3.7/site-packages/airflow/example_dags/example_sla_dag.py
[2022-11-12T15:28:42.112+0000] {logging_mixin.py:117} INFO - [2022-11-12T15:28:42.111+0000] {dag.py:2573} INFO - Sync 1 DAGs
[2022-11-12T15:28:42.149+0000] {logging_mixin.py:117} INFO - [2022-11-12T15:28:42.149+0000] {dag.py:3328} INFO - Setting next_dagrun for example_sla_dag to 2022-11-12T15:26:00+00:00, run_after=2022-11-12T15:28:00+00:00
[2022-11-12T15:28:42.182+0000] {processor.py:178} INFO - Processing /home/airflow/.local/lib/python3.7/site-packages/airflow/example_dags/example_sla_dag.py took 0.156 seconds
[2022-11-12T16:51:19.484+0000] {processor.py:156} INFO - Started process (PID=15452) to work on /home/airflow/.local/lib/python3.7/site-packages/airflow/example_dags/example_sla_dag.py
[2022-11-12T16:51:19.487+0000] {processor.py:758} INFO - Processing file /home/airflow/.local/lib/python3.7/site-packages/airflow/example_dags/example_sla_dag.py for tasks to queue
[2022-11-12T16:51:19.488+0000] {logging_mixin.py:117} INFO - [2022-11-12T16:51:19.488+0000] {dagbag.py:525} INFO - Filling up the DagBag from /home/airflow/.local/lib/python3.7/site-packages/airflow/example_dags/example_sla_dag.py
[2022-11-12T16:51:19.511+0000] {processor.py:768} INFO - DAG(s) dict_keys(['example_sla_dag']) retrieved from /home/airflow/.local/lib/python3.7/site-packages/airflow/example_dags/example_sla_dag.py
[2022-11-12T16:51:19.567+0000] {logging_mixin.py:117} INFO - [2022-11-12T16:51:19.566+0000] {dag.py:2573} INFO - Sync 1 DAGs
[2022-11-12T16:51:19.606+0000] {logging_mixin.py:117} INFO - [2022-11-12T16:51:19.606+0000] {dag.py:3328} INFO - Setting next_dagrun for example_sla_dag to 2022-11-12T16:48:00+00:00, run_after=2022-11-12T16:50:00+00:00
[2022-11-12T16:51:19.634+0000] {processor.py:178} INFO - Processing /home/airflow/.local/lib/python3.7/site-packages/airflow/example_dags/example_sla_dag.py took 0.153 seconds
[2022-11-12T18:32:35.445+0000] {processor.py:156} INFO - Started process (PID=15516) to work on /home/airflow/.local/lib/python3.7/site-packages/airflow/example_dags/example_sla_dag.py
[2022-11-12T18:32:35.451+0000] {processor.py:758} INFO - Processing file /home/airflow/.local/lib/python3.7/site-packages/airflow/example_dags/example_sla_dag.py for tasks to queue
[2022-11-12T18:32:35.455+0000] {logging_mixin.py:117} INFO - [2022-11-12T18:32:35.455+0000] {dagbag.py:525} INFO - Filling up the DagBag from /home/airflow/.local/lib/python3.7/site-packages/airflow/example_dags/example_sla_dag.py
[2022-11-12T18:32:35.507+0000] {processor.py:768} INFO - DAG(s) dict_keys(['example_sla_dag']) retrieved from /home/airflow/.local/lib/python3.7/site-packages/airflow/example_dags/example_sla_dag.py
[2022-11-12T18:32:35.695+0000] {logging_mixin.py:117} INFO - [2022-11-12T18:32:35.695+0000] {dag.py:2573} INFO - Sync 1 DAGs
[2022-11-12T18:32:35.732+0000] {logging_mixin.py:117} INFO - [2022-11-12T18:32:35.732+0000] {dag.py:3328} INFO - Setting next_dagrun for example_sla_dag to 2022-11-12T18:30:00+00:00, run_after=2022-11-12T18:32:00+00:00
[2022-11-12T18:32:35.749+0000] {processor.py:178} INFO - Processing /home/airflow/.local/lib/python3.7/site-packages/airflow/example_dags/example_sla_dag.py took 0.307 seconds
[2022-11-12T19:24:27.466+0000] {processor.py:156} INFO - Started process (PID=15572) to work on /home/airflow/.local/lib/python3.7/site-packages/airflow/example_dags/example_sla_dag.py
[2022-11-12T19:24:27.470+0000] {processor.py:758} INFO - Processing file /home/airflow/.local/lib/python3.7/site-packages/airflow/example_dags/example_sla_dag.py for tasks to queue
[2022-11-12T19:24:27.474+0000] {logging_mixin.py:117} INFO - [2022-11-12T19:24:27.474+0000] {dagbag.py:525} INFO - Filling up the DagBag from /home/airflow/.local/lib/python3.7/site-packages/airflow/example_dags/example_sla_dag.py
[2022-11-12T19:24:27.522+0000] {processor.py:768} INFO - DAG(s) dict_keys(['example_sla_dag']) retrieved from /home/airflow/.local/lib/python3.7/site-packages/airflow/example_dags/example_sla_dag.py
[2022-11-12T19:24:27.628+0000] {logging_mixin.py:117} INFO - [2022-11-12T19:24:27.628+0000] {dag.py:2573} INFO - Sync 1 DAGs
[2022-11-12T19:24:27.682+0000] {logging_mixin.py:117} INFO - [2022-11-12T19:24:27.682+0000] {dag.py:3328} INFO - Setting next_dagrun for example_sla_dag to 2022-11-12T19:22:00+00:00, run_after=2022-11-12T19:24:00+00:00
[2022-11-12T19:24:27.728+0000] {processor.py:178} INFO - Processing /home/airflow/.local/lib/python3.7/site-packages/airflow/example_dags/example_sla_dag.py took 0.269 seconds
