[2022-11-12T00:30:40.903+0000] {processor.py:156} INFO - Started process (PID=14735) to work on /home/airflow/.local/lib/python3.7/site-packages/airflow/example_dags/example_task_group_decorator.py
[2022-11-12T00:30:40.905+0000] {processor.py:758} INFO - Processing file /home/airflow/.local/lib/python3.7/site-packages/airflow/example_dags/example_task_group_decorator.py for tasks to queue
[2022-11-12T00:30:40.910+0000] {logging_mixin.py:117} INFO - [2022-11-12T00:30:40.910+0000] {dagbag.py:525} INFO - Filling up the DagBag from /home/airflow/.local/lib/python3.7/site-packages/airflow/example_dags/example_task_group_decorator.py
[2022-11-12T00:30:40.971+0000] {processor.py:768} INFO - DAG(s) dict_keys(['example_task_group_decorator']) retrieved from /home/airflow/.local/lib/python3.7/site-packages/airflow/example_dags/example_task_group_decorator.py
[2022-11-12T00:30:41.105+0000] {logging_mixin.py:117} INFO - [2022-11-12T00:30:41.104+0000] {dag.py:2573} INFO - Sync 1 DAGs
[2022-11-12T00:30:41.173+0000] {logging_mixin.py:117} INFO - [2022-11-12T00:30:41.173+0000] {dag.py:3328} INFO - Setting next_dagrun for example_task_group_decorator to 2022-11-11T00:30:41.172258+00:00, run_after=2022-11-12T00:30:41.172258+00:00
[2022-11-12T00:30:41.222+0000] {processor.py:178} INFO - Processing /home/airflow/.local/lib/python3.7/site-packages/airflow/example_dags/example_task_group_decorator.py took 0.321 seconds
[2022-11-12T01:50:01.438+0000] {processor.py:156} INFO - Started process (PID=14800) to work on /home/airflow/.local/lib/python3.7/site-packages/airflow/example_dags/example_task_group_decorator.py
[2022-11-12T01:50:01.478+0000] {processor.py:758} INFO - Processing file /home/airflow/.local/lib/python3.7/site-packages/airflow/example_dags/example_task_group_decorator.py for tasks to queue
[2022-11-12T01:50:01.486+0000] {logging_mixin.py:117} INFO - [2022-11-12T01:50:01.485+0000] {dagbag.py:525} INFO - Filling up the DagBag from /home/airflow/.local/lib/python3.7/site-packages/airflow/example_dags/example_task_group_decorator.py
[2022-11-12T01:50:01.544+0000] {processor.py:768} INFO - DAG(s) dict_keys(['example_task_group_decorator']) retrieved from /home/airflow/.local/lib/python3.7/site-packages/airflow/example_dags/example_task_group_decorator.py
[2022-11-12T01:50:01.724+0000] {logging_mixin.py:117} INFO - [2022-11-12T01:50:01.724+0000] {dag.py:2573} INFO - Sync 1 DAGs
[2022-11-12T01:50:01.765+0000] {logging_mixin.py:117} INFO - [2022-11-12T01:50:01.765+0000] {dag.py:3328} INFO - Setting next_dagrun for example_task_group_decorator to 2022-11-11T01:50:01.763099+00:00, run_after=2022-11-12T01:50:01.763099+00:00
[2022-11-12T01:50:01.820+0000] {processor.py:178} INFO - Processing /home/airflow/.local/lib/python3.7/site-packages/airflow/example_dags/example_task_group_decorator.py took 0.412 seconds
[2022-11-12T03:17:06.742+0000] {processor.py:156} INFO - Started process (PID=14854) to work on /home/airflow/.local/lib/python3.7/site-packages/airflow/example_dags/example_task_group_decorator.py
[2022-11-12T03:17:06.744+0000] {processor.py:758} INFO - Processing file /home/airflow/.local/lib/python3.7/site-packages/airflow/example_dags/example_task_group_decorator.py for tasks to queue
[2022-11-12T03:17:06.748+0000] {logging_mixin.py:117} INFO - [2022-11-12T03:17:06.748+0000] {dagbag.py:525} INFO - Filling up the DagBag from /home/airflow/.local/lib/python3.7/site-packages/airflow/example_dags/example_task_group_decorator.py
[2022-11-12T03:17:06.812+0000] {processor.py:768} INFO - DAG(s) dict_keys(['example_task_group_decorator']) retrieved from /home/airflow/.local/lib/python3.7/site-packages/airflow/example_dags/example_task_group_decorator.py
[2022-11-12T03:17:06.921+0000] {logging_mixin.py:117} INFO - [2022-11-12T03:17:06.920+0000] {dag.py:2573} INFO - Sync 1 DAGs
[2022-11-12T03:17:06.957+0000] {logging_mixin.py:117} INFO - [2022-11-12T03:17:06.956+0000] {dag.py:3328} INFO - Setting next_dagrun for example_task_group_decorator to 2022-11-11T03:17:06.954036+00:00, run_after=2022-11-12T03:17:06.954036+00:00
[2022-11-12T03:17:06.982+0000] {processor.py:178} INFO - Processing /home/airflow/.local/lib/python3.7/site-packages/airflow/example_dags/example_task_group_decorator.py took 0.246 seconds
[2022-11-12T04:38:47.325+0000] {processor.py:156} INFO - Started process (PID=14917) to work on /home/airflow/.local/lib/python3.7/site-packages/airflow/example_dags/example_task_group_decorator.py
[2022-11-12T04:38:47.344+0000] {processor.py:758} INFO - Processing file /home/airflow/.local/lib/python3.7/site-packages/airflow/example_dags/example_task_group_decorator.py for tasks to queue
[2022-11-12T04:38:47.356+0000] {logging_mixin.py:117} INFO - [2022-11-12T04:38:47.356+0000] {dagbag.py:525} INFO - Filling up the DagBag from /home/airflow/.local/lib/python3.7/site-packages/airflow/example_dags/example_task_group_decorator.py
[2022-11-12T04:38:47.629+0000] {processor.py:768} INFO - DAG(s) dict_keys(['example_task_group_decorator']) retrieved from /home/airflow/.local/lib/python3.7/site-packages/airflow/example_dags/example_task_group_decorator.py
[2022-11-12T04:38:48.271+0000] {logging_mixin.py:117} INFO - [2022-11-12T04:38:48.270+0000] {dag.py:2573} INFO - Sync 1 DAGs
[2022-11-12T04:38:48.363+0000] {logging_mixin.py:117} INFO - [2022-11-12T04:38:48.362+0000] {dag.py:3328} INFO - Setting next_dagrun for example_task_group_decorator to 2022-11-11T04:38:48.360978+00:00, run_after=2022-11-12T04:38:48.360978+00:00
[2022-11-12T04:38:48.445+0000] {processor.py:178} INFO - Processing /home/airflow/.local/lib/python3.7/site-packages/airflow/example_dags/example_task_group_decorator.py took 1.159 seconds
[2022-11-12T06:17:36.614+0000] {processor.py:156} INFO - Started process (PID=14972) to work on /home/airflow/.local/lib/python3.7/site-packages/airflow/example_dags/example_task_group_decorator.py
[2022-11-12T06:17:36.620+0000] {processor.py:758} INFO - Processing file /home/airflow/.local/lib/python3.7/site-packages/airflow/example_dags/example_task_group_decorator.py for tasks to queue
[2022-11-12T06:17:36.625+0000] {logging_mixin.py:117} INFO - [2022-11-12T06:17:36.624+0000] {dagbag.py:525} INFO - Filling up the DagBag from /home/airflow/.local/lib/python3.7/site-packages/airflow/example_dags/example_task_group_decorator.py
[2022-11-12T06:17:36.815+0000] {processor.py:768} INFO - DAG(s) dict_keys(['example_task_group_decorator']) retrieved from /home/airflow/.local/lib/python3.7/site-packages/airflow/example_dags/example_task_group_decorator.py
[2022-11-12T06:17:37.308+0000] {logging_mixin.py:117} INFO - [2022-11-12T06:17:37.308+0000] {dag.py:2573} INFO - Sync 1 DAGs
[2022-11-12T06:17:37.393+0000] {logging_mixin.py:117} INFO - [2022-11-12T06:17:37.393+0000] {dag.py:3328} INFO - Setting next_dagrun for example_task_group_decorator to 2022-11-11T06:17:37.392774+00:00, run_after=2022-11-12T06:17:37.392774+00:00
[2022-11-12T06:17:37.563+0000] {processor.py:178} INFO - Processing /home/airflow/.local/lib/python3.7/site-packages/airflow/example_dags/example_task_group_decorator.py took 0.958 seconds
[2022-11-12T07:26:38.670+0000] {processor.py:156} INFO - Started process (PID=15027) to work on /home/airflow/.local/lib/python3.7/site-packages/airflow/example_dags/example_task_group_decorator.py
[2022-11-12T07:26:38.685+0000] {processor.py:758} INFO - Processing file /home/airflow/.local/lib/python3.7/site-packages/airflow/example_dags/example_task_group_decorator.py for tasks to queue
[2022-11-12T07:26:38.690+0000] {logging_mixin.py:117} INFO - [2022-11-12T07:26:38.690+0000] {dagbag.py:525} INFO - Filling up the DagBag from /home/airflow/.local/lib/python3.7/site-packages/airflow/example_dags/example_task_group_decorator.py
[2022-11-12T07:26:38.870+0000] {processor.py:768} INFO - DAG(s) dict_keys(['example_task_group_decorator']) retrieved from /home/airflow/.local/lib/python3.7/site-packages/airflow/example_dags/example_task_group_decorator.py
[2022-11-12T07:26:39.292+0000] {logging_mixin.py:117} INFO - [2022-11-12T07:26:39.291+0000] {dag.py:2573} INFO - Sync 1 DAGs
[2022-11-12T07:26:39.472+0000] {logging_mixin.py:117} INFO - [2022-11-12T07:26:39.471+0000] {dag.py:3328} INFO - Setting next_dagrun for example_task_group_decorator to 2022-11-11T07:26:39.470184+00:00, run_after=2022-11-12T07:26:39.470184+00:00
[2022-11-12T07:26:39.779+0000] {processor.py:178} INFO - Processing /home/airflow/.local/lib/python3.7/site-packages/airflow/example_dags/example_task_group_decorator.py took 1.126 seconds
[2022-11-12T08:48:47.156+0000] {processor.py:156} INFO - Started process (PID=15090) to work on /home/airflow/.local/lib/python3.7/site-packages/airflow/example_dags/example_task_group_decorator.py
[2022-11-12T08:48:47.172+0000] {processor.py:758} INFO - Processing file /home/airflow/.local/lib/python3.7/site-packages/airflow/example_dags/example_task_group_decorator.py for tasks to queue
[2022-11-12T08:48:47.176+0000] {logging_mixin.py:117} INFO - [2022-11-12T08:48:47.175+0000] {dagbag.py:525} INFO - Filling up the DagBag from /home/airflow/.local/lib/python3.7/site-packages/airflow/example_dags/example_task_group_decorator.py
[2022-11-12T08:48:47.367+0000] {processor.py:768} INFO - DAG(s) dict_keys(['example_task_group_decorator']) retrieved from /home/airflow/.local/lib/python3.7/site-packages/airflow/example_dags/example_task_group_decorator.py
[2022-11-12T08:48:47.527+0000] {logging_mixin.py:117} INFO - [2022-11-12T08:48:47.526+0000] {dag.py:2573} INFO - Sync 1 DAGs
[2022-11-12T08:48:47.690+0000] {logging_mixin.py:117} INFO - [2022-11-12T08:48:47.690+0000] {dag.py:3328} INFO - Setting next_dagrun for example_task_group_decorator to 2022-11-11T08:48:47.688066+00:00, run_after=2022-11-12T08:48:47.688066+00:00
[2022-11-12T08:48:47.842+0000] {processor.py:178} INFO - Processing /home/airflow/.local/lib/python3.7/site-packages/airflow/example_dags/example_task_group_decorator.py took 0.697 seconds
[2022-11-12T09:39:59.364+0000] {processor.py:156} INFO - Started process (PID=15144) to work on /home/airflow/.local/lib/python3.7/site-packages/airflow/example_dags/example_task_group_decorator.py
[2022-11-12T09:39:59.374+0000] {processor.py:758} INFO - Processing file /home/airflow/.local/lib/python3.7/site-packages/airflow/example_dags/example_task_group_decorator.py for tasks to queue
[2022-11-12T09:39:59.375+0000] {logging_mixin.py:117} INFO - [2022-11-12T09:39:59.375+0000] {dagbag.py:525} INFO - Filling up the DagBag from /home/airflow/.local/lib/python3.7/site-packages/airflow/example_dags/example_task_group_decorator.py
[2022-11-12T09:39:59.464+0000] {processor.py:768} INFO - DAG(s) dict_keys(['example_task_group_decorator']) retrieved from /home/airflow/.local/lib/python3.7/site-packages/airflow/example_dags/example_task_group_decorator.py
[2022-11-12T09:39:59.682+0000] {logging_mixin.py:117} INFO - [2022-11-12T09:39:59.681+0000] {dag.py:2573} INFO - Sync 1 DAGs
[2022-11-12T09:39:59.795+0000] {logging_mixin.py:117} INFO - [2022-11-12T09:39:59.795+0000] {dag.py:3328} INFO - Setting next_dagrun for example_task_group_decorator to 2022-11-11T09:39:59.792726+00:00, run_after=2022-11-12T09:39:59.792726+00:00
[2022-11-12T09:39:59.855+0000] {processor.py:178} INFO - Processing /home/airflow/.local/lib/python3.7/site-packages/airflow/example_dags/example_task_group_decorator.py took 0.574 seconds
[2022-11-12T11:02:33.360+0000] {processor.py:156} INFO - Started process (PID=15206) to work on /home/airflow/.local/lib/python3.7/site-packages/airflow/example_dags/example_task_group_decorator.py
[2022-11-12T11:02:33.363+0000] {processor.py:758} INFO - Processing file /home/airflow/.local/lib/python3.7/site-packages/airflow/example_dags/example_task_group_decorator.py for tasks to queue
[2022-11-12T11:02:33.366+0000] {logging_mixin.py:117} INFO - [2022-11-12T11:02:33.366+0000] {dagbag.py:525} INFO - Filling up the DagBag from /home/airflow/.local/lib/python3.7/site-packages/airflow/example_dags/example_task_group_decorator.py
[2022-11-12T11:02:33.770+0000] {processor.py:768} INFO - DAG(s) dict_keys(['example_task_group_decorator']) retrieved from /home/airflow/.local/lib/python3.7/site-packages/airflow/example_dags/example_task_group_decorator.py
[2022-11-12T11:02:34.156+0000] {logging_mixin.py:117} INFO - [2022-11-12T11:02:34.155+0000] {dag.py:2573} INFO - Sync 1 DAGs
[2022-11-12T11:02:34.370+0000] {logging_mixin.py:117} INFO - [2022-11-12T11:02:34.370+0000] {dag.py:3328} INFO - Setting next_dagrun for example_task_group_decorator to 2022-11-11T11:02:34.366303+00:00, run_after=2022-11-12T11:02:34.366303+00:00
[2022-11-12T11:02:34.473+0000] {processor.py:178} INFO - Processing /home/airflow/.local/lib/python3.7/site-packages/airflow/example_dags/example_task_group_decorator.py took 1.135 seconds
[2022-11-12T12:39:34.148+0000] {processor.py:156} INFO - Started process (PID=15254) to work on /home/airflow/.local/lib/python3.7/site-packages/airflow/example_dags/example_task_group_decorator.py
[2022-11-12T12:39:34.154+0000] {processor.py:758} INFO - Processing file /home/airflow/.local/lib/python3.7/site-packages/airflow/example_dags/example_task_group_decorator.py for tasks to queue
[2022-11-12T12:39:34.156+0000] {logging_mixin.py:117} INFO - [2022-11-12T12:39:34.156+0000] {dagbag.py:525} INFO - Filling up the DagBag from /home/airflow/.local/lib/python3.7/site-packages/airflow/example_dags/example_task_group_decorator.py
[2022-11-12T12:39:34.268+0000] {processor.py:768} INFO - DAG(s) dict_keys(['example_task_group_decorator']) retrieved from /home/airflow/.local/lib/python3.7/site-packages/airflow/example_dags/example_task_group_decorator.py
[2022-11-12T12:39:34.656+0000] {logging_mixin.py:117} INFO - [2022-11-12T12:39:34.656+0000] {dag.py:2573} INFO - Sync 1 DAGs
[2022-11-12T12:39:34.789+0000] {logging_mixin.py:117} INFO - [2022-11-12T12:39:34.789+0000] {dag.py:3328} INFO - Setting next_dagrun for example_task_group_decorator to 2022-11-11T12:39:34.788730+00:00, run_after=2022-11-12T12:39:34.788730+00:00
[2022-11-12T12:39:34.840+0000] {processor.py:178} INFO - Processing /home/airflow/.local/lib/python3.7/site-packages/airflow/example_dags/example_task_group_decorator.py took 0.696 seconds
[2022-11-12T14:03:42.597+0000] {processor.py:156} INFO - Started process (PID=15317) to work on /home/airflow/.local/lib/python3.7/site-packages/airflow/example_dags/example_task_group_decorator.py
[2022-11-12T14:03:42.598+0000] {processor.py:758} INFO - Processing file /home/airflow/.local/lib/python3.7/site-packages/airflow/example_dags/example_task_group_decorator.py for tasks to queue
[2022-11-12T14:03:42.599+0000] {logging_mixin.py:117} INFO - [2022-11-12T14:03:42.599+0000] {dagbag.py:525} INFO - Filling up the DagBag from /home/airflow/.local/lib/python3.7/site-packages/airflow/example_dags/example_task_group_decorator.py
[2022-11-12T14:03:42.622+0000] {processor.py:768} INFO - DAG(s) dict_keys(['example_task_group_decorator']) retrieved from /home/airflow/.local/lib/python3.7/site-packages/airflow/example_dags/example_task_group_decorator.py
[2022-11-12T14:03:42.654+0000] {logging_mixin.py:117} INFO - [2022-11-12T14:03:42.654+0000] {dag.py:2573} INFO - Sync 1 DAGs
[2022-11-12T14:03:42.672+0000] {logging_mixin.py:117} INFO - [2022-11-12T14:03:42.672+0000] {dag.py:3328} INFO - Setting next_dagrun for example_task_group_decorator to 2022-11-11T14:03:42.671999+00:00, run_after=2022-11-12T14:03:42.671999+00:00
[2022-11-12T14:03:42.690+0000] {processor.py:178} INFO - Processing /home/airflow/.local/lib/python3.7/site-packages/airflow/example_dags/example_task_group_decorator.py took 0.096 seconds
[2022-11-12T15:28:35.786+0000] {processor.py:156} INFO - Started process (PID=15373) to work on /home/airflow/.local/lib/python3.7/site-packages/airflow/example_dags/example_task_group_decorator.py
[2022-11-12T15:28:35.790+0000] {processor.py:758} INFO - Processing file /home/airflow/.local/lib/python3.7/site-packages/airflow/example_dags/example_task_group_decorator.py for tasks to queue
[2022-11-12T15:28:35.794+0000] {logging_mixin.py:117} INFO - [2022-11-12T15:28:35.794+0000] {dagbag.py:525} INFO - Filling up the DagBag from /home/airflow/.local/lib/python3.7/site-packages/airflow/example_dags/example_task_group_decorator.py
[2022-11-12T15:28:35.856+0000] {processor.py:768} INFO - DAG(s) dict_keys(['example_task_group_decorator']) retrieved from /home/airflow/.local/lib/python3.7/site-packages/airflow/example_dags/example_task_group_decorator.py
[2022-11-12T15:28:36.211+0000] {logging_mixin.py:117} INFO - [2022-11-12T15:28:36.210+0000] {dag.py:2573} INFO - Sync 1 DAGs
[2022-11-12T15:28:36.251+0000] {logging_mixin.py:117} INFO - [2022-11-12T15:28:36.251+0000] {dag.py:3328} INFO - Setting next_dagrun for example_task_group_decorator to 2022-11-11T15:28:36.250920+00:00, run_after=2022-11-12T15:28:36.250920+00:00
[2022-11-12T15:28:36.334+0000] {processor.py:178} INFO - Processing /home/airflow/.local/lib/python3.7/site-packages/airflow/example_dags/example_task_group_decorator.py took 0.553 seconds
[2022-11-12T16:51:17.065+0000] {processor.py:156} INFO - Started process (PID=15438) to work on /home/airflow/.local/lib/python3.7/site-packages/airflow/example_dags/example_task_group_decorator.py
[2022-11-12T16:51:17.069+0000] {processor.py:758} INFO - Processing file /home/airflow/.local/lib/python3.7/site-packages/airflow/example_dags/example_task_group_decorator.py for tasks to queue
[2022-11-12T16:51:17.073+0000] {logging_mixin.py:117} INFO - [2022-11-12T16:51:17.073+0000] {dagbag.py:525} INFO - Filling up the DagBag from /home/airflow/.local/lib/python3.7/site-packages/airflow/example_dags/example_task_group_decorator.py
[2022-11-12T16:51:17.115+0000] {processor.py:768} INFO - DAG(s) dict_keys(['example_task_group_decorator']) retrieved from /home/airflow/.local/lib/python3.7/site-packages/airflow/example_dags/example_task_group_decorator.py
[2022-11-12T16:51:17.240+0000] {logging_mixin.py:117} INFO - [2022-11-12T16:51:17.240+0000] {dag.py:2573} INFO - Sync 1 DAGs
[2022-11-12T16:51:17.330+0000] {logging_mixin.py:117} INFO - [2022-11-12T16:51:17.330+0000] {dag.py:3328} INFO - Setting next_dagrun for example_task_group_decorator to 2022-11-11T16:51:17.330094+00:00, run_after=2022-11-12T16:51:17.330094+00:00
[2022-11-12T16:51:17.405+0000] {processor.py:178} INFO - Processing /home/airflow/.local/lib/python3.7/site-packages/airflow/example_dags/example_task_group_decorator.py took 0.346 seconds
[2022-11-12T18:32:28.753+0000] {processor.py:156} INFO - Started process (PID=15502) to work on /home/airflow/.local/lib/python3.7/site-packages/airflow/example_dags/example_task_group_decorator.py
[2022-11-12T18:32:28.763+0000] {processor.py:758} INFO - Processing file /home/airflow/.local/lib/python3.7/site-packages/airflow/example_dags/example_task_group_decorator.py for tasks to queue
[2022-11-12T18:32:28.790+0000] {logging_mixin.py:117} INFO - [2022-11-12T18:32:28.789+0000] {dagbag.py:525} INFO - Filling up the DagBag from /home/airflow/.local/lib/python3.7/site-packages/airflow/example_dags/example_task_group_decorator.py
[2022-11-12T18:32:29.087+0000] {processor.py:768} INFO - DAG(s) dict_keys(['example_task_group_decorator']) retrieved from /home/airflow/.local/lib/python3.7/site-packages/airflow/example_dags/example_task_group_decorator.py
[2022-11-12T18:32:29.533+0000] {logging_mixin.py:117} INFO - [2022-11-12T18:32:29.532+0000] {dag.py:2573} INFO - Sync 1 DAGs
[2022-11-12T18:32:29.587+0000] {logging_mixin.py:117} INFO - [2022-11-12T18:32:29.586+0000] {dag.py:3328} INFO - Setting next_dagrun for example_task_group_decorator to 2022-11-11T18:32:29.586427+00:00, run_after=2022-11-12T18:32:29.586427+00:00
[2022-11-12T18:32:29.722+0000] {processor.py:178} INFO - Processing /home/airflow/.local/lib/python3.7/site-packages/airflow/example_dags/example_task_group_decorator.py took 0.983 seconds
[2022-11-12T19:24:22.306+0000] {processor.py:156} INFO - Started process (PID=15558) to work on /home/airflow/.local/lib/python3.7/site-packages/airflow/example_dags/example_task_group_decorator.py
[2022-11-12T19:24:22.314+0000] {processor.py:758} INFO - Processing file /home/airflow/.local/lib/python3.7/site-packages/airflow/example_dags/example_task_group_decorator.py for tasks to queue
[2022-11-12T19:24:22.317+0000] {logging_mixin.py:117} INFO - [2022-11-12T19:24:22.317+0000] {dagbag.py:525} INFO - Filling up the DagBag from /home/airflow/.local/lib/python3.7/site-packages/airflow/example_dags/example_task_group_decorator.py
[2022-11-12T19:24:22.430+0000] {processor.py:768} INFO - DAG(s) dict_keys(['example_task_group_decorator']) retrieved from /home/airflow/.local/lib/python3.7/site-packages/airflow/example_dags/example_task_group_decorator.py
[2022-11-12T19:24:22.713+0000] {logging_mixin.py:117} INFO - [2022-11-12T19:24:22.711+0000] {dag.py:2573} INFO - Sync 1 DAGs
[2022-11-12T19:24:22.855+0000] {logging_mixin.py:117} INFO - [2022-11-12T19:24:22.854+0000] {dag.py:3328} INFO - Setting next_dagrun for example_task_group_decorator to 2022-11-11T19:24:22.853976+00:00, run_after=2022-11-12T19:24:22.853976+00:00
[2022-11-12T19:24:22.948+0000] {processor.py:178} INFO - Processing /home/airflow/.local/lib/python3.7/site-packages/airflow/example_dags/example_task_group_decorator.py took 0.655 seconds
