[2022-11-12T00:30:40.772+0000] {processor.py:156} INFO - Started process (PID=14734) to work on /home/airflow/.local/lib/python3.7/site-packages/airflow/example_dags/example_trigger_controller_dag.py
[2022-11-12T00:30:40.773+0000] {processor.py:758} INFO - Processing file /home/airflow/.local/lib/python3.7/site-packages/airflow/example_dags/example_trigger_controller_dag.py for tasks to queue
[2022-11-12T00:30:40.775+0000] {logging_mixin.py:117} INFO - [2022-11-12T00:30:40.775+0000] {dagbag.py:525} INFO - Filling up the DagBag from /home/airflow/.local/lib/python3.7/site-packages/airflow/example_dags/example_trigger_controller_dag.py
[2022-11-12T00:30:40.785+0000] {processor.py:768} INFO - DAG(s) dict_keys(['example_trigger_controller_dag']) retrieved from /home/airflow/.local/lib/python3.7/site-packages/airflow/example_dags/example_trigger_controller_dag.py
[2022-11-12T00:30:40.831+0000] {logging_mixin.py:117} INFO - [2022-11-12T00:30:40.831+0000] {dag.py:2573} INFO - Sync 1 DAGs
[2022-11-12T00:30:40.861+0000] {logging_mixin.py:117} INFO - [2022-11-12T00:30:40.861+0000] {dag.py:3328} INFO - Setting next_dagrun for example_trigger_controller_dag to 2021-01-01T00:00:00+00:00, run_after=2021-01-01T00:00:00+00:00
[2022-11-12T00:30:40.899+0000] {processor.py:178} INFO - Processing /home/airflow/.local/lib/python3.7/site-packages/airflow/example_dags/example_trigger_controller_dag.py took 0.130 seconds
[2022-11-12T01:50:00.843+0000] {processor.py:156} INFO - Started process (PID=14799) to work on /home/airflow/.local/lib/python3.7/site-packages/airflow/example_dags/example_trigger_controller_dag.py
[2022-11-12T01:50:00.936+0000] {processor.py:758} INFO - Processing file /home/airflow/.local/lib/python3.7/site-packages/airflow/example_dags/example_trigger_controller_dag.py for tasks to queue
[2022-11-12T01:50:00.943+0000] {logging_mixin.py:117} INFO - [2022-11-12T01:50:00.942+0000] {dagbag.py:525} INFO - Filling up the DagBag from /home/airflow/.local/lib/python3.7/site-packages/airflow/example_dags/example_trigger_controller_dag.py
[2022-11-12T01:50:01.133+0000] {processor.py:768} INFO - DAG(s) dict_keys(['example_trigger_controller_dag']) retrieved from /home/airflow/.local/lib/python3.7/site-packages/airflow/example_dags/example_trigger_controller_dag.py
[2022-11-12T01:50:01.438+0000] {logging_mixin.py:117} INFO - [2022-11-12T01:50:01.438+0000] {dag.py:2573} INFO - Sync 1 DAGs
[2022-11-12T01:50:01.593+0000] {logging_mixin.py:117} INFO - [2022-11-12T01:50:01.593+0000] {dag.py:3328} INFO - Setting next_dagrun for example_trigger_controller_dag to 2021-01-01T00:00:00+00:00, run_after=2021-01-01T00:00:00+00:00
[2022-11-12T01:50:01.712+0000] {processor.py:178} INFO - Processing /home/airflow/.local/lib/python3.7/site-packages/airflow/example_dags/example_trigger_controller_dag.py took 1.002 seconds
[2022-11-12T03:17:06.380+0000] {processor.py:156} INFO - Started process (PID=14853) to work on /home/airflow/.local/lib/python3.7/site-packages/airflow/example_dags/example_trigger_controller_dag.py
[2022-11-12T03:17:06.385+0000] {processor.py:758} INFO - Processing file /home/airflow/.local/lib/python3.7/site-packages/airflow/example_dags/example_trigger_controller_dag.py for tasks to queue
[2022-11-12T03:17:06.399+0000] {logging_mixin.py:117} INFO - [2022-11-12T03:17:06.399+0000] {dagbag.py:525} INFO - Filling up the DagBag from /home/airflow/.local/lib/python3.7/site-packages/airflow/example_dags/example_trigger_controller_dag.py
[2022-11-12T03:17:06.434+0000] {processor.py:768} INFO - DAG(s) dict_keys(['example_trigger_controller_dag']) retrieved from /home/airflow/.local/lib/python3.7/site-packages/airflow/example_dags/example_trigger_controller_dag.py
[2022-11-12T03:17:06.510+0000] {logging_mixin.py:117} INFO - [2022-11-12T03:17:06.510+0000] {dag.py:2573} INFO - Sync 1 DAGs
[2022-11-12T03:17:06.545+0000] {logging_mixin.py:117} INFO - [2022-11-12T03:17:06.544+0000] {dag.py:3328} INFO - Setting next_dagrun for example_trigger_controller_dag to 2021-01-01T00:00:00+00:00, run_after=2021-01-01T00:00:00+00:00
[2022-11-12T03:17:06.609+0000] {processor.py:178} INFO - Processing /home/airflow/.local/lib/python3.7/site-packages/airflow/example_dags/example_trigger_controller_dag.py took 0.241 seconds
[2022-11-12T04:38:46.566+0000] {processor.py:156} INFO - Started process (PID=14916) to work on /home/airflow/.local/lib/python3.7/site-packages/airflow/example_dags/example_trigger_controller_dag.py
[2022-11-12T04:38:46.568+0000] {processor.py:758} INFO - Processing file /home/airflow/.local/lib/python3.7/site-packages/airflow/example_dags/example_trigger_controller_dag.py for tasks to queue
[2022-11-12T04:38:46.571+0000] {logging_mixin.py:117} INFO - [2022-11-12T04:38:46.570+0000] {dagbag.py:525} INFO - Filling up the DagBag from /home/airflow/.local/lib/python3.7/site-packages/airflow/example_dags/example_trigger_controller_dag.py
[2022-11-12T04:38:46.648+0000] {processor.py:768} INFO - DAG(s) dict_keys(['example_trigger_controller_dag']) retrieved from /home/airflow/.local/lib/python3.7/site-packages/airflow/example_dags/example_trigger_controller_dag.py
[2022-11-12T04:38:46.925+0000] {logging_mixin.py:117} INFO - [2022-11-12T04:38:46.923+0000] {dag.py:2573} INFO - Sync 1 DAGs
[2022-11-12T04:38:47.036+0000] {logging_mixin.py:117} INFO - [2022-11-12T04:38:47.035+0000] {dag.py:3328} INFO - Setting next_dagrun for example_trigger_controller_dag to 2021-01-01T00:00:00+00:00, run_after=2021-01-01T00:00:00+00:00
[2022-11-12T04:38:47.106+0000] {processor.py:178} INFO - Processing /home/airflow/.local/lib/python3.7/site-packages/airflow/example_dags/example_trigger_controller_dag.py took 0.556 seconds
[2022-11-12T06:17:36.430+0000] {processor.py:156} INFO - Started process (PID=14971) to work on /home/airflow/.local/lib/python3.7/site-packages/airflow/example_dags/example_trigger_controller_dag.py
[2022-11-12T06:17:36.441+0000] {processor.py:758} INFO - Processing file /home/airflow/.local/lib/python3.7/site-packages/airflow/example_dags/example_trigger_controller_dag.py for tasks to queue
[2022-11-12T06:17:36.475+0000] {logging_mixin.py:117} INFO - [2022-11-12T06:17:36.475+0000] {dagbag.py:525} INFO - Filling up the DagBag from /home/airflow/.local/lib/python3.7/site-packages/airflow/example_dags/example_trigger_controller_dag.py
[2022-11-12T06:17:36.542+0000] {processor.py:768} INFO - DAG(s) dict_keys(['example_trigger_controller_dag']) retrieved from /home/airflow/.local/lib/python3.7/site-packages/airflow/example_dags/example_trigger_controller_dag.py
[2022-11-12T06:17:36.644+0000] {logging_mixin.py:117} INFO - [2022-11-12T06:17:36.644+0000] {dag.py:2573} INFO - Sync 1 DAGs
[2022-11-12T06:17:36.720+0000] {logging_mixin.py:117} INFO - [2022-11-12T06:17:36.720+0000] {dag.py:3328} INFO - Setting next_dagrun for example_trigger_controller_dag to 2021-01-01T00:00:00+00:00, run_after=2021-01-01T00:00:00+00:00
[2022-11-12T06:17:36.881+0000] {processor.py:178} INFO - Processing /home/airflow/.local/lib/python3.7/site-packages/airflow/example_dags/example_trigger_controller_dag.py took 0.458 seconds
[2022-11-12T07:26:38.363+0000] {processor.py:156} INFO - Started process (PID=15026) to work on /home/airflow/.local/lib/python3.7/site-packages/airflow/example_dags/example_trigger_controller_dag.py
[2022-11-12T07:26:38.372+0000] {processor.py:758} INFO - Processing file /home/airflow/.local/lib/python3.7/site-packages/airflow/example_dags/example_trigger_controller_dag.py for tasks to queue
[2022-11-12T07:26:38.386+0000] {logging_mixin.py:117} INFO - [2022-11-12T07:26:38.386+0000] {dagbag.py:525} INFO - Filling up the DagBag from /home/airflow/.local/lib/python3.7/site-packages/airflow/example_dags/example_trigger_controller_dag.py
[2022-11-12T07:26:38.569+0000] {processor.py:768} INFO - DAG(s) dict_keys(['example_trigger_controller_dag']) retrieved from /home/airflow/.local/lib/python3.7/site-packages/airflow/example_dags/example_trigger_controller_dag.py
[2022-11-12T07:26:38.789+0000] {logging_mixin.py:117} INFO - [2022-11-12T07:26:38.789+0000] {dag.py:2573} INFO - Sync 1 DAGs
[2022-11-12T07:26:38.996+0000] {logging_mixin.py:117} INFO - [2022-11-12T07:26:38.995+0000] {dag.py:3328} INFO - Setting next_dagrun for example_trigger_controller_dag to 2021-01-01T00:00:00+00:00, run_after=2021-01-01T00:00:00+00:00
[2022-11-12T07:26:39.386+0000] {processor.py:178} INFO - Processing /home/airflow/.local/lib/python3.7/site-packages/airflow/example_dags/example_trigger_controller_dag.py took 1.370 seconds
[2022-11-12T08:48:47.153+0000] {processor.py:156} INFO - Started process (PID=15089) to work on /home/airflow/.local/lib/python3.7/site-packages/airflow/example_dags/example_trigger_controller_dag.py
[2022-11-12T08:48:47.156+0000] {processor.py:758} INFO - Processing file /home/airflow/.local/lib/python3.7/site-packages/airflow/example_dags/example_trigger_controller_dag.py for tasks to queue
[2022-11-12T08:48:47.158+0000] {logging_mixin.py:117} INFO - [2022-11-12T08:48:47.158+0000] {dagbag.py:525} INFO - Filling up the DagBag from /home/airflow/.local/lib/python3.7/site-packages/airflow/example_dags/example_trigger_controller_dag.py
[2022-11-12T08:48:47.305+0000] {processor.py:768} INFO - DAG(s) dict_keys(['example_trigger_controller_dag']) retrieved from /home/airflow/.local/lib/python3.7/site-packages/airflow/example_dags/example_trigger_controller_dag.py
[2022-11-12T08:48:47.597+0000] {logging_mixin.py:117} INFO - [2022-11-12T08:48:47.594+0000] {dag.py:2573} INFO - Sync 1 DAGs
[2022-11-12T08:48:47.703+0000] {logging_mixin.py:117} INFO - [2022-11-12T08:48:47.703+0000] {dag.py:3328} INFO - Setting next_dagrun for example_trigger_controller_dag to 2021-01-01T00:00:00+00:00, run_after=2021-01-01T00:00:00+00:00
[2022-11-12T08:48:47.858+0000] {processor.py:178} INFO - Processing /home/airflow/.local/lib/python3.7/site-packages/airflow/example_dags/example_trigger_controller_dag.py took 0.731 seconds
[2022-11-12T09:39:59.108+0000] {processor.py:156} INFO - Started process (PID=15143) to work on /home/airflow/.local/lib/python3.7/site-packages/airflow/example_dags/example_trigger_controller_dag.py
[2022-11-12T09:39:59.272+0000] {processor.py:758} INFO - Processing file /home/airflow/.local/lib/python3.7/site-packages/airflow/example_dags/example_trigger_controller_dag.py for tasks to queue
[2022-11-12T09:39:59.279+0000] {logging_mixin.py:117} INFO - [2022-11-12T09:39:59.279+0000] {dagbag.py:525} INFO - Filling up the DagBag from /home/airflow/.local/lib/python3.7/site-packages/airflow/example_dags/example_trigger_controller_dag.py
[2022-11-12T09:39:59.402+0000] {processor.py:768} INFO - DAG(s) dict_keys(['example_trigger_controller_dag']) retrieved from /home/airflow/.local/lib/python3.7/site-packages/airflow/example_dags/example_trigger_controller_dag.py
[2022-11-12T09:39:59.754+0000] {logging_mixin.py:117} INFO - [2022-11-12T09:39:59.750+0000] {dag.py:2573} INFO - Sync 1 DAGs
[2022-11-12T09:39:59.819+0000] {logging_mixin.py:117} INFO - [2022-11-12T09:39:59.818+0000] {dag.py:3328} INFO - Setting next_dagrun for example_trigger_controller_dag to 2021-01-01T00:00:00+00:00, run_after=2021-01-01T00:00:00+00:00
[2022-11-12T09:39:59.962+0000] {processor.py:178} INFO - Processing /home/airflow/.local/lib/python3.7/site-packages/airflow/example_dags/example_trigger_controller_dag.py took 0.862 seconds
[2022-11-12T11:02:32.260+0000] {processor.py:156} INFO - Started process (PID=15198) to work on /home/airflow/.local/lib/python3.7/site-packages/airflow/example_dags/example_trigger_controller_dag.py
[2022-11-12T11:02:32.266+0000] {processor.py:758} INFO - Processing file /home/airflow/.local/lib/python3.7/site-packages/airflow/example_dags/example_trigger_controller_dag.py for tasks to queue
[2022-11-12T11:02:32.289+0000] {logging_mixin.py:117} INFO - [2022-11-12T11:02:32.289+0000] {dagbag.py:525} INFO - Filling up the DagBag from /home/airflow/.local/lib/python3.7/site-packages/airflow/example_dags/example_trigger_controller_dag.py
[2022-11-12T11:02:32.392+0000] {processor.py:768} INFO - DAG(s) dict_keys(['example_trigger_controller_dag']) retrieved from /home/airflow/.local/lib/python3.7/site-packages/airflow/example_dags/example_trigger_controller_dag.py
[2022-11-12T11:02:32.894+0000] {logging_mixin.py:117} INFO - [2022-11-12T11:02:32.894+0000] {dag.py:2573} INFO - Sync 1 DAGs
[2022-11-12T11:02:32.989+0000] {logging_mixin.py:117} INFO - [2022-11-12T11:02:32.989+0000] {dag.py:3328} INFO - Setting next_dagrun for example_trigger_controller_dag to 2021-01-01T00:00:00+00:00, run_after=2021-01-01T00:00:00+00:00
[2022-11-12T11:02:33.087+0000] {processor.py:178} INFO - Processing /home/airflow/.local/lib/python3.7/site-packages/airflow/example_dags/example_trigger_controller_dag.py took 0.845 seconds
[2022-11-12T12:39:34.056+0000] {processor.py:156} INFO - Started process (PID=15253) to work on /home/airflow/.local/lib/python3.7/site-packages/airflow/example_dags/example_trigger_controller_dag.py
[2022-11-12T12:39:34.061+0000] {processor.py:758} INFO - Processing file /home/airflow/.local/lib/python3.7/site-packages/airflow/example_dags/example_trigger_controller_dag.py for tasks to queue
[2022-11-12T12:39:34.063+0000] {logging_mixin.py:117} INFO - [2022-11-12T12:39:34.062+0000] {dagbag.py:525} INFO - Filling up the DagBag from /home/airflow/.local/lib/python3.7/site-packages/airflow/example_dags/example_trigger_controller_dag.py
[2022-11-12T12:39:34.122+0000] {processor.py:768} INFO - DAG(s) dict_keys(['example_trigger_controller_dag']) retrieved from /home/airflow/.local/lib/python3.7/site-packages/airflow/example_dags/example_trigger_controller_dag.py
[2022-11-12T12:39:34.473+0000] {logging_mixin.py:117} INFO - [2022-11-12T12:39:34.473+0000] {dag.py:2573} INFO - Sync 1 DAGs
[2022-11-12T12:39:34.680+0000] {logging_mixin.py:117} INFO - [2022-11-12T12:39:34.678+0000] {dag.py:3328} INFO - Setting next_dagrun for example_trigger_controller_dag to 2021-01-01T00:00:00+00:00, run_after=2021-01-01T00:00:00+00:00
[2022-11-12T12:39:34.771+0000] {processor.py:178} INFO - Processing /home/airflow/.local/lib/python3.7/site-packages/airflow/example_dags/example_trigger_controller_dag.py took 0.729 seconds
[2022-11-12T14:03:42.523+0000] {processor.py:156} INFO - Started process (PID=15316) to work on /home/airflow/.local/lib/python3.7/site-packages/airflow/example_dags/example_trigger_controller_dag.py
[2022-11-12T14:03:42.525+0000] {processor.py:758} INFO - Processing file /home/airflow/.local/lib/python3.7/site-packages/airflow/example_dags/example_trigger_controller_dag.py for tasks to queue
[2022-11-12T14:03:42.526+0000] {logging_mixin.py:117} INFO - [2022-11-12T14:03:42.526+0000] {dagbag.py:525} INFO - Filling up the DagBag from /home/airflow/.local/lib/python3.7/site-packages/airflow/example_dags/example_trigger_controller_dag.py
[2022-11-12T14:03:42.535+0000] {processor.py:768} INFO - DAG(s) dict_keys(['example_trigger_controller_dag']) retrieved from /home/airflow/.local/lib/python3.7/site-packages/airflow/example_dags/example_trigger_controller_dag.py
[2022-11-12T14:03:42.580+0000] {logging_mixin.py:117} INFO - [2022-11-12T14:03:42.580+0000] {dag.py:2573} INFO - Sync 1 DAGs
[2022-11-12T14:03:42.597+0000] {logging_mixin.py:117} INFO - [2022-11-12T14:03:42.597+0000] {dag.py:3328} INFO - Setting next_dagrun for example_trigger_controller_dag to 2021-01-01T00:00:00+00:00, run_after=2021-01-01T00:00:00+00:00
[2022-11-12T14:03:42.610+0000] {processor.py:178} INFO - Processing /home/airflow/.local/lib/python3.7/site-packages/airflow/example_dags/example_trigger_controller_dag.py took 0.089 seconds
[2022-11-12T15:28:35.703+0000] {processor.py:156} INFO - Started process (PID=15372) to work on /home/airflow/.local/lib/python3.7/site-packages/airflow/example_dags/example_trigger_controller_dag.py
[2022-11-12T15:28:35.716+0000] {processor.py:758} INFO - Processing file /home/airflow/.local/lib/python3.7/site-packages/airflow/example_dags/example_trigger_controller_dag.py for tasks to queue
[2022-11-12T15:28:35.723+0000] {logging_mixin.py:117} INFO - [2022-11-12T15:28:35.723+0000] {dagbag.py:525} INFO - Filling up the DagBag from /home/airflow/.local/lib/python3.7/site-packages/airflow/example_dags/example_trigger_controller_dag.py
[2022-11-12T15:28:35.781+0000] {processor.py:768} INFO - DAG(s) dict_keys(['example_trigger_controller_dag']) retrieved from /home/airflow/.local/lib/python3.7/site-packages/airflow/example_dags/example_trigger_controller_dag.py
[2022-11-12T15:28:36.203+0000] {logging_mixin.py:117} INFO - [2022-11-12T15:28:36.203+0000] {dag.py:2573} INFO - Sync 1 DAGs
[2022-11-12T15:28:36.250+0000] {logging_mixin.py:117} INFO - [2022-11-12T15:28:36.250+0000] {dag.py:3328} INFO - Setting next_dagrun for example_trigger_controller_dag to 2021-01-01T00:00:00+00:00, run_after=2021-01-01T00:00:00+00:00
[2022-11-12T15:28:36.281+0000] {processor.py:178} INFO - Processing /home/airflow/.local/lib/python3.7/site-packages/airflow/example_dags/example_trigger_controller_dag.py took 0.596 seconds
[2022-11-12T16:51:16.919+0000] {processor.py:156} INFO - Started process (PID=15437) to work on /home/airflow/.local/lib/python3.7/site-packages/airflow/example_dags/example_trigger_controller_dag.py
[2022-11-12T16:51:16.921+0000] {processor.py:758} INFO - Processing file /home/airflow/.local/lib/python3.7/site-packages/airflow/example_dags/example_trigger_controller_dag.py for tasks to queue
[2022-11-12T16:51:16.923+0000] {logging_mixin.py:117} INFO - [2022-11-12T16:51:16.923+0000] {dagbag.py:525} INFO - Filling up the DagBag from /home/airflow/.local/lib/python3.7/site-packages/airflow/example_dags/example_trigger_controller_dag.py
[2022-11-12T16:51:16.935+0000] {processor.py:768} INFO - DAG(s) dict_keys(['example_trigger_controller_dag']) retrieved from /home/airflow/.local/lib/python3.7/site-packages/airflow/example_dags/example_trigger_controller_dag.py
[2022-11-12T16:51:16.974+0000] {logging_mixin.py:117} INFO - [2022-11-12T16:51:16.974+0000] {dag.py:2573} INFO - Sync 1 DAGs
[2022-11-12T16:51:16.993+0000] {logging_mixin.py:117} INFO - [2022-11-12T16:51:16.993+0000] {dag.py:3328} INFO - Setting next_dagrun for example_trigger_controller_dag to 2021-01-01T00:00:00+00:00, run_after=2021-01-01T00:00:00+00:00
[2022-11-12T16:51:17.009+0000] {processor.py:178} INFO - Processing /home/airflow/.local/lib/python3.7/site-packages/airflow/example_dags/example_trigger_controller_dag.py took 0.092 seconds
[2022-11-12T18:32:25.932+0000] {processor.py:156} INFO - Started process (PID=15492) to work on /home/airflow/.local/lib/python3.7/site-packages/airflow/example_dags/example_trigger_controller_dag.py
[2022-11-12T18:32:25.937+0000] {processor.py:758} INFO - Processing file /home/airflow/.local/lib/python3.7/site-packages/airflow/example_dags/example_trigger_controller_dag.py for tasks to queue
[2022-11-12T18:32:25.941+0000] {logging_mixin.py:117} INFO - [2022-11-12T18:32:25.941+0000] {dagbag.py:525} INFO - Filling up the DagBag from /home/airflow/.local/lib/python3.7/site-packages/airflow/example_dags/example_trigger_controller_dag.py
[2022-11-12T18:32:26.072+0000] {processor.py:768} INFO - DAG(s) dict_keys(['example_trigger_controller_dag']) retrieved from /home/airflow/.local/lib/python3.7/site-packages/airflow/example_dags/example_trigger_controller_dag.py
[2022-11-12T18:32:26.532+0000] {logging_mixin.py:117} INFO - [2022-11-12T18:32:26.522+0000] {dag.py:2573} INFO - Sync 1 DAGs
[2022-11-12T18:32:26.938+0000] {logging_mixin.py:117} INFO - [2022-11-12T18:32:26.926+0000] {dag.py:3328} INFO - Setting next_dagrun for example_trigger_controller_dag to 2021-01-01T00:00:00+00:00, run_after=2021-01-01T00:00:00+00:00
[2022-11-12T18:32:27.143+0000] {processor.py:178} INFO - Processing /home/airflow/.local/lib/python3.7/site-packages/airflow/example_dags/example_trigger_controller_dag.py took 1.267 seconds
[2022-11-12T19:24:22.044+0000] {processor.py:156} INFO - Started process (PID=15557) to work on /home/airflow/.local/lib/python3.7/site-packages/airflow/example_dags/example_trigger_controller_dag.py
[2022-11-12T19:24:22.052+0000] {processor.py:758} INFO - Processing file /home/airflow/.local/lib/python3.7/site-packages/airflow/example_dags/example_trigger_controller_dag.py for tasks to queue
[2022-11-12T19:24:22.056+0000] {logging_mixin.py:117} INFO - [2022-11-12T19:24:22.056+0000] {dagbag.py:525} INFO - Filling up the DagBag from /home/airflow/.local/lib/python3.7/site-packages/airflow/example_dags/example_trigger_controller_dag.py
[2022-11-12T19:24:22.093+0000] {processor.py:768} INFO - DAG(s) dict_keys(['example_trigger_controller_dag']) retrieved from /home/airflow/.local/lib/python3.7/site-packages/airflow/example_dags/example_trigger_controller_dag.py
[2022-11-12T19:24:22.247+0000] {logging_mixin.py:117} INFO - [2022-11-12T19:24:22.247+0000] {dag.py:2573} INFO - Sync 1 DAGs
[2022-11-12T19:24:22.324+0000] {logging_mixin.py:117} INFO - [2022-11-12T19:24:22.324+0000] {dag.py:3328} INFO - Setting next_dagrun for example_trigger_controller_dag to 2021-01-01T00:00:00+00:00, run_after=2021-01-01T00:00:00+00:00
[2022-11-12T19:24:22.384+0000] {processor.py:178} INFO - Processing /home/airflow/.local/lib/python3.7/site-packages/airflow/example_dags/example_trigger_controller_dag.py took 0.350 seconds
