[2022-11-12T00:30:40.631+0000] {processor.py:156} INFO - Started process (PID=14732) to work on /home/airflow/.local/lib/python3.7/site-packages/airflow/example_dags/example_branch_day_of_week_operator.py
[2022-11-12T00:30:40.633+0000] {processor.py:758} INFO - Processing file /home/airflow/.local/lib/python3.7/site-packages/airflow/example_dags/example_branch_day_of_week_operator.py for tasks to queue
[2022-11-12T00:30:40.634+0000] {logging_mixin.py:117} INFO - [2022-11-12T00:30:40.634+0000] {dagbag.py:525} INFO - Filling up the DagBag from /home/airflow/.local/lib/python3.7/site-packages/airflow/example_dags/example_branch_day_of_week_operator.py
[2022-11-12T00:30:40.649+0000] {processor.py:768} INFO - DAG(s) dict_keys(['example_weekday_branch_operator']) retrieved from /home/airflow/.local/lib/python3.7/site-packages/airflow/example_dags/example_branch_day_of_week_operator.py
[2022-11-12T00:30:40.690+0000] {logging_mixin.py:117} INFO - [2022-11-12T00:30:40.690+0000] {dag.py:2573} INFO - Sync 1 DAGs
[2022-11-12T00:30:40.720+0000] {logging_mixin.py:117} INFO - [2022-11-12T00:30:40.720+0000] {dag.py:3328} INFO - Setting next_dagrun for example_weekday_branch_operator to 2022-11-11T00:00:00+00:00, run_after=2022-11-12T00:00:00+00:00
[2022-11-12T00:30:40.741+0000] {processor.py:178} INFO - Processing /home/airflow/.local/lib/python3.7/site-packages/airflow/example_dags/example_branch_day_of_week_operator.py took 0.112 seconds
[2022-11-12T01:49:59.706+0000] {processor.py:156} INFO - Started process (PID=14797) to work on /home/airflow/.local/lib/python3.7/site-packages/airflow/example_dags/example_branch_day_of_week_operator.py
[2022-11-12T01:49:59.710+0000] {processor.py:758} INFO - Processing file /home/airflow/.local/lib/python3.7/site-packages/airflow/example_dags/example_branch_day_of_week_operator.py for tasks to queue
[2022-11-12T01:49:59.712+0000] {logging_mixin.py:117} INFO - [2022-11-12T01:49:59.712+0000] {dagbag.py:525} INFO - Filling up the DagBag from /home/airflow/.local/lib/python3.7/site-packages/airflow/example_dags/example_branch_day_of_week_operator.py
[2022-11-12T01:49:59.760+0000] {processor.py:768} INFO - DAG(s) dict_keys(['example_weekday_branch_operator']) retrieved from /home/airflow/.local/lib/python3.7/site-packages/airflow/example_dags/example_branch_day_of_week_operator.py
[2022-11-12T01:49:59.843+0000] {logging_mixin.py:117} INFO - [2022-11-12T01:49:59.843+0000] {dag.py:2573} INFO - Sync 1 DAGs
[2022-11-12T01:49:59.879+0000] {logging_mixin.py:117} INFO - [2022-11-12T01:49:59.878+0000] {dag.py:3328} INFO - Setting next_dagrun for example_weekday_branch_operator to 2022-11-11T00:00:00+00:00, run_after=2022-11-12T00:00:00+00:00
[2022-11-12T01:50:00.027+0000] {processor.py:178} INFO - Processing /home/airflow/.local/lib/python3.7/site-packages/airflow/example_dags/example_branch_day_of_week_operator.py took 0.324 seconds
[2022-11-12T03:17:06.147+0000] {processor.py:156} INFO - Started process (PID=14851) to work on /home/airflow/.local/lib/python3.7/site-packages/airflow/example_dags/example_branch_day_of_week_operator.py
[2022-11-12T03:17:06.149+0000] {processor.py:758} INFO - Processing file /home/airflow/.local/lib/python3.7/site-packages/airflow/example_dags/example_branch_day_of_week_operator.py for tasks to queue
[2022-11-12T03:17:06.151+0000] {logging_mixin.py:117} INFO - [2022-11-12T03:17:06.151+0000] {dagbag.py:525} INFO - Filling up the DagBag from /home/airflow/.local/lib/python3.7/site-packages/airflow/example_dags/example_branch_day_of_week_operator.py
[2022-11-12T03:17:06.165+0000] {processor.py:768} INFO - DAG(s) dict_keys(['example_weekday_branch_operator']) retrieved from /home/airflow/.local/lib/python3.7/site-packages/airflow/example_dags/example_branch_day_of_week_operator.py
[2022-11-12T03:17:06.205+0000] {logging_mixin.py:117} INFO - [2022-11-12T03:17:06.205+0000] {dag.py:2573} INFO - Sync 1 DAGs
[2022-11-12T03:17:06.225+0000] {logging_mixin.py:117} INFO - [2022-11-12T03:17:06.225+0000] {dag.py:3328} INFO - Setting next_dagrun for example_weekday_branch_operator to 2022-11-11T00:00:00+00:00, run_after=2022-11-12T00:00:00+00:00
[2022-11-12T03:17:06.278+0000] {processor.py:178} INFO - Processing /home/airflow/.local/lib/python3.7/site-packages/airflow/example_dags/example_branch_day_of_week_operator.py took 0.133 seconds
[2022-11-12T04:38:45.924+0000] {processor.py:156} INFO - Started process (PID=14912) to work on /home/airflow/.local/lib/python3.7/site-packages/airflow/example_dags/example_branch_day_of_week_operator.py
[2022-11-12T04:38:45.926+0000] {processor.py:758} INFO - Processing file /home/airflow/.local/lib/python3.7/site-packages/airflow/example_dags/example_branch_day_of_week_operator.py for tasks to queue
[2022-11-12T04:38:45.937+0000] {logging_mixin.py:117} INFO - [2022-11-12T04:38:45.937+0000] {dagbag.py:525} INFO - Filling up the DagBag from /home/airflow/.local/lib/python3.7/site-packages/airflow/example_dags/example_branch_day_of_week_operator.py
[2022-11-12T04:38:45.986+0000] {processor.py:768} INFO - DAG(s) dict_keys(['example_weekday_branch_operator']) retrieved from /home/airflow/.local/lib/python3.7/site-packages/airflow/example_dags/example_branch_day_of_week_operator.py
[2022-11-12T04:38:46.144+0000] {logging_mixin.py:117} INFO - [2022-11-12T04:38:46.144+0000] {dag.py:2573} INFO - Sync 1 DAGs
[2022-11-12T04:38:46.278+0000] {logging_mixin.py:117} INFO - [2022-11-12T04:38:46.278+0000] {dag.py:3328} INFO - Setting next_dagrun for example_weekday_branch_operator to 2022-11-11T00:00:00+00:00, run_after=2022-11-12T00:00:00+00:00
[2022-11-12T04:38:46.394+0000] {processor.py:178} INFO - Processing /home/airflow/.local/lib/python3.7/site-packages/airflow/example_dags/example_branch_day_of_week_operator.py took 0.473 seconds
[2022-11-12T06:17:36.088+0000] {processor.py:156} INFO - Started process (PID=14969) to work on /home/airflow/.local/lib/python3.7/site-packages/airflow/example_dags/example_branch_day_of_week_operator.py
[2022-11-12T06:17:36.089+0000] {processor.py:758} INFO - Processing file /home/airflow/.local/lib/python3.7/site-packages/airflow/example_dags/example_branch_day_of_week_operator.py for tasks to queue
[2022-11-12T06:17:36.090+0000] {logging_mixin.py:117} INFO - [2022-11-12T06:17:36.090+0000] {dagbag.py:525} INFO - Filling up the DagBag from /home/airflow/.local/lib/python3.7/site-packages/airflow/example_dags/example_branch_day_of_week_operator.py
[2022-11-12T06:17:36.116+0000] {processor.py:768} INFO - DAG(s) dict_keys(['example_weekday_branch_operator']) retrieved from /home/airflow/.local/lib/python3.7/site-packages/airflow/example_dags/example_branch_day_of_week_operator.py
[2022-11-12T06:17:36.178+0000] {logging_mixin.py:117} INFO - [2022-11-12T06:17:36.178+0000] {dag.py:2573} INFO - Sync 1 DAGs
[2022-11-12T06:17:36.242+0000] {logging_mixin.py:117} INFO - [2022-11-12T06:17:36.241+0000] {dag.py:3328} INFO - Setting next_dagrun for example_weekday_branch_operator to 2022-11-11T00:00:00+00:00, run_after=2022-11-12T00:00:00+00:00
[2022-11-12T06:17:36.285+0000] {processor.py:178} INFO - Processing /home/airflow/.local/lib/python3.7/site-packages/airflow/example_dags/example_branch_day_of_week_operator.py took 0.200 seconds
[2022-11-12T07:26:37.478+0000] {processor.py:156} INFO - Started process (PID=15024) to work on /home/airflow/.local/lib/python3.7/site-packages/airflow/example_dags/example_branch_day_of_week_operator.py
[2022-11-12T07:26:37.483+0000] {processor.py:758} INFO - Processing file /home/airflow/.local/lib/python3.7/site-packages/airflow/example_dags/example_branch_day_of_week_operator.py for tasks to queue
[2022-11-12T07:26:37.488+0000] {logging_mixin.py:117} INFO - [2022-11-12T07:26:37.487+0000] {dagbag.py:525} INFO - Filling up the DagBag from /home/airflow/.local/lib/python3.7/site-packages/airflow/example_dags/example_branch_day_of_week_operator.py
[2022-11-12T07:26:37.533+0000] {processor.py:768} INFO - DAG(s) dict_keys(['example_weekday_branch_operator']) retrieved from /home/airflow/.local/lib/python3.7/site-packages/airflow/example_dags/example_branch_day_of_week_operator.py
[2022-11-12T07:26:37.717+0000] {logging_mixin.py:117} INFO - [2022-11-12T07:26:37.717+0000] {dag.py:2573} INFO - Sync 1 DAGs
[2022-11-12T07:26:37.859+0000] {logging_mixin.py:117} INFO - [2022-11-12T07:26:37.859+0000] {dag.py:3328} INFO - Setting next_dagrun for example_weekday_branch_operator to 2022-11-11T00:00:00+00:00, run_after=2022-11-12T00:00:00+00:00
[2022-11-12T07:26:37.929+0000] {processor.py:178} INFO - Processing /home/airflow/.local/lib/python3.7/site-packages/airflow/example_dags/example_branch_day_of_week_operator.py took 0.454 seconds
[2022-11-12T08:48:45.725+0000] {processor.py:156} INFO - Started process (PID=15087) to work on /home/airflow/.local/lib/python3.7/site-packages/airflow/example_dags/example_branch_day_of_week_operator.py
[2022-11-12T08:48:45.730+0000] {processor.py:758} INFO - Processing file /home/airflow/.local/lib/python3.7/site-packages/airflow/example_dags/example_branch_day_of_week_operator.py for tasks to queue
[2022-11-12T08:48:45.740+0000] {logging_mixin.py:117} INFO - [2022-11-12T08:48:45.740+0000] {dagbag.py:525} INFO - Filling up the DagBag from /home/airflow/.local/lib/python3.7/site-packages/airflow/example_dags/example_branch_day_of_week_operator.py
[2022-11-12T08:48:45.850+0000] {processor.py:768} INFO - DAG(s) dict_keys(['example_weekday_branch_operator']) retrieved from /home/airflow/.local/lib/python3.7/site-packages/airflow/example_dags/example_branch_day_of_week_operator.py
[2022-11-12T08:48:46.319+0000] {logging_mixin.py:117} INFO - [2022-11-12T08:48:46.317+0000] {dag.py:2573} INFO - Sync 1 DAGs
[2022-11-12T08:48:46.533+0000] {logging_mixin.py:117} INFO - [2022-11-12T08:48:46.531+0000] {dag.py:3328} INFO - Setting next_dagrun for example_weekday_branch_operator to 2022-11-11T00:00:00+00:00, run_after=2022-11-12T00:00:00+00:00
[2022-11-12T08:48:46.870+0000] {processor.py:178} INFO - Processing /home/airflow/.local/lib/python3.7/site-packages/airflow/example_dags/example_branch_day_of_week_operator.py took 1.154 seconds
[2022-11-12T09:39:58.273+0000] {processor.py:156} INFO - Started process (PID=15141) to work on /home/airflow/.local/lib/python3.7/site-packages/airflow/example_dags/example_branch_day_of_week_operator.py
[2022-11-12T09:39:58.279+0000] {processor.py:758} INFO - Processing file /home/airflow/.local/lib/python3.7/site-packages/airflow/example_dags/example_branch_day_of_week_operator.py for tasks to queue
[2022-11-12T09:39:58.280+0000] {logging_mixin.py:117} INFO - [2022-11-12T09:39:58.280+0000] {dagbag.py:525} INFO - Filling up the DagBag from /home/airflow/.local/lib/python3.7/site-packages/airflow/example_dags/example_branch_day_of_week_operator.py
[2022-11-12T09:39:58.297+0000] {processor.py:768} INFO - DAG(s) dict_keys(['example_weekday_branch_operator']) retrieved from /home/airflow/.local/lib/python3.7/site-packages/airflow/example_dags/example_branch_day_of_week_operator.py
[2022-11-12T09:39:58.408+0000] {logging_mixin.py:117} INFO - [2022-11-12T09:39:58.408+0000] {dag.py:2573} INFO - Sync 1 DAGs
[2022-11-12T09:39:58.450+0000] {logging_mixin.py:117} INFO - [2022-11-12T09:39:58.450+0000] {dag.py:3328} INFO - Setting next_dagrun for example_weekday_branch_operator to 2022-11-11T00:00:00+00:00, run_after=2022-11-12T00:00:00+00:00
[2022-11-12T09:39:58.477+0000] {processor.py:178} INFO - Processing /home/airflow/.local/lib/python3.7/site-packages/airflow/example_dags/example_branch_day_of_week_operator.py took 0.208 seconds
[2022-11-12T11:02:31.600+0000] {processor.py:156} INFO - Started process (PID=15196) to work on /home/airflow/.local/lib/python3.7/site-packages/airflow/example_dags/example_branch_day_of_week_operator.py
[2022-11-12T11:02:31.604+0000] {processor.py:758} INFO - Processing file /home/airflow/.local/lib/python3.7/site-packages/airflow/example_dags/example_branch_day_of_week_operator.py for tasks to queue
[2022-11-12T11:02:31.651+0000] {logging_mixin.py:117} INFO - [2022-11-12T11:02:31.650+0000] {dagbag.py:525} INFO - Filling up the DagBag from /home/airflow/.local/lib/python3.7/site-packages/airflow/example_dags/example_branch_day_of_week_operator.py
[2022-11-12T11:02:31.711+0000] {processor.py:768} INFO - DAG(s) dict_keys(['example_weekday_branch_operator']) retrieved from /home/airflow/.local/lib/python3.7/site-packages/airflow/example_dags/example_branch_day_of_week_operator.py
[2022-11-12T11:02:31.892+0000] {logging_mixin.py:117} INFO - [2022-11-12T11:02:31.892+0000] {dag.py:2573} INFO - Sync 1 DAGs
[2022-11-12T11:02:31.978+0000] {logging_mixin.py:117} INFO - [2022-11-12T11:02:31.977+0000] {dag.py:3328} INFO - Setting next_dagrun for example_weekday_branch_operator to 2022-11-11T00:00:00+00:00, run_after=2022-11-12T00:00:00+00:00
[2022-11-12T11:02:32.087+0000] {processor.py:178} INFO - Processing /home/airflow/.local/lib/python3.7/site-packages/airflow/example_dags/example_branch_day_of_week_operator.py took 0.521 seconds
[2022-11-12T12:39:33.598+0000] {processor.py:156} INFO - Started process (PID=15251) to work on /home/airflow/.local/lib/python3.7/site-packages/airflow/example_dags/example_branch_day_of_week_operator.py
[2022-11-12T12:39:33.606+0000] {processor.py:758} INFO - Processing file /home/airflow/.local/lib/python3.7/site-packages/airflow/example_dags/example_branch_day_of_week_operator.py for tasks to queue
[2022-11-12T12:39:33.607+0000] {logging_mixin.py:117} INFO - [2022-11-12T12:39:33.607+0000] {dagbag.py:525} INFO - Filling up the DagBag from /home/airflow/.local/lib/python3.7/site-packages/airflow/example_dags/example_branch_day_of_week_operator.py
[2022-11-12T12:39:33.661+0000] {processor.py:768} INFO - DAG(s) dict_keys(['example_weekday_branch_operator']) retrieved from /home/airflow/.local/lib/python3.7/site-packages/airflow/example_dags/example_branch_day_of_week_operator.py
[2022-11-12T12:39:33.788+0000] {logging_mixin.py:117} INFO - [2022-11-12T12:39:33.788+0000] {dag.py:2573} INFO - Sync 1 DAGs
[2022-11-12T12:39:33.839+0000] {logging_mixin.py:117} INFO - [2022-11-12T12:39:33.839+0000] {dag.py:3328} INFO - Setting next_dagrun for example_weekday_branch_operator to 2022-11-11T00:00:00+00:00, run_after=2022-11-12T00:00:00+00:00
[2022-11-12T12:39:33.875+0000] {processor.py:178} INFO - Processing /home/airflow/.local/lib/python3.7/site-packages/airflow/example_dags/example_branch_day_of_week_operator.py took 0.283 seconds
[2022-11-12T14:03:42.341+0000] {processor.py:156} INFO - Started process (PID=15314) to work on /home/airflow/.local/lib/python3.7/site-packages/airflow/example_dags/example_branch_day_of_week_operator.py
[2022-11-12T14:03:42.344+0000] {processor.py:758} INFO - Processing file /home/airflow/.local/lib/python3.7/site-packages/airflow/example_dags/example_branch_day_of_week_operator.py for tasks to queue
[2022-11-12T14:03:42.347+0000] {logging_mixin.py:117} INFO - [2022-11-12T14:03:42.347+0000] {dagbag.py:525} INFO - Filling up the DagBag from /home/airflow/.local/lib/python3.7/site-packages/airflow/example_dags/example_branch_day_of_week_operator.py
[2022-11-12T14:03:42.377+0000] {processor.py:768} INFO - DAG(s) dict_keys(['example_weekday_branch_operator']) retrieved from /home/airflow/.local/lib/python3.7/site-packages/airflow/example_dags/example_branch_day_of_week_operator.py
[2022-11-12T14:03:42.457+0000] {logging_mixin.py:117} INFO - [2022-11-12T14:03:42.456+0000] {dag.py:2573} INFO - Sync 1 DAGs
[2022-11-12T14:03:42.482+0000] {logging_mixin.py:117} INFO - [2022-11-12T14:03:42.482+0000] {dag.py:3328} INFO - Setting next_dagrun for example_weekday_branch_operator to 2022-11-11T00:00:00+00:00, run_after=2022-11-12T00:00:00+00:00
[2022-11-12T14:03:42.496+0000] {processor.py:178} INFO - Processing /home/airflow/.local/lib/python3.7/site-packages/airflow/example_dags/example_branch_day_of_week_operator.py took 0.158 seconds
[2022-11-12T15:28:35.259+0000] {processor.py:156} INFO - Started process (PID=15370) to work on /home/airflow/.local/lib/python3.7/site-packages/airflow/example_dags/example_branch_day_of_week_operator.py
[2022-11-12T15:28:35.262+0000] {processor.py:758} INFO - Processing file /home/airflow/.local/lib/python3.7/site-packages/airflow/example_dags/example_branch_day_of_week_operator.py for tasks to queue
[2022-11-12T15:28:35.264+0000] {logging_mixin.py:117} INFO - [2022-11-12T15:28:35.263+0000] {dagbag.py:525} INFO - Filling up the DagBag from /home/airflow/.local/lib/python3.7/site-packages/airflow/example_dags/example_branch_day_of_week_operator.py
[2022-11-12T15:28:35.291+0000] {processor.py:768} INFO - DAG(s) dict_keys(['example_weekday_branch_operator']) retrieved from /home/airflow/.local/lib/python3.7/site-packages/airflow/example_dags/example_branch_day_of_week_operator.py
[2022-11-12T15:28:35.353+0000] {logging_mixin.py:117} INFO - [2022-11-12T15:28:35.353+0000] {dag.py:2573} INFO - Sync 1 DAGs
[2022-11-12T15:28:35.399+0000] {logging_mixin.py:117} INFO - [2022-11-12T15:28:35.399+0000] {dag.py:3328} INFO - Setting next_dagrun for example_weekday_branch_operator to 2022-11-11T00:00:00+00:00, run_after=2022-11-12T00:00:00+00:00
[2022-11-12T15:28:35.472+0000] {processor.py:178} INFO - Processing /home/airflow/.local/lib/python3.7/site-packages/airflow/example_dags/example_branch_day_of_week_operator.py took 0.217 seconds
[2022-11-12T16:51:16.749+0000] {processor.py:156} INFO - Started process (PID=15435) to work on /home/airflow/.local/lib/python3.7/site-packages/airflow/example_dags/example_branch_day_of_week_operator.py
[2022-11-12T16:51:16.751+0000] {processor.py:758} INFO - Processing file /home/airflow/.local/lib/python3.7/site-packages/airflow/example_dags/example_branch_day_of_week_operator.py for tasks to queue
[2022-11-12T16:51:16.753+0000] {logging_mixin.py:117} INFO - [2022-11-12T16:51:16.753+0000] {dagbag.py:525} INFO - Filling up the DagBag from /home/airflow/.local/lib/python3.7/site-packages/airflow/example_dags/example_branch_day_of_week_operator.py
[2022-11-12T16:51:16.766+0000] {processor.py:768} INFO - DAG(s) dict_keys(['example_weekday_branch_operator']) retrieved from /home/airflow/.local/lib/python3.7/site-packages/airflow/example_dags/example_branch_day_of_week_operator.py
[2022-11-12T16:51:16.812+0000] {logging_mixin.py:117} INFO - [2022-11-12T16:51:16.812+0000] {dag.py:2573} INFO - Sync 1 DAGs
[2022-11-12T16:51:16.853+0000] {logging_mixin.py:117} INFO - [2022-11-12T16:51:16.853+0000] {dag.py:3328} INFO - Setting next_dagrun for example_weekday_branch_operator to 2022-11-11T00:00:00+00:00, run_after=2022-11-12T00:00:00+00:00
[2022-11-12T16:51:16.880+0000] {processor.py:178} INFO - Processing /home/airflow/.local/lib/python3.7/site-packages/airflow/example_dags/example_branch_day_of_week_operator.py took 0.134 seconds
[2022-11-12T18:32:24.827+0000] {processor.py:156} INFO - Started process (PID=15490) to work on /home/airflow/.local/lib/python3.7/site-packages/airflow/example_dags/example_branch_day_of_week_operator.py
[2022-11-12T18:32:24.838+0000] {processor.py:758} INFO - Processing file /home/airflow/.local/lib/python3.7/site-packages/airflow/example_dags/example_branch_day_of_week_operator.py for tasks to queue
[2022-11-12T18:32:24.840+0000] {logging_mixin.py:117} INFO - [2022-11-12T18:32:24.840+0000] {dagbag.py:525} INFO - Filling up the DagBag from /home/airflow/.local/lib/python3.7/site-packages/airflow/example_dags/example_branch_day_of_week_operator.py
[2022-11-12T18:32:24.950+0000] {processor.py:768} INFO - DAG(s) dict_keys(['example_weekday_branch_operator']) retrieved from /home/airflow/.local/lib/python3.7/site-packages/airflow/example_dags/example_branch_day_of_week_operator.py
[2022-11-12T18:32:25.263+0000] {logging_mixin.py:117} INFO - [2022-11-12T18:32:25.262+0000] {dag.py:2573} INFO - Sync 1 DAGs
[2022-11-12T18:32:25.491+0000] {logging_mixin.py:117} INFO - [2022-11-12T18:32:25.491+0000] {dag.py:3328} INFO - Setting next_dagrun for example_weekday_branch_operator to 2022-11-11T00:00:00+00:00, run_after=2022-11-12T00:00:00+00:00
[2022-11-12T18:32:25.660+0000] {processor.py:178} INFO - Processing /home/airflow/.local/lib/python3.7/site-packages/airflow/example_dags/example_branch_day_of_week_operator.py took 0.843 seconds
[2022-11-12T19:24:21.504+0000] {processor.py:156} INFO - Started process (PID=15555) to work on /home/airflow/.local/lib/python3.7/site-packages/airflow/example_dags/example_branch_day_of_week_operator.py
[2022-11-12T19:24:21.515+0000] {processor.py:758} INFO - Processing file /home/airflow/.local/lib/python3.7/site-packages/airflow/example_dags/example_branch_day_of_week_operator.py for tasks to queue
[2022-11-12T19:24:21.521+0000] {logging_mixin.py:117} INFO - [2022-11-12T19:24:21.521+0000] {dagbag.py:525} INFO - Filling up the DagBag from /home/airflow/.local/lib/python3.7/site-packages/airflow/example_dags/example_branch_day_of_week_operator.py
[2022-11-12T19:24:21.586+0000] {processor.py:768} INFO - DAG(s) dict_keys(['example_weekday_branch_operator']) retrieved from /home/airflow/.local/lib/python3.7/site-packages/airflow/example_dags/example_branch_day_of_week_operator.py
[2022-11-12T19:24:21.749+0000] {logging_mixin.py:117} INFO - [2022-11-12T19:24:21.748+0000] {dag.py:2573} INFO - Sync 1 DAGs
[2022-11-12T19:24:21.843+0000] {logging_mixin.py:117} INFO - [2022-11-12T19:24:21.842+0000] {dag.py:3328} INFO - Setting next_dagrun for example_weekday_branch_operator to 2022-11-11T00:00:00+00:00, run_after=2022-11-12T00:00:00+00:00
[2022-11-12T19:24:21.899+0000] {processor.py:178} INFO - Processing /home/airflow/.local/lib/python3.7/site-packages/airflow/example_dags/example_branch_day_of_week_operator.py took 0.402 seconds
