[2022-11-12T00:30:46.455+0000] {processor.py:156} INFO - Started process (PID=14753) to work on /home/airflow/.local/lib/python3.7/site-packages/airflow/example_dags/example_xcom.py
[2022-11-12T00:30:46.462+0000] {processor.py:758} INFO - Processing file /home/airflow/.local/lib/python3.7/site-packages/airflow/example_dags/example_xcom.py for tasks to queue
[2022-11-12T00:30:46.467+0000] {logging_mixin.py:117} INFO - [2022-11-12T00:30:46.466+0000] {dagbag.py:525} INFO - Filling up the DagBag from /home/airflow/.local/lib/python3.7/site-packages/airflow/example_dags/example_xcom.py
[2022-11-12T00:30:46.565+0000] {processor.py:768} INFO - DAG(s) dict_keys(['example_xcom']) retrieved from /home/airflow/.local/lib/python3.7/site-packages/airflow/example_dags/example_xcom.py
[2022-11-12T00:30:46.651+0000] {logging_mixin.py:117} INFO - [2022-11-12T00:30:46.651+0000] {dag.py:2573} INFO - Sync 1 DAGs
[2022-11-12T00:30:46.707+0000] {logging_mixin.py:117} INFO - [2022-11-12T00:30:46.707+0000] {dag.py:3328} INFO - Setting next_dagrun for example_xcom to 2021-01-01T00:00:00+00:00, run_after=2021-01-01T00:00:00+00:00
[2022-11-12T00:30:46.735+0000] {processor.py:178} INFO - Processing /home/airflow/.local/lib/python3.7/site-packages/airflow/example_dags/example_xcom.py took 0.285 seconds
[2022-11-12T01:50:06.259+0000] {processor.py:156} INFO - Started process (PID=14809) to work on /home/airflow/.local/lib/python3.7/site-packages/airflow/example_dags/example_xcom.py
[2022-11-12T01:50:06.261+0000] {processor.py:758} INFO - Processing file /home/airflow/.local/lib/python3.7/site-packages/airflow/example_dags/example_xcom.py for tasks to queue
[2022-11-12T01:50:06.262+0000] {logging_mixin.py:117} INFO - [2022-11-12T01:50:06.262+0000] {dagbag.py:525} INFO - Filling up the DagBag from /home/airflow/.local/lib/python3.7/site-packages/airflow/example_dags/example_xcom.py
[2022-11-12T01:50:06.306+0000] {processor.py:768} INFO - DAG(s) dict_keys(['example_xcom']) retrieved from /home/airflow/.local/lib/python3.7/site-packages/airflow/example_dags/example_xcom.py
[2022-11-12T01:50:06.361+0000] {logging_mixin.py:117} INFO - [2022-11-12T01:50:06.361+0000] {dag.py:2573} INFO - Sync 1 DAGs
[2022-11-12T01:50:06.398+0000] {logging_mixin.py:117} INFO - [2022-11-12T01:50:06.398+0000] {dag.py:3328} INFO - Setting next_dagrun for example_xcom to 2021-01-01T00:00:00+00:00, run_after=2021-01-01T00:00:00+00:00
[2022-11-12T01:50:06.414+0000] {processor.py:178} INFO - Processing /home/airflow/.local/lib/python3.7/site-packages/airflow/example_dags/example_xcom.py took 0.157 seconds
[2022-11-12T03:17:08.810+0000] {processor.py:156} INFO - Started process (PID=14863) to work on /home/airflow/.local/lib/python3.7/site-packages/airflow/example_dags/example_xcom.py
[2022-11-12T03:17:08.814+0000] {processor.py:758} INFO - Processing file /home/airflow/.local/lib/python3.7/site-packages/airflow/example_dags/example_xcom.py for tasks to queue
[2022-11-12T03:17:08.815+0000] {logging_mixin.py:117} INFO - [2022-11-12T03:17:08.815+0000] {dagbag.py:525} INFO - Filling up the DagBag from /home/airflow/.local/lib/python3.7/site-packages/airflow/example_dags/example_xcom.py
[2022-11-12T03:17:08.850+0000] {processor.py:768} INFO - DAG(s) dict_keys(['example_xcom']) retrieved from /home/airflow/.local/lib/python3.7/site-packages/airflow/example_dags/example_xcom.py
[2022-11-12T03:17:08.900+0000] {logging_mixin.py:117} INFO - [2022-11-12T03:17:08.900+0000] {dag.py:2573} INFO - Sync 1 DAGs
[2022-11-12T03:17:08.919+0000] {logging_mixin.py:117} INFO - [2022-11-12T03:17:08.919+0000] {dag.py:3328} INFO - Setting next_dagrun for example_xcom to 2021-01-01T00:00:00+00:00, run_after=2021-01-01T00:00:00+00:00
[2022-11-12T03:17:08.931+0000] {processor.py:178} INFO - Processing /home/airflow/.local/lib/python3.7/site-packages/airflow/example_dags/example_xcom.py took 0.124 seconds
[2022-11-12T04:38:53.686+0000] {processor.py:156} INFO - Started process (PID=14926) to work on /home/airflow/.local/lib/python3.7/site-packages/airflow/example_dags/example_xcom.py
[2022-11-12T04:38:53.690+0000] {processor.py:758} INFO - Processing file /home/airflow/.local/lib/python3.7/site-packages/airflow/example_dags/example_xcom.py for tasks to queue
[2022-11-12T04:38:53.699+0000] {logging_mixin.py:117} INFO - [2022-11-12T04:38:53.699+0000] {dagbag.py:525} INFO - Filling up the DagBag from /home/airflow/.local/lib/python3.7/site-packages/airflow/example_dags/example_xcom.py
[2022-11-12T04:38:53.746+0000] {processor.py:768} INFO - DAG(s) dict_keys(['example_xcom']) retrieved from /home/airflow/.local/lib/python3.7/site-packages/airflow/example_dags/example_xcom.py
[2022-11-12T04:38:53.891+0000] {logging_mixin.py:117} INFO - [2022-11-12T04:38:53.890+0000] {dag.py:2573} INFO - Sync 1 DAGs
[2022-11-12T04:38:53.918+0000] {logging_mixin.py:117} INFO - [2022-11-12T04:38:53.918+0000] {dag.py:3328} INFO - Setting next_dagrun for example_xcom to 2021-01-01T00:00:00+00:00, run_after=2021-01-01T00:00:00+00:00
[2022-11-12T04:38:53.955+0000] {processor.py:178} INFO - Processing /home/airflow/.local/lib/python3.7/site-packages/airflow/example_dags/example_xcom.py took 0.272 seconds
[2022-11-12T06:17:39.155+0000] {processor.py:156} INFO - Started process (PID=14981) to work on /home/airflow/.local/lib/python3.7/site-packages/airflow/example_dags/example_xcom.py
[2022-11-12T06:17:39.159+0000] {processor.py:758} INFO - Processing file /home/airflow/.local/lib/python3.7/site-packages/airflow/example_dags/example_xcom.py for tasks to queue
[2022-11-12T06:17:39.160+0000] {logging_mixin.py:117} INFO - [2022-11-12T06:17:39.160+0000] {dagbag.py:525} INFO - Filling up the DagBag from /home/airflow/.local/lib/python3.7/site-packages/airflow/example_dags/example_xcom.py
[2022-11-12T06:17:39.186+0000] {processor.py:768} INFO - DAG(s) dict_keys(['example_xcom']) retrieved from /home/airflow/.local/lib/python3.7/site-packages/airflow/example_dags/example_xcom.py
[2022-11-12T06:17:39.222+0000] {logging_mixin.py:117} INFO - [2022-11-12T06:17:39.222+0000] {dag.py:2573} INFO - Sync 1 DAGs
[2022-11-12T06:17:39.252+0000] {logging_mixin.py:117} INFO - [2022-11-12T06:17:39.252+0000] {dag.py:3328} INFO - Setting next_dagrun for example_xcom to 2021-01-01T00:00:00+00:00, run_after=2021-01-01T00:00:00+00:00
[2022-11-12T06:17:39.281+0000] {processor.py:178} INFO - Processing /home/airflow/.local/lib/python3.7/site-packages/airflow/example_dags/example_xcom.py took 0.131 seconds
[2022-11-12T07:26:44.475+0000] {processor.py:156} INFO - Started process (PID=15045) to work on /home/airflow/.local/lib/python3.7/site-packages/airflow/example_dags/example_xcom.py
[2022-11-12T07:26:44.480+0000] {processor.py:758} INFO - Processing file /home/airflow/.local/lib/python3.7/site-packages/airflow/example_dags/example_xcom.py for tasks to queue
[2022-11-12T07:26:44.483+0000] {logging_mixin.py:117} INFO - [2022-11-12T07:26:44.482+0000] {dagbag.py:525} INFO - Filling up the DagBag from /home/airflow/.local/lib/python3.7/site-packages/airflow/example_dags/example_xcom.py
[2022-11-12T07:26:44.536+0000] {processor.py:768} INFO - DAG(s) dict_keys(['example_xcom']) retrieved from /home/airflow/.local/lib/python3.7/site-packages/airflow/example_dags/example_xcom.py
[2022-11-12T07:26:44.651+0000] {logging_mixin.py:117} INFO - [2022-11-12T07:26:44.650+0000] {dag.py:2573} INFO - Sync 1 DAGs
[2022-11-12T07:26:44.720+0000] {logging_mixin.py:117} INFO - [2022-11-12T07:26:44.719+0000] {dag.py:3328} INFO - Setting next_dagrun for example_xcom to 2021-01-01T00:00:00+00:00, run_after=2021-01-01T00:00:00+00:00
[2022-11-12T07:26:44.779+0000] {processor.py:178} INFO - Processing /home/airflow/.local/lib/python3.7/site-packages/airflow/example_dags/example_xcom.py took 0.308 seconds
[2022-11-12T08:48:50.596+0000] {processor.py:156} INFO - Started process (PID=15099) to work on /home/airflow/.local/lib/python3.7/site-packages/airflow/example_dags/example_xcom.py
[2022-11-12T08:48:50.598+0000] {processor.py:758} INFO - Processing file /home/airflow/.local/lib/python3.7/site-packages/airflow/example_dags/example_xcom.py for tasks to queue
[2022-11-12T08:48:50.600+0000] {logging_mixin.py:117} INFO - [2022-11-12T08:48:50.600+0000] {dagbag.py:525} INFO - Filling up the DagBag from /home/airflow/.local/lib/python3.7/site-packages/airflow/example_dags/example_xcom.py
[2022-11-12T08:48:50.659+0000] {processor.py:768} INFO - DAG(s) dict_keys(['example_xcom']) retrieved from /home/airflow/.local/lib/python3.7/site-packages/airflow/example_dags/example_xcom.py
[2022-11-12T08:48:50.771+0000] {logging_mixin.py:117} INFO - [2022-11-12T08:48:50.771+0000] {dag.py:2573} INFO - Sync 1 DAGs
[2022-11-12T08:48:50.884+0000] {logging_mixin.py:117} INFO - [2022-11-12T08:48:50.883+0000] {dag.py:3328} INFO - Setting next_dagrun for example_xcom to 2021-01-01T00:00:00+00:00, run_after=2021-01-01T00:00:00+00:00
[2022-11-12T08:48:50.963+0000] {processor.py:178} INFO - Processing /home/airflow/.local/lib/python3.7/site-packages/airflow/example_dags/example_xcom.py took 0.371 seconds
[2022-11-12T09:40:03.705+0000] {processor.py:156} INFO - Started process (PID=15162) to work on /home/airflow/.local/lib/python3.7/site-packages/airflow/example_dags/example_xcom.py
[2022-11-12T09:40:03.708+0000] {processor.py:758} INFO - Processing file /home/airflow/.local/lib/python3.7/site-packages/airflow/example_dags/example_xcom.py for tasks to queue
[2022-11-12T09:40:03.712+0000] {logging_mixin.py:117} INFO - [2022-11-12T09:40:03.712+0000] {dagbag.py:525} INFO - Filling up the DagBag from /home/airflow/.local/lib/python3.7/site-packages/airflow/example_dags/example_xcom.py
[2022-11-12T09:40:03.775+0000] {processor.py:768} INFO - DAG(s) dict_keys(['example_xcom']) retrieved from /home/airflow/.local/lib/python3.7/site-packages/airflow/example_dags/example_xcom.py
[2022-11-12T09:40:03.867+0000] {logging_mixin.py:117} INFO - [2022-11-12T09:40:03.867+0000] {dag.py:2573} INFO - Sync 1 DAGs
[2022-11-12T09:40:03.908+0000] {logging_mixin.py:117} INFO - [2022-11-12T09:40:03.908+0000] {dag.py:3328} INFO - Setting next_dagrun for example_xcom to 2021-01-01T00:00:00+00:00, run_after=2021-01-01T00:00:00+00:00
[2022-11-12T09:40:03.937+0000] {processor.py:178} INFO - Processing /home/airflow/.local/lib/python3.7/site-packages/airflow/example_dags/example_xcom.py took 0.241 seconds
[2022-11-12T11:02:39.197+0000] {processor.py:156} INFO - Started process (PID=15217) to work on /home/airflow/.local/lib/python3.7/site-packages/airflow/example_dags/example_xcom.py
[2022-11-12T11:02:39.201+0000] {processor.py:758} INFO - Processing file /home/airflow/.local/lib/python3.7/site-packages/airflow/example_dags/example_xcom.py for tasks to queue
[2022-11-12T11:02:39.206+0000] {logging_mixin.py:117} INFO - [2022-11-12T11:02:39.205+0000] {dagbag.py:525} INFO - Filling up the DagBag from /home/airflow/.local/lib/python3.7/site-packages/airflow/example_dags/example_xcom.py
[2022-11-12T11:02:39.266+0000] {processor.py:768} INFO - DAG(s) dict_keys(['example_xcom']) retrieved from /home/airflow/.local/lib/python3.7/site-packages/airflow/example_dags/example_xcom.py
[2022-11-12T11:02:39.342+0000] {logging_mixin.py:117} INFO - [2022-11-12T11:02:39.342+0000] {dag.py:2573} INFO - Sync 1 DAGs
[2022-11-12T11:02:39.390+0000] {logging_mixin.py:117} INFO - [2022-11-12T11:02:39.390+0000] {dag.py:3328} INFO - Setting next_dagrun for example_xcom to 2021-01-01T00:00:00+00:00, run_after=2021-01-01T00:00:00+00:00
[2022-11-12T11:02:39.431+0000] {processor.py:178} INFO - Processing /home/airflow/.local/lib/python3.7/site-packages/airflow/example_dags/example_xcom.py took 0.243 seconds
[2022-11-12T12:39:37.063+0000] {processor.py:156} INFO - Started process (PID=15272) to work on /home/airflow/.local/lib/python3.7/site-packages/airflow/example_dags/example_xcom.py
[2022-11-12T12:39:37.065+0000] {processor.py:758} INFO - Processing file /home/airflow/.local/lib/python3.7/site-packages/airflow/example_dags/example_xcom.py for tasks to queue
[2022-11-12T12:39:37.066+0000] {logging_mixin.py:117} INFO - [2022-11-12T12:39:37.066+0000] {dagbag.py:525} INFO - Filling up the DagBag from /home/airflow/.local/lib/python3.7/site-packages/airflow/example_dags/example_xcom.py
[2022-11-12T12:39:37.338+0000] {processor.py:768} INFO - DAG(s) dict_keys(['example_xcom']) retrieved from /home/airflow/.local/lib/python3.7/site-packages/airflow/example_dags/example_xcom.py
[2022-11-12T12:39:37.743+0000] {logging_mixin.py:117} INFO - [2022-11-12T12:39:37.741+0000] {dag.py:2573} INFO - Sync 1 DAGs
[2022-11-12T12:39:37.884+0000] {logging_mixin.py:117} INFO - [2022-11-12T12:39:37.884+0000] {dag.py:3328} INFO - Setting next_dagrun for example_xcom to 2021-01-01T00:00:00+00:00, run_after=2021-01-01T00:00:00+00:00
[2022-11-12T12:39:37.952+0000] {processor.py:178} INFO - Processing /home/airflow/.local/lib/python3.7/site-packages/airflow/example_dags/example_xcom.py took 0.896 seconds
[2022-11-12T14:03:43.141+0000] {processor.py:156} INFO - Started process (PID=15326) to work on /home/airflow/.local/lib/python3.7/site-packages/airflow/example_dags/example_xcom.py
[2022-11-12T14:03:43.143+0000] {processor.py:758} INFO - Processing file /home/airflow/.local/lib/python3.7/site-packages/airflow/example_dags/example_xcom.py for tasks to queue
[2022-11-12T14:03:43.145+0000] {logging_mixin.py:117} INFO - [2022-11-12T14:03:43.145+0000] {dagbag.py:525} INFO - Filling up the DagBag from /home/airflow/.local/lib/python3.7/site-packages/airflow/example_dags/example_xcom.py
[2022-11-12T14:03:43.160+0000] {processor.py:768} INFO - DAG(s) dict_keys(['example_xcom']) retrieved from /home/airflow/.local/lib/python3.7/site-packages/airflow/example_dags/example_xcom.py
[2022-11-12T14:03:43.185+0000] {logging_mixin.py:117} INFO - [2022-11-12T14:03:43.185+0000] {dag.py:2573} INFO - Sync 1 DAGs
[2022-11-12T14:03:43.199+0000] {logging_mixin.py:117} INFO - [2022-11-12T14:03:43.199+0000] {dag.py:3328} INFO - Setting next_dagrun for example_xcom to 2021-01-01T00:00:00+00:00, run_after=2021-01-01T00:00:00+00:00
[2022-11-12T14:03:43.210+0000] {processor.py:178} INFO - Processing /home/airflow/.local/lib/python3.7/site-packages/airflow/example_dags/example_xcom.py took 0.071 seconds
[2022-11-12T15:28:41.442+0000] {processor.py:156} INFO - Started process (PID=15391) to work on /home/airflow/.local/lib/python3.7/site-packages/airflow/example_dags/example_xcom.py
[2022-11-12T15:28:41.447+0000] {processor.py:758} INFO - Processing file /home/airflow/.local/lib/python3.7/site-packages/airflow/example_dags/example_xcom.py for tasks to queue
[2022-11-12T15:28:41.454+0000] {logging_mixin.py:117} INFO - [2022-11-12T15:28:41.454+0000] {dagbag.py:525} INFO - Filling up the DagBag from /home/airflow/.local/lib/python3.7/site-packages/airflow/example_dags/example_xcom.py
[2022-11-12T15:28:41.477+0000] {processor.py:768} INFO - DAG(s) dict_keys(['example_xcom']) retrieved from /home/airflow/.local/lib/python3.7/site-packages/airflow/example_dags/example_xcom.py
[2022-11-12T15:28:41.548+0000] {logging_mixin.py:117} INFO - [2022-11-12T15:28:41.548+0000] {dag.py:2573} INFO - Sync 1 DAGs
[2022-11-12T15:28:41.581+0000] {logging_mixin.py:117} INFO - [2022-11-12T15:28:41.580+0000] {dag.py:3328} INFO - Setting next_dagrun for example_xcom to 2021-01-01T00:00:00+00:00, run_after=2021-01-01T00:00:00+00:00
[2022-11-12T15:28:41.602+0000] {processor.py:178} INFO - Processing /home/airflow/.local/lib/python3.7/site-packages/airflow/example_dags/example_xcom.py took 0.166 seconds
[2022-11-12T16:51:19.079+0000] {processor.py:156} INFO - Started process (PID=15447) to work on /home/airflow/.local/lib/python3.7/site-packages/airflow/example_dags/example_xcom.py
[2022-11-12T16:51:19.081+0000] {processor.py:758} INFO - Processing file /home/airflow/.local/lib/python3.7/site-packages/airflow/example_dags/example_xcom.py for tasks to queue
[2022-11-12T16:51:19.083+0000] {logging_mixin.py:117} INFO - [2022-11-12T16:51:19.083+0000] {dagbag.py:525} INFO - Filling up the DagBag from /home/airflow/.local/lib/python3.7/site-packages/airflow/example_dags/example_xcom.py
[2022-11-12T16:51:19.107+0000] {processor.py:768} INFO - DAG(s) dict_keys(['example_xcom']) retrieved from /home/airflow/.local/lib/python3.7/site-packages/airflow/example_dags/example_xcom.py
[2022-11-12T16:51:19.152+0000] {logging_mixin.py:117} INFO - [2022-11-12T16:51:19.152+0000] {dag.py:2573} INFO - Sync 1 DAGs
[2022-11-12T16:51:19.182+0000] {logging_mixin.py:117} INFO - [2022-11-12T16:51:19.181+0000] {dag.py:3328} INFO - Setting next_dagrun for example_xcom to 2021-01-01T00:00:00+00:00, run_after=2021-01-01T00:00:00+00:00
[2022-11-12T16:51:19.204+0000] {processor.py:178} INFO - Processing /home/airflow/.local/lib/python3.7/site-packages/airflow/example_dags/example_xcom.py took 0.131 seconds
[2022-11-12T18:32:32.468+0000] {processor.py:156} INFO - Started process (PID=15511) to work on /home/airflow/.local/lib/python3.7/site-packages/airflow/example_dags/example_xcom.py
[2022-11-12T18:32:32.472+0000] {processor.py:758} INFO - Processing file /home/airflow/.local/lib/python3.7/site-packages/airflow/example_dags/example_xcom.py for tasks to queue
[2022-11-12T18:32:32.476+0000] {logging_mixin.py:117} INFO - [2022-11-12T18:32:32.476+0000] {dagbag.py:525} INFO - Filling up the DagBag from /home/airflow/.local/lib/python3.7/site-packages/airflow/example_dags/example_xcom.py
[2022-11-12T18:32:32.508+0000] {processor.py:768} INFO - DAG(s) dict_keys(['example_xcom']) retrieved from /home/airflow/.local/lib/python3.7/site-packages/airflow/example_dags/example_xcom.py
[2022-11-12T18:32:32.650+0000] {logging_mixin.py:117} INFO - [2022-11-12T18:32:32.650+0000] {dag.py:2573} INFO - Sync 1 DAGs
[2022-11-12T18:32:32.724+0000] {logging_mixin.py:117} INFO - [2022-11-12T18:32:32.723+0000] {dag.py:3328} INFO - Setting next_dagrun for example_xcom to 2021-01-01T00:00:00+00:00, run_after=2021-01-01T00:00:00+00:00
[2022-11-12T18:32:32.775+0000] {processor.py:178} INFO - Processing /home/airflow/.local/lib/python3.7/site-packages/airflow/example_dags/example_xcom.py took 0.327 seconds
[2022-11-12T19:24:26.479+0000] {processor.py:156} INFO - Started process (PID=15567) to work on /home/airflow/.local/lib/python3.7/site-packages/airflow/example_dags/example_xcom.py
[2022-11-12T19:24:26.486+0000] {processor.py:758} INFO - Processing file /home/airflow/.local/lib/python3.7/site-packages/airflow/example_dags/example_xcom.py for tasks to queue
[2022-11-12T19:24:26.489+0000] {logging_mixin.py:117} INFO - [2022-11-12T19:24:26.489+0000] {dagbag.py:525} INFO - Filling up the DagBag from /home/airflow/.local/lib/python3.7/site-packages/airflow/example_dags/example_xcom.py
[2022-11-12T19:24:26.551+0000] {processor.py:768} INFO - DAG(s) dict_keys(['example_xcom']) retrieved from /home/airflow/.local/lib/python3.7/site-packages/airflow/example_dags/example_xcom.py
[2022-11-12T19:24:26.669+0000] {logging_mixin.py:117} INFO - [2022-11-12T19:24:26.669+0000] {dag.py:2573} INFO - Sync 1 DAGs
[2022-11-12T19:24:26.744+0000] {logging_mixin.py:117} INFO - [2022-11-12T19:24:26.744+0000] {dag.py:3328} INFO - Setting next_dagrun for example_xcom to 2021-01-01T00:00:00+00:00, run_after=2021-01-01T00:00:00+00:00
[2022-11-12T19:24:26.784+0000] {processor.py:178} INFO - Processing /home/airflow/.local/lib/python3.7/site-packages/airflow/example_dags/example_xcom.py took 0.319 seconds
