[2022-11-12T00:30:40.964+0000] {processor.py:156} INFO - Started process (PID=14736) to work on /home/airflow/.local/lib/python3.7/site-packages/airflow/example_dags/example_kubernetes_executor.py
[2022-11-12T00:30:40.970+0000] {processor.py:758} INFO - Processing file /home/airflow/.local/lib/python3.7/site-packages/airflow/example_dags/example_kubernetes_executor.py for tasks to queue
[2022-11-12T00:30:40.973+0000] {logging_mixin.py:117} INFO - [2022-11-12T00:30:40.972+0000] {dagbag.py:525} INFO - Filling up the DagBag from /home/airflow/.local/lib/python3.7/site-packages/airflow/example_dags/example_kubernetes_executor.py
[2022-11-12T00:30:41.043+0000] {processor.py:768} INFO - DAG(s) dict_keys(['example_kubernetes_executor']) retrieved from /home/airflow/.local/lib/python3.7/site-packages/airflow/example_dags/example_kubernetes_executor.py
[2022-11-12T00:30:41.146+0000] {logging_mixin.py:117} INFO - [2022-11-12T00:30:41.146+0000] {dag.py:2573} INFO - Sync 1 DAGs
[2022-11-12T00:30:41.190+0000] {logging_mixin.py:117} INFO - [2022-11-12T00:30:41.190+0000] {dag.py:3328} INFO - Setting next_dagrun for example_kubernetes_executor to None, run_after=None
[2022-11-12T00:30:41.237+0000] {processor.py:178} INFO - Processing /home/airflow/.local/lib/python3.7/site-packages/airflow/example_dags/example_kubernetes_executor.py took 0.278 seconds
[2022-11-12T01:50:01.902+0000] {processor.py:156} INFO - Started process (PID=14801) to work on /home/airflow/.local/lib/python3.7/site-packages/airflow/example_dags/example_kubernetes_executor.py
[2022-11-12T01:50:01.907+0000] {processor.py:758} INFO - Processing file /home/airflow/.local/lib/python3.7/site-packages/airflow/example_dags/example_kubernetes_executor.py for tasks to queue
[2022-11-12T01:50:01.914+0000] {logging_mixin.py:117} INFO - [2022-11-12T01:50:01.914+0000] {dagbag.py:525} INFO - Filling up the DagBag from /home/airflow/.local/lib/python3.7/site-packages/airflow/example_dags/example_kubernetes_executor.py
[2022-11-12T01:50:02.101+0000] {processor.py:768} INFO - DAG(s) dict_keys(['example_kubernetes_executor']) retrieved from /home/airflow/.local/lib/python3.7/site-packages/airflow/example_dags/example_kubernetes_executor.py
[2022-11-12T01:50:02.401+0000] {logging_mixin.py:117} INFO - [2022-11-12T01:50:02.400+0000] {dag.py:2573} INFO - Sync 1 DAGs
[2022-11-12T01:50:02.917+0000] {logging_mixin.py:117} INFO - [2022-11-12T01:50:02.917+0000] {dag.py:3328} INFO - Setting next_dagrun for example_kubernetes_executor to None, run_after=None
[2022-11-12T01:50:03.023+0000] {processor.py:178} INFO - Processing /home/airflow/.local/lib/python3.7/site-packages/airflow/example_dags/example_kubernetes_executor.py took 1.126 seconds
[2022-11-12T03:17:07.398+0000] {processor.py:156} INFO - Started process (PID=14855) to work on /home/airflow/.local/lib/python3.7/site-packages/airflow/example_dags/example_kubernetes_executor.py
[2022-11-12T03:17:07.431+0000] {processor.py:758} INFO - Processing file /home/airflow/.local/lib/python3.7/site-packages/airflow/example_dags/example_kubernetes_executor.py for tasks to queue
[2022-11-12T03:17:07.453+0000] {logging_mixin.py:117} INFO - [2022-11-12T03:17:07.452+0000] {dagbag.py:525} INFO - Filling up the DagBag from /home/airflow/.local/lib/python3.7/site-packages/airflow/example_dags/example_kubernetes_executor.py
[2022-11-12T03:17:07.616+0000] {processor.py:768} INFO - DAG(s) dict_keys(['example_kubernetes_executor']) retrieved from /home/airflow/.local/lib/python3.7/site-packages/airflow/example_dags/example_kubernetes_executor.py
[2022-11-12T03:17:07.927+0000] {logging_mixin.py:117} INFO - [2022-11-12T03:17:07.926+0000] {dag.py:2573} INFO - Sync 1 DAGs
[2022-11-12T03:17:07.992+0000] {logging_mixin.py:117} INFO - [2022-11-12T03:17:07.992+0000] {dag.py:3328} INFO - Setting next_dagrun for example_kubernetes_executor to None, run_after=None
[2022-11-12T03:17:08.019+0000] {processor.py:178} INFO - Processing /home/airflow/.local/lib/python3.7/site-packages/airflow/example_dags/example_kubernetes_executor.py took 0.662 seconds
[2022-11-12T04:38:47.810+0000] {processor.py:156} INFO - Started process (PID=14918) to work on /home/airflow/.local/lib/python3.7/site-packages/airflow/example_dags/example_kubernetes_executor.py
[2022-11-12T04:38:47.820+0000] {processor.py:758} INFO - Processing file /home/airflow/.local/lib/python3.7/site-packages/airflow/example_dags/example_kubernetes_executor.py for tasks to queue
[2022-11-12T04:38:47.824+0000] {logging_mixin.py:117} INFO - [2022-11-12T04:38:47.823+0000] {dagbag.py:525} INFO - Filling up the DagBag from /home/airflow/.local/lib/python3.7/site-packages/airflow/example_dags/example_kubernetes_executor.py
[2022-11-12T04:38:48.228+0000] {processor.py:768} INFO - DAG(s) dict_keys(['example_kubernetes_executor']) retrieved from /home/airflow/.local/lib/python3.7/site-packages/airflow/example_dags/example_kubernetes_executor.py
[2022-11-12T04:38:49.288+0000] {logging_mixin.py:117} INFO - [2022-11-12T04:38:49.282+0000] {dag.py:2573} INFO - Sync 1 DAGs
[2022-11-12T04:38:50.004+0000] {logging_mixin.py:117} INFO - [2022-11-12T04:38:50.003+0000] {dag.py:3328} INFO - Setting next_dagrun for example_kubernetes_executor to None, run_after=None
[2022-11-12T04:38:50.090+0000] {processor.py:178} INFO - Processing /home/airflow/.local/lib/python3.7/site-packages/airflow/example_dags/example_kubernetes_executor.py took 2.294 seconds
[2022-11-12T06:17:37.305+0000] {processor.py:156} INFO - Started process (PID=14973) to work on /home/airflow/.local/lib/python3.7/site-packages/airflow/example_dags/example_kubernetes_executor.py
[2022-11-12T06:17:37.321+0000] {processor.py:758} INFO - Processing file /home/airflow/.local/lib/python3.7/site-packages/airflow/example_dags/example_kubernetes_executor.py for tasks to queue
[2022-11-12T06:17:37.325+0000] {logging_mixin.py:117} INFO - [2022-11-12T06:17:37.325+0000] {dagbag.py:525} INFO - Filling up the DagBag from /home/airflow/.local/lib/python3.7/site-packages/airflow/example_dags/example_kubernetes_executor.py
[2022-11-12T06:17:37.521+0000] {processor.py:768} INFO - DAG(s) dict_keys(['example_kubernetes_executor']) retrieved from /home/airflow/.local/lib/python3.7/site-packages/airflow/example_dags/example_kubernetes_executor.py
[2022-11-12T06:17:37.793+0000] {logging_mixin.py:117} INFO - [2022-11-12T06:17:37.792+0000] {dag.py:2573} INFO - Sync 1 DAGs
[2022-11-12T06:17:37.856+0000] {logging_mixin.py:117} INFO - [2022-11-12T06:17:37.855+0000] {dag.py:3328} INFO - Setting next_dagrun for example_kubernetes_executor to None, run_after=None
[2022-11-12T06:17:37.898+0000] {processor.py:178} INFO - Processing /home/airflow/.local/lib/python3.7/site-packages/airflow/example_dags/example_kubernetes_executor.py took 0.605 seconds
[2022-11-12T07:26:39.938+0000] {processor.py:156} INFO - Started process (PID=15035) to work on /home/airflow/.local/lib/python3.7/site-packages/airflow/example_dags/example_kubernetes_executor.py
[2022-11-12T07:26:40.022+0000] {processor.py:758} INFO - Processing file /home/airflow/.local/lib/python3.7/site-packages/airflow/example_dags/example_kubernetes_executor.py for tasks to queue
[2022-11-12T07:26:40.024+0000] {logging_mixin.py:117} INFO - [2022-11-12T07:26:40.024+0000] {dagbag.py:525} INFO - Filling up the DagBag from /home/airflow/.local/lib/python3.7/site-packages/airflow/example_dags/example_kubernetes_executor.py
[2022-11-12T07:26:40.190+0000] {processor.py:768} INFO - DAG(s) dict_keys(['example_kubernetes_executor']) retrieved from /home/airflow/.local/lib/python3.7/site-packages/airflow/example_dags/example_kubernetes_executor.py
[2022-11-12T07:26:41.179+0000] {logging_mixin.py:117} INFO - [2022-11-12T07:26:41.176+0000] {dag.py:2573} INFO - Sync 1 DAGs
[2022-11-12T07:26:41.287+0000] {logging_mixin.py:117} INFO - [2022-11-12T07:26:41.287+0000] {dag.py:3328} INFO - Setting next_dagrun for example_kubernetes_executor to None, run_after=None
[2022-11-12T07:26:41.372+0000] {processor.py:178} INFO - Processing /home/airflow/.local/lib/python3.7/site-packages/airflow/example_dags/example_kubernetes_executor.py took 1.473 seconds
[2022-11-12T08:48:48.370+0000] {processor.py:156} INFO - Started process (PID=15091) to work on /home/airflow/.local/lib/python3.7/site-packages/airflow/example_dags/example_kubernetes_executor.py
[2022-11-12T08:48:48.379+0000] {processor.py:758} INFO - Processing file /home/airflow/.local/lib/python3.7/site-packages/airflow/example_dags/example_kubernetes_executor.py for tasks to queue
[2022-11-12T08:48:48.384+0000] {logging_mixin.py:117} INFO - [2022-11-12T08:48:48.384+0000] {dagbag.py:525} INFO - Filling up the DagBag from /home/airflow/.local/lib/python3.7/site-packages/airflow/example_dags/example_kubernetes_executor.py
[2022-11-12T08:48:48.655+0000] {processor.py:768} INFO - DAG(s) dict_keys(['example_kubernetes_executor']) retrieved from /home/airflow/.local/lib/python3.7/site-packages/airflow/example_dags/example_kubernetes_executor.py
[2022-11-12T08:48:49.078+0000] {logging_mixin.py:117} INFO - [2022-11-12T08:48:49.078+0000] {dag.py:2573} INFO - Sync 1 DAGs
[2022-11-12T08:48:49.176+0000] {logging_mixin.py:117} INFO - [2022-11-12T08:48:49.176+0000] {dag.py:3328} INFO - Setting next_dagrun for example_kubernetes_executor to None, run_after=None
[2022-11-12T08:48:49.317+0000] {processor.py:178} INFO - Processing /home/airflow/.local/lib/python3.7/site-packages/airflow/example_dags/example_kubernetes_executor.py took 0.987 seconds
[2022-11-12T09:40:00.003+0000] {processor.py:156} INFO - Started process (PID=15151) to work on /home/airflow/.local/lib/python3.7/site-packages/airflow/example_dags/example_kubernetes_executor.py
[2022-11-12T09:40:00.010+0000] {processor.py:758} INFO - Processing file /home/airflow/.local/lib/python3.7/site-packages/airflow/example_dags/example_kubernetes_executor.py for tasks to queue
[2022-11-12T09:40:00.020+0000] {logging_mixin.py:117} INFO - [2022-11-12T09:40:00.020+0000] {dagbag.py:525} INFO - Filling up the DagBag from /home/airflow/.local/lib/python3.7/site-packages/airflow/example_dags/example_kubernetes_executor.py
[2022-11-12T09:40:00.965+0000] {processor.py:768} INFO - DAG(s) dict_keys(['example_kubernetes_executor']) retrieved from /home/airflow/.local/lib/python3.7/site-packages/airflow/example_dags/example_kubernetes_executor.py
[2022-11-12T09:40:01.755+0000] {logging_mixin.py:117} INFO - [2022-11-12T09:40:01.755+0000] {dag.py:2573} INFO - Sync 1 DAGs
[2022-11-12T09:40:01.901+0000] {logging_mixin.py:117} INFO - [2022-11-12T09:40:01.901+0000] {dag.py:3328} INFO - Setting next_dagrun for example_kubernetes_executor to None, run_after=None
[2022-11-12T09:40:02.050+0000] {processor.py:178} INFO - Processing /home/airflow/.local/lib/python3.7/site-packages/airflow/example_dags/example_kubernetes_executor.py took 2.064 seconds
[2022-11-12T11:02:33.352+0000] {processor.py:156} INFO - Started process (PID=15207) to work on /home/airflow/.local/lib/python3.7/site-packages/airflow/example_dags/example_kubernetes_executor.py
[2022-11-12T11:02:33.366+0000] {processor.py:758} INFO - Processing file /home/airflow/.local/lib/python3.7/site-packages/airflow/example_dags/example_kubernetes_executor.py for tasks to queue
[2022-11-12T11:02:33.372+0000] {logging_mixin.py:117} INFO - [2022-11-12T11:02:33.371+0000] {dagbag.py:525} INFO - Filling up the DagBag from /home/airflow/.local/lib/python3.7/site-packages/airflow/example_dags/example_kubernetes_executor.py
[2022-11-12T11:02:33.807+0000] {processor.py:768} INFO - DAG(s) dict_keys(['example_kubernetes_executor']) retrieved from /home/airflow/.local/lib/python3.7/site-packages/airflow/example_dags/example_kubernetes_executor.py
[2022-11-12T11:02:34.242+0000] {logging_mixin.py:117} INFO - [2022-11-12T11:02:34.241+0000] {dag.py:2573} INFO - Sync 1 DAGs
[2022-11-12T11:02:34.355+0000] {logging_mixin.py:117} INFO - [2022-11-12T11:02:34.355+0000] {dag.py:3328} INFO - Setting next_dagrun for example_kubernetes_executor to None, run_after=None
[2022-11-12T11:02:34.471+0000] {processor.py:178} INFO - Processing /home/airflow/.local/lib/python3.7/site-packages/airflow/example_dags/example_kubernetes_executor.py took 1.132 seconds
[2022-11-12T12:39:34.961+0000] {processor.py:156} INFO - Started process (PID=15262) to work on /home/airflow/.local/lib/python3.7/site-packages/airflow/example_dags/example_kubernetes_executor.py
[2022-11-12T12:39:34.980+0000] {processor.py:758} INFO - Processing file /home/airflow/.local/lib/python3.7/site-packages/airflow/example_dags/example_kubernetes_executor.py for tasks to queue
[2022-11-12T12:39:34.983+0000] {logging_mixin.py:117} INFO - [2022-11-12T12:39:34.983+0000] {dagbag.py:525} INFO - Filling up the DagBag from /home/airflow/.local/lib/python3.7/site-packages/airflow/example_dags/example_kubernetes_executor.py
[2022-11-12T12:39:35.073+0000] {processor.py:768} INFO - DAG(s) dict_keys(['example_kubernetes_executor']) retrieved from /home/airflow/.local/lib/python3.7/site-packages/airflow/example_dags/example_kubernetes_executor.py
[2022-11-12T12:39:35.221+0000] {logging_mixin.py:117} INFO - [2022-11-12T12:39:35.221+0000] {dag.py:2573} INFO - Sync 1 DAGs
[2022-11-12T12:39:35.286+0000] {logging_mixin.py:117} INFO - [2022-11-12T12:39:35.286+0000] {dag.py:3328} INFO - Setting next_dagrun for example_kubernetes_executor to None, run_after=None
[2022-11-12T12:39:35.345+0000] {processor.py:178} INFO - Processing /home/airflow/.local/lib/python3.7/site-packages/airflow/example_dags/example_kubernetes_executor.py took 0.392 seconds
[2022-11-12T14:03:42.637+0000] {processor.py:156} INFO - Started process (PID=15318) to work on /home/airflow/.local/lib/python3.7/site-packages/airflow/example_dags/example_kubernetes_executor.py
[2022-11-12T14:03:42.639+0000] {processor.py:758} INFO - Processing file /home/airflow/.local/lib/python3.7/site-packages/airflow/example_dags/example_kubernetes_executor.py for tasks to queue
[2022-11-12T14:03:42.641+0000] {logging_mixin.py:117} INFO - [2022-11-12T14:03:42.640+0000] {dagbag.py:525} INFO - Filling up the DagBag from /home/airflow/.local/lib/python3.7/site-packages/airflow/example_dags/example_kubernetes_executor.py
[2022-11-12T14:03:42.668+0000] {processor.py:768} INFO - DAG(s) dict_keys(['example_kubernetes_executor']) retrieved from /home/airflow/.local/lib/python3.7/site-packages/airflow/example_dags/example_kubernetes_executor.py
[2022-11-12T14:03:42.717+0000] {logging_mixin.py:117} INFO - [2022-11-12T14:03:42.717+0000] {dag.py:2573} INFO - Sync 1 DAGs
[2022-11-12T14:03:42.740+0000] {logging_mixin.py:117} INFO - [2022-11-12T14:03:42.740+0000] {dag.py:3328} INFO - Setting next_dagrun for example_kubernetes_executor to None, run_after=None
[2022-11-12T14:03:42.755+0000] {processor.py:178} INFO - Processing /home/airflow/.local/lib/python3.7/site-packages/airflow/example_dags/example_kubernetes_executor.py took 0.121 seconds
[2022-11-12T15:28:36.535+0000] {processor.py:156} INFO - Started process (PID=15374) to work on /home/airflow/.local/lib/python3.7/site-packages/airflow/example_dags/example_kubernetes_executor.py
[2022-11-12T15:28:36.544+0000] {processor.py:758} INFO - Processing file /home/airflow/.local/lib/python3.7/site-packages/airflow/example_dags/example_kubernetes_executor.py for tasks to queue
[2022-11-12T15:28:36.555+0000] {logging_mixin.py:117} INFO - [2022-11-12T15:28:36.554+0000] {dagbag.py:525} INFO - Filling up the DagBag from /home/airflow/.local/lib/python3.7/site-packages/airflow/example_dags/example_kubernetes_executor.py
[2022-11-12T15:28:36.744+0000] {processor.py:768} INFO - DAG(s) dict_keys(['example_kubernetes_executor']) retrieved from /home/airflow/.local/lib/python3.7/site-packages/airflow/example_dags/example_kubernetes_executor.py
[2022-11-12T15:28:36.970+0000] {logging_mixin.py:117} INFO - [2022-11-12T15:28:36.969+0000] {dag.py:2573} INFO - Sync 1 DAGs
[2022-11-12T15:28:37.041+0000] {logging_mixin.py:117} INFO - [2022-11-12T15:28:37.041+0000] {dag.py:3328} INFO - Setting next_dagrun for example_kubernetes_executor to None, run_after=None
[2022-11-12T15:28:37.083+0000] {processor.py:178} INFO - Processing /home/airflow/.local/lib/python3.7/site-packages/airflow/example_dags/example_kubernetes_executor.py took 0.662 seconds
[2022-11-12T16:51:17.066+0000] {processor.py:156} INFO - Started process (PID=15439) to work on /home/airflow/.local/lib/python3.7/site-packages/airflow/example_dags/example_kubernetes_executor.py
[2022-11-12T16:51:17.069+0000] {processor.py:758} INFO - Processing file /home/airflow/.local/lib/python3.7/site-packages/airflow/example_dags/example_kubernetes_executor.py for tasks to queue
[2022-11-12T16:51:17.073+0000] {logging_mixin.py:117} INFO - [2022-11-12T16:51:17.073+0000] {dagbag.py:525} INFO - Filling up the DagBag from /home/airflow/.local/lib/python3.7/site-packages/airflow/example_dags/example_kubernetes_executor.py
[2022-11-12T16:51:17.109+0000] {processor.py:768} INFO - DAG(s) dict_keys(['example_kubernetes_executor']) retrieved from /home/airflow/.local/lib/python3.7/site-packages/airflow/example_dags/example_kubernetes_executor.py
[2022-11-12T16:51:17.224+0000] {logging_mixin.py:117} INFO - [2022-11-12T16:51:17.224+0000] {dag.py:2573} INFO - Sync 1 DAGs
[2022-11-12T16:51:17.330+0000] {logging_mixin.py:117} INFO - [2022-11-12T16:51:17.329+0000] {dag.py:3328} INFO - Setting next_dagrun for example_kubernetes_executor to None, run_after=None
[2022-11-12T16:51:17.403+0000] {processor.py:178} INFO - Processing /home/airflow/.local/lib/python3.7/site-packages/airflow/example_dags/example_kubernetes_executor.py took 0.339 seconds
[2022-11-12T18:32:28.842+0000] {processor.py:156} INFO - Started process (PID=15503) to work on /home/airflow/.local/lib/python3.7/site-packages/airflow/example_dags/example_kubernetes_executor.py
[2022-11-12T18:32:28.855+0000] {processor.py:758} INFO - Processing file /home/airflow/.local/lib/python3.7/site-packages/airflow/example_dags/example_kubernetes_executor.py for tasks to queue
[2022-11-12T18:32:28.858+0000] {logging_mixin.py:117} INFO - [2022-11-12T18:32:28.857+0000] {dagbag.py:525} INFO - Filling up the DagBag from /home/airflow/.local/lib/python3.7/site-packages/airflow/example_dags/example_kubernetes_executor.py
[2022-11-12T18:32:29.086+0000] {processor.py:768} INFO - DAG(s) dict_keys(['example_kubernetes_executor']) retrieved from /home/airflow/.local/lib/python3.7/site-packages/airflow/example_dags/example_kubernetes_executor.py
[2022-11-12T18:32:29.542+0000] {logging_mixin.py:117} INFO - [2022-11-12T18:32:29.541+0000] {dag.py:2573} INFO - Sync 1 DAGs
[2022-11-12T18:32:29.696+0000] {logging_mixin.py:117} INFO - [2022-11-12T18:32:29.696+0000] {dag.py:3328} INFO - Setting next_dagrun for example_kubernetes_executor to None, run_after=None
[2022-11-12T18:32:29.762+0000] {processor.py:178} INFO - Processing /home/airflow/.local/lib/python3.7/site-packages/airflow/example_dags/example_kubernetes_executor.py took 0.997 seconds
[2022-11-12T19:24:22.516+0000] {processor.py:156} INFO - Started process (PID=15559) to work on /home/airflow/.local/lib/python3.7/site-packages/airflow/example_dags/example_kubernetes_executor.py
[2022-11-12T19:24:22.520+0000] {processor.py:758} INFO - Processing file /home/airflow/.local/lib/python3.7/site-packages/airflow/example_dags/example_kubernetes_executor.py for tasks to queue
[2022-11-12T19:24:22.523+0000] {logging_mixin.py:117} INFO - [2022-11-12T19:24:22.523+0000] {dagbag.py:525} INFO - Filling up the DagBag from /home/airflow/.local/lib/python3.7/site-packages/airflow/example_dags/example_kubernetes_executor.py
[2022-11-12T19:24:22.701+0000] {processor.py:768} INFO - DAG(s) dict_keys(['example_kubernetes_executor']) retrieved from /home/airflow/.local/lib/python3.7/site-packages/airflow/example_dags/example_kubernetes_executor.py
[2022-11-12T19:24:22.901+0000] {logging_mixin.py:117} INFO - [2022-11-12T19:24:22.901+0000] {dag.py:2573} INFO - Sync 1 DAGs
[2022-11-12T19:24:23.059+0000] {logging_mixin.py:117} INFO - [2022-11-12T19:24:23.059+0000] {dag.py:3328} INFO - Setting next_dagrun for example_kubernetes_executor to None, run_after=None
[2022-11-12T19:24:23.195+0000] {processor.py:178} INFO - Processing /home/airflow/.local/lib/python3.7/site-packages/airflow/example_dags/example_kubernetes_executor.py took 0.693 seconds
