[2022-11-12T00:30:49.029+0000] {processor.py:156} INFO - Started process (PID=14762) to work on /home/airflow/.local/lib/python3.7/site-packages/airflow/example_dags/example_external_task_marker_dag.py
[2022-11-12T00:30:49.037+0000] {processor.py:758} INFO - Processing file /home/airflow/.local/lib/python3.7/site-packages/airflow/example_dags/example_external_task_marker_dag.py for tasks to queue
[2022-11-12T00:30:49.040+0000] {logging_mixin.py:117} INFO - [2022-11-12T00:30:49.040+0000] {dagbag.py:525} INFO - Filling up the DagBag from /home/airflow/.local/lib/python3.7/site-packages/airflow/example_dags/example_external_task_marker_dag.py
[2022-11-12T00:30:49.147+0000] {processor.py:768} INFO - DAG(s) dict_keys(['example_external_task_marker_parent', 'example_external_task_marker_child']) retrieved from /home/airflow/.local/lib/python3.7/site-packages/airflow/example_dags/example_external_task_marker_dag.py
[2022-11-12T00:30:49.639+0000] {logging_mixin.py:117} INFO - [2022-11-12T00:30:49.638+0000] {dag.py:2573} INFO - Sync 2 DAGs
[2022-11-12T00:30:49.844+0000] {logging_mixin.py:117} INFO - [2022-11-12T00:30:49.843+0000] {dag.py:3328} INFO - Setting next_dagrun for example_external_task_marker_child to None, run_after=None
[2022-11-12T00:30:49.868+0000] {logging_mixin.py:117} INFO - [2022-11-12T00:30:49.867+0000] {dag.py:3328} INFO - Setting next_dagrun for example_external_task_marker_parent to None, run_after=None
[2022-11-12T00:30:49.929+0000] {processor.py:178} INFO - Processing /home/airflow/.local/lib/python3.7/site-packages/airflow/example_dags/example_external_task_marker_dag.py took 0.930 seconds
[2022-11-12T01:50:12.054+0000] {processor.py:156} INFO - Started process (PID=14826) to work on /home/airflow/.local/lib/python3.7/site-packages/airflow/example_dags/example_external_task_marker_dag.py
[2022-11-12T01:50:12.058+0000] {processor.py:758} INFO - Processing file /home/airflow/.local/lib/python3.7/site-packages/airflow/example_dags/example_external_task_marker_dag.py for tasks to queue
[2022-11-12T01:50:12.062+0000] {logging_mixin.py:117} INFO - [2022-11-12T01:50:12.059+0000] {dagbag.py:525} INFO - Filling up the DagBag from /home/airflow/.local/lib/python3.7/site-packages/airflow/example_dags/example_external_task_marker_dag.py
[2022-11-12T01:50:12.202+0000] {processor.py:768} INFO - DAG(s) dict_keys(['example_external_task_marker_parent', 'example_external_task_marker_child']) retrieved from /home/airflow/.local/lib/python3.7/site-packages/airflow/example_dags/example_external_task_marker_dag.py
[2022-11-12T01:50:12.580+0000] {logging_mixin.py:117} INFO - [2022-11-12T01:50:12.579+0000] {dag.py:2573} INFO - Sync 2 DAGs
[2022-11-12T01:50:12.605+0000] {logging_mixin.py:117} INFO - [2022-11-12T01:50:12.604+0000] {dag.py:3328} INFO - Setting next_dagrun for example_external_task_marker_child to None, run_after=None
[2022-11-12T01:50:12.609+0000] {logging_mixin.py:117} INFO - [2022-11-12T01:50:12.609+0000] {dag.py:3328} INFO - Setting next_dagrun for example_external_task_marker_parent to None, run_after=None
[2022-11-12T01:50:12.707+0000] {processor.py:178} INFO - Processing /home/airflow/.local/lib/python3.7/site-packages/airflow/example_dags/example_external_task_marker_dag.py took 0.667 seconds
[2022-11-12T03:17:09.784+0000] {processor.py:156} INFO - Started process (PID=14872) to work on /home/airflow/.local/lib/python3.7/site-packages/airflow/example_dags/example_external_task_marker_dag.py
[2022-11-12T03:17:09.787+0000] {processor.py:758} INFO - Processing file /home/airflow/.local/lib/python3.7/site-packages/airflow/example_dags/example_external_task_marker_dag.py for tasks to queue
[2022-11-12T03:17:09.792+0000] {logging_mixin.py:117} INFO - [2022-11-12T03:17:09.792+0000] {dagbag.py:525} INFO - Filling up the DagBag from /home/airflow/.local/lib/python3.7/site-packages/airflow/example_dags/example_external_task_marker_dag.py
[2022-11-12T03:17:09.813+0000] {processor.py:768} INFO - DAG(s) dict_keys(['example_external_task_marker_child', 'example_external_task_marker_parent']) retrieved from /home/airflow/.local/lib/python3.7/site-packages/airflow/example_dags/example_external_task_marker_dag.py
[2022-11-12T03:17:10.344+0000] {logging_mixin.py:117} INFO - [2022-11-12T03:17:10.343+0000] {dag.py:2573} INFO - Sync 2 DAGs
[2022-11-12T03:17:10.433+0000] {logging_mixin.py:117} INFO - [2022-11-12T03:17:10.433+0000] {dag.py:3328} INFO - Setting next_dagrun for example_external_task_marker_child to None, run_after=None
[2022-11-12T03:17:10.445+0000] {logging_mixin.py:117} INFO - [2022-11-12T03:17:10.445+0000] {dag.py:3328} INFO - Setting next_dagrun for example_external_task_marker_parent to None, run_after=None
[2022-11-12T03:17:10.522+0000] {processor.py:178} INFO - Processing /home/airflow/.local/lib/python3.7/site-packages/airflow/example_dags/example_external_task_marker_dag.py took 0.741 seconds
[2022-11-12T04:38:56.559+0000] {processor.py:156} INFO - Started process (PID=14935) to work on /home/airflow/.local/lib/python3.7/site-packages/airflow/example_dags/example_external_task_marker_dag.py
[2022-11-12T04:38:56.609+0000] {processor.py:758} INFO - Processing file /home/airflow/.local/lib/python3.7/site-packages/airflow/example_dags/example_external_task_marker_dag.py for tasks to queue
[2022-11-12T04:38:56.613+0000] {logging_mixin.py:117} INFO - [2022-11-12T04:38:56.613+0000] {dagbag.py:525} INFO - Filling up the DagBag from /home/airflow/.local/lib/python3.7/site-packages/airflow/example_dags/example_external_task_marker_dag.py
[2022-11-12T04:38:56.682+0000] {processor.py:768} INFO - DAG(s) dict_keys(['example_external_task_marker_parent', 'example_external_task_marker_child']) retrieved from /home/airflow/.local/lib/python3.7/site-packages/airflow/example_dags/example_external_task_marker_dag.py
[2022-11-12T04:38:57.124+0000] {logging_mixin.py:117} INFO - [2022-11-12T04:38:57.096+0000] {dag.py:2573} INFO - Sync 2 DAGs
[2022-11-12T04:38:57.182+0000] {logging_mixin.py:117} INFO - [2022-11-12T04:38:57.182+0000] {dag.py:3328} INFO - Setting next_dagrun for example_external_task_marker_child to None, run_after=None
[2022-11-12T04:38:57.200+0000] {logging_mixin.py:117} INFO - [2022-11-12T04:38:57.200+0000] {dag.py:3328} INFO - Setting next_dagrun for example_external_task_marker_parent to None, run_after=None
[2022-11-12T04:38:57.215+0000] {processor.py:178} INFO - Processing /home/airflow/.local/lib/python3.7/site-packages/airflow/example_dags/example_external_task_marker_dag.py took 0.660 seconds
[2022-11-12T06:17:41.689+0000] {processor.py:156} INFO - Started process (PID=14990) to work on /home/airflow/.local/lib/python3.7/site-packages/airflow/example_dags/example_external_task_marker_dag.py
[2022-11-12T06:17:41.696+0000] {processor.py:758} INFO - Processing file /home/airflow/.local/lib/python3.7/site-packages/airflow/example_dags/example_external_task_marker_dag.py for tasks to queue
[2022-11-12T06:17:41.697+0000] {logging_mixin.py:117} INFO - [2022-11-12T06:17:41.697+0000] {dagbag.py:525} INFO - Filling up the DagBag from /home/airflow/.local/lib/python3.7/site-packages/airflow/example_dags/example_external_task_marker_dag.py
[2022-11-12T06:17:41.769+0000] {processor.py:768} INFO - DAG(s) dict_keys(['example_external_task_marker_child', 'example_external_task_marker_parent']) retrieved from /home/airflow/.local/lib/python3.7/site-packages/airflow/example_dags/example_external_task_marker_dag.py
[2022-11-12T06:17:42.707+0000] {logging_mixin.py:117} INFO - [2022-11-12T06:17:42.707+0000] {dag.py:2573} INFO - Sync 2 DAGs
[2022-11-12T06:17:42.861+0000] {logging_mixin.py:117} INFO - [2022-11-12T06:17:42.860+0000] {dag.py:3328} INFO - Setting next_dagrun for example_external_task_marker_child to None, run_after=None
[2022-11-12T06:17:42.946+0000] {logging_mixin.py:117} INFO - [2022-11-12T06:17:42.946+0000] {dag.py:3328} INFO - Setting next_dagrun for example_external_task_marker_parent to None, run_after=None
[2022-11-12T06:17:43.030+0000] {processor.py:178} INFO - Processing /home/airflow/.local/lib/python3.7/site-packages/airflow/example_dags/example_external_task_marker_dag.py took 1.345 seconds
[2022-11-12T07:26:46.099+0000] {processor.py:156} INFO - Started process (PID=15054) to work on /home/airflow/.local/lib/python3.7/site-packages/airflow/example_dags/example_external_task_marker_dag.py
[2022-11-12T07:26:46.106+0000] {processor.py:758} INFO - Processing file /home/airflow/.local/lib/python3.7/site-packages/airflow/example_dags/example_external_task_marker_dag.py for tasks to queue
[2022-11-12T07:26:46.107+0000] {logging_mixin.py:117} INFO - [2022-11-12T07:26:46.107+0000] {dagbag.py:525} INFO - Filling up the DagBag from /home/airflow/.local/lib/python3.7/site-packages/airflow/example_dags/example_external_task_marker_dag.py
[2022-11-12T07:26:46.133+0000] {processor.py:768} INFO - DAG(s) dict_keys(['example_external_task_marker_parent', 'example_external_task_marker_child']) retrieved from /home/airflow/.local/lib/python3.7/site-packages/airflow/example_dags/example_external_task_marker_dag.py
[2022-11-12T07:26:46.462+0000] {logging_mixin.py:117} INFO - [2022-11-12T07:26:46.462+0000] {dag.py:2573} INFO - Sync 2 DAGs
[2022-11-12T07:26:46.527+0000] {logging_mixin.py:117} INFO - [2022-11-12T07:26:46.527+0000] {dag.py:3328} INFO - Setting next_dagrun for example_external_task_marker_child to None, run_after=None
[2022-11-12T07:26:46.542+0000] {logging_mixin.py:117} INFO - [2022-11-12T07:26:46.540+0000] {dag.py:3328} INFO - Setting next_dagrun for example_external_task_marker_parent to None, run_after=None
[2022-11-12T07:26:46.588+0000] {processor.py:178} INFO - Processing /home/airflow/.local/lib/python3.7/site-packages/airflow/example_dags/example_external_task_marker_dag.py took 0.495 seconds
[2022-11-12T08:48:54.187+0000] {processor.py:156} INFO - Started process (PID=15116) to work on /home/airflow/.local/lib/python3.7/site-packages/airflow/example_dags/example_external_task_marker_dag.py
[2022-11-12T08:48:54.191+0000] {processor.py:758} INFO - Processing file /home/airflow/.local/lib/python3.7/site-packages/airflow/example_dags/example_external_task_marker_dag.py for tasks to queue
[2022-11-12T08:48:54.196+0000] {logging_mixin.py:117} INFO - [2022-11-12T08:48:54.195+0000] {dagbag.py:525} INFO - Filling up the DagBag from /home/airflow/.local/lib/python3.7/site-packages/airflow/example_dags/example_external_task_marker_dag.py
[2022-11-12T08:48:54.240+0000] {processor.py:768} INFO - DAG(s) dict_keys(['example_external_task_marker_parent', 'example_external_task_marker_child']) retrieved from /home/airflow/.local/lib/python3.7/site-packages/airflow/example_dags/example_external_task_marker_dag.py
[2022-11-12T08:48:54.937+0000] {logging_mixin.py:117} INFO - [2022-11-12T08:48:54.893+0000] {dag.py:2573} INFO - Sync 2 DAGs
[2022-11-12T08:48:55.083+0000] {logging_mixin.py:117} INFO - [2022-11-12T08:48:55.083+0000] {dag.py:3328} INFO - Setting next_dagrun for example_external_task_marker_child to None, run_after=None
[2022-11-12T08:48:55.118+0000] {logging_mixin.py:117} INFO - [2022-11-12T08:48:55.118+0000] {dag.py:3328} INFO - Setting next_dagrun for example_external_task_marker_parent to None, run_after=None
[2022-11-12T08:48:55.184+0000] {processor.py:178} INFO - Processing /home/airflow/.local/lib/python3.7/site-packages/airflow/example_dags/example_external_task_marker_dag.py took 1.040 seconds
[2022-11-12T09:40:05.485+0000] {processor.py:156} INFO - Started process (PID=15171) to work on /home/airflow/.local/lib/python3.7/site-packages/airflow/example_dags/example_external_task_marker_dag.py
[2022-11-12T09:40:05.492+0000] {processor.py:758} INFO - Processing file /home/airflow/.local/lib/python3.7/site-packages/airflow/example_dags/example_external_task_marker_dag.py for tasks to queue
[2022-11-12T09:40:05.502+0000] {logging_mixin.py:117} INFO - [2022-11-12T09:40:05.502+0000] {dagbag.py:525} INFO - Filling up the DagBag from /home/airflow/.local/lib/python3.7/site-packages/airflow/example_dags/example_external_task_marker_dag.py
[2022-11-12T09:40:05.558+0000] {processor.py:768} INFO - DAG(s) dict_keys(['example_external_task_marker_parent', 'example_external_task_marker_child']) retrieved from /home/airflow/.local/lib/python3.7/site-packages/airflow/example_dags/example_external_task_marker_dag.py
[2022-11-12T09:40:06.359+0000] {logging_mixin.py:117} INFO - [2022-11-12T09:40:06.356+0000] {dag.py:2573} INFO - Sync 2 DAGs
[2022-11-12T09:40:06.503+0000] {logging_mixin.py:117} INFO - [2022-11-12T09:40:06.502+0000] {dag.py:3328} INFO - Setting next_dagrun for example_external_task_marker_child to None, run_after=None
[2022-11-12T09:40:06.518+0000] {logging_mixin.py:117} INFO - [2022-11-12T09:40:06.518+0000] {dag.py:3328} INFO - Setting next_dagrun for example_external_task_marker_parent to None, run_after=None
[2022-11-12T09:40:06.673+0000] {processor.py:178} INFO - Processing /home/airflow/.local/lib/python3.7/site-packages/airflow/example_dags/example_external_task_marker_dag.py took 1.206 seconds
[2022-11-12T11:02:41.113+0000] {processor.py:156} INFO - Started process (PID=15226) to work on /home/airflow/.local/lib/python3.7/site-packages/airflow/example_dags/example_external_task_marker_dag.py
[2022-11-12T11:02:41.141+0000] {processor.py:758} INFO - Processing file /home/airflow/.local/lib/python3.7/site-packages/airflow/example_dags/example_external_task_marker_dag.py for tasks to queue
[2022-11-12T11:02:41.144+0000] {logging_mixin.py:117} INFO - [2022-11-12T11:02:41.144+0000] {dagbag.py:525} INFO - Filling up the DagBag from /home/airflow/.local/lib/python3.7/site-packages/airflow/example_dags/example_external_task_marker_dag.py
[2022-11-12T11:02:41.186+0000] {processor.py:768} INFO - DAG(s) dict_keys(['example_external_task_marker_child', 'example_external_task_marker_parent']) retrieved from /home/airflow/.local/lib/python3.7/site-packages/airflow/example_dags/example_external_task_marker_dag.py
[2022-11-12T11:02:41.788+0000] {logging_mixin.py:117} INFO - [2022-11-12T11:02:41.788+0000] {dag.py:2573} INFO - Sync 2 DAGs
[2022-11-12T11:02:41.863+0000] {logging_mixin.py:117} INFO - [2022-11-12T11:02:41.863+0000] {dag.py:3328} INFO - Setting next_dagrun for example_external_task_marker_child to None, run_after=None
[2022-11-12T11:02:41.875+0000] {logging_mixin.py:117} INFO - [2022-11-12T11:02:41.874+0000] {dag.py:3328} INFO - Setting next_dagrun for example_external_task_marker_parent to None, run_after=None
[2022-11-12T11:02:41.932+0000] {processor.py:178} INFO - Processing /home/airflow/.local/lib/python3.7/site-packages/airflow/example_dags/example_external_task_marker_dag.py took 0.828 seconds
[2022-11-12T12:39:42.331+0000] {processor.py:156} INFO - Started process (PID=15281) to work on /home/airflow/.local/lib/python3.7/site-packages/airflow/example_dags/example_external_task_marker_dag.py
[2022-11-12T12:39:42.340+0000] {processor.py:758} INFO - Processing file /home/airflow/.local/lib/python3.7/site-packages/airflow/example_dags/example_external_task_marker_dag.py for tasks to queue
[2022-11-12T12:39:42.359+0000] {logging_mixin.py:117} INFO - [2022-11-12T12:39:42.358+0000] {dagbag.py:525} INFO - Filling up the DagBag from /home/airflow/.local/lib/python3.7/site-packages/airflow/example_dags/example_external_task_marker_dag.py
[2022-11-12T12:39:43.108+0000] {processor.py:768} INFO - DAG(s) dict_keys(['example_external_task_marker_parent', 'example_external_task_marker_child']) retrieved from /home/airflow/.local/lib/python3.7/site-packages/airflow/example_dags/example_external_task_marker_dag.py
[2022-11-12T12:39:44.247+0000] {logging_mixin.py:117} INFO - [2022-11-12T12:39:44.246+0000] {dag.py:2573} INFO - Sync 2 DAGs
[2022-11-12T12:39:44.328+0000] {logging_mixin.py:117} INFO - [2022-11-12T12:39:44.328+0000] {dag.py:3328} INFO - Setting next_dagrun for example_external_task_marker_child to None, run_after=None
[2022-11-12T12:39:44.341+0000] {logging_mixin.py:117} INFO - [2022-11-12T12:39:44.340+0000] {dag.py:3328} INFO - Setting next_dagrun for example_external_task_marker_parent to None, run_after=None
[2022-11-12T12:39:44.411+0000] {processor.py:178} INFO - Processing /home/airflow/.local/lib/python3.7/site-packages/airflow/example_dags/example_external_task_marker_dag.py took 2.095 seconds
[2022-11-12T14:03:43.545+0000] {processor.py:156} INFO - Started process (PID=15335) to work on /home/airflow/.local/lib/python3.7/site-packages/airflow/example_dags/example_external_task_marker_dag.py
[2022-11-12T14:03:43.547+0000] {processor.py:758} INFO - Processing file /home/airflow/.local/lib/python3.7/site-packages/airflow/example_dags/example_external_task_marker_dag.py for tasks to queue
[2022-11-12T14:03:43.548+0000] {logging_mixin.py:117} INFO - [2022-11-12T14:03:43.548+0000] {dagbag.py:525} INFO - Filling up the DagBag from /home/airflow/.local/lib/python3.7/site-packages/airflow/example_dags/example_external_task_marker_dag.py
[2022-11-12T14:03:43.560+0000] {processor.py:768} INFO - DAG(s) dict_keys(['example_external_task_marker_child', 'example_external_task_marker_parent']) retrieved from /home/airflow/.local/lib/python3.7/site-packages/airflow/example_dags/example_external_task_marker_dag.py
[2022-11-12T14:03:43.713+0000] {logging_mixin.py:117} INFO - [2022-11-12T14:03:43.713+0000] {dag.py:2573} INFO - Sync 2 DAGs
[2022-11-12T14:03:43.728+0000] {logging_mixin.py:117} INFO - [2022-11-12T14:03:43.727+0000] {dag.py:3328} INFO - Setting next_dagrun for example_external_task_marker_child to None, run_after=None
[2022-11-12T14:03:43.730+0000] {logging_mixin.py:117} INFO - [2022-11-12T14:03:43.730+0000] {dag.py:3328} INFO - Setting next_dagrun for example_external_task_marker_parent to None, run_after=None
[2022-11-12T14:03:43.741+0000] {processor.py:178} INFO - Processing /home/airflow/.local/lib/python3.7/site-packages/airflow/example_dags/example_external_task_marker_dag.py took 0.197 seconds
[2022-11-12T15:28:42.340+0000] {processor.py:156} INFO - Started process (PID=15400) to work on /home/airflow/.local/lib/python3.7/site-packages/airflow/example_dags/example_external_task_marker_dag.py
[2022-11-12T15:28:42.349+0000] {processor.py:758} INFO - Processing file /home/airflow/.local/lib/python3.7/site-packages/airflow/example_dags/example_external_task_marker_dag.py for tasks to queue
[2022-11-12T15:28:42.350+0000] {logging_mixin.py:117} INFO - [2022-11-12T15:28:42.350+0000] {dagbag.py:525} INFO - Filling up the DagBag from /home/airflow/.local/lib/python3.7/site-packages/airflow/example_dags/example_external_task_marker_dag.py
[2022-11-12T15:28:42.367+0000] {processor.py:768} INFO - DAG(s) dict_keys(['example_external_task_marker_child', 'example_external_task_marker_parent']) retrieved from /home/airflow/.local/lib/python3.7/site-packages/airflow/example_dags/example_external_task_marker_dag.py
[2022-11-12T15:28:42.554+0000] {logging_mixin.py:117} INFO - [2022-11-12T15:28:42.553+0000] {dag.py:2573} INFO - Sync 2 DAGs
[2022-11-12T15:28:42.586+0000] {logging_mixin.py:117} INFO - [2022-11-12T15:28:42.586+0000] {dag.py:3328} INFO - Setting next_dagrun for example_external_task_marker_child to None, run_after=None
[2022-11-12T15:28:42.594+0000] {logging_mixin.py:117} INFO - [2022-11-12T15:28:42.594+0000] {dag.py:3328} INFO - Setting next_dagrun for example_external_task_marker_parent to None, run_after=None
[2022-11-12T15:28:42.627+0000] {processor.py:178} INFO - Processing /home/airflow/.local/lib/python3.7/site-packages/airflow/example_dags/example_external_task_marker_dag.py took 0.290 seconds
[2022-11-12T16:51:21.953+0000] {processor.py:156} INFO - Started process (PID=15464) to work on /home/airflow/.local/lib/python3.7/site-packages/airflow/example_dags/example_external_task_marker_dag.py
[2022-11-12T16:51:21.980+0000] {processor.py:758} INFO - Processing file /home/airflow/.local/lib/python3.7/site-packages/airflow/example_dags/example_external_task_marker_dag.py for tasks to queue
[2022-11-12T16:51:22.054+0000] {logging_mixin.py:117} INFO - [2022-11-12T16:51:22.053+0000] {dagbag.py:525} INFO - Filling up the DagBag from /home/airflow/.local/lib/python3.7/site-packages/airflow/example_dags/example_external_task_marker_dag.py
[2022-11-12T16:51:22.111+0000] {processor.py:768} INFO - DAG(s) dict_keys(['example_external_task_marker_child', 'example_external_task_marker_parent']) retrieved from /home/airflow/.local/lib/python3.7/site-packages/airflow/example_dags/example_external_task_marker_dag.py
[2022-11-12T16:51:23.242+0000] {logging_mixin.py:117} INFO - [2022-11-12T16:51:23.242+0000] {dag.py:2573} INFO - Sync 2 DAGs
[2022-11-12T16:51:23.317+0000] {logging_mixin.py:117} INFO - [2022-11-12T16:51:23.316+0000] {dag.py:3328} INFO - Setting next_dagrun for example_external_task_marker_child to None, run_after=None
[2022-11-12T16:51:23.366+0000] {logging_mixin.py:117} INFO - [2022-11-12T16:51:23.365+0000] {dag.py:3328} INFO - Setting next_dagrun for example_external_task_marker_parent to None, run_after=None
[2022-11-12T16:51:23.482+0000] {processor.py:178} INFO - Processing /home/airflow/.local/lib/python3.7/site-packages/airflow/example_dags/example_external_task_marker_dag.py took 1.532 seconds
[2022-11-12T18:32:36.961+0000] {processor.py:156} INFO - Started process (PID=15520) to work on /home/airflow/.local/lib/python3.7/site-packages/airflow/example_dags/example_external_task_marker_dag.py
[2022-11-12T18:32:36.965+0000] {processor.py:758} INFO - Processing file /home/airflow/.local/lib/python3.7/site-packages/airflow/example_dags/example_external_task_marker_dag.py for tasks to queue
[2022-11-12T18:32:36.966+0000] {logging_mixin.py:117} INFO - [2022-11-12T18:32:36.966+0000] {dagbag.py:525} INFO - Filling up the DagBag from /home/airflow/.local/lib/python3.7/site-packages/airflow/example_dags/example_external_task_marker_dag.py
[2022-11-12T18:32:36.984+0000] {processor.py:768} INFO - DAG(s) dict_keys(['example_external_task_marker_parent', 'example_external_task_marker_child']) retrieved from /home/airflow/.local/lib/python3.7/site-packages/airflow/example_dags/example_external_task_marker_dag.py
[2022-11-12T18:32:37.168+0000] {logging_mixin.py:117} INFO - [2022-11-12T18:32:37.167+0000] {dag.py:2573} INFO - Sync 2 DAGs
[2022-11-12T18:32:37.202+0000] {logging_mixin.py:117} INFO - [2022-11-12T18:32:37.202+0000] {dag.py:3328} INFO - Setting next_dagrun for example_external_task_marker_child to None, run_after=None
[2022-11-12T18:32:37.207+0000] {logging_mixin.py:117} INFO - [2022-11-12T18:32:37.207+0000] {dag.py:3328} INFO - Setting next_dagrun for example_external_task_marker_parent to None, run_after=None
[2022-11-12T18:32:37.232+0000] {processor.py:178} INFO - Processing /home/airflow/.local/lib/python3.7/site-packages/airflow/example_dags/example_external_task_marker_dag.py took 0.276 seconds
[2022-11-12T19:24:28.153+0000] {processor.py:156} INFO - Started process (PID=15576) to work on /home/airflow/.local/lib/python3.7/site-packages/airflow/example_dags/example_external_task_marker_dag.py
[2022-11-12T19:24:28.159+0000] {processor.py:758} INFO - Processing file /home/airflow/.local/lib/python3.7/site-packages/airflow/example_dags/example_external_task_marker_dag.py for tasks to queue
[2022-11-12T19:24:28.161+0000] {logging_mixin.py:117} INFO - [2022-11-12T19:24:28.161+0000] {dagbag.py:525} INFO - Filling up the DagBag from /home/airflow/.local/lib/python3.7/site-packages/airflow/example_dags/example_external_task_marker_dag.py
[2022-11-12T19:24:28.211+0000] {processor.py:768} INFO - DAG(s) dict_keys(['example_external_task_marker_parent', 'example_external_task_marker_child']) retrieved from /home/airflow/.local/lib/python3.7/site-packages/airflow/example_dags/example_external_task_marker_dag.py
[2022-11-12T19:24:28.780+0000] {logging_mixin.py:117} INFO - [2022-11-12T19:24:28.780+0000] {dag.py:2573} INFO - Sync 2 DAGs
[2022-11-12T19:24:28.833+0000] {logging_mixin.py:117} INFO - [2022-11-12T19:24:28.833+0000] {dag.py:3328} INFO - Setting next_dagrun for example_external_task_marker_child to None, run_after=None
[2022-11-12T19:24:28.851+0000] {logging_mixin.py:117} INFO - [2022-11-12T19:24:28.851+0000] {dag.py:3328} INFO - Setting next_dagrun for example_external_task_marker_parent to None, run_after=None
[2022-11-12T19:24:28.915+0000] {processor.py:178} INFO - Processing /home/airflow/.local/lib/python3.7/site-packages/airflow/example_dags/example_external_task_marker_dag.py took 0.772 seconds
