[2022-11-12T00:30:47.005+0000] {processor.py:156} INFO - Started process (PID=14757) to work on /home/airflow/.local/lib/python3.7/site-packages/airflow/example_dags/example_bash_operator.py
[2022-11-12T00:30:47.006+0000] {processor.py:758} INFO - Processing file /home/airflow/.local/lib/python3.7/site-packages/airflow/example_dags/example_bash_operator.py for tasks to queue
[2022-11-12T00:30:47.007+0000] {logging_mixin.py:117} INFO - [2022-11-12T00:30:47.007+0000] {dagbag.py:525} INFO - Filling up the DagBag from /home/airflow/.local/lib/python3.7/site-packages/airflow/example_dags/example_bash_operator.py
[2022-11-12T00:30:47.039+0000] {processor.py:768} INFO - DAG(s) dict_keys(['example_bash_operator']) retrieved from /home/airflow/.local/lib/python3.7/site-packages/airflow/example_dags/example_bash_operator.py
[2022-11-12T00:30:47.120+0000] {logging_mixin.py:117} INFO - [2022-11-12T00:30:47.120+0000] {dag.py:2573} INFO - Sync 1 DAGs
[2022-11-12T00:30:47.152+0000] {logging_mixin.py:117} INFO - [2022-11-12T00:30:47.152+0000] {dag.py:3328} INFO - Setting next_dagrun for example_bash_operator to 2022-11-11T00:00:00+00:00, run_after=2022-11-12T00:00:00+00:00
[2022-11-12T00:30:47.184+0000] {processor.py:178} INFO - Processing /home/airflow/.local/lib/python3.7/site-packages/airflow/example_dags/example_bash_operator.py took 0.181 seconds
[2022-11-12T01:50:07.516+0000] {processor.py:156} INFO - Started process (PID=14813) to work on /home/airflow/.local/lib/python3.7/site-packages/airflow/example_dags/example_bash_operator.py
[2022-11-12T01:50:07.525+0000] {processor.py:758} INFO - Processing file /home/airflow/.local/lib/python3.7/site-packages/airflow/example_dags/example_bash_operator.py for tasks to queue
[2022-11-12T01:50:07.531+0000] {logging_mixin.py:117} INFO - [2022-11-12T01:50:07.530+0000] {dagbag.py:525} INFO - Filling up the DagBag from /home/airflow/.local/lib/python3.7/site-packages/airflow/example_dags/example_bash_operator.py
[2022-11-12T01:50:07.719+0000] {processor.py:768} INFO - DAG(s) dict_keys(['example_bash_operator']) retrieved from /home/airflow/.local/lib/python3.7/site-packages/airflow/example_dags/example_bash_operator.py
[2022-11-12T01:50:09.133+0000] {logging_mixin.py:117} INFO - [2022-11-12T01:50:09.131+0000] {dag.py:2573} INFO - Sync 1 DAGs
[2022-11-12T01:50:09.328+0000] {logging_mixin.py:117} INFO - [2022-11-12T01:50:09.328+0000] {dag.py:3328} INFO - Setting next_dagrun for example_bash_operator to 2022-11-11T00:00:00+00:00, run_after=2022-11-12T00:00:00+00:00
[2022-11-12T01:50:09.465+0000] {processor.py:178} INFO - Processing /home/airflow/.local/lib/python3.7/site-packages/airflow/example_dags/example_bash_operator.py took 1.958 seconds
[2022-11-12T03:17:09.180+0000] {processor.py:156} INFO - Started process (PID=14867) to work on /home/airflow/.local/lib/python3.7/site-packages/airflow/example_dags/example_bash_operator.py
[2022-11-12T03:17:09.183+0000] {processor.py:758} INFO - Processing file /home/airflow/.local/lib/python3.7/site-packages/airflow/example_dags/example_bash_operator.py for tasks to queue
[2022-11-12T03:17:09.184+0000] {logging_mixin.py:117} INFO - [2022-11-12T03:17:09.184+0000] {dagbag.py:525} INFO - Filling up the DagBag from /home/airflow/.local/lib/python3.7/site-packages/airflow/example_dags/example_bash_operator.py
[2022-11-12T03:17:09.206+0000] {processor.py:768} INFO - DAG(s) dict_keys(['example_bash_operator']) retrieved from /home/airflow/.local/lib/python3.7/site-packages/airflow/example_dags/example_bash_operator.py
[2022-11-12T03:17:09.254+0000] {logging_mixin.py:117} INFO - [2022-11-12T03:17:09.254+0000] {dag.py:2573} INFO - Sync 1 DAGs
[2022-11-12T03:17:09.273+0000] {logging_mixin.py:117} INFO - [2022-11-12T03:17:09.273+0000] {dag.py:3328} INFO - Setting next_dagrun for example_bash_operator to 2022-11-11T00:00:00+00:00, run_after=2022-11-12T00:00:00+00:00
[2022-11-12T03:17:09.293+0000] {processor.py:178} INFO - Processing /home/airflow/.local/lib/python3.7/site-packages/airflow/example_dags/example_bash_operator.py took 0.118 seconds
[2022-11-12T04:38:54.786+0000] {processor.py:156} INFO - Started process (PID=14930) to work on /home/airflow/.local/lib/python3.7/site-packages/airflow/example_dags/example_bash_operator.py
[2022-11-12T04:38:54.851+0000] {processor.py:758} INFO - Processing file /home/airflow/.local/lib/python3.7/site-packages/airflow/example_dags/example_bash_operator.py for tasks to queue
[2022-11-12T04:38:54.888+0000] {logging_mixin.py:117} INFO - [2022-11-12T04:38:54.888+0000] {dagbag.py:525} INFO - Filling up the DagBag from /home/airflow/.local/lib/python3.7/site-packages/airflow/example_dags/example_bash_operator.py
[2022-11-12T04:38:55.009+0000] {processor.py:768} INFO - DAG(s) dict_keys(['example_bash_operator']) retrieved from /home/airflow/.local/lib/python3.7/site-packages/airflow/example_dags/example_bash_operator.py
[2022-11-12T04:38:55.157+0000] {logging_mixin.py:117} INFO - [2022-11-12T04:38:55.157+0000] {dag.py:2573} INFO - Sync 1 DAGs
[2022-11-12T04:38:55.213+0000] {logging_mixin.py:117} INFO - [2022-11-12T04:38:55.213+0000] {dag.py:3328} INFO - Setting next_dagrun for example_bash_operator to 2022-11-11T00:00:00+00:00, run_after=2022-11-12T00:00:00+00:00
[2022-11-12T04:38:55.233+0000] {processor.py:178} INFO - Processing /home/airflow/.local/lib/python3.7/site-packages/airflow/example_dags/example_bash_operator.py took 0.467 seconds
[2022-11-12T06:17:40.469+0000] {processor.py:156} INFO - Started process (PID=14985) to work on /home/airflow/.local/lib/python3.7/site-packages/airflow/example_dags/example_bash_operator.py
[2022-11-12T06:17:40.475+0000] {processor.py:758} INFO - Processing file /home/airflow/.local/lib/python3.7/site-packages/airflow/example_dags/example_bash_operator.py for tasks to queue
[2022-11-12T06:17:40.481+0000] {logging_mixin.py:117} INFO - [2022-11-12T06:17:40.481+0000] {dagbag.py:525} INFO - Filling up the DagBag from /home/airflow/.local/lib/python3.7/site-packages/airflow/example_dags/example_bash_operator.py
[2022-11-12T06:17:40.554+0000] {processor.py:768} INFO - DAG(s) dict_keys(['example_bash_operator']) retrieved from /home/airflow/.local/lib/python3.7/site-packages/airflow/example_dags/example_bash_operator.py
[2022-11-12T06:17:40.692+0000] {logging_mixin.py:117} INFO - [2022-11-12T06:17:40.691+0000] {dag.py:2573} INFO - Sync 1 DAGs
[2022-11-12T06:17:40.806+0000] {logging_mixin.py:117} INFO - [2022-11-12T06:17:40.805+0000] {dag.py:3328} INFO - Setting next_dagrun for example_bash_operator to 2022-11-11T00:00:00+00:00, run_after=2022-11-12T00:00:00+00:00
[2022-11-12T06:17:40.860+0000] {processor.py:178} INFO - Processing /home/airflow/.local/lib/python3.7/site-packages/airflow/example_dags/example_bash_operator.py took 0.408 seconds
[2022-11-12T07:26:45.338+0000] {processor.py:156} INFO - Started process (PID=15049) to work on /home/airflow/.local/lib/python3.7/site-packages/airflow/example_dags/example_bash_operator.py
[2022-11-12T07:26:45.343+0000] {processor.py:758} INFO - Processing file /home/airflow/.local/lib/python3.7/site-packages/airflow/example_dags/example_bash_operator.py for tasks to queue
[2022-11-12T07:26:45.348+0000] {logging_mixin.py:117} INFO - [2022-11-12T07:26:45.347+0000] {dagbag.py:525} INFO - Filling up the DagBag from /home/airflow/.local/lib/python3.7/site-packages/airflow/example_dags/example_bash_operator.py
[2022-11-12T07:26:45.381+0000] {processor.py:768} INFO - DAG(s) dict_keys(['example_bash_operator']) retrieved from /home/airflow/.local/lib/python3.7/site-packages/airflow/example_dags/example_bash_operator.py
[2022-11-12T07:26:45.461+0000] {logging_mixin.py:117} INFO - [2022-11-12T07:26:45.461+0000] {dag.py:2573} INFO - Sync 1 DAGs
[2022-11-12T07:26:45.489+0000] {logging_mixin.py:117} INFO - [2022-11-12T07:26:45.489+0000] {dag.py:3328} INFO - Setting next_dagrun for example_bash_operator to 2022-11-11T00:00:00+00:00, run_after=2022-11-12T00:00:00+00:00
[2022-11-12T07:26:45.522+0000] {processor.py:178} INFO - Processing /home/airflow/.local/lib/python3.7/site-packages/airflow/example_dags/example_bash_operator.py took 0.187 seconds
[2022-11-12T08:48:52.534+0000] {processor.py:156} INFO - Started process (PID=15109) to work on /home/airflow/.local/lib/python3.7/site-packages/airflow/example_dags/example_bash_operator.py
[2022-11-12T08:48:52.578+0000] {processor.py:758} INFO - Processing file /home/airflow/.local/lib/python3.7/site-packages/airflow/example_dags/example_bash_operator.py for tasks to queue
[2022-11-12T08:48:52.614+0000] {logging_mixin.py:117} INFO - [2022-11-12T08:48:52.613+0000] {dagbag.py:525} INFO - Filling up the DagBag from /home/airflow/.local/lib/python3.7/site-packages/airflow/example_dags/example_bash_operator.py
[2022-11-12T08:48:52.750+0000] {processor.py:768} INFO - DAG(s) dict_keys(['example_bash_operator']) retrieved from /home/airflow/.local/lib/python3.7/site-packages/airflow/example_dags/example_bash_operator.py
[2022-11-12T08:48:52.899+0000] {logging_mixin.py:117} INFO - [2022-11-12T08:48:52.899+0000] {dag.py:2573} INFO - Sync 1 DAGs
[2022-11-12T08:48:52.998+0000] {logging_mixin.py:117} INFO - [2022-11-12T08:48:52.996+0000] {dag.py:3328} INFO - Setting next_dagrun for example_bash_operator to 2022-11-11T00:00:00+00:00, run_after=2022-11-12T00:00:00+00:00
[2022-11-12T08:48:53.118+0000] {processor.py:178} INFO - Processing /home/airflow/.local/lib/python3.7/site-packages/airflow/example_dags/example_bash_operator.py took 0.593 seconds
[2022-11-12T09:40:04.502+0000] {processor.py:156} INFO - Started process (PID=15166) to work on /home/airflow/.local/lib/python3.7/site-packages/airflow/example_dags/example_bash_operator.py
[2022-11-12T09:40:04.507+0000] {processor.py:758} INFO - Processing file /home/airflow/.local/lib/python3.7/site-packages/airflow/example_dags/example_bash_operator.py for tasks to queue
[2022-11-12T09:40:04.510+0000] {logging_mixin.py:117} INFO - [2022-11-12T09:40:04.510+0000] {dagbag.py:525} INFO - Filling up the DagBag from /home/airflow/.local/lib/python3.7/site-packages/airflow/example_dags/example_bash_operator.py
[2022-11-12T09:40:04.596+0000] {processor.py:768} INFO - DAG(s) dict_keys(['example_bash_operator']) retrieved from /home/airflow/.local/lib/python3.7/site-packages/airflow/example_dags/example_bash_operator.py
[2022-11-12T09:40:04.695+0000] {logging_mixin.py:117} INFO - [2022-11-12T09:40:04.694+0000] {dag.py:2573} INFO - Sync 1 DAGs
[2022-11-12T09:40:04.744+0000] {logging_mixin.py:117} INFO - [2022-11-12T09:40:04.743+0000] {dag.py:3328} INFO - Setting next_dagrun for example_bash_operator to 2022-11-11T00:00:00+00:00, run_after=2022-11-12T00:00:00+00:00
[2022-11-12T09:40:04.794+0000] {processor.py:178} INFO - Processing /home/airflow/.local/lib/python3.7/site-packages/airflow/example_dags/example_bash_operator.py took 0.300 seconds
[2022-11-12T11:02:39.963+0000] {processor.py:156} INFO - Started process (PID=15221) to work on /home/airflow/.local/lib/python3.7/site-packages/airflow/example_dags/example_bash_operator.py
[2022-11-12T11:02:39.971+0000] {processor.py:758} INFO - Processing file /home/airflow/.local/lib/python3.7/site-packages/airflow/example_dags/example_bash_operator.py for tasks to queue
[2022-11-12T11:02:39.975+0000] {logging_mixin.py:117} INFO - [2022-11-12T11:02:39.975+0000] {dagbag.py:525} INFO - Filling up the DagBag from /home/airflow/.local/lib/python3.7/site-packages/airflow/example_dags/example_bash_operator.py
[2022-11-12T11:02:40.081+0000] {processor.py:768} INFO - DAG(s) dict_keys(['example_bash_operator']) retrieved from /home/airflow/.local/lib/python3.7/site-packages/airflow/example_dags/example_bash_operator.py
[2022-11-12T11:02:40.232+0000] {logging_mixin.py:117} INFO - [2022-11-12T11:02:40.232+0000] {dag.py:2573} INFO - Sync 1 DAGs
[2022-11-12T11:02:40.317+0000] {logging_mixin.py:117} INFO - [2022-11-12T11:02:40.317+0000] {dag.py:3328} INFO - Setting next_dagrun for example_bash_operator to 2022-11-11T00:00:00+00:00, run_after=2022-11-12T00:00:00+00:00
[2022-11-12T11:02:40.346+0000] {processor.py:178} INFO - Processing /home/airflow/.local/lib/python3.7/site-packages/airflow/example_dags/example_bash_operator.py took 0.395 seconds
[2022-11-12T12:39:39.221+0000] {processor.py:156} INFO - Started process (PID=15276) to work on /home/airflow/.local/lib/python3.7/site-packages/airflow/example_dags/example_bash_operator.py
[2022-11-12T12:39:39.231+0000] {processor.py:758} INFO - Processing file /home/airflow/.local/lib/python3.7/site-packages/airflow/example_dags/example_bash_operator.py for tasks to queue
[2022-11-12T12:39:39.233+0000] {logging_mixin.py:117} INFO - [2022-11-12T12:39:39.233+0000] {dagbag.py:525} INFO - Filling up the DagBag from /home/airflow/.local/lib/python3.7/site-packages/airflow/example_dags/example_bash_operator.py
[2022-11-12T12:39:39.405+0000] {processor.py:768} INFO - DAG(s) dict_keys(['example_bash_operator']) retrieved from /home/airflow/.local/lib/python3.7/site-packages/airflow/example_dags/example_bash_operator.py
[2022-11-12T12:39:39.579+0000] {logging_mixin.py:117} INFO - [2022-11-12T12:39:39.579+0000] {dag.py:2573} INFO - Sync 1 DAGs
[2022-11-12T12:39:39.826+0000] {logging_mixin.py:117} INFO - [2022-11-12T12:39:39.813+0000] {dag.py:3328} INFO - Setting next_dagrun for example_bash_operator to 2022-11-11T00:00:00+00:00, run_after=2022-11-12T00:00:00+00:00
[2022-11-12T12:39:39.981+0000] {processor.py:178} INFO - Processing /home/airflow/.local/lib/python3.7/site-packages/airflow/example_dags/example_bash_operator.py took 0.765 seconds
[2022-11-12T14:03:43.322+0000] {processor.py:156} INFO - Started process (PID=15330) to work on /home/airflow/.local/lib/python3.7/site-packages/airflow/example_dags/example_bash_operator.py
[2022-11-12T14:03:43.323+0000] {processor.py:758} INFO - Processing file /home/airflow/.local/lib/python3.7/site-packages/airflow/example_dags/example_bash_operator.py for tasks to queue
[2022-11-12T14:03:43.324+0000] {logging_mixin.py:117} INFO - [2022-11-12T14:03:43.324+0000] {dagbag.py:525} INFO - Filling up the DagBag from /home/airflow/.local/lib/python3.7/site-packages/airflow/example_dags/example_bash_operator.py
[2022-11-12T14:03:43.337+0000] {processor.py:768} INFO - DAG(s) dict_keys(['example_bash_operator']) retrieved from /home/airflow/.local/lib/python3.7/site-packages/airflow/example_dags/example_bash_operator.py
[2022-11-12T14:03:43.364+0000] {logging_mixin.py:117} INFO - [2022-11-12T14:03:43.364+0000] {dag.py:2573} INFO - Sync 1 DAGs
[2022-11-12T14:03:43.378+0000] {logging_mixin.py:117} INFO - [2022-11-12T14:03:43.378+0000] {dag.py:3328} INFO - Setting next_dagrun for example_bash_operator to 2022-11-11T00:00:00+00:00, run_after=2022-11-12T00:00:00+00:00
[2022-11-12T14:03:43.389+0000] {processor.py:178} INFO - Processing /home/airflow/.local/lib/python3.7/site-packages/airflow/example_dags/example_bash_operator.py took 0.069 seconds
[2022-11-12T15:28:41.879+0000] {processor.py:156} INFO - Started process (PID=15395) to work on /home/airflow/.local/lib/python3.7/site-packages/airflow/example_dags/example_bash_operator.py
[2022-11-12T15:28:41.882+0000] {processor.py:758} INFO - Processing file /home/airflow/.local/lib/python3.7/site-packages/airflow/example_dags/example_bash_operator.py for tasks to queue
[2022-11-12T15:28:41.884+0000] {logging_mixin.py:117} INFO - [2022-11-12T15:28:41.884+0000] {dagbag.py:525} INFO - Filling up the DagBag from /home/airflow/.local/lib/python3.7/site-packages/airflow/example_dags/example_bash_operator.py
[2022-11-12T15:28:41.909+0000] {processor.py:768} INFO - DAG(s) dict_keys(['example_bash_operator']) retrieved from /home/airflow/.local/lib/python3.7/site-packages/airflow/example_dags/example_bash_operator.py
[2022-11-12T15:28:41.950+0000] {logging_mixin.py:117} INFO - [2022-11-12T15:28:41.950+0000] {dag.py:2573} INFO - Sync 1 DAGs
[2022-11-12T15:28:41.983+0000] {logging_mixin.py:117} INFO - [2022-11-12T15:28:41.983+0000] {dag.py:3328} INFO - Setting next_dagrun for example_bash_operator to 2022-11-11T00:00:00+00:00, run_after=2022-11-12T00:00:00+00:00
[2022-11-12T15:28:41.996+0000] {processor.py:178} INFO - Processing /home/airflow/.local/lib/python3.7/site-packages/airflow/example_dags/example_bash_operator.py took 0.120 seconds
[2022-11-12T16:51:19.474+0000] {processor.py:156} INFO - Started process (PID=15451) to work on /home/airflow/.local/lib/python3.7/site-packages/airflow/example_dags/example_bash_operator.py
[2022-11-12T16:51:19.476+0000] {processor.py:758} INFO - Processing file /home/airflow/.local/lib/python3.7/site-packages/airflow/example_dags/example_bash_operator.py for tasks to queue
[2022-11-12T16:51:19.478+0000] {logging_mixin.py:117} INFO - [2022-11-12T16:51:19.478+0000] {dagbag.py:525} INFO - Filling up the DagBag from /home/airflow/.local/lib/python3.7/site-packages/airflow/example_dags/example_bash_operator.py
[2022-11-12T16:51:19.495+0000] {processor.py:768} INFO - DAG(s) dict_keys(['example_bash_operator']) retrieved from /home/airflow/.local/lib/python3.7/site-packages/airflow/example_dags/example_bash_operator.py
[2022-11-12T16:51:19.530+0000] {logging_mixin.py:117} INFO - [2022-11-12T16:51:19.530+0000] {dag.py:2573} INFO - Sync 1 DAGs
[2022-11-12T16:51:19.581+0000] {logging_mixin.py:117} INFO - [2022-11-12T16:51:19.581+0000] {dag.py:3328} INFO - Setting next_dagrun for example_bash_operator to 2022-11-11T00:00:00+00:00, run_after=2022-11-12T00:00:00+00:00
[2022-11-12T16:51:19.625+0000] {processor.py:178} INFO - Processing /home/airflow/.local/lib/python3.7/site-packages/airflow/example_dags/example_bash_operator.py took 0.153 seconds
[2022-11-12T18:32:35.282+0000] {processor.py:156} INFO - Started process (PID=15515) to work on /home/airflow/.local/lib/python3.7/site-packages/airflow/example_dags/example_bash_operator.py
[2022-11-12T18:32:35.309+0000] {processor.py:758} INFO - Processing file /home/airflow/.local/lib/python3.7/site-packages/airflow/example_dags/example_bash_operator.py for tasks to queue
[2022-11-12T18:32:35.313+0000] {logging_mixin.py:117} INFO - [2022-11-12T18:32:35.311+0000] {dagbag.py:525} INFO - Filling up the DagBag from /home/airflow/.local/lib/python3.7/site-packages/airflow/example_dags/example_bash_operator.py
[2022-11-12T18:32:35.439+0000] {processor.py:768} INFO - DAG(s) dict_keys(['example_bash_operator']) retrieved from /home/airflow/.local/lib/python3.7/site-packages/airflow/example_dags/example_bash_operator.py
[2022-11-12T18:32:35.684+0000] {logging_mixin.py:117} INFO - [2022-11-12T18:32:35.684+0000] {dag.py:2573} INFO - Sync 1 DAGs
[2022-11-12T18:32:35.723+0000] {logging_mixin.py:117} INFO - [2022-11-12T18:32:35.723+0000] {dag.py:3328} INFO - Setting next_dagrun for example_bash_operator to 2022-11-11T00:00:00+00:00, run_after=2022-11-12T00:00:00+00:00
[2022-11-12T18:32:35.752+0000] {processor.py:178} INFO - Processing /home/airflow/.local/lib/python3.7/site-packages/airflow/example_dags/example_bash_operator.py took 0.485 seconds
[2022-11-12T19:24:27.219+0000] {processor.py:156} INFO - Started process (PID=15571) to work on /home/airflow/.local/lib/python3.7/site-packages/airflow/example_dags/example_bash_operator.py
[2022-11-12T19:24:27.224+0000] {processor.py:758} INFO - Processing file /home/airflow/.local/lib/python3.7/site-packages/airflow/example_dags/example_bash_operator.py for tasks to queue
[2022-11-12T19:24:27.235+0000] {logging_mixin.py:117} INFO - [2022-11-12T19:24:27.232+0000] {dagbag.py:525} INFO - Filling up the DagBag from /home/airflow/.local/lib/python3.7/site-packages/airflow/example_dags/example_bash_operator.py
[2022-11-12T19:24:27.303+0000] {processor.py:768} INFO - DAG(s) dict_keys(['example_bash_operator']) retrieved from /home/airflow/.local/lib/python3.7/site-packages/airflow/example_dags/example_bash_operator.py
[2022-11-12T19:24:27.403+0000] {logging_mixin.py:117} INFO - [2022-11-12T19:24:27.403+0000] {dag.py:2573} INFO - Sync 1 DAGs
[2022-11-12T19:24:27.464+0000] {logging_mixin.py:117} INFO - [2022-11-12T19:24:27.463+0000] {dag.py:3328} INFO - Setting next_dagrun for example_bash_operator to 2022-11-11T00:00:00+00:00, run_after=2022-11-12T00:00:00+00:00
[2022-11-12T19:24:27.504+0000] {processor.py:178} INFO - Processing /home/airflow/.local/lib/python3.7/site-packages/airflow/example_dags/example_bash_operator.py took 0.296 seconds
