[2022-11-12T00:30:42.646+0000] {processor.py:156} INFO - Started process (PID=14738) to work on /home/airflow/.local/lib/python3.7/site-packages/airflow/example_dags/example_dag_decorator.py
[2022-11-12T00:30:42.678+0000] {processor.py:758} INFO - Processing file /home/airflow/.local/lib/python3.7/site-packages/airflow/example_dags/example_dag_decorator.py for tasks to queue
[2022-11-12T00:30:42.710+0000] {logging_mixin.py:117} INFO - [2022-11-12T00:30:42.709+0000] {dagbag.py:525} INFO - Filling up the DagBag from /home/airflow/.local/lib/python3.7/site-packages/airflow/example_dags/example_dag_decorator.py
[2022-11-12T00:30:42.841+0000] {processor.py:768} INFO - DAG(s) dict_keys(['example_dag_decorator']) retrieved from /home/airflow/.local/lib/python3.7/site-packages/airflow/example_dags/example_dag_decorator.py
[2022-11-12T00:30:43.083+0000] {logging_mixin.py:117} INFO - [2022-11-12T00:30:43.083+0000] {dag.py:2573} INFO - Sync 1 DAGs
[2022-11-12T00:30:43.113+0000] {logging_mixin.py:117} INFO - [2022-11-12T00:30:43.113+0000] {dag.py:3328} INFO - Setting next_dagrun for example_dag_decorator to None, run_after=None
[2022-11-12T00:30:43.184+0000] {processor.py:178} INFO - Processing /home/airflow/.local/lib/python3.7/site-packages/airflow/example_dags/example_dag_decorator.py took 0.564 seconds
[2022-11-12T01:50:03.771+0000] {processor.py:156} INFO - Started process (PID=14803) to work on /home/airflow/.local/lib/python3.7/site-packages/airflow/example_dags/example_dag_decorator.py
[2022-11-12T01:50:03.809+0000] {processor.py:758} INFO - Processing file /home/airflow/.local/lib/python3.7/site-packages/airflow/example_dags/example_dag_decorator.py for tasks to queue
[2022-11-12T01:50:03.821+0000] {logging_mixin.py:117} INFO - [2022-11-12T01:50:03.820+0000] {dagbag.py:525} INFO - Filling up the DagBag from /home/airflow/.local/lib/python3.7/site-packages/airflow/example_dags/example_dag_decorator.py
[2022-11-12T01:50:04.131+0000] {processor.py:768} INFO - DAG(s) dict_keys(['example_dag_decorator']) retrieved from /home/airflow/.local/lib/python3.7/site-packages/airflow/example_dags/example_dag_decorator.py
[2022-11-12T01:50:04.517+0000] {logging_mixin.py:117} INFO - [2022-11-12T01:50:04.517+0000] {dag.py:2573} INFO - Sync 1 DAGs
[2022-11-12T01:50:04.648+0000] {logging_mixin.py:117} INFO - [2022-11-12T01:50:04.648+0000] {dag.py:3328} INFO - Setting next_dagrun for example_dag_decorator to None, run_after=None
[2022-11-12T01:50:04.740+0000] {processor.py:178} INFO - Processing /home/airflow/.local/lib/python3.7/site-packages/airflow/example_dags/example_dag_decorator.py took 1.005 seconds
[2022-11-12T03:17:08.116+0000] {processor.py:156} INFO - Started process (PID=14857) to work on /home/airflow/.local/lib/python3.7/site-packages/airflow/example_dags/example_dag_decorator.py
[2022-11-12T03:17:08.128+0000] {processor.py:758} INFO - Processing file /home/airflow/.local/lib/python3.7/site-packages/airflow/example_dags/example_dag_decorator.py for tasks to queue
[2022-11-12T03:17:08.133+0000] {logging_mixin.py:117} INFO - [2022-11-12T03:17:08.132+0000] {dagbag.py:525} INFO - Filling up the DagBag from /home/airflow/.local/lib/python3.7/site-packages/airflow/example_dags/example_dag_decorator.py
[2022-11-12T03:17:08.203+0000] {processor.py:768} INFO - DAG(s) dict_keys(['example_dag_decorator']) retrieved from /home/airflow/.local/lib/python3.7/site-packages/airflow/example_dags/example_dag_decorator.py
[2022-11-12T03:17:08.322+0000] {logging_mixin.py:117} INFO - [2022-11-12T03:17:08.322+0000] {dag.py:2573} INFO - Sync 1 DAGs
[2022-11-12T03:17:08.384+0000] {logging_mixin.py:117} INFO - [2022-11-12T03:17:08.384+0000] {dag.py:3328} INFO - Setting next_dagrun for example_dag_decorator to None, run_after=None
[2022-11-12T03:17:08.413+0000] {processor.py:178} INFO - Processing /home/airflow/.local/lib/python3.7/site-packages/airflow/example_dags/example_dag_decorator.py took 0.306 seconds
[2022-11-12T04:38:50.927+0000] {processor.py:156} INFO - Started process (PID=14920) to work on /home/airflow/.local/lib/python3.7/site-packages/airflow/example_dags/example_dag_decorator.py
[2022-11-12T04:38:50.953+0000] {processor.py:758} INFO - Processing file /home/airflow/.local/lib/python3.7/site-packages/airflow/example_dags/example_dag_decorator.py for tasks to queue
[2022-11-12T04:38:50.968+0000] {logging_mixin.py:117} INFO - [2022-11-12T04:38:50.968+0000] {dagbag.py:525} INFO - Filling up the DagBag from /home/airflow/.local/lib/python3.7/site-packages/airflow/example_dags/example_dag_decorator.py
[2022-11-12T04:38:51.628+0000] {processor.py:768} INFO - DAG(s) dict_keys(['example_dag_decorator']) retrieved from /home/airflow/.local/lib/python3.7/site-packages/airflow/example_dags/example_dag_decorator.py
[2022-11-12T04:38:52.284+0000] {logging_mixin.py:117} INFO - [2022-11-12T04:38:52.284+0000] {dag.py:2573} INFO - Sync 1 DAGs
[2022-11-12T04:38:52.333+0000] {logging_mixin.py:117} INFO - [2022-11-12T04:38:52.333+0000] {dag.py:3328} INFO - Setting next_dagrun for example_dag_decorator to None, run_after=None
[2022-11-12T04:38:52.381+0000] {processor.py:178} INFO - Processing /home/airflow/.local/lib/python3.7/site-packages/airflow/example_dags/example_dag_decorator.py took 1.468 seconds
[2022-11-12T06:17:38.021+0000] {processor.py:156} INFO - Started process (PID=14975) to work on /home/airflow/.local/lib/python3.7/site-packages/airflow/example_dags/example_dag_decorator.py
[2022-11-12T06:17:38.023+0000] {processor.py:758} INFO - Processing file /home/airflow/.local/lib/python3.7/site-packages/airflow/example_dags/example_dag_decorator.py for tasks to queue
[2022-11-12T06:17:38.025+0000] {logging_mixin.py:117} INFO - [2022-11-12T06:17:38.025+0000] {dagbag.py:525} INFO - Filling up the DagBag from /home/airflow/.local/lib/python3.7/site-packages/airflow/example_dags/example_dag_decorator.py
[2022-11-12T06:17:38.076+0000] {processor.py:768} INFO - DAG(s) dict_keys(['example_dag_decorator']) retrieved from /home/airflow/.local/lib/python3.7/site-packages/airflow/example_dags/example_dag_decorator.py
[2022-11-12T06:17:38.268+0000] {logging_mixin.py:117} INFO - [2022-11-12T06:17:38.268+0000] {dag.py:2573} INFO - Sync 1 DAGs
[2022-11-12T06:17:38.324+0000] {logging_mixin.py:117} INFO - [2022-11-12T06:17:38.324+0000] {dag.py:3328} INFO - Setting next_dagrun for example_dag_decorator to None, run_after=None
[2022-11-12T06:17:38.467+0000] {processor.py:178} INFO - Processing /home/airflow/.local/lib/python3.7/site-packages/airflow/example_dags/example_dag_decorator.py took 0.450 seconds
[2022-11-12T07:26:41.359+0000] {processor.py:156} INFO - Started process (PID=15039) to work on /home/airflow/.local/lib/python3.7/site-packages/airflow/example_dags/example_dag_decorator.py
[2022-11-12T07:26:41.400+0000] {processor.py:758} INFO - Processing file /home/airflow/.local/lib/python3.7/site-packages/airflow/example_dags/example_dag_decorator.py for tasks to queue
[2022-11-12T07:26:41.417+0000] {logging_mixin.py:117} INFO - [2022-11-12T07:26:41.417+0000] {dagbag.py:525} INFO - Filling up the DagBag from /home/airflow/.local/lib/python3.7/site-packages/airflow/example_dags/example_dag_decorator.py
[2022-11-12T07:26:41.594+0000] {processor.py:768} INFO - DAG(s) dict_keys(['example_dag_decorator']) retrieved from /home/airflow/.local/lib/python3.7/site-packages/airflow/example_dags/example_dag_decorator.py
[2022-11-12T07:26:42.129+0000] {logging_mixin.py:117} INFO - [2022-11-12T07:26:42.125+0000] {dag.py:2573} INFO - Sync 1 DAGs
[2022-11-12T07:26:42.214+0000] {logging_mixin.py:117} INFO - [2022-11-12T07:26:42.213+0000] {dag.py:3328} INFO - Setting next_dagrun for example_dag_decorator to None, run_after=None
[2022-11-12T07:26:42.277+0000] {processor.py:178} INFO - Processing /home/airflow/.local/lib/python3.7/site-packages/airflow/example_dags/example_dag_decorator.py took 0.935 seconds
[2022-11-12T08:48:49.478+0000] {processor.py:156} INFO - Started process (PID=15093) to work on /home/airflow/.local/lib/python3.7/site-packages/airflow/example_dags/example_dag_decorator.py
[2022-11-12T08:48:49.489+0000] {processor.py:758} INFO - Processing file /home/airflow/.local/lib/python3.7/site-packages/airflow/example_dags/example_dag_decorator.py for tasks to queue
[2022-11-12T08:48:49.494+0000] {logging_mixin.py:117} INFO - [2022-11-12T08:48:49.493+0000] {dagbag.py:525} INFO - Filling up the DagBag from /home/airflow/.local/lib/python3.7/site-packages/airflow/example_dags/example_dag_decorator.py
[2022-11-12T08:48:49.597+0000] {processor.py:768} INFO - DAG(s) dict_keys(['example_dag_decorator']) retrieved from /home/airflow/.local/lib/python3.7/site-packages/airflow/example_dags/example_dag_decorator.py
[2022-11-12T08:48:49.870+0000] {logging_mixin.py:117} INFO - [2022-11-12T08:48:49.869+0000] {dag.py:2573} INFO - Sync 1 DAGs
[2022-11-12T08:48:49.926+0000] {logging_mixin.py:117} INFO - [2022-11-12T08:48:49.925+0000] {dag.py:3328} INFO - Setting next_dagrun for example_dag_decorator to None, run_after=None
[2022-11-12T08:48:49.970+0000] {processor.py:178} INFO - Processing /home/airflow/.local/lib/python3.7/site-packages/airflow/example_dags/example_dag_decorator.py took 0.506 seconds
[2022-11-12T09:40:02.338+0000] {processor.py:156} INFO - Started process (PID=15156) to work on /home/airflow/.local/lib/python3.7/site-packages/airflow/example_dags/example_dag_decorator.py
[2022-11-12T09:40:02.342+0000] {processor.py:758} INFO - Processing file /home/airflow/.local/lib/python3.7/site-packages/airflow/example_dags/example_dag_decorator.py for tasks to queue
[2022-11-12T09:40:02.344+0000] {logging_mixin.py:117} INFO - [2022-11-12T09:40:02.344+0000] {dagbag.py:525} INFO - Filling up the DagBag from /home/airflow/.local/lib/python3.7/site-packages/airflow/example_dags/example_dag_decorator.py
[2022-11-12T09:40:02.556+0000] {processor.py:768} INFO - DAG(s) dict_keys(['example_dag_decorator']) retrieved from /home/airflow/.local/lib/python3.7/site-packages/airflow/example_dags/example_dag_decorator.py
[2022-11-12T09:40:02.794+0000] {logging_mixin.py:117} INFO - [2022-11-12T09:40:02.794+0000] {dag.py:2573} INFO - Sync 1 DAGs
[2022-11-12T09:40:02.843+0000] {logging_mixin.py:117} INFO - [2022-11-12T09:40:02.842+0000] {dag.py:3328} INFO - Setting next_dagrun for example_dag_decorator to None, run_after=None
[2022-11-12T09:40:02.885+0000] {processor.py:178} INFO - Processing /home/airflow/.local/lib/python3.7/site-packages/airflow/example_dags/example_dag_decorator.py took 0.565 seconds
[2022-11-12T11:02:36.398+0000] {processor.py:156} INFO - Started process (PID=15211) to work on /home/airflow/.local/lib/python3.7/site-packages/airflow/example_dags/example_dag_decorator.py
[2022-11-12T11:02:36.427+0000] {processor.py:758} INFO - Processing file /home/airflow/.local/lib/python3.7/site-packages/airflow/example_dags/example_dag_decorator.py for tasks to queue
[2022-11-12T11:02:36.435+0000] {logging_mixin.py:117} INFO - [2022-11-12T11:02:36.435+0000] {dagbag.py:525} INFO - Filling up the DagBag from /home/airflow/.local/lib/python3.7/site-packages/airflow/example_dags/example_dag_decorator.py
[2022-11-12T11:02:36.695+0000] {processor.py:768} INFO - DAG(s) dict_keys(['example_dag_decorator']) retrieved from /home/airflow/.local/lib/python3.7/site-packages/airflow/example_dags/example_dag_decorator.py
[2022-11-12T11:02:37.293+0000] {logging_mixin.py:117} INFO - [2022-11-12T11:02:37.293+0000] {dag.py:2573} INFO - Sync 1 DAGs
[2022-11-12T11:02:37.450+0000] {logging_mixin.py:117} INFO - [2022-11-12T11:02:37.449+0000] {dag.py:3328} INFO - Setting next_dagrun for example_dag_decorator to None, run_after=None
[2022-11-12T11:02:37.558+0000] {processor.py:178} INFO - Processing /home/airflow/.local/lib/python3.7/site-packages/airflow/example_dags/example_dag_decorator.py took 1.232 seconds
[2022-11-12T12:39:35.604+0000] {processor.py:156} INFO - Started process (PID=15266) to work on /home/airflow/.local/lib/python3.7/site-packages/airflow/example_dags/example_dag_decorator.py
[2022-11-12T12:39:35.625+0000] {processor.py:758} INFO - Processing file /home/airflow/.local/lib/python3.7/site-packages/airflow/example_dags/example_dag_decorator.py for tasks to queue
[2022-11-12T12:39:35.629+0000] {logging_mixin.py:117} INFO - [2022-11-12T12:39:35.628+0000] {dagbag.py:525} INFO - Filling up the DagBag from /home/airflow/.local/lib/python3.7/site-packages/airflow/example_dags/example_dag_decorator.py
[2022-11-12T12:39:35.959+0000] {processor.py:768} INFO - DAG(s) dict_keys(['example_dag_decorator']) retrieved from /home/airflow/.local/lib/python3.7/site-packages/airflow/example_dags/example_dag_decorator.py
[2022-11-12T12:39:36.175+0000] {logging_mixin.py:117} INFO - [2022-11-12T12:39:36.175+0000] {dag.py:2573} INFO - Sync 1 DAGs
[2022-11-12T12:39:36.216+0000] {logging_mixin.py:117} INFO - [2022-11-12T12:39:36.216+0000] {dag.py:3328} INFO - Setting next_dagrun for example_dag_decorator to None, run_after=None
[2022-11-12T12:39:36.271+0000] {processor.py:178} INFO - Processing /home/airflow/.local/lib/python3.7/site-packages/airflow/example_dags/example_dag_decorator.py took 0.672 seconds
[2022-11-12T14:03:42.793+0000] {processor.py:156} INFO - Started process (PID=15320) to work on /home/airflow/.local/lib/python3.7/site-packages/airflow/example_dags/example_dag_decorator.py
[2022-11-12T14:03:42.796+0000] {processor.py:758} INFO - Processing file /home/airflow/.local/lib/python3.7/site-packages/airflow/example_dags/example_dag_decorator.py for tasks to queue
[2022-11-12T14:03:42.797+0000] {logging_mixin.py:117} INFO - [2022-11-12T14:03:42.797+0000] {dagbag.py:525} INFO - Filling up the DagBag from /home/airflow/.local/lib/python3.7/site-packages/airflow/example_dags/example_dag_decorator.py
[2022-11-12T14:03:42.828+0000] {processor.py:768} INFO - DAG(s) dict_keys(['example_dag_decorator']) retrieved from /home/airflow/.local/lib/python3.7/site-packages/airflow/example_dags/example_dag_decorator.py
[2022-11-12T14:03:42.908+0000] {logging_mixin.py:117} INFO - [2022-11-12T14:03:42.908+0000] {dag.py:2573} INFO - Sync 1 DAGs
[2022-11-12T14:03:42.923+0000] {logging_mixin.py:117} INFO - [2022-11-12T14:03:42.923+0000] {dag.py:3328} INFO - Setting next_dagrun for example_dag_decorator to None, run_after=None
[2022-11-12T14:03:42.935+0000] {processor.py:178} INFO - Processing /home/airflow/.local/lib/python3.7/site-packages/airflow/example_dags/example_dag_decorator.py took 0.148 seconds
[2022-11-12T15:28:37.194+0000] {processor.py:156} INFO - Started process (PID=15385) to work on /home/airflow/.local/lib/python3.7/site-packages/airflow/example_dags/example_dag_decorator.py
[2022-11-12T15:28:37.206+0000] {processor.py:758} INFO - Processing file /home/airflow/.local/lib/python3.7/site-packages/airflow/example_dags/example_dag_decorator.py for tasks to queue
[2022-11-12T15:28:37.209+0000] {logging_mixin.py:117} INFO - [2022-11-12T15:28:37.209+0000] {dagbag.py:525} INFO - Filling up the DagBag from /home/airflow/.local/lib/python3.7/site-packages/airflow/example_dags/example_dag_decorator.py
[2022-11-12T15:28:37.272+0000] {processor.py:768} INFO - DAG(s) dict_keys(['example_dag_decorator']) retrieved from /home/airflow/.local/lib/python3.7/site-packages/airflow/example_dags/example_dag_decorator.py
[2022-11-12T15:28:37.555+0000] {logging_mixin.py:117} INFO - [2022-11-12T15:28:37.554+0000] {dag.py:2573} INFO - Sync 1 DAGs
[2022-11-12T15:28:37.621+0000] {logging_mixin.py:117} INFO - [2022-11-12T15:28:37.621+0000] {dag.py:3328} INFO - Setting next_dagrun for example_dag_decorator to None, run_after=None
[2022-11-12T15:28:37.723+0000] {processor.py:178} INFO - Processing /home/airflow/.local/lib/python3.7/site-packages/airflow/example_dags/example_dag_decorator.py took 0.539 seconds
[2022-11-12T16:51:18.103+0000] {processor.py:156} INFO - Started process (PID=15441) to work on /home/airflow/.local/lib/python3.7/site-packages/airflow/example_dags/example_dag_decorator.py
[2022-11-12T16:51:18.106+0000] {processor.py:758} INFO - Processing file /home/airflow/.local/lib/python3.7/site-packages/airflow/example_dags/example_dag_decorator.py for tasks to queue
[2022-11-12T16:51:18.108+0000] {logging_mixin.py:117} INFO - [2022-11-12T16:51:18.108+0000] {dagbag.py:525} INFO - Filling up the DagBag from /home/airflow/.local/lib/python3.7/site-packages/airflow/example_dags/example_dag_decorator.py
[2022-11-12T16:51:18.152+0000] {processor.py:768} INFO - DAG(s) dict_keys(['example_dag_decorator']) retrieved from /home/airflow/.local/lib/python3.7/site-packages/airflow/example_dags/example_dag_decorator.py
[2022-11-12T16:51:18.274+0000] {logging_mixin.py:117} INFO - [2022-11-12T16:51:18.274+0000] {dag.py:2573} INFO - Sync 1 DAGs
[2022-11-12T16:51:18.316+0000] {logging_mixin.py:117} INFO - [2022-11-12T16:51:18.316+0000] {dag.py:3328} INFO - Setting next_dagrun for example_dag_decorator to None, run_after=None
[2022-11-12T16:51:18.346+0000] {processor.py:178} INFO - Processing /home/airflow/.local/lib/python3.7/site-packages/airflow/example_dags/example_dag_decorator.py took 0.246 seconds
[2022-11-12T18:32:30.465+0000] {processor.py:156} INFO - Started process (PID=15505) to work on /home/airflow/.local/lib/python3.7/site-packages/airflow/example_dags/example_dag_decorator.py
[2022-11-12T18:32:30.468+0000] {processor.py:758} INFO - Processing file /home/airflow/.local/lib/python3.7/site-packages/airflow/example_dags/example_dag_decorator.py for tasks to queue
[2022-11-12T18:32:30.470+0000] {logging_mixin.py:117} INFO - [2022-11-12T18:32:30.470+0000] {dagbag.py:525} INFO - Filling up the DagBag from /home/airflow/.local/lib/python3.7/site-packages/airflow/example_dags/example_dag_decorator.py
[2022-11-12T18:32:30.524+0000] {processor.py:768} INFO - DAG(s) dict_keys(['example_dag_decorator']) retrieved from /home/airflow/.local/lib/python3.7/site-packages/airflow/example_dags/example_dag_decorator.py
[2022-11-12T18:32:30.739+0000] {logging_mixin.py:117} INFO - [2022-11-12T18:32:30.738+0000] {dag.py:2573} INFO - Sync 1 DAGs
[2022-11-12T18:32:30.783+0000] {logging_mixin.py:117} INFO - [2022-11-12T18:32:30.782+0000] {dag.py:3328} INFO - Setting next_dagrun for example_dag_decorator to None, run_after=None
[2022-11-12T18:32:30.865+0000] {processor.py:178} INFO - Processing /home/airflow/.local/lib/python3.7/site-packages/airflow/example_dags/example_dag_decorator.py took 0.404 seconds
[2022-11-12T19:24:23.370+0000] {processor.py:156} INFO - Started process (PID=15561) to work on /home/airflow/.local/lib/python3.7/site-packages/airflow/example_dags/example_dag_decorator.py
[2022-11-12T19:24:23.377+0000] {processor.py:758} INFO - Processing file /home/airflow/.local/lib/python3.7/site-packages/airflow/example_dags/example_dag_decorator.py for tasks to queue
[2022-11-12T19:24:23.381+0000] {logging_mixin.py:117} INFO - [2022-11-12T19:24:23.380+0000] {dagbag.py:525} INFO - Filling up the DagBag from /home/airflow/.local/lib/python3.7/site-packages/airflow/example_dags/example_dag_decorator.py
[2022-11-12T19:24:23.503+0000] {processor.py:768} INFO - DAG(s) dict_keys(['example_dag_decorator']) retrieved from /home/airflow/.local/lib/python3.7/site-packages/airflow/example_dags/example_dag_decorator.py
[2022-11-12T19:24:24.338+0000] {logging_mixin.py:117} INFO - [2022-11-12T19:24:24.336+0000] {dag.py:2573} INFO - Sync 1 DAGs
[2022-11-12T19:24:24.557+0000] {logging_mixin.py:117} INFO - [2022-11-12T19:24:24.556+0000] {dag.py:3328} INFO - Setting next_dagrun for example_dag_decorator to None, run_after=None
[2022-11-12T19:24:24.786+0000] {processor.py:178} INFO - Processing /home/airflow/.local/lib/python3.7/site-packages/airflow/example_dags/example_dag_decorator.py took 1.433 seconds
