[2022-11-12T00:30:42.888+0000] {processor.py:156} INFO - Started process (PID=14739) to work on /home/airflow/.local/lib/python3.7/site-packages/airflow/example_dags/example_latest_only_with_trigger.py
[2022-11-12T00:30:42.938+0000] {processor.py:758} INFO - Processing file /home/airflow/.local/lib/python3.7/site-packages/airflow/example_dags/example_latest_only_with_trigger.py for tasks to queue
[2022-11-12T00:30:42.940+0000] {logging_mixin.py:117} INFO - [2022-11-12T00:30:42.940+0000] {dagbag.py:525} INFO - Filling up the DagBag from /home/airflow/.local/lib/python3.7/site-packages/airflow/example_dags/example_latest_only_with_trigger.py
[2022-11-12T00:30:42.979+0000] {processor.py:768} INFO - DAG(s) dict_keys(['latest_only_with_trigger']) retrieved from /home/airflow/.local/lib/python3.7/site-packages/airflow/example_dags/example_latest_only_with_trigger.py
[2022-11-12T00:30:43.125+0000] {logging_mixin.py:117} INFO - [2022-11-12T00:30:43.125+0000] {dag.py:2573} INFO - Sync 1 DAGs
[2022-11-12T00:30:43.182+0000] {logging_mixin.py:117} INFO - [2022-11-12T00:30:43.181+0000] {dag.py:3328} INFO - Setting next_dagrun for latest_only_with_trigger to 2022-11-11T20:30:43.181070+00:00, run_after=2022-11-12T00:30:43.181070+00:00
[2022-11-12T00:30:43.222+0000] {processor.py:178} INFO - Processing /home/airflow/.local/lib/python3.7/site-packages/airflow/example_dags/example_latest_only_with_trigger.py took 0.347 seconds
[2022-11-12T01:50:04.236+0000] {processor.py:156} INFO - Started process (PID=14804) to work on /home/airflow/.local/lib/python3.7/site-packages/airflow/example_dags/example_latest_only_with_trigger.py
[2022-11-12T01:50:04.264+0000] {processor.py:758} INFO - Processing file /home/airflow/.local/lib/python3.7/site-packages/airflow/example_dags/example_latest_only_with_trigger.py for tasks to queue
[2022-11-12T01:50:04.272+0000] {logging_mixin.py:117} INFO - [2022-11-12T01:50:04.272+0000] {dagbag.py:525} INFO - Filling up the DagBag from /home/airflow/.local/lib/python3.7/site-packages/airflow/example_dags/example_latest_only_with_trigger.py
[2022-11-12T01:50:04.294+0000] {processor.py:768} INFO - DAG(s) dict_keys(['latest_only_with_trigger']) retrieved from /home/airflow/.local/lib/python3.7/site-packages/airflow/example_dags/example_latest_only_with_trigger.py
[2022-11-12T01:50:04.466+0000] {logging_mixin.py:117} INFO - [2022-11-12T01:50:04.466+0000] {dag.py:2573} INFO - Sync 1 DAGs
[2022-11-12T01:50:04.635+0000] {logging_mixin.py:117} INFO - [2022-11-12T01:50:04.635+0000] {dag.py:3328} INFO - Setting next_dagrun for latest_only_with_trigger to 2022-11-11T21:50:04.634813+00:00, run_after=2022-11-12T01:50:04.634813+00:00
[2022-11-12T01:50:04.666+0000] {processor.py:178} INFO - Processing /home/airflow/.local/lib/python3.7/site-packages/airflow/example_dags/example_latest_only_with_trigger.py took 0.443 seconds
[2022-11-12T03:17:08.138+0000] {processor.py:156} INFO - Started process (PID=14858) to work on /home/airflow/.local/lib/python3.7/site-packages/airflow/example_dags/example_latest_only_with_trigger.py
[2022-11-12T03:17:08.142+0000] {processor.py:758} INFO - Processing file /home/airflow/.local/lib/python3.7/site-packages/airflow/example_dags/example_latest_only_with_trigger.py for tasks to queue
[2022-11-12T03:17:08.149+0000] {logging_mixin.py:117} INFO - [2022-11-12T03:17:08.149+0000] {dagbag.py:525} INFO - Filling up the DagBag from /home/airflow/.local/lib/python3.7/site-packages/airflow/example_dags/example_latest_only_with_trigger.py
[2022-11-12T03:17:08.190+0000] {processor.py:768} INFO - DAG(s) dict_keys(['latest_only_with_trigger']) retrieved from /home/airflow/.local/lib/python3.7/site-packages/airflow/example_dags/example_latest_only_with_trigger.py
[2022-11-12T03:17:08.276+0000] {logging_mixin.py:117} INFO - [2022-11-12T03:17:08.276+0000] {dag.py:2573} INFO - Sync 1 DAGs
[2022-11-12T03:17:08.303+0000] {logging_mixin.py:117} INFO - [2022-11-12T03:17:08.303+0000] {dag.py:3328} INFO - Setting next_dagrun for latest_only_with_trigger to 2022-11-11T23:17:08.302862+00:00, run_after=2022-11-12T03:17:08.302862+00:00
[2022-11-12T03:17:08.327+0000] {processor.py:178} INFO - Processing /home/airflow/.local/lib/python3.7/site-packages/airflow/example_dags/example_latest_only_with_trigger.py took 0.191 seconds
[2022-11-12T04:38:52.097+0000] {processor.py:156} INFO - Started process (PID=14921) to work on /home/airflow/.local/lib/python3.7/site-packages/airflow/example_dags/example_latest_only_with_trigger.py
[2022-11-12T04:38:52.105+0000] {processor.py:758} INFO - Processing file /home/airflow/.local/lib/python3.7/site-packages/airflow/example_dags/example_latest_only_with_trigger.py for tasks to queue
[2022-11-12T04:38:52.141+0000] {logging_mixin.py:117} INFO - [2022-11-12T04:38:52.141+0000] {dagbag.py:525} INFO - Filling up the DagBag from /home/airflow/.local/lib/python3.7/site-packages/airflow/example_dags/example_latest_only_with_trigger.py
[2022-11-12T04:38:52.250+0000] {processor.py:768} INFO - DAG(s) dict_keys(['latest_only_with_trigger']) retrieved from /home/airflow/.local/lib/python3.7/site-packages/airflow/example_dags/example_latest_only_with_trigger.py
[2022-11-12T04:38:52.388+0000] {logging_mixin.py:117} INFO - [2022-11-12T04:38:52.387+0000] {dag.py:2573} INFO - Sync 1 DAGs
[2022-11-12T04:38:52.453+0000] {logging_mixin.py:117} INFO - [2022-11-12T04:38:52.453+0000] {dag.py:3328} INFO - Setting next_dagrun for latest_only_with_trigger to 2022-11-12T00:38:52.452987+00:00, run_after=2022-11-12T04:38:52.452987+00:00
[2022-11-12T04:38:52.479+0000] {processor.py:178} INFO - Processing /home/airflow/.local/lib/python3.7/site-packages/airflow/example_dags/example_latest_only_with_trigger.py took 0.423 seconds
[2022-11-12T06:17:38.310+0000] {processor.py:156} INFO - Started process (PID=14976) to work on /home/airflow/.local/lib/python3.7/site-packages/airflow/example_dags/example_latest_only_with_trigger.py
[2022-11-12T06:17:38.395+0000] {processor.py:758} INFO - Processing file /home/airflow/.local/lib/python3.7/site-packages/airflow/example_dags/example_latest_only_with_trigger.py for tasks to queue
[2022-11-12T06:17:38.398+0000] {logging_mixin.py:117} INFO - [2022-11-12T06:17:38.398+0000] {dagbag.py:525} INFO - Filling up the DagBag from /home/airflow/.local/lib/python3.7/site-packages/airflow/example_dags/example_latest_only_with_trigger.py
[2022-11-12T06:17:38.421+0000] {processor.py:768} INFO - DAG(s) dict_keys(['latest_only_with_trigger']) retrieved from /home/airflow/.local/lib/python3.7/site-packages/airflow/example_dags/example_latest_only_with_trigger.py
[2022-11-12T06:17:38.559+0000] {logging_mixin.py:117} INFO - [2022-11-12T06:17:38.559+0000] {dag.py:2573} INFO - Sync 1 DAGs
[2022-11-12T06:17:38.623+0000] {logging_mixin.py:117} INFO - [2022-11-12T06:17:38.623+0000] {dag.py:3328} INFO - Setting next_dagrun for latest_only_with_trigger to 2022-11-12T02:17:38.622904+00:00, run_after=2022-11-12T06:17:38.622904+00:00
[2022-11-12T06:17:38.652+0000] {processor.py:178} INFO - Processing /home/airflow/.local/lib/python3.7/site-packages/airflow/example_dags/example_latest_only_with_trigger.py took 0.345 seconds
[2022-11-12T07:26:42.273+0000] {processor.py:156} INFO - Started process (PID=15040) to work on /home/airflow/.local/lib/python3.7/site-packages/airflow/example_dags/example_latest_only_with_trigger.py
[2022-11-12T07:26:42.291+0000] {processor.py:758} INFO - Processing file /home/airflow/.local/lib/python3.7/site-packages/airflow/example_dags/example_latest_only_with_trigger.py for tasks to queue
[2022-11-12T07:26:42.299+0000] {logging_mixin.py:117} INFO - [2022-11-12T07:26:42.299+0000] {dagbag.py:525} INFO - Filling up the DagBag from /home/airflow/.local/lib/python3.7/site-packages/airflow/example_dags/example_latest_only_with_trigger.py
[2022-11-12T07:26:42.531+0000] {processor.py:768} INFO - DAG(s) dict_keys(['latest_only_with_trigger']) retrieved from /home/airflow/.local/lib/python3.7/site-packages/airflow/example_dags/example_latest_only_with_trigger.py
[2022-11-12T07:26:42.899+0000] {logging_mixin.py:117} INFO - [2022-11-12T07:26:42.899+0000] {dag.py:2573} INFO - Sync 1 DAGs
[2022-11-12T07:26:43.089+0000] {logging_mixin.py:117} INFO - [2022-11-12T07:26:43.089+0000] {dag.py:3328} INFO - Setting next_dagrun for latest_only_with_trigger to 2022-11-12T03:26:43.088318+00:00, run_after=2022-11-12T07:26:43.088318+00:00
[2022-11-12T07:26:43.150+0000] {processor.py:178} INFO - Processing /home/airflow/.local/lib/python3.7/site-packages/airflow/example_dags/example_latest_only_with_trigger.py took 0.914 seconds
[2022-11-12T08:48:49.500+0000] {processor.py:156} INFO - Started process (PID=15094) to work on /home/airflow/.local/lib/python3.7/site-packages/airflow/example_dags/example_latest_only_with_trigger.py
[2022-11-12T08:48:49.504+0000] {processor.py:758} INFO - Processing file /home/airflow/.local/lib/python3.7/site-packages/airflow/example_dags/example_latest_only_with_trigger.py for tasks to queue
[2022-11-12T08:48:49.506+0000] {logging_mixin.py:117} INFO - [2022-11-12T08:48:49.506+0000] {dagbag.py:525} INFO - Filling up the DagBag from /home/airflow/.local/lib/python3.7/site-packages/airflow/example_dags/example_latest_only_with_trigger.py
[2022-11-12T08:48:49.561+0000] {processor.py:768} INFO - DAG(s) dict_keys(['latest_only_with_trigger']) retrieved from /home/airflow/.local/lib/python3.7/site-packages/airflow/example_dags/example_latest_only_with_trigger.py
[2022-11-12T08:48:49.734+0000] {logging_mixin.py:117} INFO - [2022-11-12T08:48:49.733+0000] {dag.py:2573} INFO - Sync 1 DAGs
[2022-11-12T08:48:49.773+0000] {logging_mixin.py:117} INFO - [2022-11-12T08:48:49.772+0000] {dag.py:3328} INFO - Setting next_dagrun for latest_only_with_trigger to 2022-11-12T04:48:49.772548+00:00, run_after=2022-11-12T08:48:49.772548+00:00
[2022-11-12T08:48:49.826+0000] {processor.py:178} INFO - Processing /home/airflow/.local/lib/python3.7/site-packages/airflow/example_dags/example_latest_only_with_trigger.py took 0.340 seconds
[2022-11-12T09:40:02.352+0000] {processor.py:156} INFO - Started process (PID=15157) to work on /home/airflow/.local/lib/python3.7/site-packages/airflow/example_dags/example_latest_only_with_trigger.py
[2022-11-12T09:40:02.357+0000] {processor.py:758} INFO - Processing file /home/airflow/.local/lib/python3.7/site-packages/airflow/example_dags/example_latest_only_with_trigger.py for tasks to queue
[2022-11-12T09:40:02.359+0000] {logging_mixin.py:117} INFO - [2022-11-12T09:40:02.359+0000] {dagbag.py:525} INFO - Filling up the DagBag from /home/airflow/.local/lib/python3.7/site-packages/airflow/example_dags/example_latest_only_with_trigger.py
[2022-11-12T09:40:02.557+0000] {processor.py:768} INFO - DAG(s) dict_keys(['latest_only_with_trigger']) retrieved from /home/airflow/.local/lib/python3.7/site-packages/airflow/example_dags/example_latest_only_with_trigger.py
[2022-11-12T09:40:02.728+0000] {logging_mixin.py:117} INFO - [2022-11-12T09:40:02.728+0000] {dag.py:2573} INFO - Sync 1 DAGs
[2022-11-12T09:40:02.800+0000] {logging_mixin.py:117} INFO - [2022-11-12T09:40:02.800+0000] {dag.py:3328} INFO - Setting next_dagrun for latest_only_with_trigger to 2022-11-12T05:40:02.799775+00:00, run_after=2022-11-12T09:40:02.799775+00:00
[2022-11-12T09:40:02.887+0000] {processor.py:178} INFO - Processing /home/airflow/.local/lib/python3.7/site-packages/airflow/example_dags/example_latest_only_with_trigger.py took 0.546 seconds
[2022-11-12T11:02:37.469+0000] {processor.py:156} INFO - Started process (PID=15212) to work on /home/airflow/.local/lib/python3.7/site-packages/airflow/example_dags/example_latest_only_with_trigger.py
[2022-11-12T11:02:37.479+0000] {processor.py:758} INFO - Processing file /home/airflow/.local/lib/python3.7/site-packages/airflow/example_dags/example_latest_only_with_trigger.py for tasks to queue
[2022-11-12T11:02:37.482+0000] {logging_mixin.py:117} INFO - [2022-11-12T11:02:37.482+0000] {dagbag.py:525} INFO - Filling up the DagBag from /home/airflow/.local/lib/python3.7/site-packages/airflow/example_dags/example_latest_only_with_trigger.py
[2022-11-12T11:02:37.597+0000] {processor.py:768} INFO - DAG(s) dict_keys(['latest_only_with_trigger']) retrieved from /home/airflow/.local/lib/python3.7/site-packages/airflow/example_dags/example_latest_only_with_trigger.py
[2022-11-12T11:02:37.877+0000] {logging_mixin.py:117} INFO - [2022-11-12T11:02:37.876+0000] {dag.py:2573} INFO - Sync 1 DAGs
[2022-11-12T11:02:37.976+0000] {logging_mixin.py:117} INFO - [2022-11-12T11:02:37.976+0000] {dag.py:3328} INFO - Setting next_dagrun for latest_only_with_trigger to 2022-11-12T07:02:37.975701+00:00, run_after=2022-11-12T11:02:37.975701+00:00
[2022-11-12T11:02:38.234+0000] {processor.py:178} INFO - Processing /home/airflow/.local/lib/python3.7/site-packages/airflow/example_dags/example_latest_only_with_trigger.py took 0.808 seconds
[2022-11-12T12:39:35.908+0000] {processor.py:156} INFO - Started process (PID=15267) to work on /home/airflow/.local/lib/python3.7/site-packages/airflow/example_dags/example_latest_only_with_trigger.py
[2022-11-12T12:39:35.917+0000] {processor.py:758} INFO - Processing file /home/airflow/.local/lib/python3.7/site-packages/airflow/example_dags/example_latest_only_with_trigger.py for tasks to queue
[2022-11-12T12:39:35.920+0000] {logging_mixin.py:117} INFO - [2022-11-12T12:39:35.919+0000] {dagbag.py:525} INFO - Filling up the DagBag from /home/airflow/.local/lib/python3.7/site-packages/airflow/example_dags/example_latest_only_with_trigger.py
[2022-11-12T12:39:35.977+0000] {processor.py:768} INFO - DAG(s) dict_keys(['latest_only_with_trigger']) retrieved from /home/airflow/.local/lib/python3.7/site-packages/airflow/example_dags/example_latest_only_with_trigger.py
[2022-11-12T12:39:36.118+0000] {logging_mixin.py:117} INFO - [2022-11-12T12:39:36.118+0000] {dag.py:2573} INFO - Sync 1 DAGs
[2022-11-12T12:39:36.167+0000] {logging_mixin.py:117} INFO - [2022-11-12T12:39:36.167+0000] {dag.py:3328} INFO - Setting next_dagrun for latest_only_with_trigger to 2022-11-12T08:39:36.166560+00:00, run_after=2022-11-12T12:39:36.166560+00:00
[2022-11-12T12:39:36.245+0000] {processor.py:178} INFO - Processing /home/airflow/.local/lib/python3.7/site-packages/airflow/example_dags/example_latest_only_with_trigger.py took 0.357 seconds
[2022-11-12T14:03:42.892+0000] {processor.py:156} INFO - Started process (PID=15321) to work on /home/airflow/.local/lib/python3.7/site-packages/airflow/example_dags/example_latest_only_with_trigger.py
[2022-11-12T14:03:42.894+0000] {processor.py:758} INFO - Processing file /home/airflow/.local/lib/python3.7/site-packages/airflow/example_dags/example_latest_only_with_trigger.py for tasks to queue
[2022-11-12T14:03:42.894+0000] {logging_mixin.py:117} INFO - [2022-11-12T14:03:42.894+0000] {dagbag.py:525} INFO - Filling up the DagBag from /home/airflow/.local/lib/python3.7/site-packages/airflow/example_dags/example_latest_only_with_trigger.py
[2022-11-12T14:03:42.904+0000] {processor.py:768} INFO - DAG(s) dict_keys(['latest_only_with_trigger']) retrieved from /home/airflow/.local/lib/python3.7/site-packages/airflow/example_dags/example_latest_only_with_trigger.py
[2022-11-12T14:03:42.931+0000] {logging_mixin.py:117} INFO - [2022-11-12T14:03:42.931+0000] {dag.py:2573} INFO - Sync 1 DAGs
[2022-11-12T14:03:42.948+0000] {logging_mixin.py:117} INFO - [2022-11-12T14:03:42.948+0000] {dag.py:3328} INFO - Setting next_dagrun for latest_only_with_trigger to 2022-11-12T10:03:42.948307+00:00, run_after=2022-11-12T14:03:42.948307+00:00
[2022-11-12T14:03:42.961+0000] {processor.py:178} INFO - Processing /home/airflow/.local/lib/python3.7/site-packages/airflow/example_dags/example_latest_only_with_trigger.py took 0.071 seconds
[2022-11-12T15:28:37.298+0000] {processor.py:156} INFO - Started process (PID=15386) to work on /home/airflow/.local/lib/python3.7/site-packages/airflow/example_dags/example_latest_only_with_trigger.py
[2022-11-12T15:28:37.301+0000] {processor.py:758} INFO - Processing file /home/airflow/.local/lib/python3.7/site-packages/airflow/example_dags/example_latest_only_with_trigger.py for tasks to queue
[2022-11-12T15:28:37.304+0000] {logging_mixin.py:117} INFO - [2022-11-12T15:28:37.304+0000] {dagbag.py:525} INFO - Filling up the DagBag from /home/airflow/.local/lib/python3.7/site-packages/airflow/example_dags/example_latest_only_with_trigger.py
[2022-11-12T15:28:37.333+0000] {processor.py:768} INFO - DAG(s) dict_keys(['latest_only_with_trigger']) retrieved from /home/airflow/.local/lib/python3.7/site-packages/airflow/example_dags/example_latest_only_with_trigger.py
[2022-11-12T15:28:37.498+0000] {logging_mixin.py:117} INFO - [2022-11-12T15:28:37.497+0000] {dag.py:2573} INFO - Sync 1 DAGs
[2022-11-12T15:28:37.544+0000] {logging_mixin.py:117} INFO - [2022-11-12T15:28:37.544+0000] {dag.py:3328} INFO - Setting next_dagrun for latest_only_with_trigger to 2022-11-12T11:28:37.544465+00:00, run_after=2022-11-12T15:28:37.544465+00:00
[2022-11-12T15:28:37.580+0000] {processor.py:178} INFO - Processing /home/airflow/.local/lib/python3.7/site-packages/airflow/example_dags/example_latest_only_with_trigger.py took 0.286 seconds
[2022-11-12T16:51:18.145+0000] {processor.py:156} INFO - Started process (PID=15442) to work on /home/airflow/.local/lib/python3.7/site-packages/airflow/example_dags/example_latest_only_with_trigger.py
[2022-11-12T16:51:18.151+0000] {processor.py:758} INFO - Processing file /home/airflow/.local/lib/python3.7/site-packages/airflow/example_dags/example_latest_only_with_trigger.py for tasks to queue
[2022-11-12T16:51:18.152+0000] {logging_mixin.py:117} INFO - [2022-11-12T16:51:18.152+0000] {dagbag.py:525} INFO - Filling up the DagBag from /home/airflow/.local/lib/python3.7/site-packages/airflow/example_dags/example_latest_only_with_trigger.py
[2022-11-12T16:51:18.185+0000] {processor.py:768} INFO - DAG(s) dict_keys(['latest_only_with_trigger']) retrieved from /home/airflow/.local/lib/python3.7/site-packages/airflow/example_dags/example_latest_only_with_trigger.py
[2022-11-12T16:51:18.253+0000] {logging_mixin.py:117} INFO - [2022-11-12T16:51:18.253+0000] {dag.py:2573} INFO - Sync 1 DAGs
[2022-11-12T16:51:18.278+0000] {logging_mixin.py:117} INFO - [2022-11-12T16:51:18.278+0000] {dag.py:3328} INFO - Setting next_dagrun for latest_only_with_trigger to 2022-11-12T12:51:18.278088+00:00, run_after=2022-11-12T16:51:18.278088+00:00
[2022-11-12T16:51:18.339+0000] {processor.py:178} INFO - Processing /home/airflow/.local/lib/python3.7/site-packages/airflow/example_dags/example_latest_only_with_trigger.py took 0.197 seconds
[2022-11-12T18:32:30.439+0000] {processor.py:156} INFO - Started process (PID=15506) to work on /home/airflow/.local/lib/python3.7/site-packages/airflow/example_dags/example_latest_only_with_trigger.py
[2022-11-12T18:32:30.451+0000] {processor.py:758} INFO - Processing file /home/airflow/.local/lib/python3.7/site-packages/airflow/example_dags/example_latest_only_with_trigger.py for tasks to queue
[2022-11-12T18:32:30.453+0000] {logging_mixin.py:117} INFO - [2022-11-12T18:32:30.453+0000] {dagbag.py:525} INFO - Filling up the DagBag from /home/airflow/.local/lib/python3.7/site-packages/airflow/example_dags/example_latest_only_with_trigger.py
[2022-11-12T18:32:30.478+0000] {processor.py:768} INFO - DAG(s) dict_keys(['latest_only_with_trigger']) retrieved from /home/airflow/.local/lib/python3.7/site-packages/airflow/example_dags/example_latest_only_with_trigger.py
[2022-11-12T18:32:30.635+0000] {logging_mixin.py:117} INFO - [2022-11-12T18:32:30.635+0000] {dag.py:2573} INFO - Sync 1 DAGs
[2022-11-12T18:32:30.680+0000] {logging_mixin.py:117} INFO - [2022-11-12T18:32:30.679+0000] {dag.py:3328} INFO - Setting next_dagrun for latest_only_with_trigger to 2022-11-12T14:32:30.679734+00:00, run_after=2022-11-12T18:32:30.679734+00:00
[2022-11-12T18:32:30.726+0000] {processor.py:178} INFO - Processing /home/airflow/.local/lib/python3.7/site-packages/airflow/example_dags/example_latest_only_with_trigger.py took 0.290 seconds
[2022-11-12T19:24:24.952+0000] {processor.py:156} INFO - Started process (PID=15562) to work on /home/airflow/.local/lib/python3.7/site-packages/airflow/example_dags/example_latest_only_with_trigger.py
[2022-11-12T19:24:24.964+0000] {processor.py:758} INFO - Processing file /home/airflow/.local/lib/python3.7/site-packages/airflow/example_dags/example_latest_only_with_trigger.py for tasks to queue
[2022-11-12T19:24:24.973+0000] {logging_mixin.py:117} INFO - [2022-11-12T19:24:24.972+0000] {dagbag.py:525} INFO - Filling up the DagBag from /home/airflow/.local/lib/python3.7/site-packages/airflow/example_dags/example_latest_only_with_trigger.py
[2022-11-12T19:24:25.148+0000] {processor.py:768} INFO - DAG(s) dict_keys(['latest_only_with_trigger']) retrieved from /home/airflow/.local/lib/python3.7/site-packages/airflow/example_dags/example_latest_only_with_trigger.py
[2022-11-12T19:24:25.371+0000] {logging_mixin.py:117} INFO - [2022-11-12T19:24:25.371+0000] {dag.py:2573} INFO - Sync 1 DAGs
[2022-11-12T19:24:25.475+0000] {logging_mixin.py:117} INFO - [2022-11-12T19:24:25.474+0000] {dag.py:3328} INFO - Setting next_dagrun for latest_only_with_trigger to 2022-11-12T15:24:25.473745+00:00, run_after=2022-11-12T19:24:25.473745+00:00
[2022-11-12T19:24:25.559+0000] {processor.py:178} INFO - Processing /home/airflow/.local/lib/python3.7/site-packages/airflow/example_dags/example_latest_only_with_trigger.py took 0.644 seconds
