[2022-11-12T00:30:48.469+0000] {processor.py:156} INFO - Started process (PID=14761) to work on /home/airflow/.local/lib/python3.7/site-packages/airflow/example_dags/example_branch_operator_decorator.py
[2022-11-12T00:30:48.475+0000] {processor.py:758} INFO - Processing file /home/airflow/.local/lib/python3.7/site-packages/airflow/example_dags/example_branch_operator_decorator.py for tasks to queue
[2022-11-12T00:30:48.477+0000] {logging_mixin.py:117} INFO - [2022-11-12T00:30:48.477+0000] {dagbag.py:525} INFO - Filling up the DagBag from /home/airflow/.local/lib/python3.7/site-packages/airflow/example_dags/example_branch_operator_decorator.py
[2022-11-12T00:30:48.548+0000] {processor.py:768} INFO - DAG(s) dict_keys(['example_branch_python_operator_decorator']) retrieved from /home/airflow/.local/lib/python3.7/site-packages/airflow/example_dags/example_branch_operator_decorator.py
[2022-11-12T00:30:48.708+0000] {logging_mixin.py:117} INFO - [2022-11-12T00:30:48.708+0000] {dag.py:2573} INFO - Sync 1 DAGs
[2022-11-12T00:30:48.768+0000] {logging_mixin.py:117} INFO - [2022-11-12T00:30:48.767+0000] {dag.py:3328} INFO - Setting next_dagrun for example_branch_python_operator_decorator to 2022-11-11T00:00:00+00:00, run_after=2022-11-12T00:00:00+00:00
[2022-11-12T00:30:48.802+0000] {processor.py:178} INFO - Processing /home/airflow/.local/lib/python3.7/site-packages/airflow/example_dags/example_branch_operator_decorator.py took 0.338 seconds
[2022-11-12T01:50:11.128+0000] {processor.py:156} INFO - Started process (PID=14825) to work on /home/airflow/.local/lib/python3.7/site-packages/airflow/example_dags/example_branch_operator_decorator.py
[2022-11-12T01:50:11.133+0000] {processor.py:758} INFO - Processing file /home/airflow/.local/lib/python3.7/site-packages/airflow/example_dags/example_branch_operator_decorator.py for tasks to queue
[2022-11-12T01:50:11.138+0000] {logging_mixin.py:117} INFO - [2022-11-12T01:50:11.138+0000] {dagbag.py:525} INFO - Filling up the DagBag from /home/airflow/.local/lib/python3.7/site-packages/airflow/example_dags/example_branch_operator_decorator.py
[2022-11-12T01:50:11.295+0000] {processor.py:768} INFO - DAG(s) dict_keys(['example_branch_python_operator_decorator']) retrieved from /home/airflow/.local/lib/python3.7/site-packages/airflow/example_dags/example_branch_operator_decorator.py
[2022-11-12T01:50:11.585+0000] {logging_mixin.py:117} INFO - [2022-11-12T01:50:11.584+0000] {dag.py:2573} INFO - Sync 1 DAGs
[2022-11-12T01:50:11.682+0000] {logging_mixin.py:117} INFO - [2022-11-12T01:50:11.681+0000] {dag.py:3328} INFO - Setting next_dagrun for example_branch_python_operator_decorator to 2022-11-11T00:00:00+00:00, run_after=2022-11-12T00:00:00+00:00
[2022-11-12T01:50:11.771+0000] {processor.py:178} INFO - Processing /home/airflow/.local/lib/python3.7/site-packages/airflow/example_dags/example_branch_operator_decorator.py took 0.646 seconds
[2022-11-12T03:17:09.635+0000] {processor.py:156} INFO - Started process (PID=14871) to work on /home/airflow/.local/lib/python3.7/site-packages/airflow/example_dags/example_branch_operator_decorator.py
[2022-11-12T03:17:09.643+0000] {processor.py:758} INFO - Processing file /home/airflow/.local/lib/python3.7/site-packages/airflow/example_dags/example_branch_operator_decorator.py for tasks to queue
[2022-11-12T03:17:09.646+0000] {logging_mixin.py:117} INFO - [2022-11-12T03:17:09.646+0000] {dagbag.py:525} INFO - Filling up the DagBag from /home/airflow/.local/lib/python3.7/site-packages/airflow/example_dags/example_branch_operator_decorator.py
[2022-11-12T03:17:09.669+0000] {processor.py:768} INFO - DAG(s) dict_keys(['example_branch_python_operator_decorator']) retrieved from /home/airflow/.local/lib/python3.7/site-packages/airflow/example_dags/example_branch_operator_decorator.py
[2022-11-12T03:17:09.713+0000] {logging_mixin.py:117} INFO - [2022-11-12T03:17:09.712+0000] {dag.py:2573} INFO - Sync 1 DAGs
[2022-11-12T03:17:09.767+0000] {logging_mixin.py:117} INFO - [2022-11-12T03:17:09.767+0000] {dag.py:3328} INFO - Setting next_dagrun for example_branch_python_operator_decorator to 2022-11-11T00:00:00+00:00, run_after=2022-11-12T00:00:00+00:00
[2022-11-12T03:17:09.804+0000] {processor.py:178} INFO - Processing /home/airflow/.local/lib/python3.7/site-packages/airflow/example_dags/example_branch_operator_decorator.py took 0.172 seconds
[2022-11-12T04:38:56.278+0000] {processor.py:156} INFO - Started process (PID=14934) to work on /home/airflow/.local/lib/python3.7/site-packages/airflow/example_dags/example_branch_operator_decorator.py
[2022-11-12T04:38:56.281+0000] {processor.py:758} INFO - Processing file /home/airflow/.local/lib/python3.7/site-packages/airflow/example_dags/example_branch_operator_decorator.py for tasks to queue
[2022-11-12T04:38:56.283+0000] {logging_mixin.py:117} INFO - [2022-11-12T04:38:56.283+0000] {dagbag.py:525} INFO - Filling up the DagBag from /home/airflow/.local/lib/python3.7/site-packages/airflow/example_dags/example_branch_operator_decorator.py
[2022-11-12T04:38:56.367+0000] {processor.py:768} INFO - DAG(s) dict_keys(['example_branch_python_operator_decorator']) retrieved from /home/airflow/.local/lib/python3.7/site-packages/airflow/example_dags/example_branch_operator_decorator.py
[2022-11-12T04:38:56.615+0000] {logging_mixin.py:117} INFO - [2022-11-12T04:38:56.615+0000] {dag.py:2573} INFO - Sync 1 DAGs
[2022-11-12T04:38:56.665+0000] {logging_mixin.py:117} INFO - [2022-11-12T04:38:56.665+0000] {dag.py:3328} INFO - Setting next_dagrun for example_branch_python_operator_decorator to 2022-11-11T00:00:00+00:00, run_after=2022-11-12T00:00:00+00:00
[2022-11-12T04:38:56.708+0000] {processor.py:178} INFO - Processing /home/airflow/.local/lib/python3.7/site-packages/airflow/example_dags/example_branch_operator_decorator.py took 0.442 seconds
[2022-11-12T06:17:41.599+0000] {processor.py:156} INFO - Started process (PID=14989) to work on /home/airflow/.local/lib/python3.7/site-packages/airflow/example_dags/example_branch_operator_decorator.py
[2022-11-12T06:17:41.603+0000] {processor.py:758} INFO - Processing file /home/airflow/.local/lib/python3.7/site-packages/airflow/example_dags/example_branch_operator_decorator.py for tasks to queue
[2022-11-12T06:17:41.607+0000] {logging_mixin.py:117} INFO - [2022-11-12T06:17:41.607+0000] {dagbag.py:525} INFO - Filling up the DagBag from /home/airflow/.local/lib/python3.7/site-packages/airflow/example_dags/example_branch_operator_decorator.py
[2022-11-12T06:17:41.709+0000] {processor.py:768} INFO - DAG(s) dict_keys(['example_branch_python_operator_decorator']) retrieved from /home/airflow/.local/lib/python3.7/site-packages/airflow/example_dags/example_branch_operator_decorator.py
[2022-11-12T06:17:42.022+0000] {logging_mixin.py:117} INFO - [2022-11-12T06:17:42.022+0000] {dag.py:2573} INFO - Sync 1 DAGs
[2022-11-12T06:17:42.130+0000] {logging_mixin.py:117} INFO - [2022-11-12T06:17:42.130+0000] {dag.py:3328} INFO - Setting next_dagrun for example_branch_python_operator_decorator to 2022-11-11T00:00:00+00:00, run_after=2022-11-12T00:00:00+00:00
[2022-11-12T06:17:42.189+0000] {processor.py:178} INFO - Processing /home/airflow/.local/lib/python3.7/site-packages/airflow/example_dags/example_branch_operator_decorator.py took 0.594 seconds
[2022-11-12T07:26:45.926+0000] {processor.py:156} INFO - Started process (PID=15053) to work on /home/airflow/.local/lib/python3.7/site-packages/airflow/example_dags/example_branch_operator_decorator.py
[2022-11-12T07:26:45.932+0000] {processor.py:758} INFO - Processing file /home/airflow/.local/lib/python3.7/site-packages/airflow/example_dags/example_branch_operator_decorator.py for tasks to queue
[2022-11-12T07:26:45.934+0000] {logging_mixin.py:117} INFO - [2022-11-12T07:26:45.934+0000] {dagbag.py:525} INFO - Filling up the DagBag from /home/airflow/.local/lib/python3.7/site-packages/airflow/example_dags/example_branch_operator_decorator.py
[2022-11-12T07:26:45.984+0000] {processor.py:768} INFO - DAG(s) dict_keys(['example_branch_python_operator_decorator']) retrieved from /home/airflow/.local/lib/python3.7/site-packages/airflow/example_dags/example_branch_operator_decorator.py
[2022-11-12T07:26:46.068+0000] {logging_mixin.py:117} INFO - [2022-11-12T07:26:46.068+0000] {dag.py:2573} INFO - Sync 1 DAGs
[2022-11-12T07:26:46.117+0000] {logging_mixin.py:117} INFO - [2022-11-12T07:26:46.117+0000] {dag.py:3328} INFO - Setting next_dagrun for example_branch_python_operator_decorator to 2022-11-11T00:00:00+00:00, run_after=2022-11-12T00:00:00+00:00
[2022-11-12T07:26:46.147+0000] {processor.py:178} INFO - Processing /home/airflow/.local/lib/python3.7/site-packages/airflow/example_dags/example_branch_operator_decorator.py took 0.225 seconds
[2022-11-12T08:48:53.974+0000] {processor.py:156} INFO - Started process (PID=15115) to work on /home/airflow/.local/lib/python3.7/site-packages/airflow/example_dags/example_branch_operator_decorator.py
[2022-11-12T08:48:53.982+0000] {processor.py:758} INFO - Processing file /home/airflow/.local/lib/python3.7/site-packages/airflow/example_dags/example_branch_operator_decorator.py for tasks to queue
[2022-11-12T08:48:53.991+0000] {logging_mixin.py:117} INFO - [2022-11-12T08:48:53.991+0000] {dagbag.py:525} INFO - Filling up the DagBag from /home/airflow/.local/lib/python3.7/site-packages/airflow/example_dags/example_branch_operator_decorator.py
[2022-11-12T08:48:54.074+0000] {processor.py:768} INFO - DAG(s) dict_keys(['example_branch_python_operator_decorator']) retrieved from /home/airflow/.local/lib/python3.7/site-packages/airflow/example_dags/example_branch_operator_decorator.py
[2022-11-12T08:48:54.242+0000] {logging_mixin.py:117} INFO - [2022-11-12T08:48:54.241+0000] {dag.py:2573} INFO - Sync 1 DAGs
[2022-11-12T08:48:54.362+0000] {logging_mixin.py:117} INFO - [2022-11-12T08:48:54.361+0000] {dag.py:3328} INFO - Setting next_dagrun for example_branch_python_operator_decorator to 2022-11-11T00:00:00+00:00, run_after=2022-11-12T00:00:00+00:00
[2022-11-12T08:48:54.414+0000] {processor.py:178} INFO - Processing /home/airflow/.local/lib/python3.7/site-packages/airflow/example_dags/example_branch_operator_decorator.py took 0.466 seconds
[2022-11-12T09:40:05.151+0000] {processor.py:156} INFO - Started process (PID=15170) to work on /home/airflow/.local/lib/python3.7/site-packages/airflow/example_dags/example_branch_operator_decorator.py
[2022-11-12T09:40:05.158+0000] {processor.py:758} INFO - Processing file /home/airflow/.local/lib/python3.7/site-packages/airflow/example_dags/example_branch_operator_decorator.py for tasks to queue
[2022-11-12T09:40:05.163+0000] {logging_mixin.py:117} INFO - [2022-11-12T09:40:05.162+0000] {dagbag.py:525} INFO - Filling up the DagBag from /home/airflow/.local/lib/python3.7/site-packages/airflow/example_dags/example_branch_operator_decorator.py
[2022-11-12T09:40:05.225+0000] {processor.py:768} INFO - DAG(s) dict_keys(['example_branch_python_operator_decorator']) retrieved from /home/airflow/.local/lib/python3.7/site-packages/airflow/example_dags/example_branch_operator_decorator.py
[2022-11-12T09:40:05.306+0000] {logging_mixin.py:117} INFO - [2022-11-12T09:40:05.306+0000] {dag.py:2573} INFO - Sync 1 DAGs
[2022-11-12T09:40:05.360+0000] {logging_mixin.py:117} INFO - [2022-11-12T09:40:05.359+0000] {dag.py:3328} INFO - Setting next_dagrun for example_branch_python_operator_decorator to 2022-11-11T00:00:00+00:00, run_after=2022-11-12T00:00:00+00:00
[2022-11-12T09:40:05.393+0000] {processor.py:178} INFO - Processing /home/airflow/.local/lib/python3.7/site-packages/airflow/example_dags/example_branch_operator_decorator.py took 0.262 seconds
[2022-11-12T11:02:40.719+0000] {processor.py:156} INFO - Started process (PID=15225) to work on /home/airflow/.local/lib/python3.7/site-packages/airflow/example_dags/example_branch_operator_decorator.py
[2022-11-12T11:02:40.734+0000] {processor.py:758} INFO - Processing file /home/airflow/.local/lib/python3.7/site-packages/airflow/example_dags/example_branch_operator_decorator.py for tasks to queue
[2022-11-12T11:02:40.738+0000] {logging_mixin.py:117} INFO - [2022-11-12T11:02:40.737+0000] {dagbag.py:525} INFO - Filling up the DagBag from /home/airflow/.local/lib/python3.7/site-packages/airflow/example_dags/example_branch_operator_decorator.py
[2022-11-12T11:02:40.799+0000] {processor.py:768} INFO - DAG(s) dict_keys(['example_branch_python_operator_decorator']) retrieved from /home/airflow/.local/lib/python3.7/site-packages/airflow/example_dags/example_branch_operator_decorator.py
[2022-11-12T11:02:41.149+0000] {logging_mixin.py:117} INFO - [2022-11-12T11:02:41.149+0000] {dag.py:2573} INFO - Sync 1 DAGs
[2022-11-12T11:02:41.241+0000] {logging_mixin.py:117} INFO - [2022-11-12T11:02:41.239+0000] {dag.py:3328} INFO - Setting next_dagrun for example_branch_python_operator_decorator to 2022-11-11T00:00:00+00:00, run_after=2022-11-12T00:00:00+00:00
[2022-11-12T11:02:41.308+0000] {processor.py:178} INFO - Processing /home/airflow/.local/lib/python3.7/site-packages/airflow/example_dags/example_branch_operator_decorator.py took 0.593 seconds
[2022-11-12T12:39:41.302+0000] {processor.py:156} INFO - Started process (PID=15280) to work on /home/airflow/.local/lib/python3.7/site-packages/airflow/example_dags/example_branch_operator_decorator.py
[2022-11-12T12:39:41.320+0000] {processor.py:758} INFO - Processing file /home/airflow/.local/lib/python3.7/site-packages/airflow/example_dags/example_branch_operator_decorator.py for tasks to queue
[2022-11-12T12:39:41.327+0000] {logging_mixin.py:117} INFO - [2022-11-12T12:39:41.327+0000] {dagbag.py:525} INFO - Filling up the DagBag from /home/airflow/.local/lib/python3.7/site-packages/airflow/example_dags/example_branch_operator_decorator.py
[2022-11-12T12:39:41.458+0000] {processor.py:768} INFO - DAG(s) dict_keys(['example_branch_python_operator_decorator']) retrieved from /home/airflow/.local/lib/python3.7/site-packages/airflow/example_dags/example_branch_operator_decorator.py
[2022-11-12T12:39:41.689+0000] {logging_mixin.py:117} INFO - [2022-11-12T12:39:41.688+0000] {dag.py:2573} INFO - Sync 1 DAGs
[2022-11-12T12:39:41.812+0000] {logging_mixin.py:117} INFO - [2022-11-12T12:39:41.811+0000] {dag.py:3328} INFO - Setting next_dagrun for example_branch_python_operator_decorator to 2022-11-11T00:00:00+00:00, run_after=2022-11-12T00:00:00+00:00
[2022-11-12T12:39:41.933+0000] {processor.py:178} INFO - Processing /home/airflow/.local/lib/python3.7/site-packages/airflow/example_dags/example_branch_operator_decorator.py took 0.636 seconds
[2022-11-12T14:03:43.508+0000] {processor.py:156} INFO - Started process (PID=15334) to work on /home/airflow/.local/lib/python3.7/site-packages/airflow/example_dags/example_branch_operator_decorator.py
[2022-11-12T14:03:43.510+0000] {processor.py:758} INFO - Processing file /home/airflow/.local/lib/python3.7/site-packages/airflow/example_dags/example_branch_operator_decorator.py for tasks to queue
[2022-11-12T14:03:43.511+0000] {logging_mixin.py:117} INFO - [2022-11-12T14:03:43.511+0000] {dagbag.py:525} INFO - Filling up the DagBag from /home/airflow/.local/lib/python3.7/site-packages/airflow/example_dags/example_branch_operator_decorator.py
[2022-11-12T14:03:43.530+0000] {processor.py:768} INFO - DAG(s) dict_keys(['example_branch_python_operator_decorator']) retrieved from /home/airflow/.local/lib/python3.7/site-packages/airflow/example_dags/example_branch_operator_decorator.py
[2022-11-12T14:03:43.562+0000] {logging_mixin.py:117} INFO - [2022-11-12T14:03:43.562+0000] {dag.py:2573} INFO - Sync 1 DAGs
[2022-11-12T14:03:43.578+0000] {logging_mixin.py:117} INFO - [2022-11-12T14:03:43.578+0000] {dag.py:3328} INFO - Setting next_dagrun for example_branch_python_operator_decorator to 2022-11-11T00:00:00+00:00, run_after=2022-11-12T00:00:00+00:00
[2022-11-12T14:03:43.589+0000] {processor.py:178} INFO - Processing /home/airflow/.local/lib/python3.7/site-packages/airflow/example_dags/example_branch_operator_decorator.py took 0.083 seconds
[2022-11-12T15:28:42.213+0000] {processor.py:156} INFO - Started process (PID=15399) to work on /home/airflow/.local/lib/python3.7/site-packages/airflow/example_dags/example_branch_operator_decorator.py
[2022-11-12T15:28:42.215+0000] {processor.py:758} INFO - Processing file /home/airflow/.local/lib/python3.7/site-packages/airflow/example_dags/example_branch_operator_decorator.py for tasks to queue
[2022-11-12T15:28:42.217+0000] {logging_mixin.py:117} INFO - [2022-11-12T15:28:42.217+0000] {dagbag.py:525} INFO - Filling up the DagBag from /home/airflow/.local/lib/python3.7/site-packages/airflow/example_dags/example_branch_operator_decorator.py
[2022-11-12T15:28:42.248+0000] {processor.py:768} INFO - DAG(s) dict_keys(['example_branch_python_operator_decorator']) retrieved from /home/airflow/.local/lib/python3.7/site-packages/airflow/example_dags/example_branch_operator_decorator.py
[2022-11-12T15:28:42.286+0000] {logging_mixin.py:117} INFO - [2022-11-12T15:28:42.285+0000] {dag.py:2573} INFO - Sync 1 DAGs
[2022-11-12T15:28:42.312+0000] {logging_mixin.py:117} INFO - [2022-11-12T15:28:42.312+0000] {dag.py:3328} INFO - Setting next_dagrun for example_branch_python_operator_decorator to 2022-11-11T00:00:00+00:00, run_after=2022-11-12T00:00:00+00:00
[2022-11-12T15:28:42.331+0000] {processor.py:178} INFO - Processing /home/airflow/.local/lib/python3.7/site-packages/airflow/example_dags/example_branch_operator_decorator.py took 0.121 seconds
[2022-11-12T16:51:20.677+0000] {processor.py:156} INFO - Started process (PID=15455) to work on /home/airflow/.local/lib/python3.7/site-packages/airflow/example_dags/example_branch_operator_decorator.py
[2022-11-12T16:51:20.684+0000] {processor.py:758} INFO - Processing file /home/airflow/.local/lib/python3.7/site-packages/airflow/example_dags/example_branch_operator_decorator.py for tasks to queue
[2022-11-12T16:51:20.729+0000] {logging_mixin.py:117} INFO - [2022-11-12T16:51:20.728+0000] {dagbag.py:525} INFO - Filling up the DagBag from /home/airflow/.local/lib/python3.7/site-packages/airflow/example_dags/example_branch_operator_decorator.py
[2022-11-12T16:51:20.945+0000] {processor.py:768} INFO - DAG(s) dict_keys(['example_branch_python_operator_decorator']) retrieved from /home/airflow/.local/lib/python3.7/site-packages/airflow/example_dags/example_branch_operator_decorator.py
[2022-11-12T16:51:21.222+0000] {logging_mixin.py:117} INFO - [2022-11-12T16:51:21.219+0000] {dag.py:2573} INFO - Sync 1 DAGs
[2022-11-12T16:51:21.457+0000] {logging_mixin.py:117} INFO - [2022-11-12T16:51:21.457+0000] {dag.py:3328} INFO - Setting next_dagrun for example_branch_python_operator_decorator to 2022-11-11T00:00:00+00:00, run_after=2022-11-12T00:00:00+00:00
[2022-11-12T16:51:21.511+0000] {processor.py:178} INFO - Processing /home/airflow/.local/lib/python3.7/site-packages/airflow/example_dags/example_branch_operator_decorator.py took 0.841 seconds
[2022-11-12T18:32:36.481+0000] {processor.py:156} INFO - Started process (PID=15519) to work on /home/airflow/.local/lib/python3.7/site-packages/airflow/example_dags/example_branch_operator_decorator.py
[2022-11-12T18:32:36.488+0000] {processor.py:758} INFO - Processing file /home/airflow/.local/lib/python3.7/site-packages/airflow/example_dags/example_branch_operator_decorator.py for tasks to queue
[2022-11-12T18:32:36.494+0000] {logging_mixin.py:117} INFO - [2022-11-12T18:32:36.494+0000] {dagbag.py:525} INFO - Filling up the DagBag from /home/airflow/.local/lib/python3.7/site-packages/airflow/example_dags/example_branch_operator_decorator.py
[2022-11-12T18:32:36.560+0000] {processor.py:768} INFO - DAG(s) dict_keys(['example_branch_python_operator_decorator']) retrieved from /home/airflow/.local/lib/python3.7/site-packages/airflow/example_dags/example_branch_operator_decorator.py
[2022-11-12T18:32:36.702+0000] {logging_mixin.py:117} INFO - [2022-11-12T18:32:36.702+0000] {dag.py:2573} INFO - Sync 1 DAGs
[2022-11-12T18:32:36.745+0000] {logging_mixin.py:117} INFO - [2022-11-12T18:32:36.745+0000] {dag.py:3328} INFO - Setting next_dagrun for example_branch_python_operator_decorator to 2022-11-11T00:00:00+00:00, run_after=2022-11-12T00:00:00+00:00
[2022-11-12T18:32:36.775+0000] {processor.py:178} INFO - Processing /home/airflow/.local/lib/python3.7/site-packages/airflow/example_dags/example_branch_operator_decorator.py took 0.297 seconds
[2022-11-12T19:24:27.863+0000] {processor.py:156} INFO - Started process (PID=15575) to work on /home/airflow/.local/lib/python3.7/site-packages/airflow/example_dags/example_branch_operator_decorator.py
[2022-11-12T19:24:27.867+0000] {processor.py:758} INFO - Processing file /home/airflow/.local/lib/python3.7/site-packages/airflow/example_dags/example_branch_operator_decorator.py for tasks to queue
[2022-11-12T19:24:27.870+0000] {logging_mixin.py:117} INFO - [2022-11-12T19:24:27.870+0000] {dagbag.py:525} INFO - Filling up the DagBag from /home/airflow/.local/lib/python3.7/site-packages/airflow/example_dags/example_branch_operator_decorator.py
[2022-11-12T19:24:27.938+0000] {processor.py:768} INFO - DAG(s) dict_keys(['example_branch_python_operator_decorator']) retrieved from /home/airflow/.local/lib/python3.7/site-packages/airflow/example_dags/example_branch_operator_decorator.py
[2022-11-12T19:24:28.028+0000] {logging_mixin.py:117} INFO - [2022-11-12T19:24:28.028+0000] {dag.py:2573} INFO - Sync 1 DAGs
[2022-11-12T19:24:28.085+0000] {logging_mixin.py:117} INFO - [2022-11-12T19:24:28.084+0000] {dag.py:3328} INFO - Setting next_dagrun for example_branch_python_operator_decorator to 2022-11-11T00:00:00+00:00, run_after=2022-11-12T00:00:00+00:00
[2022-11-12T19:24:28.134+0000] {processor.py:178} INFO - Processing /home/airflow/.local/lib/python3.7/site-packages/airflow/example_dags/example_branch_operator_decorator.py took 0.281 seconds
