[2022-11-12T00:30:46.806+0000] {processor.py:156} INFO - Started process (PID=14755) to work on /home/airflow/.local/lib/python3.7/site-packages/airflow/example_dags/example_short_circuit_decorator.py
[2022-11-12T00:30:46.819+0000] {processor.py:758} INFO - Processing file /home/airflow/.local/lib/python3.7/site-packages/airflow/example_dags/example_short_circuit_decorator.py for tasks to queue
[2022-11-12T00:30:46.822+0000] {logging_mixin.py:117} INFO - [2022-11-12T00:30:46.822+0000] {dagbag.py:525} INFO - Filling up the DagBag from /home/airflow/.local/lib/python3.7/site-packages/airflow/example_dags/example_short_circuit_decorator.py
[2022-11-12T00:30:46.857+0000] {processor.py:768} INFO - DAG(s) dict_keys(['example_short_circuit_decorator']) retrieved from /home/airflow/.local/lib/python3.7/site-packages/airflow/example_dags/example_short_circuit_decorator.py
[2022-11-12T00:30:46.903+0000] {logging_mixin.py:117} INFO - [2022-11-12T00:30:46.903+0000] {dag.py:2573} INFO - Sync 1 DAGs
[2022-11-12T00:30:46.925+0000] {logging_mixin.py:117} INFO - [2022-11-12T00:30:46.925+0000] {dag.py:3328} INFO - Setting next_dagrun for example_short_circuit_decorator to 2022-11-11T00:30:46.923611+00:00, run_after=2022-11-12T00:30:46.923611+00:00
[2022-11-12T00:30:46.940+0000] {processor.py:178} INFO - Processing /home/airflow/.local/lib/python3.7/site-packages/airflow/example_dags/example_short_circuit_decorator.py took 0.136 seconds
[2022-11-12T01:50:06.732+0000] {processor.py:156} INFO - Started process (PID=14811) to work on /home/airflow/.local/lib/python3.7/site-packages/airflow/example_dags/example_short_circuit_decorator.py
[2022-11-12T01:50:06.737+0000] {processor.py:758} INFO - Processing file /home/airflow/.local/lib/python3.7/site-packages/airflow/example_dags/example_short_circuit_decorator.py for tasks to queue
[2022-11-12T01:50:06.742+0000] {logging_mixin.py:117} INFO - [2022-11-12T01:50:06.742+0000] {dagbag.py:525} INFO - Filling up the DagBag from /home/airflow/.local/lib/python3.7/site-packages/airflow/example_dags/example_short_circuit_decorator.py
[2022-11-12T01:50:06.844+0000] {processor.py:768} INFO - DAG(s) dict_keys(['example_short_circuit_decorator']) retrieved from /home/airflow/.local/lib/python3.7/site-packages/airflow/example_dags/example_short_circuit_decorator.py
[2022-11-12T01:50:06.998+0000] {logging_mixin.py:117} INFO - [2022-11-12T01:50:06.997+0000] {dag.py:2573} INFO - Sync 1 DAGs
[2022-11-12T01:50:07.052+0000] {logging_mixin.py:117} INFO - [2022-11-12T01:50:07.052+0000] {dag.py:3328} INFO - Setting next_dagrun for example_short_circuit_decorator to 2022-11-11T01:50:07.051413+00:00, run_after=2022-11-12T01:50:07.051413+00:00
[2022-11-12T01:50:07.203+0000] {processor.py:178} INFO - Processing /home/airflow/.local/lib/python3.7/site-packages/airflow/example_dags/example_short_circuit_decorator.py took 0.511 seconds
[2022-11-12T03:17:08.976+0000] {processor.py:156} INFO - Started process (PID=14865) to work on /home/airflow/.local/lib/python3.7/site-packages/airflow/example_dags/example_short_circuit_decorator.py
[2022-11-12T03:17:08.978+0000] {processor.py:758} INFO - Processing file /home/airflow/.local/lib/python3.7/site-packages/airflow/example_dags/example_short_circuit_decorator.py for tasks to queue
[2022-11-12T03:17:08.980+0000] {logging_mixin.py:117} INFO - [2022-11-12T03:17:08.980+0000] {dagbag.py:525} INFO - Filling up the DagBag from /home/airflow/.local/lib/python3.7/site-packages/airflow/example_dags/example_short_circuit_decorator.py
[2022-11-12T03:17:08.998+0000] {processor.py:768} INFO - DAG(s) dict_keys(['example_short_circuit_decorator']) retrieved from /home/airflow/.local/lib/python3.7/site-packages/airflow/example_dags/example_short_circuit_decorator.py
[2022-11-12T03:17:09.068+0000] {logging_mixin.py:117} INFO - [2022-11-12T03:17:09.068+0000] {dag.py:2573} INFO - Sync 1 DAGs
[2022-11-12T03:17:09.102+0000] {logging_mixin.py:117} INFO - [2022-11-12T03:17:09.102+0000] {dag.py:3328} INFO - Setting next_dagrun for example_short_circuit_decorator to 2022-11-11T03:17:09.102351+00:00, run_after=2022-11-12T03:17:09.102351+00:00
[2022-11-12T03:17:09.117+0000] {processor.py:178} INFO - Processing /home/airflow/.local/lib/python3.7/site-packages/airflow/example_dags/example_short_circuit_decorator.py took 0.144 seconds
[2022-11-12T04:38:54.032+0000] {processor.py:156} INFO - Started process (PID=14928) to work on /home/airflow/.local/lib/python3.7/site-packages/airflow/example_dags/example_short_circuit_decorator.py
[2022-11-12T04:38:54.045+0000] {processor.py:758} INFO - Processing file /home/airflow/.local/lib/python3.7/site-packages/airflow/example_dags/example_short_circuit_decorator.py for tasks to queue
[2022-11-12T04:38:54.048+0000] {logging_mixin.py:117} INFO - [2022-11-12T04:38:54.048+0000] {dagbag.py:525} INFO - Filling up the DagBag from /home/airflow/.local/lib/python3.7/site-packages/airflow/example_dags/example_short_circuit_decorator.py
[2022-11-12T04:38:54.087+0000] {processor.py:768} INFO - DAG(s) dict_keys(['example_short_circuit_decorator']) retrieved from /home/airflow/.local/lib/python3.7/site-packages/airflow/example_dags/example_short_circuit_decorator.py
[2022-11-12T04:38:54.460+0000] {logging_mixin.py:117} INFO - [2022-11-12T04:38:54.460+0000] {dag.py:2573} INFO - Sync 1 DAGs
[2022-11-12T04:38:54.511+0000] {logging_mixin.py:117} INFO - [2022-11-12T04:38:54.511+0000] {dag.py:3328} INFO - Setting next_dagrun for example_short_circuit_decorator to 2022-11-11T04:38:54.511420+00:00, run_after=2022-11-12T04:38:54.511420+00:00
[2022-11-12T04:38:54.567+0000] {processor.py:178} INFO - Processing /home/airflow/.local/lib/python3.7/site-packages/airflow/example_dags/example_short_circuit_decorator.py took 0.540 seconds
[2022-11-12T06:17:39.340+0000] {processor.py:156} INFO - Started process (PID=14983) to work on /home/airflow/.local/lib/python3.7/site-packages/airflow/example_dags/example_short_circuit_decorator.py
[2022-11-12T06:17:39.342+0000] {processor.py:758} INFO - Processing file /home/airflow/.local/lib/python3.7/site-packages/airflow/example_dags/example_short_circuit_decorator.py for tasks to queue
[2022-11-12T06:17:39.343+0000] {logging_mixin.py:117} INFO - [2022-11-12T06:17:39.343+0000] {dagbag.py:525} INFO - Filling up the DagBag from /home/airflow/.local/lib/python3.7/site-packages/airflow/example_dags/example_short_circuit_decorator.py
[2022-11-12T06:17:39.371+0000] {processor.py:768} INFO - DAG(s) dict_keys(['example_short_circuit_decorator']) retrieved from /home/airflow/.local/lib/python3.7/site-packages/airflow/example_dags/example_short_circuit_decorator.py
[2022-11-12T06:17:39.416+0000] {logging_mixin.py:117} INFO - [2022-11-12T06:17:39.415+0000] {dag.py:2573} INFO - Sync 1 DAGs
[2022-11-12T06:17:39.780+0000] {logging_mixin.py:117} INFO - [2022-11-12T06:17:39.779+0000] {dag.py:3328} INFO - Setting next_dagrun for example_short_circuit_decorator to 2022-11-11T06:17:39.779643+00:00, run_after=2022-11-12T06:17:39.779643+00:00
[2022-11-12T06:17:39.861+0000] {processor.py:178} INFO - Processing /home/airflow/.local/lib/python3.7/site-packages/airflow/example_dags/example_short_circuit_decorator.py took 0.523 seconds
[2022-11-12T07:26:45.124+0000] {processor.py:156} INFO - Started process (PID=15047) to work on /home/airflow/.local/lib/python3.7/site-packages/airflow/example_dags/example_short_circuit_decorator.py
[2022-11-12T07:26:45.127+0000] {processor.py:758} INFO - Processing file /home/airflow/.local/lib/python3.7/site-packages/airflow/example_dags/example_short_circuit_decorator.py for tasks to queue
[2022-11-12T07:26:45.130+0000] {logging_mixin.py:117} INFO - [2022-11-12T07:26:45.129+0000] {dagbag.py:525} INFO - Filling up the DagBag from /home/airflow/.local/lib/python3.7/site-packages/airflow/example_dags/example_short_circuit_decorator.py
[2022-11-12T07:26:45.181+0000] {processor.py:768} INFO - DAG(s) dict_keys(['example_short_circuit_decorator']) retrieved from /home/airflow/.local/lib/python3.7/site-packages/airflow/example_dags/example_short_circuit_decorator.py
[2022-11-12T07:26:45.279+0000] {logging_mixin.py:117} INFO - [2022-11-12T07:26:45.279+0000] {dag.py:2573} INFO - Sync 1 DAGs
[2022-11-12T07:26:45.323+0000] {logging_mixin.py:117} INFO - [2022-11-12T07:26:45.322+0000] {dag.py:3328} INFO - Setting next_dagrun for example_short_circuit_decorator to 2022-11-11T07:26:45.322426+00:00, run_after=2022-11-12T07:26:45.322426+00:00
[2022-11-12T07:26:45.363+0000] {processor.py:178} INFO - Processing /home/airflow/.local/lib/python3.7/site-packages/airflow/example_dags/example_short_circuit_decorator.py took 0.243 seconds
[2022-11-12T08:48:51.298+0000] {processor.py:156} INFO - Started process (PID=15101) to work on /home/airflow/.local/lib/python3.7/site-packages/airflow/example_dags/example_short_circuit_decorator.py
[2022-11-12T08:48:51.304+0000] {processor.py:758} INFO - Processing file /home/airflow/.local/lib/python3.7/site-packages/airflow/example_dags/example_short_circuit_decorator.py for tasks to queue
[2022-11-12T08:48:51.308+0000] {logging_mixin.py:117} INFO - [2022-11-12T08:48:51.308+0000] {dagbag.py:525} INFO - Filling up the DagBag from /home/airflow/.local/lib/python3.7/site-packages/airflow/example_dags/example_short_circuit_decorator.py
[2022-11-12T08:48:51.379+0000] {processor.py:768} INFO - DAG(s) dict_keys(['example_short_circuit_decorator']) retrieved from /home/airflow/.local/lib/python3.7/site-packages/airflow/example_dags/example_short_circuit_decorator.py
[2022-11-12T08:48:52.105+0000] {logging_mixin.py:117} INFO - [2022-11-12T08:48:52.105+0000] {dag.py:2573} INFO - Sync 1 DAGs
[2022-11-12T08:48:52.163+0000] {logging_mixin.py:117} INFO - [2022-11-12T08:48:52.163+0000] {dag.py:3328} INFO - Setting next_dagrun for example_short_circuit_decorator to 2022-11-11T08:48:52.162501+00:00, run_after=2022-11-12T08:48:52.162501+00:00
[2022-11-12T08:48:52.245+0000] {processor.py:178} INFO - Processing /home/airflow/.local/lib/python3.7/site-packages/airflow/example_dags/example_short_circuit_decorator.py took 0.955 seconds
[2022-11-12T09:40:04.002+0000] {processor.py:156} INFO - Started process (PID=15164) to work on /home/airflow/.local/lib/python3.7/site-packages/airflow/example_dags/example_short_circuit_decorator.py
[2022-11-12T09:40:04.005+0000] {processor.py:758} INFO - Processing file /home/airflow/.local/lib/python3.7/site-packages/airflow/example_dags/example_short_circuit_decorator.py for tasks to queue
[2022-11-12T09:40:04.007+0000] {logging_mixin.py:117} INFO - [2022-11-12T09:40:04.007+0000] {dagbag.py:525} INFO - Filling up the DagBag from /home/airflow/.local/lib/python3.7/site-packages/airflow/example_dags/example_short_circuit_decorator.py
[2022-11-12T09:40:04.056+0000] {processor.py:768} INFO - DAG(s) dict_keys(['example_short_circuit_decorator']) retrieved from /home/airflow/.local/lib/python3.7/site-packages/airflow/example_dags/example_short_circuit_decorator.py
[2022-11-12T09:40:04.135+0000] {logging_mixin.py:117} INFO - [2022-11-12T09:40:04.134+0000] {dag.py:2573} INFO - Sync 1 DAGs
[2022-11-12T09:40:04.180+0000] {logging_mixin.py:117} INFO - [2022-11-12T09:40:04.180+0000] {dag.py:3328} INFO - Setting next_dagrun for example_short_circuit_decorator to 2022-11-11T09:40:04.179751+00:00, run_after=2022-11-12T09:40:04.179751+00:00
[2022-11-12T09:40:04.225+0000] {processor.py:178} INFO - Processing /home/airflow/.local/lib/python3.7/site-packages/airflow/example_dags/example_short_circuit_decorator.py took 0.227 seconds
[2022-11-12T11:02:39.496+0000] {processor.py:156} INFO - Started process (PID=15219) to work on /home/airflow/.local/lib/python3.7/site-packages/airflow/example_dags/example_short_circuit_decorator.py
[2022-11-12T11:02:39.500+0000] {processor.py:758} INFO - Processing file /home/airflow/.local/lib/python3.7/site-packages/airflow/example_dags/example_short_circuit_decorator.py for tasks to queue
[2022-11-12T11:02:39.506+0000] {logging_mixin.py:117} INFO - [2022-11-12T11:02:39.506+0000] {dagbag.py:525} INFO - Filling up the DagBag from /home/airflow/.local/lib/python3.7/site-packages/airflow/example_dags/example_short_circuit_decorator.py
[2022-11-12T11:02:39.571+0000] {processor.py:768} INFO - DAG(s) dict_keys(['example_short_circuit_decorator']) retrieved from /home/airflow/.local/lib/python3.7/site-packages/airflow/example_dags/example_short_circuit_decorator.py
[2022-11-12T11:02:39.650+0000] {logging_mixin.py:117} INFO - [2022-11-12T11:02:39.649+0000] {dag.py:2573} INFO - Sync 1 DAGs
[2022-11-12T11:02:39.715+0000] {logging_mixin.py:117} INFO - [2022-11-12T11:02:39.714+0000] {dag.py:3328} INFO - Setting next_dagrun for example_short_circuit_decorator to 2022-11-11T11:02:39.714551+00:00, run_after=2022-11-12T11:02:39.714551+00:00
[2022-11-12T11:02:39.777+0000] {processor.py:178} INFO - Processing /home/airflow/.local/lib/python3.7/site-packages/airflow/example_dags/example_short_circuit_decorator.py took 0.284 seconds
[2022-11-12T12:39:38.166+0000] {processor.py:156} INFO - Started process (PID=15274) to work on /home/airflow/.local/lib/python3.7/site-packages/airflow/example_dags/example_short_circuit_decorator.py
[2022-11-12T12:39:38.171+0000] {processor.py:758} INFO - Processing file /home/airflow/.local/lib/python3.7/site-packages/airflow/example_dags/example_short_circuit_decorator.py for tasks to queue
[2022-11-12T12:39:38.175+0000] {logging_mixin.py:117} INFO - [2022-11-12T12:39:38.175+0000] {dagbag.py:525} INFO - Filling up the DagBag from /home/airflow/.local/lib/python3.7/site-packages/airflow/example_dags/example_short_circuit_decorator.py
[2022-11-12T12:39:38.259+0000] {processor.py:768} INFO - DAG(s) dict_keys(['example_short_circuit_decorator']) retrieved from /home/airflow/.local/lib/python3.7/site-packages/airflow/example_dags/example_short_circuit_decorator.py
[2022-11-12T12:39:38.446+0000] {logging_mixin.py:117} INFO - [2022-11-12T12:39:38.444+0000] {dag.py:2573} INFO - Sync 1 DAGs
[2022-11-12T12:39:38.726+0000] {logging_mixin.py:117} INFO - [2022-11-12T12:39:38.726+0000] {dag.py:3328} INFO - Setting next_dagrun for example_short_circuit_decorator to 2022-11-11T12:39:38.725011+00:00, run_after=2022-11-12T12:39:38.725011+00:00
[2022-11-12T12:39:38.899+0000] {processor.py:178} INFO - Processing /home/airflow/.local/lib/python3.7/site-packages/airflow/example_dags/example_short_circuit_decorator.py took 0.755 seconds
[2022-11-12T14:03:43.232+0000] {processor.py:156} INFO - Started process (PID=15328) to work on /home/airflow/.local/lib/python3.7/site-packages/airflow/example_dags/example_short_circuit_decorator.py
[2022-11-12T14:03:43.234+0000] {processor.py:758} INFO - Processing file /home/airflow/.local/lib/python3.7/site-packages/airflow/example_dags/example_short_circuit_decorator.py for tasks to queue
[2022-11-12T14:03:43.235+0000] {logging_mixin.py:117} INFO - [2022-11-12T14:03:43.235+0000] {dagbag.py:525} INFO - Filling up the DagBag from /home/airflow/.local/lib/python3.7/site-packages/airflow/example_dags/example_short_circuit_decorator.py
[2022-11-12T14:03:43.250+0000] {processor.py:768} INFO - DAG(s) dict_keys(['example_short_circuit_decorator']) retrieved from /home/airflow/.local/lib/python3.7/site-packages/airflow/example_dags/example_short_circuit_decorator.py
[2022-11-12T14:03:43.276+0000] {logging_mixin.py:117} INFO - [2022-11-12T14:03:43.276+0000] {dag.py:2573} INFO - Sync 1 DAGs
[2022-11-12T14:03:43.289+0000] {logging_mixin.py:117} INFO - [2022-11-12T14:03:43.289+0000] {dag.py:3328} INFO - Setting next_dagrun for example_short_circuit_decorator to 2022-11-11T14:03:43.289483+00:00, run_after=2022-11-12T14:03:43.289483+00:00
[2022-11-12T14:03:43.299+0000] {processor.py:178} INFO - Processing /home/airflow/.local/lib/python3.7/site-packages/airflow/example_dags/example_short_circuit_decorator.py took 0.070 seconds
[2022-11-12T15:28:41.654+0000] {processor.py:156} INFO - Started process (PID=15393) to work on /home/airflow/.local/lib/python3.7/site-packages/airflow/example_dags/example_short_circuit_decorator.py
[2022-11-12T15:28:41.656+0000] {processor.py:758} INFO - Processing file /home/airflow/.local/lib/python3.7/site-packages/airflow/example_dags/example_short_circuit_decorator.py for tasks to queue
[2022-11-12T15:28:41.658+0000] {logging_mixin.py:117} INFO - [2022-11-12T15:28:41.658+0000] {dagbag.py:525} INFO - Filling up the DagBag from /home/airflow/.local/lib/python3.7/site-packages/airflow/example_dags/example_short_circuit_decorator.py
[2022-11-12T15:28:41.724+0000] {processor.py:768} INFO - DAG(s) dict_keys(['example_short_circuit_decorator']) retrieved from /home/airflow/.local/lib/python3.7/site-packages/airflow/example_dags/example_short_circuit_decorator.py
[2022-11-12T15:28:41.776+0000] {logging_mixin.py:117} INFO - [2022-11-12T15:28:41.775+0000] {dag.py:2573} INFO - Sync 1 DAGs
[2022-11-12T15:28:41.805+0000] {logging_mixin.py:117} INFO - [2022-11-12T15:28:41.804+0000] {dag.py:3328} INFO - Setting next_dagrun for example_short_circuit_decorator to 2022-11-11T15:28:41.803088+00:00, run_after=2022-11-12T15:28:41.803088+00:00
[2022-11-12T15:28:41.824+0000] {processor.py:178} INFO - Processing /home/airflow/.local/lib/python3.7/site-packages/airflow/example_dags/example_short_circuit_decorator.py took 0.174 seconds
[2022-11-12T16:51:19.262+0000] {processor.py:156} INFO - Started process (PID=15449) to work on /home/airflow/.local/lib/python3.7/site-packages/airflow/example_dags/example_short_circuit_decorator.py
[2022-11-12T16:51:19.264+0000] {processor.py:758} INFO - Processing file /home/airflow/.local/lib/python3.7/site-packages/airflow/example_dags/example_short_circuit_decorator.py for tasks to queue
[2022-11-12T16:51:19.266+0000] {logging_mixin.py:117} INFO - [2022-11-12T16:51:19.266+0000] {dagbag.py:525} INFO - Filling up the DagBag from /home/airflow/.local/lib/python3.7/site-packages/airflow/example_dags/example_short_circuit_decorator.py
[2022-11-12T16:51:19.308+0000] {processor.py:768} INFO - DAG(s) dict_keys(['example_short_circuit_decorator']) retrieved from /home/airflow/.local/lib/python3.7/site-packages/airflow/example_dags/example_short_circuit_decorator.py
[2022-11-12T16:51:19.351+0000] {logging_mixin.py:117} INFO - [2022-11-12T16:51:19.351+0000] {dag.py:2573} INFO - Sync 1 DAGs
[2022-11-12T16:51:19.398+0000] {logging_mixin.py:117} INFO - [2022-11-12T16:51:19.398+0000] {dag.py:3328} INFO - Setting next_dagrun for example_short_circuit_decorator to 2022-11-11T16:51:19.398604+00:00, run_after=2022-11-12T16:51:19.398604+00:00
[2022-11-12T16:51:19.425+0000] {processor.py:178} INFO - Processing /home/airflow/.local/lib/python3.7/site-packages/airflow/example_dags/example_short_circuit_decorator.py took 0.168 seconds
[2022-11-12T18:32:33.922+0000] {processor.py:156} INFO - Started process (PID=15513) to work on /home/airflow/.local/lib/python3.7/site-packages/airflow/example_dags/example_short_circuit_decorator.py
[2022-11-12T18:32:33.929+0000] {processor.py:758} INFO - Processing file /home/airflow/.local/lib/python3.7/site-packages/airflow/example_dags/example_short_circuit_decorator.py for tasks to queue
[2022-11-12T18:32:33.934+0000] {logging_mixin.py:117} INFO - [2022-11-12T18:32:33.933+0000] {dagbag.py:525} INFO - Filling up the DagBag from /home/airflow/.local/lib/python3.7/site-packages/airflow/example_dags/example_short_circuit_decorator.py
[2022-11-12T18:32:34.267+0000] {processor.py:768} INFO - DAG(s) dict_keys(['example_short_circuit_decorator']) retrieved from /home/airflow/.local/lib/python3.7/site-packages/airflow/example_dags/example_short_circuit_decorator.py
[2022-11-12T18:32:34.926+0000] {logging_mixin.py:117} INFO - [2022-11-12T18:32:34.926+0000] {dag.py:2573} INFO - Sync 1 DAGs
[2022-11-12T18:32:34.998+0000] {logging_mixin.py:117} INFO - [2022-11-12T18:32:34.998+0000] {dag.py:3328} INFO - Setting next_dagrun for example_short_circuit_decorator to 2022-11-11T18:32:34.997935+00:00, run_after=2022-11-12T18:32:34.997935+00:00
[2022-11-12T18:32:35.057+0000] {processor.py:178} INFO - Processing /home/airflow/.local/lib/python3.7/site-packages/airflow/example_dags/example_short_circuit_decorator.py took 1.146 seconds
[2022-11-12T19:24:26.839+0000] {processor.py:156} INFO - Started process (PID=15569) to work on /home/airflow/.local/lib/python3.7/site-packages/airflow/example_dags/example_short_circuit_decorator.py
[2022-11-12T19:24:26.844+0000] {processor.py:758} INFO - Processing file /home/airflow/.local/lib/python3.7/site-packages/airflow/example_dags/example_short_circuit_decorator.py for tasks to queue
[2022-11-12T19:24:26.849+0000] {logging_mixin.py:117} INFO - [2022-11-12T19:24:26.848+0000] {dagbag.py:525} INFO - Filling up the DagBag from /home/airflow/.local/lib/python3.7/site-packages/airflow/example_dags/example_short_circuit_decorator.py
[2022-11-12T19:24:26.896+0000] {processor.py:768} INFO - DAG(s) dict_keys(['example_short_circuit_decorator']) retrieved from /home/airflow/.local/lib/python3.7/site-packages/airflow/example_dags/example_short_circuit_decorator.py
[2022-11-12T19:24:27.026+0000] {logging_mixin.py:117} INFO - [2022-11-12T19:24:27.025+0000] {dag.py:2573} INFO - Sync 1 DAGs
[2022-11-12T19:24:27.084+0000] {logging_mixin.py:117} INFO - [2022-11-12T19:24:27.084+0000] {dag.py:3328} INFO - Setting next_dagrun for example_short_circuit_decorator to 2022-11-11T19:24:27.084309+00:00, run_after=2022-11-12T19:24:27.084309+00:00
[2022-11-12T19:24:27.125+0000] {processor.py:178} INFO - Processing /home/airflow/.local/lib/python3.7/site-packages/airflow/example_dags/example_short_circuit_decorator.py took 0.289 seconds
