[2022-11-12T00:30:44.032+0000] {processor.py:156} INFO - Started process (PID=14740) to work on /home/airflow/.local/lib/python3.7/site-packages/airflow/example_dags/example_skip_dag.py
[2022-11-12T00:30:44.060+0000] {processor.py:758} INFO - Processing file /home/airflow/.local/lib/python3.7/site-packages/airflow/example_dags/example_skip_dag.py for tasks to queue
[2022-11-12T00:30:44.074+0000] {logging_mixin.py:117} INFO - [2022-11-12T00:30:44.074+0000] {dagbag.py:525} INFO - Filling up the DagBag from /home/airflow/.local/lib/python3.7/site-packages/airflow/example_dags/example_skip_dag.py
[2022-11-12T00:30:44.231+0000] {processor.py:768} INFO - DAG(s) dict_keys(['example_skip_dag']) retrieved from /home/airflow/.local/lib/python3.7/site-packages/airflow/example_dags/example_skip_dag.py
[2022-11-12T00:30:44.632+0000] {logging_mixin.py:117} INFO - [2022-11-12T00:30:44.632+0000] {dag.py:2573} INFO - Sync 1 DAGs
[2022-11-12T00:30:44.788+0000] {logging_mixin.py:117} INFO - [2022-11-12T00:30:44.788+0000] {dag.py:3328} INFO - Setting next_dagrun for example_skip_dag to 2022-11-11T00:30:44.787787+00:00, run_after=2022-11-12T00:30:44.787787+00:00
[2022-11-12T00:30:44.834+0000] {processor.py:178} INFO - Processing /home/airflow/.local/lib/python3.7/site-packages/airflow/example_dags/example_skip_dag.py took 0.820 seconds
[2022-11-12T01:50:05.250+0000] {processor.py:156} INFO - Started process (PID=14805) to work on /home/airflow/.local/lib/python3.7/site-packages/airflow/example_dags/example_skip_dag.py
[2022-11-12T01:50:05.262+0000] {processor.py:758} INFO - Processing file /home/airflow/.local/lib/python3.7/site-packages/airflow/example_dags/example_skip_dag.py for tasks to queue
[2022-11-12T01:50:05.275+0000] {logging_mixin.py:117} INFO - [2022-11-12T01:50:05.275+0000] {dagbag.py:525} INFO - Filling up the DagBag from /home/airflow/.local/lib/python3.7/site-packages/airflow/example_dags/example_skip_dag.py
[2022-11-12T01:50:05.380+0000] {processor.py:768} INFO - DAG(s) dict_keys(['example_skip_dag']) retrieved from /home/airflow/.local/lib/python3.7/site-packages/airflow/example_dags/example_skip_dag.py
[2022-11-12T01:50:05.503+0000] {logging_mixin.py:117} INFO - [2022-11-12T01:50:05.502+0000] {dag.py:2573} INFO - Sync 1 DAGs
[2022-11-12T01:50:05.550+0000] {logging_mixin.py:117} INFO - [2022-11-12T01:50:05.550+0000] {dag.py:3328} INFO - Setting next_dagrun for example_skip_dag to 2022-11-11T01:50:05.550674+00:00, run_after=2022-11-12T01:50:05.550674+00:00
[2022-11-12T01:50:05.588+0000] {processor.py:178} INFO - Processing /home/airflow/.local/lib/python3.7/site-packages/airflow/example_dags/example_skip_dag.py took 0.363 seconds
[2022-11-12T03:17:08.378+0000] {processor.py:156} INFO - Started process (PID=14859) to work on /home/airflow/.local/lib/python3.7/site-packages/airflow/example_dags/example_skip_dag.py
[2022-11-12T03:17:08.381+0000] {processor.py:758} INFO - Processing file /home/airflow/.local/lib/python3.7/site-packages/airflow/example_dags/example_skip_dag.py for tasks to queue
[2022-11-12T03:17:08.384+0000] {logging_mixin.py:117} INFO - [2022-11-12T03:17:08.384+0000] {dagbag.py:525} INFO - Filling up the DagBag from /home/airflow/.local/lib/python3.7/site-packages/airflow/example_dags/example_skip_dag.py
[2022-11-12T03:17:08.404+0000] {processor.py:768} INFO - DAG(s) dict_keys(['example_skip_dag']) retrieved from /home/airflow/.local/lib/python3.7/site-packages/airflow/example_dags/example_skip_dag.py
[2022-11-12T03:17:08.455+0000] {logging_mixin.py:117} INFO - [2022-11-12T03:17:08.455+0000] {dag.py:2573} INFO - Sync 1 DAGs
[2022-11-12T03:17:08.493+0000] {logging_mixin.py:117} INFO - [2022-11-12T03:17:08.493+0000] {dag.py:3328} INFO - Setting next_dagrun for example_skip_dag to 2022-11-11T03:17:08.493573+00:00, run_after=2022-11-12T03:17:08.493573+00:00
[2022-11-12T03:17:08.551+0000] {processor.py:178} INFO - Processing /home/airflow/.local/lib/python3.7/site-packages/airflow/example_dags/example_skip_dag.py took 0.178 seconds
[2022-11-12T04:38:52.736+0000] {processor.py:156} INFO - Started process (PID=14922) to work on /home/airflow/.local/lib/python3.7/site-packages/airflow/example_dags/example_skip_dag.py
[2022-11-12T04:38:52.762+0000] {processor.py:758} INFO - Processing file /home/airflow/.local/lib/python3.7/site-packages/airflow/example_dags/example_skip_dag.py for tasks to queue
[2022-11-12T04:38:52.765+0000] {logging_mixin.py:117} INFO - [2022-11-12T04:38:52.764+0000] {dagbag.py:525} INFO - Filling up the DagBag from /home/airflow/.local/lib/python3.7/site-packages/airflow/example_dags/example_skip_dag.py
[2022-11-12T04:38:52.840+0000] {processor.py:768} INFO - DAG(s) dict_keys(['example_skip_dag']) retrieved from /home/airflow/.local/lib/python3.7/site-packages/airflow/example_dags/example_skip_dag.py
[2022-11-12T04:38:53.053+0000] {logging_mixin.py:117} INFO - [2022-11-12T04:38:53.052+0000] {dag.py:2573} INFO - Sync 1 DAGs
[2022-11-12T04:38:53.154+0000] {logging_mixin.py:117} INFO - [2022-11-12T04:38:53.153+0000] {dag.py:3328} INFO - Setting next_dagrun for example_skip_dag to 2022-11-11T04:38:53.145229+00:00, run_after=2022-11-12T04:38:53.145229+00:00
[2022-11-12T04:38:53.182+0000] {processor.py:178} INFO - Processing /home/airflow/.local/lib/python3.7/site-packages/airflow/example_dags/example_skip_dag.py took 0.451 seconds
[2022-11-12T06:17:38.588+0000] {processor.py:156} INFO - Started process (PID=14977) to work on /home/airflow/.local/lib/python3.7/site-packages/airflow/example_dags/example_skip_dag.py
[2022-11-12T06:17:38.592+0000] {processor.py:758} INFO - Processing file /home/airflow/.local/lib/python3.7/site-packages/airflow/example_dags/example_skip_dag.py for tasks to queue
[2022-11-12T06:17:38.599+0000] {logging_mixin.py:117} INFO - [2022-11-12T06:17:38.598+0000] {dagbag.py:525} INFO - Filling up the DagBag from /home/airflow/.local/lib/python3.7/site-packages/airflow/example_dags/example_skip_dag.py
[2022-11-12T06:17:38.646+0000] {processor.py:768} INFO - DAG(s) dict_keys(['example_skip_dag']) retrieved from /home/airflow/.local/lib/python3.7/site-packages/airflow/example_dags/example_skip_dag.py
[2022-11-12T06:17:38.799+0000] {logging_mixin.py:117} INFO - [2022-11-12T06:17:38.799+0000] {dag.py:2573} INFO - Sync 1 DAGs
[2022-11-12T06:17:38.843+0000] {logging_mixin.py:117} INFO - [2022-11-12T06:17:38.843+0000] {dag.py:3328} INFO - Setting next_dagrun for example_skip_dag to 2022-11-11T06:17:38.842986+00:00, run_after=2022-11-12T06:17:38.842986+00:00
[2022-11-12T06:17:38.866+0000] {processor.py:178} INFO - Processing /home/airflow/.local/lib/python3.7/site-packages/airflow/example_dags/example_skip_dag.py took 0.282 seconds
[2022-11-12T07:26:42.482+0000] {processor.py:156} INFO - Started process (PID=15041) to work on /home/airflow/.local/lib/python3.7/site-packages/airflow/example_dags/example_skip_dag.py
[2022-11-12T07:26:42.509+0000] {processor.py:758} INFO - Processing file /home/airflow/.local/lib/python3.7/site-packages/airflow/example_dags/example_skip_dag.py for tasks to queue
[2022-11-12T07:26:42.512+0000] {logging_mixin.py:117} INFO - [2022-11-12T07:26:42.512+0000] {dagbag.py:525} INFO - Filling up the DagBag from /home/airflow/.local/lib/python3.7/site-packages/airflow/example_dags/example_skip_dag.py
[2022-11-12T07:26:42.666+0000] {processor.py:768} INFO - DAG(s) dict_keys(['example_skip_dag']) retrieved from /home/airflow/.local/lib/python3.7/site-packages/airflow/example_dags/example_skip_dag.py
[2022-11-12T07:26:42.899+0000] {logging_mixin.py:117} INFO - [2022-11-12T07:26:42.899+0000] {dag.py:2573} INFO - Sync 1 DAGs
[2022-11-12T07:26:43.092+0000] {logging_mixin.py:117} INFO - [2022-11-12T07:26:43.091+0000] {dag.py:3328} INFO - Setting next_dagrun for example_skip_dag to 2022-11-11T07:26:43.091520+00:00, run_after=2022-11-12T07:26:43.091520+00:00
[2022-11-12T07:26:43.150+0000] {processor.py:178} INFO - Processing /home/airflow/.local/lib/python3.7/site-packages/airflow/example_dags/example_skip_dag.py took 0.692 seconds
[2022-11-12T08:48:49.911+0000] {processor.py:156} INFO - Started process (PID=15095) to work on /home/airflow/.local/lib/python3.7/site-packages/airflow/example_dags/example_skip_dag.py
[2022-11-12T08:48:49.917+0000] {processor.py:758} INFO - Processing file /home/airflow/.local/lib/python3.7/site-packages/airflow/example_dags/example_skip_dag.py for tasks to queue
[2022-11-12T08:48:49.920+0000] {logging_mixin.py:117} INFO - [2022-11-12T08:48:49.920+0000] {dagbag.py:525} INFO - Filling up the DagBag from /home/airflow/.local/lib/python3.7/site-packages/airflow/example_dags/example_skip_dag.py
[2022-11-12T08:48:49.959+0000] {processor.py:768} INFO - DAG(s) dict_keys(['example_skip_dag']) retrieved from /home/airflow/.local/lib/python3.7/site-packages/airflow/example_dags/example_skip_dag.py
[2022-11-12T08:48:50.077+0000] {logging_mixin.py:117} INFO - [2022-11-12T08:48:50.077+0000] {dag.py:2573} INFO - Sync 1 DAGs
[2022-11-12T08:48:50.148+0000] {logging_mixin.py:117} INFO - [2022-11-12T08:48:50.148+0000] {dag.py:3328} INFO - Setting next_dagrun for example_skip_dag to 2022-11-11T08:48:50.148005+00:00, run_after=2022-11-12T08:48:50.148005+00:00
[2022-11-12T08:48:50.192+0000] {processor.py:178} INFO - Processing /home/airflow/.local/lib/python3.7/site-packages/airflow/example_dags/example_skip_dag.py took 0.288 seconds
[2022-11-12T09:40:02.955+0000] {processor.py:156} INFO - Started process (PID=15158) to work on /home/airflow/.local/lib/python3.7/site-packages/airflow/example_dags/example_skip_dag.py
[2022-11-12T09:40:02.958+0000] {processor.py:758} INFO - Processing file /home/airflow/.local/lib/python3.7/site-packages/airflow/example_dags/example_skip_dag.py for tasks to queue
[2022-11-12T09:40:02.960+0000] {logging_mixin.py:117} INFO - [2022-11-12T09:40:02.960+0000] {dagbag.py:525} INFO - Filling up the DagBag from /home/airflow/.local/lib/python3.7/site-packages/airflow/example_dags/example_skip_dag.py
[2022-11-12T09:40:03.003+0000] {processor.py:768} INFO - DAG(s) dict_keys(['example_skip_dag']) retrieved from /home/airflow/.local/lib/python3.7/site-packages/airflow/example_dags/example_skip_dag.py
[2022-11-12T09:40:03.097+0000] {logging_mixin.py:117} INFO - [2022-11-12T09:40:03.097+0000] {dag.py:2573} INFO - Sync 1 DAGs
[2022-11-12T09:40:03.158+0000] {logging_mixin.py:117} INFO - [2022-11-12T09:40:03.158+0000] {dag.py:3328} INFO - Setting next_dagrun for example_skip_dag to 2022-11-11T09:40:03.157779+00:00, run_after=2022-11-12T09:40:03.157779+00:00
[2022-11-12T09:40:03.196+0000] {processor.py:178} INFO - Processing /home/airflow/.local/lib/python3.7/site-packages/airflow/example_dags/example_skip_dag.py took 0.245 seconds
[2022-11-12T11:02:37.688+0000] {processor.py:156} INFO - Started process (PID=15213) to work on /home/airflow/.local/lib/python3.7/site-packages/airflow/example_dags/example_skip_dag.py
[2022-11-12T11:02:37.690+0000] {processor.py:758} INFO - Processing file /home/airflow/.local/lib/python3.7/site-packages/airflow/example_dags/example_skip_dag.py for tasks to queue
[2022-11-12T11:02:37.691+0000] {logging_mixin.py:117} INFO - [2022-11-12T11:02:37.691+0000] {dagbag.py:525} INFO - Filling up the DagBag from /home/airflow/.local/lib/python3.7/site-packages/airflow/example_dags/example_skip_dag.py
[2022-11-12T11:02:37.722+0000] {processor.py:768} INFO - DAG(s) dict_keys(['example_skip_dag']) retrieved from /home/airflow/.local/lib/python3.7/site-packages/airflow/example_dags/example_skip_dag.py
[2022-11-12T11:02:37.895+0000] {logging_mixin.py:117} INFO - [2022-11-12T11:02:37.894+0000] {dag.py:2573} INFO - Sync 1 DAGs
[2022-11-12T11:02:37.948+0000] {logging_mixin.py:117} INFO - [2022-11-12T11:02:37.947+0000] {dag.py:3328} INFO - Setting next_dagrun for example_skip_dag to 2022-11-11T11:02:37.947621+00:00, run_after=2022-11-12T11:02:37.947621+00:00
[2022-11-12T11:02:38.155+0000] {processor.py:178} INFO - Processing /home/airflow/.local/lib/python3.7/site-packages/airflow/example_dags/example_skip_dag.py took 0.476 seconds
[2022-11-12T12:39:36.353+0000] {processor.py:156} INFO - Started process (PID=15268) to work on /home/airflow/.local/lib/python3.7/site-packages/airflow/example_dags/example_skip_dag.py
[2022-11-12T12:39:36.356+0000] {processor.py:758} INFO - Processing file /home/airflow/.local/lib/python3.7/site-packages/airflow/example_dags/example_skip_dag.py for tasks to queue
[2022-11-12T12:39:36.363+0000] {logging_mixin.py:117} INFO - [2022-11-12T12:39:36.362+0000] {dagbag.py:525} INFO - Filling up the DagBag from /home/airflow/.local/lib/python3.7/site-packages/airflow/example_dags/example_skip_dag.py
[2022-11-12T12:39:36.395+0000] {processor.py:768} INFO - DAG(s) dict_keys(['example_skip_dag']) retrieved from /home/airflow/.local/lib/python3.7/site-packages/airflow/example_dags/example_skip_dag.py
[2022-11-12T12:39:36.544+0000] {logging_mixin.py:117} INFO - [2022-11-12T12:39:36.544+0000] {dag.py:2573} INFO - Sync 1 DAGs
[2022-11-12T12:39:36.600+0000] {logging_mixin.py:117} INFO - [2022-11-12T12:39:36.599+0000] {dag.py:3328} INFO - Setting next_dagrun for example_skip_dag to 2022-11-11T12:39:36.599267+00:00, run_after=2022-11-12T12:39:36.599267+00:00
[2022-11-12T12:39:36.637+0000] {processor.py:178} INFO - Processing /home/airflow/.local/lib/python3.7/site-packages/airflow/example_dags/example_skip_dag.py took 0.288 seconds
[2022-11-12T14:03:42.959+0000] {processor.py:156} INFO - Started process (PID=15322) to work on /home/airflow/.local/lib/python3.7/site-packages/airflow/example_dags/example_skip_dag.py
[2022-11-12T14:03:42.960+0000] {processor.py:758} INFO - Processing file /home/airflow/.local/lib/python3.7/site-packages/airflow/example_dags/example_skip_dag.py for tasks to queue
[2022-11-12T14:03:42.961+0000] {logging_mixin.py:117} INFO - [2022-11-12T14:03:42.961+0000] {dagbag.py:525} INFO - Filling up the DagBag from /home/airflow/.local/lib/python3.7/site-packages/airflow/example_dags/example_skip_dag.py
[2022-11-12T14:03:42.970+0000] {processor.py:768} INFO - DAG(s) dict_keys(['example_skip_dag']) retrieved from /home/airflow/.local/lib/python3.7/site-packages/airflow/example_dags/example_skip_dag.py
[2022-11-12T14:03:42.994+0000] {logging_mixin.py:117} INFO - [2022-11-12T14:03:42.994+0000] {dag.py:2573} INFO - Sync 1 DAGs
[2022-11-12T14:03:43.011+0000] {logging_mixin.py:117} INFO - [2022-11-12T14:03:43.011+0000] {dag.py:3328} INFO - Setting next_dagrun for example_skip_dag to 2022-11-11T14:03:43.011281+00:00, run_after=2022-11-12T14:03:43.011281+00:00
[2022-11-12T14:03:43.022+0000] {processor.py:178} INFO - Processing /home/airflow/.local/lib/python3.7/site-packages/airflow/example_dags/example_skip_dag.py took 0.065 seconds
[2022-11-12T15:28:38.118+0000] {processor.py:156} INFO - Started process (PID=15387) to work on /home/airflow/.local/lib/python3.7/site-packages/airflow/example_dags/example_skip_dag.py
[2022-11-12T15:28:38.124+0000] {processor.py:758} INFO - Processing file /home/airflow/.local/lib/python3.7/site-packages/airflow/example_dags/example_skip_dag.py for tasks to queue
[2022-11-12T15:28:38.130+0000] {logging_mixin.py:117} INFO - [2022-11-12T15:28:38.129+0000] {dagbag.py:525} INFO - Filling up the DagBag from /home/airflow/.local/lib/python3.7/site-packages/airflow/example_dags/example_skip_dag.py
[2022-11-12T15:28:38.180+0000] {processor.py:768} INFO - DAG(s) dict_keys(['example_skip_dag']) retrieved from /home/airflow/.local/lib/python3.7/site-packages/airflow/example_dags/example_skip_dag.py
[2022-11-12T15:28:38.913+0000] {logging_mixin.py:117} INFO - [2022-11-12T15:28:38.913+0000] {dag.py:2573} INFO - Sync 1 DAGs
[2022-11-12T15:28:39.013+0000] {logging_mixin.py:117} INFO - [2022-11-12T15:28:39.012+0000] {dag.py:3328} INFO - Setting next_dagrun for example_skip_dag to 2022-11-11T15:28:39.012399+00:00, run_after=2022-11-12T15:28:39.012399+00:00
[2022-11-12T15:28:39.161+0000] {processor.py:178} INFO - Processing /home/airflow/.local/lib/python3.7/site-packages/airflow/example_dags/example_skip_dag.py took 1.091 seconds
[2022-11-12T16:51:18.396+0000] {processor.py:156} INFO - Started process (PID=15443) to work on /home/airflow/.local/lib/python3.7/site-packages/airflow/example_dags/example_skip_dag.py
[2022-11-12T16:51:18.402+0000] {processor.py:758} INFO - Processing file /home/airflow/.local/lib/python3.7/site-packages/airflow/example_dags/example_skip_dag.py for tasks to queue
[2022-11-12T16:51:18.422+0000] {logging_mixin.py:117} INFO - [2022-11-12T16:51:18.422+0000] {dagbag.py:525} INFO - Filling up the DagBag from /home/airflow/.local/lib/python3.7/site-packages/airflow/example_dags/example_skip_dag.py
[2022-11-12T16:51:18.441+0000] {processor.py:768} INFO - DAG(s) dict_keys(['example_skip_dag']) retrieved from /home/airflow/.local/lib/python3.7/site-packages/airflow/example_dags/example_skip_dag.py
[2022-11-12T16:51:18.488+0000] {logging_mixin.py:117} INFO - [2022-11-12T16:51:18.488+0000] {dag.py:2573} INFO - Sync 1 DAGs
[2022-11-12T16:51:18.514+0000] {logging_mixin.py:117} INFO - [2022-11-12T16:51:18.514+0000] {dag.py:3328} INFO - Setting next_dagrun for example_skip_dag to 2022-11-11T16:51:18.514185+00:00, run_after=2022-11-12T16:51:18.514185+00:00
[2022-11-12T16:51:18.533+0000] {processor.py:178} INFO - Processing /home/airflow/.local/lib/python3.7/site-packages/airflow/example_dags/example_skip_dag.py took 0.141 seconds
[2022-11-12T18:32:30.887+0000] {processor.py:156} INFO - Started process (PID=15507) to work on /home/airflow/.local/lib/python3.7/site-packages/airflow/example_dags/example_skip_dag.py
[2022-11-12T18:32:30.894+0000] {processor.py:758} INFO - Processing file /home/airflow/.local/lib/python3.7/site-packages/airflow/example_dags/example_skip_dag.py for tasks to queue
[2022-11-12T18:32:30.899+0000] {logging_mixin.py:117} INFO - [2022-11-12T18:32:30.899+0000] {dagbag.py:525} INFO - Filling up the DagBag from /home/airflow/.local/lib/python3.7/site-packages/airflow/example_dags/example_skip_dag.py
[2022-11-12T18:32:30.943+0000] {processor.py:768} INFO - DAG(s) dict_keys(['example_skip_dag']) retrieved from /home/airflow/.local/lib/python3.7/site-packages/airflow/example_dags/example_skip_dag.py
[2022-11-12T18:32:31.102+0000] {logging_mixin.py:117} INFO - [2022-11-12T18:32:31.102+0000] {dag.py:2573} INFO - Sync 1 DAGs
[2022-11-12T18:32:31.194+0000] {logging_mixin.py:117} INFO - [2022-11-12T18:32:31.194+0000] {dag.py:3328} INFO - Setting next_dagrun for example_skip_dag to 2022-11-11T18:32:31.194224+00:00, run_after=2022-11-12T18:32:31.194224+00:00
[2022-11-12T18:32:31.325+0000] {processor.py:178} INFO - Processing /home/airflow/.local/lib/python3.7/site-packages/airflow/example_dags/example_skip_dag.py took 0.442 seconds
[2022-11-12T19:24:25.078+0000] {processor.py:156} INFO - Started process (PID=15563) to work on /home/airflow/.local/lib/python3.7/site-packages/airflow/example_dags/example_skip_dag.py
[2022-11-12T19:24:25.087+0000] {processor.py:758} INFO - Processing file /home/airflow/.local/lib/python3.7/site-packages/airflow/example_dags/example_skip_dag.py for tasks to queue
[2022-11-12T19:24:25.091+0000] {logging_mixin.py:117} INFO - [2022-11-12T19:24:25.091+0000] {dagbag.py:525} INFO - Filling up the DagBag from /home/airflow/.local/lib/python3.7/site-packages/airflow/example_dags/example_skip_dag.py
[2022-11-12T19:24:25.157+0000] {processor.py:768} INFO - DAG(s) dict_keys(['example_skip_dag']) retrieved from /home/airflow/.local/lib/python3.7/site-packages/airflow/example_dags/example_skip_dag.py
[2022-11-12T19:24:25.379+0000] {logging_mixin.py:117} INFO - [2022-11-12T19:24:25.379+0000] {dag.py:2573} INFO - Sync 1 DAGs
[2022-11-12T19:24:25.475+0000] {logging_mixin.py:117} INFO - [2022-11-12T19:24:25.474+0000] {dag.py:3328} INFO - Setting next_dagrun for example_skip_dag to 2022-11-11T19:24:25.473663+00:00, run_after=2022-11-12T19:24:25.473663+00:00
[2022-11-12T19:24:25.563+0000] {processor.py:178} INFO - Processing /home/airflow/.local/lib/python3.7/site-packages/airflow/example_dags/example_skip_dag.py took 0.523 seconds
