[2022-11-12T00:30:45.318+0000] {processor.py:156} INFO - Started process (PID=14751) to work on /home/airflow/.local/lib/python3.7/site-packages/airflow/example_dags/example_branch_datetime_operator.py
[2022-11-12T00:30:45.343+0000] {processor.py:758} INFO - Processing file /home/airflow/.local/lib/python3.7/site-packages/airflow/example_dags/example_branch_datetime_operator.py for tasks to queue
[2022-11-12T00:30:45.349+0000] {logging_mixin.py:117} INFO - [2022-11-12T00:30:45.349+0000] {dagbag.py:525} INFO - Filling up the DagBag from /home/airflow/.local/lib/python3.7/site-packages/airflow/example_dags/example_branch_datetime_operator.py
[2022-11-12T00:30:45.494+0000] {processor.py:768} INFO - DAG(s) dict_keys(['example_branch_datetime_operator', 'example_branch_datetime_operator_2', 'example_branch_datetime_operator_3']) retrieved from /home/airflow/.local/lib/python3.7/site-packages/airflow/example_dags/example_branch_datetime_operator.py
[2022-11-12T00:30:45.898+0000] {logging_mixin.py:117} INFO - [2022-11-12T00:30:45.898+0000] {dag.py:2573} INFO - Sync 3 DAGs
[2022-11-12T00:30:46.017+0000] {logging_mixin.py:117} INFO - [2022-11-12T00:30:46.017+0000] {dag.py:3328} INFO - Setting next_dagrun for example_branch_datetime_operator to 2022-11-11T00:00:00+00:00, run_after=2022-11-12T00:00:00+00:00
[2022-11-12T00:30:46.066+0000] {logging_mixin.py:117} INFO - [2022-11-12T00:30:46.066+0000] {dag.py:3328} INFO - Setting next_dagrun for example_branch_datetime_operator_2 to 2022-11-11T00:00:00+00:00, run_after=2022-11-12T00:00:00+00:00
[2022-11-12T00:30:46.086+0000] {logging_mixin.py:117} INFO - [2022-11-12T00:30:46.085+0000] {dag.py:3328} INFO - Setting next_dagrun for example_branch_datetime_operator_3 to 2022-11-11T00:00:00+00:00, run_after=2022-11-12T00:00:00+00:00
[2022-11-12T00:30:46.140+0000] {processor.py:178} INFO - Processing /home/airflow/.local/lib/python3.7/site-packages/airflow/example_dags/example_branch_datetime_operator.py took 0.873 seconds
[2022-11-12T01:50:05.717+0000] {processor.py:156} INFO - Started process (PID=14807) to work on /home/airflow/.local/lib/python3.7/site-packages/airflow/example_dags/example_branch_datetime_operator.py
[2022-11-12T01:50:05.726+0000] {processor.py:758} INFO - Processing file /home/airflow/.local/lib/python3.7/site-packages/airflow/example_dags/example_branch_datetime_operator.py for tasks to queue
[2022-11-12T01:50:05.731+0000] {logging_mixin.py:117} INFO - [2022-11-12T01:50:05.731+0000] {dagbag.py:525} INFO - Filling up the DagBag from /home/airflow/.local/lib/python3.7/site-packages/airflow/example_dags/example_branch_datetime_operator.py
[2022-11-12T01:50:05.814+0000] {processor.py:768} INFO - DAG(s) dict_keys(['example_branch_datetime_operator_2', 'example_branch_datetime_operator', 'example_branch_datetime_operator_3']) retrieved from /home/airflow/.local/lib/python3.7/site-packages/airflow/example_dags/example_branch_datetime_operator.py
[2022-11-12T01:50:05.986+0000] {logging_mixin.py:117} INFO - [2022-11-12T01:50:05.986+0000] {dag.py:2573} INFO - Sync 3 DAGs
[2022-11-12T01:50:06.094+0000] {logging_mixin.py:117} INFO - [2022-11-12T01:50:06.094+0000] {dag.py:3328} INFO - Setting next_dagrun for example_branch_datetime_operator to 2022-11-11T00:00:00+00:00, run_after=2022-11-12T00:00:00+00:00
[2022-11-12T01:50:06.100+0000] {logging_mixin.py:117} INFO - [2022-11-12T01:50:06.100+0000] {dag.py:3328} INFO - Setting next_dagrun for example_branch_datetime_operator_2 to 2022-11-11T00:00:00+00:00, run_after=2022-11-12T00:00:00+00:00
[2022-11-12T01:50:06.119+0000] {logging_mixin.py:117} INFO - [2022-11-12T01:50:06.118+0000] {dag.py:3328} INFO - Setting next_dagrun for example_branch_datetime_operator_3 to 2022-11-11T00:00:00+00:00, run_after=2022-11-12T00:00:00+00:00
[2022-11-12T01:50:06.151+0000] {processor.py:178} INFO - Processing /home/airflow/.local/lib/python3.7/site-packages/airflow/example_dags/example_branch_datetime_operator.py took 0.440 seconds
[2022-11-12T03:17:08.592+0000] {processor.py:156} INFO - Started process (PID=14861) to work on /home/airflow/.local/lib/python3.7/site-packages/airflow/example_dags/example_branch_datetime_operator.py
[2022-11-12T03:17:08.597+0000] {processor.py:758} INFO - Processing file /home/airflow/.local/lib/python3.7/site-packages/airflow/example_dags/example_branch_datetime_operator.py for tasks to queue
[2022-11-12T03:17:08.599+0000] {logging_mixin.py:117} INFO - [2022-11-12T03:17:08.599+0000] {dagbag.py:525} INFO - Filling up the DagBag from /home/airflow/.local/lib/python3.7/site-packages/airflow/example_dags/example_branch_datetime_operator.py
[2022-11-12T03:17:08.630+0000] {processor.py:768} INFO - DAG(s) dict_keys(['example_branch_datetime_operator', 'example_branch_datetime_operator_3', 'example_branch_datetime_operator_2']) retrieved from /home/airflow/.local/lib/python3.7/site-packages/airflow/example_dags/example_branch_datetime_operator.py
[2022-11-12T03:17:08.691+0000] {logging_mixin.py:117} INFO - [2022-11-12T03:17:08.691+0000] {dag.py:2573} INFO - Sync 3 DAGs
[2022-11-12T03:17:08.721+0000] {logging_mixin.py:117} INFO - [2022-11-12T03:17:08.721+0000] {dag.py:3328} INFO - Setting next_dagrun for example_branch_datetime_operator to 2022-11-11T00:00:00+00:00, run_after=2022-11-12T00:00:00+00:00
[2022-11-12T03:17:08.729+0000] {logging_mixin.py:117} INFO - [2022-11-12T03:17:08.729+0000] {dag.py:3328} INFO - Setting next_dagrun for example_branch_datetime_operator_2 to 2022-11-11T00:00:00+00:00, run_after=2022-11-12T00:00:00+00:00
[2022-11-12T03:17:08.735+0000] {logging_mixin.py:117} INFO - [2022-11-12T03:17:08.735+0000] {dag.py:3328} INFO - Setting next_dagrun for example_branch_datetime_operator_3 to 2022-11-11T00:00:00+00:00, run_after=2022-11-12T00:00:00+00:00
[2022-11-12T03:17:08.768+0000] {processor.py:178} INFO - Processing /home/airflow/.local/lib/python3.7/site-packages/airflow/example_dags/example_branch_datetime_operator.py took 0.178 seconds
[2022-11-12T04:38:53.283+0000] {processor.py:156} INFO - Started process (PID=14924) to work on /home/airflow/.local/lib/python3.7/site-packages/airflow/example_dags/example_branch_datetime_operator.py
[2022-11-12T04:38:53.286+0000] {processor.py:758} INFO - Processing file /home/airflow/.local/lib/python3.7/site-packages/airflow/example_dags/example_branch_datetime_operator.py for tasks to queue
[2022-11-12T04:38:53.294+0000] {logging_mixin.py:117} INFO - [2022-11-12T04:38:53.294+0000] {dagbag.py:525} INFO - Filling up the DagBag from /home/airflow/.local/lib/python3.7/site-packages/airflow/example_dags/example_branch_datetime_operator.py
[2022-11-12T04:38:53.325+0000] {processor.py:768} INFO - DAG(s) dict_keys(['example_branch_datetime_operator_2', 'example_branch_datetime_operator_3', 'example_branch_datetime_operator']) retrieved from /home/airflow/.local/lib/python3.7/site-packages/airflow/example_dags/example_branch_datetime_operator.py
[2022-11-12T04:38:53.398+0000] {logging_mixin.py:117} INFO - [2022-11-12T04:38:53.398+0000] {dag.py:2573} INFO - Sync 3 DAGs
[2022-11-12T04:38:53.492+0000] {logging_mixin.py:117} INFO - [2022-11-12T04:38:53.492+0000] {dag.py:3328} INFO - Setting next_dagrun for example_branch_datetime_operator to 2022-11-11T00:00:00+00:00, run_after=2022-11-12T00:00:00+00:00
[2022-11-12T04:38:53.586+0000] {logging_mixin.py:117} INFO - [2022-11-12T04:38:53.586+0000] {dag.py:3328} INFO - Setting next_dagrun for example_branch_datetime_operator_2 to 2022-11-11T00:00:00+00:00, run_after=2022-11-12T00:00:00+00:00
[2022-11-12T04:38:53.600+0000] {logging_mixin.py:117} INFO - [2022-11-12T04:38:53.599+0000] {dag.py:3328} INFO - Setting next_dagrun for example_branch_datetime_operator_3 to 2022-11-11T00:00:00+00:00, run_after=2022-11-12T00:00:00+00:00
[2022-11-12T04:38:53.628+0000] {processor.py:178} INFO - Processing /home/airflow/.local/lib/python3.7/site-packages/airflow/example_dags/example_branch_datetime_operator.py took 0.352 seconds
[2022-11-12T06:17:38.926+0000] {processor.py:156} INFO - Started process (PID=14979) to work on /home/airflow/.local/lib/python3.7/site-packages/airflow/example_dags/example_branch_datetime_operator.py
[2022-11-12T06:17:38.931+0000] {processor.py:758} INFO - Processing file /home/airflow/.local/lib/python3.7/site-packages/airflow/example_dags/example_branch_datetime_operator.py for tasks to queue
[2022-11-12T06:17:38.936+0000] {logging_mixin.py:117} INFO - [2022-11-12T06:17:38.936+0000] {dagbag.py:525} INFO - Filling up the DagBag from /home/airflow/.local/lib/python3.7/site-packages/airflow/example_dags/example_branch_datetime_operator.py
[2022-11-12T06:17:38.963+0000] {processor.py:768} INFO - DAG(s) dict_keys(['example_branch_datetime_operator_3', 'example_branch_datetime_operator', 'example_branch_datetime_operator_2']) retrieved from /home/airflow/.local/lib/python3.7/site-packages/airflow/example_dags/example_branch_datetime_operator.py
[2022-11-12T06:17:39.045+0000] {logging_mixin.py:117} INFO - [2022-11-12T06:17:39.045+0000] {dag.py:2573} INFO - Sync 3 DAGs
[2022-11-12T06:17:39.069+0000] {logging_mixin.py:117} INFO - [2022-11-12T06:17:39.068+0000] {dag.py:3328} INFO - Setting next_dagrun for example_branch_datetime_operator to 2022-11-11T00:00:00+00:00, run_after=2022-11-12T00:00:00+00:00
[2022-11-12T06:17:39.089+0000] {logging_mixin.py:117} INFO - [2022-11-12T06:17:39.088+0000] {dag.py:3328} INFO - Setting next_dagrun for example_branch_datetime_operator_2 to 2022-11-11T00:00:00+00:00, run_after=2022-11-12T00:00:00+00:00
[2022-11-12T06:17:39.092+0000] {logging_mixin.py:117} INFO - [2022-11-12T06:17:39.092+0000] {dag.py:3328} INFO - Setting next_dagrun for example_branch_datetime_operator_3 to 2022-11-11T00:00:00+00:00, run_after=2022-11-12T00:00:00+00:00
[2022-11-12T06:17:39.106+0000] {processor.py:178} INFO - Processing /home/airflow/.local/lib/python3.7/site-packages/airflow/example_dags/example_branch_datetime_operator.py took 0.184 seconds
[2022-11-12T07:26:43.347+0000] {processor.py:156} INFO - Started process (PID=15043) to work on /home/airflow/.local/lib/python3.7/site-packages/airflow/example_dags/example_branch_datetime_operator.py
[2022-11-12T07:26:43.354+0000] {processor.py:758} INFO - Processing file /home/airflow/.local/lib/python3.7/site-packages/airflow/example_dags/example_branch_datetime_operator.py for tasks to queue
[2022-11-12T07:26:43.358+0000] {logging_mixin.py:117} INFO - [2022-11-12T07:26:43.357+0000] {dagbag.py:525} INFO - Filling up the DagBag from /home/airflow/.local/lib/python3.7/site-packages/airflow/example_dags/example_branch_datetime_operator.py
[2022-11-12T07:26:43.869+0000] {processor.py:768} INFO - DAG(s) dict_keys(['example_branch_datetime_operator', 'example_branch_datetime_operator_2', 'example_branch_datetime_operator_3']) retrieved from /home/airflow/.local/lib/python3.7/site-packages/airflow/example_dags/example_branch_datetime_operator.py
[2022-11-12T07:26:43.973+0000] {logging_mixin.py:117} INFO - [2022-11-12T07:26:43.973+0000] {dag.py:2573} INFO - Sync 3 DAGs
[2022-11-12T07:26:44.082+0000] {logging_mixin.py:117} INFO - [2022-11-12T07:26:44.082+0000] {dag.py:3328} INFO - Setting next_dagrun for example_branch_datetime_operator to 2022-11-11T00:00:00+00:00, run_after=2022-11-12T00:00:00+00:00
[2022-11-12T07:26:44.106+0000] {logging_mixin.py:117} INFO - [2022-11-12T07:26:44.106+0000] {dag.py:3328} INFO - Setting next_dagrun for example_branch_datetime_operator_2 to 2022-11-11T00:00:00+00:00, run_after=2022-11-12T00:00:00+00:00
[2022-11-12T07:26:44.119+0000] {logging_mixin.py:117} INFO - [2022-11-12T07:26:44.119+0000] {dag.py:3328} INFO - Setting next_dagrun for example_branch_datetime_operator_3 to 2022-11-11T00:00:00+00:00, run_after=2022-11-12T00:00:00+00:00
[2022-11-12T07:26:44.216+0000] {processor.py:178} INFO - Processing /home/airflow/.local/lib/python3.7/site-packages/airflow/example_dags/example_branch_datetime_operator.py took 0.885 seconds
[2022-11-12T08:48:50.292+0000] {processor.py:156} INFO - Started process (PID=15097) to work on /home/airflow/.local/lib/python3.7/site-packages/airflow/example_dags/example_branch_datetime_operator.py
[2022-11-12T08:48:50.296+0000] {processor.py:758} INFO - Processing file /home/airflow/.local/lib/python3.7/site-packages/airflow/example_dags/example_branch_datetime_operator.py for tasks to queue
[2022-11-12T08:48:50.300+0000] {logging_mixin.py:117} INFO - [2022-11-12T08:48:50.300+0000] {dagbag.py:525} INFO - Filling up the DagBag from /home/airflow/.local/lib/python3.7/site-packages/airflow/example_dags/example_branch_datetime_operator.py
[2022-11-12T08:48:50.351+0000] {processor.py:768} INFO - DAG(s) dict_keys(['example_branch_datetime_operator', 'example_branch_datetime_operator_3', 'example_branch_datetime_operator_2']) retrieved from /home/airflow/.local/lib/python3.7/site-packages/airflow/example_dags/example_branch_datetime_operator.py
[2022-11-12T08:48:50.435+0000] {logging_mixin.py:117} INFO - [2022-11-12T08:48:50.435+0000] {dag.py:2573} INFO - Sync 3 DAGs
[2022-11-12T08:48:50.480+0000] {logging_mixin.py:117} INFO - [2022-11-12T08:48:50.479+0000] {dag.py:3328} INFO - Setting next_dagrun for example_branch_datetime_operator to 2022-11-11T00:00:00+00:00, run_after=2022-11-12T00:00:00+00:00
[2022-11-12T08:48:50.498+0000] {logging_mixin.py:117} INFO - [2022-11-12T08:48:50.497+0000] {dag.py:3328} INFO - Setting next_dagrun for example_branch_datetime_operator_2 to 2022-11-11T00:00:00+00:00, run_after=2022-11-12T00:00:00+00:00
[2022-11-12T08:48:50.505+0000] {logging_mixin.py:117} INFO - [2022-11-12T08:48:50.505+0000] {dag.py:3328} INFO - Setting next_dagrun for example_branch_datetime_operator_3 to 2022-11-11T00:00:00+00:00, run_after=2022-11-12T00:00:00+00:00
[2022-11-12T08:48:50.542+0000] {processor.py:178} INFO - Processing /home/airflow/.local/lib/python3.7/site-packages/airflow/example_dags/example_branch_datetime_operator.py took 0.258 seconds
[2022-11-12T09:40:03.370+0000] {processor.py:156} INFO - Started process (PID=15160) to work on /home/airflow/.local/lib/python3.7/site-packages/airflow/example_dags/example_branch_datetime_operator.py
[2022-11-12T09:40:03.379+0000] {processor.py:758} INFO - Processing file /home/airflow/.local/lib/python3.7/site-packages/airflow/example_dags/example_branch_datetime_operator.py for tasks to queue
[2022-11-12T09:40:03.381+0000] {logging_mixin.py:117} INFO - [2022-11-12T09:40:03.381+0000] {dagbag.py:525} INFO - Filling up the DagBag from /home/airflow/.local/lib/python3.7/site-packages/airflow/example_dags/example_branch_datetime_operator.py
[2022-11-12T09:40:03.432+0000] {processor.py:768} INFO - DAG(s) dict_keys(['example_branch_datetime_operator', 'example_branch_datetime_operator_2', 'example_branch_datetime_operator_3']) retrieved from /home/airflow/.local/lib/python3.7/site-packages/airflow/example_dags/example_branch_datetime_operator.py
[2022-11-12T09:40:03.531+0000] {logging_mixin.py:117} INFO - [2022-11-12T09:40:03.531+0000] {dag.py:2573} INFO - Sync 3 DAGs
[2022-11-12T09:40:03.560+0000] {logging_mixin.py:117} INFO - [2022-11-12T09:40:03.560+0000] {dag.py:3328} INFO - Setting next_dagrun for example_branch_datetime_operator to 2022-11-11T00:00:00+00:00, run_after=2022-11-12T00:00:00+00:00
[2022-11-12T09:40:03.585+0000] {logging_mixin.py:117} INFO - [2022-11-12T09:40:03.585+0000] {dag.py:3328} INFO - Setting next_dagrun for example_branch_datetime_operator_2 to 2022-11-11T00:00:00+00:00, run_after=2022-11-12T00:00:00+00:00
[2022-11-12T09:40:03.590+0000] {logging_mixin.py:117} INFO - [2022-11-12T09:40:03.590+0000] {dag.py:3328} INFO - Setting next_dagrun for example_branch_datetime_operator_3 to 2022-11-11T00:00:00+00:00, run_after=2022-11-12T00:00:00+00:00
[2022-11-12T09:40:03.634+0000] {processor.py:178} INFO - Processing /home/airflow/.local/lib/python3.7/site-packages/airflow/example_dags/example_branch_datetime_operator.py took 0.282 seconds
[2022-11-12T11:02:38.694+0000] {processor.py:156} INFO - Started process (PID=15215) to work on /home/airflow/.local/lib/python3.7/site-packages/airflow/example_dags/example_branch_datetime_operator.py
[2022-11-12T11:02:38.696+0000] {processor.py:758} INFO - Processing file /home/airflow/.local/lib/python3.7/site-packages/airflow/example_dags/example_branch_datetime_operator.py for tasks to queue
[2022-11-12T11:02:38.700+0000] {logging_mixin.py:117} INFO - [2022-11-12T11:02:38.700+0000] {dagbag.py:525} INFO - Filling up the DagBag from /home/airflow/.local/lib/python3.7/site-packages/airflow/example_dags/example_branch_datetime_operator.py
[2022-11-12T11:02:38.737+0000] {processor.py:768} INFO - DAG(s) dict_keys(['example_branch_datetime_operator_3', 'example_branch_datetime_operator_2', 'example_branch_datetime_operator']) retrieved from /home/airflow/.local/lib/python3.7/site-packages/airflow/example_dags/example_branch_datetime_operator.py
[2022-11-12T11:02:38.895+0000] {logging_mixin.py:117} INFO - [2022-11-12T11:02:38.895+0000] {dag.py:2573} INFO - Sync 3 DAGs
[2022-11-12T11:02:38.988+0000] {logging_mixin.py:117} INFO - [2022-11-12T11:02:38.988+0000] {dag.py:3328} INFO - Setting next_dagrun for example_branch_datetime_operator to 2022-11-11T00:00:00+00:00, run_after=2022-11-12T00:00:00+00:00
[2022-11-12T11:02:38.998+0000] {logging_mixin.py:117} INFO - [2022-11-12T11:02:38.998+0000] {dag.py:3328} INFO - Setting next_dagrun for example_branch_datetime_operator_2 to 2022-11-11T00:00:00+00:00, run_after=2022-11-12T00:00:00+00:00
[2022-11-12T11:02:39.005+0000] {logging_mixin.py:117} INFO - [2022-11-12T11:02:39.005+0000] {dag.py:3328} INFO - Setting next_dagrun for example_branch_datetime_operator_3 to 2022-11-11T00:00:00+00:00, run_after=2022-11-12T00:00:00+00:00
[2022-11-12T11:02:39.113+0000] {processor.py:178} INFO - Processing /home/airflow/.local/lib/python3.7/site-packages/airflow/example_dags/example_branch_datetime_operator.py took 0.423 seconds
[2022-11-12T12:39:36.757+0000] {processor.py:156} INFO - Started process (PID=15270) to work on /home/airflow/.local/lib/python3.7/site-packages/airflow/example_dags/example_branch_datetime_operator.py
[2022-11-12T12:39:36.761+0000] {processor.py:758} INFO - Processing file /home/airflow/.local/lib/python3.7/site-packages/airflow/example_dags/example_branch_datetime_operator.py for tasks to queue
[2022-11-12T12:39:36.764+0000] {logging_mixin.py:117} INFO - [2022-11-12T12:39:36.763+0000] {dagbag.py:525} INFO - Filling up the DagBag from /home/airflow/.local/lib/python3.7/site-packages/airflow/example_dags/example_branch_datetime_operator.py
[2022-11-12T12:39:36.792+0000] {processor.py:768} INFO - DAG(s) dict_keys(['example_branch_datetime_operator_3', 'example_branch_datetime_operator', 'example_branch_datetime_operator_2']) retrieved from /home/airflow/.local/lib/python3.7/site-packages/airflow/example_dags/example_branch_datetime_operator.py
[2022-11-12T12:39:36.869+0000] {logging_mixin.py:117} INFO - [2022-11-12T12:39:36.869+0000] {dag.py:2573} INFO - Sync 3 DAGs
[2022-11-12T12:39:36.910+0000] {logging_mixin.py:117} INFO - [2022-11-12T12:39:36.909+0000] {dag.py:3328} INFO - Setting next_dagrun for example_branch_datetime_operator to 2022-11-11T00:00:00+00:00, run_after=2022-11-12T00:00:00+00:00
[2022-11-12T12:39:36.924+0000] {logging_mixin.py:117} INFO - [2022-11-12T12:39:36.924+0000] {dag.py:3328} INFO - Setting next_dagrun for example_branch_datetime_operator_2 to 2022-11-11T00:00:00+00:00, run_after=2022-11-12T00:00:00+00:00
[2022-11-12T12:39:36.930+0000] {logging_mixin.py:117} INFO - [2022-11-12T12:39:36.930+0000] {dag.py:3328} INFO - Setting next_dagrun for example_branch_datetime_operator_3 to 2022-11-11T00:00:00+00:00, run_after=2022-11-12T00:00:00+00:00
[2022-11-12T12:39:36.974+0000] {processor.py:178} INFO - Processing /home/airflow/.local/lib/python3.7/site-packages/airflow/example_dags/example_branch_datetime_operator.py took 0.221 seconds
[2022-11-12T14:03:43.049+0000] {processor.py:156} INFO - Started process (PID=15324) to work on /home/airflow/.local/lib/python3.7/site-packages/airflow/example_dags/example_branch_datetime_operator.py
[2022-11-12T14:03:43.050+0000] {processor.py:758} INFO - Processing file /home/airflow/.local/lib/python3.7/site-packages/airflow/example_dags/example_branch_datetime_operator.py for tasks to queue
[2022-11-12T14:03:43.051+0000] {logging_mixin.py:117} INFO - [2022-11-12T14:03:43.051+0000] {dagbag.py:525} INFO - Filling up the DagBag from /home/airflow/.local/lib/python3.7/site-packages/airflow/example_dags/example_branch_datetime_operator.py
[2022-11-12T14:03:43.063+0000] {processor.py:768} INFO - DAG(s) dict_keys(['example_branch_datetime_operator', 'example_branch_datetime_operator_2', 'example_branch_datetime_operator_3']) retrieved from /home/airflow/.local/lib/python3.7/site-packages/airflow/example_dags/example_branch_datetime_operator.py
[2022-11-12T14:03:43.090+0000] {logging_mixin.py:117} INFO - [2022-11-12T14:03:43.090+0000] {dag.py:2573} INFO - Sync 3 DAGs
[2022-11-12T14:03:43.104+0000] {logging_mixin.py:117} INFO - [2022-11-12T14:03:43.104+0000] {dag.py:3328} INFO - Setting next_dagrun for example_branch_datetime_operator to 2022-11-11T00:00:00+00:00, run_after=2022-11-12T00:00:00+00:00
[2022-11-12T14:03:43.108+0000] {logging_mixin.py:117} INFO - [2022-11-12T14:03:43.108+0000] {dag.py:3328} INFO - Setting next_dagrun for example_branch_datetime_operator_2 to 2022-11-11T00:00:00+00:00, run_after=2022-11-12T00:00:00+00:00
[2022-11-12T14:03:43.110+0000] {logging_mixin.py:117} INFO - [2022-11-12T14:03:43.110+0000] {dag.py:3328} INFO - Setting next_dagrun for example_branch_datetime_operator_3 to 2022-11-11T00:00:00+00:00, run_after=2022-11-12T00:00:00+00:00
[2022-11-12T14:03:43.120+0000] {processor.py:178} INFO - Processing /home/airflow/.local/lib/python3.7/site-packages/airflow/example_dags/example_branch_datetime_operator.py took 0.074 seconds
[2022-11-12T15:28:40.619+0000] {processor.py:156} INFO - Started process (PID=15389) to work on /home/airflow/.local/lib/python3.7/site-packages/airflow/example_dags/example_branch_datetime_operator.py
[2022-11-12T15:28:40.632+0000] {processor.py:758} INFO - Processing file /home/airflow/.local/lib/python3.7/site-packages/airflow/example_dags/example_branch_datetime_operator.py for tasks to queue
[2022-11-12T15:28:40.638+0000] {logging_mixin.py:117} INFO - [2022-11-12T15:28:40.638+0000] {dagbag.py:525} INFO - Filling up the DagBag from /home/airflow/.local/lib/python3.7/site-packages/airflow/example_dags/example_branch_datetime_operator.py
[2022-11-12T15:28:40.764+0000] {processor.py:768} INFO - DAG(s) dict_keys(['example_branch_datetime_operator_2', 'example_branch_datetime_operator', 'example_branch_datetime_operator_3']) retrieved from /home/airflow/.local/lib/python3.7/site-packages/airflow/example_dags/example_branch_datetime_operator.py
[2022-11-12T15:28:41.004+0000] {logging_mixin.py:117} INFO - [2022-11-12T15:28:41.003+0000] {dag.py:2573} INFO - Sync 3 DAGs
[2022-11-12T15:28:41.059+0000] {logging_mixin.py:117} INFO - [2022-11-12T15:28:41.059+0000] {dag.py:3328} INFO - Setting next_dagrun for example_branch_datetime_operator to 2022-11-11T00:00:00+00:00, run_after=2022-11-12T00:00:00+00:00
[2022-11-12T15:28:41.089+0000] {logging_mixin.py:117} INFO - [2022-11-12T15:28:41.089+0000] {dag.py:3328} INFO - Setting next_dagrun for example_branch_datetime_operator_2 to 2022-11-11T00:00:00+00:00, run_after=2022-11-12T00:00:00+00:00
[2022-11-12T15:28:41.094+0000] {logging_mixin.py:117} INFO - [2022-11-12T15:28:41.094+0000] {dag.py:3328} INFO - Setting next_dagrun for example_branch_datetime_operator_3 to 2022-11-11T00:00:00+00:00, run_after=2022-11-12T00:00:00+00:00
[2022-11-12T15:28:41.122+0000] {processor.py:178} INFO - Processing /home/airflow/.local/lib/python3.7/site-packages/airflow/example_dags/example_branch_datetime_operator.py took 0.561 seconds
[2022-11-12T16:51:18.598+0000] {processor.py:156} INFO - Started process (PID=15445) to work on /home/airflow/.local/lib/python3.7/site-packages/airflow/example_dags/example_branch_datetime_operator.py
[2022-11-12T16:51:18.601+0000] {processor.py:758} INFO - Processing file /home/airflow/.local/lib/python3.7/site-packages/airflow/example_dags/example_branch_datetime_operator.py for tasks to queue
[2022-11-12T16:51:18.602+0000] {logging_mixin.py:117} INFO - [2022-11-12T16:51:18.602+0000] {dagbag.py:525} INFO - Filling up the DagBag from /home/airflow/.local/lib/python3.7/site-packages/airflow/example_dags/example_branch_datetime_operator.py
[2022-11-12T16:51:18.623+0000] {processor.py:768} INFO - DAG(s) dict_keys(['example_branch_datetime_operator_3', 'example_branch_datetime_operator', 'example_branch_datetime_operator_2']) retrieved from /home/airflow/.local/lib/python3.7/site-packages/airflow/example_dags/example_branch_datetime_operator.py
[2022-11-12T16:51:18.709+0000] {logging_mixin.py:117} INFO - [2022-11-12T16:51:18.709+0000] {dag.py:2573} INFO - Sync 3 DAGs
[2022-11-12T16:51:18.805+0000] {logging_mixin.py:117} INFO - [2022-11-12T16:51:18.804+0000] {dag.py:3328} INFO - Setting next_dagrun for example_branch_datetime_operator to 2022-11-11T00:00:00+00:00, run_after=2022-11-12T00:00:00+00:00
[2022-11-12T16:51:18.818+0000] {logging_mixin.py:117} INFO - [2022-11-12T16:51:18.818+0000] {dag.py:3328} INFO - Setting next_dagrun for example_branch_datetime_operator_2 to 2022-11-11T00:00:00+00:00, run_after=2022-11-12T00:00:00+00:00
[2022-11-12T16:51:18.826+0000] {logging_mixin.py:117} INFO - [2022-11-12T16:51:18.825+0000] {dag.py:3328} INFO - Setting next_dagrun for example_branch_datetime_operator_3 to 2022-11-11T00:00:00+00:00, run_after=2022-11-12T00:00:00+00:00
[2022-11-12T16:51:18.849+0000] {processor.py:178} INFO - Processing /home/airflow/.local/lib/python3.7/site-packages/airflow/example_dags/example_branch_datetime_operator.py took 0.265 seconds
[2022-11-12T18:32:31.804+0000] {processor.py:156} INFO - Started process (PID=15509) to work on /home/airflow/.local/lib/python3.7/site-packages/airflow/example_dags/example_branch_datetime_operator.py
[2022-11-12T18:32:31.816+0000] {processor.py:758} INFO - Processing file /home/airflow/.local/lib/python3.7/site-packages/airflow/example_dags/example_branch_datetime_operator.py for tasks to queue
[2022-11-12T18:32:31.823+0000] {logging_mixin.py:117} INFO - [2022-11-12T18:32:31.823+0000] {dagbag.py:525} INFO - Filling up the DagBag from /home/airflow/.local/lib/python3.7/site-packages/airflow/example_dags/example_branch_datetime_operator.py
[2022-11-12T18:32:31.942+0000] {processor.py:768} INFO - DAG(s) dict_keys(['example_branch_datetime_operator_2', 'example_branch_datetime_operator', 'example_branch_datetime_operator_3']) retrieved from /home/airflow/.local/lib/python3.7/site-packages/airflow/example_dags/example_branch_datetime_operator.py
[2022-11-12T18:32:32.229+0000] {logging_mixin.py:117} INFO - [2022-11-12T18:32:32.228+0000] {dag.py:2573} INFO - Sync 3 DAGs
[2022-11-12T18:32:32.309+0000] {logging_mixin.py:117} INFO - [2022-11-12T18:32:32.309+0000] {dag.py:3328} INFO - Setting next_dagrun for example_branch_datetime_operator to 2022-11-11T00:00:00+00:00, run_after=2022-11-12T00:00:00+00:00
[2022-11-12T18:32:32.318+0000] {logging_mixin.py:117} INFO - [2022-11-12T18:32:32.318+0000] {dag.py:3328} INFO - Setting next_dagrun for example_branch_datetime_operator_2 to 2022-11-11T00:00:00+00:00, run_after=2022-11-12T00:00:00+00:00
[2022-11-12T18:32:32.321+0000] {logging_mixin.py:117} INFO - [2022-11-12T18:32:32.321+0000] {dag.py:3328} INFO - Setting next_dagrun for example_branch_datetime_operator_3 to 2022-11-11T00:00:00+00:00, run_after=2022-11-12T00:00:00+00:00
[2022-11-12T18:32:32.349+0000] {processor.py:178} INFO - Processing /home/airflow/.local/lib/python3.7/site-packages/airflow/example_dags/example_branch_datetime_operator.py took 0.558 seconds
[2022-11-12T19:24:26.043+0000] {processor.py:156} INFO - Started process (PID=15565) to work on /home/airflow/.local/lib/python3.7/site-packages/airflow/example_dags/example_branch_datetime_operator.py
[2022-11-12T19:24:26.052+0000] {processor.py:758} INFO - Processing file /home/airflow/.local/lib/python3.7/site-packages/airflow/example_dags/example_branch_datetime_operator.py for tasks to queue
[2022-11-12T19:24:26.054+0000] {logging_mixin.py:117} INFO - [2022-11-12T19:24:26.054+0000] {dagbag.py:525} INFO - Filling up the DagBag from /home/airflow/.local/lib/python3.7/site-packages/airflow/example_dags/example_branch_datetime_operator.py
[2022-11-12T19:24:26.099+0000] {processor.py:768} INFO - DAG(s) dict_keys(['example_branch_datetime_operator', 'example_branch_datetime_operator_2', 'example_branch_datetime_operator_3']) retrieved from /home/airflow/.local/lib/python3.7/site-packages/airflow/example_dags/example_branch_datetime_operator.py
[2022-11-12T19:24:26.254+0000] {logging_mixin.py:117} INFO - [2022-11-12T19:24:26.254+0000] {dag.py:2573} INFO - Sync 3 DAGs
[2022-11-12T19:24:26.317+0000] {logging_mixin.py:117} INFO - [2022-11-12T19:24:26.317+0000] {dag.py:3328} INFO - Setting next_dagrun for example_branch_datetime_operator to 2022-11-11T00:00:00+00:00, run_after=2022-11-12T00:00:00+00:00
[2022-11-12T19:24:26.333+0000] {logging_mixin.py:117} INFO - [2022-11-12T19:24:26.333+0000] {dag.py:3328} INFO - Setting next_dagrun for example_branch_datetime_operator_2 to 2022-11-11T00:00:00+00:00, run_after=2022-11-12T00:00:00+00:00
[2022-11-12T19:24:26.341+0000] {logging_mixin.py:117} INFO - [2022-11-12T19:24:26.340+0000] {dag.py:3328} INFO - Setting next_dagrun for example_branch_datetime_operator_3 to 2022-11-11T00:00:00+00:00, run_after=2022-11-12T00:00:00+00:00
[2022-11-12T19:24:26.389+0000] {processor.py:178} INFO - Processing /home/airflow/.local/lib/python3.7/site-packages/airflow/example_dags/example_branch_datetime_operator.py took 0.351 seconds
