[2022-11-12T00:30:50.252+0000] {processor.py:156} INFO - Started process (PID=14766) to work on /home/airflow/.local/lib/python3.7/site-packages/airflow/example_dags/example_subdag_operator.py
[2022-11-12T00:30:50.256+0000] {processor.py:758} INFO - Processing file /home/airflow/.local/lib/python3.7/site-packages/airflow/example_dags/example_subdag_operator.py for tasks to queue
[2022-11-12T00:30:50.257+0000] {logging_mixin.py:117} INFO - [2022-11-12T00:30:50.257+0000] {dagbag.py:525} INFO - Filling up the DagBag from /home/airflow/.local/lib/python3.7/site-packages/airflow/example_dags/example_subdag_operator.py
[2022-11-12T00:30:50.293+0000] {processor.py:768} INFO - DAG(s) dict_keys(['example_subdag_operator.section-1', 'example_subdag_operator.section-2', 'example_subdag_operator']) retrieved from /home/airflow/.local/lib/python3.7/site-packages/airflow/example_dags/example_subdag_operator.py
[2022-11-12T00:30:50.433+0000] {logging_mixin.py:117} INFO - [2022-11-12T00:30:50.433+0000] {dag.py:2573} INFO - Sync 3 DAGs
[2022-11-12T00:30:50.459+0000] {logging_mixin.py:117} INFO - [2022-11-12T00:30:50.456+0000] {dag.py:3328} INFO - Setting next_dagrun for example_subdag_operator to 2022-01-01T00:00:00+00:00, run_after=2022-01-01T00:00:00+00:00
[2022-11-12T00:30:50.462+0000] {logging_mixin.py:117} INFO - [2022-11-12T00:30:50.462+0000] {dag.py:3328} INFO - Setting next_dagrun for example_subdag_operator.section-1 to None, run_after=None
[2022-11-12T00:30:50.464+0000] {logging_mixin.py:117} INFO - [2022-11-12T00:30:50.464+0000] {dag.py:3328} INFO - Setting next_dagrun for example_subdag_operator.section-2 to None, run_after=None
[2022-11-12T00:30:50.472+0000] {logging_mixin.py:117} INFO - [2022-11-12T00:30:50.471+0000] {dag.py:2573} INFO - Sync 2 DAGs
[2022-11-12T00:30:50.476+0000] {logging_mixin.py:117} INFO - [2022-11-12T00:30:50.476+0000] {dag.py:3328} INFO - Setting next_dagrun for example_subdag_operator.section-1 to None, run_after=None
[2022-11-12T00:30:50.477+0000] {logging_mixin.py:117} INFO - [2022-11-12T00:30:50.477+0000] {dag.py:3328} INFO - Setting next_dagrun for example_subdag_operator.section-2 to None, run_after=None
[2022-11-12T00:30:50.484+0000] {processor.py:178} INFO - Processing /home/airflow/.local/lib/python3.7/site-packages/airflow/example_dags/example_subdag_operator.py took 0.235 seconds
[2022-11-12T01:50:13.715+0000] {processor.py:156} INFO - Started process (PID=14830) to work on /home/airflow/.local/lib/python3.7/site-packages/airflow/example_dags/example_subdag_operator.py
[2022-11-12T01:50:13.720+0000] {processor.py:758} INFO - Processing file /home/airflow/.local/lib/python3.7/site-packages/airflow/example_dags/example_subdag_operator.py for tasks to queue
[2022-11-12T01:50:13.725+0000] {logging_mixin.py:117} INFO - [2022-11-12T01:50:13.725+0000] {dagbag.py:525} INFO - Filling up the DagBag from /home/airflow/.local/lib/python3.7/site-packages/airflow/example_dags/example_subdag_operator.py
[2022-11-12T01:50:13.817+0000] {processor.py:768} INFO - DAG(s) dict_keys(['example_subdag_operator.section-1', 'example_subdag_operator.section-2', 'example_subdag_operator']) retrieved from /home/airflow/.local/lib/python3.7/site-packages/airflow/example_dags/example_subdag_operator.py
[2022-11-12T01:50:14.260+0000] {logging_mixin.py:117} INFO - [2022-11-12T01:50:14.260+0000] {dag.py:2573} INFO - Sync 3 DAGs
[2022-11-12T01:50:14.370+0000] {logging_mixin.py:117} INFO - [2022-11-12T01:50:14.368+0000] {dag.py:3328} INFO - Setting next_dagrun for example_subdag_operator to 2022-01-01T00:00:00+00:00, run_after=2022-01-01T00:00:00+00:00
[2022-11-12T01:50:14.375+0000] {logging_mixin.py:117} INFO - [2022-11-12T01:50:14.374+0000] {dag.py:3328} INFO - Setting next_dagrun for example_subdag_operator.section-1 to None, run_after=None
[2022-11-12T01:50:14.377+0000] {logging_mixin.py:117} INFO - [2022-11-12T01:50:14.376+0000] {dag.py:3328} INFO - Setting next_dagrun for example_subdag_operator.section-2 to None, run_after=None
[2022-11-12T01:50:14.393+0000] {logging_mixin.py:117} INFO - [2022-11-12T01:50:14.393+0000] {dag.py:2573} INFO - Sync 2 DAGs
[2022-11-12T01:50:14.401+0000] {logging_mixin.py:117} INFO - [2022-11-12T01:50:14.401+0000] {dag.py:3328} INFO - Setting next_dagrun for example_subdag_operator.section-1 to None, run_after=None
[2022-11-12T01:50:14.402+0000] {logging_mixin.py:117} INFO - [2022-11-12T01:50:14.402+0000] {dag.py:3328} INFO - Setting next_dagrun for example_subdag_operator.section-2 to None, run_after=None
[2022-11-12T01:50:14.437+0000] {processor.py:178} INFO - Processing /home/airflow/.local/lib/python3.7/site-packages/airflow/example_dags/example_subdag_operator.py took 0.729 seconds
[2022-11-12T03:17:10.941+0000] {processor.py:156} INFO - Started process (PID=14876) to work on /home/airflow/.local/lib/python3.7/site-packages/airflow/example_dags/example_subdag_operator.py
[2022-11-12T03:17:10.942+0000] {processor.py:758} INFO - Processing file /home/airflow/.local/lib/python3.7/site-packages/airflow/example_dags/example_subdag_operator.py for tasks to queue
[2022-11-12T03:17:10.943+0000] {logging_mixin.py:117} INFO - [2022-11-12T03:17:10.943+0000] {dagbag.py:525} INFO - Filling up the DagBag from /home/airflow/.local/lib/python3.7/site-packages/airflow/example_dags/example_subdag_operator.py
[2022-11-12T03:17:10.974+0000] {processor.py:768} INFO - DAG(s) dict_keys(['example_subdag_operator.section-1', 'example_subdag_operator.section-2', 'example_subdag_operator']) retrieved from /home/airflow/.local/lib/python3.7/site-packages/airflow/example_dags/example_subdag_operator.py
[2022-11-12T03:17:11.078+0000] {logging_mixin.py:117} INFO - [2022-11-12T03:17:11.078+0000] {dag.py:2573} INFO - Sync 3 DAGs
[2022-11-12T03:17:11.094+0000] {logging_mixin.py:117} INFO - [2022-11-12T03:17:11.094+0000] {dag.py:3328} INFO - Setting next_dagrun for example_subdag_operator to 2022-01-01T00:00:00+00:00, run_after=2022-01-01T00:00:00+00:00
[2022-11-12T03:17:11.096+0000] {logging_mixin.py:117} INFO - [2022-11-12T03:17:11.096+0000] {dag.py:3328} INFO - Setting next_dagrun for example_subdag_operator.section-1 to None, run_after=None
[2022-11-12T03:17:11.097+0000] {logging_mixin.py:117} INFO - [2022-11-12T03:17:11.097+0000] {dag.py:3328} INFO - Setting next_dagrun for example_subdag_operator.section-2 to None, run_after=None
[2022-11-12T03:17:11.102+0000] {logging_mixin.py:117} INFO - [2022-11-12T03:17:11.102+0000] {dag.py:2573} INFO - Sync 2 DAGs
[2022-11-12T03:17:11.107+0000] {logging_mixin.py:117} INFO - [2022-11-12T03:17:11.107+0000] {dag.py:3328} INFO - Setting next_dagrun for example_subdag_operator.section-1 to None, run_after=None
[2022-11-12T03:17:11.109+0000] {logging_mixin.py:117} INFO - [2022-11-12T03:17:11.109+0000] {dag.py:3328} INFO - Setting next_dagrun for example_subdag_operator.section-2 to None, run_after=None
[2022-11-12T03:17:11.122+0000] {processor.py:178} INFO - Processing /home/airflow/.local/lib/python3.7/site-packages/airflow/example_dags/example_subdag_operator.py took 0.184 seconds
[2022-11-12T04:38:57.560+0000] {processor.py:156} INFO - Started process (PID=14939) to work on /home/airflow/.local/lib/python3.7/site-packages/airflow/example_dags/example_subdag_operator.py
[2022-11-12T04:38:57.564+0000] {processor.py:758} INFO - Processing file /home/airflow/.local/lib/python3.7/site-packages/airflow/example_dags/example_subdag_operator.py for tasks to queue
[2022-11-12T04:38:57.565+0000] {logging_mixin.py:117} INFO - [2022-11-12T04:38:57.565+0000] {dagbag.py:525} INFO - Filling up the DagBag from /home/airflow/.local/lib/python3.7/site-packages/airflow/example_dags/example_subdag_operator.py
[2022-11-12T04:38:57.593+0000] {processor.py:768} INFO - DAG(s) dict_keys(['example_subdag_operator.section-1', 'example_subdag_operator.section-2', 'example_subdag_operator']) retrieved from /home/airflow/.local/lib/python3.7/site-packages/airflow/example_dags/example_subdag_operator.py
[2022-11-12T04:38:57.685+0000] {logging_mixin.py:117} INFO - [2022-11-12T04:38:57.685+0000] {dag.py:2573} INFO - Sync 3 DAGs
[2022-11-12T04:38:57.707+0000] {logging_mixin.py:117} INFO - [2022-11-12T04:38:57.707+0000] {dag.py:3328} INFO - Setting next_dagrun for example_subdag_operator to 2022-01-01T00:00:00+00:00, run_after=2022-01-01T00:00:00+00:00
[2022-11-12T04:38:57.711+0000] {logging_mixin.py:117} INFO - [2022-11-12T04:38:57.711+0000] {dag.py:3328} INFO - Setting next_dagrun for example_subdag_operator.section-1 to None, run_after=None
[2022-11-12T04:38:57.712+0000] {logging_mixin.py:117} INFO - [2022-11-12T04:38:57.712+0000] {dag.py:3328} INFO - Setting next_dagrun for example_subdag_operator.section-2 to None, run_after=None
[2022-11-12T04:38:57.716+0000] {logging_mixin.py:117} INFO - [2022-11-12T04:38:57.716+0000] {dag.py:2573} INFO - Sync 2 DAGs
[2022-11-12T04:38:57.720+0000] {logging_mixin.py:117} INFO - [2022-11-12T04:38:57.720+0000] {dag.py:3328} INFO - Setting next_dagrun for example_subdag_operator.section-1 to None, run_after=None
[2022-11-12T04:38:57.722+0000] {logging_mixin.py:117} INFO - [2022-11-12T04:38:57.722+0000] {dag.py:3328} INFO - Setting next_dagrun for example_subdag_operator.section-2 to None, run_after=None
[2022-11-12T04:38:57.731+0000] {processor.py:178} INFO - Processing /home/airflow/.local/lib/python3.7/site-packages/airflow/example_dags/example_subdag_operator.py took 0.174 seconds
[2022-11-12T06:17:44.174+0000] {processor.py:156} INFO - Started process (PID=14994) to work on /home/airflow/.local/lib/python3.7/site-packages/airflow/example_dags/example_subdag_operator.py
[2022-11-12T06:17:44.177+0000] {processor.py:758} INFO - Processing file /home/airflow/.local/lib/python3.7/site-packages/airflow/example_dags/example_subdag_operator.py for tasks to queue
[2022-11-12T06:17:44.178+0000] {logging_mixin.py:117} INFO - [2022-11-12T06:17:44.177+0000] {dagbag.py:525} INFO - Filling up the DagBag from /home/airflow/.local/lib/python3.7/site-packages/airflow/example_dags/example_subdag_operator.py
[2022-11-12T06:17:44.217+0000] {processor.py:768} INFO - DAG(s) dict_keys(['example_subdag_operator.section-1', 'example_subdag_operator.section-2', 'example_subdag_operator']) retrieved from /home/airflow/.local/lib/python3.7/site-packages/airflow/example_dags/example_subdag_operator.py
[2022-11-12T06:17:44.335+0000] {logging_mixin.py:117} INFO - [2022-11-12T06:17:44.335+0000] {dag.py:2573} INFO - Sync 3 DAGs
[2022-11-12T06:17:44.362+0000] {logging_mixin.py:117} INFO - [2022-11-12T06:17:44.362+0000] {dag.py:3328} INFO - Setting next_dagrun for example_subdag_operator to 2022-01-01T00:00:00+00:00, run_after=2022-01-01T00:00:00+00:00
[2022-11-12T06:17:44.368+0000] {logging_mixin.py:117} INFO - [2022-11-12T06:17:44.368+0000] {dag.py:3328} INFO - Setting next_dagrun for example_subdag_operator.section-1 to None, run_after=None
[2022-11-12T06:17:44.369+0000] {logging_mixin.py:117} INFO - [2022-11-12T06:17:44.369+0000] {dag.py:3328} INFO - Setting next_dagrun for example_subdag_operator.section-2 to None, run_after=None
[2022-11-12T06:17:44.377+0000] {logging_mixin.py:117} INFO - [2022-11-12T06:17:44.377+0000] {dag.py:2573} INFO - Sync 2 DAGs
[2022-11-12T06:17:44.386+0000] {logging_mixin.py:117} INFO - [2022-11-12T06:17:44.386+0000] {dag.py:3328} INFO - Setting next_dagrun for example_subdag_operator.section-1 to None, run_after=None
[2022-11-12T06:17:44.387+0000] {logging_mixin.py:117} INFO - [2022-11-12T06:17:44.387+0000] {dag.py:3328} INFO - Setting next_dagrun for example_subdag_operator.section-2 to None, run_after=None
[2022-11-12T06:17:44.397+0000] {processor.py:178} INFO - Processing /home/airflow/.local/lib/python3.7/site-packages/airflow/example_dags/example_subdag_operator.py took 0.226 seconds
[2022-11-12T07:26:47.020+0000] {processor.py:156} INFO - Started process (PID=15058) to work on /home/airflow/.local/lib/python3.7/site-packages/airflow/example_dags/example_subdag_operator.py
[2022-11-12T07:26:47.024+0000] {processor.py:758} INFO - Processing file /home/airflow/.local/lib/python3.7/site-packages/airflow/example_dags/example_subdag_operator.py for tasks to queue
[2022-11-12T07:26:47.030+0000] {logging_mixin.py:117} INFO - [2022-11-12T07:26:47.030+0000] {dagbag.py:525} INFO - Filling up the DagBag from /home/airflow/.local/lib/python3.7/site-packages/airflow/example_dags/example_subdag_operator.py
[2022-11-12T07:26:47.121+0000] {processor.py:768} INFO - DAG(s) dict_keys(['example_subdag_operator.section-1', 'example_subdag_operator.section-2', 'example_subdag_operator']) retrieved from /home/airflow/.local/lib/python3.7/site-packages/airflow/example_dags/example_subdag_operator.py
[2022-11-12T07:26:48.057+0000] {logging_mixin.py:117} INFO - [2022-11-12T07:26:48.049+0000] {dag.py:2573} INFO - Sync 3 DAGs
[2022-11-12T07:26:48.226+0000] {logging_mixin.py:117} INFO - [2022-11-12T07:26:48.226+0000] {dag.py:3328} INFO - Setting next_dagrun for example_subdag_operator to 2022-01-01T00:00:00+00:00, run_after=2022-01-01T00:00:00+00:00
[2022-11-12T07:26:48.239+0000] {logging_mixin.py:117} INFO - [2022-11-12T07:26:48.239+0000] {dag.py:3328} INFO - Setting next_dagrun for example_subdag_operator.section-1 to None, run_after=None
[2022-11-12T07:26:48.273+0000] {logging_mixin.py:117} INFO - [2022-11-12T07:26:48.273+0000] {dag.py:3328} INFO - Setting next_dagrun for example_subdag_operator.section-2 to None, run_after=None
[2022-11-12T07:26:48.424+0000] {logging_mixin.py:117} INFO - [2022-11-12T07:26:48.424+0000] {dag.py:2573} INFO - Sync 2 DAGs
[2022-11-12T07:26:48.466+0000] {logging_mixin.py:117} INFO - [2022-11-12T07:26:48.466+0000] {dag.py:3328} INFO - Setting next_dagrun for example_subdag_operator.section-1 to None, run_after=None
[2022-11-12T07:26:48.482+0000] {logging_mixin.py:117} INFO - [2022-11-12T07:26:48.482+0000] {dag.py:3328} INFO - Setting next_dagrun for example_subdag_operator.section-2 to None, run_after=None
[2022-11-12T07:26:49.595+0000] {processor.py:178} INFO - Processing /home/airflow/.local/lib/python3.7/site-packages/airflow/example_dags/example_subdag_operator.py took 2.585 seconds
[2022-11-12T08:48:56.392+0000] {processor.py:156} INFO - Started process (PID=15120) to work on /home/airflow/.local/lib/python3.7/site-packages/airflow/example_dags/example_subdag_operator.py
[2022-11-12T08:48:56.398+0000] {processor.py:758} INFO - Processing file /home/airflow/.local/lib/python3.7/site-packages/airflow/example_dags/example_subdag_operator.py for tasks to queue
[2022-11-12T08:48:56.404+0000] {logging_mixin.py:117} INFO - [2022-11-12T08:48:56.403+0000] {dagbag.py:525} INFO - Filling up the DagBag from /home/airflow/.local/lib/python3.7/site-packages/airflow/example_dags/example_subdag_operator.py
[2022-11-12T08:48:56.798+0000] {processor.py:768} INFO - DAG(s) dict_keys(['example_subdag_operator.section-1', 'example_subdag_operator.section-2', 'example_subdag_operator']) retrieved from /home/airflow/.local/lib/python3.7/site-packages/airflow/example_dags/example_subdag_operator.py
[2022-11-12T08:48:57.658+0000] {logging_mixin.py:117} INFO - [2022-11-12T08:48:57.658+0000] {dag.py:2573} INFO - Sync 3 DAGs
[2022-11-12T08:48:57.743+0000] {logging_mixin.py:117} INFO - [2022-11-12T08:48:57.741+0000] {dag.py:3328} INFO - Setting next_dagrun for example_subdag_operator to 2022-01-01T00:00:00+00:00, run_after=2022-01-01T00:00:00+00:00
[2022-11-12T08:48:57.757+0000] {logging_mixin.py:117} INFO - [2022-11-12T08:48:57.757+0000] {dag.py:3328} INFO - Setting next_dagrun for example_subdag_operator.section-1 to None, run_after=None
[2022-11-12T08:48:57.767+0000] {logging_mixin.py:117} INFO - [2022-11-12T08:48:57.767+0000] {dag.py:3328} INFO - Setting next_dagrun for example_subdag_operator.section-2 to None, run_after=None
[2022-11-12T08:48:57.788+0000] {logging_mixin.py:117} INFO - [2022-11-12T08:48:57.787+0000] {dag.py:2573} INFO - Sync 2 DAGs
[2022-11-12T08:48:57.827+0000] {logging_mixin.py:117} INFO - [2022-11-12T08:48:57.827+0000] {dag.py:3328} INFO - Setting next_dagrun for example_subdag_operator.section-1 to None, run_after=None
[2022-11-12T08:48:57.830+0000] {logging_mixin.py:117} INFO - [2022-11-12T08:48:57.829+0000] {dag.py:3328} INFO - Setting next_dagrun for example_subdag_operator.section-2 to None, run_after=None
[2022-11-12T08:48:57.867+0000] {processor.py:178} INFO - Processing /home/airflow/.local/lib/python3.7/site-packages/airflow/example_dags/example_subdag_operator.py took 1.491 seconds
[2022-11-12T09:40:08.141+0000] {processor.py:156} INFO - Started process (PID=15175) to work on /home/airflow/.local/lib/python3.7/site-packages/airflow/example_dags/example_subdag_operator.py
[2022-11-12T09:40:08.150+0000] {processor.py:758} INFO - Processing file /home/airflow/.local/lib/python3.7/site-packages/airflow/example_dags/example_subdag_operator.py for tasks to queue
[2022-11-12T09:40:08.166+0000] {logging_mixin.py:117} INFO - [2022-11-12T09:40:08.165+0000] {dagbag.py:525} INFO - Filling up the DagBag from /home/airflow/.local/lib/python3.7/site-packages/airflow/example_dags/example_subdag_operator.py
[2022-11-12T09:40:08.754+0000] {processor.py:768} INFO - DAG(s) dict_keys(['example_subdag_operator.section-1', 'example_subdag_operator.section-2', 'example_subdag_operator']) retrieved from /home/airflow/.local/lib/python3.7/site-packages/airflow/example_dags/example_subdag_operator.py
[2022-11-12T09:40:09.510+0000] {logging_mixin.py:117} INFO - [2022-11-12T09:40:09.509+0000] {dag.py:2573} INFO - Sync 3 DAGs
[2022-11-12T09:40:09.652+0000] {logging_mixin.py:117} INFO - [2022-11-12T09:40:09.650+0000] {dag.py:3328} INFO - Setting next_dagrun for example_subdag_operator to 2022-01-01T00:00:00+00:00, run_after=2022-01-01T00:00:00+00:00
[2022-11-12T09:40:09.674+0000] {logging_mixin.py:117} INFO - [2022-11-12T09:40:09.673+0000] {dag.py:3328} INFO - Setting next_dagrun for example_subdag_operator.section-1 to None, run_after=None
[2022-11-12T09:40:09.681+0000] {logging_mixin.py:117} INFO - [2022-11-12T09:40:09.681+0000] {dag.py:3328} INFO - Setting next_dagrun for example_subdag_operator.section-2 to None, run_after=None
[2022-11-12T09:40:09.722+0000] {logging_mixin.py:117} INFO - [2022-11-12T09:40:09.722+0000] {dag.py:2573} INFO - Sync 2 DAGs
[2022-11-12T09:40:09.778+0000] {logging_mixin.py:117} INFO - [2022-11-12T09:40:09.777+0000] {dag.py:3328} INFO - Setting next_dagrun for example_subdag_operator.section-1 to None, run_after=None
[2022-11-12T09:40:09.786+0000] {logging_mixin.py:117} INFO - [2022-11-12T09:40:09.786+0000] {dag.py:3328} INFO - Setting next_dagrun for example_subdag_operator.section-2 to None, run_after=None
[2022-11-12T09:40:09.826+0000] {processor.py:178} INFO - Processing /home/airflow/.local/lib/python3.7/site-packages/airflow/example_dags/example_subdag_operator.py took 1.877 seconds
[2022-11-12T11:02:42.407+0000] {processor.py:156} INFO - Started process (PID=15230) to work on /home/airflow/.local/lib/python3.7/site-packages/airflow/example_dags/example_subdag_operator.py
[2022-11-12T11:02:42.415+0000] {processor.py:758} INFO - Processing file /home/airflow/.local/lib/python3.7/site-packages/airflow/example_dags/example_subdag_operator.py for tasks to queue
[2022-11-12T11:02:42.424+0000] {logging_mixin.py:117} INFO - [2022-11-12T11:02:42.424+0000] {dagbag.py:525} INFO - Filling up the DagBag from /home/airflow/.local/lib/python3.7/site-packages/airflow/example_dags/example_subdag_operator.py
[2022-11-12T11:02:42.567+0000] {processor.py:768} INFO - DAG(s) dict_keys(['example_subdag_operator.section-1', 'example_subdag_operator.section-2', 'example_subdag_operator']) retrieved from /home/airflow/.local/lib/python3.7/site-packages/airflow/example_dags/example_subdag_operator.py
[2022-11-12T11:02:43.241+0000] {logging_mixin.py:117} INFO - [2022-11-12T11:02:43.238+0000] {dag.py:2573} INFO - Sync 3 DAGs
[2022-11-12T11:02:43.327+0000] {logging_mixin.py:117} INFO - [2022-11-12T11:02:43.327+0000] {dag.py:3328} INFO - Setting next_dagrun for example_subdag_operator to 2022-01-01T00:00:00+00:00, run_after=2022-01-01T00:00:00+00:00
[2022-11-12T11:02:43.351+0000] {logging_mixin.py:117} INFO - [2022-11-12T11:02:43.351+0000] {dag.py:3328} INFO - Setting next_dagrun for example_subdag_operator.section-1 to None, run_after=None
[2022-11-12T11:02:43.358+0000] {logging_mixin.py:117} INFO - [2022-11-12T11:02:43.358+0000] {dag.py:3328} INFO - Setting next_dagrun for example_subdag_operator.section-2 to None, run_after=None
[2022-11-12T11:02:43.419+0000] {logging_mixin.py:117} INFO - [2022-11-12T11:02:43.418+0000] {dag.py:2573} INFO - Sync 2 DAGs
[2022-11-12T11:02:43.438+0000] {logging_mixin.py:117} INFO - [2022-11-12T11:02:43.438+0000] {dag.py:3328} INFO - Setting next_dagrun for example_subdag_operator.section-1 to None, run_after=None
[2022-11-12T11:02:43.443+0000] {logging_mixin.py:117} INFO - [2022-11-12T11:02:43.442+0000] {dag.py:3328} INFO - Setting next_dagrun for example_subdag_operator.section-2 to None, run_after=None
[2022-11-12T11:02:43.474+0000] {processor.py:178} INFO - Processing /home/airflow/.local/lib/python3.7/site-packages/airflow/example_dags/example_subdag_operator.py took 1.076 seconds
[2022-11-12T12:39:44.869+0000] {processor.py:156} INFO - Started process (PID=15285) to work on /home/airflow/.local/lib/python3.7/site-packages/airflow/example_dags/example_subdag_operator.py
[2022-11-12T12:39:44.873+0000] {processor.py:758} INFO - Processing file /home/airflow/.local/lib/python3.7/site-packages/airflow/example_dags/example_subdag_operator.py for tasks to queue
[2022-11-12T12:39:44.879+0000] {logging_mixin.py:117} INFO - [2022-11-12T12:39:44.878+0000] {dagbag.py:525} INFO - Filling up the DagBag from /home/airflow/.local/lib/python3.7/site-packages/airflow/example_dags/example_subdag_operator.py
[2022-11-12T12:39:44.946+0000] {processor.py:768} INFO - DAG(s) dict_keys(['example_subdag_operator.section-1', 'example_subdag_operator.section-2', 'example_subdag_operator']) retrieved from /home/airflow/.local/lib/python3.7/site-packages/airflow/example_dags/example_subdag_operator.py
[2022-11-12T12:39:45.195+0000] {logging_mixin.py:117} INFO - [2022-11-12T12:39:45.195+0000] {dag.py:2573} INFO - Sync 3 DAGs
[2022-11-12T12:39:45.245+0000] {logging_mixin.py:117} INFO - [2022-11-12T12:39:45.245+0000] {dag.py:3328} INFO - Setting next_dagrun for example_subdag_operator to 2022-01-01T00:00:00+00:00, run_after=2022-01-01T00:00:00+00:00
[2022-11-12T12:39:45.253+0000] {logging_mixin.py:117} INFO - [2022-11-12T12:39:45.253+0000] {dag.py:3328} INFO - Setting next_dagrun for example_subdag_operator.section-1 to None, run_after=None
[2022-11-12T12:39:45.256+0000] {logging_mixin.py:117} INFO - [2022-11-12T12:39:45.256+0000] {dag.py:3328} INFO - Setting next_dagrun for example_subdag_operator.section-2 to None, run_after=None
[2022-11-12T12:39:45.268+0000] {logging_mixin.py:117} INFO - [2022-11-12T12:39:45.268+0000] {dag.py:2573} INFO - Sync 2 DAGs
[2022-11-12T12:39:45.276+0000] {logging_mixin.py:117} INFO - [2022-11-12T12:39:45.276+0000] {dag.py:3328} INFO - Setting next_dagrun for example_subdag_operator.section-1 to None, run_after=None
[2022-11-12T12:39:45.278+0000] {logging_mixin.py:117} INFO - [2022-11-12T12:39:45.278+0000] {dag.py:3328} INFO - Setting next_dagrun for example_subdag_operator.section-2 to None, run_after=None
[2022-11-12T12:39:45.298+0000] {processor.py:178} INFO - Processing /home/airflow/.local/lib/python3.7/site-packages/airflow/example_dags/example_subdag_operator.py took 0.440 seconds
[2022-11-12T14:03:43.804+0000] {processor.py:156} INFO - Started process (PID=15339) to work on /home/airflow/.local/lib/python3.7/site-packages/airflow/example_dags/example_subdag_operator.py
[2022-11-12T14:03:43.806+0000] {processor.py:758} INFO - Processing file /home/airflow/.local/lib/python3.7/site-packages/airflow/example_dags/example_subdag_operator.py for tasks to queue
[2022-11-12T14:03:43.808+0000] {logging_mixin.py:117} INFO - [2022-11-12T14:03:43.808+0000] {dagbag.py:525} INFO - Filling up the DagBag from /home/airflow/.local/lib/python3.7/site-packages/airflow/example_dags/example_subdag_operator.py
[2022-11-12T14:03:43.830+0000] {processor.py:768} INFO - DAG(s) dict_keys(['example_subdag_operator.section-1', 'example_subdag_operator.section-2', 'example_subdag_operator']) retrieved from /home/airflow/.local/lib/python3.7/site-packages/airflow/example_dags/example_subdag_operator.py
[2022-11-12T14:03:43.931+0000] {logging_mixin.py:117} INFO - [2022-11-12T14:03:43.931+0000] {dag.py:2573} INFO - Sync 3 DAGs
[2022-11-12T14:03:43.947+0000] {logging_mixin.py:117} INFO - [2022-11-12T14:03:43.947+0000] {dag.py:3328} INFO - Setting next_dagrun for example_subdag_operator to 2022-01-01T00:00:00+00:00, run_after=2022-01-01T00:00:00+00:00
[2022-11-12T14:03:43.951+0000] {logging_mixin.py:117} INFO - [2022-11-12T14:03:43.951+0000] {dag.py:3328} INFO - Setting next_dagrun for example_subdag_operator.section-1 to None, run_after=None
[2022-11-12T14:03:43.952+0000] {logging_mixin.py:117} INFO - [2022-11-12T14:03:43.952+0000] {dag.py:3328} INFO - Setting next_dagrun for example_subdag_operator.section-2 to None, run_after=None
[2022-11-12T14:03:43.958+0000] {logging_mixin.py:117} INFO - [2022-11-12T14:03:43.957+0000] {dag.py:2573} INFO - Sync 2 DAGs
[2022-11-12T14:03:43.964+0000] {logging_mixin.py:117} INFO - [2022-11-12T14:03:43.964+0000] {dag.py:3328} INFO - Setting next_dagrun for example_subdag_operator.section-1 to None, run_after=None
[2022-11-12T14:03:43.965+0000] {logging_mixin.py:117} INFO - [2022-11-12T14:03:43.965+0000] {dag.py:3328} INFO - Setting next_dagrun for example_subdag_operator.section-2 to None, run_after=None
[2022-11-12T14:03:43.972+0000] {processor.py:178} INFO - Processing /home/airflow/.local/lib/python3.7/site-packages/airflow/example_dags/example_subdag_operator.py took 0.170 seconds
[2022-11-12T15:28:42.770+0000] {processor.py:156} INFO - Started process (PID=15404) to work on /home/airflow/.local/lib/python3.7/site-packages/airflow/example_dags/example_subdag_operator.py
[2022-11-12T15:28:42.773+0000] {processor.py:758} INFO - Processing file /home/airflow/.local/lib/python3.7/site-packages/airflow/example_dags/example_subdag_operator.py for tasks to queue
[2022-11-12T15:28:42.775+0000] {logging_mixin.py:117} INFO - [2022-11-12T15:28:42.775+0000] {dagbag.py:525} INFO - Filling up the DagBag from /home/airflow/.local/lib/python3.7/site-packages/airflow/example_dags/example_subdag_operator.py
[2022-11-12T15:28:42.859+0000] {processor.py:768} INFO - DAG(s) dict_keys(['example_subdag_operator.section-1', 'example_subdag_operator.section-2', 'example_subdag_operator']) retrieved from /home/airflow/.local/lib/python3.7/site-packages/airflow/example_dags/example_subdag_operator.py
[2022-11-12T15:28:43.056+0000] {logging_mixin.py:117} INFO - [2022-11-12T15:28:43.056+0000] {dag.py:2573} INFO - Sync 3 DAGs
[2022-11-12T15:28:43.078+0000] {logging_mixin.py:117} INFO - [2022-11-12T15:28:43.078+0000] {dag.py:3328} INFO - Setting next_dagrun for example_subdag_operator to 2022-01-01T00:00:00+00:00, run_after=2022-01-01T00:00:00+00:00
[2022-11-12T15:28:43.081+0000] {logging_mixin.py:117} INFO - [2022-11-12T15:28:43.081+0000] {dag.py:3328} INFO - Setting next_dagrun for example_subdag_operator.section-1 to None, run_after=None
[2022-11-12T15:28:43.085+0000] {logging_mixin.py:117} INFO - [2022-11-12T15:28:43.085+0000] {dag.py:3328} INFO - Setting next_dagrun for example_subdag_operator.section-2 to None, run_after=None
[2022-11-12T15:28:43.093+0000] {logging_mixin.py:117} INFO - [2022-11-12T15:28:43.093+0000] {dag.py:2573} INFO - Sync 2 DAGs
[2022-11-12T15:28:43.110+0000] {logging_mixin.py:117} INFO - [2022-11-12T15:28:43.110+0000] {dag.py:3328} INFO - Setting next_dagrun for example_subdag_operator.section-1 to None, run_after=None
[2022-11-12T15:28:43.117+0000] {logging_mixin.py:117} INFO - [2022-11-12T15:28:43.117+0000] {dag.py:3328} INFO - Setting next_dagrun for example_subdag_operator.section-2 to None, run_after=None
[2022-11-12T15:28:43.132+0000] {processor.py:178} INFO - Processing /home/airflow/.local/lib/python3.7/site-packages/airflow/example_dags/example_subdag_operator.py took 0.368 seconds
[2022-11-12T16:51:24.525+0000] {processor.py:156} INFO - Started process (PID=15469) to work on /home/airflow/.local/lib/python3.7/site-packages/airflow/example_dags/example_subdag_operator.py
[2022-11-12T16:51:24.533+0000] {processor.py:758} INFO - Processing file /home/airflow/.local/lib/python3.7/site-packages/airflow/example_dags/example_subdag_operator.py for tasks to queue
[2022-11-12T16:51:24.539+0000] {logging_mixin.py:117} INFO - [2022-11-12T16:51:24.538+0000] {dagbag.py:525} INFO - Filling up the DagBag from /home/airflow/.local/lib/python3.7/site-packages/airflow/example_dags/example_subdag_operator.py
[2022-11-12T16:51:24.891+0000] {processor.py:768} INFO - DAG(s) dict_keys(['example_subdag_operator.section-1', 'example_subdag_operator.section-2', 'example_subdag_operator']) retrieved from /home/airflow/.local/lib/python3.7/site-packages/airflow/example_dags/example_subdag_operator.py
[2022-11-12T16:51:26.036+0000] {logging_mixin.py:117} INFO - [2022-11-12T16:51:26.032+0000] {dag.py:2573} INFO - Sync 3 DAGs
[2022-11-12T16:51:26.158+0000] {logging_mixin.py:117} INFO - [2022-11-12T16:51:26.157+0000] {dag.py:3328} INFO - Setting next_dagrun for example_subdag_operator to 2022-01-01T00:00:00+00:00, run_after=2022-01-01T00:00:00+00:00
[2022-11-12T16:51:26.213+0000] {logging_mixin.py:117} INFO - [2022-11-12T16:51:26.213+0000] {dag.py:3328} INFO - Setting next_dagrun for example_subdag_operator.section-1 to None, run_after=None
[2022-11-12T16:51:26.250+0000] {logging_mixin.py:117} INFO - [2022-11-12T16:51:26.249+0000] {dag.py:3328} INFO - Setting next_dagrun for example_subdag_operator.section-2 to None, run_after=None
[2022-11-12T16:51:26.339+0000] {logging_mixin.py:117} INFO - [2022-11-12T16:51:26.338+0000] {dag.py:2573} INFO - Sync 2 DAGs
[2022-11-12T16:51:26.364+0000] {logging_mixin.py:117} INFO - [2022-11-12T16:51:26.364+0000] {dag.py:3328} INFO - Setting next_dagrun for example_subdag_operator.section-1 to None, run_after=None
[2022-11-12T16:51:26.368+0000] {logging_mixin.py:117} INFO - [2022-11-12T16:51:26.367+0000] {dag.py:3328} INFO - Setting next_dagrun for example_subdag_operator.section-2 to None, run_after=None
[2022-11-12T16:51:26.549+0000] {processor.py:178} INFO - Processing /home/airflow/.local/lib/python3.7/site-packages/airflow/example_dags/example_subdag_operator.py took 2.039 seconds
[2022-11-12T18:32:37.576+0000] {processor.py:156} INFO - Started process (PID=15524) to work on /home/airflow/.local/lib/python3.7/site-packages/airflow/example_dags/example_subdag_operator.py
[2022-11-12T18:32:37.586+0000] {processor.py:758} INFO - Processing file /home/airflow/.local/lib/python3.7/site-packages/airflow/example_dags/example_subdag_operator.py for tasks to queue
[2022-11-12T18:32:37.592+0000] {logging_mixin.py:117} INFO - [2022-11-12T18:32:37.591+0000] {dagbag.py:525} INFO - Filling up the DagBag from /home/airflow/.local/lib/python3.7/site-packages/airflow/example_dags/example_subdag_operator.py
[2022-11-12T18:32:37.645+0000] {processor.py:768} INFO - DAG(s) dict_keys(['example_subdag_operator.section-1', 'example_subdag_operator.section-2', 'example_subdag_operator']) retrieved from /home/airflow/.local/lib/python3.7/site-packages/airflow/example_dags/example_subdag_operator.py
[2022-11-12T18:32:37.846+0000] {logging_mixin.py:117} INFO - [2022-11-12T18:32:37.846+0000] {dag.py:2573} INFO - Sync 3 DAGs
[2022-11-12T18:32:37.879+0000] {logging_mixin.py:117} INFO - [2022-11-12T18:32:37.879+0000] {dag.py:3328} INFO - Setting next_dagrun for example_subdag_operator to 2022-01-01T00:00:00+00:00, run_after=2022-01-01T00:00:00+00:00
[2022-11-12T18:32:37.888+0000] {logging_mixin.py:117} INFO - [2022-11-12T18:32:37.887+0000] {dag.py:3328} INFO - Setting next_dagrun for example_subdag_operator.section-1 to None, run_after=None
[2022-11-12T18:32:37.890+0000] {logging_mixin.py:117} INFO - [2022-11-12T18:32:37.890+0000] {dag.py:3328} INFO - Setting next_dagrun for example_subdag_operator.section-2 to None, run_after=None
[2022-11-12T18:32:37.901+0000] {logging_mixin.py:117} INFO - [2022-11-12T18:32:37.900+0000] {dag.py:2573} INFO - Sync 2 DAGs
[2022-11-12T18:32:37.913+0000] {logging_mixin.py:117} INFO - [2022-11-12T18:32:37.912+0000] {dag.py:3328} INFO - Setting next_dagrun for example_subdag_operator.section-1 to None, run_after=None
[2022-11-12T18:32:37.914+0000] {logging_mixin.py:117} INFO - [2022-11-12T18:32:37.914+0000] {dag.py:3328} INFO - Setting next_dagrun for example_subdag_operator.section-2 to None, run_after=None
[2022-11-12T18:32:37.943+0000] {processor.py:178} INFO - Processing /home/airflow/.local/lib/python3.7/site-packages/airflow/example_dags/example_subdag_operator.py took 0.371 seconds
[2022-11-12T19:24:29.898+0000] {processor.py:156} INFO - Started process (PID=15580) to work on /home/airflow/.local/lib/python3.7/site-packages/airflow/example_dags/example_subdag_operator.py
[2022-11-12T19:24:29.920+0000] {processor.py:758} INFO - Processing file /home/airflow/.local/lib/python3.7/site-packages/airflow/example_dags/example_subdag_operator.py for tasks to queue
[2022-11-12T19:24:29.934+0000] {logging_mixin.py:117} INFO - [2022-11-12T19:24:29.934+0000] {dagbag.py:525} INFO - Filling up the DagBag from /home/airflow/.local/lib/python3.7/site-packages/airflow/example_dags/example_subdag_operator.py
[2022-11-12T19:24:30.232+0000] {processor.py:768} INFO - DAG(s) dict_keys(['example_subdag_operator.section-1', 'example_subdag_operator.section-2', 'example_subdag_operator']) retrieved from /home/airflow/.local/lib/python3.7/site-packages/airflow/example_dags/example_subdag_operator.py
[2022-11-12T19:24:31.131+0000] {logging_mixin.py:117} INFO - [2022-11-12T19:24:31.128+0000] {dag.py:2573} INFO - Sync 3 DAGs
[2022-11-12T19:24:31.307+0000] {logging_mixin.py:117} INFO - [2022-11-12T19:24:31.306+0000] {dag.py:3328} INFO - Setting next_dagrun for example_subdag_operator to 2022-01-01T00:00:00+00:00, run_after=2022-01-01T00:00:00+00:00
[2022-11-12T19:24:31.331+0000] {logging_mixin.py:117} INFO - [2022-11-12T19:24:31.330+0000] {dag.py:3328} INFO - Setting next_dagrun for example_subdag_operator.section-1 to None, run_after=None
[2022-11-12T19:24:31.339+0000] {logging_mixin.py:117} INFO - [2022-11-12T19:24:31.339+0000] {dag.py:3328} INFO - Setting next_dagrun for example_subdag_operator.section-2 to None, run_after=None
[2022-11-12T19:24:31.382+0000] {logging_mixin.py:117} INFO - [2022-11-12T19:24:31.381+0000] {dag.py:2573} INFO - Sync 2 DAGs
[2022-11-12T19:24:31.425+0000] {logging_mixin.py:117} INFO - [2022-11-12T19:24:31.425+0000] {dag.py:3328} INFO - Setting next_dagrun for example_subdag_operator.section-1 to None, run_after=None
[2022-11-12T19:24:31.434+0000] {logging_mixin.py:117} INFO - [2022-11-12T19:24:31.434+0000] {dag.py:3328} INFO - Setting next_dagrun for example_subdag_operator.section-2 to None, run_after=None
[2022-11-12T19:24:31.556+0000] {processor.py:178} INFO - Processing /home/airflow/.local/lib/python3.7/site-packages/airflow/example_dags/example_subdag_operator.py took 1.674 seconds
