[2022-11-12T00:30:39.939+0000] {processor.py:156} INFO - Started process (PID=14728) to work on /home/airflow/.local/lib/python3.7/site-packages/airflow/example_dags/example_datasets.py
[2022-11-12T00:30:39.942+0000] {processor.py:758} INFO - Processing file /home/airflow/.local/lib/python3.7/site-packages/airflow/example_dags/example_datasets.py for tasks to queue
[2022-11-12T00:30:39.948+0000] {logging_mixin.py:117} INFO - [2022-11-12T00:30:39.948+0000] {dagbag.py:525} INFO - Filling up the DagBag from /home/airflow/.local/lib/python3.7/site-packages/airflow/example_dags/example_datasets.py
[2022-11-12T00:30:39.982+0000] {processor.py:768} INFO - DAG(s) dict_keys(['dataset_produces_2', 'dataset_consumes_1', 'dataset_produces_1', 'dataset_consumes_1_and_2', 'dataset_consumes_1_never_scheduled', 'dataset_consumes_unknown_never_scheduled']) retrieved from /home/airflow/.local/lib/python3.7/site-packages/airflow/example_dags/example_datasets.py
[2022-11-12T00:30:40.092+0000] {logging_mixin.py:117} INFO - [2022-11-12T00:30:40.092+0000] {dag.py:2573} INFO - Sync 6 DAGs
[2022-11-12T00:30:40.181+0000] {logging_mixin.py:117} INFO - [2022-11-12T00:30:40.181+0000] {dag.py:3328} INFO - Setting next_dagrun for dataset_consumes_1 to None, run_after=None
[2022-11-12T00:30:40.219+0000] {logging_mixin.py:117} INFO - [2022-11-12T00:30:40.219+0000] {dag.py:3328} INFO - Setting next_dagrun for dataset_consumes_1_and_2 to None, run_after=None
[2022-11-12T00:30:40.239+0000] {logging_mixin.py:117} INFO - [2022-11-12T00:30:40.239+0000] {dag.py:3328} INFO - Setting next_dagrun for dataset_consumes_1_never_scheduled to None, run_after=None
[2022-11-12T00:30:40.244+0000] {logging_mixin.py:117} INFO - [2022-11-12T00:30:40.244+0000] {dag.py:3328} INFO - Setting next_dagrun for dataset_consumes_unknown_never_scheduled to None, run_after=None
[2022-11-12T00:30:40.268+0000] {logging_mixin.py:117} INFO - [2022-11-12T00:30:40.268+0000] {dag.py:3328} INFO - Setting next_dagrun for dataset_produces_1 to 2022-11-11T00:00:00+00:00, run_after=2022-11-12T00:00:00+00:00
[2022-11-12T00:30:40.273+0000] {logging_mixin.py:117} INFO - [2022-11-12T00:30:40.273+0000] {dag.py:3328} INFO - Setting next_dagrun for dataset_produces_2 to None, run_after=None
[2022-11-12T00:30:40.314+0000] {processor.py:178} INFO - Processing /home/airflow/.local/lib/python3.7/site-packages/airflow/example_dags/example_datasets.py took 0.421 seconds
[2022-11-12T01:49:59.228+0000] {processor.py:156} INFO - Started process (PID=14793) to work on /home/airflow/.local/lib/python3.7/site-packages/airflow/example_dags/example_datasets.py
[2022-11-12T01:49:59.230+0000] {processor.py:758} INFO - Processing file /home/airflow/.local/lib/python3.7/site-packages/airflow/example_dags/example_datasets.py for tasks to queue
[2022-11-12T01:49:59.242+0000] {logging_mixin.py:117} INFO - [2022-11-12T01:49:59.242+0000] {dagbag.py:525} INFO - Filling up the DagBag from /home/airflow/.local/lib/python3.7/site-packages/airflow/example_dags/example_datasets.py
[2022-11-12T01:49:59.272+0000] {processor.py:768} INFO - DAG(s) dict_keys(['dataset_consumes_1', 'dataset_consumes_1_never_scheduled', 'dataset_consumes_1_and_2', 'dataset_produces_1', 'dataset_produces_2', 'dataset_consumes_unknown_never_scheduled']) retrieved from /home/airflow/.local/lib/python3.7/site-packages/airflow/example_dags/example_datasets.py
[2022-11-12T01:49:59.372+0000] {logging_mixin.py:117} INFO - [2022-11-12T01:49:59.372+0000] {dag.py:2573} INFO - Sync 6 DAGs
[2022-11-12T01:49:59.398+0000] {logging_mixin.py:117} INFO - [2022-11-12T01:49:59.398+0000] {dag.py:3328} INFO - Setting next_dagrun for dataset_consumes_1 to None, run_after=None
[2022-11-12T01:49:59.402+0000] {logging_mixin.py:117} INFO - [2022-11-12T01:49:59.402+0000] {dag.py:3328} INFO - Setting next_dagrun for dataset_consumes_1_and_2 to None, run_after=None
[2022-11-12T01:49:59.404+0000] {logging_mixin.py:117} INFO - [2022-11-12T01:49:59.404+0000] {dag.py:3328} INFO - Setting next_dagrun for dataset_consumes_1_never_scheduled to None, run_after=None
[2022-11-12T01:49:59.406+0000] {logging_mixin.py:117} INFO - [2022-11-12T01:49:59.406+0000] {dag.py:3328} INFO - Setting next_dagrun for dataset_consumes_unknown_never_scheduled to None, run_after=None
[2022-11-12T01:49:59.415+0000] {logging_mixin.py:117} INFO - [2022-11-12T01:49:59.415+0000] {dag.py:3328} INFO - Setting next_dagrun for dataset_produces_1 to 2022-11-11T00:00:00+00:00, run_after=2022-11-12T00:00:00+00:00
[2022-11-12T01:49:59.418+0000] {logging_mixin.py:117} INFO - [2022-11-12T01:49:59.418+0000] {dag.py:3328} INFO - Setting next_dagrun for dataset_produces_2 to None, run_after=None
[2022-11-12T01:49:59.472+0000] {processor.py:178} INFO - Processing /home/airflow/.local/lib/python3.7/site-packages/airflow/example_dags/example_datasets.py took 0.247 seconds
[2022-11-12T03:17:05.771+0000] {processor.py:156} INFO - Started process (PID=14847) to work on /home/airflow/.local/lib/python3.7/site-packages/airflow/example_dags/example_datasets.py
[2022-11-12T03:17:05.773+0000] {processor.py:758} INFO - Processing file /home/airflow/.local/lib/python3.7/site-packages/airflow/example_dags/example_datasets.py for tasks to queue
[2022-11-12T03:17:05.775+0000] {logging_mixin.py:117} INFO - [2022-11-12T03:17:05.774+0000] {dagbag.py:525} INFO - Filling up the DagBag from /home/airflow/.local/lib/python3.7/site-packages/airflow/example_dags/example_datasets.py
[2022-11-12T03:17:05.795+0000] {processor.py:768} INFO - DAG(s) dict_keys(['dataset_consumes_1_and_2', 'dataset_consumes_1', 'dataset_produces_1', 'dataset_produces_2', 'dataset_consumes_unknown_never_scheduled', 'dataset_consumes_1_never_scheduled']) retrieved from /home/airflow/.local/lib/python3.7/site-packages/airflow/example_dags/example_datasets.py
[2022-11-12T03:17:05.853+0000] {logging_mixin.py:117} INFO - [2022-11-12T03:17:05.852+0000] {dag.py:2573} INFO - Sync 6 DAGs
[2022-11-12T03:17:05.873+0000] {logging_mixin.py:117} INFO - [2022-11-12T03:17:05.872+0000] {dag.py:3328} INFO - Setting next_dagrun for dataset_consumes_1 to None, run_after=None
[2022-11-12T03:17:05.879+0000] {logging_mixin.py:117} INFO - [2022-11-12T03:17:05.879+0000] {dag.py:3328} INFO - Setting next_dagrun for dataset_consumes_1_and_2 to None, run_after=None
[2022-11-12T03:17:05.882+0000] {logging_mixin.py:117} INFO - [2022-11-12T03:17:05.882+0000] {dag.py:3328} INFO - Setting next_dagrun for dataset_consumes_1_never_scheduled to None, run_after=None
[2022-11-12T03:17:05.884+0000] {logging_mixin.py:117} INFO - [2022-11-12T03:17:05.884+0000] {dag.py:3328} INFO - Setting next_dagrun for dataset_consumes_unknown_never_scheduled to None, run_after=None
[2022-11-12T03:17:05.887+0000] {logging_mixin.py:117} INFO - [2022-11-12T03:17:05.887+0000] {dag.py:3328} INFO - Setting next_dagrun for dataset_produces_1 to 2022-11-11T00:00:00+00:00, run_after=2022-11-12T00:00:00+00:00
[2022-11-12T03:17:05.889+0000] {logging_mixin.py:117} INFO - [2022-11-12T03:17:05.889+0000] {dag.py:3328} INFO - Setting next_dagrun for dataset_produces_2 to None, run_after=None
[2022-11-12T03:17:05.908+0000] {processor.py:178} INFO - Processing /home/airflow/.local/lib/python3.7/site-packages/airflow/example_dags/example_datasets.py took 0.143 seconds
[2022-11-12T04:38:45.259+0000] {processor.py:156} INFO - Started process (PID=14902) to work on /home/airflow/.local/lib/python3.7/site-packages/airflow/example_dags/example_datasets.py
[2022-11-12T04:38:45.267+0000] {processor.py:758} INFO - Processing file /home/airflow/.local/lib/python3.7/site-packages/airflow/example_dags/example_datasets.py for tasks to queue
[2022-11-12T04:38:45.270+0000] {logging_mixin.py:117} INFO - [2022-11-12T04:38:45.270+0000] {dagbag.py:525} INFO - Filling up the DagBag from /home/airflow/.local/lib/python3.7/site-packages/airflow/example_dags/example_datasets.py
[2022-11-12T04:38:45.293+0000] {processor.py:768} INFO - DAG(s) dict_keys(['dataset_produces_2', 'dataset_produces_1', 'dataset_consumes_1_never_scheduled', 'dataset_consumes_unknown_never_scheduled', 'dataset_consumes_1', 'dataset_consumes_1_and_2']) retrieved from /home/airflow/.local/lib/python3.7/site-packages/airflow/example_dags/example_datasets.py
[2022-11-12T04:38:45.370+0000] {logging_mixin.py:117} INFO - [2022-11-12T04:38:45.370+0000] {dag.py:2573} INFO - Sync 6 DAGs
[2022-11-12T04:38:45.394+0000] {logging_mixin.py:117} INFO - [2022-11-12T04:38:45.394+0000] {dag.py:3328} INFO - Setting next_dagrun for dataset_consumes_1 to None, run_after=None
[2022-11-12T04:38:45.400+0000] {logging_mixin.py:117} INFO - [2022-11-12T04:38:45.400+0000] {dag.py:3328} INFO - Setting next_dagrun for dataset_consumes_1_and_2 to None, run_after=None
[2022-11-12T04:38:45.408+0000] {logging_mixin.py:117} INFO - [2022-11-12T04:38:45.408+0000] {dag.py:3328} INFO - Setting next_dagrun for dataset_consumes_1_never_scheduled to None, run_after=None
[2022-11-12T04:38:45.412+0000] {logging_mixin.py:117} INFO - [2022-11-12T04:38:45.412+0000] {dag.py:3328} INFO - Setting next_dagrun for dataset_consumes_unknown_never_scheduled to None, run_after=None
[2022-11-12T04:38:45.418+0000] {logging_mixin.py:117} INFO - [2022-11-12T04:38:45.418+0000] {dag.py:3328} INFO - Setting next_dagrun for dataset_produces_1 to 2022-11-11T00:00:00+00:00, run_after=2022-11-12T00:00:00+00:00
[2022-11-12T04:38:45.423+0000] {logging_mixin.py:117} INFO - [2022-11-12T04:38:45.423+0000] {dag.py:3328} INFO - Setting next_dagrun for dataset_produces_2 to None, run_after=None
[2022-11-12T04:38:45.484+0000] {processor.py:178} INFO - Processing /home/airflow/.local/lib/python3.7/site-packages/airflow/example_dags/example_datasets.py took 0.228 seconds
[2022-11-12T06:17:35.574+0000] {processor.py:156} INFO - Started process (PID=14965) to work on /home/airflow/.local/lib/python3.7/site-packages/airflow/example_dags/example_datasets.py
[2022-11-12T06:17:35.587+0000] {processor.py:758} INFO - Processing file /home/airflow/.local/lib/python3.7/site-packages/airflow/example_dags/example_datasets.py for tasks to queue
[2022-11-12T06:17:35.591+0000] {logging_mixin.py:117} INFO - [2022-11-12T06:17:35.590+0000] {dagbag.py:525} INFO - Filling up the DagBag from /home/airflow/.local/lib/python3.7/site-packages/airflow/example_dags/example_datasets.py
[2022-11-12T06:17:35.635+0000] {processor.py:768} INFO - DAG(s) dict_keys(['dataset_produces_1', 'dataset_produces_2', 'dataset_consumes_1_never_scheduled', 'dataset_consumes_1', 'dataset_consumes_unknown_never_scheduled', 'dataset_consumes_1_and_2']) retrieved from /home/airflow/.local/lib/python3.7/site-packages/airflow/example_dags/example_datasets.py
[2022-11-12T06:17:35.753+0000] {logging_mixin.py:117} INFO - [2022-11-12T06:17:35.753+0000] {dag.py:2573} INFO - Sync 6 DAGs
[2022-11-12T06:17:35.779+0000] {logging_mixin.py:117} INFO - [2022-11-12T06:17:35.779+0000] {dag.py:3328} INFO - Setting next_dagrun for dataset_consumes_1 to None, run_after=None
[2022-11-12T06:17:35.784+0000] {logging_mixin.py:117} INFO - [2022-11-12T06:17:35.783+0000] {dag.py:3328} INFO - Setting next_dagrun for dataset_consumes_1_and_2 to None, run_after=None
[2022-11-12T06:17:35.789+0000] {logging_mixin.py:117} INFO - [2022-11-12T06:17:35.789+0000] {dag.py:3328} INFO - Setting next_dagrun for dataset_consumes_1_never_scheduled to None, run_after=None
[2022-11-12T06:17:35.791+0000] {logging_mixin.py:117} INFO - [2022-11-12T06:17:35.791+0000] {dag.py:3328} INFO - Setting next_dagrun for dataset_consumes_unknown_never_scheduled to None, run_after=None
[2022-11-12T06:17:35.795+0000] {logging_mixin.py:117} INFO - [2022-11-12T06:17:35.795+0000] {dag.py:3328} INFO - Setting next_dagrun for dataset_produces_1 to 2022-11-11T00:00:00+00:00, run_after=2022-11-12T00:00:00+00:00
[2022-11-12T06:17:35.797+0000] {logging_mixin.py:117} INFO - [2022-11-12T06:17:35.797+0000] {dag.py:3328} INFO - Setting next_dagrun for dataset_produces_2 to None, run_after=None
[2022-11-12T06:17:35.833+0000] {processor.py:178} INFO - Processing /home/airflow/.local/lib/python3.7/site-packages/airflow/example_dags/example_datasets.py took 0.264 seconds
[2022-11-12T07:26:36.770+0000] {processor.py:156} INFO - Started process (PID=15020) to work on /home/airflow/.local/lib/python3.7/site-packages/airflow/example_dags/example_datasets.py
[2022-11-12T07:26:36.776+0000] {processor.py:758} INFO - Processing file /home/airflow/.local/lib/python3.7/site-packages/airflow/example_dags/example_datasets.py for tasks to queue
[2022-11-12T07:26:36.779+0000] {logging_mixin.py:117} INFO - [2022-11-12T07:26:36.778+0000] {dagbag.py:525} INFO - Filling up the DagBag from /home/airflow/.local/lib/python3.7/site-packages/airflow/example_dags/example_datasets.py
[2022-11-12T07:26:36.828+0000] {processor.py:768} INFO - DAG(s) dict_keys(['dataset_consumes_1_and_2', 'dataset_produces_2', 'dataset_consumes_1', 'dataset_consumes_unknown_never_scheduled', 'dataset_consumes_1_never_scheduled', 'dataset_produces_1']) retrieved from /home/airflow/.local/lib/python3.7/site-packages/airflow/example_dags/example_datasets.py
[2022-11-12T07:26:36.982+0000] {logging_mixin.py:117} INFO - [2022-11-12T07:26:36.982+0000] {dag.py:2573} INFO - Sync 6 DAGs
[2022-11-12T07:26:37.050+0000] {logging_mixin.py:117} INFO - [2022-11-12T07:26:37.049+0000] {dag.py:3328} INFO - Setting next_dagrun for dataset_consumes_1 to None, run_after=None
[2022-11-12T07:26:37.058+0000] {logging_mixin.py:117} INFO - [2022-11-12T07:26:37.058+0000] {dag.py:3328} INFO - Setting next_dagrun for dataset_consumes_1_and_2 to None, run_after=None
[2022-11-12T07:26:37.062+0000] {logging_mixin.py:117} INFO - [2022-11-12T07:26:37.062+0000] {dag.py:3328} INFO - Setting next_dagrun for dataset_consumes_1_never_scheduled to None, run_after=None
[2022-11-12T07:26:37.065+0000] {logging_mixin.py:117} INFO - [2022-11-12T07:26:37.064+0000] {dag.py:3328} INFO - Setting next_dagrun for dataset_consumes_unknown_never_scheduled to None, run_after=None
[2022-11-12T07:26:37.068+0000] {logging_mixin.py:117} INFO - [2022-11-12T07:26:37.068+0000] {dag.py:3328} INFO - Setting next_dagrun for dataset_produces_1 to 2022-11-11T00:00:00+00:00, run_after=2022-11-12T00:00:00+00:00
[2022-11-12T07:26:37.071+0000] {logging_mixin.py:117} INFO - [2022-11-12T07:26:37.071+0000] {dag.py:3328} INFO - Setting next_dagrun for dataset_produces_2 to None, run_after=None
[2022-11-12T07:26:37.136+0000] {processor.py:178} INFO - Processing /home/airflow/.local/lib/python3.7/site-packages/airflow/example_dags/example_datasets.py took 0.375 seconds
[2022-11-12T08:48:41.991+0000] {processor.py:156} INFO - Started process (PID=15083) to work on /home/airflow/.local/lib/python3.7/site-packages/airflow/example_dags/example_datasets.py
[2022-11-12T08:48:41.998+0000] {processor.py:758} INFO - Processing file /home/airflow/.local/lib/python3.7/site-packages/airflow/example_dags/example_datasets.py for tasks to queue
[2022-11-12T08:48:42.008+0000] {logging_mixin.py:117} INFO - [2022-11-12T08:48:42.007+0000] {dagbag.py:525} INFO - Filling up the DagBag from /home/airflow/.local/lib/python3.7/site-packages/airflow/example_dags/example_datasets.py
[2022-11-12T08:48:42.148+0000] {processor.py:768} INFO - DAG(s) dict_keys(['dataset_consumes_1_never_scheduled', 'dataset_produces_2', 'dataset_consumes_1', 'dataset_produces_1', 'dataset_consumes_unknown_never_scheduled', 'dataset_consumes_1_and_2']) retrieved from /home/airflow/.local/lib/python3.7/site-packages/airflow/example_dags/example_datasets.py
[2022-11-12T08:48:42.431+0000] {logging_mixin.py:117} INFO - [2022-11-12T08:48:42.431+0000] {dag.py:2573} INFO - Sync 6 DAGs
[2022-11-12T08:48:42.949+0000] {logging_mixin.py:117} INFO - [2022-11-12T08:48:42.947+0000] {dag.py:3328} INFO - Setting next_dagrun for dataset_consumes_1 to None, run_after=None
[2022-11-12T08:48:42.991+0000] {logging_mixin.py:117} INFO - [2022-11-12T08:48:42.991+0000] {dag.py:3328} INFO - Setting next_dagrun for dataset_consumes_1_and_2 to None, run_after=None
[2022-11-12T08:48:43.027+0000] {logging_mixin.py:117} INFO - [2022-11-12T08:48:43.026+0000] {dag.py:3328} INFO - Setting next_dagrun for dataset_consumes_1_never_scheduled to None, run_after=None
[2022-11-12T08:48:43.060+0000] {logging_mixin.py:117} INFO - [2022-11-12T08:48:43.059+0000] {dag.py:3328} INFO - Setting next_dagrun for dataset_consumes_unknown_never_scheduled to None, run_after=None
[2022-11-12T08:48:43.128+0000] {logging_mixin.py:117} INFO - [2022-11-12T08:48:43.128+0000] {dag.py:3328} INFO - Setting next_dagrun for dataset_produces_1 to 2022-11-11T00:00:00+00:00, run_after=2022-11-12T00:00:00+00:00
[2022-11-12T08:48:43.143+0000] {logging_mixin.py:117} INFO - [2022-11-12T08:48:43.143+0000] {dag.py:3328} INFO - Setting next_dagrun for dataset_produces_2 to None, run_after=None
[2022-11-12T08:48:43.320+0000] {processor.py:178} INFO - Processing /home/airflow/.local/lib/python3.7/site-packages/airflow/example_dags/example_datasets.py took 1.344 seconds
[2022-11-12T09:39:57.607+0000] {processor.py:156} INFO - Started process (PID=15137) to work on /home/airflow/.local/lib/python3.7/site-packages/airflow/example_dags/example_datasets.py
[2022-11-12T09:39:57.614+0000] {processor.py:758} INFO - Processing file /home/airflow/.local/lib/python3.7/site-packages/airflow/example_dags/example_datasets.py for tasks to queue
[2022-11-12T09:39:57.616+0000] {logging_mixin.py:117} INFO - [2022-11-12T09:39:57.616+0000] {dagbag.py:525} INFO - Filling up the DagBag from /home/airflow/.local/lib/python3.7/site-packages/airflow/example_dags/example_datasets.py
[2022-11-12T09:39:57.659+0000] {processor.py:768} INFO - DAG(s) dict_keys(['dataset_produces_1', 'dataset_consumes_1_never_scheduled', 'dataset_consumes_1', 'dataset_produces_2', 'dataset_consumes_1_and_2', 'dataset_consumes_unknown_never_scheduled']) retrieved from /home/airflow/.local/lib/python3.7/site-packages/airflow/example_dags/example_datasets.py
[2022-11-12T09:39:57.805+0000] {logging_mixin.py:117} INFO - [2022-11-12T09:39:57.805+0000] {dag.py:2573} INFO - Sync 6 DAGs
[2022-11-12T09:39:57.837+0000] {logging_mixin.py:117} INFO - [2022-11-12T09:39:57.837+0000] {dag.py:3328} INFO - Setting next_dagrun for dataset_consumes_1 to None, run_after=None
[2022-11-12T09:39:57.854+0000] {logging_mixin.py:117} INFO - [2022-11-12T09:39:57.853+0000] {dag.py:3328} INFO - Setting next_dagrun for dataset_consumes_1_and_2 to None, run_after=None
[2022-11-12T09:39:57.856+0000] {logging_mixin.py:117} INFO - [2022-11-12T09:39:57.856+0000] {dag.py:3328} INFO - Setting next_dagrun for dataset_consumes_1_never_scheduled to None, run_after=None
[2022-11-12T09:39:57.858+0000] {logging_mixin.py:117} INFO - [2022-11-12T09:39:57.858+0000] {dag.py:3328} INFO - Setting next_dagrun for dataset_consumes_unknown_never_scheduled to None, run_after=None
[2022-11-12T09:39:57.861+0000] {logging_mixin.py:117} INFO - [2022-11-12T09:39:57.861+0000] {dag.py:3328} INFO - Setting next_dagrun for dataset_produces_1 to 2022-11-11T00:00:00+00:00, run_after=2022-11-12T00:00:00+00:00
[2022-11-12T09:39:57.862+0000] {logging_mixin.py:117} INFO - [2022-11-12T09:39:57.862+0000] {dag.py:3328} INFO - Setting next_dagrun for dataset_produces_2 to None, run_after=None
[2022-11-12T09:39:57.934+0000] {processor.py:178} INFO - Processing /home/airflow/.local/lib/python3.7/site-packages/airflow/example_dags/example_datasets.py took 0.331 seconds
[2022-11-12T11:02:29.839+0000] {processor.py:156} INFO - Started process (PID=15192) to work on /home/airflow/.local/lib/python3.7/site-packages/airflow/example_dags/example_datasets.py
[2022-11-12T11:02:29.859+0000] {processor.py:758} INFO - Processing file /home/airflow/.local/lib/python3.7/site-packages/airflow/example_dags/example_datasets.py for tasks to queue
[2022-11-12T11:02:29.863+0000] {logging_mixin.py:117} INFO - [2022-11-12T11:02:29.863+0000] {dagbag.py:525} INFO - Filling up the DagBag from /home/airflow/.local/lib/python3.7/site-packages/airflow/example_dags/example_datasets.py
[2022-11-12T11:02:30.000+0000] {processor.py:768} INFO - DAG(s) dict_keys(['dataset_consumes_unknown_never_scheduled', 'dataset_consumes_1', 'dataset_consumes_1_never_scheduled', 'dataset_produces_1', 'dataset_produces_2', 'dataset_consumes_1_and_2']) retrieved from /home/airflow/.local/lib/python3.7/site-packages/airflow/example_dags/example_datasets.py
[2022-11-12T11:02:30.496+0000] {logging_mixin.py:117} INFO - [2022-11-12T11:02:30.496+0000] {dag.py:2573} INFO - Sync 6 DAGs
[2022-11-12T11:02:30.622+0000] {logging_mixin.py:117} INFO - [2022-11-12T11:02:30.622+0000] {dag.py:3328} INFO - Setting next_dagrun for dataset_consumes_1 to None, run_after=None
[2022-11-12T11:02:30.646+0000] {logging_mixin.py:117} INFO - [2022-11-12T11:02:30.646+0000] {dag.py:3328} INFO - Setting next_dagrun for dataset_consumes_1_and_2 to None, run_after=None
[2022-11-12T11:02:30.652+0000] {logging_mixin.py:117} INFO - [2022-11-12T11:02:30.652+0000] {dag.py:3328} INFO - Setting next_dagrun for dataset_consumes_1_never_scheduled to None, run_after=None
[2022-11-12T11:02:30.654+0000] {logging_mixin.py:117} INFO - [2022-11-12T11:02:30.654+0000] {dag.py:3328} INFO - Setting next_dagrun for dataset_consumes_unknown_never_scheduled to None, run_after=None
[2022-11-12T11:02:30.665+0000] {logging_mixin.py:117} INFO - [2022-11-12T11:02:30.665+0000] {dag.py:3328} INFO - Setting next_dagrun for dataset_produces_1 to 2022-11-11T00:00:00+00:00, run_after=2022-11-12T00:00:00+00:00
[2022-11-12T11:02:30.670+0000] {logging_mixin.py:117} INFO - [2022-11-12T11:02:30.670+0000] {dag.py:3328} INFO - Setting next_dagrun for dataset_produces_2 to None, run_after=None
[2022-11-12T11:02:30.760+0000] {processor.py:178} INFO - Processing /home/airflow/.local/lib/python3.7/site-packages/airflow/example_dags/example_datasets.py took 0.934 seconds
[2022-11-12T12:39:33.239+0000] {processor.py:156} INFO - Started process (PID=15247) to work on /home/airflow/.local/lib/python3.7/site-packages/airflow/example_dags/example_datasets.py
[2022-11-12T12:39:33.244+0000] {processor.py:758} INFO - Processing file /home/airflow/.local/lib/python3.7/site-packages/airflow/example_dags/example_datasets.py for tasks to queue
[2022-11-12T12:39:33.245+0000] {logging_mixin.py:117} INFO - [2022-11-12T12:39:33.245+0000] {dagbag.py:525} INFO - Filling up the DagBag from /home/airflow/.local/lib/python3.7/site-packages/airflow/example_dags/example_datasets.py
[2022-11-12T12:39:33.259+0000] {processor.py:768} INFO - DAG(s) dict_keys(['dataset_consumes_1_and_2', 'dataset_consumes_1_never_scheduled', 'dataset_consumes_unknown_never_scheduled', 'dataset_produces_2', 'dataset_produces_1', 'dataset_consumes_1']) retrieved from /home/airflow/.local/lib/python3.7/site-packages/airflow/example_dags/example_datasets.py
[2022-11-12T12:39:33.309+0000] {logging_mixin.py:117} INFO - [2022-11-12T12:39:33.309+0000] {dag.py:2573} INFO - Sync 6 DAGs
[2022-11-12T12:39:33.328+0000] {logging_mixin.py:117} INFO - [2022-11-12T12:39:33.328+0000] {dag.py:3328} INFO - Setting next_dagrun for dataset_consumes_1 to None, run_after=None
[2022-11-12T12:39:33.330+0000] {logging_mixin.py:117} INFO - [2022-11-12T12:39:33.330+0000] {dag.py:3328} INFO - Setting next_dagrun for dataset_consumes_1_and_2 to None, run_after=None
[2022-11-12T12:39:33.331+0000] {logging_mixin.py:117} INFO - [2022-11-12T12:39:33.331+0000] {dag.py:3328} INFO - Setting next_dagrun for dataset_consumes_1_never_scheduled to None, run_after=None
[2022-11-12T12:39:33.332+0000] {logging_mixin.py:117} INFO - [2022-11-12T12:39:33.332+0000] {dag.py:3328} INFO - Setting next_dagrun for dataset_consumes_unknown_never_scheduled to None, run_after=None
[2022-11-12T12:39:33.334+0000] {logging_mixin.py:117} INFO - [2022-11-12T12:39:33.334+0000] {dag.py:3328} INFO - Setting next_dagrun for dataset_produces_1 to 2022-11-11T00:00:00+00:00, run_after=2022-11-12T00:00:00+00:00
[2022-11-12T12:39:33.336+0000] {logging_mixin.py:117} INFO - [2022-11-12T12:39:33.336+0000] {dag.py:3328} INFO - Setting next_dagrun for dataset_produces_2 to None, run_after=None
[2022-11-12T12:39:33.354+0000] {processor.py:178} INFO - Processing /home/airflow/.local/lib/python3.7/site-packages/airflow/example_dags/example_datasets.py took 0.117 seconds
[2022-11-12T14:03:41.966+0000] {processor.py:156} INFO - Started process (PID=15310) to work on /home/airflow/.local/lib/python3.7/site-packages/airflow/example_dags/example_datasets.py
[2022-11-12T14:03:41.968+0000] {processor.py:758} INFO - Processing file /home/airflow/.local/lib/python3.7/site-packages/airflow/example_dags/example_datasets.py for tasks to queue
[2022-11-12T14:03:41.970+0000] {logging_mixin.py:117} INFO - [2022-11-12T14:03:41.970+0000] {dagbag.py:525} INFO - Filling up the DagBag from /home/airflow/.local/lib/python3.7/site-packages/airflow/example_dags/example_datasets.py
[2022-11-12T14:03:41.984+0000] {processor.py:768} INFO - DAG(s) dict_keys(['dataset_produces_1', 'dataset_consumes_1_never_scheduled', 'dataset_consumes_1_and_2', 'dataset_consumes_unknown_never_scheduled', 'dataset_produces_2', 'dataset_consumes_1']) retrieved from /home/airflow/.local/lib/python3.7/site-packages/airflow/example_dags/example_datasets.py
[2022-11-12T14:03:42.028+0000] {logging_mixin.py:117} INFO - [2022-11-12T14:03:42.027+0000] {dag.py:2573} INFO - Sync 6 DAGs
[2022-11-12T14:03:42.048+0000] {logging_mixin.py:117} INFO - [2022-11-12T14:03:42.048+0000] {dag.py:3328} INFO - Setting next_dagrun for dataset_consumes_1 to None, run_after=None
[2022-11-12T14:03:42.051+0000] {logging_mixin.py:117} INFO - [2022-11-12T14:03:42.051+0000] {dag.py:3328} INFO - Setting next_dagrun for dataset_consumes_1_and_2 to None, run_after=None
[2022-11-12T14:03:42.053+0000] {logging_mixin.py:117} INFO - [2022-11-12T14:03:42.053+0000] {dag.py:3328} INFO - Setting next_dagrun for dataset_consumes_1_never_scheduled to None, run_after=None
[2022-11-12T14:03:42.054+0000] {logging_mixin.py:117} INFO - [2022-11-12T14:03:42.054+0000] {dag.py:3328} INFO - Setting next_dagrun for dataset_consumes_unknown_never_scheduled to None, run_after=None
[2022-11-12T14:03:42.056+0000] {logging_mixin.py:117} INFO - [2022-11-12T14:03:42.056+0000] {dag.py:3328} INFO - Setting next_dagrun for dataset_produces_1 to 2022-11-11T00:00:00+00:00, run_after=2022-11-12T00:00:00+00:00
[2022-11-12T14:03:42.058+0000] {logging_mixin.py:117} INFO - [2022-11-12T14:03:42.058+0000] {dag.py:3328} INFO - Setting next_dagrun for dataset_produces_2 to None, run_after=None
[2022-11-12T14:03:42.077+0000] {processor.py:178} INFO - Processing /home/airflow/.local/lib/python3.7/site-packages/airflow/example_dags/example_datasets.py took 0.113 seconds
[2022-11-12T15:28:35.017+0000] {processor.py:156} INFO - Started process (PID=15366) to work on /home/airflow/.local/lib/python3.7/site-packages/airflow/example_dags/example_datasets.py
[2022-11-12T15:28:35.022+0000] {processor.py:758} INFO - Processing file /home/airflow/.local/lib/python3.7/site-packages/airflow/example_dags/example_datasets.py for tasks to queue
[2022-11-12T15:28:35.023+0000] {logging_mixin.py:117} INFO - [2022-11-12T15:28:35.023+0000] {dagbag.py:525} INFO - Filling up the DagBag from /home/airflow/.local/lib/python3.7/site-packages/airflow/example_dags/example_datasets.py
[2022-11-12T15:28:35.036+0000] {processor.py:768} INFO - DAG(s) dict_keys(['dataset_produces_2', 'dataset_consumes_unknown_never_scheduled', 'dataset_produces_1', 'dataset_consumes_1_and_2', 'dataset_consumes_1', 'dataset_consumes_1_never_scheduled']) retrieved from /home/airflow/.local/lib/python3.7/site-packages/airflow/example_dags/example_datasets.py
[2022-11-12T15:28:35.069+0000] {logging_mixin.py:117} INFO - [2022-11-12T15:28:35.069+0000] {dag.py:2573} INFO - Sync 6 DAGs
[2022-11-12T15:28:35.096+0000] {logging_mixin.py:117} INFO - [2022-11-12T15:28:35.096+0000] {dag.py:3328} INFO - Setting next_dagrun for dataset_consumes_1 to None, run_after=None
[2022-11-12T15:28:35.099+0000] {logging_mixin.py:117} INFO - [2022-11-12T15:28:35.099+0000] {dag.py:3328} INFO - Setting next_dagrun for dataset_consumes_1_and_2 to None, run_after=None
[2022-11-12T15:28:35.100+0000] {logging_mixin.py:117} INFO - [2022-11-12T15:28:35.100+0000] {dag.py:3328} INFO - Setting next_dagrun for dataset_consumes_1_never_scheduled to None, run_after=None
[2022-11-12T15:28:35.101+0000] {logging_mixin.py:117} INFO - [2022-11-12T15:28:35.101+0000] {dag.py:3328} INFO - Setting next_dagrun for dataset_consumes_unknown_never_scheduled to None, run_after=None
[2022-11-12T15:28:35.103+0000] {logging_mixin.py:117} INFO - [2022-11-12T15:28:35.103+0000] {dag.py:3328} INFO - Setting next_dagrun for dataset_produces_1 to 2022-11-11T00:00:00+00:00, run_after=2022-11-12T00:00:00+00:00
[2022-11-12T15:28:35.105+0000] {logging_mixin.py:117} INFO - [2022-11-12T15:28:35.105+0000] {dag.py:3328} INFO - Setting next_dagrun for dataset_produces_2 to None, run_after=None
[2022-11-12T15:28:35.119+0000] {processor.py:178} INFO - Processing /home/airflow/.local/lib/python3.7/site-packages/airflow/example_dags/example_datasets.py took 0.104 seconds
[2022-11-12T16:51:13.928+0000] {processor.py:156} INFO - Started process (PID=15431) to work on /home/airflow/.local/lib/python3.7/site-packages/airflow/example_dags/example_datasets.py
[2022-11-12T16:51:13.941+0000] {processor.py:758} INFO - Processing file /home/airflow/.local/lib/python3.7/site-packages/airflow/example_dags/example_datasets.py for tasks to queue
[2022-11-12T16:51:13.946+0000] {logging_mixin.py:117} INFO - [2022-11-12T16:51:13.946+0000] {dagbag.py:525} INFO - Filling up the DagBag from /home/airflow/.local/lib/python3.7/site-packages/airflow/example_dags/example_datasets.py
[2022-11-12T16:51:14.000+0000] {processor.py:768} INFO - DAG(s) dict_keys(['dataset_consumes_1_and_2', 'dataset_consumes_1_never_scheduled', 'dataset_consumes_1', 'dataset_produces_2', 'dataset_produces_1', 'dataset_consumes_unknown_never_scheduled']) retrieved from /home/airflow/.local/lib/python3.7/site-packages/airflow/example_dags/example_datasets.py
[2022-11-12T16:51:14.238+0000] {logging_mixin.py:117} INFO - [2022-11-12T16:51:14.237+0000] {dag.py:2573} INFO - Sync 6 DAGs
[2022-11-12T16:51:14.944+0000] {logging_mixin.py:117} INFO - [2022-11-12T16:51:14.930+0000] {dag.py:3328} INFO - Setting next_dagrun for dataset_consumes_1 to None, run_after=None
[2022-11-12T16:51:14.989+0000] {logging_mixin.py:117} INFO - [2022-11-12T16:51:14.988+0000] {dag.py:3328} INFO - Setting next_dagrun for dataset_consumes_1_and_2 to None, run_after=None
[2022-11-12T16:51:14.997+0000] {logging_mixin.py:117} INFO - [2022-11-12T16:51:14.997+0000] {dag.py:3328} INFO - Setting next_dagrun for dataset_consumes_1_never_scheduled to None, run_after=None
[2022-11-12T16:51:15.027+0000] {logging_mixin.py:117} INFO - [2022-11-12T16:51:15.005+0000] {dag.py:3328} INFO - Setting next_dagrun for dataset_consumes_unknown_never_scheduled to None, run_after=None
[2022-11-12T16:51:15.140+0000] {logging_mixin.py:117} INFO - [2022-11-12T16:51:15.140+0000] {dag.py:3328} INFO - Setting next_dagrun for dataset_produces_1 to 2022-11-11T00:00:00+00:00, run_after=2022-11-12T00:00:00+00:00
[2022-11-12T16:51:15.168+0000] {logging_mixin.py:117} INFO - [2022-11-12T16:51:15.168+0000] {dag.py:3328} INFO - Setting next_dagrun for dataset_produces_2 to None, run_after=None
[2022-11-12T16:51:15.285+0000] {processor.py:178} INFO - Processing /home/airflow/.local/lib/python3.7/site-packages/airflow/example_dags/example_datasets.py took 1.362 seconds
[2022-11-12T18:32:24.354+0000] {processor.py:156} INFO - Started process (PID=15486) to work on /home/airflow/.local/lib/python3.7/site-packages/airflow/example_dags/example_datasets.py
[2022-11-12T18:32:24.358+0000] {processor.py:758} INFO - Processing file /home/airflow/.local/lib/python3.7/site-packages/airflow/example_dags/example_datasets.py for tasks to queue
[2022-11-12T18:32:24.359+0000] {logging_mixin.py:117} INFO - [2022-11-12T18:32:24.359+0000] {dagbag.py:525} INFO - Filling up the DagBag from /home/airflow/.local/lib/python3.7/site-packages/airflow/example_dags/example_datasets.py
[2022-11-12T18:32:24.370+0000] {processor.py:768} INFO - DAG(s) dict_keys(['dataset_consumes_unknown_never_scheduled', 'dataset_consumes_1', 'dataset_consumes_1_and_2', 'dataset_produces_2', 'dataset_consumes_1_never_scheduled', 'dataset_produces_1']) retrieved from /home/airflow/.local/lib/python3.7/site-packages/airflow/example_dags/example_datasets.py
[2022-11-12T18:32:24.399+0000] {logging_mixin.py:117} INFO - [2022-11-12T18:32:24.399+0000] {dag.py:2573} INFO - Sync 6 DAGs
[2022-11-12T18:32:24.412+0000] {logging_mixin.py:117} INFO - [2022-11-12T18:32:24.412+0000] {dag.py:3328} INFO - Setting next_dagrun for dataset_consumes_1 to None, run_after=None
[2022-11-12T18:32:24.416+0000] {logging_mixin.py:117} INFO - [2022-11-12T18:32:24.416+0000] {dag.py:3328} INFO - Setting next_dagrun for dataset_consumes_1_and_2 to None, run_after=None
[2022-11-12T18:32:24.418+0000] {logging_mixin.py:117} INFO - [2022-11-12T18:32:24.418+0000] {dag.py:3328} INFO - Setting next_dagrun for dataset_consumes_1_never_scheduled to None, run_after=None
[2022-11-12T18:32:24.419+0000] {logging_mixin.py:117} INFO - [2022-11-12T18:32:24.419+0000] {dag.py:3328} INFO - Setting next_dagrun for dataset_consumes_unknown_never_scheduled to None, run_after=None
[2022-11-12T18:32:24.421+0000] {logging_mixin.py:117} INFO - [2022-11-12T18:32:24.421+0000] {dag.py:3328} INFO - Setting next_dagrun for dataset_produces_1 to 2022-11-11T00:00:00+00:00, run_after=2022-11-12T00:00:00+00:00
[2022-11-12T18:32:24.422+0000] {logging_mixin.py:117} INFO - [2022-11-12T18:32:24.422+0000] {dag.py:3328} INFO - Setting next_dagrun for dataset_produces_2 to None, run_after=None
[2022-11-12T18:32:24.434+0000] {processor.py:178} INFO - Processing /home/airflow/.local/lib/python3.7/site-packages/airflow/example_dags/example_datasets.py took 0.082 seconds
[2022-11-12T19:24:19.953+0000] {processor.py:156} INFO - Started process (PID=15551) to work on /home/airflow/.local/lib/python3.7/site-packages/airflow/example_dags/example_datasets.py
[2022-11-12T19:24:19.958+0000] {processor.py:758} INFO - Processing file /home/airflow/.local/lib/python3.7/site-packages/airflow/example_dags/example_datasets.py for tasks to queue
[2022-11-12T19:24:19.962+0000] {logging_mixin.py:117} INFO - [2022-11-12T19:24:19.962+0000] {dagbag.py:525} INFO - Filling up the DagBag from /home/airflow/.local/lib/python3.7/site-packages/airflow/example_dags/example_datasets.py
[2022-11-12T19:24:20.016+0000] {processor.py:768} INFO - DAG(s) dict_keys(['dataset_produces_2', 'dataset_consumes_1_never_scheduled', 'dataset_consumes_unknown_never_scheduled', 'dataset_consumes_1_and_2', 'dataset_consumes_1', 'dataset_produces_1']) retrieved from /home/airflow/.local/lib/python3.7/site-packages/airflow/example_dags/example_datasets.py
[2022-11-12T19:24:20.148+0000] {logging_mixin.py:117} INFO - [2022-11-12T19:24:20.148+0000] {dag.py:2573} INFO - Sync 6 DAGs
[2022-11-12T19:24:20.229+0000] {logging_mixin.py:117} INFO - [2022-11-12T19:24:20.228+0000] {dag.py:3328} INFO - Setting next_dagrun for dataset_consumes_1 to None, run_after=None
[2022-11-12T19:24:20.251+0000] {logging_mixin.py:117} INFO - [2022-11-12T19:24:20.251+0000] {dag.py:3328} INFO - Setting next_dagrun for dataset_consumes_1_and_2 to None, run_after=None
[2022-11-12T19:24:20.259+0000] {logging_mixin.py:117} INFO - [2022-11-12T19:24:20.259+0000] {dag.py:3328} INFO - Setting next_dagrun for dataset_consumes_1_never_scheduled to None, run_after=None
[2022-11-12T19:24:20.265+0000] {logging_mixin.py:117} INFO - [2022-11-12T19:24:20.265+0000] {dag.py:3328} INFO - Setting next_dagrun for dataset_consumes_unknown_never_scheduled to None, run_after=None
[2022-11-12T19:24:20.274+0000] {logging_mixin.py:117} INFO - [2022-11-12T19:24:20.274+0000] {dag.py:3328} INFO - Setting next_dagrun for dataset_produces_1 to 2022-11-11T00:00:00+00:00, run_after=2022-11-12T00:00:00+00:00
[2022-11-12T19:24:20.284+0000] {logging_mixin.py:117} INFO - [2022-11-12T19:24:20.284+0000] {dag.py:3328} INFO - Setting next_dagrun for dataset_produces_2 to None, run_after=None
[2022-11-12T19:24:20.356+0000] {processor.py:178} INFO - Processing /home/airflow/.local/lib/python3.7/site-packages/airflow/example_dags/example_datasets.py took 0.410 seconds
