[2022-11-12T00:30:47.001+0000] {processor.py:156} INFO - Started process (PID=14756) to work on /home/airflow/.local/lib/python3.7/site-packages/airflow/example_dags/example_complex.py
[2022-11-12T00:30:47.003+0000] {processor.py:758} INFO - Processing file /home/airflow/.local/lib/python3.7/site-packages/airflow/example_dags/example_complex.py for tasks to queue
[2022-11-12T00:30:47.004+0000] {logging_mixin.py:117} INFO - [2022-11-12T00:30:47.004+0000] {dagbag.py:525} INFO - Filling up the DagBag from /home/airflow/.local/lib/python3.7/site-packages/airflow/example_dags/example_complex.py
[2022-11-12T00:30:47.018+0000] {processor.py:768} INFO - DAG(s) dict_keys(['example_complex']) retrieved from /home/airflow/.local/lib/python3.7/site-packages/airflow/example_dags/example_complex.py
[2022-11-12T00:30:47.091+0000] {logging_mixin.py:117} INFO - [2022-11-12T00:30:47.091+0000] {dag.py:2573} INFO - Sync 1 DAGs
[2022-11-12T00:30:47.127+0000] {logging_mixin.py:117} INFO - [2022-11-12T00:30:47.127+0000] {dag.py:3328} INFO - Setting next_dagrun for example_complex to None, run_after=None
[2022-11-12T00:30:47.160+0000] {processor.py:178} INFO - Processing /home/airflow/.local/lib/python3.7/site-packages/airflow/example_dags/example_complex.py took 0.161 seconds
[2022-11-12T01:50:06.738+0000] {processor.py:156} INFO - Started process (PID=14812) to work on /home/airflow/.local/lib/python3.7/site-packages/airflow/example_dags/example_complex.py
[2022-11-12T01:50:06.744+0000] {processor.py:758} INFO - Processing file /home/airflow/.local/lib/python3.7/site-packages/airflow/example_dags/example_complex.py for tasks to queue
[2022-11-12T01:50:06.748+0000] {logging_mixin.py:117} INFO - [2022-11-12T01:50:06.748+0000] {dagbag.py:525} INFO - Filling up the DagBag from /home/airflow/.local/lib/python3.7/site-packages/airflow/example_dags/example_complex.py
[2022-11-12T01:50:06.844+0000] {processor.py:768} INFO - DAG(s) dict_keys(['example_complex']) retrieved from /home/airflow/.local/lib/python3.7/site-packages/airflow/example_dags/example_complex.py
[2022-11-12T01:50:07.090+0000] {logging_mixin.py:117} INFO - [2022-11-12T01:50:07.090+0000] {dag.py:2573} INFO - Sync 1 DAGs
[2022-11-12T01:50:07.166+0000] {logging_mixin.py:117} INFO - [2022-11-12T01:50:07.166+0000] {dag.py:3328} INFO - Setting next_dagrun for example_complex to None, run_after=None
[2022-11-12T01:50:07.223+0000] {processor.py:178} INFO - Processing /home/airflow/.local/lib/python3.7/site-packages/airflow/example_dags/example_complex.py took 0.491 seconds
[2022-11-12T03:17:09.033+0000] {processor.py:156} INFO - Started process (PID=14866) to work on /home/airflow/.local/lib/python3.7/site-packages/airflow/example_dags/example_complex.py
[2022-11-12T03:17:09.036+0000] {processor.py:758} INFO - Processing file /home/airflow/.local/lib/python3.7/site-packages/airflow/example_dags/example_complex.py for tasks to queue
[2022-11-12T03:17:09.038+0000] {logging_mixin.py:117} INFO - [2022-11-12T03:17:09.038+0000] {dagbag.py:525} INFO - Filling up the DagBag from /home/airflow/.local/lib/python3.7/site-packages/airflow/example_dags/example_complex.py
[2022-11-12T03:17:09.070+0000] {processor.py:768} INFO - DAG(s) dict_keys(['example_complex']) retrieved from /home/airflow/.local/lib/python3.7/site-packages/airflow/example_dags/example_complex.py
[2022-11-12T03:17:09.153+0000] {logging_mixin.py:117} INFO - [2022-11-12T03:17:09.153+0000] {dag.py:2573} INFO - Sync 1 DAGs
[2022-11-12T03:17:09.180+0000] {logging_mixin.py:117} INFO - [2022-11-12T03:17:09.180+0000] {dag.py:3328} INFO - Setting next_dagrun for example_complex to None, run_after=None
[2022-11-12T03:17:09.201+0000] {processor.py:178} INFO - Processing /home/airflow/.local/lib/python3.7/site-packages/airflow/example_dags/example_complex.py took 0.173 seconds
[2022-11-12T04:38:54.494+0000] {processor.py:156} INFO - Started process (PID=14929) to work on /home/airflow/.local/lib/python3.7/site-packages/airflow/example_dags/example_complex.py
[2022-11-12T04:38:54.500+0000] {processor.py:758} INFO - Processing file /home/airflow/.local/lib/python3.7/site-packages/airflow/example_dags/example_complex.py for tasks to queue
[2022-11-12T04:38:54.535+0000] {logging_mixin.py:117} INFO - [2022-11-12T04:38:54.535+0000] {dagbag.py:525} INFO - Filling up the DagBag from /home/airflow/.local/lib/python3.7/site-packages/airflow/example_dags/example_complex.py
[2022-11-12T04:38:54.640+0000] {processor.py:768} INFO - DAG(s) dict_keys(['example_complex']) retrieved from /home/airflow/.local/lib/python3.7/site-packages/airflow/example_dags/example_complex.py
[2022-11-12T04:38:54.907+0000] {logging_mixin.py:117} INFO - [2022-11-12T04:38:54.907+0000] {dag.py:2573} INFO - Sync 1 DAGs
[2022-11-12T04:38:55.034+0000] {logging_mixin.py:117} INFO - [2022-11-12T04:38:55.034+0000] {dag.py:3328} INFO - Setting next_dagrun for example_complex to None, run_after=None
[2022-11-12T04:38:55.105+0000] {processor.py:178} INFO - Processing /home/airflow/.local/lib/python3.7/site-packages/airflow/example_dags/example_complex.py took 0.622 seconds
[2022-11-12T06:17:40.469+0000] {processor.py:156} INFO - Started process (PID=14984) to work on /home/airflow/.local/lib/python3.7/site-packages/airflow/example_dags/example_complex.py
[2022-11-12T06:17:40.475+0000] {processor.py:758} INFO - Processing file /home/airflow/.local/lib/python3.7/site-packages/airflow/example_dags/example_complex.py for tasks to queue
[2022-11-12T06:17:40.477+0000] {logging_mixin.py:117} INFO - [2022-11-12T06:17:40.477+0000] {dagbag.py:525} INFO - Filling up the DagBag from /home/airflow/.local/lib/python3.7/site-packages/airflow/example_dags/example_complex.py
[2022-11-12T06:17:40.520+0000] {processor.py:768} INFO - DAG(s) dict_keys(['example_complex']) retrieved from /home/airflow/.local/lib/python3.7/site-packages/airflow/example_dags/example_complex.py
[2022-11-12T06:17:40.672+0000] {logging_mixin.py:117} INFO - [2022-11-12T06:17:40.672+0000] {dag.py:2573} INFO - Sync 1 DAGs
[2022-11-12T06:17:40.752+0000] {logging_mixin.py:117} INFO - [2022-11-12T06:17:40.751+0000] {dag.py:3328} INFO - Setting next_dagrun for example_complex to None, run_after=None
[2022-11-12T06:17:40.888+0000] {processor.py:178} INFO - Processing /home/airflow/.local/lib/python3.7/site-packages/airflow/example_dags/example_complex.py took 0.477 seconds
[2022-11-12T07:26:45.126+0000] {processor.py:156} INFO - Started process (PID=15048) to work on /home/airflow/.local/lib/python3.7/site-packages/airflow/example_dags/example_complex.py
[2022-11-12T07:26:45.130+0000] {processor.py:758} INFO - Processing file /home/airflow/.local/lib/python3.7/site-packages/airflow/example_dags/example_complex.py for tasks to queue
[2022-11-12T07:26:45.132+0000] {logging_mixin.py:117} INFO - [2022-11-12T07:26:45.132+0000] {dagbag.py:525} INFO - Filling up the DagBag from /home/airflow/.local/lib/python3.7/site-packages/airflow/example_dags/example_complex.py
[2022-11-12T07:26:45.166+0000] {processor.py:768} INFO - DAG(s) dict_keys(['example_complex']) retrieved from /home/airflow/.local/lib/python3.7/site-packages/airflow/example_dags/example_complex.py
[2022-11-12T07:26:45.223+0000] {logging_mixin.py:117} INFO - [2022-11-12T07:26:45.223+0000] {dag.py:2573} INFO - Sync 1 DAGs
[2022-11-12T07:26:45.264+0000] {logging_mixin.py:117} INFO - [2022-11-12T07:26:45.264+0000] {dag.py:3328} INFO - Setting next_dagrun for example_complex to None, run_after=None
[2022-11-12T07:26:45.288+0000] {processor.py:178} INFO - Processing /home/airflow/.local/lib/python3.7/site-packages/airflow/example_dags/example_complex.py took 0.166 seconds
[2022-11-12T08:48:51.382+0000] {processor.py:156} INFO - Started process (PID=15102) to work on /home/airflow/.local/lib/python3.7/site-packages/airflow/example_dags/example_complex.py
[2022-11-12T08:48:51.387+0000] {processor.py:758} INFO - Processing file /home/airflow/.local/lib/python3.7/site-packages/airflow/example_dags/example_complex.py for tasks to queue
[2022-11-12T08:48:51.389+0000] {logging_mixin.py:117} INFO - [2022-11-12T08:48:51.388+0000] {dagbag.py:525} INFO - Filling up the DagBag from /home/airflow/.local/lib/python3.7/site-packages/airflow/example_dags/example_complex.py
[2022-11-12T08:48:51.461+0000] {processor.py:768} INFO - DAG(s) dict_keys(['example_complex']) retrieved from /home/airflow/.local/lib/python3.7/site-packages/airflow/example_dags/example_complex.py
[2022-11-12T08:48:52.021+0000] {logging_mixin.py:117} INFO - [2022-11-12T08:48:52.021+0000] {dag.py:2573} INFO - Sync 1 DAGs
[2022-11-12T08:48:52.142+0000] {logging_mixin.py:117} INFO - [2022-11-12T08:48:52.142+0000] {dag.py:3328} INFO - Setting next_dagrun for example_complex to None, run_after=None
[2022-11-12T08:48:52.290+0000] {processor.py:178} INFO - Processing /home/airflow/.local/lib/python3.7/site-packages/airflow/example_dags/example_complex.py took 0.914 seconds
[2022-11-12T09:40:04.259+0000] {processor.py:156} INFO - Started process (PID=15165) to work on /home/airflow/.local/lib/python3.7/site-packages/airflow/example_dags/example_complex.py
[2022-11-12T09:40:04.262+0000] {processor.py:758} INFO - Processing file /home/airflow/.local/lib/python3.7/site-packages/airflow/example_dags/example_complex.py for tasks to queue
[2022-11-12T09:40:04.264+0000] {logging_mixin.py:117} INFO - [2022-11-12T09:40:04.264+0000] {dagbag.py:525} INFO - Filling up the DagBag from /home/airflow/.local/lib/python3.7/site-packages/airflow/example_dags/example_complex.py
[2022-11-12T09:40:04.291+0000] {processor.py:768} INFO - DAG(s) dict_keys(['example_complex']) retrieved from /home/airflow/.local/lib/python3.7/site-packages/airflow/example_dags/example_complex.py
[2022-11-12T09:40:04.384+0000] {logging_mixin.py:117} INFO - [2022-11-12T09:40:04.384+0000] {dag.py:2573} INFO - Sync 1 DAGs
[2022-11-12T09:40:04.413+0000] {logging_mixin.py:117} INFO - [2022-11-12T09:40:04.413+0000] {dag.py:3328} INFO - Setting next_dagrun for example_complex to None, run_after=None
[2022-11-12T09:40:04.441+0000] {processor.py:178} INFO - Processing /home/airflow/.local/lib/python3.7/site-packages/airflow/example_dags/example_complex.py took 0.186 seconds
[2022-11-12T11:02:39.737+0000] {processor.py:156} INFO - Started process (PID=15220) to work on /home/airflow/.local/lib/python3.7/site-packages/airflow/example_dags/example_complex.py
[2022-11-12T11:02:39.739+0000] {processor.py:758} INFO - Processing file /home/airflow/.local/lib/python3.7/site-packages/airflow/example_dags/example_complex.py for tasks to queue
[2022-11-12T11:02:39.741+0000] {logging_mixin.py:117} INFO - [2022-11-12T11:02:39.741+0000] {dagbag.py:525} INFO - Filling up the DagBag from /home/airflow/.local/lib/python3.7/site-packages/airflow/example_dags/example_complex.py
[2022-11-12T11:02:39.820+0000] {processor.py:768} INFO - DAG(s) dict_keys(['example_complex']) retrieved from /home/airflow/.local/lib/python3.7/site-packages/airflow/example_dags/example_complex.py
[2022-11-12T11:02:39.934+0000] {logging_mixin.py:117} INFO - [2022-11-12T11:02:39.933+0000] {dag.py:2573} INFO - Sync 1 DAGs
[2022-11-12T11:02:40.038+0000] {logging_mixin.py:117} INFO - [2022-11-12T11:02:40.038+0000] {dag.py:3328} INFO - Setting next_dagrun for example_complex to None, run_after=None
[2022-11-12T11:02:40.102+0000] {processor.py:178} INFO - Processing /home/airflow/.local/lib/python3.7/site-packages/airflow/example_dags/example_complex.py took 0.370 seconds
[2022-11-12T12:39:39.166+0000] {processor.py:156} INFO - Started process (PID=15275) to work on /home/airflow/.local/lib/python3.7/site-packages/airflow/example_dags/example_complex.py
[2022-11-12T12:39:39.206+0000] {processor.py:758} INFO - Processing file /home/airflow/.local/lib/python3.7/site-packages/airflow/example_dags/example_complex.py for tasks to queue
[2022-11-12T12:39:39.212+0000] {logging_mixin.py:117} INFO - [2022-11-12T12:39:39.211+0000] {dagbag.py:525} INFO - Filling up the DagBag from /home/airflow/.local/lib/python3.7/site-packages/airflow/example_dags/example_complex.py
[2022-11-12T12:39:39.398+0000] {processor.py:768} INFO - DAG(s) dict_keys(['example_complex']) retrieved from /home/airflow/.local/lib/python3.7/site-packages/airflow/example_dags/example_complex.py
[2022-11-12T12:39:39.581+0000] {logging_mixin.py:117} INFO - [2022-11-12T12:39:39.580+0000] {dag.py:2573} INFO - Sync 1 DAGs
[2022-11-12T12:39:39.728+0000] {logging_mixin.py:117} INFO - [2022-11-12T12:39:39.727+0000] {dag.py:3328} INFO - Setting next_dagrun for example_complex to None, run_after=None
[2022-11-12T12:39:39.829+0000] {processor.py:178} INFO - Processing /home/airflow/.local/lib/python3.7/site-packages/airflow/example_dags/example_complex.py took 0.678 seconds
[2022-11-12T14:03:43.253+0000] {processor.py:156} INFO - Started process (PID=15329) to work on /home/airflow/.local/lib/python3.7/site-packages/airflow/example_dags/example_complex.py
[2022-11-12T14:03:43.254+0000] {processor.py:758} INFO - Processing file /home/airflow/.local/lib/python3.7/site-packages/airflow/example_dags/example_complex.py for tasks to queue
[2022-11-12T14:03:43.256+0000] {logging_mixin.py:117} INFO - [2022-11-12T14:03:43.256+0000] {dagbag.py:525} INFO - Filling up the DagBag from /home/airflow/.local/lib/python3.7/site-packages/airflow/example_dags/example_complex.py
[2022-11-12T14:03:43.268+0000] {processor.py:768} INFO - DAG(s) dict_keys(['example_complex']) retrieved from /home/airflow/.local/lib/python3.7/site-packages/airflow/example_dags/example_complex.py
[2022-11-12T14:03:43.295+0000] {logging_mixin.py:117} INFO - [2022-11-12T14:03:43.295+0000] {dag.py:2573} INFO - Sync 1 DAGs
[2022-11-12T14:03:43.309+0000] {logging_mixin.py:117} INFO - [2022-11-12T14:03:43.309+0000] {dag.py:3328} INFO - Setting next_dagrun for example_complex to None, run_after=None
[2022-11-12T14:03:43.320+0000] {processor.py:178} INFO - Processing /home/airflow/.local/lib/python3.7/site-packages/airflow/example_dags/example_complex.py took 0.071 seconds
[2022-11-12T15:28:41.700+0000] {processor.py:156} INFO - Started process (PID=15394) to work on /home/airflow/.local/lib/python3.7/site-packages/airflow/example_dags/example_complex.py
[2022-11-12T15:28:41.713+0000] {processor.py:758} INFO - Processing file /home/airflow/.local/lib/python3.7/site-packages/airflow/example_dags/example_complex.py for tasks to queue
[2022-11-12T15:28:41.714+0000] {logging_mixin.py:117} INFO - [2022-11-12T15:28:41.714+0000] {dagbag.py:525} INFO - Filling up the DagBag from /home/airflow/.local/lib/python3.7/site-packages/airflow/example_dags/example_complex.py
[2022-11-12T15:28:41.739+0000] {processor.py:768} INFO - DAG(s) dict_keys(['example_complex']) retrieved from /home/airflow/.local/lib/python3.7/site-packages/airflow/example_dags/example_complex.py
[2022-11-12T15:28:41.778+0000] {logging_mixin.py:117} INFO - [2022-11-12T15:28:41.778+0000] {dag.py:2573} INFO - Sync 1 DAGs
[2022-11-12T15:28:41.804+0000] {logging_mixin.py:117} INFO - [2022-11-12T15:28:41.803+0000] {dag.py:3328} INFO - Setting next_dagrun for example_complex to None, run_after=None
[2022-11-12T15:28:41.827+0000] {processor.py:178} INFO - Processing /home/airflow/.local/lib/python3.7/site-packages/airflow/example_dags/example_complex.py took 0.130 seconds
[2022-11-12T16:51:19.287+0000] {processor.py:156} INFO - Started process (PID=15450) to work on /home/airflow/.local/lib/python3.7/site-packages/airflow/example_dags/example_complex.py
[2022-11-12T16:51:19.288+0000] {processor.py:758} INFO - Processing file /home/airflow/.local/lib/python3.7/site-packages/airflow/example_dags/example_complex.py for tasks to queue
[2022-11-12T16:51:19.290+0000] {logging_mixin.py:117} INFO - [2022-11-12T16:51:19.290+0000] {dagbag.py:525} INFO - Filling up the DagBag from /home/airflow/.local/lib/python3.7/site-packages/airflow/example_dags/example_complex.py
[2022-11-12T16:51:19.306+0000] {processor.py:768} INFO - DAG(s) dict_keys(['example_complex']) retrieved from /home/airflow/.local/lib/python3.7/site-packages/airflow/example_dags/example_complex.py
[2022-11-12T16:51:19.375+0000] {logging_mixin.py:117} INFO - [2022-11-12T16:51:19.375+0000] {dag.py:2573} INFO - Sync 1 DAGs
[2022-11-12T16:51:19.417+0000] {logging_mixin.py:117} INFO - [2022-11-12T16:51:19.417+0000] {dag.py:3328} INFO - Setting next_dagrun for example_complex to None, run_after=None
[2022-11-12T16:51:19.449+0000] {processor.py:178} INFO - Processing /home/airflow/.local/lib/python3.7/site-packages/airflow/example_dags/example_complex.py took 0.164 seconds
[2022-11-12T18:32:34.773+0000] {processor.py:156} INFO - Started process (PID=15514) to work on /home/airflow/.local/lib/python3.7/site-packages/airflow/example_dags/example_complex.py
[2022-11-12T18:32:34.787+0000] {processor.py:758} INFO - Processing file /home/airflow/.local/lib/python3.7/site-packages/airflow/example_dags/example_complex.py for tasks to queue
[2022-11-12T18:32:34.817+0000] {logging_mixin.py:117} INFO - [2022-11-12T18:32:34.817+0000] {dagbag.py:525} INFO - Filling up the DagBag from /home/airflow/.local/lib/python3.7/site-packages/airflow/example_dags/example_complex.py
[2022-11-12T18:32:34.931+0000] {processor.py:768} INFO - DAG(s) dict_keys(['example_complex']) retrieved from /home/airflow/.local/lib/python3.7/site-packages/airflow/example_dags/example_complex.py
[2022-11-12T18:32:35.064+0000] {logging_mixin.py:117} INFO - [2022-11-12T18:32:35.064+0000] {dag.py:2573} INFO - Sync 1 DAGs
[2022-11-12T18:32:35.121+0000] {logging_mixin.py:117} INFO - [2022-11-12T18:32:35.121+0000] {dag.py:3328} INFO - Setting next_dagrun for example_complex to None, run_after=None
[2022-11-12T18:32:35.289+0000] {processor.py:178} INFO - Processing /home/airflow/.local/lib/python3.7/site-packages/airflow/example_dags/example_complex.py took 0.527 seconds
[2022-11-12T19:24:27.158+0000] {processor.py:156} INFO - Started process (PID=15570) to work on /home/airflow/.local/lib/python3.7/site-packages/airflow/example_dags/example_complex.py
[2022-11-12T19:24:27.160+0000] {processor.py:758} INFO - Processing file /home/airflow/.local/lib/python3.7/site-packages/airflow/example_dags/example_complex.py for tasks to queue
[2022-11-12T19:24:27.165+0000] {logging_mixin.py:117} INFO - [2022-11-12T19:24:27.165+0000] {dagbag.py:525} INFO - Filling up the DagBag from /home/airflow/.local/lib/python3.7/site-packages/airflow/example_dags/example_complex.py
[2022-11-12T19:24:27.228+0000] {processor.py:768} INFO - DAG(s) dict_keys(['example_complex']) retrieved from /home/airflow/.local/lib/python3.7/site-packages/airflow/example_dags/example_complex.py
[2022-11-12T19:24:27.311+0000] {logging_mixin.py:117} INFO - [2022-11-12T19:24:27.311+0000] {dag.py:2573} INFO - Sync 1 DAGs
[2022-11-12T19:24:27.377+0000] {logging_mixin.py:117} INFO - [2022-11-12T19:24:27.376+0000] {dag.py:3328} INFO - Setting next_dagrun for example_complex to None, run_after=None
[2022-11-12T19:24:27.404+0000] {processor.py:178} INFO - Processing /home/airflow/.local/lib/python3.7/site-packages/airflow/example_dags/example_complex.py took 0.253 seconds
