[2022-11-12T00:30:38.603+0000] {processor.py:156} INFO - Started process (PID=14724) to work on /home/airflow/.local/lib/python3.7/site-packages/airflow/example_dags/example_branch_python_dop_operator_3.py
[2022-11-12T00:30:38.614+0000] {processor.py:758} INFO - Processing file /home/airflow/.local/lib/python3.7/site-packages/airflow/example_dags/example_branch_python_dop_operator_3.py for tasks to queue
[2022-11-12T00:30:38.622+0000] {logging_mixin.py:117} INFO - [2022-11-12T00:30:38.622+0000] {dagbag.py:525} INFO - Filling up the DagBag from /home/airflow/.local/lib/python3.7/site-packages/airflow/example_dags/example_branch_python_dop_operator_3.py
[2022-11-12T00:30:38.819+0000] {processor.py:768} INFO - DAG(s) dict_keys(['example_branch_dop_operator_v3']) retrieved from /home/airflow/.local/lib/python3.7/site-packages/airflow/example_dags/example_branch_python_dop_operator_3.py
[2022-11-12T00:30:39.142+0000] {logging_mixin.py:117} INFO - [2022-11-12T00:30:39.140+0000] {dag.py:2573} INFO - Sync 1 DAGs
[2022-11-12T00:30:39.190+0000] {logging_mixin.py:117} INFO - [2022-11-12T00:30:39.190+0000] {dag.py:3328} INFO - Setting next_dagrun for example_branch_dop_operator_v3 to 2022-11-12T00:29:00+00:00, run_after=2022-11-12T00:30:00+00:00
[2022-11-12T00:30:39.213+0000] {processor.py:178} INFO - Processing /home/airflow/.local/lib/python3.7/site-packages/airflow/example_dags/example_branch_python_dop_operator_3.py took 0.660 seconds
[2022-11-12T01:49:56.325+0000] {processor.py:156} INFO - Started process (PID=14789) to work on /home/airflow/.local/lib/python3.7/site-packages/airflow/example_dags/example_branch_python_dop_operator_3.py
[2022-11-12T01:49:56.330+0000] {processor.py:758} INFO - Processing file /home/airflow/.local/lib/python3.7/site-packages/airflow/example_dags/example_branch_python_dop_operator_3.py for tasks to queue
[2022-11-12T01:49:56.337+0000] {logging_mixin.py:117} INFO - [2022-11-12T01:49:56.336+0000] {dagbag.py:525} INFO - Filling up the DagBag from /home/airflow/.local/lib/python3.7/site-packages/airflow/example_dags/example_branch_python_dop_operator_3.py
[2022-11-12T01:49:56.504+0000] {processor.py:768} INFO - DAG(s) dict_keys(['example_branch_dop_operator_v3']) retrieved from /home/airflow/.local/lib/python3.7/site-packages/airflow/example_dags/example_branch_python_dop_operator_3.py
[2022-11-12T01:49:56.889+0000] {logging_mixin.py:117} INFO - [2022-11-12T01:49:56.888+0000] {dag.py:2573} INFO - Sync 1 DAGs
[2022-11-12T01:49:56.945+0000] {logging_mixin.py:117} INFO - [2022-11-12T01:49:56.945+0000] {dag.py:3328} INFO - Setting next_dagrun for example_branch_dop_operator_v3 to 2022-11-12T01:48:00+00:00, run_after=2022-11-12T01:49:00+00:00
[2022-11-12T01:49:57.523+0000] {processor.py:178} INFO - Processing /home/airflow/.local/lib/python3.7/site-packages/airflow/example_dags/example_branch_python_dop_operator_3.py took 1.305 seconds
[2022-11-12T03:17:04.781+0000] {processor.py:156} INFO - Started process (PID=14843) to work on /home/airflow/.local/lib/python3.7/site-packages/airflow/example_dags/example_branch_python_dop_operator_3.py
[2022-11-12T03:17:04.788+0000] {processor.py:758} INFO - Processing file /home/airflow/.local/lib/python3.7/site-packages/airflow/example_dags/example_branch_python_dop_operator_3.py for tasks to queue
[2022-11-12T03:17:04.792+0000] {logging_mixin.py:117} INFO - [2022-11-12T03:17:04.792+0000] {dagbag.py:525} INFO - Filling up the DagBag from /home/airflow/.local/lib/python3.7/site-packages/airflow/example_dags/example_branch_python_dop_operator_3.py
[2022-11-12T03:17:04.874+0000] {processor.py:768} INFO - DAG(s) dict_keys(['example_branch_dop_operator_v3']) retrieved from /home/airflow/.local/lib/python3.7/site-packages/airflow/example_dags/example_branch_python_dop_operator_3.py
[2022-11-12T03:17:05.119+0000] {logging_mixin.py:117} INFO - [2022-11-12T03:17:05.119+0000] {dag.py:2573} INFO - Sync 1 DAGs
[2022-11-12T03:17:05.173+0000] {logging_mixin.py:117} INFO - [2022-11-12T03:17:05.173+0000] {dag.py:3328} INFO - Setting next_dagrun for example_branch_dop_operator_v3 to 2022-11-12T03:16:00+00:00, run_after=2022-11-12T03:17:00+00:00
[2022-11-12T03:17:05.199+0000] {processor.py:178} INFO - Processing /home/airflow/.local/lib/python3.7/site-packages/airflow/example_dags/example_branch_python_dop_operator_3.py took 0.424 seconds
[2022-11-12T04:38:44.093+0000] {processor.py:156} INFO - Started process (PID=14898) to work on /home/airflow/.local/lib/python3.7/site-packages/airflow/example_dags/example_branch_python_dop_operator_3.py
[2022-11-12T04:38:44.110+0000] {processor.py:758} INFO - Processing file /home/airflow/.local/lib/python3.7/site-packages/airflow/example_dags/example_branch_python_dop_operator_3.py for tasks to queue
[2022-11-12T04:38:44.114+0000] {logging_mixin.py:117} INFO - [2022-11-12T04:38:44.113+0000] {dagbag.py:525} INFO - Filling up the DagBag from /home/airflow/.local/lib/python3.7/site-packages/airflow/example_dags/example_branch_python_dop_operator_3.py
[2022-11-12T04:38:44.264+0000] {processor.py:768} INFO - DAG(s) dict_keys(['example_branch_dop_operator_v3']) retrieved from /home/airflow/.local/lib/python3.7/site-packages/airflow/example_dags/example_branch_python_dop_operator_3.py
[2022-11-12T04:38:44.552+0000] {logging_mixin.py:117} INFO - [2022-11-12T04:38:44.551+0000] {dag.py:2573} INFO - Sync 1 DAGs
[2022-11-12T04:38:44.672+0000] {logging_mixin.py:117} INFO - [2022-11-12T04:38:44.671+0000] {dag.py:3328} INFO - Setting next_dagrun for example_branch_dop_operator_v3 to 2022-11-12T04:37:00+00:00, run_after=2022-11-12T04:38:00+00:00
[2022-11-12T04:38:44.785+0000] {processor.py:178} INFO - Processing /home/airflow/.local/lib/python3.7/site-packages/airflow/example_dags/example_branch_python_dop_operator_3.py took 0.704 seconds
[2022-11-12T06:17:33.369+0000] {processor.py:156} INFO - Started process (PID=14961) to work on /home/airflow/.local/lib/python3.7/site-packages/airflow/example_dags/example_branch_python_dop_operator_3.py
[2022-11-12T06:17:33.376+0000] {processor.py:758} INFO - Processing file /home/airflow/.local/lib/python3.7/site-packages/airflow/example_dags/example_branch_python_dop_operator_3.py for tasks to queue
[2022-11-12T06:17:33.381+0000] {logging_mixin.py:117} INFO - [2022-11-12T06:17:33.380+0000] {dagbag.py:525} INFO - Filling up the DagBag from /home/airflow/.local/lib/python3.7/site-packages/airflow/example_dags/example_branch_python_dop_operator_3.py
[2022-11-12T06:17:33.545+0000] {processor.py:768} INFO - DAG(s) dict_keys(['example_branch_dop_operator_v3']) retrieved from /home/airflow/.local/lib/python3.7/site-packages/airflow/example_dags/example_branch_python_dop_operator_3.py
[2022-11-12T06:17:33.817+0000] {logging_mixin.py:117} INFO - [2022-11-12T06:17:33.817+0000] {dag.py:2573} INFO - Sync 1 DAGs
[2022-11-12T06:17:33.871+0000] {logging_mixin.py:117} INFO - [2022-11-12T06:17:33.871+0000] {dag.py:3328} INFO - Setting next_dagrun for example_branch_dop_operator_v3 to 2022-11-12T06:16:00+00:00, run_after=2022-11-12T06:17:00+00:00
[2022-11-12T06:17:33.902+0000] {processor.py:178} INFO - Processing /home/airflow/.local/lib/python3.7/site-packages/airflow/example_dags/example_branch_python_dop_operator_3.py took 0.562 seconds
[2022-11-12T07:26:35.244+0000] {processor.py:156} INFO - Started process (PID=15016) to work on /home/airflow/.local/lib/python3.7/site-packages/airflow/example_dags/example_branch_python_dop_operator_3.py
[2022-11-12T07:26:35.250+0000] {processor.py:758} INFO - Processing file /home/airflow/.local/lib/python3.7/site-packages/airflow/example_dags/example_branch_python_dop_operator_3.py for tasks to queue
[2022-11-12T07:26:35.259+0000] {logging_mixin.py:117} INFO - [2022-11-12T07:26:35.259+0000] {dagbag.py:525} INFO - Filling up the DagBag from /home/airflow/.local/lib/python3.7/site-packages/airflow/example_dags/example_branch_python_dop_operator_3.py
[2022-11-12T07:26:35.377+0000] {processor.py:768} INFO - DAG(s) dict_keys(['example_branch_dop_operator_v3']) retrieved from /home/airflow/.local/lib/python3.7/site-packages/airflow/example_dags/example_branch_python_dop_operator_3.py
[2022-11-12T07:26:35.612+0000] {logging_mixin.py:117} INFO - [2022-11-12T07:26:35.611+0000] {dag.py:2573} INFO - Sync 1 DAGs
[2022-11-12T07:26:35.701+0000] {logging_mixin.py:117} INFO - [2022-11-12T07:26:35.700+0000] {dag.py:3328} INFO - Setting next_dagrun for example_branch_dop_operator_v3 to 2022-11-12T07:25:00+00:00, run_after=2022-11-12T07:26:00+00:00
[2022-11-12T07:26:35.749+0000] {processor.py:178} INFO - Processing /home/airflow/.local/lib/python3.7/site-packages/airflow/example_dags/example_branch_python_dop_operator_3.py took 0.514 seconds
[2022-11-12T08:48:38.496+0000] {processor.py:156} INFO - Started process (PID=15077) to work on /home/airflow/.local/lib/python3.7/site-packages/airflow/example_dags/example_branch_python_dop_operator_3.py
[2022-11-12T08:48:38.501+0000] {processor.py:758} INFO - Processing file /home/airflow/.local/lib/python3.7/site-packages/airflow/example_dags/example_branch_python_dop_operator_3.py for tasks to queue
[2022-11-12T08:48:38.503+0000] {logging_mixin.py:117} INFO - [2022-11-12T08:48:38.503+0000] {dagbag.py:525} INFO - Filling up the DagBag from /home/airflow/.local/lib/python3.7/site-packages/airflow/example_dags/example_branch_python_dop_operator_3.py
[2022-11-12T08:48:38.592+0000] {processor.py:768} INFO - DAG(s) dict_keys(['example_branch_dop_operator_v3']) retrieved from /home/airflow/.local/lib/python3.7/site-packages/airflow/example_dags/example_branch_python_dop_operator_3.py
[2022-11-12T08:48:38.918+0000] {logging_mixin.py:117} INFO - [2022-11-12T08:48:38.917+0000] {dag.py:2573} INFO - Sync 1 DAGs
[2022-11-12T08:48:38.985+0000] {logging_mixin.py:117} INFO - [2022-11-12T08:48:38.985+0000] {dag.py:3328} INFO - Setting next_dagrun for example_branch_dop_operator_v3 to 2022-11-12T08:47:00+00:00, run_after=2022-11-12T08:48:00+00:00
[2022-11-12T08:48:39.038+0000] {processor.py:178} INFO - Processing /home/airflow/.local/lib/python3.7/site-packages/airflow/example_dags/example_branch_python_dop_operator_3.py took 0.550 seconds
[2022-11-12T09:39:55.889+0000] {processor.py:156} INFO - Started process (PID=15133) to work on /home/airflow/.local/lib/python3.7/site-packages/airflow/example_dags/example_branch_python_dop_operator_3.py
[2022-11-12T09:39:55.898+0000] {processor.py:758} INFO - Processing file /home/airflow/.local/lib/python3.7/site-packages/airflow/example_dags/example_branch_python_dop_operator_3.py for tasks to queue
[2022-11-12T09:39:55.902+0000] {logging_mixin.py:117} INFO - [2022-11-12T09:39:55.902+0000] {dagbag.py:525} INFO - Filling up the DagBag from /home/airflow/.local/lib/python3.7/site-packages/airflow/example_dags/example_branch_python_dop_operator_3.py
[2022-11-12T09:39:55.994+0000] {processor.py:768} INFO - DAG(s) dict_keys(['example_branch_dop_operator_v3']) retrieved from /home/airflow/.local/lib/python3.7/site-packages/airflow/example_dags/example_branch_python_dop_operator_3.py
[2022-11-12T09:39:56.246+0000] {logging_mixin.py:117} INFO - [2022-11-12T09:39:56.245+0000] {dag.py:2573} INFO - Sync 1 DAGs
[2022-11-12T09:39:56.367+0000] {logging_mixin.py:117} INFO - [2022-11-12T09:39:56.367+0000] {dag.py:3328} INFO - Setting next_dagrun for example_branch_dop_operator_v3 to 2022-11-12T09:38:00+00:00, run_after=2022-11-12T09:39:00+00:00
[2022-11-12T09:39:56.437+0000] {processor.py:178} INFO - Processing /home/airflow/.local/lib/python3.7/site-packages/airflow/example_dags/example_branch_python_dop_operator_3.py took 0.559 seconds
[2022-11-12T11:02:28.316+0000] {processor.py:156} INFO - Started process (PID=15188) to work on /home/airflow/.local/lib/python3.7/site-packages/airflow/example_dags/example_branch_python_dop_operator_3.py
[2022-11-12T11:02:28.320+0000] {processor.py:758} INFO - Processing file /home/airflow/.local/lib/python3.7/site-packages/airflow/example_dags/example_branch_python_dop_operator_3.py for tasks to queue
[2022-11-12T11:02:28.322+0000] {logging_mixin.py:117} INFO - [2022-11-12T11:02:28.321+0000] {dagbag.py:525} INFO - Filling up the DagBag from /home/airflow/.local/lib/python3.7/site-packages/airflow/example_dags/example_branch_python_dop_operator_3.py
[2022-11-12T11:02:28.411+0000] {processor.py:768} INFO - DAG(s) dict_keys(['example_branch_dop_operator_v3']) retrieved from /home/airflow/.local/lib/python3.7/site-packages/airflow/example_dags/example_branch_python_dop_operator_3.py
[2022-11-12T11:02:28.590+0000] {logging_mixin.py:117} INFO - [2022-11-12T11:02:28.590+0000] {dag.py:2573} INFO - Sync 1 DAGs
[2022-11-12T11:02:28.674+0000] {logging_mixin.py:117} INFO - [2022-11-12T11:02:28.674+0000] {dag.py:3328} INFO - Setting next_dagrun for example_branch_dop_operator_v3 to 2022-11-12T11:01:00+00:00, run_after=2022-11-12T11:02:00+00:00
[2022-11-12T11:02:28.732+0000] {processor.py:178} INFO - Processing /home/airflow/.local/lib/python3.7/site-packages/airflow/example_dags/example_branch_python_dop_operator_3.py took 0.423 seconds
[2022-11-12T12:39:32.948+0000] {processor.py:156} INFO - Started process (PID=15243) to work on /home/airflow/.local/lib/python3.7/site-packages/airflow/example_dags/example_branch_python_dop_operator_3.py
[2022-11-12T12:39:32.949+0000] {processor.py:758} INFO - Processing file /home/airflow/.local/lib/python3.7/site-packages/airflow/example_dags/example_branch_python_dop_operator_3.py for tasks to queue
[2022-11-12T12:39:32.950+0000] {logging_mixin.py:117} INFO - [2022-11-12T12:39:32.950+0000] {dagbag.py:525} INFO - Filling up the DagBag from /home/airflow/.local/lib/python3.7/site-packages/airflow/example_dags/example_branch_python_dop_operator_3.py
[2022-11-12T12:39:32.987+0000] {processor.py:768} INFO - DAG(s) dict_keys(['example_branch_dop_operator_v3']) retrieved from /home/airflow/.local/lib/python3.7/site-packages/airflow/example_dags/example_branch_python_dop_operator_3.py
[2022-11-12T12:39:33.028+0000] {logging_mixin.py:117} INFO - [2022-11-12T12:39:33.027+0000] {dag.py:2573} INFO - Sync 1 DAGs
[2022-11-12T12:39:33.049+0000] {logging_mixin.py:117} INFO - [2022-11-12T12:39:33.049+0000] {dag.py:3328} INFO - Setting next_dagrun for example_branch_dop_operator_v3 to 2022-11-12T12:38:00+00:00, run_after=2022-11-12T12:39:00+00:00
[2022-11-12T12:39:33.065+0000] {processor.py:178} INFO - Processing /home/airflow/.local/lib/python3.7/site-packages/airflow/example_dags/example_branch_python_dop_operator_3.py took 0.121 seconds
[2022-11-12T14:03:41.471+0000] {processor.py:156} INFO - Started process (PID=15297) to work on /home/airflow/.local/lib/python3.7/site-packages/airflow/example_dags/example_branch_python_dop_operator_3.py
[2022-11-12T14:03:41.484+0000] {processor.py:758} INFO - Processing file /home/airflow/.local/lib/python3.7/site-packages/airflow/example_dags/example_branch_python_dop_operator_3.py for tasks to queue
[2022-11-12T14:03:41.489+0000] {logging_mixin.py:117} INFO - [2022-11-12T14:03:41.489+0000] {dagbag.py:525} INFO - Filling up the DagBag from /home/airflow/.local/lib/python3.7/site-packages/airflow/example_dags/example_branch_python_dop_operator_3.py
[2022-11-12T14:03:41.625+0000] {processor.py:768} INFO - DAG(s) dict_keys(['example_branch_dop_operator_v3']) retrieved from /home/airflow/.local/lib/python3.7/site-packages/airflow/example_dags/example_branch_python_dop_operator_3.py
[2022-11-12T14:03:41.730+0000] {logging_mixin.py:117} INFO - [2022-11-12T14:03:41.729+0000] {dag.py:2573} INFO - Sync 1 DAGs
[2022-11-12T14:03:41.774+0000] {logging_mixin.py:117} INFO - [2022-11-12T14:03:41.774+0000] {dag.py:3328} INFO - Setting next_dagrun for example_branch_dop_operator_v3 to 2022-11-12T14:02:00+00:00, run_after=2022-11-12T14:03:00+00:00
[2022-11-12T14:03:41.799+0000] {processor.py:178} INFO - Processing /home/airflow/.local/lib/python3.7/site-packages/airflow/example_dags/example_branch_python_dop_operator_3.py took 0.348 seconds
[2022-11-12T15:28:34.413+0000] {processor.py:156} INFO - Started process (PID=15362) to work on /home/airflow/.local/lib/python3.7/site-packages/airflow/example_dags/example_branch_python_dop_operator_3.py
[2022-11-12T15:28:34.414+0000] {processor.py:758} INFO - Processing file /home/airflow/.local/lib/python3.7/site-packages/airflow/example_dags/example_branch_python_dop_operator_3.py for tasks to queue
[2022-11-12T15:28:34.418+0000] {logging_mixin.py:117} INFO - [2022-11-12T15:28:34.418+0000] {dagbag.py:525} INFO - Filling up the DagBag from /home/airflow/.local/lib/python3.7/site-packages/airflow/example_dags/example_branch_python_dop_operator_3.py
[2022-11-12T15:28:34.543+0000] {processor.py:768} INFO - DAG(s) dict_keys(['example_branch_dop_operator_v3']) retrieved from /home/airflow/.local/lib/python3.7/site-packages/airflow/example_dags/example_branch_python_dop_operator_3.py
[2022-11-12T15:28:34.654+0000] {logging_mixin.py:117} INFO - [2022-11-12T15:28:34.654+0000] {dag.py:2573} INFO - Sync 1 DAGs
[2022-11-12T15:28:34.709+0000] {logging_mixin.py:117} INFO - [2022-11-12T15:28:34.709+0000] {dag.py:3328} INFO - Setting next_dagrun for example_branch_dop_operator_v3 to 2022-11-12T15:27:00+00:00, run_after=2022-11-12T15:28:00+00:00
[2022-11-12T15:28:34.760+0000] {processor.py:178} INFO - Processing /home/airflow/.local/lib/python3.7/site-packages/airflow/example_dags/example_branch_python_dop_operator_3.py took 0.367 seconds
[2022-11-12T16:51:13.327+0000] {processor.py:156} INFO - Started process (PID=15427) to work on /home/airflow/.local/lib/python3.7/site-packages/airflow/example_dags/example_branch_python_dop_operator_3.py
[2022-11-12T16:51:13.332+0000] {processor.py:758} INFO - Processing file /home/airflow/.local/lib/python3.7/site-packages/airflow/example_dags/example_branch_python_dop_operator_3.py for tasks to queue
[2022-11-12T16:51:13.333+0000] {logging_mixin.py:117} INFO - [2022-11-12T16:51:13.333+0000] {dagbag.py:525} INFO - Filling up the DagBag from /home/airflow/.local/lib/python3.7/site-packages/airflow/example_dags/example_branch_python_dop_operator_3.py
[2022-11-12T16:51:13.385+0000] {processor.py:768} INFO - DAG(s) dict_keys(['example_branch_dop_operator_v3']) retrieved from /home/airflow/.local/lib/python3.7/site-packages/airflow/example_dags/example_branch_python_dop_operator_3.py
[2022-11-12T16:51:13.440+0000] {logging_mixin.py:117} INFO - [2022-11-12T16:51:13.439+0000] {dag.py:2573} INFO - Sync 1 DAGs
[2022-11-12T16:51:13.465+0000] {logging_mixin.py:117} INFO - [2022-11-12T16:51:13.464+0000] {dag.py:3328} INFO - Setting next_dagrun for example_branch_dop_operator_v3 to 2022-11-12T16:50:00+00:00, run_after=2022-11-12T16:51:00+00:00
[2022-11-12T16:51:13.478+0000] {processor.py:178} INFO - Processing /home/airflow/.local/lib/python3.7/site-packages/airflow/example_dags/example_branch_python_dop_operator_3.py took 0.156 seconds
[2022-11-12T18:32:23.976+0000] {processor.py:156} INFO - Started process (PID=15482) to work on /home/airflow/.local/lib/python3.7/site-packages/airflow/example_dags/example_branch_python_dop_operator_3.py
[2022-11-12T18:32:23.981+0000] {processor.py:758} INFO - Processing file /home/airflow/.local/lib/python3.7/site-packages/airflow/example_dags/example_branch_python_dop_operator_3.py for tasks to queue
[2022-11-12T18:32:23.982+0000] {logging_mixin.py:117} INFO - [2022-11-12T18:32:23.982+0000] {dagbag.py:525} INFO - Filling up the DagBag from /home/airflow/.local/lib/python3.7/site-packages/airflow/example_dags/example_branch_python_dop_operator_3.py
[2022-11-12T18:32:24.093+0000] {processor.py:768} INFO - DAG(s) dict_keys(['example_branch_dop_operator_v3']) retrieved from /home/airflow/.local/lib/python3.7/site-packages/airflow/example_dags/example_branch_python_dop_operator_3.py
[2022-11-12T18:32:24.129+0000] {logging_mixin.py:117} INFO - [2022-11-12T18:32:24.129+0000] {dag.py:2573} INFO - Sync 1 DAGs
[2022-11-12T18:32:24.151+0000] {logging_mixin.py:117} INFO - [2022-11-12T18:32:24.151+0000] {dag.py:3328} INFO - Setting next_dagrun for example_branch_dop_operator_v3 to 2022-11-12T18:31:00+00:00, run_after=2022-11-12T18:32:00+00:00
[2022-11-12T18:32:24.165+0000] {processor.py:178} INFO - Processing /home/airflow/.local/lib/python3.7/site-packages/airflow/example_dags/example_branch_python_dop_operator_3.py took 0.195 seconds
[2022-11-12T19:24:16.845+0000] {processor.py:156} INFO - Started process (PID=15545) to work on /home/airflow/.local/lib/python3.7/site-packages/airflow/example_dags/example_branch_python_dop_operator_3.py
[2022-11-12T19:24:16.852+0000] {processor.py:758} INFO - Processing file /home/airflow/.local/lib/python3.7/site-packages/airflow/example_dags/example_branch_python_dop_operator_3.py for tasks to queue
[2022-11-12T19:24:16.857+0000] {logging_mixin.py:117} INFO - [2022-11-12T19:24:16.857+0000] {dagbag.py:525} INFO - Filling up the DagBag from /home/airflow/.local/lib/python3.7/site-packages/airflow/example_dags/example_branch_python_dop_operator_3.py
[2022-11-12T19:24:17.181+0000] {processor.py:768} INFO - DAG(s) dict_keys(['example_branch_dop_operator_v3']) retrieved from /home/airflow/.local/lib/python3.7/site-packages/airflow/example_dags/example_branch_python_dop_operator_3.py
[2022-11-12T19:24:17.882+0000] {logging_mixin.py:117} INFO - [2022-11-12T19:24:17.882+0000] {dag.py:2573} INFO - Sync 1 DAGs
[2022-11-12T19:24:18.029+0000] {logging_mixin.py:117} INFO - [2022-11-12T19:24:18.029+0000] {dag.py:3328} INFO - Setting next_dagrun for example_branch_dop_operator_v3 to 2022-11-12T19:23:00+00:00, run_after=2022-11-12T19:24:00+00:00
[2022-11-12T19:24:18.631+0000] {processor.py:178} INFO - Processing /home/airflow/.local/lib/python3.7/site-packages/airflow/example_dags/example_branch_python_dop_operator_3.py took 1.806 seconds
