[2022-11-12T00:30:39.714+0000] {processor.py:156} INFO - Started process (PID=14727) to work on /home/airflow/.local/lib/python3.7/site-packages/airflow/example_dags/example_branch_labels.py
[2022-11-12T00:30:39.777+0000] {processor.py:758} INFO - Processing file /home/airflow/.local/lib/python3.7/site-packages/airflow/example_dags/example_branch_labels.py for tasks to queue
[2022-11-12T00:30:39.782+0000] {logging_mixin.py:117} INFO - [2022-11-12T00:30:39.781+0000] {dagbag.py:525} INFO - Filling up the DagBag from /home/airflow/.local/lib/python3.7/site-packages/airflow/example_dags/example_branch_labels.py
[2022-11-12T00:30:39.860+0000] {processor.py:768} INFO - DAG(s) dict_keys(['example_branch_labels']) retrieved from /home/airflow/.local/lib/python3.7/site-packages/airflow/example_dags/example_branch_labels.py
[2022-11-12T00:30:39.990+0000] {logging_mixin.py:117} INFO - [2022-11-12T00:30:39.990+0000] {dag.py:2573} INFO - Sync 1 DAGs
[2022-11-12T00:30:40.044+0000] {logging_mixin.py:117} INFO - [2022-11-12T00:30:40.043+0000] {dag.py:3328} INFO - Setting next_dagrun for example_branch_labels to 2022-11-11T00:00:00+00:00, run_after=2022-11-12T00:00:00+00:00
[2022-11-12T00:30:40.138+0000] {processor.py:178} INFO - Processing /home/airflow/.local/lib/python3.7/site-packages/airflow/example_dags/example_branch_labels.py took 0.464 seconds
[2022-11-12T01:49:59.010+0000] {processor.py:156} INFO - Started process (PID=14792) to work on /home/airflow/.local/lib/python3.7/site-packages/airflow/example_dags/example_branch_labels.py
[2022-11-12T01:49:59.059+0000] {processor.py:758} INFO - Processing file /home/airflow/.local/lib/python3.7/site-packages/airflow/example_dags/example_branch_labels.py for tasks to queue
[2022-11-12T01:49:59.063+0000] {logging_mixin.py:117} INFO - [2022-11-12T01:49:59.062+0000] {dagbag.py:525} INFO - Filling up the DagBag from /home/airflow/.local/lib/python3.7/site-packages/airflow/example_dags/example_branch_labels.py
[2022-11-12T01:49:59.106+0000] {processor.py:768} INFO - DAG(s) dict_keys(['example_branch_labels']) retrieved from /home/airflow/.local/lib/python3.7/site-packages/airflow/example_dags/example_branch_labels.py
[2022-11-12T01:49:59.210+0000] {logging_mixin.py:117} INFO - [2022-11-12T01:49:59.201+0000] {dag.py:2573} INFO - Sync 1 DAGs
[2022-11-12T01:49:59.246+0000] {logging_mixin.py:117} INFO - [2022-11-12T01:49:59.246+0000] {dag.py:3328} INFO - Setting next_dagrun for example_branch_labels to 2022-11-11T00:00:00+00:00, run_after=2022-11-12T00:00:00+00:00
[2022-11-12T01:49:59.275+0000] {processor.py:178} INFO - Processing /home/airflow/.local/lib/python3.7/site-packages/airflow/example_dags/example_branch_labels.py took 0.292 seconds
[2022-11-12T03:17:05.470+0000] {processor.py:156} INFO - Started process (PID=14846) to work on /home/airflow/.local/lib/python3.7/site-packages/airflow/example_dags/example_branch_labels.py
[2022-11-12T03:17:05.474+0000] {processor.py:758} INFO - Processing file /home/airflow/.local/lib/python3.7/site-packages/airflow/example_dags/example_branch_labels.py for tasks to queue
[2022-11-12T03:17:05.477+0000] {logging_mixin.py:117} INFO - [2022-11-12T03:17:05.477+0000] {dagbag.py:525} INFO - Filling up the DagBag from /home/airflow/.local/lib/python3.7/site-packages/airflow/example_dags/example_branch_labels.py
[2022-11-12T03:17:05.517+0000] {processor.py:768} INFO - DAG(s) dict_keys(['example_branch_labels']) retrieved from /home/airflow/.local/lib/python3.7/site-packages/airflow/example_dags/example_branch_labels.py
[2022-11-12T03:17:05.631+0000] {logging_mixin.py:117} INFO - [2022-11-12T03:17:05.631+0000] {dag.py:2573} INFO - Sync 1 DAGs
[2022-11-12T03:17:05.675+0000] {logging_mixin.py:117} INFO - [2022-11-12T03:17:05.675+0000] {dag.py:3328} INFO - Setting next_dagrun for example_branch_labels to 2022-11-11T00:00:00+00:00, run_after=2022-11-12T00:00:00+00:00
[2022-11-12T03:17:05.715+0000] {processor.py:178} INFO - Processing /home/airflow/.local/lib/python3.7/site-packages/airflow/example_dags/example_branch_labels.py took 0.255 seconds
[2022-11-12T04:38:45.238+0000] {processor.py:156} INFO - Started process (PID=14901) to work on /home/airflow/.local/lib/python3.7/site-packages/airflow/example_dags/example_branch_labels.py
[2022-11-12T04:38:45.242+0000] {processor.py:758} INFO - Processing file /home/airflow/.local/lib/python3.7/site-packages/airflow/example_dags/example_branch_labels.py for tasks to queue
[2022-11-12T04:38:45.246+0000] {logging_mixin.py:117} INFO - [2022-11-12T04:38:45.246+0000] {dagbag.py:525} INFO - Filling up the DagBag from /home/airflow/.local/lib/python3.7/site-packages/airflow/example_dags/example_branch_labels.py
[2022-11-12T04:38:45.283+0000] {processor.py:768} INFO - DAG(s) dict_keys(['example_branch_labels']) retrieved from /home/airflow/.local/lib/python3.7/site-packages/airflow/example_dags/example_branch_labels.py
[2022-11-12T04:38:45.343+0000] {logging_mixin.py:117} INFO - [2022-11-12T04:38:45.343+0000] {dag.py:2573} INFO - Sync 1 DAGs
[2022-11-12T04:38:45.366+0000] {logging_mixin.py:117} INFO - [2022-11-12T04:38:45.366+0000] {dag.py:3328} INFO - Setting next_dagrun for example_branch_labels to 2022-11-11T00:00:00+00:00, run_after=2022-11-12T00:00:00+00:00
[2022-11-12T04:38:45.395+0000] {processor.py:178} INFO - Processing /home/airflow/.local/lib/python3.7/site-packages/airflow/example_dags/example_branch_labels.py took 0.161 seconds
[2022-11-12T06:17:35.377+0000] {processor.py:156} INFO - Started process (PID=14964) to work on /home/airflow/.local/lib/python3.7/site-packages/airflow/example_dags/example_branch_labels.py
[2022-11-12T06:17:35.388+0000] {processor.py:758} INFO - Processing file /home/airflow/.local/lib/python3.7/site-packages/airflow/example_dags/example_branch_labels.py for tasks to queue
[2022-11-12T06:17:35.397+0000] {logging_mixin.py:117} INFO - [2022-11-12T06:17:35.394+0000] {dagbag.py:525} INFO - Filling up the DagBag from /home/airflow/.local/lib/python3.7/site-packages/airflow/example_dags/example_branch_labels.py
[2022-11-12T06:17:35.449+0000] {processor.py:768} INFO - DAG(s) dict_keys(['example_branch_labels']) retrieved from /home/airflow/.local/lib/python3.7/site-packages/airflow/example_dags/example_branch_labels.py
[2022-11-12T06:17:35.574+0000] {logging_mixin.py:117} INFO - [2022-11-12T06:17:35.574+0000] {dag.py:2573} INFO - Sync 1 DAGs
[2022-11-12T06:17:35.691+0000] {logging_mixin.py:117} INFO - [2022-11-12T06:17:35.690+0000] {dag.py:3328} INFO - Setting next_dagrun for example_branch_labels to 2022-11-11T00:00:00+00:00, run_after=2022-11-12T00:00:00+00:00
[2022-11-12T06:17:35.726+0000] {processor.py:178} INFO - Processing /home/airflow/.local/lib/python3.7/site-packages/airflow/example_dags/example_branch_labels.py took 0.361 seconds
[2022-11-12T07:26:36.592+0000] {processor.py:156} INFO - Started process (PID=15019) to work on /home/airflow/.local/lib/python3.7/site-packages/airflow/example_dags/example_branch_labels.py
[2022-11-12T07:26:36.595+0000] {processor.py:758} INFO - Processing file /home/airflow/.local/lib/python3.7/site-packages/airflow/example_dags/example_branch_labels.py for tasks to queue
[2022-11-12T07:26:36.598+0000] {logging_mixin.py:117} INFO - [2022-11-12T07:26:36.598+0000] {dagbag.py:525} INFO - Filling up the DagBag from /home/airflow/.local/lib/python3.7/site-packages/airflow/example_dags/example_branch_labels.py
[2022-11-12T07:26:36.631+0000] {processor.py:768} INFO - DAG(s) dict_keys(['example_branch_labels']) retrieved from /home/airflow/.local/lib/python3.7/site-packages/airflow/example_dags/example_branch_labels.py
[2022-11-12T07:26:36.712+0000] {logging_mixin.py:117} INFO - [2022-11-12T07:26:36.712+0000] {dag.py:2573} INFO - Sync 1 DAGs
[2022-11-12T07:26:36.790+0000] {logging_mixin.py:117} INFO - [2022-11-12T07:26:36.789+0000] {dag.py:3328} INFO - Setting next_dagrun for example_branch_labels to 2022-11-11T00:00:00+00:00, run_after=2022-11-12T00:00:00+00:00
[2022-11-12T07:26:36.838+0000] {processor.py:178} INFO - Processing /home/airflow/.local/lib/python3.7/site-packages/airflow/example_dags/example_branch_labels.py took 0.250 seconds
[2022-11-12T08:48:41.556+0000] {processor.py:156} INFO - Started process (PID=15082) to work on /home/airflow/.local/lib/python3.7/site-packages/airflow/example_dags/example_branch_labels.py
[2022-11-12T08:48:41.583+0000] {processor.py:758} INFO - Processing file /home/airflow/.local/lib/python3.7/site-packages/airflow/example_dags/example_branch_labels.py for tasks to queue
[2022-11-12T08:48:41.587+0000] {logging_mixin.py:117} INFO - [2022-11-12T08:48:41.587+0000] {dagbag.py:525} INFO - Filling up the DagBag from /home/airflow/.local/lib/python3.7/site-packages/airflow/example_dags/example_branch_labels.py
[2022-11-12T08:48:41.691+0000] {processor.py:768} INFO - DAG(s) dict_keys(['example_branch_labels']) retrieved from /home/airflow/.local/lib/python3.7/site-packages/airflow/example_dags/example_branch_labels.py
[2022-11-12T08:48:41.933+0000] {logging_mixin.py:117} INFO - [2022-11-12T08:48:41.932+0000] {dag.py:2573} INFO - Sync 1 DAGs
[2022-11-12T08:48:42.045+0000] {logging_mixin.py:117} INFO - [2022-11-12T08:48:42.044+0000] {dag.py:3328} INFO - Setting next_dagrun for example_branch_labels to 2022-11-11T00:00:00+00:00, run_after=2022-11-12T00:00:00+00:00
[2022-11-12T08:48:42.185+0000] {processor.py:178} INFO - Processing /home/airflow/.local/lib/python3.7/site-packages/airflow/example_dags/example_branch_labels.py took 0.649 seconds
[2022-11-12T09:39:57.322+0000] {processor.py:156} INFO - Started process (PID=15136) to work on /home/airflow/.local/lib/python3.7/site-packages/airflow/example_dags/example_branch_labels.py
[2022-11-12T09:39:57.325+0000] {processor.py:758} INFO - Processing file /home/airflow/.local/lib/python3.7/site-packages/airflow/example_dags/example_branch_labels.py for tasks to queue
[2022-11-12T09:39:57.327+0000] {logging_mixin.py:117} INFO - [2022-11-12T09:39:57.326+0000] {dagbag.py:525} INFO - Filling up the DagBag from /home/airflow/.local/lib/python3.7/site-packages/airflow/example_dags/example_branch_labels.py
[2022-11-12T09:39:57.360+0000] {processor.py:768} INFO - DAG(s) dict_keys(['example_branch_labels']) retrieved from /home/airflow/.local/lib/python3.7/site-packages/airflow/example_dags/example_branch_labels.py
[2022-11-12T09:39:57.442+0000] {logging_mixin.py:117} INFO - [2022-11-12T09:39:57.442+0000] {dag.py:2573} INFO - Sync 1 DAGs
[2022-11-12T09:39:57.497+0000] {logging_mixin.py:117} INFO - [2022-11-12T09:39:57.496+0000] {dag.py:3328} INFO - Setting next_dagrun for example_branch_labels to 2022-11-11T00:00:00+00:00, run_after=2022-11-12T00:00:00+00:00
[2022-11-12T09:39:57.528+0000] {processor.py:178} INFO - Processing /home/airflow/.local/lib/python3.7/site-packages/airflow/example_dags/example_branch_labels.py took 0.209 seconds
[2022-11-12T11:02:29.464+0000] {processor.py:156} INFO - Started process (PID=15191) to work on /home/airflow/.local/lib/python3.7/site-packages/airflow/example_dags/example_branch_labels.py
[2022-11-12T11:02:29.467+0000] {processor.py:758} INFO - Processing file /home/airflow/.local/lib/python3.7/site-packages/airflow/example_dags/example_branch_labels.py for tasks to queue
[2022-11-12T11:02:29.472+0000] {logging_mixin.py:117} INFO - [2022-11-12T11:02:29.472+0000] {dagbag.py:525} INFO - Filling up the DagBag from /home/airflow/.local/lib/python3.7/site-packages/airflow/example_dags/example_branch_labels.py
[2022-11-12T11:02:29.513+0000] {processor.py:768} INFO - DAG(s) dict_keys(['example_branch_labels']) retrieved from /home/airflow/.local/lib/python3.7/site-packages/airflow/example_dags/example_branch_labels.py
[2022-11-12T11:02:29.642+0000] {logging_mixin.py:117} INFO - [2022-11-12T11:02:29.642+0000] {dag.py:2573} INFO - Sync 1 DAGs
[2022-11-12T11:02:29.687+0000] {logging_mixin.py:117} INFO - [2022-11-12T11:02:29.687+0000] {dag.py:3328} INFO - Setting next_dagrun for example_branch_labels to 2022-11-11T00:00:00+00:00, run_after=2022-11-12T00:00:00+00:00
[2022-11-12T11:02:29.715+0000] {processor.py:178} INFO - Processing /home/airflow/.local/lib/python3.7/site-packages/airflow/example_dags/example_branch_labels.py took 0.256 seconds
[2022-11-12T12:39:33.190+0000] {processor.py:156} INFO - Started process (PID=15246) to work on /home/airflow/.local/lib/python3.7/site-packages/airflow/example_dags/example_branch_labels.py
[2022-11-12T12:39:33.198+0000] {processor.py:758} INFO - Processing file /home/airflow/.local/lib/python3.7/site-packages/airflow/example_dags/example_branch_labels.py for tasks to queue
[2022-11-12T12:39:33.200+0000] {logging_mixin.py:117} INFO - [2022-11-12T12:39:33.200+0000] {dagbag.py:525} INFO - Filling up the DagBag from /home/airflow/.local/lib/python3.7/site-packages/airflow/example_dags/example_branch_labels.py
[2022-11-12T12:39:33.211+0000] {processor.py:768} INFO - DAG(s) dict_keys(['example_branch_labels']) retrieved from /home/airflow/.local/lib/python3.7/site-packages/airflow/example_dags/example_branch_labels.py
[2022-11-12T12:39:33.242+0000] {logging_mixin.py:117} INFO - [2022-11-12T12:39:33.241+0000] {dag.py:2573} INFO - Sync 1 DAGs
[2022-11-12T12:39:33.262+0000] {logging_mixin.py:117} INFO - [2022-11-12T12:39:33.262+0000] {dag.py:3328} INFO - Setting next_dagrun for example_branch_labels to 2022-11-11T00:00:00+00:00, run_after=2022-11-12T00:00:00+00:00
[2022-11-12T12:39:33.280+0000] {processor.py:178} INFO - Processing /home/airflow/.local/lib/python3.7/site-packages/airflow/example_dags/example_branch_labels.py took 0.091 seconds
[2022-11-12T14:03:41.947+0000] {processor.py:156} INFO - Started process (PID=15309) to work on /home/airflow/.local/lib/python3.7/site-packages/airflow/example_dags/example_branch_labels.py
[2022-11-12T14:03:41.950+0000] {processor.py:758} INFO - Processing file /home/airflow/.local/lib/python3.7/site-packages/airflow/example_dags/example_branch_labels.py for tasks to queue
[2022-11-12T14:03:41.951+0000] {logging_mixin.py:117} INFO - [2022-11-12T14:03:41.951+0000] {dagbag.py:525} INFO - Filling up the DagBag from /home/airflow/.local/lib/python3.7/site-packages/airflow/example_dags/example_branch_labels.py
[2022-11-12T14:03:41.964+0000] {processor.py:768} INFO - DAG(s) dict_keys(['example_branch_labels']) retrieved from /home/airflow/.local/lib/python3.7/site-packages/airflow/example_dags/example_branch_labels.py
[2022-11-12T14:03:41.996+0000] {logging_mixin.py:117} INFO - [2022-11-12T14:03:41.996+0000] {dag.py:2573} INFO - Sync 1 DAGs
[2022-11-12T14:03:42.015+0000] {logging_mixin.py:117} INFO - [2022-11-12T14:03:42.015+0000] {dag.py:3328} INFO - Setting next_dagrun for example_branch_labels to 2022-11-11T00:00:00+00:00, run_after=2022-11-12T00:00:00+00:00
[2022-11-12T14:03:42.028+0000] {processor.py:178} INFO - Processing /home/airflow/.local/lib/python3.7/site-packages/airflow/example_dags/example_branch_labels.py took 0.084 seconds
[2022-11-12T15:28:34.919+0000] {processor.py:156} INFO - Started process (PID=15365) to work on /home/airflow/.local/lib/python3.7/site-packages/airflow/example_dags/example_branch_labels.py
[2022-11-12T15:28:34.926+0000] {processor.py:758} INFO - Processing file /home/airflow/.local/lib/python3.7/site-packages/airflow/example_dags/example_branch_labels.py for tasks to queue
[2022-11-12T15:28:34.927+0000] {logging_mixin.py:117} INFO - [2022-11-12T15:28:34.927+0000] {dagbag.py:525} INFO - Filling up the DagBag from /home/airflow/.local/lib/python3.7/site-packages/airflow/example_dags/example_branch_labels.py
[2022-11-12T15:28:34.938+0000] {processor.py:768} INFO - DAG(s) dict_keys(['example_branch_labels']) retrieved from /home/airflow/.local/lib/python3.7/site-packages/airflow/example_dags/example_branch_labels.py
[2022-11-12T15:28:34.962+0000] {logging_mixin.py:117} INFO - [2022-11-12T15:28:34.962+0000] {dag.py:2573} INFO - Sync 1 DAGs
[2022-11-12T15:28:34.976+0000] {logging_mixin.py:117} INFO - [2022-11-12T15:28:34.976+0000] {dag.py:3328} INFO - Setting next_dagrun for example_branch_labels to 2022-11-11T00:00:00+00:00, run_after=2022-11-12T00:00:00+00:00
[2022-11-12T15:28:34.987+0000] {processor.py:178} INFO - Processing /home/airflow/.local/lib/python3.7/site-packages/airflow/example_dags/example_branch_labels.py took 0.076 seconds
[2022-11-12T16:51:13.854+0000] {processor.py:156} INFO - Started process (PID=15430) to work on /home/airflow/.local/lib/python3.7/site-packages/airflow/example_dags/example_branch_labels.py
[2022-11-12T16:51:13.862+0000] {processor.py:758} INFO - Processing file /home/airflow/.local/lib/python3.7/site-packages/airflow/example_dags/example_branch_labels.py for tasks to queue
[2022-11-12T16:51:13.867+0000] {logging_mixin.py:117} INFO - [2022-11-12T16:51:13.866+0000] {dagbag.py:525} INFO - Filling up the DagBag from /home/airflow/.local/lib/python3.7/site-packages/airflow/example_dags/example_branch_labels.py
[2022-11-12T16:51:13.980+0000] {processor.py:768} INFO - DAG(s) dict_keys(['example_branch_labels']) retrieved from /home/airflow/.local/lib/python3.7/site-packages/airflow/example_dags/example_branch_labels.py
[2022-11-12T16:51:14.219+0000] {logging_mixin.py:117} INFO - [2022-11-12T16:51:14.218+0000] {dag.py:2573} INFO - Sync 1 DAGs
[2022-11-12T16:51:14.888+0000] {logging_mixin.py:117} INFO - [2022-11-12T16:51:14.871+0000] {dag.py:3328} INFO - Setting next_dagrun for example_branch_labels to 2022-11-11T00:00:00+00:00, run_after=2022-11-12T00:00:00+00:00
[2022-11-12T16:51:15.182+0000] {processor.py:178} INFO - Processing /home/airflow/.local/lib/python3.7/site-packages/airflow/example_dags/example_branch_labels.py took 1.332 seconds
[2022-11-12T18:32:24.274+0000] {processor.py:156} INFO - Started process (PID=15485) to work on /home/airflow/.local/lib/python3.7/site-packages/airflow/example_dags/example_branch_labels.py
[2022-11-12T18:32:24.275+0000] {processor.py:758} INFO - Processing file /home/airflow/.local/lib/python3.7/site-packages/airflow/example_dags/example_branch_labels.py for tasks to queue
[2022-11-12T18:32:24.276+0000] {logging_mixin.py:117} INFO - [2022-11-12T18:32:24.276+0000] {dagbag.py:525} INFO - Filling up the DagBag from /home/airflow/.local/lib/python3.7/site-packages/airflow/example_dags/example_branch_labels.py
[2022-11-12T18:32:24.285+0000] {processor.py:768} INFO - DAG(s) dict_keys(['example_branch_labels']) retrieved from /home/airflow/.local/lib/python3.7/site-packages/airflow/example_dags/example_branch_labels.py
[2022-11-12T18:32:24.310+0000] {logging_mixin.py:117} INFO - [2022-11-12T18:32:24.309+0000] {dag.py:2573} INFO - Sync 1 DAGs
[2022-11-12T18:32:24.324+0000] {logging_mixin.py:117} INFO - [2022-11-12T18:32:24.324+0000] {dag.py:3328} INFO - Setting next_dagrun for example_branch_labels to 2022-11-11T00:00:00+00:00, run_after=2022-11-12T00:00:00+00:00
[2022-11-12T18:32:24.334+0000] {processor.py:178} INFO - Processing /home/airflow/.local/lib/python3.7/site-packages/airflow/example_dags/example_branch_labels.py took 0.062 seconds
[2022-11-12T19:24:19.900+0000] {processor.py:156} INFO - Started process (PID=15550) to work on /home/airflow/.local/lib/python3.7/site-packages/airflow/example_dags/example_branch_labels.py
[2022-11-12T19:24:19.907+0000] {processor.py:758} INFO - Processing file /home/airflow/.local/lib/python3.7/site-packages/airflow/example_dags/example_branch_labels.py for tasks to queue
[2022-11-12T19:24:19.910+0000] {logging_mixin.py:117} INFO - [2022-11-12T19:24:19.909+0000] {dagbag.py:525} INFO - Filling up the DagBag from /home/airflow/.local/lib/python3.7/site-packages/airflow/example_dags/example_branch_labels.py
[2022-11-12T19:24:20.000+0000] {processor.py:768} INFO - DAG(s) dict_keys(['example_branch_labels']) retrieved from /home/airflow/.local/lib/python3.7/site-packages/airflow/example_dags/example_branch_labels.py
[2022-11-12T19:24:20.202+0000] {logging_mixin.py:117} INFO - [2022-11-12T19:24:20.201+0000] {dag.py:2573} INFO - Sync 1 DAGs
[2022-11-12T19:24:20.281+0000] {logging_mixin.py:117} INFO - [2022-11-12T19:24:20.281+0000] {dag.py:3328} INFO - Setting next_dagrun for example_branch_labels to 2022-11-11T00:00:00+00:00, run_after=2022-11-12T00:00:00+00:00
[2022-11-12T19:24:20.342+0000] {processor.py:178} INFO - Processing /home/airflow/.local/lib/python3.7/site-packages/airflow/example_dags/example_branch_labels.py took 0.453 seconds
