[2022-11-12T00:30:39.356+0000] {processor.py:156} INFO - Started process (PID=14725) to work on /home/airflow/.local/lib/python3.7/site-packages/airflow/example_dags/example_short_circuit_operator.py
[2022-11-12T00:30:39.358+0000] {processor.py:758} INFO - Processing file /home/airflow/.local/lib/python3.7/site-packages/airflow/example_dags/example_short_circuit_operator.py for tasks to queue
[2022-11-12T00:30:39.359+0000] {logging_mixin.py:117} INFO - [2022-11-12T00:30:39.359+0000] {dagbag.py:525} INFO - Filling up the DagBag from /home/airflow/.local/lib/python3.7/site-packages/airflow/example_dags/example_short_circuit_operator.py
[2022-11-12T00:30:39.394+0000] {processor.py:768} INFO - DAG(s) dict_keys(['example_short_circuit_operator']) retrieved from /home/airflow/.local/lib/python3.7/site-packages/airflow/example_dags/example_short_circuit_operator.py
[2022-11-12T00:30:39.493+0000] {logging_mixin.py:117} INFO - [2022-11-12T00:30:39.493+0000] {dag.py:2573} INFO - Sync 1 DAGs
[2022-11-12T00:30:39.530+0000] {logging_mixin.py:117} INFO - [2022-11-12T00:30:39.530+0000] {dag.py:3328} INFO - Setting next_dagrun for example_short_circuit_operator to 2022-11-11T00:30:39.530084+00:00, run_after=2022-11-12T00:30:39.530084+00:00
[2022-11-12T00:30:39.572+0000] {processor.py:178} INFO - Processing /home/airflow/.local/lib/python3.7/site-packages/airflow/example_dags/example_short_circuit_operator.py took 0.258 seconds
[2022-11-12T01:49:58.258+0000] {processor.py:156} INFO - Started process (PID=14790) to work on /home/airflow/.local/lib/python3.7/site-packages/airflow/example_dags/example_short_circuit_operator.py
[2022-11-12T01:49:58.300+0000] {processor.py:758} INFO - Processing file /home/airflow/.local/lib/python3.7/site-packages/airflow/example_dags/example_short_circuit_operator.py for tasks to queue
[2022-11-12T01:49:58.306+0000] {logging_mixin.py:117} INFO - [2022-11-12T01:49:58.306+0000] {dagbag.py:525} INFO - Filling up the DagBag from /home/airflow/.local/lib/python3.7/site-packages/airflow/example_dags/example_short_circuit_operator.py
[2022-11-12T01:49:58.573+0000] {processor.py:768} INFO - DAG(s) dict_keys(['example_short_circuit_operator']) retrieved from /home/airflow/.local/lib/python3.7/site-packages/airflow/example_dags/example_short_circuit_operator.py
[2022-11-12T01:49:58.808+0000] {logging_mixin.py:117} INFO - [2022-11-12T01:49:58.808+0000] {dag.py:2573} INFO - Sync 1 DAGs
[2022-11-12T01:49:58.844+0000] {logging_mixin.py:117} INFO - [2022-11-12T01:49:58.844+0000] {dag.py:3328} INFO - Setting next_dagrun for example_short_circuit_operator to 2022-11-11T01:49:58.843935+00:00, run_after=2022-11-12T01:49:58.843935+00:00
[2022-11-12T01:49:58.900+0000] {processor.py:178} INFO - Processing /home/airflow/.local/lib/python3.7/site-packages/airflow/example_dags/example_short_circuit_operator.py took 0.683 seconds
[2022-11-12T03:17:05.263+0000] {processor.py:156} INFO - Started process (PID=14844) to work on /home/airflow/.local/lib/python3.7/site-packages/airflow/example_dags/example_short_circuit_operator.py
[2022-11-12T03:17:05.266+0000] {processor.py:758} INFO - Processing file /home/airflow/.local/lib/python3.7/site-packages/airflow/example_dags/example_short_circuit_operator.py for tasks to queue
[2022-11-12T03:17:05.269+0000] {logging_mixin.py:117} INFO - [2022-11-12T03:17:05.269+0000] {dagbag.py:525} INFO - Filling up the DagBag from /home/airflow/.local/lib/python3.7/site-packages/airflow/example_dags/example_short_circuit_operator.py
[2022-11-12T03:17:05.290+0000] {processor.py:768} INFO - DAG(s) dict_keys(['example_short_circuit_operator']) retrieved from /home/airflow/.local/lib/python3.7/site-packages/airflow/example_dags/example_short_circuit_operator.py
[2022-11-12T03:17:05.348+0000] {logging_mixin.py:117} INFO - [2022-11-12T03:17:05.348+0000] {dag.py:2573} INFO - Sync 1 DAGs
[2022-11-12T03:17:05.372+0000] {logging_mixin.py:117} INFO - [2022-11-12T03:17:05.371+0000] {dag.py:3328} INFO - Setting next_dagrun for example_short_circuit_operator to 2022-11-11T03:17:05.371424+00:00, run_after=2022-11-12T03:17:05.371424+00:00
[2022-11-12T03:17:05.403+0000] {processor.py:178} INFO - Processing /home/airflow/.local/lib/python3.7/site-packages/airflow/example_dags/example_short_circuit_operator.py took 0.146 seconds
[2022-11-12T04:38:44.860+0000] {processor.py:156} INFO - Started process (PID=14899) to work on /home/airflow/.local/lib/python3.7/site-packages/airflow/example_dags/example_short_circuit_operator.py
[2022-11-12T04:38:44.864+0000] {processor.py:758} INFO - Processing file /home/airflow/.local/lib/python3.7/site-packages/airflow/example_dags/example_short_circuit_operator.py for tasks to queue
[2022-11-12T04:38:44.869+0000] {logging_mixin.py:117} INFO - [2022-11-12T04:38:44.869+0000] {dagbag.py:525} INFO - Filling up the DagBag from /home/airflow/.local/lib/python3.7/site-packages/airflow/example_dags/example_short_circuit_operator.py
[2022-11-12T04:38:44.946+0000] {processor.py:768} INFO - DAG(s) dict_keys(['example_short_circuit_operator']) retrieved from /home/airflow/.local/lib/python3.7/site-packages/airflow/example_dags/example_short_circuit_operator.py
[2022-11-12T04:38:45.081+0000] {logging_mixin.py:117} INFO - [2022-11-12T04:38:45.081+0000] {dag.py:2573} INFO - Sync 1 DAGs
[2022-11-12T04:38:45.117+0000] {logging_mixin.py:117} INFO - [2022-11-12T04:38:45.117+0000] {dag.py:3328} INFO - Setting next_dagrun for example_short_circuit_operator to 2022-11-11T04:38:45.116992+00:00, run_after=2022-11-12T04:38:45.116992+00:00
[2022-11-12T04:38:45.168+0000] {processor.py:178} INFO - Processing /home/airflow/.local/lib/python3.7/site-packages/airflow/example_dags/example_short_circuit_operator.py took 0.314 seconds
[2022-11-12T06:17:34.034+0000] {processor.py:156} INFO - Started process (PID=14962) to work on /home/airflow/.local/lib/python3.7/site-packages/airflow/example_dags/example_short_circuit_operator.py
[2022-11-12T06:17:34.047+0000] {processor.py:758} INFO - Processing file /home/airflow/.local/lib/python3.7/site-packages/airflow/example_dags/example_short_circuit_operator.py for tasks to queue
[2022-11-12T06:17:34.054+0000] {logging_mixin.py:117} INFO - [2022-11-12T06:17:34.054+0000] {dagbag.py:525} INFO - Filling up the DagBag from /home/airflow/.local/lib/python3.7/site-packages/airflow/example_dags/example_short_circuit_operator.py
[2022-11-12T06:17:34.716+0000] {processor.py:768} INFO - DAG(s) dict_keys(['example_short_circuit_operator']) retrieved from /home/airflow/.local/lib/python3.7/site-packages/airflow/example_dags/example_short_circuit_operator.py
[2022-11-12T06:17:35.187+0000] {logging_mixin.py:117} INFO - [2022-11-12T06:17:35.186+0000] {dag.py:2573} INFO - Sync 1 DAGs
[2022-11-12T06:17:35.224+0000] {logging_mixin.py:117} INFO - [2022-11-12T06:17:35.224+0000] {dag.py:3328} INFO - Setting next_dagrun for example_short_circuit_operator to 2022-11-11T06:17:35.224013+00:00, run_after=2022-11-12T06:17:35.224013+00:00
[2022-11-12T06:17:35.287+0000] {processor.py:178} INFO - Processing /home/airflow/.local/lib/python3.7/site-packages/airflow/example_dags/example_short_circuit_operator.py took 1.291 seconds
[2022-11-12T07:26:36.061+0000] {processor.py:156} INFO - Started process (PID=15017) to work on /home/airflow/.local/lib/python3.7/site-packages/airflow/example_dags/example_short_circuit_operator.py
[2022-11-12T07:26:36.068+0000] {processor.py:758} INFO - Processing file /home/airflow/.local/lib/python3.7/site-packages/airflow/example_dags/example_short_circuit_operator.py for tasks to queue
[2022-11-12T07:26:36.076+0000] {logging_mixin.py:117} INFO - [2022-11-12T07:26:36.075+0000] {dagbag.py:525} INFO - Filling up the DagBag from /home/airflow/.local/lib/python3.7/site-packages/airflow/example_dags/example_short_circuit_operator.py
[2022-11-12T07:26:36.193+0000] {processor.py:768} INFO - DAG(s) dict_keys(['example_short_circuit_operator']) retrieved from /home/airflow/.local/lib/python3.7/site-packages/airflow/example_dags/example_short_circuit_operator.py
[2022-11-12T07:26:36.378+0000] {logging_mixin.py:117} INFO - [2022-11-12T07:26:36.378+0000] {dag.py:2573} INFO - Sync 1 DAGs
[2022-11-12T07:26:36.466+0000] {logging_mixin.py:117} INFO - [2022-11-12T07:26:36.466+0000] {dag.py:3328} INFO - Setting next_dagrun for example_short_circuit_operator to 2022-11-11T07:26:36.465396+00:00, run_after=2022-11-12T07:26:36.465396+00:00
[2022-11-12T07:26:36.518+0000] {processor.py:178} INFO - Processing /home/airflow/.local/lib/python3.7/site-packages/airflow/example_dags/example_short_circuit_operator.py took 0.481 seconds
[2022-11-12T08:48:39.760+0000] {processor.py:156} INFO - Started process (PID=15080) to work on /home/airflow/.local/lib/python3.7/site-packages/airflow/example_dags/example_short_circuit_operator.py
[2022-11-12T08:48:39.794+0000] {processor.py:758} INFO - Processing file /home/airflow/.local/lib/python3.7/site-packages/airflow/example_dags/example_short_circuit_operator.py for tasks to queue
[2022-11-12T08:48:39.809+0000] {logging_mixin.py:117} INFO - [2022-11-12T08:48:39.808+0000] {dagbag.py:525} INFO - Filling up the DagBag from /home/airflow/.local/lib/python3.7/site-packages/airflow/example_dags/example_short_circuit_operator.py
[2022-11-12T08:48:40.025+0000] {processor.py:768} INFO - DAG(s) dict_keys(['example_short_circuit_operator']) retrieved from /home/airflow/.local/lib/python3.7/site-packages/airflow/example_dags/example_short_circuit_operator.py
[2022-11-12T08:48:40.656+0000] {logging_mixin.py:117} INFO - [2022-11-12T08:48:40.655+0000] {dag.py:2573} INFO - Sync 1 DAGs
[2022-11-12T08:48:40.925+0000] {logging_mixin.py:117} INFO - [2022-11-12T08:48:40.925+0000] {dag.py:3328} INFO - Setting next_dagrun for example_short_circuit_operator to 2022-11-11T08:48:40.923749+00:00, run_after=2022-11-12T08:48:40.923749+00:00
[2022-11-12T08:48:41.049+0000] {processor.py:178} INFO - Processing /home/airflow/.local/lib/python3.7/site-packages/airflow/example_dags/example_short_circuit_operator.py took 1.358 seconds
[2022-11-12T09:39:56.622+0000] {processor.py:156} INFO - Started process (PID=15134) to work on /home/airflow/.local/lib/python3.7/site-packages/airflow/example_dags/example_short_circuit_operator.py
[2022-11-12T09:39:56.625+0000] {processor.py:758} INFO - Processing file /home/airflow/.local/lib/python3.7/site-packages/airflow/example_dags/example_short_circuit_operator.py for tasks to queue
[2022-11-12T09:39:56.628+0000] {logging_mixin.py:117} INFO - [2022-11-12T09:39:56.628+0000] {dagbag.py:525} INFO - Filling up the DagBag from /home/airflow/.local/lib/python3.7/site-packages/airflow/example_dags/example_short_circuit_operator.py
[2022-11-12T09:39:56.678+0000] {processor.py:768} INFO - DAG(s) dict_keys(['example_short_circuit_operator']) retrieved from /home/airflow/.local/lib/python3.7/site-packages/airflow/example_dags/example_short_circuit_operator.py
[2022-11-12T09:39:57.025+0000] {logging_mixin.py:117} INFO - [2022-11-12T09:39:57.025+0000] {dag.py:2573} INFO - Sync 1 DAGs
[2022-11-12T09:39:57.107+0000] {logging_mixin.py:117} INFO - [2022-11-12T09:39:57.107+0000] {dag.py:3328} INFO - Setting next_dagrun for example_short_circuit_operator to 2022-11-11T09:39:57.106251+00:00, run_after=2022-11-12T09:39:57.106251+00:00
[2022-11-12T09:39:57.234+0000] {processor.py:178} INFO - Processing /home/airflow/.local/lib/python3.7/site-packages/airflow/example_dags/example_short_circuit_operator.py took 0.637 seconds
[2022-11-12T11:02:28.923+0000] {processor.py:156} INFO - Started process (PID=15189) to work on /home/airflow/.local/lib/python3.7/site-packages/airflow/example_dags/example_short_circuit_operator.py
[2022-11-12T11:02:28.928+0000] {processor.py:758} INFO - Processing file /home/airflow/.local/lib/python3.7/site-packages/airflow/example_dags/example_short_circuit_operator.py for tasks to queue
[2022-11-12T11:02:28.932+0000] {logging_mixin.py:117} INFO - [2022-11-12T11:02:28.931+0000] {dagbag.py:525} INFO - Filling up the DagBag from /home/airflow/.local/lib/python3.7/site-packages/airflow/example_dags/example_short_circuit_operator.py
[2022-11-12T11:02:28.991+0000] {processor.py:768} INFO - DAG(s) dict_keys(['example_short_circuit_operator']) retrieved from /home/airflow/.local/lib/python3.7/site-packages/airflow/example_dags/example_short_circuit_operator.py
[2022-11-12T11:02:29.095+0000] {logging_mixin.py:117} INFO - [2022-11-12T11:02:29.095+0000] {dag.py:2573} INFO - Sync 1 DAGs
[2022-11-12T11:02:29.285+0000] {logging_mixin.py:117} INFO - [2022-11-12T11:02:29.284+0000] {dag.py:3328} INFO - Setting next_dagrun for example_short_circuit_operator to 2022-11-11T11:02:29.283444+00:00, run_after=2022-11-12T11:02:29.283444+00:00
[2022-11-12T11:02:29.340+0000] {processor.py:178} INFO - Processing /home/airflow/.local/lib/python3.7/site-packages/airflow/example_dags/example_short_circuit_operator.py took 0.433 seconds
[2022-11-12T12:39:33.086+0000] {processor.py:156} INFO - Started process (PID=15244) to work on /home/airflow/.local/lib/python3.7/site-packages/airflow/example_dags/example_short_circuit_operator.py
[2022-11-12T12:39:33.088+0000] {processor.py:758} INFO - Processing file /home/airflow/.local/lib/python3.7/site-packages/airflow/example_dags/example_short_circuit_operator.py for tasks to queue
[2022-11-12T12:39:33.089+0000] {logging_mixin.py:117} INFO - [2022-11-12T12:39:33.089+0000] {dagbag.py:525} INFO - Filling up the DagBag from /home/airflow/.local/lib/python3.7/site-packages/airflow/example_dags/example_short_circuit_operator.py
[2022-11-12T12:39:33.100+0000] {processor.py:768} INFO - DAG(s) dict_keys(['example_short_circuit_operator']) retrieved from /home/airflow/.local/lib/python3.7/site-packages/airflow/example_dags/example_short_circuit_operator.py
[2022-11-12T12:39:33.141+0000] {logging_mixin.py:117} INFO - [2022-11-12T12:39:33.141+0000] {dag.py:2573} INFO - Sync 1 DAGs
[2022-11-12T12:39:33.157+0000] {logging_mixin.py:117} INFO - [2022-11-12T12:39:33.157+0000] {dag.py:3328} INFO - Setting next_dagrun for example_short_circuit_operator to 2022-11-11T12:39:33.157276+00:00, run_after=2022-11-12T12:39:33.157276+00:00
[2022-11-12T12:39:33.169+0000] {processor.py:178} INFO - Processing /home/airflow/.local/lib/python3.7/site-packages/airflow/example_dags/example_short_circuit_operator.py took 0.084 seconds
[2022-11-12T14:03:41.833+0000] {processor.py:156} INFO - Started process (PID=15307) to work on /home/airflow/.local/lib/python3.7/site-packages/airflow/example_dags/example_short_circuit_operator.py
[2022-11-12T14:03:41.835+0000] {processor.py:758} INFO - Processing file /home/airflow/.local/lib/python3.7/site-packages/airflow/example_dags/example_short_circuit_operator.py for tasks to queue
[2022-11-12T14:03:41.836+0000] {logging_mixin.py:117} INFO - [2022-11-12T14:03:41.836+0000] {dagbag.py:525} INFO - Filling up the DagBag from /home/airflow/.local/lib/python3.7/site-packages/airflow/example_dags/example_short_circuit_operator.py
[2022-11-12T14:03:41.849+0000] {processor.py:768} INFO - DAG(s) dict_keys(['example_short_circuit_operator']) retrieved from /home/airflow/.local/lib/python3.7/site-packages/airflow/example_dags/example_short_circuit_operator.py
[2022-11-12T14:03:41.881+0000] {logging_mixin.py:117} INFO - [2022-11-12T14:03:41.881+0000] {dag.py:2573} INFO - Sync 1 DAGs
[2022-11-12T14:03:41.899+0000] {logging_mixin.py:117} INFO - [2022-11-12T14:03:41.898+0000] {dag.py:3328} INFO - Setting next_dagrun for example_short_circuit_operator to 2022-11-11T14:03:41.898808+00:00, run_after=2022-11-12T14:03:41.898808+00:00
[2022-11-12T14:03:41.914+0000] {processor.py:178} INFO - Processing /home/airflow/.local/lib/python3.7/site-packages/airflow/example_dags/example_short_circuit_operator.py took 0.083 seconds
[2022-11-12T15:28:34.809+0000] {processor.py:156} INFO - Started process (PID=15363) to work on /home/airflow/.local/lib/python3.7/site-packages/airflow/example_dags/example_short_circuit_operator.py
[2022-11-12T15:28:34.820+0000] {processor.py:758} INFO - Processing file /home/airflow/.local/lib/python3.7/site-packages/airflow/example_dags/example_short_circuit_operator.py for tasks to queue
[2022-11-12T15:28:34.823+0000] {logging_mixin.py:117} INFO - [2022-11-12T15:28:34.823+0000] {dagbag.py:525} INFO - Filling up the DagBag from /home/airflow/.local/lib/python3.7/site-packages/airflow/example_dags/example_short_circuit_operator.py
[2022-11-12T15:28:34.837+0000] {processor.py:768} INFO - DAG(s) dict_keys(['example_short_circuit_operator']) retrieved from /home/airflow/.local/lib/python3.7/site-packages/airflow/example_dags/example_short_circuit_operator.py
[2022-11-12T15:28:34.864+0000] {logging_mixin.py:117} INFO - [2022-11-12T15:28:34.864+0000] {dag.py:2573} INFO - Sync 1 DAGs
[2022-11-12T15:28:34.877+0000] {logging_mixin.py:117} INFO - [2022-11-12T15:28:34.877+0000] {dag.py:3328} INFO - Setting next_dagrun for example_short_circuit_operator to 2022-11-11T15:28:34.877240+00:00, run_after=2022-11-12T15:28:34.877240+00:00
[2022-11-12T15:28:34.886+0000] {processor.py:178} INFO - Processing /home/airflow/.local/lib/python3.7/site-packages/airflow/example_dags/example_short_circuit_operator.py took 0.081 seconds
[2022-11-12T16:51:13.504+0000] {processor.py:156} INFO - Started process (PID=15428) to work on /home/airflow/.local/lib/python3.7/site-packages/airflow/example_dags/example_short_circuit_operator.py
[2022-11-12T16:51:13.506+0000] {processor.py:758} INFO - Processing file /home/airflow/.local/lib/python3.7/site-packages/airflow/example_dags/example_short_circuit_operator.py for tasks to queue
[2022-11-12T16:51:13.507+0000] {logging_mixin.py:117} INFO - [2022-11-12T16:51:13.507+0000] {dagbag.py:525} INFO - Filling up the DagBag from /home/airflow/.local/lib/python3.7/site-packages/airflow/example_dags/example_short_circuit_operator.py
[2022-11-12T16:51:13.522+0000] {processor.py:768} INFO - DAG(s) dict_keys(['example_short_circuit_operator']) retrieved from /home/airflow/.local/lib/python3.7/site-packages/airflow/example_dags/example_short_circuit_operator.py
[2022-11-12T16:51:13.560+0000] {logging_mixin.py:117} INFO - [2022-11-12T16:51:13.560+0000] {dag.py:2573} INFO - Sync 1 DAGs
[2022-11-12T16:51:13.643+0000] {logging_mixin.py:117} INFO - [2022-11-12T16:51:13.643+0000] {dag.py:3328} INFO - Setting next_dagrun for example_short_circuit_operator to 2022-11-11T16:51:13.642862+00:00, run_after=2022-11-12T16:51:13.642862+00:00
[2022-11-12T16:51:13.686+0000] {processor.py:178} INFO - Processing /home/airflow/.local/lib/python3.7/site-packages/airflow/example_dags/example_short_circuit_operator.py took 0.185 seconds
[2022-11-12T18:32:24.190+0000] {processor.py:156} INFO - Started process (PID=15483) to work on /home/airflow/.local/lib/python3.7/site-packages/airflow/example_dags/example_short_circuit_operator.py
[2022-11-12T18:32:24.191+0000] {processor.py:758} INFO - Processing file /home/airflow/.local/lib/python3.7/site-packages/airflow/example_dags/example_short_circuit_operator.py for tasks to queue
[2022-11-12T18:32:24.192+0000] {logging_mixin.py:117} INFO - [2022-11-12T18:32:24.192+0000] {dagbag.py:525} INFO - Filling up the DagBag from /home/airflow/.local/lib/python3.7/site-packages/airflow/example_dags/example_short_circuit_operator.py
[2022-11-12T18:32:24.201+0000] {processor.py:768} INFO - DAG(s) dict_keys(['example_short_circuit_operator']) retrieved from /home/airflow/.local/lib/python3.7/site-packages/airflow/example_dags/example_short_circuit_operator.py
[2022-11-12T18:32:24.226+0000] {logging_mixin.py:117} INFO - [2022-11-12T18:32:24.226+0000] {dag.py:2573} INFO - Sync 1 DAGs
[2022-11-12T18:32:24.239+0000] {logging_mixin.py:117} INFO - [2022-11-12T18:32:24.239+0000] {dag.py:3328} INFO - Setting next_dagrun for example_short_circuit_operator to 2022-11-11T18:32:24.239830+00:00, run_after=2022-11-12T18:32:24.239830+00:00
[2022-11-12T18:32:24.250+0000] {processor.py:178} INFO - Processing /home/airflow/.local/lib/python3.7/site-packages/airflow/example_dags/example_short_circuit_operator.py took 0.062 seconds
[2022-11-12T19:24:18.780+0000] {processor.py:156} INFO - Started process (PID=15548) to work on /home/airflow/.local/lib/python3.7/site-packages/airflow/example_dags/example_short_circuit_operator.py
[2022-11-12T19:24:18.785+0000] {processor.py:758} INFO - Processing file /home/airflow/.local/lib/python3.7/site-packages/airflow/example_dags/example_short_circuit_operator.py for tasks to queue
[2022-11-12T19:24:18.791+0000] {logging_mixin.py:117} INFO - [2022-11-12T19:24:18.791+0000] {dagbag.py:525} INFO - Filling up the DagBag from /home/airflow/.local/lib/python3.7/site-packages/airflow/example_dags/example_short_circuit_operator.py
[2022-11-12T19:24:18.888+0000] {processor.py:768} INFO - DAG(s) dict_keys(['example_short_circuit_operator']) retrieved from /home/airflow/.local/lib/python3.7/site-packages/airflow/example_dags/example_short_circuit_operator.py
[2022-11-12T19:24:19.520+0000] {logging_mixin.py:117} INFO - [2022-11-12T19:24:19.519+0000] {dag.py:2573} INFO - Sync 1 DAGs
[2022-11-12T19:24:19.648+0000] {logging_mixin.py:117} INFO - [2022-11-12T19:24:19.648+0000] {dag.py:3328} INFO - Setting next_dagrun for example_short_circuit_operator to 2022-11-11T19:24:19.647673+00:00, run_after=2022-11-12T19:24:19.647673+00:00
[2022-11-12T19:24:19.708+0000] {processor.py:178} INFO - Processing /home/airflow/.local/lib/python3.7/site-packages/airflow/example_dags/example_short_circuit_operator.py took 0.941 seconds
