[2022-11-12T00:30:48.308+0000] {processor.py:156} INFO - Started process (PID=14760) to work on /home/airflow/.local/lib/python3.7/site-packages/airflow/example_dags/example_local_kubernetes_executor.py
[2022-11-12T00:30:48.340+0000] {processor.py:758} INFO - Processing file /home/airflow/.local/lib/python3.7/site-packages/airflow/example_dags/example_local_kubernetes_executor.py for tasks to queue
[2022-11-12T00:30:48.353+0000] {logging_mixin.py:117} INFO - [2022-11-12T00:30:48.353+0000] {dagbag.py:525} INFO - Filling up the DagBag from /home/airflow/.local/lib/python3.7/site-packages/airflow/example_dags/example_local_kubernetes_executor.py
[2022-11-12T00:30:48.543+0000] {processor.py:768} INFO - DAG(s) dict_keys(['example_local_kubernetes_executor']) retrieved from /home/airflow/.local/lib/python3.7/site-packages/airflow/example_dags/example_local_kubernetes_executor.py
[2022-11-12T00:30:48.709+0000] {logging_mixin.py:117} INFO - [2022-11-12T00:30:48.709+0000] {dag.py:2573} INFO - Sync 1 DAGs
[2022-11-12T00:30:48.765+0000] {logging_mixin.py:117} INFO - [2022-11-12T00:30:48.765+0000] {dag.py:3328} INFO - Setting next_dagrun for example_local_kubernetes_executor to None, run_after=None
[2022-11-12T00:30:48.801+0000] {processor.py:178} INFO - Processing /home/airflow/.local/lib/python3.7/site-packages/airflow/example_dags/example_local_kubernetes_executor.py took 0.510 seconds
[2022-11-12T01:50:10.968+0000] {processor.py:156} INFO - Started process (PID=14824) to work on /home/airflow/.local/lib/python3.7/site-packages/airflow/example_dags/example_local_kubernetes_executor.py
[2022-11-12T01:50:10.984+0000] {processor.py:758} INFO - Processing file /home/airflow/.local/lib/python3.7/site-packages/airflow/example_dags/example_local_kubernetes_executor.py for tasks to queue
[2022-11-12T01:50:10.989+0000] {logging_mixin.py:117} INFO - [2022-11-12T01:50:10.989+0000] {dagbag.py:525} INFO - Filling up the DagBag from /home/airflow/.local/lib/python3.7/site-packages/airflow/example_dags/example_local_kubernetes_executor.py
[2022-11-12T01:50:11.202+0000] {processor.py:768} INFO - DAG(s) dict_keys(['example_local_kubernetes_executor']) retrieved from /home/airflow/.local/lib/python3.7/site-packages/airflow/example_dags/example_local_kubernetes_executor.py
[2022-11-12T01:50:11.589+0000] {logging_mixin.py:117} INFO - [2022-11-12T01:50:11.587+0000] {dag.py:2573} INFO - Sync 1 DAGs
[2022-11-12T01:50:11.678+0000] {logging_mixin.py:117} INFO - [2022-11-12T01:50:11.678+0000] {dag.py:3328} INFO - Setting next_dagrun for example_local_kubernetes_executor to None, run_after=None
[2022-11-12T01:50:11.773+0000] {processor.py:178} INFO - Processing /home/airflow/.local/lib/python3.7/site-packages/airflow/example_dags/example_local_kubernetes_executor.py took 0.816 seconds
[2022-11-12T03:17:09.513+0000] {processor.py:156} INFO - Started process (PID=14870) to work on /home/airflow/.local/lib/python3.7/site-packages/airflow/example_dags/example_local_kubernetes_executor.py
[2022-11-12T03:17:09.518+0000] {processor.py:758} INFO - Processing file /home/airflow/.local/lib/python3.7/site-packages/airflow/example_dags/example_local_kubernetes_executor.py for tasks to queue
[2022-11-12T03:17:09.519+0000] {logging_mixin.py:117} INFO - [2022-11-12T03:17:09.519+0000] {dagbag.py:525} INFO - Filling up the DagBag from /home/airflow/.local/lib/python3.7/site-packages/airflow/example_dags/example_local_kubernetes_executor.py
[2022-11-12T03:17:09.608+0000] {processor.py:768} INFO - DAG(s) dict_keys(['example_local_kubernetes_executor']) retrieved from /home/airflow/.local/lib/python3.7/site-packages/airflow/example_dags/example_local_kubernetes_executor.py
[2022-11-12T03:17:09.652+0000] {logging_mixin.py:117} INFO - [2022-11-12T03:17:09.652+0000] {dag.py:2573} INFO - Sync 1 DAGs
[2022-11-12T03:17:09.680+0000] {logging_mixin.py:117} INFO - [2022-11-12T03:17:09.679+0000] {dag.py:3328} INFO - Setting next_dagrun for example_local_kubernetes_executor to None, run_after=None
[2022-11-12T03:17:09.712+0000] {processor.py:178} INFO - Processing /home/airflow/.local/lib/python3.7/site-packages/airflow/example_dags/example_local_kubernetes_executor.py took 0.202 seconds
[2022-11-12T04:38:55.532+0000] {processor.py:156} INFO - Started process (PID=14933) to work on /home/airflow/.local/lib/python3.7/site-packages/airflow/example_dags/example_local_kubernetes_executor.py
[2022-11-12T04:38:55.536+0000] {processor.py:758} INFO - Processing file /home/airflow/.local/lib/python3.7/site-packages/airflow/example_dags/example_local_kubernetes_executor.py for tasks to queue
[2022-11-12T04:38:55.539+0000] {logging_mixin.py:117} INFO - [2022-11-12T04:38:55.539+0000] {dagbag.py:525} INFO - Filling up the DagBag from /home/airflow/.local/lib/python3.7/site-packages/airflow/example_dags/example_local_kubernetes_executor.py
[2022-11-12T04:38:55.689+0000] {processor.py:768} INFO - DAG(s) dict_keys(['example_local_kubernetes_executor']) retrieved from /home/airflow/.local/lib/python3.7/site-packages/airflow/example_dags/example_local_kubernetes_executor.py
[2022-11-12T04:38:55.799+0000] {logging_mixin.py:117} INFO - [2022-11-12T04:38:55.799+0000] {dag.py:2573} INFO - Sync 1 DAGs
[2022-11-12T04:38:55.874+0000] {logging_mixin.py:117} INFO - [2022-11-12T04:38:55.874+0000] {dag.py:3328} INFO - Setting next_dagrun for example_local_kubernetes_executor to None, run_after=None
[2022-11-12T04:38:55.995+0000] {processor.py:178} INFO - Processing /home/airflow/.local/lib/python3.7/site-packages/airflow/example_dags/example_local_kubernetes_executor.py took 0.471 seconds
[2022-11-12T06:17:41.292+0000] {processor.py:156} INFO - Started process (PID=14988) to work on /home/airflow/.local/lib/python3.7/site-packages/airflow/example_dags/example_local_kubernetes_executor.py
[2022-11-12T06:17:41.294+0000] {processor.py:758} INFO - Processing file /home/airflow/.local/lib/python3.7/site-packages/airflow/example_dags/example_local_kubernetes_executor.py for tasks to queue
[2022-11-12T06:17:41.295+0000] {logging_mixin.py:117} INFO - [2022-11-12T06:17:41.295+0000] {dagbag.py:525} INFO - Filling up the DagBag from /home/airflow/.local/lib/python3.7/site-packages/airflow/example_dags/example_local_kubernetes_executor.py
[2022-11-12T06:17:41.340+0000] {processor.py:768} INFO - DAG(s) dict_keys(['example_local_kubernetes_executor']) retrieved from /home/airflow/.local/lib/python3.7/site-packages/airflow/example_dags/example_local_kubernetes_executor.py
[2022-11-12T06:17:41.433+0000] {logging_mixin.py:117} INFO - [2022-11-12T06:17:41.433+0000] {dag.py:2573} INFO - Sync 1 DAGs
[2022-11-12T06:17:41.539+0000] {logging_mixin.py:117} INFO - [2022-11-12T06:17:41.539+0000] {dag.py:3328} INFO - Setting next_dagrun for example_local_kubernetes_executor to None, run_after=None
[2022-11-12T06:17:41.578+0000] {processor.py:178} INFO - Processing /home/airflow/.local/lib/python3.7/site-packages/airflow/example_dags/example_local_kubernetes_executor.py took 0.291 seconds
[2022-11-12T07:26:45.808+0000] {processor.py:156} INFO - Started process (PID=15052) to work on /home/airflow/.local/lib/python3.7/site-packages/airflow/example_dags/example_local_kubernetes_executor.py
[2022-11-12T07:26:45.815+0000] {processor.py:758} INFO - Processing file /home/airflow/.local/lib/python3.7/site-packages/airflow/example_dags/example_local_kubernetes_executor.py for tasks to queue
[2022-11-12T07:26:45.819+0000] {logging_mixin.py:117} INFO - [2022-11-12T07:26:45.818+0000] {dagbag.py:525} INFO - Filling up the DagBag from /home/airflow/.local/lib/python3.7/site-packages/airflow/example_dags/example_local_kubernetes_executor.py
[2022-11-12T07:26:45.872+0000] {processor.py:768} INFO - DAG(s) dict_keys(['example_local_kubernetes_executor']) retrieved from /home/airflow/.local/lib/python3.7/site-packages/airflow/example_dags/example_local_kubernetes_executor.py
[2022-11-12T07:26:45.940+0000] {logging_mixin.py:117} INFO - [2022-11-12T07:26:45.939+0000] {dag.py:2573} INFO - Sync 1 DAGs
[2022-11-12T07:26:45.979+0000] {logging_mixin.py:117} INFO - [2022-11-12T07:26:45.979+0000] {dag.py:3328} INFO - Setting next_dagrun for example_local_kubernetes_executor to None, run_after=None
[2022-11-12T07:26:46.035+0000] {processor.py:178} INFO - Processing /home/airflow/.local/lib/python3.7/site-packages/airflow/example_dags/example_local_kubernetes_executor.py took 0.243 seconds
[2022-11-12T08:48:53.564+0000] {processor.py:156} INFO - Started process (PID=15114) to work on /home/airflow/.local/lib/python3.7/site-packages/airflow/example_dags/example_local_kubernetes_executor.py
[2022-11-12T08:48:53.568+0000] {processor.py:758} INFO - Processing file /home/airflow/.local/lib/python3.7/site-packages/airflow/example_dags/example_local_kubernetes_executor.py for tasks to queue
[2022-11-12T08:48:53.572+0000] {logging_mixin.py:117} INFO - [2022-11-12T08:48:53.571+0000] {dagbag.py:525} INFO - Filling up the DagBag from /home/airflow/.local/lib/python3.7/site-packages/airflow/example_dags/example_local_kubernetes_executor.py
[2022-11-12T08:48:53.643+0000] {processor.py:768} INFO - DAG(s) dict_keys(['example_local_kubernetes_executor']) retrieved from /home/airflow/.local/lib/python3.7/site-packages/airflow/example_dags/example_local_kubernetes_executor.py
[2022-11-12T08:48:53.748+0000] {logging_mixin.py:117} INFO - [2022-11-12T08:48:53.747+0000] {dag.py:2573} INFO - Sync 1 DAGs
[2022-11-12T08:48:53.804+0000] {logging_mixin.py:117} INFO - [2022-11-12T08:48:53.803+0000] {dag.py:3328} INFO - Setting next_dagrun for example_local_kubernetes_executor to None, run_after=None
[2022-11-12T08:48:53.844+0000] {processor.py:178} INFO - Processing /home/airflow/.local/lib/python3.7/site-packages/airflow/example_dags/example_local_kubernetes_executor.py took 0.293 seconds
[2022-11-12T09:40:05.129+0000] {processor.py:156} INFO - Started process (PID=15169) to work on /home/airflow/.local/lib/python3.7/site-packages/airflow/example_dags/example_local_kubernetes_executor.py
[2022-11-12T09:40:05.132+0000] {processor.py:758} INFO - Processing file /home/airflow/.local/lib/python3.7/site-packages/airflow/example_dags/example_local_kubernetes_executor.py for tasks to queue
[2022-11-12T09:40:05.136+0000] {logging_mixin.py:117} INFO - [2022-11-12T09:40:05.136+0000] {dagbag.py:525} INFO - Filling up the DagBag from /home/airflow/.local/lib/python3.7/site-packages/airflow/example_dags/example_local_kubernetes_executor.py
[2022-11-12T09:40:05.243+0000] {processor.py:768} INFO - DAG(s) dict_keys(['example_local_kubernetes_executor']) retrieved from /home/airflow/.local/lib/python3.7/site-packages/airflow/example_dags/example_local_kubernetes_executor.py
[2022-11-12T09:40:05.341+0000] {logging_mixin.py:117} INFO - [2022-11-12T09:40:05.341+0000] {dag.py:2573} INFO - Sync 1 DAGs
[2022-11-12T09:40:05.393+0000] {logging_mixin.py:117} INFO - [2022-11-12T09:40:05.392+0000] {dag.py:3328} INFO - Setting next_dagrun for example_local_kubernetes_executor to None, run_after=None
[2022-11-12T09:40:05.442+0000] {processor.py:178} INFO - Processing /home/airflow/.local/lib/python3.7/site-packages/airflow/example_dags/example_local_kubernetes_executor.py took 0.317 seconds
[2022-11-12T11:02:40.598+0000] {processor.py:156} INFO - Started process (PID=15224) to work on /home/airflow/.local/lib/python3.7/site-packages/airflow/example_dags/example_local_kubernetes_executor.py
[2022-11-12T11:02:40.602+0000] {processor.py:758} INFO - Processing file /home/airflow/.local/lib/python3.7/site-packages/airflow/example_dags/example_local_kubernetes_executor.py for tasks to queue
[2022-11-12T11:02:40.604+0000] {logging_mixin.py:117} INFO - [2022-11-12T11:02:40.604+0000] {dagbag.py:525} INFO - Filling up the DagBag from /home/airflow/.local/lib/python3.7/site-packages/airflow/example_dags/example_local_kubernetes_executor.py
[2022-11-12T11:02:40.656+0000] {processor.py:768} INFO - DAG(s) dict_keys(['example_local_kubernetes_executor']) retrieved from /home/airflow/.local/lib/python3.7/site-packages/airflow/example_dags/example_local_kubernetes_executor.py
[2022-11-12T11:02:40.737+0000] {logging_mixin.py:117} INFO - [2022-11-12T11:02:40.736+0000] {dag.py:2573} INFO - Sync 1 DAGs
[2022-11-12T11:02:40.777+0000] {logging_mixin.py:117} INFO - [2022-11-12T11:02:40.776+0000] {dag.py:3328} INFO - Setting next_dagrun for example_local_kubernetes_executor to None, run_after=None
[2022-11-12T11:02:41.039+0000] {processor.py:178} INFO - Processing /home/airflow/.local/lib/python3.7/site-packages/airflow/example_dags/example_local_kubernetes_executor.py took 0.445 seconds
[2022-11-12T12:39:41.296+0000] {processor.py:156} INFO - Started process (PID=15279) to work on /home/airflow/.local/lib/python3.7/site-packages/airflow/example_dags/example_local_kubernetes_executor.py
[2022-11-12T12:39:41.320+0000] {processor.py:758} INFO - Processing file /home/airflow/.local/lib/python3.7/site-packages/airflow/example_dags/example_local_kubernetes_executor.py for tasks to queue
[2022-11-12T12:39:41.328+0000] {logging_mixin.py:117} INFO - [2022-11-12T12:39:41.328+0000] {dagbag.py:525} INFO - Filling up the DagBag from /home/airflow/.local/lib/python3.7/site-packages/airflow/example_dags/example_local_kubernetes_executor.py
[2022-11-12T12:39:41.560+0000] {processor.py:768} INFO - DAG(s) dict_keys(['example_local_kubernetes_executor']) retrieved from /home/airflow/.local/lib/python3.7/site-packages/airflow/example_dags/example_local_kubernetes_executor.py
[2022-11-12T12:39:41.693+0000] {logging_mixin.py:117} INFO - [2022-11-12T12:39:41.692+0000] {dag.py:2573} INFO - Sync 1 DAGs
[2022-11-12T12:39:41.816+0000] {logging_mixin.py:117} INFO - [2022-11-12T12:39:41.816+0000] {dag.py:3328} INFO - Setting next_dagrun for example_local_kubernetes_executor to None, run_after=None
[2022-11-12T12:39:41.930+0000] {processor.py:178} INFO - Processing /home/airflow/.local/lib/python3.7/site-packages/airflow/example_dags/example_local_kubernetes_executor.py took 0.641 seconds
[2022-11-12T14:03:43.430+0000] {processor.py:156} INFO - Started process (PID=15333) to work on /home/airflow/.local/lib/python3.7/site-packages/airflow/example_dags/example_local_kubernetes_executor.py
[2022-11-12T14:03:43.431+0000] {processor.py:758} INFO - Processing file /home/airflow/.local/lib/python3.7/site-packages/airflow/example_dags/example_local_kubernetes_executor.py for tasks to queue
[2022-11-12T14:03:43.433+0000] {logging_mixin.py:117} INFO - [2022-11-12T14:03:43.433+0000] {dagbag.py:525} INFO - Filling up the DagBag from /home/airflow/.local/lib/python3.7/site-packages/airflow/example_dags/example_local_kubernetes_executor.py
[2022-11-12T14:03:43.447+0000] {processor.py:768} INFO - DAG(s) dict_keys(['example_local_kubernetes_executor']) retrieved from /home/airflow/.local/lib/python3.7/site-packages/airflow/example_dags/example_local_kubernetes_executor.py
[2022-11-12T14:03:43.479+0000] {logging_mixin.py:117} INFO - [2022-11-12T14:03:43.478+0000] {dag.py:2573} INFO - Sync 1 DAGs
[2022-11-12T14:03:43.498+0000] {logging_mixin.py:117} INFO - [2022-11-12T14:03:43.498+0000] {dag.py:3328} INFO - Setting next_dagrun for example_local_kubernetes_executor to None, run_after=None
[2022-11-12T14:03:43.512+0000] {processor.py:178} INFO - Processing /home/airflow/.local/lib/python3.7/site-packages/airflow/example_dags/example_local_kubernetes_executor.py took 0.083 seconds
[2022-11-12T15:28:42.192+0000] {processor.py:156} INFO - Started process (PID=15398) to work on /home/airflow/.local/lib/python3.7/site-packages/airflow/example_dags/example_local_kubernetes_executor.py
[2022-11-12T15:28:42.195+0000] {processor.py:758} INFO - Processing file /home/airflow/.local/lib/python3.7/site-packages/airflow/example_dags/example_local_kubernetes_executor.py for tasks to queue
[2022-11-12T15:28:42.197+0000] {logging_mixin.py:117} INFO - [2022-11-12T15:28:42.196+0000] {dagbag.py:525} INFO - Filling up the DagBag from /home/airflow/.local/lib/python3.7/site-packages/airflow/example_dags/example_local_kubernetes_executor.py
[2022-11-12T15:28:42.221+0000] {processor.py:768} INFO - DAG(s) dict_keys(['example_local_kubernetes_executor']) retrieved from /home/airflow/.local/lib/python3.7/site-packages/airflow/example_dags/example_local_kubernetes_executor.py
[2022-11-12T15:28:42.260+0000] {logging_mixin.py:117} INFO - [2022-11-12T15:28:42.260+0000] {dag.py:2573} INFO - Sync 1 DAGs
[2022-11-12T15:28:42.282+0000] {logging_mixin.py:117} INFO - [2022-11-12T15:28:42.282+0000] {dag.py:3328} INFO - Setting next_dagrun for example_local_kubernetes_executor to None, run_after=None
[2022-11-12T15:28:42.301+0000] {processor.py:178} INFO - Processing /home/airflow/.local/lib/python3.7/site-packages/airflow/example_dags/example_local_kubernetes_executor.py took 0.112 seconds
[2022-11-12T16:51:20.678+0000] {processor.py:156} INFO - Started process (PID=15454) to work on /home/airflow/.local/lib/python3.7/site-packages/airflow/example_dags/example_local_kubernetes_executor.py
[2022-11-12T16:51:20.685+0000] {processor.py:758} INFO - Processing file /home/airflow/.local/lib/python3.7/site-packages/airflow/example_dags/example_local_kubernetes_executor.py for tasks to queue
[2022-11-12T16:51:20.731+0000] {logging_mixin.py:117} INFO - [2022-11-12T16:51:20.698+0000] {dagbag.py:525} INFO - Filling up the DagBag from /home/airflow/.local/lib/python3.7/site-packages/airflow/example_dags/example_local_kubernetes_executor.py
[2022-11-12T16:51:20.926+0000] {processor.py:768} INFO - DAG(s) dict_keys(['example_local_kubernetes_executor']) retrieved from /home/airflow/.local/lib/python3.7/site-packages/airflow/example_dags/example_local_kubernetes_executor.py
[2022-11-12T16:51:21.257+0000] {logging_mixin.py:117} INFO - [2022-11-12T16:51:21.255+0000] {dag.py:2573} INFO - Sync 1 DAGs
[2022-11-12T16:51:21.392+0000] {logging_mixin.py:117} INFO - [2022-11-12T16:51:21.392+0000] {dag.py:3328} INFO - Setting next_dagrun for example_local_kubernetes_executor to None, run_after=None
[2022-11-12T16:51:21.520+0000] {processor.py:178} INFO - Processing /home/airflow/.local/lib/python3.7/site-packages/airflow/example_dags/example_local_kubernetes_executor.py took 0.851 seconds
[2022-11-12T18:32:36.477+0000] {processor.py:156} INFO - Started process (PID=15518) to work on /home/airflow/.local/lib/python3.7/site-packages/airflow/example_dags/example_local_kubernetes_executor.py
[2022-11-12T18:32:36.482+0000] {processor.py:758} INFO - Processing file /home/airflow/.local/lib/python3.7/site-packages/airflow/example_dags/example_local_kubernetes_executor.py for tasks to queue
[2022-11-12T18:32:36.484+0000] {logging_mixin.py:117} INFO - [2022-11-12T18:32:36.484+0000] {dagbag.py:525} INFO - Filling up the DagBag from /home/airflow/.local/lib/python3.7/site-packages/airflow/example_dags/example_local_kubernetes_executor.py
[2022-11-12T18:32:36.579+0000] {processor.py:768} INFO - DAG(s) dict_keys(['example_local_kubernetes_executor']) retrieved from /home/airflow/.local/lib/python3.7/site-packages/airflow/example_dags/example_local_kubernetes_executor.py
[2022-11-12T18:32:36.701+0000] {logging_mixin.py:117} INFO - [2022-11-12T18:32:36.701+0000] {dag.py:2573} INFO - Sync 1 DAGs
[2022-11-12T18:32:36.754+0000] {logging_mixin.py:117} INFO - [2022-11-12T18:32:36.754+0000] {dag.py:3328} INFO - Setting next_dagrun for example_local_kubernetes_executor to None, run_after=None
[2022-11-12T18:32:36.797+0000] {processor.py:178} INFO - Processing /home/airflow/.local/lib/python3.7/site-packages/airflow/example_dags/example_local_kubernetes_executor.py took 0.328 seconds
[2022-11-12T19:24:27.786+0000] {processor.py:156} INFO - Started process (PID=15574) to work on /home/airflow/.local/lib/python3.7/site-packages/airflow/example_dags/example_local_kubernetes_executor.py
[2022-11-12T19:24:27.790+0000] {processor.py:758} INFO - Processing file /home/airflow/.local/lib/python3.7/site-packages/airflow/example_dags/example_local_kubernetes_executor.py for tasks to queue
[2022-11-12T19:24:27.792+0000] {logging_mixin.py:117} INFO - [2022-11-12T19:24:27.791+0000] {dagbag.py:525} INFO - Filling up the DagBag from /home/airflow/.local/lib/python3.7/site-packages/airflow/example_dags/example_local_kubernetes_executor.py
[2022-11-12T19:24:27.844+0000] {processor.py:768} INFO - DAG(s) dict_keys(['example_local_kubernetes_executor']) retrieved from /home/airflow/.local/lib/python3.7/site-packages/airflow/example_dags/example_local_kubernetes_executor.py
[2022-11-12T19:24:27.966+0000] {logging_mixin.py:117} INFO - [2022-11-12T19:24:27.966+0000] {dag.py:2573} INFO - Sync 1 DAGs
[2022-11-12T19:24:28.020+0000] {logging_mixin.py:117} INFO - [2022-11-12T19:24:28.019+0000] {dag.py:3328} INFO - Setting next_dagrun for example_local_kubernetes_executor to None, run_after=None
[2022-11-12T19:24:28.066+0000] {processor.py:178} INFO - Processing /home/airflow/.local/lib/python3.7/site-packages/airflow/example_dags/example_local_kubernetes_executor.py took 0.284 seconds
