[2022-11-12T00:30:50.138+0000] {processor.py:156} INFO - Started process (PID=14765) to work on /home/airflow/.local/lib/python3.7/site-packages/airflow/example_dags/example_time_delta_sensor_async.py
[2022-11-12T00:30:50.139+0000] {processor.py:758} INFO - Processing file /home/airflow/.local/lib/python3.7/site-packages/airflow/example_dags/example_time_delta_sensor_async.py for tasks to queue
[2022-11-12T00:30:50.143+0000] {logging_mixin.py:117} INFO - [2022-11-12T00:30:50.143+0000] {dagbag.py:525} INFO - Filling up the DagBag from /home/airflow/.local/lib/python3.7/site-packages/airflow/example_dags/example_time_delta_sensor_async.py
[2022-11-12T00:30:50.157+0000] {processor.py:768} INFO - DAG(s) dict_keys(['example_time_delta_sensor_async']) retrieved from /home/airflow/.local/lib/python3.7/site-packages/airflow/example_dags/example_time_delta_sensor_async.py
[2022-11-12T00:30:50.335+0000] {logging_mixin.py:117} INFO - [2022-11-12T00:30:50.335+0000] {dag.py:2573} INFO - Sync 1 DAGs
[2022-11-12T00:30:50.355+0000] {logging_mixin.py:117} INFO - [2022-11-12T00:30:50.355+0000] {dag.py:3328} INFO - Setting next_dagrun for example_time_delta_sensor_async to None, run_after=None
[2022-11-12T00:30:50.370+0000] {processor.py:178} INFO - Processing /home/airflow/.local/lib/python3.7/site-packages/airflow/example_dags/example_time_delta_sensor_async.py took 0.235 seconds
[2022-11-12T01:50:13.063+0000] {processor.py:156} INFO - Started process (PID=14829) to work on /home/airflow/.local/lib/python3.7/site-packages/airflow/example_dags/example_time_delta_sensor_async.py
[2022-11-12T01:50:13.066+0000] {processor.py:758} INFO - Processing file /home/airflow/.local/lib/python3.7/site-packages/airflow/example_dags/example_time_delta_sensor_async.py for tasks to queue
[2022-11-12T01:50:13.067+0000] {logging_mixin.py:117} INFO - [2022-11-12T01:50:13.067+0000] {dagbag.py:525} INFO - Filling up the DagBag from /home/airflow/.local/lib/python3.7/site-packages/airflow/example_dags/example_time_delta_sensor_async.py
[2022-11-12T01:50:13.091+0000] {processor.py:768} INFO - DAG(s) dict_keys(['example_time_delta_sensor_async']) retrieved from /home/airflow/.local/lib/python3.7/site-packages/airflow/example_dags/example_time_delta_sensor_async.py
[2022-11-12T01:50:13.660+0000] {logging_mixin.py:117} INFO - [2022-11-12T01:50:13.660+0000] {dag.py:2573} INFO - Sync 1 DAGs
[2022-11-12T01:50:13.687+0000] {logging_mixin.py:117} INFO - [2022-11-12T01:50:13.687+0000] {dag.py:3328} INFO - Setting next_dagrun for example_time_delta_sensor_async to None, run_after=None
[2022-11-12T01:50:13.704+0000] {processor.py:178} INFO - Processing /home/airflow/.local/lib/python3.7/site-packages/airflow/example_dags/example_time_delta_sensor_async.py took 0.645 seconds
[2022-11-12T03:17:10.660+0000] {processor.py:156} INFO - Started process (PID=14875) to work on /home/airflow/.local/lib/python3.7/site-packages/airflow/example_dags/example_time_delta_sensor_async.py
[2022-11-12T03:17:10.663+0000] {processor.py:758} INFO - Processing file /home/airflow/.local/lib/python3.7/site-packages/airflow/example_dags/example_time_delta_sensor_async.py for tasks to queue
[2022-11-12T03:17:10.665+0000] {logging_mixin.py:117} INFO - [2022-11-12T03:17:10.665+0000] {dagbag.py:525} INFO - Filling up the DagBag from /home/airflow/.local/lib/python3.7/site-packages/airflow/example_dags/example_time_delta_sensor_async.py
[2022-11-12T03:17:10.712+0000] {processor.py:768} INFO - DAG(s) dict_keys(['example_time_delta_sensor_async']) retrieved from /home/airflow/.local/lib/python3.7/site-packages/airflow/example_dags/example_time_delta_sensor_async.py
[2022-11-12T03:17:11.051+0000] {logging_mixin.py:117} INFO - [2022-11-12T03:17:11.051+0000] {dag.py:2573} INFO - Sync 1 DAGs
[2022-11-12T03:17:11.073+0000] {logging_mixin.py:117} INFO - [2022-11-12T03:17:11.073+0000] {dag.py:3328} INFO - Setting next_dagrun for example_time_delta_sensor_async to None, run_after=None
[2022-11-12T03:17:11.085+0000] {processor.py:178} INFO - Processing /home/airflow/.local/lib/python3.7/site-packages/airflow/example_dags/example_time_delta_sensor_async.py took 0.430 seconds
[2022-11-12T04:38:57.520+0000] {processor.py:156} INFO - Started process (PID=14938) to work on /home/airflow/.local/lib/python3.7/site-packages/airflow/example_dags/example_time_delta_sensor_async.py
[2022-11-12T04:38:57.522+0000] {processor.py:758} INFO - Processing file /home/airflow/.local/lib/python3.7/site-packages/airflow/example_dags/example_time_delta_sensor_async.py for tasks to queue
[2022-11-12T04:38:57.522+0000] {logging_mixin.py:117} INFO - [2022-11-12T04:38:57.522+0000] {dagbag.py:525} INFO - Filling up the DagBag from /home/airflow/.local/lib/python3.7/site-packages/airflow/example_dags/example_time_delta_sensor_async.py
[2022-11-12T04:38:57.543+0000] {processor.py:768} INFO - DAG(s) dict_keys(['example_time_delta_sensor_async']) retrieved from /home/airflow/.local/lib/python3.7/site-packages/airflow/example_dags/example_time_delta_sensor_async.py
[2022-11-12T04:38:57.656+0000] {logging_mixin.py:117} INFO - [2022-11-12T04:38:57.655+0000] {dag.py:2573} INFO - Sync 1 DAGs
[2022-11-12T04:38:57.670+0000] {logging_mixin.py:117} INFO - [2022-11-12T04:38:57.670+0000] {dag.py:3328} INFO - Setting next_dagrun for example_time_delta_sensor_async to None, run_after=None
[2022-11-12T04:38:57.682+0000] {processor.py:178} INFO - Processing /home/airflow/.local/lib/python3.7/site-packages/airflow/example_dags/example_time_delta_sensor_async.py took 0.165 seconds
[2022-11-12T06:17:44.054+0000] {processor.py:156} INFO - Started process (PID=14993) to work on /home/airflow/.local/lib/python3.7/site-packages/airflow/example_dags/example_time_delta_sensor_async.py
[2022-11-12T06:17:44.057+0000] {processor.py:758} INFO - Processing file /home/airflow/.local/lib/python3.7/site-packages/airflow/example_dags/example_time_delta_sensor_async.py for tasks to queue
[2022-11-12T06:17:44.064+0000] {logging_mixin.py:117} INFO - [2022-11-12T06:17:44.064+0000] {dagbag.py:525} INFO - Filling up the DagBag from /home/airflow/.local/lib/python3.7/site-packages/airflow/example_dags/example_time_delta_sensor_async.py
[2022-11-12T06:17:44.087+0000] {processor.py:768} INFO - DAG(s) dict_keys(['example_time_delta_sensor_async']) retrieved from /home/airflow/.local/lib/python3.7/site-packages/airflow/example_dags/example_time_delta_sensor_async.py
[2022-11-12T06:17:44.305+0000] {logging_mixin.py:117} INFO - [2022-11-12T06:17:44.304+0000] {dag.py:2573} INFO - Sync 1 DAGs
[2022-11-12T06:17:44.326+0000] {logging_mixin.py:117} INFO - [2022-11-12T06:17:44.326+0000] {dag.py:3328} INFO - Setting next_dagrun for example_time_delta_sensor_async to None, run_after=None
[2022-11-12T06:17:44.341+0000] {processor.py:178} INFO - Processing /home/airflow/.local/lib/python3.7/site-packages/airflow/example_dags/example_time_delta_sensor_async.py took 0.295 seconds
[2022-11-12T07:26:46.692+0000] {processor.py:156} INFO - Started process (PID=15057) to work on /home/airflow/.local/lib/python3.7/site-packages/airflow/example_dags/example_time_delta_sensor_async.py
[2022-11-12T07:26:46.696+0000] {processor.py:758} INFO - Processing file /home/airflow/.local/lib/python3.7/site-packages/airflow/example_dags/example_time_delta_sensor_async.py for tasks to queue
[2022-11-12T07:26:46.698+0000] {logging_mixin.py:117} INFO - [2022-11-12T07:26:46.698+0000] {dagbag.py:525} INFO - Filling up the DagBag from /home/airflow/.local/lib/python3.7/site-packages/airflow/example_dags/example_time_delta_sensor_async.py
[2022-11-12T07:26:46.744+0000] {processor.py:768} INFO - DAG(s) dict_keys(['example_time_delta_sensor_async']) retrieved from /home/airflow/.local/lib/python3.7/site-packages/airflow/example_dags/example_time_delta_sensor_async.py
[2022-11-12T07:26:47.065+0000] {logging_mixin.py:117} INFO - [2022-11-12T07:26:47.065+0000] {dag.py:2573} INFO - Sync 1 DAGs
[2022-11-12T07:26:47.110+0000] {logging_mixin.py:117} INFO - [2022-11-12T07:26:47.109+0000] {dag.py:3328} INFO - Setting next_dagrun for example_time_delta_sensor_async to None, run_after=None
[2022-11-12T07:26:47.156+0000] {processor.py:178} INFO - Processing /home/airflow/.local/lib/python3.7/site-packages/airflow/example_dags/example_time_delta_sensor_async.py took 0.471 seconds
[2022-11-12T08:48:55.446+0000] {processor.py:156} INFO - Started process (PID=15119) to work on /home/airflow/.local/lib/python3.7/site-packages/airflow/example_dags/example_time_delta_sensor_async.py
[2022-11-12T08:48:55.457+0000] {processor.py:758} INFO - Processing file /home/airflow/.local/lib/python3.7/site-packages/airflow/example_dags/example_time_delta_sensor_async.py for tasks to queue
[2022-11-12T08:48:55.464+0000] {logging_mixin.py:117} INFO - [2022-11-12T08:48:55.463+0000] {dagbag.py:525} INFO - Filling up the DagBag from /home/airflow/.local/lib/python3.7/site-packages/airflow/example_dags/example_time_delta_sensor_async.py
[2022-11-12T08:48:55.557+0000] {processor.py:768} INFO - DAG(s) dict_keys(['example_time_delta_sensor_async']) retrieved from /home/airflow/.local/lib/python3.7/site-packages/airflow/example_dags/example_time_delta_sensor_async.py
[2022-11-12T08:48:56.424+0000] {logging_mixin.py:117} INFO - [2022-11-12T08:48:56.424+0000] {dag.py:2573} INFO - Sync 1 DAGs
[2022-11-12T08:48:56.531+0000] {logging_mixin.py:117} INFO - [2022-11-12T08:48:56.530+0000] {dag.py:3328} INFO - Setting next_dagrun for example_time_delta_sensor_async to None, run_after=None
[2022-11-12T08:48:56.667+0000] {processor.py:178} INFO - Processing /home/airflow/.local/lib/python3.7/site-packages/airflow/example_dags/example_time_delta_sensor_async.py took 1.227 seconds
[2022-11-12T09:40:07.301+0000] {processor.py:156} INFO - Started process (PID=15174) to work on /home/airflow/.local/lib/python3.7/site-packages/airflow/example_dags/example_time_delta_sensor_async.py
[2022-11-12T09:40:07.305+0000] {processor.py:758} INFO - Processing file /home/airflow/.local/lib/python3.7/site-packages/airflow/example_dags/example_time_delta_sensor_async.py for tasks to queue
[2022-11-12T09:40:07.306+0000] {logging_mixin.py:117} INFO - [2022-11-12T09:40:07.306+0000] {dagbag.py:525} INFO - Filling up the DagBag from /home/airflow/.local/lib/python3.7/site-packages/airflow/example_dags/example_time_delta_sensor_async.py
[2022-11-12T09:40:07.397+0000] {processor.py:768} INFO - DAG(s) dict_keys(['example_time_delta_sensor_async']) retrieved from /home/airflow/.local/lib/python3.7/site-packages/airflow/example_dags/example_time_delta_sensor_async.py
[2022-11-12T09:40:08.434+0000] {logging_mixin.py:117} INFO - [2022-11-12T09:40:08.433+0000] {dag.py:2573} INFO - Sync 1 DAGs
[2022-11-12T09:40:08.577+0000] {logging_mixin.py:117} INFO - [2022-11-12T09:40:08.577+0000] {dag.py:3328} INFO - Setting next_dagrun for example_time_delta_sensor_async to None, run_after=None
[2022-11-12T09:40:08.680+0000] {processor.py:178} INFO - Processing /home/airflow/.local/lib/python3.7/site-packages/airflow/example_dags/example_time_delta_sensor_async.py took 1.398 seconds
[2022-11-12T11:02:42.165+0000] {processor.py:156} INFO - Started process (PID=15229) to work on /home/airflow/.local/lib/python3.7/site-packages/airflow/example_dags/example_time_delta_sensor_async.py
[2022-11-12T11:02:42.168+0000] {processor.py:758} INFO - Processing file /home/airflow/.local/lib/python3.7/site-packages/airflow/example_dags/example_time_delta_sensor_async.py for tasks to queue
[2022-11-12T11:02:42.171+0000] {logging_mixin.py:117} INFO - [2022-11-12T11:02:42.171+0000] {dagbag.py:525} INFO - Filling up the DagBag from /home/airflow/.local/lib/python3.7/site-packages/airflow/example_dags/example_time_delta_sensor_async.py
[2022-11-12T11:02:42.200+0000] {processor.py:768} INFO - DAG(s) dict_keys(['example_time_delta_sensor_async']) retrieved from /home/airflow/.local/lib/python3.7/site-packages/airflow/example_dags/example_time_delta_sensor_async.py
[2022-11-12T11:02:42.551+0000] {logging_mixin.py:117} INFO - [2022-11-12T11:02:42.551+0000] {dag.py:2573} INFO - Sync 1 DAGs
[2022-11-12T11:02:42.621+0000] {logging_mixin.py:117} INFO - [2022-11-12T11:02:42.621+0000] {dag.py:3328} INFO - Setting next_dagrun for example_time_delta_sensor_async to None, run_after=None
[2022-11-12T11:02:42.665+0000] {processor.py:178} INFO - Processing /home/airflow/.local/lib/python3.7/site-packages/airflow/example_dags/example_time_delta_sensor_async.py took 0.505 seconds
[2022-11-12T12:39:44.505+0000] {processor.py:156} INFO - Started process (PID=15284) to work on /home/airflow/.local/lib/python3.7/site-packages/airflow/example_dags/example_time_delta_sensor_async.py
[2022-11-12T12:39:44.509+0000] {processor.py:758} INFO - Processing file /home/airflow/.local/lib/python3.7/site-packages/airflow/example_dags/example_time_delta_sensor_async.py for tasks to queue
[2022-11-12T12:39:44.511+0000] {logging_mixin.py:117} INFO - [2022-11-12T12:39:44.511+0000] {dagbag.py:525} INFO - Filling up the DagBag from /home/airflow/.local/lib/python3.7/site-packages/airflow/example_dags/example_time_delta_sensor_async.py
[2022-11-12T12:39:44.538+0000] {processor.py:768} INFO - DAG(s) dict_keys(['example_time_delta_sensor_async']) retrieved from /home/airflow/.local/lib/python3.7/site-packages/airflow/example_dags/example_time_delta_sensor_async.py
[2022-11-12T12:39:44.866+0000] {logging_mixin.py:117} INFO - [2022-11-12T12:39:44.866+0000] {dag.py:2573} INFO - Sync 1 DAGs
[2022-11-12T12:39:44.908+0000] {logging_mixin.py:117} INFO - [2022-11-12T12:39:44.908+0000] {dag.py:3328} INFO - Setting next_dagrun for example_time_delta_sensor_async to None, run_after=None
[2022-11-12T12:39:44.945+0000] {processor.py:178} INFO - Processing /home/airflow/.local/lib/python3.7/site-packages/airflow/example_dags/example_time_delta_sensor_async.py took 0.442 seconds
[2022-11-12T14:03:43.766+0000] {processor.py:156} INFO - Started process (PID=15338) to work on /home/airflow/.local/lib/python3.7/site-packages/airflow/example_dags/example_time_delta_sensor_async.py
[2022-11-12T14:03:43.767+0000] {processor.py:758} INFO - Processing file /home/airflow/.local/lib/python3.7/site-packages/airflow/example_dags/example_time_delta_sensor_async.py for tasks to queue
[2022-11-12T14:03:43.769+0000] {logging_mixin.py:117} INFO - [2022-11-12T14:03:43.769+0000] {dagbag.py:525} INFO - Filling up the DagBag from /home/airflow/.local/lib/python3.7/site-packages/airflow/example_dags/example_time_delta_sensor_async.py
[2022-11-12T14:03:43.778+0000] {processor.py:768} INFO - DAG(s) dict_keys(['example_time_delta_sensor_async']) retrieved from /home/airflow/.local/lib/python3.7/site-packages/airflow/example_dags/example_time_delta_sensor_async.py
[2022-11-12T14:03:43.879+0000] {logging_mixin.py:117} INFO - [2022-11-12T14:03:43.879+0000] {dag.py:2573} INFO - Sync 1 DAGs
[2022-11-12T14:03:43.896+0000] {logging_mixin.py:117} INFO - [2022-11-12T14:03:43.896+0000] {dag.py:3328} INFO - Setting next_dagrun for example_time_delta_sensor_async to None, run_after=None
[2022-11-12T14:03:43.909+0000] {processor.py:178} INFO - Processing /home/airflow/.local/lib/python3.7/site-packages/airflow/example_dags/example_time_delta_sensor_async.py took 0.146 seconds
[2022-11-12T15:28:42.717+0000] {processor.py:156} INFO - Started process (PID=15403) to work on /home/airflow/.local/lib/python3.7/site-packages/airflow/example_dags/example_time_delta_sensor_async.py
[2022-11-12T15:28:42.721+0000] {processor.py:758} INFO - Processing file /home/airflow/.local/lib/python3.7/site-packages/airflow/example_dags/example_time_delta_sensor_async.py for tasks to queue
[2022-11-12T15:28:42.728+0000] {logging_mixin.py:117} INFO - [2022-11-12T15:28:42.728+0000] {dagbag.py:525} INFO - Filling up the DagBag from /home/airflow/.local/lib/python3.7/site-packages/airflow/example_dags/example_time_delta_sensor_async.py
[2022-11-12T15:28:42.774+0000] {processor.py:768} INFO - DAG(s) dict_keys(['example_time_delta_sensor_async']) retrieved from /home/airflow/.local/lib/python3.7/site-packages/airflow/example_dags/example_time_delta_sensor_async.py
[2022-11-12T15:28:42.975+0000] {logging_mixin.py:117} INFO - [2022-11-12T15:28:42.975+0000] {dag.py:2573} INFO - Sync 1 DAGs
[2022-11-12T15:28:43.003+0000] {logging_mixin.py:117} INFO - [2022-11-12T15:28:43.002+0000] {dag.py:3328} INFO - Setting next_dagrun for example_time_delta_sensor_async to None, run_after=None
[2022-11-12T15:28:43.021+0000] {processor.py:178} INFO - Processing /home/airflow/.local/lib/python3.7/site-packages/airflow/example_dags/example_time_delta_sensor_async.py took 0.310 seconds
[2022-11-12T16:51:23.655+0000] {processor.py:156} INFO - Started process (PID=15468) to work on /home/airflow/.local/lib/python3.7/site-packages/airflow/example_dags/example_time_delta_sensor_async.py
[2022-11-12T16:51:23.659+0000] {processor.py:758} INFO - Processing file /home/airflow/.local/lib/python3.7/site-packages/airflow/example_dags/example_time_delta_sensor_async.py for tasks to queue
[2022-11-12T16:51:23.663+0000] {logging_mixin.py:117} INFO - [2022-11-12T16:51:23.663+0000] {dagbag.py:525} INFO - Filling up the DagBag from /home/airflow/.local/lib/python3.7/site-packages/airflow/example_dags/example_time_delta_sensor_async.py
[2022-11-12T16:51:23.767+0000] {processor.py:768} INFO - DAG(s) dict_keys(['example_time_delta_sensor_async']) retrieved from /home/airflow/.local/lib/python3.7/site-packages/airflow/example_dags/example_time_delta_sensor_async.py
[2022-11-12T16:51:24.504+0000] {logging_mixin.py:117} INFO - [2022-11-12T16:51:24.504+0000] {dag.py:2573} INFO - Sync 1 DAGs
[2022-11-12T16:51:24.558+0000] {logging_mixin.py:117} INFO - [2022-11-12T16:51:24.557+0000] {dag.py:3328} INFO - Setting next_dagrun for example_time_delta_sensor_async to None, run_after=None
[2022-11-12T16:51:24.634+0000] {processor.py:178} INFO - Processing /home/airflow/.local/lib/python3.7/site-packages/airflow/example_dags/example_time_delta_sensor_async.py took 0.984 seconds
[2022-11-12T18:32:37.553+0000] {processor.py:156} INFO - Started process (PID=15523) to work on /home/airflow/.local/lib/python3.7/site-packages/airflow/example_dags/example_time_delta_sensor_async.py
[2022-11-12T18:32:37.558+0000] {processor.py:758} INFO - Processing file /home/airflow/.local/lib/python3.7/site-packages/airflow/example_dags/example_time_delta_sensor_async.py for tasks to queue
[2022-11-12T18:32:37.559+0000] {logging_mixin.py:117} INFO - [2022-11-12T18:32:37.559+0000] {dagbag.py:525} INFO - Filling up the DagBag from /home/airflow/.local/lib/python3.7/site-packages/airflow/example_dags/example_time_delta_sensor_async.py
[2022-11-12T18:32:37.594+0000] {processor.py:768} INFO - DAG(s) dict_keys(['example_time_delta_sensor_async']) retrieved from /home/airflow/.local/lib/python3.7/site-packages/airflow/example_dags/example_time_delta_sensor_async.py
[2022-11-12T18:32:37.822+0000] {logging_mixin.py:117} INFO - [2022-11-12T18:32:37.822+0000] {dag.py:2573} INFO - Sync 1 DAGs
[2022-11-12T18:32:37.850+0000] {logging_mixin.py:117} INFO - [2022-11-12T18:32:37.850+0000] {dag.py:3328} INFO - Setting next_dagrun for example_time_delta_sensor_async to None, run_after=None
[2022-11-12T18:32:37.874+0000] {processor.py:178} INFO - Processing /home/airflow/.local/lib/python3.7/site-packages/airflow/example_dags/example_time_delta_sensor_async.py took 0.324 seconds
[2022-11-12T19:24:29.003+0000] {processor.py:156} INFO - Started process (PID=15579) to work on /home/airflow/.local/lib/python3.7/site-packages/airflow/example_dags/example_time_delta_sensor_async.py
[2022-11-12T19:24:29.008+0000] {processor.py:758} INFO - Processing file /home/airflow/.local/lib/python3.7/site-packages/airflow/example_dags/example_time_delta_sensor_async.py for tasks to queue
[2022-11-12T19:24:29.011+0000] {logging_mixin.py:117} INFO - [2022-11-12T19:24:29.011+0000] {dagbag.py:525} INFO - Filling up the DagBag from /home/airflow/.local/lib/python3.7/site-packages/airflow/example_dags/example_time_delta_sensor_async.py
[2022-11-12T19:24:29.041+0000] {processor.py:768} INFO - DAG(s) dict_keys(['example_time_delta_sensor_async']) retrieved from /home/airflow/.local/lib/python3.7/site-packages/airflow/example_dags/example_time_delta_sensor_async.py
[2022-11-12T19:24:29.520+0000] {logging_mixin.py:117} INFO - [2022-11-12T19:24:29.519+0000] {dag.py:2573} INFO - Sync 1 DAGs
[2022-11-12T19:24:29.649+0000] {logging_mixin.py:117} INFO - [2022-11-12T19:24:29.648+0000] {dag.py:3328} INFO - Setting next_dagrun for example_time_delta_sensor_async to None, run_after=None
[2022-11-12T19:24:29.929+0000] {processor.py:178} INFO - Processing /home/airflow/.local/lib/python3.7/site-packages/airflow/example_dags/example_time_delta_sensor_async.py took 0.932 seconds
