[2022-11-12T00:30:47.252+0000] {processor.py:156} INFO - Started process (PID=14759) to work on /home/airflow/.local/lib/python3.7/site-packages/airflow/example_dags/example_task_group.py
[2022-11-12T00:30:47.256+0000] {processor.py:758} INFO - Processing file /home/airflow/.local/lib/python3.7/site-packages/airflow/example_dags/example_task_group.py for tasks to queue
[2022-11-12T00:30:47.258+0000] {logging_mixin.py:117} INFO - [2022-11-12T00:30:47.258+0000] {dagbag.py:525} INFO - Filling up the DagBag from /home/airflow/.local/lib/python3.7/site-packages/airflow/example_dags/example_task_group.py
[2022-11-12T00:30:47.321+0000] {processor.py:768} INFO - DAG(s) dict_keys(['example_task_group']) retrieved from /home/airflow/.local/lib/python3.7/site-packages/airflow/example_dags/example_task_group.py
[2022-11-12T00:30:47.842+0000] {logging_mixin.py:117} INFO - [2022-11-12T00:30:47.840+0000] {dag.py:2573} INFO - Sync 1 DAGs
[2022-11-12T00:30:47.915+0000] {logging_mixin.py:117} INFO - [2022-11-12T00:30:47.915+0000] {dag.py:3328} INFO - Setting next_dagrun for example_task_group to 2022-11-11T00:30:47.914073+00:00, run_after=2022-11-12T00:30:47.914073+00:00
[2022-11-12T00:30:47.989+0000] {processor.py:178} INFO - Processing /home/airflow/.local/lib/python3.7/site-packages/airflow/example_dags/example_task_group.py took 0.740 seconds
[2022-11-12T01:50:09.916+0000] {processor.py:156} INFO - Started process (PID=14821) to work on /home/airflow/.local/lib/python3.7/site-packages/airflow/example_dags/example_task_group.py
[2022-11-12T01:50:09.977+0000] {processor.py:758} INFO - Processing file /home/airflow/.local/lib/python3.7/site-packages/airflow/example_dags/example_task_group.py for tasks to queue
[2022-11-12T01:50:09.993+0000] {logging_mixin.py:117} INFO - [2022-11-12T01:50:09.992+0000] {dagbag.py:525} INFO - Filling up the DagBag from /home/airflow/.local/lib/python3.7/site-packages/airflow/example_dags/example_task_group.py
[2022-11-12T01:50:10.172+0000] {processor.py:768} INFO - DAG(s) dict_keys(['example_task_group']) retrieved from /home/airflow/.local/lib/python3.7/site-packages/airflow/example_dags/example_task_group.py
[2022-11-12T01:50:10.564+0000] {logging_mixin.py:117} INFO - [2022-11-12T01:50:10.563+0000] {dag.py:2573} INFO - Sync 1 DAGs
[2022-11-12T01:50:10.704+0000] {logging_mixin.py:117} INFO - [2022-11-12T01:50:10.704+0000] {dag.py:3328} INFO - Setting next_dagrun for example_task_group to 2022-11-11T01:50:10.703461+00:00, run_after=2022-11-12T01:50:10.703461+00:00
[2022-11-12T01:50:10.858+0000] {processor.py:178} INFO - Processing /home/airflow/.local/lib/python3.7/site-packages/airflow/example_dags/example_task_group.py took 0.959 seconds
[2022-11-12T03:17:09.362+0000] {processor.py:156} INFO - Started process (PID=14869) to work on /home/airflow/.local/lib/python3.7/site-packages/airflow/example_dags/example_task_group.py
[2022-11-12T03:17:09.378+0000] {processor.py:758} INFO - Processing file /home/airflow/.local/lib/python3.7/site-packages/airflow/example_dags/example_task_group.py for tasks to queue
[2022-11-12T03:17:09.383+0000] {logging_mixin.py:117} INFO - [2022-11-12T03:17:09.383+0000] {dagbag.py:525} INFO - Filling up the DagBag from /home/airflow/.local/lib/python3.7/site-packages/airflow/example_dags/example_task_group.py
[2022-11-12T03:17:09.407+0000] {processor.py:768} INFO - DAG(s) dict_keys(['example_task_group']) retrieved from /home/airflow/.local/lib/python3.7/site-packages/airflow/example_dags/example_task_group.py
[2022-11-12T03:17:09.488+0000] {logging_mixin.py:117} INFO - [2022-11-12T03:17:09.488+0000] {dag.py:2573} INFO - Sync 1 DAGs
[2022-11-12T03:17:09.520+0000] {logging_mixin.py:117} INFO - [2022-11-12T03:17:09.520+0000] {dag.py:3328} INFO - Setting next_dagrun for example_task_group to 2022-11-11T03:17:09.520673+00:00, run_after=2022-11-12T03:17:09.520673+00:00
[2022-11-12T03:17:09.592+0000] {processor.py:178} INFO - Processing /home/airflow/.local/lib/python3.7/site-packages/airflow/example_dags/example_task_group.py took 0.241 seconds
[2022-11-12T04:38:55.486+0000] {processor.py:156} INFO - Started process (PID=14932) to work on /home/airflow/.local/lib/python3.7/site-packages/airflow/example_dags/example_task_group.py
[2022-11-12T04:38:55.493+0000] {processor.py:758} INFO - Processing file /home/airflow/.local/lib/python3.7/site-packages/airflow/example_dags/example_task_group.py for tasks to queue
[2022-11-12T04:38:55.495+0000] {logging_mixin.py:117} INFO - [2022-11-12T04:38:55.495+0000] {dagbag.py:525} INFO - Filling up the DagBag from /home/airflow/.local/lib/python3.7/site-packages/airflow/example_dags/example_task_group.py
[2022-11-12T04:38:55.538+0000] {processor.py:768} INFO - DAG(s) dict_keys(['example_task_group']) retrieved from /home/airflow/.local/lib/python3.7/site-packages/airflow/example_dags/example_task_group.py
[2022-11-12T04:38:55.829+0000] {logging_mixin.py:117} INFO - [2022-11-12T04:38:55.827+0000] {dag.py:2573} INFO - Sync 1 DAGs
[2022-11-12T04:38:55.872+0000] {logging_mixin.py:117} INFO - [2022-11-12T04:38:55.872+0000] {dag.py:3328} INFO - Setting next_dagrun for example_task_group to 2022-11-11T04:38:55.872194+00:00, run_after=2022-11-12T04:38:55.872194+00:00
[2022-11-12T04:38:55.996+0000] {processor.py:178} INFO - Processing /home/airflow/.local/lib/python3.7/site-packages/airflow/example_dags/example_task_group.py took 0.512 seconds
[2022-11-12T06:17:41.281+0000] {processor.py:156} INFO - Started process (PID=14987) to work on /home/airflow/.local/lib/python3.7/site-packages/airflow/example_dags/example_task_group.py
[2022-11-12T06:17:41.285+0000] {processor.py:758} INFO - Processing file /home/airflow/.local/lib/python3.7/site-packages/airflow/example_dags/example_task_group.py for tasks to queue
[2022-11-12T06:17:41.287+0000] {logging_mixin.py:117} INFO - [2022-11-12T06:17:41.287+0000] {dagbag.py:525} INFO - Filling up the DagBag from /home/airflow/.local/lib/python3.7/site-packages/airflow/example_dags/example_task_group.py
[2022-11-12T06:17:41.318+0000] {processor.py:768} INFO - DAG(s) dict_keys(['example_task_group']) retrieved from /home/airflow/.local/lib/python3.7/site-packages/airflow/example_dags/example_task_group.py
[2022-11-12T06:17:41.385+0000] {logging_mixin.py:117} INFO - [2022-11-12T06:17:41.384+0000] {dag.py:2573} INFO - Sync 1 DAGs
[2022-11-12T06:17:41.441+0000] {logging_mixin.py:117} INFO - [2022-11-12T06:17:41.441+0000] {dag.py:3328} INFO - Setting next_dagrun for example_task_group to 2022-11-11T06:17:41.441014+00:00, run_after=2022-11-12T06:17:41.441014+00:00
[2022-11-12T06:17:41.468+0000] {processor.py:178} INFO - Processing /home/airflow/.local/lib/python3.7/site-packages/airflow/example_dags/example_task_group.py took 0.198 seconds
[2022-11-12T07:26:45.572+0000] {processor.py:156} INFO - Started process (PID=15051) to work on /home/airflow/.local/lib/python3.7/site-packages/airflow/example_dags/example_task_group.py
[2022-11-12T07:26:45.574+0000] {processor.py:758} INFO - Processing file /home/airflow/.local/lib/python3.7/site-packages/airflow/example_dags/example_task_group.py for tasks to queue
[2022-11-12T07:26:45.580+0000] {logging_mixin.py:117} INFO - [2022-11-12T07:26:45.580+0000] {dagbag.py:525} INFO - Filling up the DagBag from /home/airflow/.local/lib/python3.7/site-packages/airflow/example_dags/example_task_group.py
[2022-11-12T07:26:45.646+0000] {processor.py:768} INFO - DAG(s) dict_keys(['example_task_group']) retrieved from /home/airflow/.local/lib/python3.7/site-packages/airflow/example_dags/example_task_group.py
[2022-11-12T07:26:45.733+0000] {logging_mixin.py:117} INFO - [2022-11-12T07:26:45.733+0000] {dag.py:2573} INFO - Sync 1 DAGs
[2022-11-12T07:26:45.794+0000] {logging_mixin.py:117} INFO - [2022-11-12T07:26:45.793+0000] {dag.py:3328} INFO - Setting next_dagrun for example_task_group to 2022-11-11T07:26:45.791119+00:00, run_after=2022-11-12T07:26:45.791119+00:00
[2022-11-12T07:26:45.868+0000] {processor.py:178} INFO - Processing /home/airflow/.local/lib/python3.7/site-packages/airflow/example_dags/example_task_group.py took 0.301 seconds
[2022-11-12T08:48:53.408+0000] {processor.py:156} INFO - Started process (PID=15113) to work on /home/airflow/.local/lib/python3.7/site-packages/airflow/example_dags/example_task_group.py
[2022-11-12T08:48:53.426+0000] {processor.py:758} INFO - Processing file /home/airflow/.local/lib/python3.7/site-packages/airflow/example_dags/example_task_group.py for tasks to queue
[2022-11-12T08:48:53.430+0000] {logging_mixin.py:117} INFO - [2022-11-12T08:48:53.430+0000] {dagbag.py:525} INFO - Filling up the DagBag from /home/airflow/.local/lib/python3.7/site-packages/airflow/example_dags/example_task_group.py
[2022-11-12T08:48:53.492+0000] {processor.py:768} INFO - DAG(s) dict_keys(['example_task_group']) retrieved from /home/airflow/.local/lib/python3.7/site-packages/airflow/example_dags/example_task_group.py
[2022-11-12T08:48:53.776+0000] {logging_mixin.py:117} INFO - [2022-11-12T08:48:53.775+0000] {dag.py:2573} INFO - Sync 1 DAGs
[2022-11-12T08:48:53.855+0000] {logging_mixin.py:117} INFO - [2022-11-12T08:48:53.854+0000] {dag.py:3328} INFO - Setting next_dagrun for example_task_group to 2022-11-11T08:48:53.853723+00:00, run_after=2022-11-12T08:48:53.853723+00:00
[2022-11-12T08:48:53.991+0000] {processor.py:178} INFO - Processing /home/airflow/.local/lib/python3.7/site-packages/airflow/example_dags/example_task_group.py took 0.626 seconds
[2022-11-12T09:40:04.900+0000] {processor.py:156} INFO - Started process (PID=15168) to work on /home/airflow/.local/lib/python3.7/site-packages/airflow/example_dags/example_task_group.py
[2022-11-12T09:40:04.904+0000] {processor.py:758} INFO - Processing file /home/airflow/.local/lib/python3.7/site-packages/airflow/example_dags/example_task_group.py for tasks to queue
[2022-11-12T09:40:04.907+0000] {logging_mixin.py:117} INFO - [2022-11-12T09:40:04.907+0000] {dagbag.py:525} INFO - Filling up the DagBag from /home/airflow/.local/lib/python3.7/site-packages/airflow/example_dags/example_task_group.py
[2022-11-12T09:40:04.935+0000] {processor.py:768} INFO - DAG(s) dict_keys(['example_task_group']) retrieved from /home/airflow/.local/lib/python3.7/site-packages/airflow/example_dags/example_task_group.py
[2022-11-12T09:40:05.002+0000] {logging_mixin.py:117} INFO - [2022-11-12T09:40:05.002+0000] {dag.py:2573} INFO - Sync 1 DAGs
[2022-11-12T09:40:05.040+0000] {logging_mixin.py:117} INFO - [2022-11-12T09:40:05.040+0000] {dag.py:3328} INFO - Setting next_dagrun for example_task_group to 2022-11-11T09:40:05.039789+00:00, run_after=2022-11-12T09:40:05.039789+00:00
[2022-11-12T09:40:05.069+0000] {processor.py:178} INFO - Processing /home/airflow/.local/lib/python3.7/site-packages/airflow/example_dags/example_task_group.py took 0.174 seconds
[2022-11-12T11:02:40.428+0000] {processor.py:156} INFO - Started process (PID=15223) to work on /home/airflow/.local/lib/python3.7/site-packages/airflow/example_dags/example_task_group.py
[2022-11-12T11:02:40.435+0000] {processor.py:758} INFO - Processing file /home/airflow/.local/lib/python3.7/site-packages/airflow/example_dags/example_task_group.py for tasks to queue
[2022-11-12T11:02:40.438+0000] {logging_mixin.py:117} INFO - [2022-11-12T11:02:40.437+0000] {dagbag.py:525} INFO - Filling up the DagBag from /home/airflow/.local/lib/python3.7/site-packages/airflow/example_dags/example_task_group.py
[2022-11-12T11:02:40.492+0000] {processor.py:768} INFO - DAG(s) dict_keys(['example_task_group']) retrieved from /home/airflow/.local/lib/python3.7/site-packages/airflow/example_dags/example_task_group.py
[2022-11-12T11:02:40.594+0000] {logging_mixin.py:117} INFO - [2022-11-12T11:02:40.594+0000] {dag.py:2573} INFO - Sync 1 DAGs
[2022-11-12T11:02:40.631+0000] {logging_mixin.py:117} INFO - [2022-11-12T11:02:40.631+0000] {dag.py:3328} INFO - Setting next_dagrun for example_task_group to 2022-11-11T11:02:40.631493+00:00, run_after=2022-11-12T11:02:40.631493+00:00
[2022-11-12T11:02:40.662+0000] {processor.py:178} INFO - Processing /home/airflow/.local/lib/python3.7/site-packages/airflow/example_dags/example_task_group.py took 0.238 seconds
[2022-11-12T12:39:40.362+0000] {processor.py:156} INFO - Started process (PID=15278) to work on /home/airflow/.local/lib/python3.7/site-packages/airflow/example_dags/example_task_group.py
[2022-11-12T12:39:40.368+0000] {processor.py:758} INFO - Processing file /home/airflow/.local/lib/python3.7/site-packages/airflow/example_dags/example_task_group.py for tasks to queue
[2022-11-12T12:39:40.372+0000] {logging_mixin.py:117} INFO - [2022-11-12T12:39:40.371+0000] {dagbag.py:525} INFO - Filling up the DagBag from /home/airflow/.local/lib/python3.7/site-packages/airflow/example_dags/example_task_group.py
[2022-11-12T12:39:40.476+0000] {processor.py:768} INFO - DAG(s) dict_keys(['example_task_group']) retrieved from /home/airflow/.local/lib/python3.7/site-packages/airflow/example_dags/example_task_group.py
[2022-11-12T12:39:40.685+0000] {logging_mixin.py:117} INFO - [2022-11-12T12:39:40.685+0000] {dag.py:2573} INFO - Sync 1 DAGs
[2022-11-12T12:39:40.828+0000] {logging_mixin.py:117} INFO - [2022-11-12T12:39:40.828+0000] {dag.py:3328} INFO - Setting next_dagrun for example_task_group to 2022-11-11T12:39:40.828054+00:00, run_after=2022-11-12T12:39:40.828054+00:00
[2022-11-12T12:39:40.998+0000] {processor.py:178} INFO - Processing /home/airflow/.local/lib/python3.7/site-packages/airflow/example_dags/example_task_group.py took 0.739 seconds
[2022-11-12T14:03:43.410+0000] {processor.py:156} INFO - Started process (PID=15332) to work on /home/airflow/.local/lib/python3.7/site-packages/airflow/example_dags/example_task_group.py
[2022-11-12T14:03:43.412+0000] {processor.py:758} INFO - Processing file /home/airflow/.local/lib/python3.7/site-packages/airflow/example_dags/example_task_group.py for tasks to queue
[2022-11-12T14:03:43.413+0000] {logging_mixin.py:117} INFO - [2022-11-12T14:03:43.413+0000] {dagbag.py:525} INFO - Filling up the DagBag from /home/airflow/.local/lib/python3.7/site-packages/airflow/example_dags/example_task_group.py
[2022-11-12T14:03:43.423+0000] {processor.py:768} INFO - DAG(s) dict_keys(['example_task_group']) retrieved from /home/airflow/.local/lib/python3.7/site-packages/airflow/example_dags/example_task_group.py
[2022-11-12T14:03:43.448+0000] {logging_mixin.py:117} INFO - [2022-11-12T14:03:43.448+0000] {dag.py:2573} INFO - Sync 1 DAGs
[2022-11-12T14:03:43.469+0000] {logging_mixin.py:117} INFO - [2022-11-12T14:03:43.469+0000] {dag.py:3328} INFO - Setting next_dagrun for example_task_group to 2022-11-11T14:03:43.469511+00:00, run_after=2022-11-12T14:03:43.469511+00:00
[2022-11-12T14:03:43.483+0000] {processor.py:178} INFO - Processing /home/airflow/.local/lib/python3.7/site-packages/airflow/example_dags/example_task_group.py took 0.075 seconds
[2022-11-12T15:28:42.028+0000] {processor.py:156} INFO - Started process (PID=15397) to work on /home/airflow/.local/lib/python3.7/site-packages/airflow/example_dags/example_task_group.py
[2022-11-12T15:28:42.030+0000] {processor.py:758} INFO - Processing file /home/airflow/.local/lib/python3.7/site-packages/airflow/example_dags/example_task_group.py for tasks to queue
[2022-11-12T15:28:42.033+0000] {logging_mixin.py:117} INFO - [2022-11-12T15:28:42.033+0000] {dagbag.py:525} INFO - Filling up the DagBag from /home/airflow/.local/lib/python3.7/site-packages/airflow/example_dags/example_task_group.py
[2022-11-12T15:28:42.049+0000] {processor.py:768} INFO - DAG(s) dict_keys(['example_task_group']) retrieved from /home/airflow/.local/lib/python3.7/site-packages/airflow/example_dags/example_task_group.py
[2022-11-12T15:28:42.097+0000] {logging_mixin.py:117} INFO - [2022-11-12T15:28:42.096+0000] {dag.py:2573} INFO - Sync 1 DAGs
[2022-11-12T15:28:42.124+0000] {logging_mixin.py:117} INFO - [2022-11-12T15:28:42.124+0000] {dag.py:3328} INFO - Setting next_dagrun for example_task_group to 2022-11-11T15:28:42.124026+00:00, run_after=2022-11-12T15:28:42.124026+00:00
[2022-11-12T15:28:42.152+0000] {processor.py:178} INFO - Processing /home/airflow/.local/lib/python3.7/site-packages/airflow/example_dags/example_task_group.py took 0.126 seconds
[2022-11-12T16:51:19.664+0000] {processor.py:156} INFO - Started process (PID=15453) to work on /home/airflow/.local/lib/python3.7/site-packages/airflow/example_dags/example_task_group.py
[2022-11-12T16:51:19.667+0000] {processor.py:758} INFO - Processing file /home/airflow/.local/lib/python3.7/site-packages/airflow/example_dags/example_task_group.py for tasks to queue
[2022-11-12T16:51:19.668+0000] {logging_mixin.py:117} INFO - [2022-11-12T16:51:19.668+0000] {dagbag.py:525} INFO - Filling up the DagBag from /home/airflow/.local/lib/python3.7/site-packages/airflow/example_dags/example_task_group.py
[2022-11-12T16:51:19.684+0000] {processor.py:768} INFO - DAG(s) dict_keys(['example_task_group']) retrieved from /home/airflow/.local/lib/python3.7/site-packages/airflow/example_dags/example_task_group.py
[2022-11-12T16:51:20.050+0000] {logging_mixin.py:117} INFO - [2022-11-12T16:51:20.050+0000] {dag.py:2573} INFO - Sync 1 DAGs
[2022-11-12T16:51:20.137+0000] {logging_mixin.py:117} INFO - [2022-11-12T16:51:20.136+0000] {dag.py:3328} INFO - Setting next_dagrun for example_task_group to 2022-11-11T16:51:20.134625+00:00, run_after=2022-11-12T16:51:20.134625+00:00
[2022-11-12T16:51:20.264+0000] {processor.py:178} INFO - Processing /home/airflow/.local/lib/python3.7/site-packages/airflow/example_dags/example_task_group.py took 0.602 seconds
[2022-11-12T18:32:35.831+0000] {processor.py:156} INFO - Started process (PID=15517) to work on /home/airflow/.local/lib/python3.7/site-packages/airflow/example_dags/example_task_group.py
[2022-11-12T18:32:35.833+0000] {processor.py:758} INFO - Processing file /home/airflow/.local/lib/python3.7/site-packages/airflow/example_dags/example_task_group.py for tasks to queue
[2022-11-12T18:32:35.858+0000] {logging_mixin.py:117} INFO - [2022-11-12T18:32:35.858+0000] {dagbag.py:525} INFO - Filling up the DagBag from /home/airflow/.local/lib/python3.7/site-packages/airflow/example_dags/example_task_group.py
[2022-11-12T18:32:35.896+0000] {processor.py:768} INFO - DAG(s) dict_keys(['example_task_group']) retrieved from /home/airflow/.local/lib/python3.7/site-packages/airflow/example_dags/example_task_group.py
[2022-11-12T18:32:35.985+0000] {logging_mixin.py:117} INFO - [2022-11-12T18:32:35.985+0000] {dag.py:2573} INFO - Sync 1 DAGs
[2022-11-12T18:32:36.209+0000] {logging_mixin.py:117} INFO - [2022-11-12T18:32:36.209+0000] {dag.py:3328} INFO - Setting next_dagrun for example_task_group to 2022-11-11T18:32:36.204880+00:00, run_after=2022-11-12T18:32:36.204880+00:00
[2022-11-12T18:32:36.253+0000] {processor.py:178} INFO - Processing /home/airflow/.local/lib/python3.7/site-packages/airflow/example_dags/example_task_group.py took 0.426 seconds
[2022-11-12T19:24:27.583+0000] {processor.py:156} INFO - Started process (PID=15573) to work on /home/airflow/.local/lib/python3.7/site-packages/airflow/example_dags/example_task_group.py
[2022-11-12T19:24:27.587+0000] {processor.py:758} INFO - Processing file /home/airflow/.local/lib/python3.7/site-packages/airflow/example_dags/example_task_group.py for tasks to queue
[2022-11-12T19:24:27.591+0000] {logging_mixin.py:117} INFO - [2022-11-12T19:24:27.590+0000] {dagbag.py:525} INFO - Filling up the DagBag from /home/airflow/.local/lib/python3.7/site-packages/airflow/example_dags/example_task_group.py
[2022-11-12T19:24:27.637+0000] {processor.py:768} INFO - DAG(s) dict_keys(['example_task_group']) retrieved from /home/airflow/.local/lib/python3.7/site-packages/airflow/example_dags/example_task_group.py
[2022-11-12T19:24:27.715+0000] {logging_mixin.py:117} INFO - [2022-11-12T19:24:27.715+0000] {dag.py:2573} INFO - Sync 1 DAGs
[2022-11-12T19:24:27.775+0000] {logging_mixin.py:117} INFO - [2022-11-12T19:24:27.775+0000] {dag.py:3328} INFO - Setting next_dagrun for example_task_group to 2022-11-11T19:24:27.774510+00:00, run_after=2022-11-12T19:24:27.774510+00:00
[2022-11-12T19:24:27.804+0000] {processor.py:178} INFO - Processing /home/airflow/.local/lib/python3.7/site-packages/airflow/example_dags/example_task_group.py took 0.229 seconds
