[2022-11-12T00:30:40.758+0000] {processor.py:156} INFO - Started process (PID=14733) to work on /home/airflow/.local/lib/python3.7/site-packages/airflow/example_dags/tutorial.py
[2022-11-12T00:30:40.759+0000] {processor.py:758} INFO - Processing file /home/airflow/.local/lib/python3.7/site-packages/airflow/example_dags/tutorial.py for tasks to queue
[2022-11-12T00:30:40.761+0000] {logging_mixin.py:117} INFO - [2022-11-12T00:30:40.761+0000] {dagbag.py:525} INFO - Filling up the DagBag from /home/airflow/.local/lib/python3.7/site-packages/airflow/example_dags/tutorial.py
[2022-11-12T00:30:40.772+0000] {processor.py:768} INFO - DAG(s) dict_keys(['tutorial']) retrieved from /home/airflow/.local/lib/python3.7/site-packages/airflow/example_dags/tutorial.py
[2022-11-12T00:30:40.805+0000] {logging_mixin.py:117} INFO - [2022-11-12T00:30:40.805+0000] {dag.py:2573} INFO - Sync 1 DAGs
[2022-11-12T00:30:40.830+0000] {logging_mixin.py:117} INFO - [2022-11-12T00:30:40.830+0000] {dag.py:3328} INFO - Setting next_dagrun for tutorial to 2022-11-11T00:30:40.830545+00:00, run_after=2022-11-12T00:30:40.830545+00:00
[2022-11-12T00:30:40.872+0000] {processor.py:178} INFO - Processing /home/airflow/.local/lib/python3.7/site-packages/airflow/example_dags/tutorial.py took 0.116 seconds
[2022-11-12T01:49:59.827+0000] {processor.py:156} INFO - Started process (PID=14798) to work on /home/airflow/.local/lib/python3.7/site-packages/airflow/example_dags/tutorial.py
[2022-11-12T01:49:59.830+0000] {processor.py:758} INFO - Processing file /home/airflow/.local/lib/python3.7/site-packages/airflow/example_dags/tutorial.py for tasks to queue
[2022-11-12T01:49:59.834+0000] {logging_mixin.py:117} INFO - [2022-11-12T01:49:59.834+0000] {dagbag.py:525} INFO - Filling up the DagBag from /home/airflow/.local/lib/python3.7/site-packages/airflow/example_dags/tutorial.py
[2022-11-12T01:49:59.967+0000] {processor.py:768} INFO - DAG(s) dict_keys(['tutorial']) retrieved from /home/airflow/.local/lib/python3.7/site-packages/airflow/example_dags/tutorial.py
[2022-11-12T01:50:00.333+0000] {logging_mixin.py:117} INFO - [2022-11-12T01:50:00.333+0000] {dag.py:2573} INFO - Sync 1 DAGs
[2022-11-12T01:50:00.495+0000] {logging_mixin.py:117} INFO - [2022-11-12T01:50:00.495+0000] {dag.py:3328} INFO - Setting next_dagrun for tutorial to 2022-11-11T01:50:00.494665+00:00, run_after=2022-11-12T01:50:00.494665+00:00
[2022-11-12T01:50:00.572+0000] {processor.py:178} INFO - Processing /home/airflow/.local/lib/python3.7/site-packages/airflow/example_dags/tutorial.py took 0.759 seconds
[2022-11-12T03:17:06.344+0000] {processor.py:156} INFO - Started process (PID=14852) to work on /home/airflow/.local/lib/python3.7/site-packages/airflow/example_dags/tutorial.py
[2022-11-12T03:17:06.348+0000] {processor.py:758} INFO - Processing file /home/airflow/.local/lib/python3.7/site-packages/airflow/example_dags/tutorial.py for tasks to queue
[2022-11-12T03:17:06.350+0000] {logging_mixin.py:117} INFO - [2022-11-12T03:17:06.349+0000] {dagbag.py:525} INFO - Filling up the DagBag from /home/airflow/.local/lib/python3.7/site-packages/airflow/example_dags/tutorial.py
[2022-11-12T03:17:06.387+0000] {processor.py:768} INFO - DAG(s) dict_keys(['tutorial']) retrieved from /home/airflow/.local/lib/python3.7/site-packages/airflow/example_dags/tutorial.py
[2022-11-12T03:17:06.490+0000] {logging_mixin.py:117} INFO - [2022-11-12T03:17:06.490+0000] {dag.py:2573} INFO - Sync 1 DAGs
[2022-11-12T03:17:06.554+0000] {logging_mixin.py:117} INFO - [2022-11-12T03:17:06.554+0000] {dag.py:3328} INFO - Setting next_dagrun for tutorial to 2022-11-11T03:17:06.547336+00:00, run_after=2022-11-12T03:17:06.547336+00:00
[2022-11-12T03:17:06.610+0000] {processor.py:178} INFO - Processing /home/airflow/.local/lib/python3.7/site-packages/airflow/example_dags/tutorial.py took 0.271 seconds
[2022-11-12T04:38:46.339+0000] {processor.py:156} INFO - Started process (PID=14915) to work on /home/airflow/.local/lib/python3.7/site-packages/airflow/example_dags/tutorial.py
[2022-11-12T04:38:46.349+0000] {processor.py:758} INFO - Processing file /home/airflow/.local/lib/python3.7/site-packages/airflow/example_dags/tutorial.py for tasks to queue
[2022-11-12T04:38:46.355+0000] {logging_mixin.py:117} INFO - [2022-11-12T04:38:46.354+0000] {dagbag.py:525} INFO - Filling up the DagBag from /home/airflow/.local/lib/python3.7/site-packages/airflow/example_dags/tutorial.py
[2022-11-12T04:38:46.527+0000] {processor.py:768} INFO - DAG(s) dict_keys(['tutorial']) retrieved from /home/airflow/.local/lib/python3.7/site-packages/airflow/example_dags/tutorial.py
[2022-11-12T04:38:46.956+0000] {logging_mixin.py:117} INFO - [2022-11-12T04:38:46.950+0000] {dag.py:2573} INFO - Sync 1 DAGs
[2022-11-12T04:38:47.060+0000] {logging_mixin.py:117} INFO - [2022-11-12T04:38:47.060+0000] {dag.py:3328} INFO - Setting next_dagrun for tutorial to 2022-11-11T04:38:47.054133+00:00, run_after=2022-11-12T04:38:47.054133+00:00
[2022-11-12T04:38:47.139+0000] {processor.py:178} INFO - Processing /home/airflow/.local/lib/python3.7/site-packages/airflow/example_dags/tutorial.py took 0.814 seconds
[2022-11-12T06:17:36.234+0000] {processor.py:156} INFO - Started process (PID=14970) to work on /home/airflow/.local/lib/python3.7/site-packages/airflow/example_dags/tutorial.py
[2022-11-12T06:17:36.238+0000] {processor.py:758} INFO - Processing file /home/airflow/.local/lib/python3.7/site-packages/airflow/example_dags/tutorial.py for tasks to queue
[2022-11-12T06:17:36.243+0000] {logging_mixin.py:117} INFO - [2022-11-12T06:17:36.243+0000] {dagbag.py:525} INFO - Filling up the DagBag from /home/airflow/.local/lib/python3.7/site-packages/airflow/example_dags/tutorial.py
[2022-11-12T06:17:36.274+0000] {processor.py:768} INFO - DAG(s) dict_keys(['tutorial']) retrieved from /home/airflow/.local/lib/python3.7/site-packages/airflow/example_dags/tutorial.py
[2022-11-12T06:17:36.423+0000] {logging_mixin.py:117} INFO - [2022-11-12T06:17:36.423+0000] {dag.py:2573} INFO - Sync 1 DAGs
[2022-11-12T06:17:36.470+0000] {logging_mixin.py:117} INFO - [2022-11-12T06:17:36.469+0000] {dag.py:3328} INFO - Setting next_dagrun for tutorial to 2022-11-11T06:17:36.469584+00:00, run_after=2022-11-12T06:17:36.469584+00:00
[2022-11-12T06:17:36.522+0000] {processor.py:178} INFO - Processing /home/airflow/.local/lib/python3.7/site-packages/airflow/example_dags/tutorial.py took 0.293 seconds
[2022-11-12T07:26:37.690+0000] {processor.py:156} INFO - Started process (PID=15025) to work on /home/airflow/.local/lib/python3.7/site-packages/airflow/example_dags/tutorial.py
[2022-11-12T07:26:37.701+0000] {processor.py:758} INFO - Processing file /home/airflow/.local/lib/python3.7/site-packages/airflow/example_dags/tutorial.py for tasks to queue
[2022-11-12T07:26:37.706+0000] {logging_mixin.py:117} INFO - [2022-11-12T07:26:37.706+0000] {dagbag.py:525} INFO - Filling up the DagBag from /home/airflow/.local/lib/python3.7/site-packages/airflow/example_dags/tutorial.py
[2022-11-12T07:26:37.732+0000] {processor.py:768} INFO - DAG(s) dict_keys(['tutorial']) retrieved from /home/airflow/.local/lib/python3.7/site-packages/airflow/example_dags/tutorial.py
[2022-11-12T07:26:37.907+0000] {logging_mixin.py:117} INFO - [2022-11-12T07:26:37.906+0000] {dag.py:2573} INFO - Sync 1 DAGs
[2022-11-12T07:26:37.950+0000] {logging_mixin.py:117} INFO - [2022-11-12T07:26:37.950+0000] {dag.py:3328} INFO - Setting next_dagrun for tutorial to 2022-11-11T07:26:37.949929+00:00, run_after=2022-11-12T07:26:37.949929+00:00
[2022-11-12T07:26:37.997+0000] {processor.py:178} INFO - Processing /home/airflow/.local/lib/python3.7/site-packages/airflow/example_dags/tutorial.py took 0.312 seconds
[2022-11-12T08:48:45.734+0000] {processor.py:156} INFO - Started process (PID=15088) to work on /home/airflow/.local/lib/python3.7/site-packages/airflow/example_dags/tutorial.py
[2022-11-12T08:48:45.746+0000] {processor.py:758} INFO - Processing file /home/airflow/.local/lib/python3.7/site-packages/airflow/example_dags/tutorial.py for tasks to queue
[2022-11-12T08:48:45.761+0000] {logging_mixin.py:117} INFO - [2022-11-12T08:48:45.761+0000] {dagbag.py:525} INFO - Filling up the DagBag from /home/airflow/.local/lib/python3.7/site-packages/airflow/example_dags/tutorial.py
[2022-11-12T08:48:45.866+0000] {processor.py:768} INFO - DAG(s) dict_keys(['tutorial']) retrieved from /home/airflow/.local/lib/python3.7/site-packages/airflow/example_dags/tutorial.py
[2022-11-12T08:48:46.222+0000] {logging_mixin.py:117} INFO - [2022-11-12T08:48:46.221+0000] {dag.py:2573} INFO - Sync 1 DAGs
[2022-11-12T08:48:46.533+0000] {logging_mixin.py:117} INFO - [2022-11-12T08:48:46.532+0000] {dag.py:3328} INFO - Setting next_dagrun for tutorial to 2022-11-11T08:48:46.529660+00:00, run_after=2022-11-12T08:48:46.529660+00:00
[2022-11-12T08:48:46.726+0000] {processor.py:178} INFO - Processing /home/airflow/.local/lib/python3.7/site-packages/airflow/example_dags/tutorial.py took 1.003 seconds
[2022-11-12T09:39:58.558+0000] {processor.py:156} INFO - Started process (PID=15142) to work on /home/airflow/.local/lib/python3.7/site-packages/airflow/example_dags/tutorial.py
[2022-11-12T09:39:58.585+0000] {processor.py:758} INFO - Processing file /home/airflow/.local/lib/python3.7/site-packages/airflow/example_dags/tutorial.py for tasks to queue
[2022-11-12T09:39:58.590+0000] {logging_mixin.py:117} INFO - [2022-11-12T09:39:58.589+0000] {dagbag.py:525} INFO - Filling up the DagBag from /home/airflow/.local/lib/python3.7/site-packages/airflow/example_dags/tutorial.py
[2022-11-12T09:39:58.621+0000] {processor.py:768} INFO - DAG(s) dict_keys(['tutorial']) retrieved from /home/airflow/.local/lib/python3.7/site-packages/airflow/example_dags/tutorial.py
[2022-11-12T09:39:58.759+0000] {logging_mixin.py:117} INFO - [2022-11-12T09:39:58.759+0000] {dag.py:2573} INFO - Sync 1 DAGs
[2022-11-12T09:39:58.868+0000] {logging_mixin.py:117} INFO - [2022-11-12T09:39:58.867+0000] {dag.py:3328} INFO - Setting next_dagrun for tutorial to 2022-11-11T09:39:58.865605+00:00, run_after=2022-11-12T09:39:58.865605+00:00
[2022-11-12T09:39:58.919+0000] {processor.py:178} INFO - Processing /home/airflow/.local/lib/python3.7/site-packages/airflow/example_dags/tutorial.py took 0.370 seconds
[2022-11-12T11:02:32.186+0000] {processor.py:156} INFO - Started process (PID=15197) to work on /home/airflow/.local/lib/python3.7/site-packages/airflow/example_dags/tutorial.py
[2022-11-12T11:02:32.193+0000] {processor.py:758} INFO - Processing file /home/airflow/.local/lib/python3.7/site-packages/airflow/example_dags/tutorial.py for tasks to queue
[2022-11-12T11:02:32.196+0000] {logging_mixin.py:117} INFO - [2022-11-12T11:02:32.196+0000] {dagbag.py:525} INFO - Filling up the DagBag from /home/airflow/.local/lib/python3.7/site-packages/airflow/example_dags/tutorial.py
[2022-11-12T11:02:32.251+0000] {processor.py:768} INFO - DAG(s) dict_keys(['tutorial']) retrieved from /home/airflow/.local/lib/python3.7/site-packages/airflow/example_dags/tutorial.py
[2022-11-12T11:02:32.856+0000] {logging_mixin.py:117} INFO - [2022-11-12T11:02:32.854+0000] {dag.py:2573} INFO - Sync 1 DAGs
[2022-11-12T11:02:33.041+0000] {logging_mixin.py:117} INFO - [2022-11-12T11:02:33.040+0000] {dag.py:3328} INFO - Setting next_dagrun for tutorial to 2022-11-11T11:02:33.040112+00:00, run_after=2022-11-12T11:02:33.040112+00:00
[2022-11-12T11:02:33.129+0000] {processor.py:178} INFO - Processing /home/airflow/.local/lib/python3.7/site-packages/airflow/example_dags/tutorial.py took 0.950 seconds
[2022-11-12T12:39:33.690+0000] {processor.py:156} INFO - Started process (PID=15252) to work on /home/airflow/.local/lib/python3.7/site-packages/airflow/example_dags/tutorial.py
[2022-11-12T12:39:33.694+0000] {processor.py:758} INFO - Processing file /home/airflow/.local/lib/python3.7/site-packages/airflow/example_dags/tutorial.py for tasks to queue
[2022-11-12T12:39:33.698+0000] {logging_mixin.py:117} INFO - [2022-11-12T12:39:33.697+0000] {dagbag.py:525} INFO - Filling up the DagBag from /home/airflow/.local/lib/python3.7/site-packages/airflow/example_dags/tutorial.py
[2022-11-12T12:39:33.760+0000] {processor.py:768} INFO - DAG(s) dict_keys(['tutorial']) retrieved from /home/airflow/.local/lib/python3.7/site-packages/airflow/example_dags/tutorial.py
[2022-11-12T12:39:33.899+0000] {logging_mixin.py:117} INFO - [2022-11-12T12:39:33.898+0000] {dag.py:2573} INFO - Sync 1 DAGs
[2022-11-12T12:39:33.957+0000] {logging_mixin.py:117} INFO - [2022-11-12T12:39:33.957+0000] {dag.py:3328} INFO - Setting next_dagrun for tutorial to 2022-11-11T12:39:33.956219+00:00, run_after=2022-11-12T12:39:33.956219+00:00
[2022-11-12T12:39:33.992+0000] {processor.py:178} INFO - Processing /home/airflow/.local/lib/python3.7/site-packages/airflow/example_dags/tutorial.py took 0.309 seconds
[2022-11-12T14:03:42.458+0000] {processor.py:156} INFO - Started process (PID=15315) to work on /home/airflow/.local/lib/python3.7/site-packages/airflow/example_dags/tutorial.py
[2022-11-12T14:03:42.460+0000] {processor.py:758} INFO - Processing file /home/airflow/.local/lib/python3.7/site-packages/airflow/example_dags/tutorial.py for tasks to queue
[2022-11-12T14:03:42.462+0000] {logging_mixin.py:117} INFO - [2022-11-12T14:03:42.462+0000] {dagbag.py:525} INFO - Filling up the DagBag from /home/airflow/.local/lib/python3.7/site-packages/airflow/example_dags/tutorial.py
[2022-11-12T14:03:42.479+0000] {processor.py:768} INFO - DAG(s) dict_keys(['tutorial']) retrieved from /home/airflow/.local/lib/python3.7/site-packages/airflow/example_dags/tutorial.py
[2022-11-12T14:03:42.521+0000] {logging_mixin.py:117} INFO - [2022-11-12T14:03:42.521+0000] {dag.py:2573} INFO - Sync 1 DAGs
[2022-11-12T14:03:42.540+0000] {logging_mixin.py:117} INFO - [2022-11-12T14:03:42.540+0000] {dag.py:3328} INFO - Setting next_dagrun for tutorial to 2022-11-11T14:03:42.540087+00:00, run_after=2022-11-12T14:03:42.540087+00:00
[2022-11-12T14:03:42.566+0000] {processor.py:178} INFO - Processing /home/airflow/.local/lib/python3.7/site-packages/airflow/example_dags/tutorial.py took 0.113 seconds
[2022-11-12T15:28:35.353+0000] {processor.py:156} INFO - Started process (PID=15371) to work on /home/airflow/.local/lib/python3.7/site-packages/airflow/example_dags/tutorial.py
[2022-11-12T15:28:35.357+0000] {processor.py:758} INFO - Processing file /home/airflow/.local/lib/python3.7/site-packages/airflow/example_dags/tutorial.py for tasks to queue
[2022-11-12T15:28:35.360+0000] {logging_mixin.py:117} INFO - [2022-11-12T15:28:35.360+0000] {dagbag.py:525} INFO - Filling up the DagBag from /home/airflow/.local/lib/python3.7/site-packages/airflow/example_dags/tutorial.py
[2022-11-12T15:28:35.389+0000] {processor.py:768} INFO - DAG(s) dict_keys(['tutorial']) retrieved from /home/airflow/.local/lib/python3.7/site-packages/airflow/example_dags/tutorial.py
[2022-11-12T15:28:35.534+0000] {logging_mixin.py:117} INFO - [2022-11-12T15:28:35.533+0000] {dag.py:2573} INFO - Sync 1 DAGs
[2022-11-12T15:28:35.603+0000] {logging_mixin.py:117} INFO - [2022-11-12T15:28:35.602+0000] {dag.py:3328} INFO - Setting next_dagrun for tutorial to 2022-11-11T15:28:35.601555+00:00, run_after=2022-11-12T15:28:35.601555+00:00
[2022-11-12T15:28:35.692+0000] {processor.py:178} INFO - Processing /home/airflow/.local/lib/python3.7/site-packages/airflow/example_dags/tutorial.py took 0.347 seconds
[2022-11-12T16:51:16.750+0000] {processor.py:156} INFO - Started process (PID=15436) to work on /home/airflow/.local/lib/python3.7/site-packages/airflow/example_dags/tutorial.py
[2022-11-12T16:51:16.752+0000] {processor.py:758} INFO - Processing file /home/airflow/.local/lib/python3.7/site-packages/airflow/example_dags/tutorial.py for tasks to queue
[2022-11-12T16:51:16.754+0000] {logging_mixin.py:117} INFO - [2022-11-12T16:51:16.754+0000] {dagbag.py:525} INFO - Filling up the DagBag from /home/airflow/.local/lib/python3.7/site-packages/airflow/example_dags/tutorial.py
[2022-11-12T16:51:16.766+0000] {processor.py:768} INFO - DAG(s) dict_keys(['tutorial']) retrieved from /home/airflow/.local/lib/python3.7/site-packages/airflow/example_dags/tutorial.py
[2022-11-12T16:51:16.816+0000] {logging_mixin.py:117} INFO - [2022-11-12T16:51:16.816+0000] {dag.py:2573} INFO - Sync 1 DAGs
[2022-11-12T16:51:16.852+0000] {logging_mixin.py:117} INFO - [2022-11-12T16:51:16.852+0000] {dag.py:3328} INFO - Setting next_dagrun for tutorial to 2022-11-11T16:51:16.851847+00:00, run_after=2022-11-12T16:51:16.851847+00:00
[2022-11-12T16:51:16.879+0000] {processor.py:178} INFO - Processing /home/airflow/.local/lib/python3.7/site-packages/airflow/example_dags/tutorial.py took 0.132 seconds
[2022-11-12T18:32:25.826+0000] {processor.py:156} INFO - Started process (PID=15491) to work on /home/airflow/.local/lib/python3.7/site-packages/airflow/example_dags/tutorial.py
[2022-11-12T18:32:25.841+0000] {processor.py:758} INFO - Processing file /home/airflow/.local/lib/python3.7/site-packages/airflow/example_dags/tutorial.py for tasks to queue
[2022-11-12T18:32:25.869+0000] {logging_mixin.py:117} INFO - [2022-11-12T18:32:25.869+0000] {dagbag.py:525} INFO - Filling up the DagBag from /home/airflow/.local/lib/python3.7/site-packages/airflow/example_dags/tutorial.py
[2022-11-12T18:32:26.085+0000] {processor.py:768} INFO - DAG(s) dict_keys(['tutorial']) retrieved from /home/airflow/.local/lib/python3.7/site-packages/airflow/example_dags/tutorial.py
[2022-11-12T18:32:26.605+0000] {logging_mixin.py:117} INFO - [2022-11-12T18:32:26.605+0000] {dag.py:2573} INFO - Sync 1 DAGs
[2022-11-12T18:32:26.935+0000] {logging_mixin.py:117} INFO - [2022-11-12T18:32:26.935+0000] {dag.py:3328} INFO - Setting next_dagrun for tutorial to 2022-11-11T18:32:26.921904+00:00, run_after=2022-11-12T18:32:26.921904+00:00
[2022-11-12T18:32:28.102+0000] {processor.py:178} INFO - Processing /home/airflow/.local/lib/python3.7/site-packages/airflow/example_dags/tutorial.py took 2.297 seconds
[2022-11-12T19:24:21.752+0000] {processor.py:156} INFO - Started process (PID=15556) to work on /home/airflow/.local/lib/python3.7/site-packages/airflow/example_dags/tutorial.py
[2022-11-12T19:24:21.770+0000] {processor.py:758} INFO - Processing file /home/airflow/.local/lib/python3.7/site-packages/airflow/example_dags/tutorial.py for tasks to queue
[2022-11-12T19:24:21.784+0000] {logging_mixin.py:117} INFO - [2022-11-12T19:24:21.783+0000] {dagbag.py:525} INFO - Filling up the DagBag from /home/airflow/.local/lib/python3.7/site-packages/airflow/example_dags/tutorial.py
[2022-11-12T19:24:21.869+0000] {processor.py:768} INFO - DAG(s) dict_keys(['tutorial']) retrieved from /home/airflow/.local/lib/python3.7/site-packages/airflow/example_dags/tutorial.py
[2022-11-12T19:24:22.037+0000] {logging_mixin.py:117} INFO - [2022-11-12T19:24:22.036+0000] {dag.py:2573} INFO - Sync 1 DAGs
[2022-11-12T19:24:22.118+0000] {logging_mixin.py:117} INFO - [2022-11-12T19:24:22.118+0000] {dag.py:3328} INFO - Setting next_dagrun for tutorial to 2022-11-11T19:24:22.118251+00:00, run_after=2022-11-12T19:24:22.118251+00:00
[2022-11-12T19:24:22.170+0000] {processor.py:178} INFO - Processing /home/airflow/.local/lib/python3.7/site-packages/airflow/example_dags/tutorial.py took 0.436 seconds
