[2022-11-12T00:30:49.648+0000] {processor.py:156} INFO - Started process (PID=14763) to work on /home/airflow/.local/lib/python3.7/site-packages/airflow/example_dags/tutorial_dag.py
[2022-11-12T00:30:49.651+0000] {processor.py:758} INFO - Processing file /home/airflow/.local/lib/python3.7/site-packages/airflow/example_dags/tutorial_dag.py for tasks to queue
[2022-11-12T00:30:49.657+0000] {logging_mixin.py:117} INFO - [2022-11-12T00:30:49.657+0000] {dagbag.py:525} INFO - Filling up the DagBag from /home/airflow/.local/lib/python3.7/site-packages/airflow/example_dags/tutorial_dag.py
[2022-11-12T00:30:49.836+0000] {processor.py:768} INFO - DAG(s) dict_keys(['tutorial_dag']) retrieved from /home/airflow/.local/lib/python3.7/site-packages/airflow/example_dags/tutorial_dag.py
[2022-11-12T00:30:50.052+0000] {logging_mixin.py:117} INFO - [2022-11-12T00:30:50.052+0000] {dag.py:2573} INFO - Sync 1 DAGs
[2022-11-12T00:30:50.092+0000] {logging_mixin.py:117} INFO - [2022-11-12T00:30:50.092+0000] {dag.py:3328} INFO - Setting next_dagrun for tutorial_dag to None, run_after=None
[2022-11-12T00:30:50.107+0000] {processor.py:178} INFO - Processing /home/airflow/.local/lib/python3.7/site-packages/airflow/example_dags/tutorial_dag.py took 0.503 seconds
[2022-11-12T01:50:12.057+0000] {processor.py:156} INFO - Started process (PID=14827) to work on /home/airflow/.local/lib/python3.7/site-packages/airflow/example_dags/tutorial_dag.py
[2022-11-12T01:50:12.058+0000] {processor.py:758} INFO - Processing file /home/airflow/.local/lib/python3.7/site-packages/airflow/example_dags/tutorial_dag.py for tasks to queue
[2022-11-12T01:50:12.061+0000] {logging_mixin.py:117} INFO - [2022-11-12T01:50:12.060+0000] {dagbag.py:525} INFO - Filling up the DagBag from /home/airflow/.local/lib/python3.7/site-packages/airflow/example_dags/tutorial_dag.py
[2022-11-12T01:50:12.196+0000] {processor.py:768} INFO - DAG(s) dict_keys(['tutorial_dag']) retrieved from /home/airflow/.local/lib/python3.7/site-packages/airflow/example_dags/tutorial_dag.py
[2022-11-12T01:50:12.409+0000] {logging_mixin.py:117} INFO - [2022-11-12T01:50:12.408+0000] {dag.py:2573} INFO - Sync 1 DAGs
[2022-11-12T01:50:12.538+0000] {logging_mixin.py:117} INFO - [2022-11-12T01:50:12.538+0000] {dag.py:3328} INFO - Setting next_dagrun for tutorial_dag to None, run_after=None
[2022-11-12T01:50:12.707+0000] {processor.py:178} INFO - Processing /home/airflow/.local/lib/python3.7/site-packages/airflow/example_dags/tutorial_dag.py took 0.664 seconds
[2022-11-12T03:17:09.863+0000] {processor.py:156} INFO - Started process (PID=14873) to work on /home/airflow/.local/lib/python3.7/site-packages/airflow/example_dags/tutorial_dag.py
[2022-11-12T03:17:09.866+0000] {processor.py:758} INFO - Processing file /home/airflow/.local/lib/python3.7/site-packages/airflow/example_dags/tutorial_dag.py for tasks to queue
[2022-11-12T03:17:09.870+0000] {logging_mixin.py:117} INFO - [2022-11-12T03:17:09.870+0000] {dagbag.py:525} INFO - Filling up the DagBag from /home/airflow/.local/lib/python3.7/site-packages/airflow/example_dags/tutorial_dag.py
[2022-11-12T03:17:09.895+0000] {processor.py:768} INFO - DAG(s) dict_keys(['tutorial_dag']) retrieved from /home/airflow/.local/lib/python3.7/site-packages/airflow/example_dags/tutorial_dag.py
[2022-11-12T03:17:09.978+0000] {logging_mixin.py:117} INFO - [2022-11-12T03:17:09.978+0000] {dag.py:2573} INFO - Sync 1 DAGs
[2022-11-12T03:17:10.133+0000] {logging_mixin.py:117} INFO - [2022-11-12T03:17:10.133+0000] {dag.py:3328} INFO - Setting next_dagrun for tutorial_dag to None, run_after=None
[2022-11-12T03:17:10.317+0000] {processor.py:178} INFO - Processing /home/airflow/.local/lib/python3.7/site-packages/airflow/example_dags/tutorial_dag.py took 0.458 seconds
[2022-11-12T04:38:57.144+0000] {processor.py:156} INFO - Started process (PID=14936) to work on /home/airflow/.local/lib/python3.7/site-packages/airflow/example_dags/tutorial_dag.py
[2022-11-12T04:38:57.152+0000] {processor.py:758} INFO - Processing file /home/airflow/.local/lib/python3.7/site-packages/airflow/example_dags/tutorial_dag.py for tasks to queue
[2022-11-12T04:38:57.156+0000] {logging_mixin.py:117} INFO - [2022-11-12T04:38:57.155+0000] {dagbag.py:525} INFO - Filling up the DagBag from /home/airflow/.local/lib/python3.7/site-packages/airflow/example_dags/tutorial_dag.py
[2022-11-12T04:38:57.197+0000] {processor.py:768} INFO - DAG(s) dict_keys(['tutorial_dag']) retrieved from /home/airflow/.local/lib/python3.7/site-packages/airflow/example_dags/tutorial_dag.py
[2022-11-12T04:38:57.313+0000] {logging_mixin.py:117} INFO - [2022-11-12T04:38:57.313+0000] {dag.py:2573} INFO - Sync 1 DAGs
[2022-11-12T04:38:57.366+0000] {logging_mixin.py:117} INFO - [2022-11-12T04:38:57.366+0000] {dag.py:3328} INFO - Setting next_dagrun for tutorial_dag to None, run_after=None
[2022-11-12T04:38:57.409+0000] {processor.py:178} INFO - Processing /home/airflow/.local/lib/python3.7/site-packages/airflow/example_dags/tutorial_dag.py took 0.270 seconds
[2022-11-12T06:17:42.687+0000] {processor.py:156} INFO - Started process (PID=14991) to work on /home/airflow/.local/lib/python3.7/site-packages/airflow/example_dags/tutorial_dag.py
[2022-11-12T06:17:42.705+0000] {processor.py:758} INFO - Processing file /home/airflow/.local/lib/python3.7/site-packages/airflow/example_dags/tutorial_dag.py for tasks to queue
[2022-11-12T06:17:42.713+0000] {logging_mixin.py:117} INFO - [2022-11-12T06:17:42.713+0000] {dagbag.py:525} INFO - Filling up the DagBag from /home/airflow/.local/lib/python3.7/site-packages/airflow/example_dags/tutorial_dag.py
[2022-11-12T06:17:42.770+0000] {processor.py:768} INFO - DAG(s) dict_keys(['tutorial_dag']) retrieved from /home/airflow/.local/lib/python3.7/site-packages/airflow/example_dags/tutorial_dag.py
[2022-11-12T06:17:42.946+0000] {logging_mixin.py:117} INFO - [2022-11-12T06:17:42.945+0000] {dag.py:2573} INFO - Sync 1 DAGs
[2022-11-12T06:17:43.024+0000] {logging_mixin.py:117} INFO - [2022-11-12T06:17:43.024+0000] {dag.py:3328} INFO - Setting next_dagrun for tutorial_dag to None, run_after=None
[2022-11-12T06:17:43.072+0000] {processor.py:178} INFO - Processing /home/airflow/.local/lib/python3.7/site-packages/airflow/example_dags/tutorial_dag.py took 0.477 seconds
[2022-11-12T07:26:46.212+0000] {processor.py:156} INFO - Started process (PID=15055) to work on /home/airflow/.local/lib/python3.7/site-packages/airflow/example_dags/tutorial_dag.py
[2022-11-12T07:26:46.217+0000] {processor.py:758} INFO - Processing file /home/airflow/.local/lib/python3.7/site-packages/airflow/example_dags/tutorial_dag.py for tasks to queue
[2022-11-12T07:26:46.219+0000] {logging_mixin.py:117} INFO - [2022-11-12T07:26:46.219+0000] {dagbag.py:525} INFO - Filling up the DagBag from /home/airflow/.local/lib/python3.7/site-packages/airflow/example_dags/tutorial_dag.py
[2022-11-12T07:26:46.242+0000] {processor.py:768} INFO - DAG(s) dict_keys(['tutorial_dag']) retrieved from /home/airflow/.local/lib/python3.7/site-packages/airflow/example_dags/tutorial_dag.py
[2022-11-12T07:26:46.316+0000] {logging_mixin.py:117} INFO - [2022-11-12T07:26:46.316+0000] {dag.py:2573} INFO - Sync 1 DAGs
[2022-11-12T07:26:46.382+0000] {logging_mixin.py:117} INFO - [2022-11-12T07:26:46.382+0000] {dag.py:3328} INFO - Setting next_dagrun for tutorial_dag to None, run_after=None
[2022-11-12T07:26:46.432+0000] {processor.py:178} INFO - Processing /home/airflow/.local/lib/python3.7/site-packages/airflow/example_dags/tutorial_dag.py took 0.225 seconds
[2022-11-12T08:48:54.553+0000] {processor.py:156} INFO - Started process (PID=15117) to work on /home/airflow/.local/lib/python3.7/site-packages/airflow/example_dags/tutorial_dag.py
[2022-11-12T08:48:54.564+0000] {processor.py:758} INFO - Processing file /home/airflow/.local/lib/python3.7/site-packages/airflow/example_dags/tutorial_dag.py for tasks to queue
[2022-11-12T08:48:54.568+0000] {logging_mixin.py:117} INFO - [2022-11-12T08:48:54.567+0000] {dagbag.py:525} INFO - Filling up the DagBag from /home/airflow/.local/lib/python3.7/site-packages/airflow/example_dags/tutorial_dag.py
[2022-11-12T08:48:54.634+0000] {processor.py:768} INFO - DAG(s) dict_keys(['tutorial_dag']) retrieved from /home/airflow/.local/lib/python3.7/site-packages/airflow/example_dags/tutorial_dag.py
[2022-11-12T08:48:55.114+0000] {logging_mixin.py:117} INFO - [2022-11-12T08:48:55.083+0000] {dag.py:2573} INFO - Sync 1 DAGs
[2022-11-12T08:48:55.169+0000] {logging_mixin.py:117} INFO - [2022-11-12T08:48:55.169+0000] {dag.py:3328} INFO - Setting next_dagrun for tutorial_dag to None, run_after=None
[2022-11-12T08:48:55.303+0000] {processor.py:178} INFO - Processing /home/airflow/.local/lib/python3.7/site-packages/airflow/example_dags/tutorial_dag.py took 0.762 seconds
[2022-11-12T09:40:05.546+0000] {processor.py:156} INFO - Started process (PID=15172) to work on /home/airflow/.local/lib/python3.7/site-packages/airflow/example_dags/tutorial_dag.py
[2022-11-12T09:40:05.549+0000] {processor.py:758} INFO - Processing file /home/airflow/.local/lib/python3.7/site-packages/airflow/example_dags/tutorial_dag.py for tasks to queue
[2022-11-12T09:40:05.552+0000] {logging_mixin.py:117} INFO - [2022-11-12T09:40:05.552+0000] {dagbag.py:525} INFO - Filling up the DagBag from /home/airflow/.local/lib/python3.7/site-packages/airflow/example_dags/tutorial_dag.py
[2022-11-12T09:40:05.882+0000] {processor.py:768} INFO - DAG(s) dict_keys(['tutorial_dag']) retrieved from /home/airflow/.local/lib/python3.7/site-packages/airflow/example_dags/tutorial_dag.py
[2022-11-12T09:40:05.952+0000] {logging_mixin.py:117} INFO - [2022-11-12T09:40:05.951+0000] {dag.py:2573} INFO - Sync 1 DAGs
[2022-11-12T09:40:05.993+0000] {logging_mixin.py:117} INFO - [2022-11-12T09:40:05.992+0000] {dag.py:3328} INFO - Setting next_dagrun for tutorial_dag to None, run_after=None
[2022-11-12T09:40:06.061+0000] {processor.py:178} INFO - Processing /home/airflow/.local/lib/python3.7/site-packages/airflow/example_dags/tutorial_dag.py took 0.529 seconds
[2022-11-12T11:02:41.502+0000] {processor.py:156} INFO - Started process (PID=15227) to work on /home/airflow/.local/lib/python3.7/site-packages/airflow/example_dags/tutorial_dag.py
[2022-11-12T11:02:41.521+0000] {processor.py:758} INFO - Processing file /home/airflow/.local/lib/python3.7/site-packages/airflow/example_dags/tutorial_dag.py for tasks to queue
[2022-11-12T11:02:41.527+0000] {logging_mixin.py:117} INFO - [2022-11-12T11:02:41.526+0000] {dagbag.py:525} INFO - Filling up the DagBag from /home/airflow/.local/lib/python3.7/site-packages/airflow/example_dags/tutorial_dag.py
[2022-11-12T11:02:41.631+0000] {processor.py:768} INFO - DAG(s) dict_keys(['tutorial_dag']) retrieved from /home/airflow/.local/lib/python3.7/site-packages/airflow/example_dags/tutorial_dag.py
[2022-11-12T11:02:41.903+0000] {logging_mixin.py:117} INFO - [2022-11-12T11:02:41.903+0000] {dag.py:2573} INFO - Sync 1 DAGs
[2022-11-12T11:02:41.965+0000] {logging_mixin.py:117} INFO - [2022-11-12T11:02:41.964+0000] {dag.py:3328} INFO - Setting next_dagrun for tutorial_dag to None, run_after=None
[2022-11-12T11:02:42.053+0000] {processor.py:178} INFO - Processing /home/airflow/.local/lib/python3.7/site-packages/airflow/example_dags/tutorial_dag.py took 0.570 seconds
[2022-11-12T12:39:43.685+0000] {processor.py:156} INFO - Started process (PID=15282) to work on /home/airflow/.local/lib/python3.7/site-packages/airflow/example_dags/tutorial_dag.py
[2022-11-12T12:39:43.698+0000] {processor.py:758} INFO - Processing file /home/airflow/.local/lib/python3.7/site-packages/airflow/example_dags/tutorial_dag.py for tasks to queue
[2022-11-12T12:39:43.705+0000] {logging_mixin.py:117} INFO - [2022-11-12T12:39:43.704+0000] {dagbag.py:525} INFO - Filling up the DagBag from /home/airflow/.local/lib/python3.7/site-packages/airflow/example_dags/tutorial_dag.py
[2022-11-12T12:39:43.895+0000] {processor.py:768} INFO - DAG(s) dict_keys(['tutorial_dag']) retrieved from /home/airflow/.local/lib/python3.7/site-packages/airflow/example_dags/tutorial_dag.py
[2022-11-12T12:39:44.100+0000] {logging_mixin.py:117} INFO - [2022-11-12T12:39:44.099+0000] {dag.py:2573} INFO - Sync 1 DAGs
[2022-11-12T12:39:44.187+0000] {logging_mixin.py:117} INFO - [2022-11-12T12:39:44.187+0000] {dag.py:3328} INFO - Setting next_dagrun for tutorial_dag to None, run_after=None
[2022-11-12T12:39:44.267+0000] {processor.py:178} INFO - Processing /home/airflow/.local/lib/python3.7/site-packages/airflow/example_dags/tutorial_dag.py took 0.606 seconds
[2022-11-12T14:03:43.614+0000] {processor.py:156} INFO - Started process (PID=15336) to work on /home/airflow/.local/lib/python3.7/site-packages/airflow/example_dags/tutorial_dag.py
[2022-11-12T14:03:43.616+0000] {processor.py:758} INFO - Processing file /home/airflow/.local/lib/python3.7/site-packages/airflow/example_dags/tutorial_dag.py for tasks to queue
[2022-11-12T14:03:43.617+0000] {logging_mixin.py:117} INFO - [2022-11-12T14:03:43.617+0000] {dagbag.py:525} INFO - Filling up the DagBag from /home/airflow/.local/lib/python3.7/site-packages/airflow/example_dags/tutorial_dag.py
[2022-11-12T14:03:43.627+0000] {processor.py:768} INFO - DAG(s) dict_keys(['tutorial_dag']) retrieved from /home/airflow/.local/lib/python3.7/site-packages/airflow/example_dags/tutorial_dag.py
[2022-11-12T14:03:43.656+0000] {logging_mixin.py:117} INFO - [2022-11-12T14:03:43.656+0000] {dag.py:2573} INFO - Sync 1 DAGs
[2022-11-12T14:03:43.671+0000] {logging_mixin.py:117} INFO - [2022-11-12T14:03:43.671+0000] {dag.py:3328} INFO - Setting next_dagrun for tutorial_dag to None, run_after=None
[2022-11-12T14:03:43.683+0000] {processor.py:178} INFO - Processing /home/airflow/.local/lib/python3.7/site-packages/airflow/example_dags/tutorial_dag.py took 0.071 seconds
[2022-11-12T15:28:42.372+0000] {processor.py:156} INFO - Started process (PID=15401) to work on /home/airflow/.local/lib/python3.7/site-packages/airflow/example_dags/tutorial_dag.py
[2022-11-12T15:28:42.378+0000] {processor.py:758} INFO - Processing file /home/airflow/.local/lib/python3.7/site-packages/airflow/example_dags/tutorial_dag.py for tasks to queue
[2022-11-12T15:28:42.382+0000] {logging_mixin.py:117} INFO - [2022-11-12T15:28:42.382+0000] {dagbag.py:525} INFO - Filling up the DagBag from /home/airflow/.local/lib/python3.7/site-packages/airflow/example_dags/tutorial_dag.py
[2022-11-12T15:28:42.407+0000] {processor.py:768} INFO - DAG(s) dict_keys(['tutorial_dag']) retrieved from /home/airflow/.local/lib/python3.7/site-packages/airflow/example_dags/tutorial_dag.py
[2022-11-12T15:28:42.442+0000] {logging_mixin.py:117} INFO - [2022-11-12T15:28:42.442+0000] {dag.py:2573} INFO - Sync 1 DAGs
[2022-11-12T15:28:42.471+0000] {logging_mixin.py:117} INFO - [2022-11-12T15:28:42.471+0000] {dag.py:3328} INFO - Setting next_dagrun for tutorial_dag to None, run_after=None
[2022-11-12T15:28:42.488+0000] {processor.py:178} INFO - Processing /home/airflow/.local/lib/python3.7/site-packages/airflow/example_dags/tutorial_dag.py took 0.123 seconds
[2022-11-12T16:51:21.940+0000] {processor.py:156} INFO - Started process (PID=15466) to work on /home/airflow/.local/lib/python3.7/site-packages/airflow/example_dags/tutorial_dag.py
[2022-11-12T16:51:21.948+0000] {processor.py:758} INFO - Processing file /home/airflow/.local/lib/python3.7/site-packages/airflow/example_dags/tutorial_dag.py for tasks to queue
[2022-11-12T16:51:21.954+0000] {logging_mixin.py:117} INFO - [2022-11-12T16:51:21.954+0000] {dagbag.py:525} INFO - Filling up the DagBag from /home/airflow/.local/lib/python3.7/site-packages/airflow/example_dags/tutorial_dag.py
[2022-11-12T16:51:22.045+0000] {processor.py:768} INFO - DAG(s) dict_keys(['tutorial_dag']) retrieved from /home/airflow/.local/lib/python3.7/site-packages/airflow/example_dags/tutorial_dag.py
[2022-11-12T16:51:22.567+0000] {logging_mixin.py:117} INFO - [2022-11-12T16:51:22.560+0000] {dag.py:2573} INFO - Sync 1 DAGs
[2022-11-12T16:51:22.981+0000] {logging_mixin.py:117} INFO - [2022-11-12T16:51:22.976+0000] {dag.py:3328} INFO - Setting next_dagrun for tutorial_dag to None, run_after=None
[2022-11-12T16:51:23.209+0000] {processor.py:178} INFO - Processing /home/airflow/.local/lib/python3.7/site-packages/airflow/example_dags/tutorial_dag.py took 1.362 seconds
[2022-11-12T18:32:37.277+0000] {processor.py:156} INFO - Started process (PID=15521) to work on /home/airflow/.local/lib/python3.7/site-packages/airflow/example_dags/tutorial_dag.py
[2022-11-12T18:32:37.285+0000] {processor.py:758} INFO - Processing file /home/airflow/.local/lib/python3.7/site-packages/airflow/example_dags/tutorial_dag.py for tasks to queue
[2022-11-12T18:32:37.288+0000] {logging_mixin.py:117} INFO - [2022-11-12T18:32:37.288+0000] {dagbag.py:525} INFO - Filling up the DagBag from /home/airflow/.local/lib/python3.7/site-packages/airflow/example_dags/tutorial_dag.py
[2022-11-12T18:32:37.328+0000] {processor.py:768} INFO - DAG(s) dict_keys(['tutorial_dag']) retrieved from /home/airflow/.local/lib/python3.7/site-packages/airflow/example_dags/tutorial_dag.py
[2022-11-12T18:32:37.415+0000] {logging_mixin.py:117} INFO - [2022-11-12T18:32:37.414+0000] {dag.py:2573} INFO - Sync 1 DAGs
[2022-11-12T18:32:37.450+0000] {logging_mixin.py:117} INFO - [2022-11-12T18:32:37.450+0000] {dag.py:3328} INFO - Setting next_dagrun for tutorial_dag to None, run_after=None
[2022-11-12T18:32:37.490+0000] {processor.py:178} INFO - Processing /home/airflow/.local/lib/python3.7/site-packages/airflow/example_dags/tutorial_dag.py took 0.218 seconds
[2022-11-12T19:24:28.207+0000] {processor.py:156} INFO - Started process (PID=15577) to work on /home/airflow/.local/lib/python3.7/site-packages/airflow/example_dags/tutorial_dag.py
[2022-11-12T19:24:28.217+0000] {processor.py:758} INFO - Processing file /home/airflow/.local/lib/python3.7/site-packages/airflow/example_dags/tutorial_dag.py for tasks to queue
[2022-11-12T19:24:28.232+0000] {logging_mixin.py:117} INFO - [2022-11-12T19:24:28.232+0000] {dagbag.py:525} INFO - Filling up the DagBag from /home/airflow/.local/lib/python3.7/site-packages/airflow/example_dags/tutorial_dag.py
[2022-11-12T19:24:28.317+0000] {processor.py:768} INFO - DAG(s) dict_keys(['tutorial_dag']) retrieved from /home/airflow/.local/lib/python3.7/site-packages/airflow/example_dags/tutorial_dag.py
[2022-11-12T19:24:28.454+0000] {logging_mixin.py:117} INFO - [2022-11-12T19:24:28.453+0000] {dag.py:2573} INFO - Sync 1 DAGs
[2022-11-12T19:24:28.512+0000] {logging_mixin.py:117} INFO - [2022-11-12T19:24:28.511+0000] {dag.py:3328} INFO - Setting next_dagrun for tutorial_dag to None, run_after=None
[2022-11-12T19:24:28.562+0000] {processor.py:178} INFO - Processing /home/airflow/.local/lib/python3.7/site-packages/airflow/example_dags/tutorial_dag.py took 0.366 seconds
