[2022-11-12T00:30:50.090+0000] {processor.py:156} INFO - Started process (PID=14764) to work on /home/airflow/.local/lib/python3.7/site-packages/airflow/example_dags/tutorial_taskflow_api_virtualenv.py
[2022-11-12T00:30:50.092+0000] {processor.py:758} INFO - Processing file /home/airflow/.local/lib/python3.7/site-packages/airflow/example_dags/tutorial_taskflow_api_virtualenv.py for tasks to queue
[2022-11-12T00:30:50.093+0000] {logging_mixin.py:117} INFO - [2022-11-12T00:30:50.093+0000] {dagbag.py:525} INFO - Filling up the DagBag from /home/airflow/.local/lib/python3.7/site-packages/airflow/example_dags/tutorial_taskflow_api_virtualenv.py
[2022-11-12T00:30:50.116+0000] {processor.py:768} INFO - DAG(s) dict_keys(['tutorial_taskflow_api_virtualenv']) retrieved from /home/airflow/.local/lib/python3.7/site-packages/airflow/example_dags/tutorial_taskflow_api_virtualenv.py
[2022-11-12T00:30:50.161+0000] {logging_mixin.py:117} INFO - [2022-11-12T00:30:50.160+0000] {dag.py:2573} INFO - Sync 1 DAGs
[2022-11-12T00:30:50.184+0000] {logging_mixin.py:117} INFO - [2022-11-12T00:30:50.184+0000] {dag.py:3328} INFO - Setting next_dagrun for tutorial_taskflow_api_virtualenv to None, run_after=None
[2022-11-12T00:30:50.211+0000] {processor.py:178} INFO - Processing /home/airflow/.local/lib/python3.7/site-packages/airflow/example_dags/tutorial_taskflow_api_virtualenv.py took 0.128 seconds
[2022-11-12T01:50:13.008+0000] {processor.py:156} INFO - Started process (PID=14828) to work on /home/airflow/.local/lib/python3.7/site-packages/airflow/example_dags/tutorial_taskflow_api_virtualenv.py
[2022-11-12T01:50:13.013+0000] {processor.py:758} INFO - Processing file /home/airflow/.local/lib/python3.7/site-packages/airflow/example_dags/tutorial_taskflow_api_virtualenv.py for tasks to queue
[2022-11-12T01:50:13.018+0000] {logging_mixin.py:117} INFO - [2022-11-12T01:50:13.018+0000] {dagbag.py:525} INFO - Filling up the DagBag from /home/airflow/.local/lib/python3.7/site-packages/airflow/example_dags/tutorial_taskflow_api_virtualenv.py
[2022-11-12T01:50:13.067+0000] {processor.py:768} INFO - DAG(s) dict_keys(['tutorial_taskflow_api_virtualenv']) retrieved from /home/airflow/.local/lib/python3.7/site-packages/airflow/example_dags/tutorial_taskflow_api_virtualenv.py
[2022-11-12T01:50:13.461+0000] {logging_mixin.py:117} INFO - [2022-11-12T01:50:13.460+0000] {dag.py:2573} INFO - Sync 1 DAGs
[2022-11-12T01:50:13.518+0000] {logging_mixin.py:117} INFO - [2022-11-12T01:50:13.518+0000] {dag.py:3328} INFO - Setting next_dagrun for tutorial_taskflow_api_virtualenv to None, run_after=None
[2022-11-12T01:50:13.555+0000] {processor.py:178} INFO - Processing /home/airflow/.local/lib/python3.7/site-packages/airflow/example_dags/tutorial_taskflow_api_virtualenv.py took 0.553 seconds
[2022-11-12T03:17:10.644+0000] {processor.py:156} INFO - Started process (PID=14874) to work on /home/airflow/.local/lib/python3.7/site-packages/airflow/example_dags/tutorial_taskflow_api_virtualenv.py
[2022-11-12T03:17:10.648+0000] {processor.py:758} INFO - Processing file /home/airflow/.local/lib/python3.7/site-packages/airflow/example_dags/tutorial_taskflow_api_virtualenv.py for tasks to queue
[2022-11-12T03:17:10.650+0000] {logging_mixin.py:117} INFO - [2022-11-12T03:17:10.650+0000] {dagbag.py:525} INFO - Filling up the DagBag from /home/airflow/.local/lib/python3.7/site-packages/airflow/example_dags/tutorial_taskflow_api_virtualenv.py
[2022-11-12T03:17:10.712+0000] {processor.py:768} INFO - DAG(s) dict_keys(['tutorial_taskflow_api_virtualenv']) retrieved from /home/airflow/.local/lib/python3.7/site-packages/airflow/example_dags/tutorial_taskflow_api_virtualenv.py
[2022-11-12T03:17:10.782+0000] {logging_mixin.py:117} INFO - [2022-11-12T03:17:10.782+0000] {dag.py:2573} INFO - Sync 1 DAGs
[2022-11-12T03:17:10.833+0000] {logging_mixin.py:117} INFO - [2022-11-12T03:17:10.832+0000] {dag.py:3328} INFO - Setting next_dagrun for tutorial_taskflow_api_virtualenv to None, run_after=None
[2022-11-12T03:17:10.885+0000] {processor.py:178} INFO - Processing /home/airflow/.local/lib/python3.7/site-packages/airflow/example_dags/tutorial_taskflow_api_virtualenv.py took 0.258 seconds
[2022-11-12T04:38:57.309+0000] {processor.py:156} INFO - Started process (PID=14937) to work on /home/airflow/.local/lib/python3.7/site-packages/airflow/example_dags/tutorial_taskflow_api_virtualenv.py
[2022-11-12T04:38:57.311+0000] {processor.py:758} INFO - Processing file /home/airflow/.local/lib/python3.7/site-packages/airflow/example_dags/tutorial_taskflow_api_virtualenv.py for tasks to queue
[2022-11-12T04:38:57.313+0000] {logging_mixin.py:117} INFO - [2022-11-12T04:38:57.313+0000] {dagbag.py:525} INFO - Filling up the DagBag from /home/airflow/.local/lib/python3.7/site-packages/airflow/example_dags/tutorial_taskflow_api_virtualenv.py
[2022-11-12T04:38:57.362+0000] {processor.py:768} INFO - DAG(s) dict_keys(['tutorial_taskflow_api_virtualenv']) retrieved from /home/airflow/.local/lib/python3.7/site-packages/airflow/example_dags/tutorial_taskflow_api_virtualenv.py
[2022-11-12T04:38:57.456+0000] {logging_mixin.py:117} INFO - [2022-11-12T04:38:57.455+0000] {dag.py:2573} INFO - Sync 1 DAGs
[2022-11-12T04:38:57.483+0000] {logging_mixin.py:117} INFO - [2022-11-12T04:38:57.483+0000] {dag.py:3328} INFO - Setting next_dagrun for tutorial_taskflow_api_virtualenv to None, run_after=None
[2022-11-12T04:38:57.531+0000] {processor.py:178} INFO - Processing /home/airflow/.local/lib/python3.7/site-packages/airflow/example_dags/tutorial_taskflow_api_virtualenv.py took 0.227 seconds
[2022-11-12T06:17:43.406+0000] {processor.py:156} INFO - Started process (PID=14992) to work on /home/airflow/.local/lib/python3.7/site-packages/airflow/example_dags/tutorial_taskflow_api_virtualenv.py
[2022-11-12T06:17:43.421+0000] {processor.py:758} INFO - Processing file /home/airflow/.local/lib/python3.7/site-packages/airflow/example_dags/tutorial_taskflow_api_virtualenv.py for tasks to queue
[2022-11-12T06:17:43.437+0000] {logging_mixin.py:117} INFO - [2022-11-12T06:17:43.433+0000] {dagbag.py:525} INFO - Filling up the DagBag from /home/airflow/.local/lib/python3.7/site-packages/airflow/example_dags/tutorial_taskflow_api_virtualenv.py
[2022-11-12T06:17:43.540+0000] {processor.py:768} INFO - DAG(s) dict_keys(['tutorial_taskflow_api_virtualenv']) retrieved from /home/airflow/.local/lib/python3.7/site-packages/airflow/example_dags/tutorial_taskflow_api_virtualenv.py
[2022-11-12T06:17:44.005+0000] {logging_mixin.py:117} INFO - [2022-11-12T06:17:44.004+0000] {dag.py:2573} INFO - Sync 1 DAGs
[2022-11-12T06:17:44.075+0000] {logging_mixin.py:117} INFO - [2022-11-12T06:17:44.075+0000] {dag.py:3328} INFO - Setting next_dagrun for tutorial_taskflow_api_virtualenv to None, run_after=None
[2022-11-12T06:17:44.119+0000] {processor.py:178} INFO - Processing /home/airflow/.local/lib/python3.7/site-packages/airflow/example_dags/tutorial_taskflow_api_virtualenv.py took 0.727 seconds
[2022-11-12T07:26:46.505+0000] {processor.py:156} INFO - Started process (PID=15056) to work on /home/airflow/.local/lib/python3.7/site-packages/airflow/example_dags/tutorial_taskflow_api_virtualenv.py
[2022-11-12T07:26:46.508+0000] {processor.py:758} INFO - Processing file /home/airflow/.local/lib/python3.7/site-packages/airflow/example_dags/tutorial_taskflow_api_virtualenv.py for tasks to queue
[2022-11-12T07:26:46.511+0000] {logging_mixin.py:117} INFO - [2022-11-12T07:26:46.510+0000] {dagbag.py:525} INFO - Filling up the DagBag from /home/airflow/.local/lib/python3.7/site-packages/airflow/example_dags/tutorial_taskflow_api_virtualenv.py
[2022-11-12T07:26:46.573+0000] {processor.py:768} INFO - DAG(s) dict_keys(['tutorial_taskflow_api_virtualenv']) retrieved from /home/airflow/.local/lib/python3.7/site-packages/airflow/example_dags/tutorial_taskflow_api_virtualenv.py
[2022-11-12T07:26:46.686+0000] {logging_mixin.py:117} INFO - [2022-11-12T07:26:46.685+0000] {dag.py:2573} INFO - Sync 1 DAGs
[2022-11-12T07:26:46.757+0000] {logging_mixin.py:117} INFO - [2022-11-12T07:26:46.756+0000] {dag.py:3328} INFO - Setting next_dagrun for tutorial_taskflow_api_virtualenv to None, run_after=None
[2022-11-12T07:26:46.817+0000] {processor.py:178} INFO - Processing /home/airflow/.local/lib/python3.7/site-packages/airflow/example_dags/tutorial_taskflow_api_virtualenv.py took 0.319 seconds
[2022-11-12T08:48:55.387+0000] {processor.py:156} INFO - Started process (PID=15118) to work on /home/airflow/.local/lib/python3.7/site-packages/airflow/example_dags/tutorial_taskflow_api_virtualenv.py
[2022-11-12T08:48:55.393+0000] {processor.py:758} INFO - Processing file /home/airflow/.local/lib/python3.7/site-packages/airflow/example_dags/tutorial_taskflow_api_virtualenv.py for tasks to queue
[2022-11-12T08:48:55.397+0000] {logging_mixin.py:117} INFO - [2022-11-12T08:48:55.397+0000] {dagbag.py:525} INFO - Filling up the DagBag from /home/airflow/.local/lib/python3.7/site-packages/airflow/example_dags/tutorial_taskflow_api_virtualenv.py
[2022-11-12T08:48:55.558+0000] {processor.py:768} INFO - DAG(s) dict_keys(['tutorial_taskflow_api_virtualenv']) retrieved from /home/airflow/.local/lib/python3.7/site-packages/airflow/example_dags/tutorial_taskflow_api_virtualenv.py
[2022-11-12T08:48:55.786+0000] {logging_mixin.py:117} INFO - [2022-11-12T08:48:55.785+0000] {dag.py:2573} INFO - Sync 1 DAGs
[2022-11-12T08:48:55.840+0000] {logging_mixin.py:117} INFO - [2022-11-12T08:48:55.840+0000] {dag.py:3328} INFO - Setting next_dagrun for tutorial_taskflow_api_virtualenv to None, run_after=None
[2022-11-12T08:48:55.904+0000] {processor.py:178} INFO - Processing /home/airflow/.local/lib/python3.7/site-packages/airflow/example_dags/tutorial_taskflow_api_virtualenv.py took 0.532 seconds
[2022-11-12T09:40:06.235+0000] {processor.py:156} INFO - Started process (PID=15173) to work on /home/airflow/.local/lib/python3.7/site-packages/airflow/example_dags/tutorial_taskflow_api_virtualenv.py
[2022-11-12T09:40:06.239+0000] {processor.py:758} INFO - Processing file /home/airflow/.local/lib/python3.7/site-packages/airflow/example_dags/tutorial_taskflow_api_virtualenv.py for tasks to queue
[2022-11-12T09:40:06.248+0000] {logging_mixin.py:117} INFO - [2022-11-12T09:40:06.247+0000] {dagbag.py:525} INFO - Filling up the DagBag from /home/airflow/.local/lib/python3.7/site-packages/airflow/example_dags/tutorial_taskflow_api_virtualenv.py
[2022-11-12T09:40:06.533+0000] {processor.py:768} INFO - DAG(s) dict_keys(['tutorial_taskflow_api_virtualenv']) retrieved from /home/airflow/.local/lib/python3.7/site-packages/airflow/example_dags/tutorial_taskflow_api_virtualenv.py
[2022-11-12T09:40:07.128+0000] {logging_mixin.py:117} INFO - [2022-11-12T09:40:07.128+0000] {dag.py:2573} INFO - Sync 1 DAGs
[2022-11-12T09:40:07.309+0000] {logging_mixin.py:117} INFO - [2022-11-12T09:40:07.309+0000] {dag.py:3328} INFO - Setting next_dagrun for tutorial_taskflow_api_virtualenv to None, run_after=None
[2022-11-12T09:40:07.368+0000] {processor.py:178} INFO - Processing /home/airflow/.local/lib/python3.7/site-packages/airflow/example_dags/tutorial_taskflow_api_virtualenv.py took 1.137 seconds
[2022-11-12T11:02:42.051+0000] {processor.py:156} INFO - Started process (PID=15228) to work on /home/airflow/.local/lib/python3.7/site-packages/airflow/example_dags/tutorial_taskflow_api_virtualenv.py
[2022-11-12T11:02:42.054+0000] {processor.py:758} INFO - Processing file /home/airflow/.local/lib/python3.7/site-packages/airflow/example_dags/tutorial_taskflow_api_virtualenv.py for tasks to queue
[2022-11-12T11:02:42.058+0000] {logging_mixin.py:117} INFO - [2022-11-12T11:02:42.057+0000] {dagbag.py:525} INFO - Filling up the DagBag from /home/airflow/.local/lib/python3.7/site-packages/airflow/example_dags/tutorial_taskflow_api_virtualenv.py
[2022-11-12T11:02:42.097+0000] {processor.py:768} INFO - DAG(s) dict_keys(['tutorial_taskflow_api_virtualenv']) retrieved from /home/airflow/.local/lib/python3.7/site-packages/airflow/example_dags/tutorial_taskflow_api_virtualenv.py
[2022-11-12T11:02:42.169+0000] {logging_mixin.py:117} INFO - [2022-11-12T11:02:42.169+0000] {dag.py:2573} INFO - Sync 1 DAGs
[2022-11-12T11:02:42.251+0000] {logging_mixin.py:117} INFO - [2022-11-12T11:02:42.251+0000] {dag.py:3328} INFO - Setting next_dagrun for tutorial_taskflow_api_virtualenv to None, run_after=None
[2022-11-12T11:02:42.291+0000] {processor.py:178} INFO - Processing /home/airflow/.local/lib/python3.7/site-packages/airflow/example_dags/tutorial_taskflow_api_virtualenv.py took 0.245 seconds
[2022-11-12T12:39:44.436+0000] {processor.py:156} INFO - Started process (PID=15283) to work on /home/airflow/.local/lib/python3.7/site-packages/airflow/example_dags/tutorial_taskflow_api_virtualenv.py
[2022-11-12T12:39:44.440+0000] {processor.py:758} INFO - Processing file /home/airflow/.local/lib/python3.7/site-packages/airflow/example_dags/tutorial_taskflow_api_virtualenv.py for tasks to queue
[2022-11-12T12:39:44.443+0000] {logging_mixin.py:117} INFO - [2022-11-12T12:39:44.443+0000] {dagbag.py:525} INFO - Filling up the DagBag from /home/airflow/.local/lib/python3.7/site-packages/airflow/example_dags/tutorial_taskflow_api_virtualenv.py
[2022-11-12T12:39:44.525+0000] {processor.py:768} INFO - DAG(s) dict_keys(['tutorial_taskflow_api_virtualenv']) retrieved from /home/airflow/.local/lib/python3.7/site-packages/airflow/example_dags/tutorial_taskflow_api_virtualenv.py
[2022-11-12T12:39:44.631+0000] {logging_mixin.py:117} INFO - [2022-11-12T12:39:44.631+0000] {dag.py:2573} INFO - Sync 1 DAGs
[2022-11-12T12:39:44.679+0000] {logging_mixin.py:117} INFO - [2022-11-12T12:39:44.679+0000] {dag.py:3328} INFO - Setting next_dagrun for tutorial_taskflow_api_virtualenv to None, run_after=None
[2022-11-12T12:39:44.725+0000] {processor.py:178} INFO - Processing /home/airflow/.local/lib/python3.7/site-packages/airflow/example_dags/tutorial_taskflow_api_virtualenv.py took 0.300 seconds
[2022-11-12T14:03:43.705+0000] {processor.py:156} INFO - Started process (PID=15337) to work on /home/airflow/.local/lib/python3.7/site-packages/airflow/example_dags/tutorial_taskflow_api_virtualenv.py
[2022-11-12T14:03:43.706+0000] {processor.py:758} INFO - Processing file /home/airflow/.local/lib/python3.7/site-packages/airflow/example_dags/tutorial_taskflow_api_virtualenv.py for tasks to queue
[2022-11-12T14:03:43.707+0000] {logging_mixin.py:117} INFO - [2022-11-12T14:03:43.707+0000] {dagbag.py:525} INFO - Filling up the DagBag from /home/airflow/.local/lib/python3.7/site-packages/airflow/example_dags/tutorial_taskflow_api_virtualenv.py
[2022-11-12T14:03:43.721+0000] {processor.py:768} INFO - DAG(s) dict_keys(['tutorial_taskflow_api_virtualenv']) retrieved from /home/airflow/.local/lib/python3.7/site-packages/airflow/example_dags/tutorial_taskflow_api_virtualenv.py
[2022-11-12T14:03:43.748+0000] {logging_mixin.py:117} INFO - [2022-11-12T14:03:43.748+0000] {dag.py:2573} INFO - Sync 1 DAGs
[2022-11-12T14:03:43.768+0000] {logging_mixin.py:117} INFO - [2022-11-12T14:03:43.768+0000] {dag.py:3328} INFO - Setting next_dagrun for tutorial_taskflow_api_virtualenv to None, run_after=None
[2022-11-12T14:03:43.779+0000] {processor.py:178} INFO - Processing /home/airflow/.local/lib/python3.7/site-packages/airflow/example_dags/tutorial_taskflow_api_virtualenv.py took 0.076 seconds
[2022-11-12T15:28:42.536+0000] {processor.py:156} INFO - Started process (PID=15402) to work on /home/airflow/.local/lib/python3.7/site-packages/airflow/example_dags/tutorial_taskflow_api_virtualenv.py
[2022-11-12T15:28:42.540+0000] {processor.py:758} INFO - Processing file /home/airflow/.local/lib/python3.7/site-packages/airflow/example_dags/tutorial_taskflow_api_virtualenv.py for tasks to queue
[2022-11-12T15:28:42.542+0000] {logging_mixin.py:117} INFO - [2022-11-12T15:28:42.542+0000] {dagbag.py:525} INFO - Filling up the DagBag from /home/airflow/.local/lib/python3.7/site-packages/airflow/example_dags/tutorial_taskflow_api_virtualenv.py
[2022-11-12T15:28:42.575+0000] {processor.py:768} INFO - DAG(s) dict_keys(['tutorial_taskflow_api_virtualenv']) retrieved from /home/airflow/.local/lib/python3.7/site-packages/airflow/example_dags/tutorial_taskflow_api_virtualenv.py
[2022-11-12T15:28:42.647+0000] {logging_mixin.py:117} INFO - [2022-11-12T15:28:42.647+0000] {dag.py:2573} INFO - Sync 1 DAGs
[2022-11-12T15:28:42.710+0000] {logging_mixin.py:117} INFO - [2022-11-12T15:28:42.709+0000] {dag.py:3328} INFO - Setting next_dagrun for tutorial_taskflow_api_virtualenv to None, run_after=None
[2022-11-12T15:28:42.731+0000] {processor.py:178} INFO - Processing /home/airflow/.local/lib/python3.7/site-packages/airflow/example_dags/tutorial_taskflow_api_virtualenv.py took 0.199 seconds
[2022-11-12T16:51:23.624+0000] {processor.py:156} INFO - Started process (PID=15467) to work on /home/airflow/.local/lib/python3.7/site-packages/airflow/example_dags/tutorial_taskflow_api_virtualenv.py
[2022-11-12T16:51:23.638+0000] {processor.py:758} INFO - Processing file /home/airflow/.local/lib/python3.7/site-packages/airflow/example_dags/tutorial_taskflow_api_virtualenv.py for tasks to queue
[2022-11-12T16:51:23.641+0000] {logging_mixin.py:117} INFO - [2022-11-12T16:51:23.641+0000] {dagbag.py:525} INFO - Filling up the DagBag from /home/airflow/.local/lib/python3.7/site-packages/airflow/example_dags/tutorial_taskflow_api_virtualenv.py
[2022-11-12T16:51:23.786+0000] {processor.py:768} INFO - DAG(s) dict_keys(['tutorial_taskflow_api_virtualenv']) retrieved from /home/airflow/.local/lib/python3.7/site-packages/airflow/example_dags/tutorial_taskflow_api_virtualenv.py
[2022-11-12T16:51:24.092+0000] {logging_mixin.py:117} INFO - [2022-11-12T16:51:24.089+0000] {dag.py:2573} INFO - Sync 1 DAGs
[2022-11-12T16:51:24.195+0000] {logging_mixin.py:117} INFO - [2022-11-12T16:51:24.195+0000] {dag.py:3328} INFO - Setting next_dagrun for tutorial_taskflow_api_virtualenv to None, run_after=None
[2022-11-12T16:51:24.259+0000] {processor.py:178} INFO - Processing /home/airflow/.local/lib/python3.7/site-packages/airflow/example_dags/tutorial_taskflow_api_virtualenv.py took 0.747 seconds
[2022-11-12T18:32:37.294+0000] {processor.py:156} INFO - Started process (PID=15522) to work on /home/airflow/.local/lib/python3.7/site-packages/airflow/example_dags/tutorial_taskflow_api_virtualenv.py
[2022-11-12T18:32:37.307+0000] {processor.py:758} INFO - Processing file /home/airflow/.local/lib/python3.7/site-packages/airflow/example_dags/tutorial_taskflow_api_virtualenv.py for tasks to queue
[2022-11-12T18:32:37.310+0000] {logging_mixin.py:117} INFO - [2022-11-12T18:32:37.310+0000] {dagbag.py:525} INFO - Filling up the DagBag from /home/airflow/.local/lib/python3.7/site-packages/airflow/example_dags/tutorial_taskflow_api_virtualenv.py
[2022-11-12T18:32:37.360+0000] {processor.py:768} INFO - DAG(s) dict_keys(['tutorial_taskflow_api_virtualenv']) retrieved from /home/airflow/.local/lib/python3.7/site-packages/airflow/example_dags/tutorial_taskflow_api_virtualenv.py
[2022-11-12T18:32:37.434+0000] {logging_mixin.py:117} INFO - [2022-11-12T18:32:37.434+0000] {dag.py:2573} INFO - Sync 1 DAGs
[2022-11-12T18:32:37.474+0000] {logging_mixin.py:117} INFO - [2022-11-12T18:32:37.474+0000] {dag.py:3328} INFO - Setting next_dagrun for tutorial_taskflow_api_virtualenv to None, run_after=None
[2022-11-12T18:32:37.517+0000] {processor.py:178} INFO - Processing /home/airflow/.local/lib/python3.7/site-packages/airflow/example_dags/tutorial_taskflow_api_virtualenv.py took 0.225 seconds
[2022-11-12T19:24:28.625+0000] {processor.py:156} INFO - Started process (PID=15578) to work on /home/airflow/.local/lib/python3.7/site-packages/airflow/example_dags/tutorial_taskflow_api_virtualenv.py
[2022-11-12T19:24:28.628+0000] {processor.py:758} INFO - Processing file /home/airflow/.local/lib/python3.7/site-packages/airflow/example_dags/tutorial_taskflow_api_virtualenv.py for tasks to queue
[2022-11-12T19:24:28.631+0000] {logging_mixin.py:117} INFO - [2022-11-12T19:24:28.631+0000] {dagbag.py:525} INFO - Filling up the DagBag from /home/airflow/.local/lib/python3.7/site-packages/airflow/example_dags/tutorial_taskflow_api_virtualenv.py
[2022-11-12T19:24:28.677+0000] {processor.py:768} INFO - DAG(s) dict_keys(['tutorial_taskflow_api_virtualenv']) retrieved from /home/airflow/.local/lib/python3.7/site-packages/airflow/example_dags/tutorial_taskflow_api_virtualenv.py
[2022-11-12T19:24:28.792+0000] {logging_mixin.py:117} INFO - [2022-11-12T19:24:28.792+0000] {dag.py:2573} INFO - Sync 1 DAGs
[2022-11-12T19:24:28.845+0000] {logging_mixin.py:117} INFO - [2022-11-12T19:24:28.845+0000] {dag.py:3328} INFO - Setting next_dagrun for tutorial_taskflow_api_virtualenv to None, run_after=None
[2022-11-12T19:24:28.940+0000] {processor.py:178} INFO - Processing /home/airflow/.local/lib/python3.7/site-packages/airflow/example_dags/tutorial_taskflow_api_virtualenv.py took 0.320 seconds
