[2022-11-07T21:35:28.085+0000] {processor.py:156} INFO - Started process (PID=35) to work on /opt/airflow/dags/espn_pipeline.py
[2022-11-07T21:35:28.089+0000] {processor.py:758} INFO - Processing file /opt/airflow/dags/espn_pipeline.py for tasks to queue
[2022-11-07T21:35:28.094+0000] {logging_mixin.py:117} INFO - [2022-11-07T21:35:28.094+0000] {dagbag.py:525} INFO - Filling up the DagBag from /opt/airflow/dags/espn_pipeline.py
[2022-11-07T21:35:29.323+0000] {processor.py:768} INFO - DAG(s) dict_keys(['espn_pipeline']) retrieved from /opt/airflow/dags/espn_pipeline.py
[2022-11-07T21:35:29.670+0000] {logging_mixin.py:117} INFO - [2022-11-07T21:35:29.670+0000] {manager.py:508} INFO - Created Permission View: can delete on DAG:espn_pipeline
[2022-11-07T21:35:29.693+0000] {logging_mixin.py:117} INFO - [2022-11-07T21:35:29.693+0000] {manager.py:508} INFO - Created Permission View: can read on DAG:espn_pipeline
[2022-11-07T21:35:29.705+0000] {logging_mixin.py:117} INFO - [2022-11-07T21:35:29.705+0000] {manager.py:508} INFO - Created Permission View: can edit on DAG:espn_pipeline
[2022-11-07T21:35:29.707+0000] {logging_mixin.py:117} INFO - [2022-11-07T21:35:29.706+0000] {dag.py:2573} INFO - Sync 1 DAGs
[2022-11-07T21:35:29.729+0000] {logging_mixin.py:117} INFO - [2022-11-07T21:35:29.729+0000] {dag.py:2594} INFO - Creating ORM DAG for espn_pipeline
[2022-11-07T21:35:29.748+0000] {logging_mixin.py:117} INFO - [2022-11-07T21:35:29.748+0000] {dag.py:3328} INFO - Setting next_dagrun for espn_pipeline to 2022-08-07T00:00:00+00:00, run_after=2022-08-14T00:00:00+00:00
[2022-11-07T21:35:29.790+0000] {processor.py:178} INFO - Processing /opt/airflow/dags/espn_pipeline.py took 1.721 seconds
[2022-11-07T21:36:00.786+0000] {processor.py:156} INFO - Started process (PID=101) to work on /opt/airflow/dags/espn_pipeline.py
[2022-11-07T21:36:00.788+0000] {processor.py:758} INFO - Processing file /opt/airflow/dags/espn_pipeline.py for tasks to queue
[2022-11-07T21:36:00.790+0000] {logging_mixin.py:117} INFO - [2022-11-07T21:36:00.790+0000] {dagbag.py:525} INFO - Filling up the DagBag from /opt/airflow/dags/espn_pipeline.py
[2022-11-07T21:36:00.875+0000] {processor.py:768} INFO - DAG(s) dict_keys(['espn_pipeline']) retrieved from /opt/airflow/dags/espn_pipeline.py
[2022-11-07T21:36:00.907+0000] {logging_mixin.py:117} INFO - [2022-11-07T21:36:00.907+0000] {dag.py:2573} INFO - Sync 1 DAGs
[2022-11-07T21:36:00.926+0000] {logging_mixin.py:117} INFO - [2022-11-07T21:36:00.926+0000] {dag.py:3328} INFO - Setting next_dagrun for espn_pipeline to 2022-08-07T00:00:00+00:00, run_after=2022-08-14T00:00:00+00:00
[2022-11-07T21:36:00.940+0000] {processor.py:178} INFO - Processing /opt/airflow/dags/espn_pipeline.py took 0.158 seconds
[2022-11-07T21:36:52.430+0000] {processor.py:156} INFO - Started process (PID=34) to work on /opt/airflow/dags/espn_pipeline.py
[2022-11-07T21:36:52.432+0000] {processor.py:758} INFO - Processing file /opt/airflow/dags/espn_pipeline.py for tasks to queue
[2022-11-07T21:36:52.433+0000] {logging_mixin.py:117} INFO - [2022-11-07T21:36:52.433+0000] {dagbag.py:525} INFO - Filling up the DagBag from /opt/airflow/dags/espn_pipeline.py
[2022-11-07T21:36:52.792+0000] {processor.py:768} INFO - DAG(s) dict_keys(['espn_pipeline']) retrieved from /opt/airflow/dags/espn_pipeline.py
[2022-11-07T21:36:52.855+0000] {logging_mixin.py:117} INFO - [2022-11-07T21:36:52.855+0000] {dag.py:2573} INFO - Sync 1 DAGs
[2022-11-07T21:36:52.882+0000] {logging_mixin.py:117} INFO - [2022-11-07T21:36:52.882+0000] {dag.py:3328} INFO - Setting next_dagrun for espn_pipeline to 2022-08-07T00:00:00+00:00, run_after=2022-08-14T00:00:00+00:00
[2022-11-07T21:36:52.903+0000] {processor.py:178} INFO - Processing /opt/airflow/dags/espn_pipeline.py took 0.481 seconds
[2022-11-07T21:37:23.813+0000] {processor.py:156} INFO - Started process (PID=98) to work on /opt/airflow/dags/espn_pipeline.py
[2022-11-07T21:37:23.824+0000] {processor.py:758} INFO - Processing file /opt/airflow/dags/espn_pipeline.py for tasks to queue
[2022-11-07T21:37:23.825+0000] {logging_mixin.py:117} INFO - [2022-11-07T21:37:23.825+0000] {dagbag.py:525} INFO - Filling up the DagBag from /opt/airflow/dags/espn_pipeline.py
[2022-11-07T21:37:23.910+0000] {processor.py:768} INFO - DAG(s) dict_keys(['espn_pipeline']) retrieved from /opt/airflow/dags/espn_pipeline.py
[2022-11-07T21:37:23.940+0000] {logging_mixin.py:117} INFO - [2022-11-07T21:37:23.940+0000] {dag.py:2573} INFO - Sync 1 DAGs
[2022-11-07T21:37:23.956+0000] {logging_mixin.py:117} INFO - [2022-11-07T21:37:23.956+0000] {dag.py:3328} INFO - Setting next_dagrun for espn_pipeline to 2022-08-07T00:00:00+00:00, run_after=2022-08-14T00:00:00+00:00
[2022-11-07T21:37:23.968+0000] {processor.py:178} INFO - Processing /opt/airflow/dags/espn_pipeline.py took 0.159 seconds
[2022-11-07T21:37:54.126+0000] {processor.py:156} INFO - Started process (PID=164) to work on /opt/airflow/dags/espn_pipeline.py
[2022-11-07T21:37:54.129+0000] {processor.py:758} INFO - Processing file /opt/airflow/dags/espn_pipeline.py for tasks to queue
[2022-11-07T21:37:54.131+0000] {logging_mixin.py:117} INFO - [2022-11-07T21:37:54.131+0000] {dagbag.py:525} INFO - Filling up the DagBag from /opt/airflow/dags/espn_pipeline.py
[2022-11-07T21:37:54.274+0000] {processor.py:768} INFO - DAG(s) dict_keys(['espn_pipeline']) retrieved from /opt/airflow/dags/espn_pipeline.py
[2022-11-07T21:37:54.327+0000] {logging_mixin.py:117} INFO - [2022-11-07T21:37:54.327+0000] {dag.py:2573} INFO - Sync 1 DAGs
[2022-11-07T21:37:54.370+0000] {logging_mixin.py:117} INFO - [2022-11-07T21:37:54.370+0000] {dag.py:3328} INFO - Setting next_dagrun for espn_pipeline to 2022-08-07T00:00:00+00:00, run_after=2022-08-14T00:00:00+00:00
[2022-11-07T21:37:54.412+0000] {processor.py:178} INFO - Processing /opt/airflow/dags/espn_pipeline.py took 0.295 seconds
[2022-11-07T21:38:25.065+0000] {processor.py:156} INFO - Started process (PID=229) to work on /opt/airflow/dags/espn_pipeline.py
[2022-11-07T21:38:25.067+0000] {processor.py:758} INFO - Processing file /opt/airflow/dags/espn_pipeline.py for tasks to queue
[2022-11-07T21:38:25.068+0000] {logging_mixin.py:117} INFO - [2022-11-07T21:38:25.068+0000] {dagbag.py:525} INFO - Filling up the DagBag from /opt/airflow/dags/espn_pipeline.py
[2022-11-07T21:38:25.135+0000] {processor.py:768} INFO - DAG(s) dict_keys(['espn_pipeline']) retrieved from /opt/airflow/dags/espn_pipeline.py
[2022-11-07T21:38:25.158+0000] {logging_mixin.py:117} INFO - [2022-11-07T21:38:25.158+0000] {dag.py:2573} INFO - Sync 1 DAGs
[2022-11-07T21:38:25.173+0000] {logging_mixin.py:117} INFO - [2022-11-07T21:38:25.173+0000] {dag.py:3328} INFO - Setting next_dagrun for espn_pipeline to 2022-08-07T00:00:00+00:00, run_after=2022-08-14T00:00:00+00:00
[2022-11-07T21:38:25.185+0000] {processor.py:178} INFO - Processing /opt/airflow/dags/espn_pipeline.py took 0.122 seconds
[2022-11-07T21:38:55.375+0000] {processor.py:156} INFO - Started process (PID=283) to work on /opt/airflow/dags/espn_pipeline.py
[2022-11-07T21:38:55.377+0000] {processor.py:758} INFO - Processing file /opt/airflow/dags/espn_pipeline.py for tasks to queue
[2022-11-07T21:38:55.378+0000] {logging_mixin.py:117} INFO - [2022-11-07T21:38:55.378+0000] {dagbag.py:525} INFO - Filling up the DagBag from /opt/airflow/dags/espn_pipeline.py
[2022-11-07T21:38:55.455+0000] {processor.py:768} INFO - DAG(s) dict_keys(['espn_pipeline']) retrieved from /opt/airflow/dags/espn_pipeline.py
[2022-11-07T21:38:55.481+0000] {logging_mixin.py:117} INFO - [2022-11-07T21:38:55.481+0000] {dag.py:2573} INFO - Sync 1 DAGs
[2022-11-07T21:38:55.501+0000] {logging_mixin.py:117} INFO - [2022-11-07T21:38:55.501+0000] {dag.py:3328} INFO - Setting next_dagrun for espn_pipeline to 2022-08-07T00:00:00+00:00, run_after=2022-08-14T00:00:00+00:00
[2022-11-07T21:38:55.512+0000] {processor.py:178} INFO - Processing /opt/airflow/dags/espn_pipeline.py took 0.142 seconds
[2022-11-07T21:39:25.758+0000] {processor.py:156} INFO - Started process (PID=347) to work on /opt/airflow/dags/espn_pipeline.py
[2022-11-07T21:39:25.760+0000] {processor.py:758} INFO - Processing file /opt/airflow/dags/espn_pipeline.py for tasks to queue
[2022-11-07T21:39:25.762+0000] {logging_mixin.py:117} INFO - [2022-11-07T21:39:25.762+0000] {dagbag.py:525} INFO - Filling up the DagBag from /opt/airflow/dags/espn_pipeline.py
[2022-11-07T21:39:25.822+0000] {processor.py:768} INFO - DAG(s) dict_keys(['espn_pipeline']) retrieved from /opt/airflow/dags/espn_pipeline.py
[2022-11-07T21:39:25.847+0000] {logging_mixin.py:117} INFO - [2022-11-07T21:39:25.847+0000] {dag.py:2573} INFO - Sync 1 DAGs
[2022-11-07T21:39:25.862+0000] {logging_mixin.py:117} INFO - [2022-11-07T21:39:25.861+0000] {dag.py:3328} INFO - Setting next_dagrun for espn_pipeline to 2022-08-07T00:00:00+00:00, run_after=2022-08-14T00:00:00+00:00
[2022-11-07T21:39:25.871+0000] {processor.py:178} INFO - Processing /opt/airflow/dags/espn_pipeline.py took 0.117 seconds
[2022-11-07T21:39:56.918+0000] {processor.py:156} INFO - Started process (PID=412) to work on /opt/airflow/dags/espn_pipeline.py
[2022-11-07T21:39:56.920+0000] {processor.py:758} INFO - Processing file /opt/airflow/dags/espn_pipeline.py for tasks to queue
[2022-11-07T21:39:56.921+0000] {logging_mixin.py:117} INFO - [2022-11-07T21:39:56.921+0000] {dagbag.py:525} INFO - Filling up the DagBag from /opt/airflow/dags/espn_pipeline.py
[2022-11-07T21:39:56.995+0000] {processor.py:768} INFO - DAG(s) dict_keys(['espn_pipeline']) retrieved from /opt/airflow/dags/espn_pipeline.py
[2022-11-07T21:39:57.022+0000] {logging_mixin.py:117} INFO - [2022-11-07T21:39:57.022+0000] {dag.py:2573} INFO - Sync 1 DAGs
[2022-11-07T21:39:57.038+0000] {logging_mixin.py:117} INFO - [2022-11-07T21:39:57.038+0000] {dag.py:3328} INFO - Setting next_dagrun for espn_pipeline to 2022-08-07T00:00:00+00:00, run_after=2022-08-14T00:00:00+00:00
[2022-11-07T21:39:57.051+0000] {processor.py:178} INFO - Processing /opt/airflow/dags/espn_pipeline.py took 0.138 seconds
[2022-11-07T21:40:27.160+0000] {processor.py:156} INFO - Started process (PID=476) to work on /opt/airflow/dags/espn_pipeline.py
[2022-11-07T21:40:27.162+0000] {processor.py:758} INFO - Processing file /opt/airflow/dags/espn_pipeline.py for tasks to queue
[2022-11-07T21:40:27.165+0000] {logging_mixin.py:117} INFO - [2022-11-07T21:40:27.165+0000] {dagbag.py:525} INFO - Filling up the DagBag from /opt/airflow/dags/espn_pipeline.py
[2022-11-07T21:40:27.238+0000] {processor.py:768} INFO - DAG(s) dict_keys(['espn_pipeline']) retrieved from /opt/airflow/dags/espn_pipeline.py
[2022-11-07T21:40:27.262+0000] {logging_mixin.py:117} INFO - [2022-11-07T21:40:27.262+0000] {dag.py:2573} INFO - Sync 1 DAGs
[2022-11-07T21:40:27.276+0000] {logging_mixin.py:117} INFO - [2022-11-07T21:40:27.276+0000] {dag.py:3328} INFO - Setting next_dagrun for espn_pipeline to 2022-08-07T00:00:00+00:00, run_after=2022-08-14T00:00:00+00:00
[2022-11-07T21:40:27.287+0000] {processor.py:178} INFO - Processing /opt/airflow/dags/espn_pipeline.py took 0.132 seconds
[2022-11-07T21:40:57.359+0000] {processor.py:156} INFO - Started process (PID=540) to work on /opt/airflow/dags/espn_pipeline.py
[2022-11-07T21:40:57.361+0000] {processor.py:758} INFO - Processing file /opt/airflow/dags/espn_pipeline.py for tasks to queue
[2022-11-07T21:40:57.362+0000] {logging_mixin.py:117} INFO - [2022-11-07T21:40:57.362+0000] {dagbag.py:525} INFO - Filling up the DagBag from /opt/airflow/dags/espn_pipeline.py
[2022-11-07T21:40:57.433+0000] {processor.py:768} INFO - DAG(s) dict_keys(['espn_pipeline']) retrieved from /opt/airflow/dags/espn_pipeline.py
[2022-11-07T21:40:57.457+0000] {logging_mixin.py:117} INFO - [2022-11-07T21:40:57.457+0000] {dag.py:2573} INFO - Sync 1 DAGs
[2022-11-07T21:40:57.474+0000] {logging_mixin.py:117} INFO - [2022-11-07T21:40:57.473+0000] {dag.py:3328} INFO - Setting next_dagrun for espn_pipeline to 2022-08-07T00:00:00+00:00, run_after=2022-08-14T00:00:00+00:00
[2022-11-07T21:40:57.485+0000] {processor.py:178} INFO - Processing /opt/airflow/dags/espn_pipeline.py took 0.131 seconds
[2022-11-07T21:41:28.498+0000] {processor.py:156} INFO - Started process (PID=604) to work on /opt/airflow/dags/espn_pipeline.py
[2022-11-07T21:41:28.500+0000] {processor.py:758} INFO - Processing file /opt/airflow/dags/espn_pipeline.py for tasks to queue
[2022-11-07T21:41:28.503+0000] {logging_mixin.py:117} INFO - [2022-11-07T21:41:28.503+0000] {dagbag.py:525} INFO - Filling up the DagBag from /opt/airflow/dags/espn_pipeline.py
[2022-11-07T21:41:28.629+0000] {processor.py:768} INFO - DAG(s) dict_keys(['espn_pipeline']) retrieved from /opt/airflow/dags/espn_pipeline.py
[2022-11-07T21:41:28.689+0000] {logging_mixin.py:117} INFO - [2022-11-07T21:41:28.689+0000] {dag.py:2573} INFO - Sync 1 DAGs
[2022-11-07T21:41:28.726+0000] {logging_mixin.py:117} INFO - [2022-11-07T21:41:28.726+0000] {dag.py:3328} INFO - Setting next_dagrun for espn_pipeline to 2022-08-07T00:00:00+00:00, run_after=2022-08-14T00:00:00+00:00
[2022-11-07T21:41:28.751+0000] {processor.py:178} INFO - Processing /opt/airflow/dags/espn_pipeline.py took 0.257 seconds
[2022-11-07T21:41:58.980+0000] {processor.py:156} INFO - Started process (PID=659) to work on /opt/airflow/dags/espn_pipeline.py
[2022-11-07T21:41:58.982+0000] {processor.py:758} INFO - Processing file /opt/airflow/dags/espn_pipeline.py for tasks to queue
[2022-11-07T21:41:58.984+0000] {logging_mixin.py:117} INFO - [2022-11-07T21:41:58.984+0000] {dagbag.py:525} INFO - Filling up the DagBag from /opt/airflow/dags/espn_pipeline.py
[2022-11-07T21:41:59.051+0000] {processor.py:768} INFO - DAG(s) dict_keys(['espn_pipeline']) retrieved from /opt/airflow/dags/espn_pipeline.py
[2022-11-07T21:41:59.074+0000] {logging_mixin.py:117} INFO - [2022-11-07T21:41:59.074+0000] {dag.py:2573} INFO - Sync 1 DAGs
[2022-11-07T21:41:59.088+0000] {logging_mixin.py:117} INFO - [2022-11-07T21:41:59.088+0000] {dag.py:3328} INFO - Setting next_dagrun for espn_pipeline to 2022-08-07T00:00:00+00:00, run_after=2022-08-14T00:00:00+00:00
[2022-11-07T21:41:59.099+0000] {processor.py:178} INFO - Processing /opt/airflow/dags/espn_pipeline.py took 0.123 seconds
[2022-11-07T21:42:29.270+0000] {processor.py:156} INFO - Started process (PID=724) to work on /opt/airflow/dags/espn_pipeline.py
[2022-11-07T21:42:29.271+0000] {processor.py:758} INFO - Processing file /opt/airflow/dags/espn_pipeline.py for tasks to queue
[2022-11-07T21:42:29.272+0000] {logging_mixin.py:117} INFO - [2022-11-07T21:42:29.272+0000] {dagbag.py:525} INFO - Filling up the DagBag from /opt/airflow/dags/espn_pipeline.py
[2022-11-07T21:42:29.329+0000] {processor.py:768} INFO - DAG(s) dict_keys(['espn_pipeline']) retrieved from /opt/airflow/dags/espn_pipeline.py
[2022-11-07T21:42:29.362+0000] {logging_mixin.py:117} INFO - [2022-11-07T21:42:29.362+0000] {dag.py:2573} INFO - Sync 1 DAGs
[2022-11-07T21:42:29.375+0000] {logging_mixin.py:117} INFO - [2022-11-07T21:42:29.375+0000] {dag.py:3328} INFO - Setting next_dagrun for espn_pipeline to 2022-08-07T00:00:00+00:00, run_after=2022-08-14T00:00:00+00:00
[2022-11-07T21:42:29.385+0000] {processor.py:178} INFO - Processing /opt/airflow/dags/espn_pipeline.py took 0.118 seconds
[2022-11-07T21:42:59.441+0000] {processor.py:156} INFO - Started process (PID=788) to work on /opt/airflow/dags/espn_pipeline.py
[2022-11-07T21:42:59.443+0000] {processor.py:758} INFO - Processing file /opt/airflow/dags/espn_pipeline.py for tasks to queue
[2022-11-07T21:42:59.450+0000] {logging_mixin.py:117} INFO - [2022-11-07T21:42:59.449+0000] {dagbag.py:525} INFO - Filling up the DagBag from /opt/airflow/dags/espn_pipeline.py
[2022-11-07T21:42:59.504+0000] {processor.py:768} INFO - DAG(s) dict_keys(['espn_pipeline']) retrieved from /opt/airflow/dags/espn_pipeline.py
[2022-11-07T21:42:59.526+0000] {logging_mixin.py:117} INFO - [2022-11-07T21:42:59.526+0000] {dag.py:2573} INFO - Sync 1 DAGs
[2022-11-07T21:42:59.541+0000] {logging_mixin.py:117} INFO - [2022-11-07T21:42:59.541+0000] {dag.py:3328} INFO - Setting next_dagrun for espn_pipeline to 2022-08-07T00:00:00+00:00, run_after=2022-08-14T00:00:00+00:00
[2022-11-07T21:42:59.550+0000] {processor.py:178} INFO - Processing /opt/airflow/dags/espn_pipeline.py took 0.110 seconds
[2022-11-07T21:43:29.674+0000] {processor.py:156} INFO - Started process (PID=851) to work on /opt/airflow/dags/espn_pipeline.py
[2022-11-07T21:43:29.677+0000] {processor.py:758} INFO - Processing file /opt/airflow/dags/espn_pipeline.py for tasks to queue
[2022-11-07T21:43:29.678+0000] {logging_mixin.py:117} INFO - [2022-11-07T21:43:29.678+0000] {dagbag.py:525} INFO - Filling up the DagBag from /opt/airflow/dags/espn_pipeline.py
[2022-11-07T21:43:29.751+0000] {processor.py:768} INFO - DAG(s) dict_keys(['espn_pipeline']) retrieved from /opt/airflow/dags/espn_pipeline.py
[2022-11-07T21:43:29.774+0000] {logging_mixin.py:117} INFO - [2022-11-07T21:43:29.774+0000] {dag.py:2573} INFO - Sync 1 DAGs
[2022-11-07T21:43:29.792+0000] {logging_mixin.py:117} INFO - [2022-11-07T21:43:29.792+0000] {dag.py:3328} INFO - Setting next_dagrun for espn_pipeline to 2022-08-07T00:00:00+00:00, run_after=2022-08-14T00:00:00+00:00
[2022-11-07T21:43:29.803+0000] {processor.py:178} INFO - Processing /opt/airflow/dags/espn_pipeline.py took 0.134 seconds
[2022-11-07T21:43:59.958+0000] {processor.py:156} INFO - Started process (PID=906) to work on /opt/airflow/dags/espn_pipeline.py
[2022-11-07T21:43:59.964+0000] {processor.py:758} INFO - Processing file /opt/airflow/dags/espn_pipeline.py for tasks to queue
[2022-11-07T21:43:59.967+0000] {logging_mixin.py:117} INFO - [2022-11-07T21:43:59.967+0000] {dagbag.py:525} INFO - Filling up the DagBag from /opt/airflow/dags/espn_pipeline.py
[2022-11-07T21:44:00.098+0000] {processor.py:768} INFO - DAG(s) dict_keys(['espn_pipeline']) retrieved from /opt/airflow/dags/espn_pipeline.py
[2022-11-07T21:44:00.155+0000] {logging_mixin.py:117} INFO - [2022-11-07T21:44:00.154+0000] {dag.py:2573} INFO - Sync 1 DAGs
[2022-11-07T21:44:00.199+0000] {logging_mixin.py:117} INFO - [2022-11-07T21:44:00.199+0000] {dag.py:3328} INFO - Setting next_dagrun for espn_pipeline to 2022-08-07T00:00:00+00:00, run_after=2022-08-14T00:00:00+00:00
[2022-11-07T21:44:00.243+0000] {processor.py:178} INFO - Processing /opt/airflow/dags/espn_pipeline.py took 0.290 seconds
[2022-11-07T21:44:30.699+0000] {processor.py:156} INFO - Started process (PID=969) to work on /opt/airflow/dags/espn_pipeline.py
[2022-11-07T21:44:30.702+0000] {processor.py:758} INFO - Processing file /opt/airflow/dags/espn_pipeline.py for tasks to queue
[2022-11-07T21:44:30.703+0000] {logging_mixin.py:117} INFO - [2022-11-07T21:44:30.703+0000] {dagbag.py:525} INFO - Filling up the DagBag from /opt/airflow/dags/espn_pipeline.py
[2022-11-07T21:44:30.769+0000] {processor.py:768} INFO - DAG(s) dict_keys(['espn_pipeline']) retrieved from /opt/airflow/dags/espn_pipeline.py
[2022-11-07T21:44:30.794+0000] {logging_mixin.py:117} INFO - [2022-11-07T21:44:30.794+0000] {dag.py:2573} INFO - Sync 1 DAGs
[2022-11-07T21:44:30.810+0000] {logging_mixin.py:117} INFO - [2022-11-07T21:44:30.810+0000] {dag.py:3328} INFO - Setting next_dagrun for espn_pipeline to 2022-08-07T00:00:00+00:00, run_after=2022-08-14T00:00:00+00:00
[2022-11-07T21:44:30.822+0000] {processor.py:178} INFO - Processing /opt/airflow/dags/espn_pipeline.py took 0.129 seconds
[2022-11-07T21:45:00.995+0000] {processor.py:156} INFO - Started process (PID=1033) to work on /opt/airflow/dags/espn_pipeline.py
[2022-11-07T21:45:00.997+0000] {processor.py:758} INFO - Processing file /opt/airflow/dags/espn_pipeline.py for tasks to queue
[2022-11-07T21:45:00.999+0000] {logging_mixin.py:117} INFO - [2022-11-07T21:45:00.999+0000] {dagbag.py:525} INFO - Filling up the DagBag from /opt/airflow/dags/espn_pipeline.py
[2022-11-07T21:45:01.070+0000] {processor.py:768} INFO - DAG(s) dict_keys(['espn_pipeline']) retrieved from /opt/airflow/dags/espn_pipeline.py
[2022-11-07T21:45:01.098+0000] {logging_mixin.py:117} INFO - [2022-11-07T21:45:01.098+0000] {dag.py:2573} INFO - Sync 1 DAGs
[2022-11-07T21:45:01.114+0000] {logging_mixin.py:117} INFO - [2022-11-07T21:45:01.114+0000] {dag.py:3328} INFO - Setting next_dagrun for espn_pipeline to 2022-08-07T00:00:00+00:00, run_after=2022-08-14T00:00:00+00:00
[2022-11-07T21:45:01.124+0000] {processor.py:178} INFO - Processing /opt/airflow/dags/espn_pipeline.py took 0.135 seconds
[2022-11-07T21:45:31.191+0000] {processor.py:156} INFO - Started process (PID=1097) to work on /opt/airflow/dags/espn_pipeline.py
[2022-11-07T21:45:31.196+0000] {processor.py:758} INFO - Processing file /opt/airflow/dags/espn_pipeline.py for tasks to queue
[2022-11-07T21:45:31.197+0000] {logging_mixin.py:117} INFO - [2022-11-07T21:45:31.197+0000] {dagbag.py:525} INFO - Filling up the DagBag from /opt/airflow/dags/espn_pipeline.py
[2022-11-07T21:45:31.268+0000] {processor.py:768} INFO - DAG(s) dict_keys(['espn_pipeline']) retrieved from /opt/airflow/dags/espn_pipeline.py
[2022-11-07T21:45:31.292+0000] {logging_mixin.py:117} INFO - [2022-11-07T21:45:31.292+0000] {dag.py:2573} INFO - Sync 1 DAGs
[2022-11-07T21:45:31.307+0000] {logging_mixin.py:117} INFO - [2022-11-07T21:45:31.306+0000] {dag.py:3328} INFO - Setting next_dagrun for espn_pipeline to 2022-08-07T00:00:00+00:00, run_after=2022-08-14T00:00:00+00:00
[2022-11-07T21:45:31.317+0000] {processor.py:178} INFO - Processing /opt/airflow/dags/espn_pipeline.py took 0.129 seconds
[2022-11-07T21:46:01.591+0000] {processor.py:156} INFO - Started process (PID=1160) to work on /opt/airflow/dags/espn_pipeline.py
[2022-11-07T21:46:01.593+0000] {processor.py:758} INFO - Processing file /opt/airflow/dags/espn_pipeline.py for tasks to queue
[2022-11-07T21:46:01.594+0000] {logging_mixin.py:117} INFO - [2022-11-07T21:46:01.594+0000] {dagbag.py:525} INFO - Filling up the DagBag from /opt/airflow/dags/espn_pipeline.py
[2022-11-07T21:46:01.659+0000] {processor.py:768} INFO - DAG(s) dict_keys(['espn_pipeline']) retrieved from /opt/airflow/dags/espn_pipeline.py
[2022-11-07T21:46:01.683+0000] {logging_mixin.py:117} INFO - [2022-11-07T21:46:01.683+0000] {dag.py:2573} INFO - Sync 1 DAGs
[2022-11-07T21:46:01.698+0000] {logging_mixin.py:117} INFO - [2022-11-07T21:46:01.698+0000] {dag.py:3328} INFO - Setting next_dagrun for espn_pipeline to 2022-08-07T00:00:00+00:00, run_after=2022-08-14T00:00:00+00:00
[2022-11-07T21:46:01.710+0000] {processor.py:178} INFO - Processing /opt/airflow/dags/espn_pipeline.py took 0.124 seconds
[2022-11-07T21:46:32.671+0000] {processor.py:156} INFO - Started process (PID=1224) to work on /opt/airflow/dags/espn_pipeline.py
[2022-11-07T21:46:32.673+0000] {processor.py:758} INFO - Processing file /opt/airflow/dags/espn_pipeline.py for tasks to queue
[2022-11-07T21:46:32.674+0000] {logging_mixin.py:117} INFO - [2022-11-07T21:46:32.674+0000] {dagbag.py:525} INFO - Filling up the DagBag from /opt/airflow/dags/espn_pipeline.py
[2022-11-07T21:46:32.825+0000] {processor.py:768} INFO - DAG(s) dict_keys(['espn_pipeline']) retrieved from /opt/airflow/dags/espn_pipeline.py
[2022-11-07T21:46:32.858+0000] {logging_mixin.py:117} INFO - [2022-11-07T21:46:32.858+0000] {dag.py:2573} INFO - Sync 1 DAGs
[2022-11-07T21:46:32.876+0000] {logging_mixin.py:117} INFO - [2022-11-07T21:46:32.876+0000] {dag.py:3328} INFO - Setting next_dagrun for espn_pipeline to 2022-08-07T00:00:00+00:00, run_after=2022-08-14T00:00:00+00:00
[2022-11-07T21:46:32.889+0000] {processor.py:178} INFO - Processing /opt/airflow/dags/espn_pipeline.py took 0.229 seconds
[2022-11-07T21:47:58.293+0000] {processor.py:156} INFO - Started process (PID=35) to work on /opt/airflow/dags/espn_pipeline.py
[2022-11-07T21:47:58.295+0000] {processor.py:758} INFO - Processing file /opt/airflow/dags/espn_pipeline.py for tasks to queue
[2022-11-07T21:47:58.297+0000] {logging_mixin.py:117} INFO - [2022-11-07T21:47:58.297+0000] {dagbag.py:525} INFO - Filling up the DagBag from /opt/airflow/dags/espn_pipeline.py
[2022-11-07T21:47:58.622+0000] {processor.py:768} INFO - DAG(s) dict_keys(['espn_pipeline']) retrieved from /opt/airflow/dags/espn_pipeline.py
[2022-11-07T21:47:58.688+0000] {logging_mixin.py:117} INFO - [2022-11-07T21:47:58.688+0000] {dag.py:2573} INFO - Sync 1 DAGs
[2022-11-07T21:47:58.714+0000] {logging_mixin.py:117} INFO - [2022-11-07T21:47:58.714+0000] {dag.py:3328} INFO - Setting next_dagrun for espn_pipeline to 2022-08-07T00:00:00+00:00, run_after=2022-08-14T00:00:00+00:00
[2022-11-07T21:47:58.738+0000] {processor.py:178} INFO - Processing /opt/airflow/dags/espn_pipeline.py took 0.454 seconds
[2022-11-07T21:48:29.161+0000] {processor.py:156} INFO - Started process (PID=99) to work on /opt/airflow/dags/espn_pipeline.py
[2022-11-07T21:48:29.164+0000] {processor.py:758} INFO - Processing file /opt/airflow/dags/espn_pipeline.py for tasks to queue
[2022-11-07T21:48:29.165+0000] {logging_mixin.py:117} INFO - [2022-11-07T21:48:29.165+0000] {dagbag.py:525} INFO - Filling up the DagBag from /opt/airflow/dags/espn_pipeline.py
[2022-11-07T21:48:29.256+0000] {processor.py:768} INFO - DAG(s) dict_keys(['espn_pipeline']) retrieved from /opt/airflow/dags/espn_pipeline.py
[2022-11-07T21:48:29.288+0000] {logging_mixin.py:117} INFO - [2022-11-07T21:48:29.288+0000] {dag.py:2573} INFO - Sync 1 DAGs
[2022-11-07T21:48:29.311+0000] {logging_mixin.py:117} INFO - [2022-11-07T21:48:29.311+0000] {dag.py:3328} INFO - Setting next_dagrun for espn_pipeline to 2022-08-07T00:00:00+00:00, run_after=2022-08-14T00:00:00+00:00
[2022-11-07T21:48:29.322+0000] {processor.py:178} INFO - Processing /opt/airflow/dags/espn_pipeline.py took 0.165 seconds
[2022-11-07T21:48:59.429+0000] {processor.py:156} INFO - Started process (PID=164) to work on /opt/airflow/dags/espn_pipeline.py
[2022-11-07T21:48:59.434+0000] {processor.py:758} INFO - Processing file /opt/airflow/dags/espn_pipeline.py for tasks to queue
[2022-11-07T21:48:59.436+0000] {logging_mixin.py:117} INFO - [2022-11-07T21:48:59.436+0000] {dagbag.py:525} INFO - Filling up the DagBag from /opt/airflow/dags/espn_pipeline.py
[2022-11-07T21:48:59.558+0000] {processor.py:768} INFO - DAG(s) dict_keys(['espn_pipeline']) retrieved from /opt/airflow/dags/espn_pipeline.py
[2022-11-07T21:48:59.616+0000] {logging_mixin.py:117} INFO - [2022-11-07T21:48:59.616+0000] {dag.py:2573} INFO - Sync 1 DAGs
[2022-11-07T21:48:59.646+0000] {logging_mixin.py:117} INFO - [2022-11-07T21:48:59.646+0000] {dag.py:3328} INFO - Setting next_dagrun for espn_pipeline to 2022-08-07T00:00:00+00:00, run_after=2022-08-14T00:00:00+00:00
[2022-11-07T21:48:59.666+0000] {processor.py:178} INFO - Processing /opt/airflow/dags/espn_pipeline.py took 0.241 seconds
[2022-11-07T21:49:29.751+0000] {processor.py:156} INFO - Started process (PID=228) to work on /opt/airflow/dags/espn_pipeline.py
[2022-11-07T21:49:29.754+0000] {processor.py:758} INFO - Processing file /opt/airflow/dags/espn_pipeline.py for tasks to queue
[2022-11-07T21:49:29.755+0000] {logging_mixin.py:117} INFO - [2022-11-07T21:49:29.755+0000] {dagbag.py:525} INFO - Filling up the DagBag from /opt/airflow/dags/espn_pipeline.py
[2022-11-07T21:49:29.849+0000] {processor.py:768} INFO - DAG(s) dict_keys(['espn_pipeline']) retrieved from /opt/airflow/dags/espn_pipeline.py
[2022-11-07T21:49:29.889+0000] {logging_mixin.py:117} INFO - [2022-11-07T21:49:29.889+0000] {dag.py:2573} INFO - Sync 1 DAGs
[2022-11-07T21:49:29.912+0000] {logging_mixin.py:117} INFO - [2022-11-07T21:49:29.912+0000] {dag.py:3328} INFO - Setting next_dagrun for espn_pipeline to 2022-08-07T00:00:00+00:00, run_after=2022-08-14T00:00:00+00:00
[2022-11-07T21:49:29.932+0000] {processor.py:178} INFO - Processing /opt/airflow/dags/espn_pipeline.py took 0.188 seconds
[2022-11-07T21:50:00.414+0000] {processor.py:156} INFO - Started process (PID=281) to work on /opt/airflow/dags/espn_pipeline.py
[2022-11-07T21:50:00.416+0000] {processor.py:758} INFO - Processing file /opt/airflow/dags/espn_pipeline.py for tasks to queue
[2022-11-07T21:50:00.418+0000] {logging_mixin.py:117} INFO - [2022-11-07T21:50:00.418+0000] {dagbag.py:525} INFO - Filling up the DagBag from /opt/airflow/dags/espn_pipeline.py
[2022-11-07T21:50:00.512+0000] {processor.py:768} INFO - DAG(s) dict_keys(['espn_pipeline']) retrieved from /opt/airflow/dags/espn_pipeline.py
[2022-11-07T21:50:00.546+0000] {logging_mixin.py:117} INFO - [2022-11-07T21:50:00.546+0000] {dag.py:2573} INFO - Sync 1 DAGs
[2022-11-07T21:50:00.568+0000] {logging_mixin.py:117} INFO - [2022-11-07T21:50:00.568+0000] {dag.py:3328} INFO - Setting next_dagrun for espn_pipeline to 2022-08-07T00:00:00+00:00, run_after=2022-08-14T00:00:00+00:00
[2022-11-07T21:50:00.613+0000] {processor.py:178} INFO - Processing /opt/airflow/dags/espn_pipeline.py took 0.202 seconds
[2022-11-07T21:50:30.917+0000] {processor.py:156} INFO - Started process (PID=345) to work on /opt/airflow/dags/espn_pipeline.py
[2022-11-07T21:50:30.920+0000] {processor.py:758} INFO - Processing file /opt/airflow/dags/espn_pipeline.py for tasks to queue
[2022-11-07T21:50:30.922+0000] {logging_mixin.py:117} INFO - [2022-11-07T21:50:30.922+0000] {dagbag.py:525} INFO - Filling up the DagBag from /opt/airflow/dags/espn_pipeline.py
[2022-11-07T21:50:31.010+0000] {processor.py:768} INFO - DAG(s) dict_keys(['espn_pipeline']) retrieved from /opt/airflow/dags/espn_pipeline.py
[2022-11-07T21:50:31.044+0000] {logging_mixin.py:117} INFO - [2022-11-07T21:50:31.044+0000] {dag.py:2573} INFO - Sync 1 DAGs
[2022-11-07T21:50:31.065+0000] {logging_mixin.py:117} INFO - [2022-11-07T21:50:31.065+0000] {dag.py:3328} INFO - Setting next_dagrun for espn_pipeline to 2022-08-07T00:00:00+00:00, run_after=2022-08-14T00:00:00+00:00
[2022-11-07T21:50:31.078+0000] {processor.py:178} INFO - Processing /opt/airflow/dags/espn_pipeline.py took 0.164 seconds
[2022-11-07T21:51:01.438+0000] {processor.py:156} INFO - Started process (PID=409) to work on /opt/airflow/dags/espn_pipeline.py
[2022-11-07T21:51:01.440+0000] {processor.py:758} INFO - Processing file /opt/airflow/dags/espn_pipeline.py for tasks to queue
[2022-11-07T21:51:01.441+0000] {logging_mixin.py:117} INFO - [2022-11-07T21:51:01.441+0000] {dagbag.py:525} INFO - Filling up the DagBag from /opt/airflow/dags/espn_pipeline.py
[2022-11-07T21:51:01.518+0000] {processor.py:768} INFO - DAG(s) dict_keys(['espn_pipeline']) retrieved from /opt/airflow/dags/espn_pipeline.py
[2022-11-07T21:51:01.558+0000] {logging_mixin.py:117} INFO - [2022-11-07T21:51:01.558+0000] {dag.py:2573} INFO - Sync 1 DAGs
[2022-11-07T21:51:01.576+0000] {logging_mixin.py:117} INFO - [2022-11-07T21:51:01.576+0000] {dag.py:3328} INFO - Setting next_dagrun for espn_pipeline to 2022-08-07T00:00:00+00:00, run_after=2022-08-14T00:00:00+00:00
[2022-11-07T21:51:01.592+0000] {processor.py:178} INFO - Processing /opt/airflow/dags/espn_pipeline.py took 0.160 seconds
[2022-11-07T21:51:31.784+0000] {processor.py:156} INFO - Started process (PID=472) to work on /opt/airflow/dags/espn_pipeline.py
[2022-11-07T21:51:31.786+0000] {processor.py:758} INFO - Processing file /opt/airflow/dags/espn_pipeline.py for tasks to queue
[2022-11-07T21:51:31.788+0000] {logging_mixin.py:117} INFO - [2022-11-07T21:51:31.788+0000] {dagbag.py:525} INFO - Filling up the DagBag from /opt/airflow/dags/espn_pipeline.py
[2022-11-07T21:51:31.870+0000] {processor.py:768} INFO - DAG(s) dict_keys(['espn_pipeline']) retrieved from /opt/airflow/dags/espn_pipeline.py
[2022-11-07T21:51:31.909+0000] {logging_mixin.py:117} INFO - [2022-11-07T21:51:31.909+0000] {dag.py:2573} INFO - Sync 1 DAGs
[2022-11-07T21:51:31.929+0000] {logging_mixin.py:117} INFO - [2022-11-07T21:51:31.929+0000] {dag.py:3328} INFO - Setting next_dagrun for espn_pipeline to 2022-08-07T00:00:00+00:00, run_after=2022-08-14T00:00:00+00:00
[2022-11-07T21:51:31.946+0000] {processor.py:178} INFO - Processing /opt/airflow/dags/espn_pipeline.py took 0.164 seconds
[2022-11-07T21:52:02.098+0000] {processor.py:156} INFO - Started process (PID=537) to work on /opt/airflow/dags/espn_pipeline.py
[2022-11-07T21:52:02.099+0000] {processor.py:758} INFO - Processing file /opt/airflow/dags/espn_pipeline.py for tasks to queue
[2022-11-07T21:52:02.103+0000] {logging_mixin.py:117} INFO - [2022-11-07T21:52:02.102+0000] {dagbag.py:525} INFO - Filling up the DagBag from /opt/airflow/dags/espn_pipeline.py
[2022-11-07T21:52:02.170+0000] {processor.py:768} INFO - DAG(s) dict_keys(['espn_pipeline']) retrieved from /opt/airflow/dags/espn_pipeline.py
[2022-11-07T21:52:02.202+0000] {logging_mixin.py:117} INFO - [2022-11-07T21:52:02.202+0000] {dag.py:2573} INFO - Sync 1 DAGs
[2022-11-07T21:52:02.218+0000] {logging_mixin.py:117} INFO - [2022-11-07T21:52:02.218+0000] {dag.py:3328} INFO - Setting next_dagrun for espn_pipeline to 2022-08-07T00:00:00+00:00, run_after=2022-08-14T00:00:00+00:00
[2022-11-07T21:52:02.232+0000] {processor.py:178} INFO - Processing /opt/airflow/dags/espn_pipeline.py took 0.138 seconds
[2022-11-07T21:52:32.478+0000] {processor.py:156} INFO - Started process (PID=592) to work on /opt/airflow/dags/espn_pipeline.py
[2022-11-07T21:52:32.481+0000] {processor.py:758} INFO - Processing file /opt/airflow/dags/espn_pipeline.py for tasks to queue
[2022-11-07T21:52:32.483+0000] {logging_mixin.py:117} INFO - [2022-11-07T21:52:32.482+0000] {dagbag.py:525} INFO - Filling up the DagBag from /opt/airflow/dags/espn_pipeline.py
[2022-11-07T21:52:32.562+0000] {processor.py:768} INFO - DAG(s) dict_keys(['espn_pipeline']) retrieved from /opt/airflow/dags/espn_pipeline.py
[2022-11-07T21:52:32.599+0000] {logging_mixin.py:117} INFO - [2022-11-07T21:52:32.598+0000] {dag.py:2573} INFO - Sync 1 DAGs
[2022-11-07T21:52:32.620+0000] {logging_mixin.py:117} INFO - [2022-11-07T21:52:32.620+0000] {dag.py:3328} INFO - Setting next_dagrun for espn_pipeline to 2022-08-07T00:00:00+00:00, run_after=2022-08-14T00:00:00+00:00
[2022-11-07T21:52:32.632+0000] {processor.py:178} INFO - Processing /opt/airflow/dags/espn_pipeline.py took 0.158 seconds
[2022-11-07T21:53:02.685+0000] {processor.py:156} INFO - Started process (PID=656) to work on /opt/airflow/dags/espn_pipeline.py
[2022-11-07T21:53:02.687+0000] {processor.py:758} INFO - Processing file /opt/airflow/dags/espn_pipeline.py for tasks to queue
[2022-11-07T21:53:02.688+0000] {logging_mixin.py:117} INFO - [2022-11-07T21:53:02.688+0000] {dagbag.py:525} INFO - Filling up the DagBag from /opt/airflow/dags/espn_pipeline.py
[2022-11-07T21:53:02.752+0000] {processor.py:768} INFO - DAG(s) dict_keys(['espn_pipeline']) retrieved from /opt/airflow/dags/espn_pipeline.py
[2022-11-07T21:53:02.780+0000] {logging_mixin.py:117} INFO - [2022-11-07T21:53:02.780+0000] {dag.py:2573} INFO - Sync 1 DAGs
[2022-11-07T21:53:02.795+0000] {logging_mixin.py:117} INFO - [2022-11-07T21:53:02.795+0000] {dag.py:3328} INFO - Setting next_dagrun for espn_pipeline to 2022-08-07T00:00:00+00:00, run_after=2022-08-14T00:00:00+00:00
[2022-11-07T21:53:02.808+0000] {processor.py:178} INFO - Processing /opt/airflow/dags/espn_pipeline.py took 0.132 seconds
[2022-11-07T21:53:32.870+0000] {processor.py:156} INFO - Started process (PID=719) to work on /opt/airflow/dags/espn_pipeline.py
[2022-11-07T21:53:32.873+0000] {processor.py:758} INFO - Processing file /opt/airflow/dags/espn_pipeline.py for tasks to queue
[2022-11-07T21:53:32.874+0000] {logging_mixin.py:117} INFO - [2022-11-07T21:53:32.874+0000] {dagbag.py:525} INFO - Filling up the DagBag from /opt/airflow/dags/espn_pipeline.py
[2022-11-07T21:53:32.931+0000] {processor.py:768} INFO - DAG(s) dict_keys(['espn_pipeline']) retrieved from /opt/airflow/dags/espn_pipeline.py
[2022-11-07T21:53:32.964+0000] {logging_mixin.py:117} INFO - [2022-11-07T21:53:32.964+0000] {dag.py:2573} INFO - Sync 1 DAGs
[2022-11-07T21:53:32.979+0000] {logging_mixin.py:117} INFO - [2022-11-07T21:53:32.979+0000] {dag.py:3328} INFO - Setting next_dagrun for espn_pipeline to 2022-08-07T00:00:00+00:00, run_after=2022-08-14T00:00:00+00:00
[2022-11-07T21:53:32.992+0000] {processor.py:178} INFO - Processing /opt/airflow/dags/espn_pipeline.py took 0.125 seconds
[2022-11-07T21:54:03.166+0000] {processor.py:156} INFO - Started process (PID=783) to work on /opt/airflow/dags/espn_pipeline.py
[2022-11-07T21:54:03.169+0000] {processor.py:758} INFO - Processing file /opt/airflow/dags/espn_pipeline.py for tasks to queue
[2022-11-07T21:54:03.170+0000] {logging_mixin.py:117} INFO - [2022-11-07T21:54:03.170+0000] {dagbag.py:525} INFO - Filling up the DagBag from /opt/airflow/dags/espn_pipeline.py
[2022-11-07T21:54:03.255+0000] {processor.py:768} INFO - DAG(s) dict_keys(['espn_pipeline']) retrieved from /opt/airflow/dags/espn_pipeline.py
[2022-11-07T21:54:03.291+0000] {logging_mixin.py:117} INFO - [2022-11-07T21:54:03.290+0000] {dag.py:2573} INFO - Sync 1 DAGs
[2022-11-07T21:54:03.313+0000] {logging_mixin.py:117} INFO - [2022-11-07T21:54:03.313+0000] {dag.py:3328} INFO - Setting next_dagrun for espn_pipeline to 2022-08-07T00:00:00+00:00, run_after=2022-08-14T00:00:00+00:00
[2022-11-07T21:54:03.331+0000] {processor.py:178} INFO - Processing /opt/airflow/dags/espn_pipeline.py took 0.167 seconds
[2022-11-07T21:54:33.488+0000] {processor.py:156} INFO - Started process (PID=846) to work on /opt/airflow/dags/espn_pipeline.py
[2022-11-07T21:54:33.489+0000] {processor.py:758} INFO - Processing file /opt/airflow/dags/espn_pipeline.py for tasks to queue
[2022-11-07T21:54:33.491+0000] {logging_mixin.py:117} INFO - [2022-11-07T21:54:33.491+0000] {dagbag.py:525} INFO - Filling up the DagBag from /opt/airflow/dags/espn_pipeline.py
[2022-11-07T21:54:33.566+0000] {processor.py:768} INFO - DAG(s) dict_keys(['espn_pipeline']) retrieved from /opt/airflow/dags/espn_pipeline.py
[2022-11-07T21:54:33.600+0000] {logging_mixin.py:117} INFO - [2022-11-07T21:54:33.600+0000] {dag.py:2573} INFO - Sync 1 DAGs
[2022-11-07T21:54:33.616+0000] {logging_mixin.py:117} INFO - [2022-11-07T21:54:33.616+0000] {dag.py:3328} INFO - Setting next_dagrun for espn_pipeline to 2022-08-07T00:00:00+00:00, run_after=2022-08-14T00:00:00+00:00
[2022-11-07T21:54:33.630+0000] {processor.py:178} INFO - Processing /opt/airflow/dags/espn_pipeline.py took 0.146 seconds
[2022-11-07T21:55:03.830+0000] {processor.py:156} INFO - Started process (PID=902) to work on /opt/airflow/dags/espn_pipeline.py
[2022-11-07T21:55:03.831+0000] {processor.py:758} INFO - Processing file /opt/airflow/dags/espn_pipeline.py for tasks to queue
[2022-11-07T21:55:03.832+0000] {logging_mixin.py:117} INFO - [2022-11-07T21:55:03.832+0000] {dagbag.py:525} INFO - Filling up the DagBag from /opt/airflow/dags/espn_pipeline.py
[2022-11-07T21:55:03.895+0000] {processor.py:768} INFO - DAG(s) dict_keys(['espn_pipeline']) retrieved from /opt/airflow/dags/espn_pipeline.py
[2022-11-07T21:55:03.936+0000] {logging_mixin.py:117} INFO - [2022-11-07T21:55:03.936+0000] {dag.py:2573} INFO - Sync 1 DAGs
[2022-11-07T21:55:03.957+0000] {logging_mixin.py:117} INFO - [2022-11-07T21:55:03.956+0000] {dag.py:3328} INFO - Setting next_dagrun for espn_pipeline to 2022-08-07T00:00:00+00:00, run_after=2022-08-14T00:00:00+00:00
[2022-11-07T21:55:03.969+0000] {processor.py:178} INFO - Processing /opt/airflow/dags/espn_pipeline.py took 0.142 seconds
[2022-11-07T21:56:08.154+0000] {processor.py:156} INFO - Started process (PID=34) to work on /opt/airflow/dags/espn_pipeline.py
[2022-11-07T21:56:08.158+0000] {processor.py:758} INFO - Processing file /opt/airflow/dags/espn_pipeline.py for tasks to queue
[2022-11-07T21:56:08.160+0000] {logging_mixin.py:117} INFO - [2022-11-07T21:56:08.160+0000] {dagbag.py:525} INFO - Filling up the DagBag from /opt/airflow/dags/espn_pipeline.py
[2022-11-07T21:56:08.534+0000] {processor.py:768} INFO - DAG(s) dict_keys(['espn_pipeline']) retrieved from /opt/airflow/dags/espn_pipeline.py
[2022-11-07T21:56:08.595+0000] {logging_mixin.py:117} INFO - [2022-11-07T21:56:08.595+0000] {dag.py:2573} INFO - Sync 1 DAGs
[2022-11-07T21:56:08.612+0000] {logging_mixin.py:117} INFO - [2022-11-07T21:56:08.612+0000] {dag.py:3328} INFO - Setting next_dagrun for espn_pipeline to 2022-08-07T00:00:00+00:00, run_after=2022-08-14T00:00:00+00:00
[2022-11-07T21:56:08.629+0000] {processor.py:178} INFO - Processing /opt/airflow/dags/espn_pipeline.py took 0.478 seconds
[2022-11-07T21:57:07.253+0000] {processor.py:156} INFO - Started process (PID=34) to work on /opt/airflow/dags/espn_pipeline.py
[2022-11-07T21:57:07.266+0000] {processor.py:758} INFO - Processing file /opt/airflow/dags/espn_pipeline.py for tasks to queue
[2022-11-07T21:57:07.277+0000] {logging_mixin.py:117} INFO - [2022-11-07T21:57:07.277+0000] {dagbag.py:525} INFO - Filling up the DagBag from /opt/airflow/dags/espn_pipeline.py
[2022-11-07T21:57:07.691+0000] {processor.py:768} INFO - DAG(s) dict_keys(['espn_pipeline']) retrieved from /opt/airflow/dags/espn_pipeline.py
[2022-11-07T21:57:07.749+0000] {logging_mixin.py:117} INFO - [2022-11-07T21:57:07.749+0000] {dag.py:2573} INFO - Sync 1 DAGs
[2022-11-07T21:57:07.764+0000] {logging_mixin.py:117} INFO - [2022-11-07T21:57:07.763+0000] {dag.py:3328} INFO - Setting next_dagrun for espn_pipeline to 2022-08-07T00:00:00+00:00, run_after=2022-08-14T00:00:00+00:00
[2022-11-07T21:57:07.780+0000] {processor.py:178} INFO - Processing /opt/airflow/dags/espn_pipeline.py took 0.551 seconds
[2022-11-07T21:57:37.839+0000] {processor.py:156} INFO - Started process (PID=100) to work on /opt/airflow/dags/espn_pipeline.py
[2022-11-07T21:57:37.840+0000] {processor.py:758} INFO - Processing file /opt/airflow/dags/espn_pipeline.py for tasks to queue
[2022-11-07T21:57:37.841+0000] {logging_mixin.py:117} INFO - [2022-11-07T21:57:37.841+0000] {dagbag.py:525} INFO - Filling up the DagBag from /opt/airflow/dags/espn_pipeline.py
[2022-11-07T21:57:37.915+0000] {processor.py:768} INFO - DAG(s) dict_keys(['espn_pipeline']) retrieved from /opt/airflow/dags/espn_pipeline.py
[2022-11-07T21:57:37.959+0000] {logging_mixin.py:117} INFO - [2022-11-07T21:57:37.959+0000] {dag.py:2573} INFO - Sync 1 DAGs
[2022-11-07T21:57:37.984+0000] {logging_mixin.py:117} INFO - [2022-11-07T21:57:37.984+0000] {dag.py:3328} INFO - Setting next_dagrun for espn_pipeline to 2022-08-07T00:00:00+00:00, run_after=2022-08-14T00:00:00+00:00
[2022-11-07T21:57:37.995+0000] {processor.py:178} INFO - Processing /opt/airflow/dags/espn_pipeline.py took 0.158 seconds
[2022-11-07T21:58:08.131+0000] {processor.py:156} INFO - Started process (PID=164) to work on /opt/airflow/dags/espn_pipeline.py
[2022-11-07T21:58:08.134+0000] {processor.py:758} INFO - Processing file /opt/airflow/dags/espn_pipeline.py for tasks to queue
[2022-11-07T21:58:08.137+0000] {logging_mixin.py:117} INFO - [2022-11-07T21:58:08.137+0000] {dagbag.py:525} INFO - Filling up the DagBag from /opt/airflow/dags/espn_pipeline.py
[2022-11-07T21:58:08.221+0000] {processor.py:768} INFO - DAG(s) dict_keys(['espn_pipeline']) retrieved from /opt/airflow/dags/espn_pipeline.py
[2022-11-07T21:58:08.254+0000] {logging_mixin.py:117} INFO - [2022-11-07T21:58:08.254+0000] {dag.py:2573} INFO - Sync 1 DAGs
[2022-11-07T21:58:08.276+0000] {logging_mixin.py:117} INFO - [2022-11-07T21:58:08.276+0000] {dag.py:3328} INFO - Setting next_dagrun for espn_pipeline to 2022-08-07T00:00:00+00:00, run_after=2022-08-14T00:00:00+00:00
[2022-11-07T21:58:08.292+0000] {processor.py:178} INFO - Processing /opt/airflow/dags/espn_pipeline.py took 0.165 seconds
[2022-11-07T22:00:11.917+0000] {processor.py:156} INFO - Started process (PID=35) to work on /opt/airflow/dags/espn_pipeline.py
[2022-11-07T22:00:11.925+0000] {processor.py:758} INFO - Processing file /opt/airflow/dags/espn_pipeline.py for tasks to queue
[2022-11-07T22:00:11.928+0000] {logging_mixin.py:117} INFO - [2022-11-07T22:00:11.928+0000] {dagbag.py:525} INFO - Filling up the DagBag from /opt/airflow/dags/espn_pipeline.py
[2022-11-07T22:00:12.285+0000] {processor.py:768} INFO - DAG(s) dict_keys(['espn_pipeline']) retrieved from /opt/airflow/dags/espn_pipeline.py
[2022-11-07T22:00:12.331+0000] {logging_mixin.py:117} INFO - [2022-11-07T22:00:12.331+0000] {dag.py:2573} INFO - Sync 1 DAGs
[2022-11-07T22:00:12.346+0000] {logging_mixin.py:117} INFO - [2022-11-07T22:00:12.346+0000] {dag.py:3328} INFO - Setting next_dagrun for espn_pipeline to 2022-08-07T00:00:00+00:00, run_after=2022-08-14T00:00:00+00:00
[2022-11-07T22:00:12.361+0000] {processor.py:178} INFO - Processing /opt/airflow/dags/espn_pipeline.py took 0.449 seconds
[2022-11-07T22:00:42.542+0000] {processor.py:156} INFO - Started process (PID=100) to work on /opt/airflow/dags/espn_pipeline.py
[2022-11-07T22:00:42.546+0000] {processor.py:758} INFO - Processing file /opt/airflow/dags/espn_pipeline.py for tasks to queue
[2022-11-07T22:00:42.549+0000] {logging_mixin.py:117} INFO - [2022-11-07T22:00:42.549+0000] {dagbag.py:525} INFO - Filling up the DagBag from /opt/airflow/dags/espn_pipeline.py
[2022-11-07T22:00:42.641+0000] {processor.py:768} INFO - DAG(s) dict_keys(['espn_pipeline']) retrieved from /opt/airflow/dags/espn_pipeline.py
[2022-11-07T22:00:42.674+0000] {logging_mixin.py:117} INFO - [2022-11-07T22:00:42.674+0000] {dag.py:2573} INFO - Sync 1 DAGs
[2022-11-07T22:00:42.694+0000] {logging_mixin.py:117} INFO - [2022-11-07T22:00:42.694+0000] {dag.py:3328} INFO - Setting next_dagrun for espn_pipeline to 2022-08-07T00:00:00+00:00, run_after=2022-08-14T00:00:00+00:00
[2022-11-07T22:00:42.709+0000] {processor.py:178} INFO - Processing /opt/airflow/dags/espn_pipeline.py took 0.176 seconds
[2022-11-07T22:01:13.132+0000] {processor.py:156} INFO - Started process (PID=165) to work on /opt/airflow/dags/espn_pipeline.py
[2022-11-07T22:01:13.135+0000] {processor.py:758} INFO - Processing file /opt/airflow/dags/espn_pipeline.py for tasks to queue
[2022-11-07T22:01:13.136+0000] {logging_mixin.py:117} INFO - [2022-11-07T22:01:13.136+0000] {dagbag.py:525} INFO - Filling up the DagBag from /opt/airflow/dags/espn_pipeline.py
[2022-11-07T22:01:13.204+0000] {processor.py:768} INFO - DAG(s) dict_keys(['espn_pipeline']) retrieved from /opt/airflow/dags/espn_pipeline.py
[2022-11-07T22:01:13.241+0000] {logging_mixin.py:117} INFO - [2022-11-07T22:01:13.241+0000] {dag.py:2573} INFO - Sync 1 DAGs
[2022-11-07T22:01:13.260+0000] {logging_mixin.py:117} INFO - [2022-11-07T22:01:13.260+0000] {dag.py:3328} INFO - Setting next_dagrun for espn_pipeline to 2022-08-07T00:00:00+00:00, run_after=2022-08-14T00:00:00+00:00
[2022-11-07T22:01:13.283+0000] {processor.py:178} INFO - Processing /opt/airflow/dags/espn_pipeline.py took 0.156 seconds
[2022-11-07T22:01:43.889+0000] {processor.py:156} INFO - Started process (PID=228) to work on /opt/airflow/dags/espn_pipeline.py
[2022-11-07T22:01:43.892+0000] {processor.py:758} INFO - Processing file /opt/airflow/dags/espn_pipeline.py for tasks to queue
[2022-11-07T22:01:43.895+0000] {logging_mixin.py:117} INFO - [2022-11-07T22:01:43.895+0000] {dagbag.py:525} INFO - Filling up the DagBag from /opt/airflow/dags/espn_pipeline.py
[2022-11-07T22:01:43.987+0000] {processor.py:768} INFO - DAG(s) dict_keys(['espn_pipeline']) retrieved from /opt/airflow/dags/espn_pipeline.py
[2022-11-07T22:01:44.024+0000] {logging_mixin.py:117} INFO - [2022-11-07T22:01:44.023+0000] {dag.py:2573} INFO - Sync 1 DAGs
[2022-11-07T22:01:44.046+0000] {logging_mixin.py:117} INFO - [2022-11-07T22:01:44.046+0000] {dag.py:3328} INFO - Setting next_dagrun for espn_pipeline to 2022-08-07T00:00:00+00:00, run_after=2022-08-14T00:00:00+00:00
[2022-11-07T22:01:44.086+0000] {processor.py:178} INFO - Processing /opt/airflow/dags/espn_pipeline.py took 0.204 seconds
[2022-11-07T22:02:14.770+0000] {processor.py:156} INFO - Started process (PID=285) to work on /opt/airflow/dags/espn_pipeline.py
[2022-11-07T22:02:14.772+0000] {processor.py:758} INFO - Processing file /opt/airflow/dags/espn_pipeline.py for tasks to queue
[2022-11-07T22:02:14.773+0000] {logging_mixin.py:117} INFO - [2022-11-07T22:02:14.773+0000] {dagbag.py:525} INFO - Filling up the DagBag from /opt/airflow/dags/espn_pipeline.py
[2022-11-07T22:02:14.852+0000] {processor.py:768} INFO - DAG(s) dict_keys(['espn_pipeline']) retrieved from /opt/airflow/dags/espn_pipeline.py
[2022-11-07T22:02:14.888+0000] {logging_mixin.py:117} INFO - [2022-11-07T22:02:14.888+0000] {dag.py:2573} INFO - Sync 1 DAGs
[2022-11-07T22:02:14.904+0000] {logging_mixin.py:117} INFO - [2022-11-07T22:02:14.904+0000] {dag.py:3328} INFO - Setting next_dagrun for espn_pipeline to 2022-08-07T00:00:00+00:00, run_after=2022-08-14T00:00:00+00:00
[2022-11-07T22:02:14.915+0000] {processor.py:178} INFO - Processing /opt/airflow/dags/espn_pipeline.py took 0.148 seconds
[2022-11-07T22:02:45.127+0000] {processor.py:156} INFO - Started process (PID=349) to work on /opt/airflow/dags/espn_pipeline.py
[2022-11-07T22:02:45.130+0000] {processor.py:758} INFO - Processing file /opt/airflow/dags/espn_pipeline.py for tasks to queue
[2022-11-07T22:02:45.132+0000] {logging_mixin.py:117} INFO - [2022-11-07T22:02:45.132+0000] {dagbag.py:525} INFO - Filling up the DagBag from /opt/airflow/dags/espn_pipeline.py
[2022-11-07T22:02:45.197+0000] {processor.py:768} INFO - DAG(s) dict_keys(['espn_pipeline']) retrieved from /opt/airflow/dags/espn_pipeline.py
[2022-11-07T22:02:45.221+0000] {logging_mixin.py:117} INFO - [2022-11-07T22:02:45.220+0000] {dag.py:2573} INFO - Sync 1 DAGs
[2022-11-07T22:02:45.236+0000] {logging_mixin.py:117} INFO - [2022-11-07T22:02:45.235+0000] {dag.py:3328} INFO - Setting next_dagrun for espn_pipeline to 2022-08-07T00:00:00+00:00, run_after=2022-08-14T00:00:00+00:00
[2022-11-07T22:02:45.247+0000] {processor.py:178} INFO - Processing /opt/airflow/dags/espn_pipeline.py took 0.125 seconds
[2022-11-07T22:03:15.383+0000] {processor.py:156} INFO - Started process (PID=413) to work on /opt/airflow/dags/espn_pipeline.py
[2022-11-07T22:03:15.385+0000] {processor.py:758} INFO - Processing file /opt/airflow/dags/espn_pipeline.py for tasks to queue
[2022-11-07T22:03:15.386+0000] {logging_mixin.py:117} INFO - [2022-11-07T22:03:15.386+0000] {dagbag.py:525} INFO - Filling up the DagBag from /opt/airflow/dags/espn_pipeline.py
[2022-11-07T22:03:15.455+0000] {processor.py:768} INFO - DAG(s) dict_keys(['espn_pipeline']) retrieved from /opt/airflow/dags/espn_pipeline.py
[2022-11-07T22:03:15.482+0000] {logging_mixin.py:117} INFO - [2022-11-07T22:03:15.482+0000] {dag.py:2573} INFO - Sync 1 DAGs
[2022-11-07T22:03:15.503+0000] {logging_mixin.py:117} INFO - [2022-11-07T22:03:15.502+0000] {dag.py:3328} INFO - Setting next_dagrun for espn_pipeline to 2022-08-07T00:00:00+00:00, run_after=2022-08-14T00:00:00+00:00
[2022-11-07T22:03:15.517+0000] {processor.py:178} INFO - Processing /opt/airflow/dags/espn_pipeline.py took 0.140 seconds
[2022-11-07T22:03:45.602+0000] {processor.py:156} INFO - Started process (PID=478) to work on /opt/airflow/dags/espn_pipeline.py
[2022-11-07T22:03:45.604+0000] {processor.py:758} INFO - Processing file /opt/airflow/dags/espn_pipeline.py for tasks to queue
[2022-11-07T22:03:45.606+0000] {logging_mixin.py:117} INFO - [2022-11-07T22:03:45.606+0000] {dagbag.py:525} INFO - Filling up the DagBag from /opt/airflow/dags/espn_pipeline.py
[2022-11-07T22:03:45.669+0000] {processor.py:768} INFO - DAG(s) dict_keys(['espn_pipeline']) retrieved from /opt/airflow/dags/espn_pipeline.py
[2022-11-07T22:03:45.692+0000] {logging_mixin.py:117} INFO - [2022-11-07T22:03:45.692+0000] {dag.py:2573} INFO - Sync 1 DAGs
[2022-11-07T22:03:45.711+0000] {logging_mixin.py:117} INFO - [2022-11-07T22:03:45.711+0000] {dag.py:3328} INFO - Setting next_dagrun for espn_pipeline to 2022-08-07T00:00:00+00:00, run_after=2022-08-14T00:00:00+00:00
[2022-11-07T22:03:45.723+0000] {processor.py:178} INFO - Processing /opt/airflow/dags/espn_pipeline.py took 0.125 seconds
[2022-11-07T22:04:15.777+0000] {processor.py:156} INFO - Started process (PID=533) to work on /opt/airflow/dags/espn_pipeline.py
[2022-11-07T22:04:15.778+0000] {processor.py:758} INFO - Processing file /opt/airflow/dags/espn_pipeline.py for tasks to queue
[2022-11-07T22:04:15.779+0000] {logging_mixin.py:117} INFO - [2022-11-07T22:04:15.779+0000] {dagbag.py:525} INFO - Filling up the DagBag from /opt/airflow/dags/espn_pipeline.py
[2022-11-07T22:04:15.882+0000] {processor.py:768} INFO - DAG(s) dict_keys(['espn_pipeline']) retrieved from /opt/airflow/dags/espn_pipeline.py
[2022-11-07T22:04:15.918+0000] {logging_mixin.py:117} INFO - [2022-11-07T22:04:15.918+0000] {dag.py:2573} INFO - Sync 1 DAGs
[2022-11-07T22:04:15.947+0000] {logging_mixin.py:117} INFO - [2022-11-07T22:04:15.947+0000] {dag.py:3328} INFO - Setting next_dagrun for espn_pipeline to 2022-08-07T00:00:00+00:00, run_after=2022-08-14T00:00:00+00:00
[2022-11-07T22:04:15.973+0000] {processor.py:178} INFO - Processing /opt/airflow/dags/espn_pipeline.py took 0.202 seconds
[2022-11-07T22:04:46.658+0000] {processor.py:156} INFO - Started process (PID=597) to work on /opt/airflow/dags/espn_pipeline.py
[2022-11-07T22:04:46.661+0000] {processor.py:758} INFO - Processing file /opt/airflow/dags/espn_pipeline.py for tasks to queue
[2022-11-07T22:04:46.662+0000] {logging_mixin.py:117} INFO - [2022-11-07T22:04:46.662+0000] {dagbag.py:525} INFO - Filling up the DagBag from /opt/airflow/dags/espn_pipeline.py
[2022-11-07T22:04:46.740+0000] {processor.py:768} INFO - DAG(s) dict_keys(['espn_pipeline']) retrieved from /opt/airflow/dags/espn_pipeline.py
[2022-11-07T22:04:46.771+0000] {logging_mixin.py:117} INFO - [2022-11-07T22:04:46.771+0000] {dag.py:2573} INFO - Sync 1 DAGs
[2022-11-07T22:04:46.789+0000] {logging_mixin.py:117} INFO - [2022-11-07T22:04:46.789+0000] {dag.py:3328} INFO - Setting next_dagrun for espn_pipeline to 2022-08-07T00:00:00+00:00, run_after=2022-08-14T00:00:00+00:00
[2022-11-07T22:04:46.800+0000] {processor.py:178} INFO - Processing /opt/airflow/dags/espn_pipeline.py took 0.148 seconds
[2022-11-07T22:05:16.856+0000] {processor.py:156} INFO - Started process (PID=661) to work on /opt/airflow/dags/espn_pipeline.py
[2022-11-07T22:05:16.858+0000] {processor.py:758} INFO - Processing file /opt/airflow/dags/espn_pipeline.py for tasks to queue
[2022-11-07T22:05:16.861+0000] {logging_mixin.py:117} INFO - [2022-11-07T22:05:16.861+0000] {dagbag.py:525} INFO - Filling up the DagBag from /opt/airflow/dags/espn_pipeline.py
[2022-11-07T22:05:16.933+0000] {processor.py:768} INFO - DAG(s) dict_keys(['espn_pipeline']) retrieved from /opt/airflow/dags/espn_pipeline.py
[2022-11-07T22:05:16.961+0000] {logging_mixin.py:117} INFO - [2022-11-07T22:05:16.961+0000] {dag.py:2573} INFO - Sync 1 DAGs
[2022-11-07T22:05:16.977+0000] {logging_mixin.py:117} INFO - [2022-11-07T22:05:16.977+0000] {dag.py:3328} INFO - Setting next_dagrun for espn_pipeline to 2022-08-07T00:00:00+00:00, run_after=2022-08-14T00:00:00+00:00
[2022-11-07T22:05:16.989+0000] {processor.py:178} INFO - Processing /opt/airflow/dags/espn_pipeline.py took 0.136 seconds
[2022-11-07T22:05:48.016+0000] {processor.py:156} INFO - Started process (PID=726) to work on /opt/airflow/dags/espn_pipeline.py
[2022-11-07T22:05:48.018+0000] {processor.py:758} INFO - Processing file /opt/airflow/dags/espn_pipeline.py for tasks to queue
[2022-11-07T22:05:48.024+0000] {logging_mixin.py:117} INFO - [2022-11-07T22:05:48.023+0000] {dagbag.py:525} INFO - Filling up the DagBag from /opt/airflow/dags/espn_pipeline.py
[2022-11-07T22:05:48.095+0000] {processor.py:768} INFO - DAG(s) dict_keys(['espn_pipeline']) retrieved from /opt/airflow/dags/espn_pipeline.py
[2022-11-07T22:05:48.122+0000] {logging_mixin.py:117} INFO - [2022-11-07T22:05:48.122+0000] {dag.py:2573} INFO - Sync 1 DAGs
[2022-11-07T22:05:48.137+0000] {logging_mixin.py:117} INFO - [2022-11-07T22:05:48.137+0000] {dag.py:3328} INFO - Setting next_dagrun for espn_pipeline to 2022-08-07T00:00:00+00:00, run_after=2022-08-14T00:00:00+00:00
[2022-11-07T22:05:48.150+0000] {processor.py:178} INFO - Processing /opt/airflow/dags/espn_pipeline.py took 0.139 seconds
[2022-11-07T22:06:19.093+0000] {processor.py:156} INFO - Started process (PID=789) to work on /opt/airflow/dags/espn_pipeline.py
[2022-11-07T22:06:19.095+0000] {processor.py:758} INFO - Processing file /opt/airflow/dags/espn_pipeline.py for tasks to queue
[2022-11-07T22:06:19.096+0000] {logging_mixin.py:117} INFO - [2022-11-07T22:06:19.096+0000] {dagbag.py:525} INFO - Filling up the DagBag from /opt/airflow/dags/espn_pipeline.py
[2022-11-07T22:06:19.169+0000] {processor.py:768} INFO - DAG(s) dict_keys(['espn_pipeline']) retrieved from /opt/airflow/dags/espn_pipeline.py
[2022-11-07T22:06:19.199+0000] {logging_mixin.py:117} INFO - [2022-11-07T22:06:19.199+0000] {dag.py:2573} INFO - Sync 1 DAGs
[2022-11-07T22:06:19.213+0000] {logging_mixin.py:117} INFO - [2022-11-07T22:06:19.213+0000] {dag.py:3328} INFO - Setting next_dagrun for espn_pipeline to 2022-08-07T00:00:00+00:00, run_after=2022-08-14T00:00:00+00:00
[2022-11-07T22:06:19.226+0000] {processor.py:178} INFO - Processing /opt/airflow/dags/espn_pipeline.py took 0.143 seconds
[2022-11-07T22:06:50.198+0000] {processor.py:156} INFO - Started process (PID=853) to work on /opt/airflow/dags/espn_pipeline.py
[2022-11-07T22:06:50.204+0000] {processor.py:758} INFO - Processing file /opt/airflow/dags/espn_pipeline.py for tasks to queue
[2022-11-07T22:06:50.205+0000] {logging_mixin.py:117} INFO - [2022-11-07T22:06:50.205+0000] {dagbag.py:525} INFO - Filling up the DagBag from /opt/airflow/dags/espn_pipeline.py
[2022-11-07T22:06:50.270+0000] {processor.py:768} INFO - DAG(s) dict_keys(['espn_pipeline']) retrieved from /opt/airflow/dags/espn_pipeline.py
[2022-11-07T22:06:50.299+0000] {logging_mixin.py:117} INFO - [2022-11-07T22:06:50.299+0000] {dag.py:2573} INFO - Sync 1 DAGs
[2022-11-07T22:06:50.315+0000] {logging_mixin.py:117} INFO - [2022-11-07T22:06:50.314+0000] {dag.py:3328} INFO - Setting next_dagrun for espn_pipeline to 2022-08-07T00:00:00+00:00, run_after=2022-08-14T00:00:00+00:00
[2022-11-07T22:06:50.326+0000] {processor.py:178} INFO - Processing /opt/airflow/dags/espn_pipeline.py took 0.133 seconds
[2022-11-07T22:07:20.470+0000] {processor.py:156} INFO - Started process (PID=908) to work on /opt/airflow/dags/espn_pipeline.py
[2022-11-07T22:07:20.472+0000] {processor.py:758} INFO - Processing file /opt/airflow/dags/espn_pipeline.py for tasks to queue
[2022-11-07T22:07:20.474+0000] {logging_mixin.py:117} INFO - [2022-11-07T22:07:20.474+0000] {dagbag.py:525} INFO - Filling up the DagBag from /opt/airflow/dags/espn_pipeline.py
[2022-11-07T22:07:20.554+0000] {processor.py:768} INFO - DAG(s) dict_keys(['espn_pipeline']) retrieved from /opt/airflow/dags/espn_pipeline.py
[2022-11-07T22:07:20.585+0000] {logging_mixin.py:117} INFO - [2022-11-07T22:07:20.585+0000] {dag.py:2573} INFO - Sync 1 DAGs
[2022-11-07T22:07:20.601+0000] {logging_mixin.py:117} INFO - [2022-11-07T22:07:20.601+0000] {dag.py:3328} INFO - Setting next_dagrun for espn_pipeline to 2022-08-07T00:00:00+00:00, run_after=2022-08-14T00:00:00+00:00
[2022-11-07T22:07:20.613+0000] {processor.py:178} INFO - Processing /opt/airflow/dags/espn_pipeline.py took 0.153 seconds
[2022-11-07T22:07:50.994+0000] {processor.py:156} INFO - Started process (PID=970) to work on /opt/airflow/dags/espn_pipeline.py
[2022-11-07T22:07:50.996+0000] {processor.py:758} INFO - Processing file /opt/airflow/dags/espn_pipeline.py for tasks to queue
[2022-11-07T22:07:50.997+0000] {logging_mixin.py:117} INFO - [2022-11-07T22:07:50.997+0000] {dagbag.py:525} INFO - Filling up the DagBag from /opt/airflow/dags/espn_pipeline.py
[2022-11-07T22:07:51.064+0000] {processor.py:768} INFO - DAG(s) dict_keys(['espn_pipeline']) retrieved from /opt/airflow/dags/espn_pipeline.py
[2022-11-07T22:07:51.094+0000] {logging_mixin.py:117} INFO - [2022-11-07T22:07:51.094+0000] {dag.py:2573} INFO - Sync 1 DAGs
[2022-11-07T22:07:51.115+0000] {logging_mixin.py:117} INFO - [2022-11-07T22:07:51.114+0000] {dag.py:3328} INFO - Setting next_dagrun for espn_pipeline to 2022-08-07T00:00:00+00:00, run_after=2022-08-14T00:00:00+00:00
[2022-11-07T22:07:51.125+0000] {processor.py:178} INFO - Processing /opt/airflow/dags/espn_pipeline.py took 0.134 seconds
[2022-11-07T22:08:21.242+0000] {processor.py:156} INFO - Started process (PID=1036) to work on /opt/airflow/dags/espn_pipeline.py
[2022-11-07T22:08:21.245+0000] {processor.py:758} INFO - Processing file /opt/airflow/dags/espn_pipeline.py for tasks to queue
[2022-11-07T22:08:21.246+0000] {logging_mixin.py:117} INFO - [2022-11-07T22:08:21.246+0000] {dagbag.py:525} INFO - Filling up the DagBag from /opt/airflow/dags/espn_pipeline.py
[2022-11-07T22:08:21.329+0000] {processor.py:768} INFO - DAG(s) dict_keys(['espn_pipeline']) retrieved from /opt/airflow/dags/espn_pipeline.py
[2022-11-07T22:08:21.363+0000] {logging_mixin.py:117} INFO - [2022-11-07T22:08:21.363+0000] {dag.py:2573} INFO - Sync 1 DAGs
[2022-11-07T22:08:21.381+0000] {logging_mixin.py:117} INFO - [2022-11-07T22:08:21.381+0000] {dag.py:3328} INFO - Setting next_dagrun for espn_pipeline to 2022-08-07T00:00:00+00:00, run_after=2022-08-14T00:00:00+00:00
[2022-11-07T22:08:21.393+0000] {processor.py:178} INFO - Processing /opt/airflow/dags/espn_pipeline.py took 0.155 seconds
[2022-11-07T22:08:51.548+0000] {processor.py:156} INFO - Started process (PID=1100) to work on /opt/airflow/dags/espn_pipeline.py
[2022-11-07T22:08:51.551+0000] {processor.py:758} INFO - Processing file /opt/airflow/dags/espn_pipeline.py for tasks to queue
[2022-11-07T22:08:51.553+0000] {logging_mixin.py:117} INFO - [2022-11-07T22:08:51.552+0000] {dagbag.py:525} INFO - Filling up the DagBag from /opt/airflow/dags/espn_pipeline.py
[2022-11-07T22:08:51.631+0000] {processor.py:768} INFO - DAG(s) dict_keys(['espn_pipeline']) retrieved from /opt/airflow/dags/espn_pipeline.py
[2022-11-07T22:08:51.660+0000] {logging_mixin.py:117} INFO - [2022-11-07T22:08:51.659+0000] {dag.py:2573} INFO - Sync 1 DAGs
[2022-11-07T22:08:51.675+0000] {logging_mixin.py:117} INFO - [2022-11-07T22:08:51.675+0000] {dag.py:3328} INFO - Setting next_dagrun for espn_pipeline to 2022-08-07T00:00:00+00:00, run_after=2022-08-14T00:00:00+00:00
[2022-11-07T22:08:51.688+0000] {processor.py:178} INFO - Processing /opt/airflow/dags/espn_pipeline.py took 0.149 seconds
[2022-11-07T22:09:21.841+0000] {processor.py:156} INFO - Started process (PID=1165) to work on /opt/airflow/dags/espn_pipeline.py
[2022-11-07T22:09:21.843+0000] {processor.py:758} INFO - Processing file /opt/airflow/dags/espn_pipeline.py for tasks to queue
[2022-11-07T22:09:21.844+0000] {logging_mixin.py:117} INFO - [2022-11-07T22:09:21.844+0000] {dagbag.py:525} INFO - Filling up the DagBag from /opt/airflow/dags/espn_pipeline.py
[2022-11-07T22:09:21.909+0000] {processor.py:768} INFO - DAG(s) dict_keys(['espn_pipeline']) retrieved from /opt/airflow/dags/espn_pipeline.py
[2022-11-07T22:09:21.933+0000] {logging_mixin.py:117} INFO - [2022-11-07T22:09:21.933+0000] {dag.py:2573} INFO - Sync 1 DAGs
[2022-11-07T22:09:21.953+0000] {logging_mixin.py:117} INFO - [2022-11-07T22:09:21.953+0000] {dag.py:3328} INFO - Setting next_dagrun for espn_pipeline to 2022-08-07T00:00:00+00:00, run_after=2022-08-14T00:00:00+00:00
[2022-11-07T22:09:21.964+0000] {processor.py:178} INFO - Processing /opt/airflow/dags/espn_pipeline.py took 0.126 seconds
[2022-11-07T22:09:52.090+0000] {processor.py:156} INFO - Started process (PID=1220) to work on /opt/airflow/dags/espn_pipeline.py
[2022-11-07T22:09:52.091+0000] {processor.py:758} INFO - Processing file /opt/airflow/dags/espn_pipeline.py for tasks to queue
[2022-11-07T22:09:52.093+0000] {logging_mixin.py:117} INFO - [2022-11-07T22:09:52.093+0000] {dagbag.py:525} INFO - Filling up the DagBag from /opt/airflow/dags/espn_pipeline.py
[2022-11-07T22:09:52.169+0000] {processor.py:768} INFO - DAG(s) dict_keys(['espn_pipeline']) retrieved from /opt/airflow/dags/espn_pipeline.py
[2022-11-07T22:09:52.200+0000] {logging_mixin.py:117} INFO - [2022-11-07T22:09:52.200+0000] {dag.py:2573} INFO - Sync 1 DAGs
[2022-11-07T22:09:52.220+0000] {logging_mixin.py:117} INFO - [2022-11-07T22:09:52.220+0000] {dag.py:3328} INFO - Setting next_dagrun for espn_pipeline to 2022-08-07T00:00:00+00:00, run_after=2022-08-14T00:00:00+00:00
[2022-11-07T22:09:52.232+0000] {processor.py:178} INFO - Processing /opt/airflow/dags/espn_pipeline.py took 0.147 seconds
[2022-11-07T22:10:22.702+0000] {processor.py:156} INFO - Started process (PID=1283) to work on /opt/airflow/dags/espn_pipeline.py
[2022-11-07T22:10:22.704+0000] {processor.py:758} INFO - Processing file /opt/airflow/dags/espn_pipeline.py for tasks to queue
[2022-11-07T22:10:22.705+0000] {logging_mixin.py:117} INFO - [2022-11-07T22:10:22.705+0000] {dagbag.py:525} INFO - Filling up the DagBag from /opt/airflow/dags/espn_pipeline.py
[2022-11-07T22:10:22.780+0000] {processor.py:768} INFO - DAG(s) dict_keys(['espn_pipeline']) retrieved from /opt/airflow/dags/espn_pipeline.py
[2022-11-07T22:10:22.810+0000] {logging_mixin.py:117} INFO - [2022-11-07T22:10:22.810+0000] {dag.py:2573} INFO - Sync 1 DAGs
[2022-11-07T22:10:22.830+0000] {logging_mixin.py:117} INFO - [2022-11-07T22:10:22.830+0000] {dag.py:3328} INFO - Setting next_dagrun for espn_pipeline to 2022-08-07T00:00:00+00:00, run_after=2022-08-14T00:00:00+00:00
[2022-11-07T22:10:22.843+0000] {processor.py:178} INFO - Processing /opt/airflow/dags/espn_pipeline.py took 0.147 seconds
[2022-11-07T22:10:53.013+0000] {processor.py:156} INFO - Started process (PID=1348) to work on /opt/airflow/dags/espn_pipeline.py
[2022-11-07T22:10:53.015+0000] {processor.py:758} INFO - Processing file /opt/airflow/dags/espn_pipeline.py for tasks to queue
[2022-11-07T22:10:53.016+0000] {logging_mixin.py:117} INFO - [2022-11-07T22:10:53.016+0000] {dagbag.py:525} INFO - Filling up the DagBag from /opt/airflow/dags/espn_pipeline.py
[2022-11-07T22:10:53.079+0000] {processor.py:768} INFO - DAG(s) dict_keys(['espn_pipeline']) retrieved from /opt/airflow/dags/espn_pipeline.py
[2022-11-07T22:10:53.106+0000] {logging_mixin.py:117} INFO - [2022-11-07T22:10:53.106+0000] {dag.py:2573} INFO - Sync 1 DAGs
[2022-11-07T22:10:53.119+0000] {logging_mixin.py:117} INFO - [2022-11-07T22:10:53.119+0000] {dag.py:3328} INFO - Setting next_dagrun for espn_pipeline to 2022-08-07T00:00:00+00:00, run_after=2022-08-14T00:00:00+00:00
[2022-11-07T22:10:53.131+0000] {processor.py:178} INFO - Processing /opt/airflow/dags/espn_pipeline.py took 0.122 seconds
[2022-11-07T22:11:23.203+0000] {processor.py:156} INFO - Started process (PID=1414) to work on /opt/airflow/dags/espn_pipeline.py
[2022-11-07T22:11:23.205+0000] {processor.py:758} INFO - Processing file /opt/airflow/dags/espn_pipeline.py for tasks to queue
[2022-11-07T22:11:23.206+0000] {logging_mixin.py:117} INFO - [2022-11-07T22:11:23.206+0000] {dagbag.py:525} INFO - Filling up the DagBag from /opt/airflow/dags/espn_pipeline.py
[2022-11-07T22:11:23.290+0000] {processor.py:768} INFO - DAG(s) dict_keys(['espn_pipeline']) retrieved from /opt/airflow/dags/espn_pipeline.py
[2022-11-07T22:11:23.317+0000] {logging_mixin.py:117} INFO - [2022-11-07T22:11:23.317+0000] {dag.py:2573} INFO - Sync 1 DAGs
[2022-11-07T22:11:23.337+0000] {logging_mixin.py:117} INFO - [2022-11-07T22:11:23.337+0000] {dag.py:3328} INFO - Setting next_dagrun for espn_pipeline to 2022-08-07T00:00:00+00:00, run_after=2022-08-14T00:00:00+00:00
[2022-11-07T22:11:23.358+0000] {processor.py:178} INFO - Processing /opt/airflow/dags/espn_pipeline.py took 0.159 seconds
[2022-11-07T22:11:53.439+0000] {processor.py:156} INFO - Started process (PID=1477) to work on /opt/airflow/dags/espn_pipeline.py
[2022-11-07T22:11:53.444+0000] {processor.py:758} INFO - Processing file /opt/airflow/dags/espn_pipeline.py for tasks to queue
[2022-11-07T22:11:53.447+0000] {logging_mixin.py:117} INFO - [2022-11-07T22:11:53.447+0000] {dagbag.py:525} INFO - Filling up the DagBag from /opt/airflow/dags/espn_pipeline.py
[2022-11-07T22:11:53.556+0000] {processor.py:768} INFO - DAG(s) dict_keys(['espn_pipeline']) retrieved from /opt/airflow/dags/espn_pipeline.py
[2022-11-07T22:11:53.604+0000] {logging_mixin.py:117} INFO - [2022-11-07T22:11:53.604+0000] {dag.py:2573} INFO - Sync 1 DAGs
[2022-11-07T22:11:53.634+0000] {logging_mixin.py:117} INFO - [2022-11-07T22:11:53.634+0000] {dag.py:3328} INFO - Setting next_dagrun for espn_pipeline to 2022-08-07T00:00:00+00:00, run_after=2022-08-14T00:00:00+00:00
[2022-11-07T22:11:53.650+0000] {processor.py:178} INFO - Processing /opt/airflow/dags/espn_pipeline.py took 0.221 seconds
[2022-11-07T22:12:24.019+0000] {processor.py:156} INFO - Started process (PID=1532) to work on /opt/airflow/dags/espn_pipeline.py
[2022-11-07T22:12:24.022+0000] {processor.py:758} INFO - Processing file /opt/airflow/dags/espn_pipeline.py for tasks to queue
[2022-11-07T22:12:24.023+0000] {logging_mixin.py:117} INFO - [2022-11-07T22:12:24.023+0000] {dagbag.py:525} INFO - Filling up the DagBag from /opt/airflow/dags/espn_pipeline.py
[2022-11-07T22:12:24.101+0000] {processor.py:768} INFO - DAG(s) dict_keys(['espn_pipeline']) retrieved from /opt/airflow/dags/espn_pipeline.py
[2022-11-07T22:12:24.131+0000] {logging_mixin.py:117} INFO - [2022-11-07T22:12:24.131+0000] {dag.py:2573} INFO - Sync 1 DAGs
[2022-11-07T22:12:24.149+0000] {logging_mixin.py:117} INFO - [2022-11-07T22:12:24.149+0000] {dag.py:3328} INFO - Setting next_dagrun for espn_pipeline to 2022-08-07T00:00:00+00:00, run_after=2022-08-14T00:00:00+00:00
[2022-11-07T22:12:24.160+0000] {processor.py:178} INFO - Processing /opt/airflow/dags/espn_pipeline.py took 0.148 seconds
[2022-11-07T22:12:54.518+0000] {processor.py:156} INFO - Started process (PID=1596) to work on /opt/airflow/dags/espn_pipeline.py
[2022-11-07T22:12:54.520+0000] {processor.py:758} INFO - Processing file /opt/airflow/dags/espn_pipeline.py for tasks to queue
[2022-11-07T22:12:54.523+0000] {logging_mixin.py:117} INFO - [2022-11-07T22:12:54.523+0000] {dagbag.py:525} INFO - Filling up the DagBag from /opt/airflow/dags/espn_pipeline.py
[2022-11-07T22:12:54.623+0000] {processor.py:768} INFO - DAG(s) dict_keys(['espn_pipeline']) retrieved from /opt/airflow/dags/espn_pipeline.py
[2022-11-07T22:12:54.656+0000] {logging_mixin.py:117} INFO - [2022-11-07T22:12:54.656+0000] {dag.py:2573} INFO - Sync 1 DAGs
[2022-11-07T22:12:54.671+0000] {logging_mixin.py:117} INFO - [2022-11-07T22:12:54.671+0000] {dag.py:3328} INFO - Setting next_dagrun for espn_pipeline to 2022-08-07T00:00:00+00:00, run_after=2022-08-14T00:00:00+00:00
[2022-11-07T22:12:54.683+0000] {processor.py:178} INFO - Processing /opt/airflow/dags/espn_pipeline.py took 0.170 seconds
[2022-11-07T22:13:25.004+0000] {processor.py:156} INFO - Started process (PID=1661) to work on /opt/airflow/dags/espn_pipeline.py
[2022-11-07T22:13:25.006+0000] {processor.py:758} INFO - Processing file /opt/airflow/dags/espn_pipeline.py for tasks to queue
[2022-11-07T22:13:25.007+0000] {logging_mixin.py:117} INFO - [2022-11-07T22:13:25.007+0000] {dagbag.py:525} INFO - Filling up the DagBag from /opt/airflow/dags/espn_pipeline.py
[2022-11-07T22:13:25.069+0000] {processor.py:768} INFO - DAG(s) dict_keys(['espn_pipeline']) retrieved from /opt/airflow/dags/espn_pipeline.py
[2022-11-07T22:13:25.096+0000] {logging_mixin.py:117} INFO - [2022-11-07T22:13:25.096+0000] {dag.py:2573} INFO - Sync 1 DAGs
[2022-11-07T22:13:25.112+0000] {logging_mixin.py:117} INFO - [2022-11-07T22:13:25.112+0000] {dag.py:3328} INFO - Setting next_dagrun for espn_pipeline to 2022-08-07T00:00:00+00:00, run_after=2022-08-14T00:00:00+00:00
[2022-11-07T22:13:25.123+0000] {processor.py:178} INFO - Processing /opt/airflow/dags/espn_pipeline.py took 0.123 seconds
[2022-11-07T22:13:55.293+0000] {processor.py:156} INFO - Started process (PID=1726) to work on /opt/airflow/dags/espn_pipeline.py
[2022-11-07T22:13:55.296+0000] {processor.py:758} INFO - Processing file /opt/airflow/dags/espn_pipeline.py for tasks to queue
[2022-11-07T22:13:55.297+0000] {logging_mixin.py:117} INFO - [2022-11-07T22:13:55.297+0000] {dagbag.py:525} INFO - Filling up the DagBag from /opt/airflow/dags/espn_pipeline.py
[2022-11-07T22:13:55.373+0000] {processor.py:768} INFO - DAG(s) dict_keys(['espn_pipeline']) retrieved from /opt/airflow/dags/espn_pipeline.py
[2022-11-07T22:13:55.399+0000] {logging_mixin.py:117} INFO - [2022-11-07T22:13:55.399+0000] {dag.py:2573} INFO - Sync 1 DAGs
[2022-11-07T22:13:55.417+0000] {logging_mixin.py:117} INFO - [2022-11-07T22:13:55.417+0000] {dag.py:3328} INFO - Setting next_dagrun for espn_pipeline to 2022-08-07T00:00:00+00:00, run_after=2022-08-14T00:00:00+00:00
[2022-11-07T22:13:55.427+0000] {processor.py:178} INFO - Processing /opt/airflow/dags/espn_pipeline.py took 0.138 seconds
[2022-11-07T22:14:26.446+0000] {processor.py:156} INFO - Started process (PID=1790) to work on /opt/airflow/dags/espn_pipeline.py
[2022-11-07T22:14:26.448+0000] {processor.py:758} INFO - Processing file /opt/airflow/dags/espn_pipeline.py for tasks to queue
[2022-11-07T22:14:26.450+0000] {logging_mixin.py:117} INFO - [2022-11-07T22:14:26.450+0000] {dagbag.py:525} INFO - Filling up the DagBag from /opt/airflow/dags/espn_pipeline.py
[2022-11-07T22:14:26.536+0000] {processor.py:768} INFO - DAG(s) dict_keys(['espn_pipeline']) retrieved from /opt/airflow/dags/espn_pipeline.py
[2022-11-07T22:14:26.564+0000] {logging_mixin.py:117} INFO - [2022-11-07T22:14:26.563+0000] {dag.py:2573} INFO - Sync 1 DAGs
[2022-11-07T22:14:26.580+0000] {logging_mixin.py:117} INFO - [2022-11-07T22:14:26.580+0000] {dag.py:3328} INFO - Setting next_dagrun for espn_pipeline to 2022-08-07T00:00:00+00:00, run_after=2022-08-14T00:00:00+00:00
[2022-11-07T22:14:26.593+0000] {processor.py:178} INFO - Processing /opt/airflow/dags/espn_pipeline.py took 0.151 seconds
[2022-11-07T22:14:56.842+0000] {processor.py:156} INFO - Started process (PID=1846) to work on /opt/airflow/dags/espn_pipeline.py
[2022-11-07T22:14:56.844+0000] {processor.py:758} INFO - Processing file /opt/airflow/dags/espn_pipeline.py for tasks to queue
[2022-11-07T22:14:56.846+0000] {logging_mixin.py:117} INFO - [2022-11-07T22:14:56.846+0000] {dagbag.py:525} INFO - Filling up the DagBag from /opt/airflow/dags/espn_pipeline.py
[2022-11-07T22:14:56.913+0000] {processor.py:768} INFO - DAG(s) dict_keys(['espn_pipeline']) retrieved from /opt/airflow/dags/espn_pipeline.py
[2022-11-07T22:14:56.943+0000] {logging_mixin.py:117} INFO - [2022-11-07T22:14:56.943+0000] {dag.py:2573} INFO - Sync 1 DAGs
[2022-11-07T22:14:56.969+0000] {logging_mixin.py:117} INFO - [2022-11-07T22:14:56.969+0000] {dag.py:3328} INFO - Setting next_dagrun for espn_pipeline to 2022-08-07T00:00:00+00:00, run_after=2022-08-14T00:00:00+00:00
[2022-11-07T22:14:56.979+0000] {processor.py:178} INFO - Processing /opt/airflow/dags/espn_pipeline.py took 0.140 seconds
[2022-11-07T22:15:27.550+0000] {processor.py:156} INFO - Started process (PID=1910) to work on /opt/airflow/dags/espn_pipeline.py
[2022-11-07T22:15:27.554+0000] {processor.py:758} INFO - Processing file /opt/airflow/dags/espn_pipeline.py for tasks to queue
[2022-11-07T22:15:27.557+0000] {logging_mixin.py:117} INFO - [2022-11-07T22:15:27.557+0000] {dagbag.py:525} INFO - Filling up the DagBag from /opt/airflow/dags/espn_pipeline.py
[2022-11-07T22:15:27.628+0000] {processor.py:768} INFO - DAG(s) dict_keys(['espn_pipeline']) retrieved from /opt/airflow/dags/espn_pipeline.py
[2022-11-07T22:15:27.656+0000] {logging_mixin.py:117} INFO - [2022-11-07T22:15:27.656+0000] {dag.py:2573} INFO - Sync 1 DAGs
[2022-11-07T22:15:27.670+0000] {logging_mixin.py:117} INFO - [2022-11-07T22:15:27.669+0000] {dag.py:3328} INFO - Setting next_dagrun for espn_pipeline to 2022-08-07T00:00:00+00:00, run_after=2022-08-14T00:00:00+00:00
[2022-11-07T22:15:27.682+0000] {processor.py:178} INFO - Processing /opt/airflow/dags/espn_pipeline.py took 0.136 seconds
[2022-11-07T22:15:58.704+0000] {processor.py:156} INFO - Started process (PID=1974) to work on /opt/airflow/dags/espn_pipeline.py
[2022-11-07T22:15:58.706+0000] {processor.py:758} INFO - Processing file /opt/airflow/dags/espn_pipeline.py for tasks to queue
[2022-11-07T22:15:58.707+0000] {logging_mixin.py:117} INFO - [2022-11-07T22:15:58.707+0000] {dagbag.py:525} INFO - Filling up the DagBag from /opt/airflow/dags/espn_pipeline.py
[2022-11-07T22:15:58.799+0000] {processor.py:768} INFO - DAG(s) dict_keys(['espn_pipeline']) retrieved from /opt/airflow/dags/espn_pipeline.py
[2022-11-07T22:15:58.832+0000] {logging_mixin.py:117} INFO - [2022-11-07T22:15:58.832+0000] {dag.py:2573} INFO - Sync 1 DAGs
[2022-11-07T22:15:58.851+0000] {logging_mixin.py:117} INFO - [2022-11-07T22:15:58.851+0000] {dag.py:3328} INFO - Setting next_dagrun for espn_pipeline to 2022-08-07T00:00:00+00:00, run_after=2022-08-14T00:00:00+00:00
[2022-11-07T22:15:58.864+0000] {processor.py:178} INFO - Processing /opt/airflow/dags/espn_pipeline.py took 0.168 seconds
[2022-11-07T22:16:29.072+0000] {processor.py:156} INFO - Started process (PID=2038) to work on /opt/airflow/dags/espn_pipeline.py
[2022-11-07T22:16:29.074+0000] {processor.py:758} INFO - Processing file /opt/airflow/dags/espn_pipeline.py for tasks to queue
[2022-11-07T22:16:29.076+0000] {logging_mixin.py:117} INFO - [2022-11-07T22:16:29.076+0000] {dagbag.py:525} INFO - Filling up the DagBag from /opt/airflow/dags/espn_pipeline.py
[2022-11-07T22:16:29.155+0000] {processor.py:768} INFO - DAG(s) dict_keys(['espn_pipeline']) retrieved from /opt/airflow/dags/espn_pipeline.py
[2022-11-07T22:16:29.182+0000] {logging_mixin.py:117} INFO - [2022-11-07T22:16:29.181+0000] {dag.py:2573} INFO - Sync 1 DAGs
[2022-11-07T22:16:29.197+0000] {logging_mixin.py:117} INFO - [2022-11-07T22:16:29.197+0000] {dag.py:3328} INFO - Setting next_dagrun for espn_pipeline to 2022-08-07T00:00:00+00:00, run_after=2022-08-14T00:00:00+00:00
[2022-11-07T22:16:29.208+0000] {processor.py:178} INFO - Processing /opt/airflow/dags/espn_pipeline.py took 0.141 seconds
[2022-11-07T22:16:59.305+0000] {processor.py:156} INFO - Started process (PID=2101) to work on /opt/airflow/dags/espn_pipeline.py
[2022-11-07T22:16:59.308+0000] {processor.py:758} INFO - Processing file /opt/airflow/dags/espn_pipeline.py for tasks to queue
[2022-11-07T22:16:59.316+0000] {logging_mixin.py:117} INFO - [2022-11-07T22:16:59.316+0000] {dagbag.py:525} INFO - Filling up the DagBag from /opt/airflow/dags/espn_pipeline.py
[2022-11-07T22:16:59.400+0000] {processor.py:768} INFO - DAG(s) dict_keys(['espn_pipeline']) retrieved from /opt/airflow/dags/espn_pipeline.py
[2022-11-07T22:16:59.427+0000] {logging_mixin.py:117} INFO - [2022-11-07T22:16:59.427+0000] {dag.py:2573} INFO - Sync 1 DAGs
[2022-11-07T22:16:59.442+0000] {logging_mixin.py:117} INFO - [2022-11-07T22:16:59.441+0000] {dag.py:3328} INFO - Setting next_dagrun for espn_pipeline to 2022-08-07T00:00:00+00:00, run_after=2022-08-14T00:00:00+00:00
[2022-11-07T22:16:59.452+0000] {processor.py:178} INFO - Processing /opt/airflow/dags/espn_pipeline.py took 0.151 seconds
[2022-11-07T22:17:29.656+0000] {processor.py:156} INFO - Started process (PID=2156) to work on /opt/airflow/dags/espn_pipeline.py
[2022-11-07T22:17:29.658+0000] {processor.py:758} INFO - Processing file /opt/airflow/dags/espn_pipeline.py for tasks to queue
[2022-11-07T22:17:29.660+0000] {logging_mixin.py:117} INFO - [2022-11-07T22:17:29.660+0000] {dagbag.py:525} INFO - Filling up the DagBag from /opt/airflow/dags/espn_pipeline.py
[2022-11-07T22:17:29.745+0000] {processor.py:768} INFO - DAG(s) dict_keys(['espn_pipeline']) retrieved from /opt/airflow/dags/espn_pipeline.py
[2022-11-07T22:17:29.777+0000] {logging_mixin.py:117} INFO - [2022-11-07T22:17:29.777+0000] {dag.py:2573} INFO - Sync 1 DAGs
[2022-11-07T22:17:29.795+0000] {logging_mixin.py:117} INFO - [2022-11-07T22:17:29.795+0000] {dag.py:3328} INFO - Setting next_dagrun for espn_pipeline to 2022-08-07T00:00:00+00:00, run_after=2022-08-14T00:00:00+00:00
[2022-11-07T22:17:29.806+0000] {processor.py:178} INFO - Processing /opt/airflow/dags/espn_pipeline.py took 0.155 seconds
[2022-11-07T22:18:00.760+0000] {processor.py:156} INFO - Started process (PID=2221) to work on /opt/airflow/dags/espn_pipeline.py
[2022-11-07T22:18:00.761+0000] {processor.py:758} INFO - Processing file /opt/airflow/dags/espn_pipeline.py for tasks to queue
[2022-11-07T22:18:00.763+0000] {logging_mixin.py:117} INFO - [2022-11-07T22:18:00.763+0000] {dagbag.py:525} INFO - Filling up the DagBag from /opt/airflow/dags/espn_pipeline.py
[2022-11-07T22:18:00.841+0000] {processor.py:768} INFO - DAG(s) dict_keys(['espn_pipeline']) retrieved from /opt/airflow/dags/espn_pipeline.py
[2022-11-07T22:18:00.873+0000] {logging_mixin.py:117} INFO - [2022-11-07T22:18:00.872+0000] {dag.py:2573} INFO - Sync 1 DAGs
[2022-11-07T22:18:00.889+0000] {logging_mixin.py:117} INFO - [2022-11-07T22:18:00.889+0000] {dag.py:3328} INFO - Setting next_dagrun for espn_pipeline to 2022-08-07T00:00:00+00:00, run_after=2022-08-14T00:00:00+00:00
[2022-11-07T22:18:00.903+0000] {processor.py:178} INFO - Processing /opt/airflow/dags/espn_pipeline.py took 0.145 seconds
[2022-11-07T22:18:31.912+0000] {processor.py:156} INFO - Started process (PID=2284) to work on /opt/airflow/dags/espn_pipeline.py
[2022-11-07T22:18:31.914+0000] {processor.py:758} INFO - Processing file /opt/airflow/dags/espn_pipeline.py for tasks to queue
[2022-11-07T22:18:31.915+0000] {logging_mixin.py:117} INFO - [2022-11-07T22:18:31.915+0000] {dagbag.py:525} INFO - Filling up the DagBag from /opt/airflow/dags/espn_pipeline.py
[2022-11-07T22:18:31.991+0000] {processor.py:768} INFO - DAG(s) dict_keys(['espn_pipeline']) retrieved from /opt/airflow/dags/espn_pipeline.py
[2022-11-07T22:18:32.021+0000] {logging_mixin.py:117} INFO - [2022-11-07T22:18:32.021+0000] {dag.py:2573} INFO - Sync 1 DAGs
[2022-11-07T22:18:32.042+0000] {logging_mixin.py:117} INFO - [2022-11-07T22:18:32.041+0000] {dag.py:3328} INFO - Setting next_dagrun for espn_pipeline to 2022-08-07T00:00:00+00:00, run_after=2022-08-14T00:00:00+00:00
[2022-11-07T22:18:32.052+0000] {processor.py:178} INFO - Processing /opt/airflow/dags/espn_pipeline.py took 0.144 seconds
[2022-11-07T22:19:02.179+0000] {processor.py:156} INFO - Started process (PID=2348) to work on /opt/airflow/dags/espn_pipeline.py
[2022-11-07T22:19:02.182+0000] {processor.py:758} INFO - Processing file /opt/airflow/dags/espn_pipeline.py for tasks to queue
[2022-11-07T22:19:02.183+0000] {logging_mixin.py:117} INFO - [2022-11-07T22:19:02.183+0000] {dagbag.py:525} INFO - Filling up the DagBag from /opt/airflow/dags/espn_pipeline.py
[2022-11-07T22:19:02.255+0000] {processor.py:768} INFO - DAG(s) dict_keys(['espn_pipeline']) retrieved from /opt/airflow/dags/espn_pipeline.py
[2022-11-07T22:19:02.280+0000] {logging_mixin.py:117} INFO - [2022-11-07T22:19:02.280+0000] {dag.py:2573} INFO - Sync 1 DAGs
[2022-11-07T22:19:02.295+0000] {logging_mixin.py:117} INFO - [2022-11-07T22:19:02.295+0000] {dag.py:3328} INFO - Setting next_dagrun for espn_pipeline to 2022-08-07T00:00:00+00:00, run_after=2022-08-14T00:00:00+00:00
[2022-11-07T22:19:02.306+0000] {processor.py:178} INFO - Processing /opt/airflow/dags/espn_pipeline.py took 0.130 seconds
[2022-11-07T22:19:32.516+0000] {processor.py:156} INFO - Started process (PID=2411) to work on /opt/airflow/dags/espn_pipeline.py
[2022-11-07T22:19:32.518+0000] {processor.py:758} INFO - Processing file /opt/airflow/dags/espn_pipeline.py for tasks to queue
[2022-11-07T22:19:32.520+0000] {logging_mixin.py:117} INFO - [2022-11-07T22:19:32.520+0000] {dagbag.py:525} INFO - Filling up the DagBag from /opt/airflow/dags/espn_pipeline.py
[2022-11-07T22:19:32.639+0000] {processor.py:768} INFO - DAG(s) dict_keys(['espn_pipeline']) retrieved from /opt/airflow/dags/espn_pipeline.py
[2022-11-07T22:19:32.679+0000] {logging_mixin.py:117} INFO - [2022-11-07T22:19:32.679+0000] {dag.py:2573} INFO - Sync 1 DAGs
[2022-11-07T22:19:32.694+0000] {logging_mixin.py:117} INFO - [2022-11-07T22:19:32.694+0000] {dag.py:3328} INFO - Setting next_dagrun for espn_pipeline to 2022-08-07T00:00:00+00:00, run_after=2022-08-14T00:00:00+00:00
[2022-11-07T22:19:32.706+0000] {processor.py:178} INFO - Processing /opt/airflow/dags/espn_pipeline.py took 0.195 seconds
[2022-11-07T22:20:03.009+0000] {processor.py:156} INFO - Started process (PID=2475) to work on /opt/airflow/dags/espn_pipeline.py
[2022-11-07T22:20:03.011+0000] {processor.py:758} INFO - Processing file /opt/airflow/dags/espn_pipeline.py for tasks to queue
[2022-11-07T22:20:03.017+0000] {logging_mixin.py:117} INFO - [2022-11-07T22:20:03.016+0000] {dagbag.py:525} INFO - Filling up the DagBag from /opt/airflow/dags/espn_pipeline.py
[2022-11-07T22:20:03.217+0000] {processor.py:768} INFO - DAG(s) dict_keys(['espn_pipeline']) retrieved from /opt/airflow/dags/espn_pipeline.py
[2022-11-07T22:20:03.267+0000] {logging_mixin.py:117} INFO - [2022-11-07T22:20:03.267+0000] {dag.py:2573} INFO - Sync 1 DAGs
[2022-11-07T22:20:03.292+0000] {logging_mixin.py:117} INFO - [2022-11-07T22:20:03.292+0000] {dag.py:3328} INFO - Setting next_dagrun for espn_pipeline to 2022-08-07T00:00:00+00:00, run_after=2022-08-14T00:00:00+00:00
[2022-11-07T22:20:03.311+0000] {processor.py:178} INFO - Processing /opt/airflow/dags/espn_pipeline.py took 0.306 seconds
[2022-11-07T22:36:47.964+0000] {processor.py:156} INFO - Started process (PID=2521) to work on /opt/airflow/dags/espn_pipeline.py
[2022-11-07T22:36:47.973+0000] {processor.py:758} INFO - Processing file /opt/airflow/dags/espn_pipeline.py for tasks to queue
[2022-11-07T22:36:47.977+0000] {logging_mixin.py:117} INFO - [2022-11-07T22:36:47.977+0000] {dagbag.py:525} INFO - Filling up the DagBag from /opt/airflow/dags/espn_pipeline.py
[2022-11-07T22:36:48.165+0000] {processor.py:768} INFO - DAG(s) dict_keys(['espn_pipeline']) retrieved from /opt/airflow/dags/espn_pipeline.py
[2022-11-07T22:36:48.286+0000] {logging_mixin.py:117} INFO - [2022-11-07T22:36:48.286+0000] {dag.py:2573} INFO - Sync 1 DAGs
[2022-11-07T22:36:48.330+0000] {logging_mixin.py:117} INFO - [2022-11-07T22:36:48.330+0000] {dag.py:3328} INFO - Setting next_dagrun for espn_pipeline to 2022-08-07T00:00:00+00:00, run_after=2022-08-14T00:00:00+00:00
[2022-11-07T22:36:48.356+0000] {processor.py:178} INFO - Processing /opt/airflow/dags/espn_pipeline.py took 0.397 seconds
[2022-11-07T23:56:23.843+0000] {processor.py:156} INFO - Started process (PID=2575) to work on /opt/airflow/dags/espn_pipeline.py
[2022-11-07T23:56:23.848+0000] {processor.py:758} INFO - Processing file /opt/airflow/dags/espn_pipeline.py for tasks to queue
[2022-11-07T23:56:23.850+0000] {logging_mixin.py:117} INFO - [2022-11-07T23:56:23.848+0000] {dagbag.py:525} INFO - Filling up the DagBag from /opt/airflow/dags/espn_pipeline.py
[2022-11-07T23:56:24.113+0000] {processor.py:768} INFO - DAG(s) dict_keys(['espn_pipeline']) retrieved from /opt/airflow/dags/espn_pipeline.py
[2022-11-07T23:56:24.270+0000] {logging_mixin.py:117} INFO - [2022-11-07T23:56:24.270+0000] {dag.py:2573} INFO - Sync 1 DAGs
[2022-11-07T23:56:24.434+0000] {logging_mixin.py:117} INFO - [2022-11-07T23:56:24.434+0000] {dag.py:3328} INFO - Setting next_dagrun for espn_pipeline to 2022-08-07T00:00:00+00:00, run_after=2022-08-14T00:00:00+00:00
[2022-11-07T23:56:24.488+0000] {processor.py:178} INFO - Processing /opt/airflow/dags/espn_pipeline.py took 0.651 seconds
